<?xml version="1.0" encoding="UTF-8"?>
<testsuite xmlns:xsi="http://www.w3.org/2001/XMLSchema-instance" xsi:noNamespaceSchemaLocation="https://maven.apache.org/surefire/maven-surefire-plugin/xsd/surefire-test-report.xsd" name="TestSuite" time="758.101" tests="47" errors="0" skipped="0" failures="4">
  <properties>
    <property name="java.vendor" value="Oracle Corporation"/>
    <property name="JOB_NAME" value="JusDoneNewVersion"/>
    <property name="sun.java.launcher" value="SUN_STANDARD"/>
    <property name="NUMBER_OF_PROCESSORS" value="8"/>
    <property name="sun.management.compiler" value="HotSpot 64-Bit Tiered Compilers"/>
    <property name="JENKINS_HOME" value="C:\Users\venka\.jenkins"/>
    <property name="FPS_BROWSER_USER_PROFILE_STRING" value="Default"/>
    <property name="HUDSON_SERVER_COOKIE" value="6cf79ff68bd9f4e0"/>
    <property name="POM_ARTIFACTID" value="JusDone_App"/>
    <property name="os.name" value="Windows 10"/>
    <property name="RegionCode" value="NA"/>
    <property name="sun.boot.class.path" value="C:\Program Files\Java\jdk1.8.0_151\jre\lib\resources.jar;C:\Program Files\Java\jdk1.8.0_151\jre\lib\rt.jar;C:\Program Files\Java\jdk1.8.0_151\jre\lib\sunrsasign.jar;C:\Program Files\Java\jdk1.8.0_151\jre\lib\jsse.jar;C:\Program Files\Java\jdk1.8.0_151\jre\lib\jce.jar;C:\Program Files\Java\jdk1.8.0_151\jre\lib\charsets.jar;C:\Program Files\Java\jdk1.8.0_151\jre\lib\jfr.jar;C:\Program Files\Java\jdk1.8.0_151\jre\classes"/>
    <property name="EXECUTOR_NUMBER" value="1"/>
    <property name="sun.desktop" value="windows"/>
    <property name="PATHEXT" value=".COM;.EXE;.BAT;.CMD;.VBS;.VBE;.JS;.JSE;.WSF;.WSH;.MSC"/>
    <property name="java.vm.specification.vendor" value="Oracle Corporation"/>
    <property name="POM_DISPLAYNAME" value="JusDone_App"/>
    <property name="NODE_LABELS" value="master"/>
    <property name="TEMP" value="C:\Users\venka\AppData\Local\Temp"/>
    <property name="java.runtime.version" value="1.8.0_151-b12"/>
    <property name="FPS_BROWSER_APP_PROFILE_STRING" value="Internet Explorer"/>
    <property name="user.name" value="venka"/>
    <property name="guice.disable.misplaced.annotation.check" value="true"/>
    <property name="CommonProgramW6432" value="C:\Program Files\Common Files"/>
    <property name="ProgramFiles" value="C:\Program Files"/>
    <property name="OnlineServices" value="Online Services"/>
    <property name="PROMPT" value="$P$G"/>
    <property name="user.language" value="en"/>
    <property name="JOB_BASE_NAME" value="JusDoneNewVersion"/>
    <property name="RUN_CHANGES_DISPLAY_URL" value="http://localhost:8080/job/JusDoneNewVersion/11/display/redirect?page=changes"/>
    <property name="BUILD_DISPLAY_NAME" value="#11"/>
    <property name="OneDrive" value="C:\Users\venka\OneDrive"/>
    <property name="sun.boot.library.path" value="C:\Program Files\Java\jdk1.8.0_151\jre\bin"/>
    <property name="LOCALAPPDATA" value="C:\Users\venka\AppData\Local"/>
    <property name="java.version" value="1.8.0_151"/>
    <property name="PROCESSOR_LEVEL" value="6"/>
    <property name="user.timezone" value="America/Chicago"/>
    <property name="USERNAME" value="venka"/>
    <property name="sun.arch.data.model" value="64"/>
    <property name="NODE_NAME" value="master"/>
    <property name="java.endorsed.dirs" value="C:\Program Files\Java\jdk1.8.0_151\jre\lib\endorsed"/>
    <property name="BUILD_ID" value="11"/>
    <property name="sun.cpu.isalist" value="amd64"/>
    <property name="sun.jnu.encoding" value="Cp1252"/>
    <property name="file.encoding.pkg" value="sun.io"/>
    <property name="file.separator" value="\"/>
    <property name="java.specification.name" value="Java Platform API Specification"/>
    <property name="HOMEDRIVE" value="C:"/>
    <property name="maven.conf" value="C:\Users\venka\.jenkins\tools\hudson.tasks.Maven_MavenInstallation\Maven_Test\conf"/>
    <property name="java.class.version" value="52.0"/>
    <property name="=::" value="::\"/>
    <property name="org.slf4j.simpleLogger.defaultLogLevel" value="info"/>
    <property name="user.country" value="US"/>
    <property name="ALLUSERSPROFILE" value="C:\ProgramData"/>
    <property name="java.home" value="C:\Program Files\Java\jdk1.8.0_151\jre"/>
    <property name="java.vm.info" value="mixed mode"/>
    <property name="os.version" value="10.0"/>
    <property name="platformcode" value="KV"/>
    <property name="RUN_DISPLAY_URL" value="http://localhost:8080/job/JusDoneNewVersion/11/display/redirect"/>
    <property name="POM_VERSION" value="0.0.1-SNAPSHOT"/>
    <property name="TMP" value="C:\Users\venka\AppData\Local\Temp"/>
    <property name="path.separator" value=";"/>
    <property name="java.vm.version" value="25.151-b12"/>
    <property name="user.variant" value=""/>
    <property name="JOB_DISPLAY_URL" value="http://localhost:8080/job/JusDoneNewVersion/display/redirect"/>
    <property name="CommonProgramFiles(x86)" value="C:\Program Files (x86)\Common Files"/>
    <property name="USERDOMAIN_ROAMINGPROFILE" value="NALLANS-NEWPC"/>
    <property name="java.awt.printerjob" value="sun.awt.windows.WPrinterJob"/>
    <property name="JAVA_HOME" value="C:\Program Files\Java\jdk1.8.0_151"/>
    <property name="sun.io.unicode.encoding" value="UnicodeLittle"/>
    <property name="CommonProgramFiles" value="C:\Program Files\Common Files"/>
    <property name="ComSpec" value="C:\WINDOWS\system32\cmd.exe"/>
    <property name="awt.toolkit" value="sun.awt.windows.WToolkit"/>
    <property name="HOMEPATH" value="\Users\venka"/>
    <property name="POM_PACKAGING" value="jar"/>
    <property name="user.script" value=""/>
    <property name="COMPUTERNAME" value="NALLANS-NEWPC"/>
    <property name="POM_GROUPID" value="JusDone_Application"/>
    <property name="VBOX_MSI_INSTALL_PATH" value="C:\Program Files\Oracle\VirtualBox\"/>
    <property name="user.home" value="C:\Users\venka"/>
    <property name="PUBLIC" value="C:\Users\Public"/>
    <property name="BUILD_TAG" value="jenkins-JusDoneNewVersion-11"/>
    <property name="JENKINS_SERVER_COOKIE" value="6cf79ff68bd9f4e0"/>
    <property name="HUDSON_URL" value="http://localhost:8080/"/>
    <property name="ProgramData" value="C:\ProgramData"/>
    <property name="java.specification.vendor" value="Oracle Corporation"/>
    <property name="USERPROFILE" value="C:\Users\venka"/>
    <property name="CLASSPATH" value=""/>
    <property name="java.vendor.url" value="http://java.oracle.com/"/>
    <property name="java.library.path" value="C:\Program Files\Java\jdk1.8.0_151\bin;C:\WINDOWS\Sun\Java\bin;C:\WINDOWS\system32;C:\WINDOWS;C:\Users\venka\.jenkins\tools\hudson.tasks.Maven_MavenInstallation\Maven_Test/bin;C:\Program Files (x86)\Intel\iCLS Client\;C:\Program Files\Intel\iCLS Client\;C:\Program Files\Java\jdk1.8.0_151\bin;C:\windows\system32;C:\windows;C:\windows\System32\Wbem;C:\windows\System32\WindowsPowerShell\v1.0\;C:\Program Files (x86)\Intel\Intel(R) Management Engine Components\DAL;C:\Program Files\Intel\Intel(R) Management Engine Components\DAL;C:\Program Files (x86)\Intel\Intel(R) Management Engine Components\IPT;C:\Program Files\Intel\Intel(R) Management Engine Components\IPT;C:\Program Files (x86)\NVIDIA Corporation\PhysX\Common;C:\WINDOWS\system32;C:\WINDOWS;C:\WINDOWS\System32\Wbem;C:\WINDOWS\System32\WindowsPowerShell\v1.0\;C:\Program Files\MySQL\MySQL Utilities 1.6\;C:\Selenium Jar Files\apache-maven-3.5.2\bin;C:\Python27;C:\Python27\Scripts;C:\Program Files\Git\cmd;C:\Program Files\PuTTY\;C:\Users\venka\AppData\Local\Microsoft\WindowsApps;;."/>
    <property name="java.vm.vendor" value="Oracle Corporation"/>
    <property name="APPDATA" value="C:\Users\venka\AppData\Roaming"/>
    <property name="java.runtime.name" value="Java(TM) SE Runtime Environment"/>
    <property name="maven.home" value="C:\Users\venka\.jenkins\tools\hudson.tasks.Maven_MavenInstallation\Maven_Test"/>
    <property name="java.class.path" value="C:\Users\venka\.jenkins\plugins\maven-plugin\WEB-INF\lib\maven35-agent-1.12-alpha-1.jar;C:\Users\venka\.jenkins\tools\hudson.tasks.Maven_MavenInstallation\Maven_Test\boot\plexus-classworlds-2.5.2.jar;C:\Users\venka\.jenkins\tools\hudson.tasks.Maven_MavenInstallation\Maven_Test/conf/logging"/>
    <property name="sun.java.command" value="jenkins.maven3.agent.Maven35Main C:\Users\venka\.jenkins\tools\hudson.tasks.Maven_MavenInstallation\Maven_Test C:\Users\venka\.jenkins\war\WEB-INF\lib\remoting-3.14.jar C:\Users\venka\.jenkins\plugins\maven-plugin\WEB-INF\lib\maven35-interceptor-1.12-alpha-1.jar C:\Users\venka\.jenkins\plugins\maven-plugin\WEB-INF\lib\maven3-interceptor-commons-1.12-alpha-1.jar 59603"/>
    <property name="Path" value="C:\Program Files (x86)\Intel\iCLS Client\;C:\Program Files\Intel\iCLS Client\;C:\Program Files\Java\jdk1.8.0_151\bin;C:\windows\system32;C:\windows;C:\windows\System32\Wbem;C:\windows\System32\WindowsPowerShell\v1.0\;C:\Program Files (x86)\Intel\Intel(R) Management Engine Components\DAL;C:\Program Files\Intel\Intel(R) Management Engine Components\DAL;C:\Program Files (x86)\Intel\Intel(R) Management Engine Components\IPT;C:\Program Files\Intel\Intel(R) Management Engine Components\IPT;C:\Program Files (x86)\NVIDIA Corporation\PhysX\Common;C:\WINDOWS\system32;C:\WINDOWS;C:\WINDOWS\System32\Wbem;C:\WINDOWS\System32\WindowsPowerShell\v1.0\;C:\Program Files\MySQL\MySQL Utilities 1.6\;C:\Selenium Jar Files\apache-maven-3.5.2\bin;C:\Python27;C:\Python27\Scripts;C:\Program Files\Git\cmd;C:\Program Files\PuTTY\;C:\Users\venka\AppData\Local\Microsoft\WindowsApps;"/>
    <property name="java.vm.specification.name" value="Java Virtual Machine Specification"/>
    <property name="PROCESSOR_ARCHITECTURE" value="AMD64"/>
    <property name="PROCESSOR_IDENTIFIER" value="Intel64 Family 6 Model 158 Stepping 9, GenuineIntel"/>
    <property name="SESSIONNAME" value="Console"/>
    <property name="java.vm.specification.version" value="1.8"/>
    <property name="sun.os.patch.level" value=""/>
    <property name="sun.cpu.endian" value="little"/>
    <property name="M2_HOME" value="C:\Users\venka\.jenkins\tools\hudson.tasks.Maven_MavenInstallation\Maven_Test"/>
    <property name="java.io.tmpdir" value="C:\Users\venka\AppData\Local\Temp\"/>
    <property name="OS" value="Windows_NT"/>
    <property name="HUDSON_HOME" value="C:\Users\venka\.jenkins"/>
    <property name="PATH+MAVEN" value="C:\Users\venka\.jenkins\tools\hudson.tasks.Maven_MavenInstallation\Maven_Test/bin"/>
    <property name="ProgramFiles(x86)" value="C:\Program Files (x86)"/>
    <property name="BUILD_URL" value="http://localhost:8080/job/JusDoneNewVersion/11/"/>
    <property name="java.vendor.url.bug" value="http://bugreport.sun.com/bugreport/"/>
    <property name="java.awt.graphicsenv" value="sun.awt.Win32GraphicsEnvironment"/>
    <property name="os.arch" value="amd64"/>
    <property name="SystemRoot" value="C:\WINDOWS"/>
    <property name="java.ext.dirs" value="C:\Program Files\Java\jdk1.8.0_151\jre\lib\ext;C:\WINDOWS\Sun\Java\lib\ext"/>
    <property name="user.dir" value="C:\Selenium Projects\JusDone_App"/>
    <property name="JOB_URL" value="http://localhost:8080/job/JusDoneNewVersion/"/>
    <property name="LOGONSERVER" value="\\NALLANS-NEWPC"/>
    <property name="USERDOMAIN" value="NALLANS-NEWPC"/>
    <property name="line.separator" value="&#10;"/>
    <property name="MAVEN_HOME" value="C:\Users\venka\.jenkins\tools\hudson.tasks.Maven_MavenInstallation\Maven_Test"/>
    <property name="java.vm.name" value="Java HotSpot(TM) 64-Bit Server VM"/>
    <property name="BUILD_NUMBER" value="11"/>
    <property name="JENKINS_URL" value="http://localhost:8080/"/>
    <property name="PROCESSOR_REVISION" value="9e09"/>
    <property name="ProgramW6432" value="C:\Program Files"/>
    <property name="windir" value="C:\WINDOWS"/>
    <property name="=C:" value="C:\Selenium Jar Files"/>
    <property name="file.encoding" value="Cp1252"/>
    <property name="SystemDrive" value="C:"/>
    <property name="maven3.interceptor" value="C:\Users\venka\.jenkins\plugins\maven-plugin\WEB-INF\lib\maven35-interceptor-1.12-alpha-1.jar"/>
    <property name="WORKSPACE" value="C:\Users\venka\.jenkins\jobs\JusDoneNewVersion"/>
    <property name="maven3.interceptor.common" value="C:\Users\venka\.jenkins\plugins\maven-plugin\WEB-INF\lib\maven3-interceptor-commons-1.12-alpha-1.jar"/>
    <property name="java.specification.version" value="1.8"/>
    <property name="PSModulePath" value="C:\Program Files\WindowsPowerShell\Modules;C:\WINDOWS\system32\WindowsPowerShell\v1.0\Modules"/>
  </properties>
  <testcase name="verifyJusDoneImageTest" classname="com.JusDone.qa.TestCases.DashBoardPageTest" time="6.055"/>
  <testcase name="verifyLoginNameTest" classname="com.JusDone.qa.TestCases.LoginPageTest" time="0.051"/>
  <testcase name="verifyHomePageTitleTest" classname="com.JusDone.qa.TestCases.HomePageTest" time="0.017"/>
  <testcase name="verifyRegisterNameTest" classname="com.JusDone.qa.TestCases.RegisterPageTest" time="0.069"/>
  <testcase name="verifyCreateNewTaskLinkTest" classname="com.JusDone.qa.TestCases.TaskPageTest" time="3.046"/>
  <testcase name="verifyUserNameTest" classname="com.JusDone.qa.TestCases.DashBoardPageTest" time="0.042"/>
  <testcase name="verifyLForgotPwdTest" classname="com.JusDone.qa.TestCases.LoginPageTest" time="0.04"/>
  <testcase name="verifyJusDoneLogoTest" classname="com.JusDone.qa.TestCases.HomePageTest" time="0.054"/>
  <testcase name="verifyExistingUserBtnTest" classname="com.JusDone.qa.TestCases.RegisterPageTest" time="0.039"/>
  <testcase name="verifyMembersLinkTest" classname="com.JusDone.qa.TestCases.TaskPageTest" time="0.027"/>
  <testcase name="verifyTeamLabelTest" classname="com.JusDone.qa.TestCases.DashBoardPageTest" time="0.031"/>
  <testcase name="verifyLoginBtnTest" classname="com.JusDone.qa.TestCases.LoginPageTest" time="0.045"/>
  <testcase name="verifySignUpLogoTest" classname="com.JusDone.qa.TestCases.HomePageTest" time="0.054"/>
  <testcase name="VerifyValidAcctNameMsgTest" classname="com.JusDone.qa.TestCases.RegisterPageTest" time="21.748">
    <failure message="no such element: Unable to locate element: {&quot;method&quot;:&quot;xpath&quot;,&quot;selector&quot;:&quot;/html/body/div/div[1]/div/nav/div/p[1]&quot;}&#10;  (Session info: chrome=63.0.3239.132)&#10;  (Driver info: chromedriver=2.33.506120 (e3e53437346286c0bc2d2dc9aa4915ba81d9023f),platform=Windows NT 10.0.16299 x86_64) (WARNING: The server did not provide any stacktrace information)&#10;Command duration or timeout: 0 milliseconds&#10;For documentation on this error, please visit: http://seleniumhq.org/exceptions/no_such_element.html&#10;Build info: version: &apos;3.7.1&apos;, revision: &apos;8a0099a&apos;, time: &apos;2017-11-06T21:01:39.354Z&apos;&#10;System info: host: &apos;NALLANS-NEWPC&apos;, ip: &apos;192.168.186.1&apos;, os.name: &apos;Windows 10&apos;, os.arch: &apos;amd64&apos;, os.version: &apos;10.0&apos;, java.version: &apos;1.8.0_151&apos;&#10;Driver info: org.openqa.selenium.chrome.ChromeDriver&#10;Capabilities {acceptSslCerts: true, applicationCacheEnabled: false, browserConnectionEnabled: false, browserName: chrome, chrome: {chromedriverVersion: 2.33.506120 (e3e53437346286..., userDataDir: C:\Users\venka\AppData\Loca...}, cssSelectorsEnabled: true, databaseEnabled: false, handlesAlerts: true, hasTouchScreen: false, javascriptEnabled: true, locationContextEnabled: true, mobileEmulationEnabled: false, nativeEvents: true, networkConnectionEnabled: false, pageLoadStrategy: normal, platform: XP, platformName: XP, rotatable: false, setWindowRect: true, takesHeapSnapshot: true, takesScreenshot: true, unexpectedAlertBehaviour: , unhandledPromptBehavior: , version: 63.0.3239.132, webStorageEnabled: true}&#10;Session ID: 45560e61c641417dd174dfd9b0352340&#10;*** Element info: {Using=xpath, value=/html/body/div/div[1]/div/nav/div/p[1]}" type="org.openqa.selenium.NoSuchElementException">org.openqa.selenium.NoSuchElementException: 
no such element: Unable to locate element: {"method":"xpath","selector":"/html/body/div/div[1]/div/nav/div/p[1]"}
  (Session info: chrome=63.0.3239.132)
  (Driver info: chromedriver=2.33.506120 (e3e53437346286c0bc2d2dc9aa4915ba81d9023f),platform=Windows NT 10.0.16299 x86_64) (WARNING: The server did not provide any stacktrace information)
Command duration or timeout: 0 milliseconds
For documentation on this error, please visit: http://seleniumhq.org/exceptions/no_such_element.html
Build info: version: '3.7.1', revision: '8a0099a', time: '2017-11-06T21:01:39.354Z'
System info: host: 'NALLANS-NEWPC', ip: '192.168.186.1', os.name: 'Windows 10', os.arch: 'amd64', os.version: '10.0', java.version: '1.8.0_151'
Driver info: org.openqa.selenium.chrome.ChromeDriver
Capabilities {acceptSslCerts: true, applicationCacheEnabled: false, browserConnectionEnabled: false, browserName: chrome, chrome: {chromedriverVersion: 2.33.506120 (e3e53437346286..., userDataDir: C:\Users\venka\AppData\Loca...}, cssSelectorsEnabled: true, databaseEnabled: false, handlesAlerts: true, hasTouchScreen: false, javascriptEnabled: true, locationContextEnabled: true, mobileEmulationEnabled: false, nativeEvents: true, networkConnectionEnabled: false, pageLoadStrategy: normal, platform: XP, platformName: XP, rotatable: false, setWindowRect: true, takesHeapSnapshot: true, takesScreenshot: true, unexpectedAlertBehaviour: , unhandledPromptBehavior: , version: 63.0.3239.132, webStorageEnabled: true}
Session ID: 45560e61c641417dd174dfd9b0352340
*** Element info: {Using=xpath, value=/html/body/div/div[1]/div/nav/div/p[1]}
	at com.JusDone.qa.TestCases.RegisterPageTest.VerifyValidAcctNameMsgTest(RegisterPageTest.java:68)
</failure>
    <system-out><![CDATA[02-06-2018 16:45:52 HomePageTest.java INFO  [main] TestCases.HomePageTest 126 - ****************************** Browser is closed *****************************************
02-06-2018 16:45:52 RequestAddCookies.java DEBUG [Forwarding quit on session de30b2903d3a7a39736820e0731d9eb9 to remote] protocol.RequestAddCookies 123 - CookieSpec selected: default
02-06-2018 16:45:52 RequestAuthCache.java DEBUG [Forwarding quit on session de30b2903d3a7a39736820e0731d9eb9 to remote] protocol.RequestAuthCache 77 - Auth cache not set in the context
02-06-2018 16:45:52 PoolingHttpClientConnectionManager.java DEBUG [Forwarding quit on session de30b2903d3a7a39736820e0731d9eb9 to remote] conn.PoolingHttpClientConnectionManager 255 - Connection request: [route: {}->http://localhost:30277][total kept alive: 0; route allocated: 0 of 2000; total allocated: 0 of 2000]
02-06-2018 16:45:52 PoolingHttpClientConnectionManager.java DEBUG [Forwarding quit on session de30b2903d3a7a39736820e0731d9eb9 to remote] conn.PoolingHttpClientConnectionManager 288 - Connection leased: [id: 178][route: {}->http://localhost:30277][total kept alive: 0; route allocated: 1 of 2000; total allocated: 1 of 2000]
02-06-2018 16:45:52 MainClientExec.java DEBUG [Forwarding quit on session de30b2903d3a7a39736820e0731d9eb9 to remote] execchain.MainClientExec 235 - Opening connection {}->http://localhost:30277
02-06-2018 16:45:52 DefaultHttpClientConnectionOperator.java DEBUG [Forwarding quit on session de30b2903d3a7a39736820e0731d9eb9 to remote] conn.DefaultHttpClientConnectionOperator 139 - Connecting to localhost/127.0.0.1:30277
02-06-2018 16:45:52 DefaultHttpClientConnectionOperator.java DEBUG [Forwarding quit on session de30b2903d3a7a39736820e0731d9eb9 to remote] conn.DefaultHttpClientConnectionOperator 146 - Connection established 127.0.0.1:60147<->127.0.0.1:30277
02-06-2018 16:45:52 LoggingManagedHttpClientConnection.java DEBUG [Forwarding quit on session de30b2903d3a7a39736820e0731d9eb9 to remote] conn.DefaultManagedHttpClientConnection 88 - http-outgoing-178: set socket timeout to 10800000
02-06-2018 16:45:52 MainClientExec.java DEBUG [Forwarding quit on session de30b2903d3a7a39736820e0731d9eb9 to remote] execchain.MainClientExec 256 - Executing request DELETE /session/de30b2903d3a7a39736820e0731d9eb9 HTTP/1.1
02-06-2018 16:45:52 MainClientExec.java DEBUG [Forwarding quit on session de30b2903d3a7a39736820e0731d9eb9 to remote] execchain.MainClientExec 261 - Target auth state: UNCHALLENGED
02-06-2018 16:45:52 MainClientExec.java DEBUG [Forwarding quit on session de30b2903d3a7a39736820e0731d9eb9 to remote] execchain.MainClientExec 267 - Proxy auth state: UNCHALLENGED
02-06-2018 16:45:52 LoggingManagedHttpClientConnection.java DEBUG [Forwarding quit on session de30b2903d3a7a39736820e0731d9eb9 to remote] http.headers 133 - http-outgoing-178 >> DELETE /session/de30b2903d3a7a39736820e0731d9eb9 HTTP/1.1
02-06-2018 16:45:52 LoggingManagedHttpClientConnection.java DEBUG [Forwarding quit on session de30b2903d3a7a39736820e0731d9eb9 to remote] http.headers 136 - http-outgoing-178 >> Host: localhost:30277
02-06-2018 16:45:52 LoggingManagedHttpClientConnection.java DEBUG [Forwarding quit on session de30b2903d3a7a39736820e0731d9eb9 to remote] http.headers 136 - http-outgoing-178 >> Connection: Keep-Alive
02-06-2018 16:45:52 LoggingManagedHttpClientConnection.java DEBUG [Forwarding quit on session de30b2903d3a7a39736820e0731d9eb9 to remote] http.headers 136 - http-outgoing-178 >> User-Agent: Apache-HttpClient/4.5.3 (Java/1.8.0_151)
02-06-2018 16:45:52 LoggingManagedHttpClientConnection.java DEBUG [Forwarding quit on session de30b2903d3a7a39736820e0731d9eb9 to remote] http.headers 136 - http-outgoing-178 >> Accept-Encoding: gzip,deflate
02-06-2018 16:45:52 Wire.java DEBUG [Forwarding quit on session de30b2903d3a7a39736820e0731d9eb9 to remote] http.wire 73 - http-outgoing-178 >> "DELETE /session/de30b2903d3a7a39736820e0731d9eb9 HTTP/1.1[\r][\n]"
02-06-2018 16:45:52 Wire.java DEBUG [Forwarding quit on session de30b2903d3a7a39736820e0731d9eb9 to remote] http.wire 73 - http-outgoing-178 >> "Host: localhost:30277[\r][\n]"
02-06-2018 16:45:52 Wire.java DEBUG [Forwarding quit on session de30b2903d3a7a39736820e0731d9eb9 to remote] http.wire 73 - http-outgoing-178 >> "Connection: Keep-Alive[\r][\n]"
02-06-2018 16:45:52 Wire.java DEBUG [Forwarding quit on session de30b2903d3a7a39736820e0731d9eb9 to remote] http.wire 73 - http-outgoing-178 >> "User-Agent: Apache-HttpClient/4.5.3 (Java/1.8.0_151)[\r][\n]"
02-06-2018 16:45:52 Wire.java DEBUG [Forwarding quit on session de30b2903d3a7a39736820e0731d9eb9 to remote] http.wire 73 - http-outgoing-178 >> "Accept-Encoding: gzip,deflate[\r][\n]"
02-06-2018 16:45:52 Wire.java DEBUG [Forwarding quit on session de30b2903d3a7a39736820e0731d9eb9 to remote] http.wire 73 - http-outgoing-178 >> "[\r][\n]"
02-06-2018 16:45:52 Wire.java DEBUG [Forwarding quit on session de30b2903d3a7a39736820e0731d9eb9 to remote] http.wire 73 - http-outgoing-178 << "HTTP/1.1 200 OK[\r][\n]"
02-06-2018 16:45:52 Wire.java DEBUG [Forwarding quit on session de30b2903d3a7a39736820e0731d9eb9 to remote] http.wire 73 - http-outgoing-178 << "Content-Length:72[\r][\n]"
02-06-2018 16:45:52 Wire.java DEBUG [Forwarding quit on session de30b2903d3a7a39736820e0731d9eb9 to remote] http.wire 73 - http-outgoing-178 << "Content-Type:application/json; charset=utf-8[\r][\n]"
02-06-2018 16:45:52 Wire.java DEBUG [Forwarding quit on session de30b2903d3a7a39736820e0731d9eb9 to remote] http.wire 73 - http-outgoing-178 << "Connection:close[\r][\n]"
02-06-2018 16:45:52 Wire.java DEBUG [Forwarding quit on session de30b2903d3a7a39736820e0731d9eb9 to remote] http.wire 73 - http-outgoing-178 << "[\r][\n]"
02-06-2018 16:45:52 Wire.java DEBUG [Forwarding quit on session de30b2903d3a7a39736820e0731d9eb9 to remote] http.wire 87 - http-outgoing-178 << "{"sessionId":"de30b2903d3a7a39736820e0731d9eb9","status":0,"value":null}"
02-06-2018 16:45:52 LoggingManagedHttpClientConnection.java DEBUG [Forwarding quit on session de30b2903d3a7a39736820e0731d9eb9 to remote] http.headers 122 - http-outgoing-178 << HTTP/1.1 200 OK
02-06-2018 16:45:52 LoggingManagedHttpClientConnection.java DEBUG [Forwarding quit on session de30b2903d3a7a39736820e0731d9eb9 to remote] http.headers 125 - http-outgoing-178 << Content-Length:72
02-06-2018 16:45:52 LoggingManagedHttpClientConnection.java DEBUG [Forwarding quit on session de30b2903d3a7a39736820e0731d9eb9 to remote] http.headers 125 - http-outgoing-178 << Content-Type:application/json; charset=utf-8
02-06-2018 16:45:52 LoggingManagedHttpClientConnection.java DEBUG [Forwarding quit on session de30b2903d3a7a39736820e0731d9eb9 to remote] http.headers 125 - http-outgoing-178 << Connection:close
02-06-2018 16:45:52 LoggingManagedHttpClientConnection.java DEBUG [Forwarding quit on session de30b2903d3a7a39736820e0731d9eb9 to remote] conn.DefaultManagedHttpClientConnection 79 - http-outgoing-178: Close connection
02-06-2018 16:45:52 ConnectionHolder.java DEBUG [Forwarding quit on session de30b2903d3a7a39736820e0731d9eb9 to remote] execchain.MainClientExec 104 - Connection discarded
02-06-2018 16:45:52 PoolingHttpClientConnectionManager.java DEBUG [Forwarding quit on session de30b2903d3a7a39736820e0731d9eb9 to remote] conn.PoolingHttpClientConnectionManager 326 - Connection released: [id: 178][route: {}->http://localhost:30277][total kept alive: 0; route allocated: 0 of 2000; total allocated: 0 of 2000]
02-06-2018 16:45:52 PoolingHttpClientConnectionManager.java DEBUG [Forwarding quit on session de30b2903d3a7a39736820e0731d9eb9 to remote] conn.PoolingHttpClientConnectionManager 407 - Closing connections idle longer than 0 SECONDS
1--------4
sv7
siri@gmail.com
Test123
Test123
02-06-2018 16:45:54 RequestAddCookies.java DEBUG [Forwarding newSession on session null to remote] protocol.RequestAddCookies 123 - CookieSpec selected: default
02-06-2018 16:45:54 RequestAuthCache.java DEBUG [Forwarding newSession on session null to remote] protocol.RequestAuthCache 77 - Auth cache not set in the context
02-06-2018 16:45:54 PoolingHttpClientConnectionManager.java DEBUG [Forwarding newSession on session null to remote] conn.PoolingHttpClientConnectionManager 255 - Connection request: [route: {}->http://localhost:44932][total kept alive: 0; route allocated: 0 of 2000; total allocated: 0 of 2000]
02-06-2018 16:45:54 PoolingHttpClientConnectionManager.java DEBUG [Forwarding newSession on session null to remote] conn.PoolingHttpClientConnectionManager 288 - Connection leased: [id: 179][route: {}->http://localhost:44932][total kept alive: 0; route allocated: 1 of 2000; total allocated: 1 of 2000]
02-06-2018 16:45:54 MainClientExec.java DEBUG [Forwarding newSession on session null to remote] execchain.MainClientExec 235 - Opening connection {}->http://localhost:44932
02-06-2018 16:45:54 DefaultHttpClientConnectionOperator.java DEBUG [Forwarding newSession on session null to remote] conn.DefaultHttpClientConnectionOperator 139 - Connecting to localhost/127.0.0.1:44932
02-06-2018 16:45:54 DefaultHttpClientConnectionOperator.java DEBUG [Forwarding newSession on session null to remote] conn.DefaultHttpClientConnectionOperator 146 - Connection established 127.0.0.1:60152<->127.0.0.1:44932
02-06-2018 16:45:54 LoggingManagedHttpClientConnection.java DEBUG [Forwarding newSession on session null to remote] conn.DefaultManagedHttpClientConnection 88 - http-outgoing-179: set socket timeout to 10800000
02-06-2018 16:45:54 MainClientExec.java DEBUG [Forwarding newSession on session null to remote] execchain.MainClientExec 256 - Executing request POST /session HTTP/1.1
02-06-2018 16:45:54 MainClientExec.java DEBUG [Forwarding newSession on session null to remote] execchain.MainClientExec 261 - Target auth state: UNCHALLENGED
02-06-2018 16:45:54 MainClientExec.java DEBUG [Forwarding newSession on session null to remote] execchain.MainClientExec 267 - Proxy auth state: UNCHALLENGED
02-06-2018 16:45:54 LoggingManagedHttpClientConnection.java DEBUG [Forwarding newSession on session null to remote] http.headers 133 - http-outgoing-179 >> POST /session HTTP/1.1
02-06-2018 16:45:54 LoggingManagedHttpClientConnection.java DEBUG [Forwarding newSession on session null to remote] http.headers 136 - http-outgoing-179 >> Content-Type: application/json; charset=utf-8
02-06-2018 16:45:54 LoggingManagedHttpClientConnection.java DEBUG [Forwarding newSession on session null to remote] http.headers 136 - http-outgoing-179 >> Content-Length: 335
02-06-2018 16:45:54 LoggingManagedHttpClientConnection.java DEBUG [Forwarding newSession on session null to remote] http.headers 136 - http-outgoing-179 >> Host: localhost:44932
02-06-2018 16:45:54 LoggingManagedHttpClientConnection.java DEBUG [Forwarding newSession on session null to remote] http.headers 136 - http-outgoing-179 >> Connection: Keep-Alive
02-06-2018 16:45:54 LoggingManagedHttpClientConnection.java DEBUG [Forwarding newSession on session null to remote] http.headers 136 - http-outgoing-179 >> User-Agent: Apache-HttpClient/4.5.3 (Java/1.8.0_151)
02-06-2018 16:45:54 LoggingManagedHttpClientConnection.java DEBUG [Forwarding newSession on session null to remote] http.headers 136 - http-outgoing-179 >> Accept-Encoding: gzip,deflate
02-06-2018 16:45:54 Wire.java DEBUG [Forwarding newSession on session null to remote] http.wire 73 - http-outgoing-179 >> "POST /session HTTP/1.1[\r][\n]"
02-06-2018 16:45:54 Wire.java DEBUG [Forwarding newSession on session null to remote] http.wire 73 - http-outgoing-179 >> "Content-Type: application/json; charset=utf-8[\r][\n]"
02-06-2018 16:45:54 Wire.java DEBUG [Forwarding newSession on session null to remote] http.wire 73 - http-outgoing-179 >> "Content-Length: 335[\r][\n]"
02-06-2018 16:45:54 Wire.java DEBUG [Forwarding newSession on session null to remote] http.wire 73 - http-outgoing-179 >> "Host: localhost:44932[\r][\n]"
02-06-2018 16:45:54 Wire.java DEBUG [Forwarding newSession on session null to remote] http.wire 73 - http-outgoing-179 >> "Connection: Keep-Alive[\r][\n]"
02-06-2018 16:45:54 Wire.java DEBUG [Forwarding newSession on session null to remote] http.wire 73 - http-outgoing-179 >> "User-Agent: Apache-HttpClient/4.5.3 (Java/1.8.0_151)[\r][\n]"
02-06-2018 16:45:54 Wire.java DEBUG [Forwarding newSession on session null to remote] http.wire 73 - http-outgoing-179 >> "Accept-Encoding: gzip,deflate[\r][\n]"
02-06-2018 16:45:54 Wire.java DEBUG [Forwarding newSession on session null to remote] http.wire 73 - http-outgoing-179 >> "[\r][\n]"
02-06-2018 16:45:54 Wire.java DEBUG [Forwarding newSession on session null to remote] http.wire 73 - http-outgoing-179 >> "{[\n]"
02-06-2018 16:45:54 Wire.java DEBUG [Forwarding newSession on session null to remote] http.wire 73 - http-outgoing-179 >> "  "desiredCapabilities": {"browserName":"chrome","goog:chromeOptions":{"args":[],"extensions":[]}},[\n]"
02-06-2018 16:45:54 Wire.java DEBUG [Forwarding newSession on session null to remote] http.wire 73 - http-outgoing-179 >> "  "capabilities": {[\n]"
02-06-2018 16:45:54 Wire.java DEBUG [Forwarding newSession on session null to remote] http.wire 73 - http-outgoing-179 >> "    "desiredCapabilities": {"browserName":"chrome","goog:chromeOptions":{"args":[],"extensions":[]}},[\n]"
02-06-2018 16:45:54 Wire.java DEBUG [Forwarding newSession on session null to remote] http.wire 73 - http-outgoing-179 >> "    "firstMatch": [[\n]"
02-06-2018 16:45:54 Wire.java DEBUG [Forwarding newSession on session null to remote] http.wire 73 - http-outgoing-179 >> "      {"browserName":"chrome","goog:chromeOptions":{"args":[],"extensions":[]}}[\n]"
02-06-2018 16:45:54 Wire.java DEBUG [Forwarding newSession on session null to remote] http.wire 73 - http-outgoing-179 >> "    ][\n]"
02-06-2018 16:45:54 Wire.java DEBUG [Forwarding newSession on session null to remote] http.wire 73 - http-outgoing-179 >> "  }[\n]"
02-06-2018 16:45:54 Wire.java DEBUG [Forwarding newSession on session null to remote] http.wire 87 - http-outgoing-179 >> "}"
02-06-2018 16:45:56 Wire.java DEBUG [Forwarding newSession on session null to remote] http.wire 73 - http-outgoing-179 << "HTTP/1.1 200 OK[\r][\n]"
02-06-2018 16:45:56 Wire.java DEBUG [Forwarding newSession on session null to remote] http.wire 73 - http-outgoing-179 << "Content-Length:801[\r][\n]"
02-06-2018 16:45:56 Wire.java DEBUG [Forwarding newSession on session null to remote] http.wire 73 - http-outgoing-179 << "Content-Type:application/json; charset=utf-8[\r][\n]"
02-06-2018 16:45:56 Wire.java DEBUG [Forwarding newSession on session null to remote] http.wire 73 - http-outgoing-179 << "Connection:close[\r][\n]"
02-06-2018 16:45:56 Wire.java DEBUG [Forwarding newSession on session null to remote] http.wire 73 - http-outgoing-179 << "[\r][\n]"
02-06-2018 16:45:56 Wire.java DEBUG [Forwarding newSession on session null to remote] http.wire 87 - http-outgoing-179 << "{"sessionId":"45560e61c641417dd174dfd9b0352340","status":0,"value":{"acceptSslCerts":true,"applicationCacheEnabled":false,"browserConnectionEnabled":false,"browserName":"chrome","chrome":{"chromedriverVersion":"2.33.506120 (e3e53437346286c0bc2d2dc9aa4915ba81d9023f)","userDataDir":"C:\\Users\\venka\\AppData\\Local\\Temp\\scoped_dir18752_22432"},"cssSelectorsEnabled":true,"databaseEnabled":false,"handlesAlerts":true,"hasTouchScreen":false,"javascriptEnabled":true,"locationContextEnabled":true,"mobileEmulationEnabled":false,"nativeEvents":true,"networkConnectionEnabled":false,"pageLoadStrategy":"normal","platform":"Windows NT","rotatable":false,"setWindowRect":true,"takesHeapSnapshot":true,"takesScreenshot":true,"unexpectedAlertBehaviour":"","version":"63.0.3239.132","webStorageEnabled":true}}"
02-06-2018 16:45:56 LoggingManagedHttpClientConnection.java DEBUG [Forwarding newSession on session null to remote] http.headers 122 - http-outgoing-179 << HTTP/1.1 200 OK
02-06-2018 16:45:56 LoggingManagedHttpClientConnection.java DEBUG [Forwarding newSession on session null to remote] http.headers 125 - http-outgoing-179 << Content-Length:801
02-06-2018 16:45:56 LoggingManagedHttpClientConnection.java DEBUG [Forwarding newSession on session null to remote] http.headers 125 - http-outgoing-179 << Content-Type:application/json; charset=utf-8
02-06-2018 16:45:56 LoggingManagedHttpClientConnection.java DEBUG [Forwarding newSession on session null to remote] http.headers 125 - http-outgoing-179 << Connection:close
02-06-2018 16:45:56 LoggingManagedHttpClientConnection.java DEBUG [Forwarding newSession on session null to remote] conn.DefaultManagedHttpClientConnection 79 - http-outgoing-179: Close connection
02-06-2018 16:45:56 ConnectionHolder.java DEBUG [Forwarding newSession on session null to remote] execchain.MainClientExec 104 - Connection discarded
02-06-2018 16:45:56 PoolingHttpClientConnectionManager.java DEBUG [Forwarding newSession on session null to remote] conn.PoolingHttpClientConnectionManager 326 - Connection released: [id: 179][route: {}->http://localhost:44932][total kept alive: 0; route allocated: 0 of 2000; total allocated: 0 of 2000]
02-06-2018 16:45:56 RequestAddCookies.java DEBUG [Forwarding maximizeCurrentWindow on session 45560e61c641417dd174dfd9b0352340 to remote] protocol.RequestAddCookies 123 - CookieSpec selected: default
02-06-2018 16:45:56 RequestAuthCache.java DEBUG [Forwarding maximizeCurrentWindow on session 45560e61c641417dd174dfd9b0352340 to remote] protocol.RequestAuthCache 77 - Auth cache not set in the context
02-06-2018 16:45:56 PoolingHttpClientConnectionManager.java DEBUG [Forwarding maximizeCurrentWindow on session 45560e61c641417dd174dfd9b0352340 to remote] conn.PoolingHttpClientConnectionManager 255 - Connection request: [route: {}->http://localhost:44932][total kept alive: 0; route allocated: 0 of 2000; total allocated: 0 of 2000]
02-06-2018 16:45:56 PoolingHttpClientConnectionManager.java DEBUG [Forwarding maximizeCurrentWindow on session 45560e61c641417dd174dfd9b0352340 to remote] conn.PoolingHttpClientConnectionManager 288 - Connection leased: [id: 180][route: {}->http://localhost:44932][total kept alive: 0; route allocated: 1 of 2000; total allocated: 1 of 2000]
02-06-2018 16:45:56 MainClientExec.java DEBUG [Forwarding maximizeCurrentWindow on session 45560e61c641417dd174dfd9b0352340 to remote] execchain.MainClientExec 235 - Opening connection {}->http://localhost:44932
02-06-2018 16:45:56 DefaultHttpClientConnectionOperator.java DEBUG [Forwarding maximizeCurrentWindow on session 45560e61c641417dd174dfd9b0352340 to remote] conn.DefaultHttpClientConnectionOperator 139 - Connecting to localhost/127.0.0.1:44932
02-06-2018 16:45:56 DefaultHttpClientConnectionOperator.java DEBUG [Forwarding maximizeCurrentWindow on session 45560e61c641417dd174dfd9b0352340 to remote] conn.DefaultHttpClientConnectionOperator 146 - Connection established 127.0.0.1:60160<->127.0.0.1:44932
02-06-2018 16:45:56 LoggingManagedHttpClientConnection.java DEBUG [Forwarding maximizeCurrentWindow on session 45560e61c641417dd174dfd9b0352340 to remote] conn.DefaultManagedHttpClientConnection 88 - http-outgoing-180: set socket timeout to 10800000
02-06-2018 16:45:56 MainClientExec.java DEBUG [Forwarding maximizeCurrentWindow on session 45560e61c641417dd174dfd9b0352340 to remote] execchain.MainClientExec 256 - Executing request POST /session/45560e61c641417dd174dfd9b0352340/window/current/maximize HTTP/1.1
02-06-2018 16:45:56 MainClientExec.java DEBUG [Forwarding maximizeCurrentWindow on session 45560e61c641417dd174dfd9b0352340 to remote] execchain.MainClientExec 261 - Target auth state: UNCHALLENGED
02-06-2018 16:45:56 MainClientExec.java DEBUG [Forwarding maximizeCurrentWindow on session 45560e61c641417dd174dfd9b0352340 to remote] execchain.MainClientExec 267 - Proxy auth state: UNCHALLENGED
02-06-2018 16:45:56 LoggingManagedHttpClientConnection.java DEBUG [Forwarding maximizeCurrentWindow on session 45560e61c641417dd174dfd9b0352340 to remote] http.headers 133 - http-outgoing-180 >> POST /session/45560e61c641417dd174dfd9b0352340/window/current/maximize HTTP/1.1
02-06-2018 16:45:56 LoggingManagedHttpClientConnection.java DEBUG [Forwarding maximizeCurrentWindow on session 45560e61c641417dd174dfd9b0352340 to remote] http.headers 136 - http-outgoing-180 >> Content-Type: application/json; charset=utf-8
02-06-2018 16:45:56 LoggingManagedHttpClientConnection.java DEBUG [Forwarding maximizeCurrentWindow on session 45560e61c641417dd174dfd9b0352340 to remote] http.headers 136 - http-outgoing-180 >> Content-Length: 45
02-06-2018 16:45:56 LoggingManagedHttpClientConnection.java DEBUG [Forwarding maximizeCurrentWindow on session 45560e61c641417dd174dfd9b0352340 to remote] http.headers 136 - http-outgoing-180 >> Host: localhost:44932
02-06-2018 16:45:56 LoggingManagedHttpClientConnection.java DEBUG [Forwarding maximizeCurrentWindow on session 45560e61c641417dd174dfd9b0352340 to remote] http.headers 136 - http-outgoing-180 >> Connection: Keep-Alive
02-06-2018 16:45:56 LoggingManagedHttpClientConnection.java DEBUG [Forwarding maximizeCurrentWindow on session 45560e61c641417dd174dfd9b0352340 to remote] http.headers 136 - http-outgoing-180 >> User-Agent: Apache-HttpClient/4.5.3 (Java/1.8.0_151)
02-06-2018 16:45:56 LoggingManagedHttpClientConnection.java DEBUG [Forwarding maximizeCurrentWindow on session 45560e61c641417dd174dfd9b0352340 to remote] http.headers 136 - http-outgoing-180 >> Accept-Encoding: gzip,deflate
02-06-2018 16:45:56 Wire.java DEBUG [Forwarding maximizeCurrentWindow on session 45560e61c641417dd174dfd9b0352340 to remote] http.wire 73 - http-outgoing-180 >> "POST /session/45560e61c641417dd174dfd9b0352340/window/current/maximize HTTP/1.1[\r][\n]"
02-06-2018 16:45:56 Wire.java DEBUG [Forwarding maximizeCurrentWindow on session 45560e61c641417dd174dfd9b0352340 to remote] http.wire 73 - http-outgoing-180 >> "Content-Type: application/json; charset=utf-8[\r][\n]"
02-06-2018 16:45:56 Wire.java DEBUG [Forwarding maximizeCurrentWindow on session 45560e61c641417dd174dfd9b0352340 to remote] http.wire 73 - http-outgoing-180 >> "Content-Length: 45[\r][\n]"
02-06-2018 16:45:56 Wire.java DEBUG [Forwarding maximizeCurrentWindow on session 45560e61c641417dd174dfd9b0352340 to remote] http.wire 73 - http-outgoing-180 >> "Host: localhost:44932[\r][\n]"
02-06-2018 16:45:56 Wire.java DEBUG [Forwarding maximizeCurrentWindow on session 45560e61c641417dd174dfd9b0352340 to remote] http.wire 73 - http-outgoing-180 >> "Connection: Keep-Alive[\r][\n]"
02-06-2018 16:45:56 Wire.java DEBUG [Forwarding maximizeCurrentWindow on session 45560e61c641417dd174dfd9b0352340 to remote] http.wire 73 - http-outgoing-180 >> "User-Agent: Apache-HttpClient/4.5.3 (Java/1.8.0_151)[\r][\n]"
02-06-2018 16:45:56 Wire.java DEBUG [Forwarding maximizeCurrentWindow on session 45560e61c641417dd174dfd9b0352340 to remote] http.wire 73 - http-outgoing-180 >> "Accept-Encoding: gzip,deflate[\r][\n]"
02-06-2018 16:45:56 Wire.java DEBUG [Forwarding maximizeCurrentWindow on session 45560e61c641417dd174dfd9b0352340 to remote] http.wire 73 - http-outgoing-180 >> "[\r][\n]"
02-06-2018 16:45:56 Wire.java DEBUG [Forwarding maximizeCurrentWindow on session 45560e61c641417dd174dfd9b0352340 to remote] http.wire 87 - http-outgoing-180 >> "{"windowHandle":"current","handle":"current"}"
02-06-2018 16:45:57 Wire.java DEBUG [Forwarding maximizeCurrentWindow on session 45560e61c641417dd174dfd9b0352340 to remote] http.wire 73 - http-outgoing-180 << "HTTP/1.1 200 OK[\r][\n]"
02-06-2018 16:45:57 Wire.java DEBUG [Forwarding maximizeCurrentWindow on session 45560e61c641417dd174dfd9b0352340 to remote] http.wire 73 - http-outgoing-180 << "Content-Length:72[\r][\n]"
02-06-2018 16:45:57 Wire.java DEBUG [Forwarding maximizeCurrentWindow on session 45560e61c641417dd174dfd9b0352340 to remote] http.wire 73 - http-outgoing-180 << "Content-Type:application/json; charset=utf-8[\r][\n]"
02-06-2018 16:45:57 Wire.java DEBUG [Forwarding maximizeCurrentWindow on session 45560e61c641417dd174dfd9b0352340 to remote] http.wire 73 - http-outgoing-180 << "Connection:close[\r][\n]"
02-06-2018 16:45:57 Wire.java DEBUG [Forwarding maximizeCurrentWindow on session 45560e61c641417dd174dfd9b0352340 to remote] http.wire 73 - http-outgoing-180 << "[\r][\n]"
02-06-2018 16:45:57 Wire.java DEBUG [Forwarding maximizeCurrentWindow on session 45560e61c641417dd174dfd9b0352340 to remote] http.wire 87 - http-outgoing-180 << "{"sessionId":"45560e61c641417dd174dfd9b0352340","status":0,"value":null}"
02-06-2018 16:45:57 LoggingManagedHttpClientConnection.java DEBUG [Forwarding maximizeCurrentWindow on session 45560e61c641417dd174dfd9b0352340 to remote] http.headers 122 - http-outgoing-180 << HTTP/1.1 200 OK
02-06-2018 16:45:57 LoggingManagedHttpClientConnection.java DEBUG [Forwarding maximizeCurrentWindow on session 45560e61c641417dd174dfd9b0352340 to remote] http.headers 125 - http-outgoing-180 << Content-Length:72
02-06-2018 16:45:57 LoggingManagedHttpClientConnection.java DEBUG [Forwarding maximizeCurrentWindow on session 45560e61c641417dd174dfd9b0352340 to remote] http.headers 125 - http-outgoing-180 << Content-Type:application/json; charset=utf-8
02-06-2018 16:45:57 LoggingManagedHttpClientConnection.java DEBUG [Forwarding maximizeCurrentWindow on session 45560e61c641417dd174dfd9b0352340 to remote] http.headers 125 - http-outgoing-180 << Connection:close
02-06-2018 16:45:57 LoggingManagedHttpClientConnection.java DEBUG [Forwarding maximizeCurrentWindow on session 45560e61c641417dd174dfd9b0352340 to remote] conn.DefaultManagedHttpClientConnection 79 - http-outgoing-180: Close connection
02-06-2018 16:45:57 ConnectionHolder.java DEBUG [Forwarding maximizeCurrentWindow on session 45560e61c641417dd174dfd9b0352340 to remote] execchain.MainClientExec 104 - Connection discarded
02-06-2018 16:45:57 PoolingHttpClientConnectionManager.java DEBUG [Forwarding maximizeCurrentWindow on session 45560e61c641417dd174dfd9b0352340 to remote] conn.PoolingHttpClientConnectionManager 326 - Connection released: [id: 180][route: {}->http://localhost:44932][total kept alive: 0; route allocated: 0 of 2000; total allocated: 0 of 2000]
02-06-2018 16:45:57 RequestAddCookies.java DEBUG [Forwarding setTimeout on session 45560e61c641417dd174dfd9b0352340 to remote] protocol.RequestAddCookies 123 - CookieSpec selected: default
02-06-2018 16:45:57 RequestAuthCache.java DEBUG [Forwarding setTimeout on session 45560e61c641417dd174dfd9b0352340 to remote] protocol.RequestAuthCache 77 - Auth cache not set in the context
02-06-2018 16:45:57 PoolingHttpClientConnectionManager.java DEBUG [Forwarding setTimeout on session 45560e61c641417dd174dfd9b0352340 to remote] conn.PoolingHttpClientConnectionManager 255 - Connection request: [route: {}->http://localhost:44932][total kept alive: 0; route allocated: 0 of 2000; total allocated: 0 of 2000]
02-06-2018 16:45:57 PoolingHttpClientConnectionManager.java DEBUG [Forwarding setTimeout on session 45560e61c641417dd174dfd9b0352340 to remote] conn.PoolingHttpClientConnectionManager 288 - Connection leased: [id: 181][route: {}->http://localhost:44932][total kept alive: 0; route allocated: 1 of 2000; total allocated: 1 of 2000]
02-06-2018 16:45:57 MainClientExec.java DEBUG [Forwarding setTimeout on session 45560e61c641417dd174dfd9b0352340 to remote] execchain.MainClientExec 235 - Opening connection {}->http://localhost:44932
02-06-2018 16:45:57 DefaultHttpClientConnectionOperator.java DEBUG [Forwarding setTimeout on session 45560e61c641417dd174dfd9b0352340 to remote] conn.DefaultHttpClientConnectionOperator 139 - Connecting to localhost/127.0.0.1:44932
02-06-2018 16:45:57 DefaultHttpClientConnectionOperator.java DEBUG [Forwarding setTimeout on session 45560e61c641417dd174dfd9b0352340 to remote] conn.DefaultHttpClientConnectionOperator 146 - Connection established 127.0.0.1:60164<->127.0.0.1:44932
02-06-2018 16:45:57 LoggingManagedHttpClientConnection.java DEBUG [Forwarding setTimeout on session 45560e61c641417dd174dfd9b0352340 to remote] conn.DefaultManagedHttpClientConnection 88 - http-outgoing-181: set socket timeout to 10800000
02-06-2018 16:45:57 MainClientExec.java DEBUG [Forwarding setTimeout on session 45560e61c641417dd174dfd9b0352340 to remote] execchain.MainClientExec 256 - Executing request POST /session/45560e61c641417dd174dfd9b0352340/timeouts HTTP/1.1
02-06-2018 16:45:57 MainClientExec.java DEBUG [Forwarding setTimeout on session 45560e61c641417dd174dfd9b0352340 to remote] execchain.MainClientExec 261 - Target auth state: UNCHALLENGED
02-06-2018 16:45:57 MainClientExec.java DEBUG [Forwarding setTimeout on session 45560e61c641417dd174dfd9b0352340 to remote] execchain.MainClientExec 267 - Proxy auth state: UNCHALLENGED
02-06-2018 16:45:57 LoggingManagedHttpClientConnection.java DEBUG [Forwarding setTimeout on session 45560e61c641417dd174dfd9b0352340 to remote] http.headers 133 - http-outgoing-181 >> POST /session/45560e61c641417dd174dfd9b0352340/timeouts HTTP/1.1
02-06-2018 16:45:57 LoggingManagedHttpClientConnection.java DEBUG [Forwarding setTimeout on session 45560e61c641417dd174dfd9b0352340 to remote] http.headers 136 - http-outgoing-181 >> Content-Type: application/json; charset=utf-8
02-06-2018 16:45:57 LoggingManagedHttpClientConnection.java DEBUG [Forwarding setTimeout on session 45560e61c641417dd174dfd9b0352340 to remote] http.headers 136 - http-outgoing-181 >> Content-Length: 31
02-06-2018 16:45:57 LoggingManagedHttpClientConnection.java DEBUG [Forwarding setTimeout on session 45560e61c641417dd174dfd9b0352340 to remote] http.headers 136 - http-outgoing-181 >> Host: localhost:44932
02-06-2018 16:45:57 LoggingManagedHttpClientConnection.java DEBUG [Forwarding setTimeout on session 45560e61c641417dd174dfd9b0352340 to remote] http.headers 136 - http-outgoing-181 >> Connection: Keep-Alive
02-06-2018 16:45:57 LoggingManagedHttpClientConnection.java DEBUG [Forwarding setTimeout on session 45560e61c641417dd174dfd9b0352340 to remote] http.headers 136 - http-outgoing-181 >> User-Agent: Apache-HttpClient/4.5.3 (Java/1.8.0_151)
02-06-2018 16:45:57 LoggingManagedHttpClientConnection.java DEBUG [Forwarding setTimeout on session 45560e61c641417dd174dfd9b0352340 to remote] http.headers 136 - http-outgoing-181 >> Accept-Encoding: gzip,deflate
02-06-2018 16:45:57 Wire.java DEBUG [Forwarding setTimeout on session 45560e61c641417dd174dfd9b0352340 to remote] http.wire 73 - http-outgoing-181 >> "POST /session/45560e61c641417dd174dfd9b0352340/timeouts HTTP/1.1[\r][\n]"
02-06-2018 16:45:57 Wire.java DEBUG [Forwarding setTimeout on session 45560e61c641417dd174dfd9b0352340 to remote] http.wire 73 - http-outgoing-181 >> "Content-Type: application/json; charset=utf-8[\r][\n]"
02-06-2018 16:45:57 Wire.java DEBUG [Forwarding setTimeout on session 45560e61c641417dd174dfd9b0352340 to remote] http.wire 73 - http-outgoing-181 >> "Content-Length: 31[\r][\n]"
02-06-2018 16:45:57 Wire.java DEBUG [Forwarding setTimeout on session 45560e61c641417dd174dfd9b0352340 to remote] http.wire 73 - http-outgoing-181 >> "Host: localhost:44932[\r][\n]"
02-06-2018 16:45:57 Wire.java DEBUG [Forwarding setTimeout on session 45560e61c641417dd174dfd9b0352340 to remote] http.wire 73 - http-outgoing-181 >> "Connection: Keep-Alive[\r][\n]"
02-06-2018 16:45:57 Wire.java DEBUG [Forwarding setTimeout on session 45560e61c641417dd174dfd9b0352340 to remote] http.wire 73 - http-outgoing-181 >> "User-Agent: Apache-HttpClient/4.5.3 (Java/1.8.0_151)[\r][\n]"
02-06-2018 16:45:57 Wire.java DEBUG [Forwarding setTimeout on session 45560e61c641417dd174dfd9b0352340 to remote] http.wire 73 - http-outgoing-181 >> "Accept-Encoding: gzip,deflate[\r][\n]"
02-06-2018 16:45:57 Wire.java DEBUG [Forwarding setTimeout on session 45560e61c641417dd174dfd9b0352340 to remote] http.wire 73 - http-outgoing-181 >> "[\r][\n]"
02-06-2018 16:45:57 Wire.java DEBUG [Forwarding setTimeout on session 45560e61c641417dd174dfd9b0352340 to remote] http.wire 87 - http-outgoing-181 >> "{"type":"page load","ms":40000}"
02-06-2018 16:45:57 Wire.java DEBUG [Forwarding setTimeout on session 45560e61c641417dd174dfd9b0352340 to remote] http.wire 73 - http-outgoing-181 << "HTTP/1.1 200 OK[\r][\n]"
02-06-2018 16:45:57 Wire.java DEBUG [Forwarding setTimeout on session 45560e61c641417dd174dfd9b0352340 to remote] http.wire 73 - http-outgoing-181 << "Content-Length:72[\r][\n]"
02-06-2018 16:45:57 Wire.java DEBUG [Forwarding setTimeout on session 45560e61c641417dd174dfd9b0352340 to remote] http.wire 73 - http-outgoing-181 << "Content-Type:application/json; charset=utf-8[\r][\n]"
02-06-2018 16:45:57 Wire.java DEBUG [Forwarding setTimeout on session 45560e61c641417dd174dfd9b0352340 to remote] http.wire 73 - http-outgoing-181 << "Connection:close[\r][\n]"
02-06-2018 16:45:57 Wire.java DEBUG [Forwarding setTimeout on session 45560e61c641417dd174dfd9b0352340 to remote] http.wire 73 - http-outgoing-181 << "[\r][\n]"
02-06-2018 16:45:57 Wire.java DEBUG [Forwarding setTimeout on session 45560e61c641417dd174dfd9b0352340 to remote] http.wire 87 - http-outgoing-181 << "{"sessionId":"45560e61c641417dd174dfd9b0352340","status":0,"value":null}"
02-06-2018 16:45:57 LoggingManagedHttpClientConnection.java DEBUG [Forwarding setTimeout on session 45560e61c641417dd174dfd9b0352340 to remote] http.headers 122 - http-outgoing-181 << HTTP/1.1 200 OK
02-06-2018 16:45:57 LoggingManagedHttpClientConnection.java DEBUG [Forwarding setTimeout on session 45560e61c641417dd174dfd9b0352340 to remote] http.headers 125 - http-outgoing-181 << Content-Length:72
02-06-2018 16:45:57 LoggingManagedHttpClientConnection.java DEBUG [Forwarding setTimeout on session 45560e61c641417dd174dfd9b0352340 to remote] http.headers 125 - http-outgoing-181 << Content-Type:application/json; charset=utf-8
02-06-2018 16:45:57 LoggingManagedHttpClientConnection.java DEBUG [Forwarding setTimeout on session 45560e61c641417dd174dfd9b0352340 to remote] http.headers 125 - http-outgoing-181 << Connection:close
02-06-2018 16:45:57 LoggingManagedHttpClientConnection.java DEBUG [Forwarding setTimeout on session 45560e61c641417dd174dfd9b0352340 to remote] conn.DefaultManagedHttpClientConnection 79 - http-outgoing-181: Close connection
02-06-2018 16:45:57 ConnectionHolder.java DEBUG [Forwarding setTimeout on session 45560e61c641417dd174dfd9b0352340 to remote] execchain.MainClientExec 104 - Connection discarded
02-06-2018 16:45:57 PoolingHttpClientConnectionManager.java DEBUG [Forwarding setTimeout on session 45560e61c641417dd174dfd9b0352340 to remote] conn.PoolingHttpClientConnectionManager 326 - Connection released: [id: 181][route: {}->http://localhost:44932][total kept alive: 0; route allocated: 0 of 2000; total allocated: 0 of 2000]
02-06-2018 16:45:57 RequestAddCookies.java DEBUG [Forwarding setTimeout on session 45560e61c641417dd174dfd9b0352340 to remote] protocol.RequestAddCookies 123 - CookieSpec selected: default
02-06-2018 16:45:57 RequestAuthCache.java DEBUG [Forwarding setTimeout on session 45560e61c641417dd174dfd9b0352340 to remote] protocol.RequestAuthCache 77 - Auth cache not set in the context
02-06-2018 16:45:57 PoolingHttpClientConnectionManager.java DEBUG [Forwarding setTimeout on session 45560e61c641417dd174dfd9b0352340 to remote] conn.PoolingHttpClientConnectionManager 255 - Connection request: [route: {}->http://localhost:44932][total kept alive: 0; route allocated: 0 of 2000; total allocated: 0 of 2000]
02-06-2018 16:45:57 PoolingHttpClientConnectionManager.java DEBUG [Forwarding setTimeout on session 45560e61c641417dd174dfd9b0352340 to remote] conn.PoolingHttpClientConnectionManager 288 - Connection leased: [id: 182][route: {}->http://localhost:44932][total kept alive: 0; route allocated: 1 of 2000; total allocated: 1 of 2000]
02-06-2018 16:45:57 MainClientExec.java DEBUG [Forwarding setTimeout on session 45560e61c641417dd174dfd9b0352340 to remote] execchain.MainClientExec 235 - Opening connection {}->http://localhost:44932
02-06-2018 16:45:57 DefaultHttpClientConnectionOperator.java DEBUG [Forwarding setTimeout on session 45560e61c641417dd174dfd9b0352340 to remote] conn.DefaultHttpClientConnectionOperator 139 - Connecting to localhost/127.0.0.1:44932
02-06-2018 16:45:57 DefaultHttpClientConnectionOperator.java DEBUG [Forwarding setTimeout on session 45560e61c641417dd174dfd9b0352340 to remote] conn.DefaultHttpClientConnectionOperator 146 - Connection established 127.0.0.1:60165<->127.0.0.1:44932
02-06-2018 16:45:57 LoggingManagedHttpClientConnection.java DEBUG [Forwarding setTimeout on session 45560e61c641417dd174dfd9b0352340 to remote] conn.DefaultManagedHttpClientConnection 88 - http-outgoing-182: set socket timeout to 10800000
02-06-2018 16:45:57 MainClientExec.java DEBUG [Forwarding setTimeout on session 45560e61c641417dd174dfd9b0352340 to remote] execchain.MainClientExec 256 - Executing request POST /session/45560e61c641417dd174dfd9b0352340/timeouts HTTP/1.1
02-06-2018 16:45:57 MainClientExec.java DEBUG [Forwarding setTimeout on session 45560e61c641417dd174dfd9b0352340 to remote] execchain.MainClientExec 261 - Target auth state: UNCHALLENGED
02-06-2018 16:45:57 MainClientExec.java DEBUG [Forwarding setTimeout on session 45560e61c641417dd174dfd9b0352340 to remote] execchain.MainClientExec 267 - Proxy auth state: UNCHALLENGED
02-06-2018 16:45:57 LoggingManagedHttpClientConnection.java DEBUG [Forwarding setTimeout on session 45560e61c641417dd174dfd9b0352340 to remote] http.headers 133 - http-outgoing-182 >> POST /session/45560e61c641417dd174dfd9b0352340/timeouts HTTP/1.1
02-06-2018 16:45:57 LoggingManagedHttpClientConnection.java DEBUG [Forwarding setTimeout on session 45560e61c641417dd174dfd9b0352340 to remote] http.headers 136 - http-outgoing-182 >> Content-Type: application/json; charset=utf-8
02-06-2018 16:45:57 LoggingManagedHttpClientConnection.java DEBUG [Forwarding setTimeout on session 45560e61c641417dd174dfd9b0352340 to remote] http.headers 136 - http-outgoing-182 >> Content-Length: 30
02-06-2018 16:45:57 LoggingManagedHttpClientConnection.java DEBUG [Forwarding setTimeout on session 45560e61c641417dd174dfd9b0352340 to remote] http.headers 136 - http-outgoing-182 >> Host: localhost:44932
02-06-2018 16:45:57 LoggingManagedHttpClientConnection.java DEBUG [Forwarding setTimeout on session 45560e61c641417dd174dfd9b0352340 to remote] http.headers 136 - http-outgoing-182 >> Connection: Keep-Alive
02-06-2018 16:45:57 LoggingManagedHttpClientConnection.java DEBUG [Forwarding setTimeout on session 45560e61c641417dd174dfd9b0352340 to remote] http.headers 136 - http-outgoing-182 >> User-Agent: Apache-HttpClient/4.5.3 (Java/1.8.0_151)
02-06-2018 16:45:57 LoggingManagedHttpClientConnection.java DEBUG [Forwarding setTimeout on session 45560e61c641417dd174dfd9b0352340 to remote] http.headers 136 - http-outgoing-182 >> Accept-Encoding: gzip,deflate
02-06-2018 16:45:57 Wire.java DEBUG [Forwarding setTimeout on session 45560e61c641417dd174dfd9b0352340 to remote] http.wire 73 - http-outgoing-182 >> "POST /session/45560e61c641417dd174dfd9b0352340/timeouts HTTP/1.1[\r][\n]"
02-06-2018 16:45:57 Wire.java DEBUG [Forwarding setTimeout on session 45560e61c641417dd174dfd9b0352340 to remote] http.wire 73 - http-outgoing-182 >> "Content-Type: application/json; charset=utf-8[\r][\n]"
02-06-2018 16:45:57 Wire.java DEBUG [Forwarding setTimeout on session 45560e61c641417dd174dfd9b0352340 to remote] http.wire 73 - http-outgoing-182 >> "Content-Length: 30[\r][\n]"
02-06-2018 16:45:57 Wire.java DEBUG [Forwarding setTimeout on session 45560e61c641417dd174dfd9b0352340 to remote] http.wire 73 - http-outgoing-182 >> "Host: localhost:44932[\r][\n]"
02-06-2018 16:45:57 Wire.java DEBUG [Forwarding setTimeout on session 45560e61c641417dd174dfd9b0352340 to remote] http.wire 73 - http-outgoing-182 >> "Connection: Keep-Alive[\r][\n]"
02-06-2018 16:45:57 Wire.java DEBUG [Forwarding setTimeout on session 45560e61c641417dd174dfd9b0352340 to remote] http.wire 73 - http-outgoing-182 >> "User-Agent: Apache-HttpClient/4.5.3 (Java/1.8.0_151)[\r][\n]"
02-06-2018 16:45:57 Wire.java DEBUG [Forwarding setTimeout on session 45560e61c641417dd174dfd9b0352340 to remote] http.wire 73 - http-outgoing-182 >> "Accept-Encoding: gzip,deflate[\r][\n]"
02-06-2018 16:45:57 Wire.java DEBUG [Forwarding setTimeout on session 45560e61c641417dd174dfd9b0352340 to remote] http.wire 73 - http-outgoing-182 >> "[\r][\n]"
02-06-2018 16:45:57 Wire.java DEBUG [Forwarding setTimeout on session 45560e61c641417dd174dfd9b0352340 to remote] http.wire 87 - http-outgoing-182 >> "{"type":"implicit","ms":20000}"
02-06-2018 16:45:57 Wire.java DEBUG [Forwarding setTimeout on session 45560e61c641417dd174dfd9b0352340 to remote] http.wire 73 - http-outgoing-182 << "HTTP/1.1 200 OK[\r][\n]"
02-06-2018 16:45:57 Wire.java DEBUG [Forwarding setTimeout on session 45560e61c641417dd174dfd9b0352340 to remote] http.wire 73 - http-outgoing-182 << "Content-Length:72[\r][\n]"
02-06-2018 16:45:57 Wire.java DEBUG [Forwarding setTimeout on session 45560e61c641417dd174dfd9b0352340 to remote] http.wire 73 - http-outgoing-182 << "Content-Type:application/json; charset=utf-8[\r][\n]"
02-06-2018 16:45:57 Wire.java DEBUG [Forwarding setTimeout on session 45560e61c641417dd174dfd9b0352340 to remote] http.wire 73 - http-outgoing-182 << "Connection:close[\r][\n]"
02-06-2018 16:45:57 Wire.java DEBUG [Forwarding setTimeout on session 45560e61c641417dd174dfd9b0352340 to remote] http.wire 73 - http-outgoing-182 << "[\r][\n]"
02-06-2018 16:45:57 Wire.java DEBUG [Forwarding setTimeout on session 45560e61c641417dd174dfd9b0352340 to remote] http.wire 87 - http-outgoing-182 << "{"sessionId":"45560e61c641417dd174dfd9b0352340","status":0,"value":null}"
02-06-2018 16:45:57 LoggingManagedHttpClientConnection.java DEBUG [Forwarding setTimeout on session 45560e61c641417dd174dfd9b0352340 to remote] http.headers 122 - http-outgoing-182 << HTTP/1.1 200 OK
02-06-2018 16:45:57 LoggingManagedHttpClientConnection.java DEBUG [Forwarding setTimeout on session 45560e61c641417dd174dfd9b0352340 to remote] http.headers 125 - http-outgoing-182 << Content-Length:72
02-06-2018 16:45:57 LoggingManagedHttpClientConnection.java DEBUG [Forwarding setTimeout on session 45560e61c641417dd174dfd9b0352340 to remote] http.headers 125 - http-outgoing-182 << Content-Type:application/json; charset=utf-8
02-06-2018 16:45:57 LoggingManagedHttpClientConnection.java DEBUG [Forwarding setTimeout on session 45560e61c641417dd174dfd9b0352340 to remote] http.headers 125 - http-outgoing-182 << Connection:close
02-06-2018 16:45:57 LoggingManagedHttpClientConnection.java DEBUG [Forwarding setTimeout on session 45560e61c641417dd174dfd9b0352340 to remote] conn.DefaultManagedHttpClientConnection 79 - http-outgoing-182: Close connection
02-06-2018 16:45:57 ConnectionHolder.java DEBUG [Forwarding setTimeout on session 45560e61c641417dd174dfd9b0352340 to remote] execchain.MainClientExec 104 - Connection discarded
02-06-2018 16:45:57 PoolingHttpClientConnectionManager.java DEBUG [Forwarding setTimeout on session 45560e61c641417dd174dfd9b0352340 to remote] conn.PoolingHttpClientConnectionManager 326 - Connection released: [id: 182][route: {}->http://localhost:44932][total kept alive: 0; route allocated: 0 of 2000; total allocated: 0 of 2000]
02-06-2018 16:45:57 RequestAddCookies.java DEBUG [Forwarding get on session 45560e61c641417dd174dfd9b0352340 to remote] protocol.RequestAddCookies 123 - CookieSpec selected: default
02-06-2018 16:45:57 RequestAuthCache.java DEBUG [Forwarding get on session 45560e61c641417dd174dfd9b0352340 to remote] protocol.RequestAuthCache 77 - Auth cache not set in the context
02-06-2018 16:45:57 PoolingHttpClientConnectionManager.java DEBUG [Forwarding get on session 45560e61c641417dd174dfd9b0352340 to remote] conn.PoolingHttpClientConnectionManager 255 - Connection request: [route: {}->http://localhost:44932][total kept alive: 0; route allocated: 0 of 2000; total allocated: 0 of 2000]
02-06-2018 16:45:57 PoolingHttpClientConnectionManager.java DEBUG [Forwarding get on session 45560e61c641417dd174dfd9b0352340 to remote] conn.PoolingHttpClientConnectionManager 288 - Connection leased: [id: 183][route: {}->http://localhost:44932][total kept alive: 0; route allocated: 1 of 2000; total allocated: 1 of 2000]
02-06-2018 16:45:57 MainClientExec.java DEBUG [Forwarding get on session 45560e61c641417dd174dfd9b0352340 to remote] execchain.MainClientExec 235 - Opening connection {}->http://localhost:44932
02-06-2018 16:45:57 DefaultHttpClientConnectionOperator.java DEBUG [Forwarding get on session 45560e61c641417dd174dfd9b0352340 to remote] conn.DefaultHttpClientConnectionOperator 139 - Connecting to localhost/127.0.0.1:44932
02-06-2018 16:45:57 DefaultHttpClientConnectionOperator.java DEBUG [Forwarding get on session 45560e61c641417dd174dfd9b0352340 to remote] conn.DefaultHttpClientConnectionOperator 146 - Connection established 127.0.0.1:60166<->127.0.0.1:44932
02-06-2018 16:45:57 LoggingManagedHttpClientConnection.java DEBUG [Forwarding get on session 45560e61c641417dd174dfd9b0352340 to remote] conn.DefaultManagedHttpClientConnection 88 - http-outgoing-183: set socket timeout to 10800000
02-06-2018 16:45:57 MainClientExec.java DEBUG [Forwarding get on session 45560e61c641417dd174dfd9b0352340 to remote] execchain.MainClientExec 256 - Executing request POST /session/45560e61c641417dd174dfd9b0352340/url HTTP/1.1
02-06-2018 16:45:57 MainClientExec.java DEBUG [Forwarding get on session 45560e61c641417dd174dfd9b0352340 to remote] execchain.MainClientExec 261 - Target auth state: UNCHALLENGED
02-06-2018 16:45:57 MainClientExec.java DEBUG [Forwarding get on session 45560e61c641417dd174dfd9b0352340 to remote] execchain.MainClientExec 267 - Proxy auth state: UNCHALLENGED
02-06-2018 16:45:57 LoggingManagedHttpClientConnection.java DEBUG [Forwarding get on session 45560e61c641417dd174dfd9b0352340 to remote] http.headers 133 - http-outgoing-183 >> POST /session/45560e61c641417dd174dfd9b0352340/url HTTP/1.1
02-06-2018 16:45:57 LoggingManagedHttpClientConnection.java DEBUG [Forwarding get on session 45560e61c641417dd174dfd9b0352340 to remote] http.headers 136 - http-outgoing-183 >> Content-Type: application/json; charset=utf-8
02-06-2018 16:45:57 LoggingManagedHttpClientConnection.java DEBUG [Forwarding get on session 45560e61c641417dd174dfd9b0352340 to remote] http.headers 136 - http-outgoing-183 >> Content-Length: 36
02-06-2018 16:45:57 LoggingManagedHttpClientConnection.java DEBUG [Forwarding get on session 45560e61c641417dd174dfd9b0352340 to remote] http.headers 136 - http-outgoing-183 >> Host: localhost:44932
02-06-2018 16:45:57 LoggingManagedHttpClientConnection.java DEBUG [Forwarding get on session 45560e61c641417dd174dfd9b0352340 to remote] http.headers 136 - http-outgoing-183 >> Connection: Keep-Alive
02-06-2018 16:45:57 LoggingManagedHttpClientConnection.java DEBUG [Forwarding get on session 45560e61c641417dd174dfd9b0352340 to remote] http.headers 136 - http-outgoing-183 >> User-Agent: Apache-HttpClient/4.5.3 (Java/1.8.0_151)
02-06-2018 16:45:57 LoggingManagedHttpClientConnection.java DEBUG [Forwarding get on session 45560e61c641417dd174dfd9b0352340 to remote] http.headers 136 - http-outgoing-183 >> Accept-Encoding: gzip,deflate
02-06-2018 16:45:57 Wire.java DEBUG [Forwarding get on session 45560e61c641417dd174dfd9b0352340 to remote] http.wire 73 - http-outgoing-183 >> "POST /session/45560e61c641417dd174dfd9b0352340/url HTTP/1.1[\r][\n]"
02-06-2018 16:45:57 Wire.java DEBUG [Forwarding get on session 45560e61c641417dd174dfd9b0352340 to remote] http.wire 73 - http-outgoing-183 >> "Content-Type: application/json; charset=utf-8[\r][\n]"
02-06-2018 16:45:57 Wire.java DEBUG [Forwarding get on session 45560e61c641417dd174dfd9b0352340 to remote] http.wire 73 - http-outgoing-183 >> "Content-Length: 36[\r][\n]"
02-06-2018 16:45:57 Wire.java DEBUG [Forwarding get on session 45560e61c641417dd174dfd9b0352340 to remote] http.wire 73 - http-outgoing-183 >> "Host: localhost:44932[\r][\n]"
02-06-2018 16:45:57 Wire.java DEBUG [Forwarding get on session 45560e61c641417dd174dfd9b0352340 to remote] http.wire 73 - http-outgoing-183 >> "Connection: Keep-Alive[\r][\n]"
02-06-2018 16:45:57 Wire.java DEBUG [Forwarding get on session 45560e61c641417dd174dfd9b0352340 to remote] http.wire 73 - http-outgoing-183 >> "User-Agent: Apache-HttpClient/4.5.3 (Java/1.8.0_151)[\r][\n]"
02-06-2018 16:45:57 Wire.java DEBUG [Forwarding get on session 45560e61c641417dd174dfd9b0352340 to remote] http.wire 73 - http-outgoing-183 >> "Accept-Encoding: gzip,deflate[\r][\n]"
02-06-2018 16:45:57 Wire.java DEBUG [Forwarding get on session 45560e61c641417dd174dfd9b0352340 to remote] http.wire 73 - http-outgoing-183 >> "[\r][\n]"
02-06-2018 16:45:57 Wire.java DEBUG [Forwarding get on session 45560e61c641417dd174dfd9b0352340 to remote] http.wire 87 - http-outgoing-183 >> "{"url":"http://jusdone.atomic77.in"}"
02-06-2018 16:45:59 Wire.java DEBUG [Forwarding get on session 45560e61c641417dd174dfd9b0352340 to remote] http.wire 73 - http-outgoing-183 << "HTTP/1.1 200 OK[\r][\n]"
02-06-2018 16:45:59 Wire.java DEBUG [Forwarding get on session 45560e61c641417dd174dfd9b0352340 to remote] http.wire 73 - http-outgoing-183 << "Content-Length:72[\r][\n]"
02-06-2018 16:45:59 Wire.java DEBUG [Forwarding get on session 45560e61c641417dd174dfd9b0352340 to remote] http.wire 73 - http-outgoing-183 << "Content-Type:application/json; charset=utf-8[\r][\n]"
02-06-2018 16:45:59 Wire.java DEBUG [Forwarding get on session 45560e61c641417dd174dfd9b0352340 to remote] http.wire 73 - http-outgoing-183 << "Connection:close[\r][\n]"
02-06-2018 16:45:59 Wire.java DEBUG [Forwarding get on session 45560e61c641417dd174dfd9b0352340 to remote] http.wire 73 - http-outgoing-183 << "[\r][\n]"
02-06-2018 16:45:59 Wire.java DEBUG [Forwarding get on session 45560e61c641417dd174dfd9b0352340 to remote] http.wire 87 - http-outgoing-183 << "{"sessionId":"45560e61c641417dd174dfd9b0352340","status":0,"value":null}"
02-06-2018 16:45:59 LoggingManagedHttpClientConnection.java DEBUG [Forwarding get on session 45560e61c641417dd174dfd9b0352340 to remote] http.headers 122 - http-outgoing-183 << HTTP/1.1 200 OK
02-06-2018 16:45:59 LoggingManagedHttpClientConnection.java DEBUG [Forwarding get on session 45560e61c641417dd174dfd9b0352340 to remote] http.headers 125 - http-outgoing-183 << Content-Length:72
02-06-2018 16:45:59 LoggingManagedHttpClientConnection.java DEBUG [Forwarding get on session 45560e61c641417dd174dfd9b0352340 to remote] http.headers 125 - http-outgoing-183 << Content-Type:application/json; charset=utf-8
02-06-2018 16:45:59 LoggingManagedHttpClientConnection.java DEBUG [Forwarding get on session 45560e61c641417dd174dfd9b0352340 to remote] http.headers 125 - http-outgoing-183 << Connection:close
02-06-2018 16:45:59 LoggingManagedHttpClientConnection.java DEBUG [Forwarding get on session 45560e61c641417dd174dfd9b0352340 to remote] conn.DefaultManagedHttpClientConnection 79 - http-outgoing-183: Close connection
02-06-2018 16:45:59 ConnectionHolder.java DEBUG [Forwarding get on session 45560e61c641417dd174dfd9b0352340 to remote] execchain.MainClientExec 104 - Connection discarded
02-06-2018 16:45:59 PoolingHttpClientConnectionManager.java DEBUG [Forwarding get on session 45560e61c641417dd174dfd9b0352340 to remote] conn.PoolingHttpClientConnectionManager 326 - Connection released: [id: 183][route: {}->http://localhost:44932][total kept alive: 0; route allocated: 0 of 2000; total allocated: 0 of 2000]
02-06-2018 16:45:59 RequestAddCookies.java DEBUG [Forwarding findElement on session 45560e61c641417dd174dfd9b0352340 to remote] protocol.RequestAddCookies 123 - CookieSpec selected: default
02-06-2018 16:45:59 RequestAuthCache.java DEBUG [Forwarding findElement on session 45560e61c641417dd174dfd9b0352340 to remote] protocol.RequestAuthCache 77 - Auth cache not set in the context
02-06-2018 16:45:59 PoolingHttpClientConnectionManager.java DEBUG [Forwarding findElement on session 45560e61c641417dd174dfd9b0352340 to remote] conn.PoolingHttpClientConnectionManager 255 - Connection request: [route: {}->http://localhost:44932][total kept alive: 0; route allocated: 0 of 2000; total allocated: 0 of 2000]
02-06-2018 16:45:59 PoolingHttpClientConnectionManager.java DEBUG [Forwarding findElement on session 45560e61c641417dd174dfd9b0352340 to remote] conn.PoolingHttpClientConnectionManager 288 - Connection leased: [id: 184][route: {}->http://localhost:44932][total kept alive: 0; route allocated: 1 of 2000; total allocated: 1 of 2000]
02-06-2018 16:45:59 MainClientExec.java DEBUG [Forwarding findElement on session 45560e61c641417dd174dfd9b0352340 to remote] execchain.MainClientExec 235 - Opening connection {}->http://localhost:44932
02-06-2018 16:45:59 DefaultHttpClientConnectionOperator.java DEBUG [Forwarding findElement on session 45560e61c641417dd174dfd9b0352340 to remote] conn.DefaultHttpClientConnectionOperator 139 - Connecting to localhost/127.0.0.1:44932
02-06-2018 16:45:59 DefaultHttpClientConnectionOperator.java DEBUG [Forwarding findElement on session 45560e61c641417dd174dfd9b0352340 to remote] conn.DefaultHttpClientConnectionOperator 146 - Connection established 127.0.0.1:60173<->127.0.0.1:44932
02-06-2018 16:45:59 LoggingManagedHttpClientConnection.java DEBUG [Forwarding findElement on session 45560e61c641417dd174dfd9b0352340 to remote] conn.DefaultManagedHttpClientConnection 88 - http-outgoing-184: set socket timeout to 10800000
02-06-2018 16:45:59 MainClientExec.java DEBUG [Forwarding findElement on session 45560e61c641417dd174dfd9b0352340 to remote] execchain.MainClientExec 256 - Executing request POST /session/45560e61c641417dd174dfd9b0352340/element HTTP/1.1
02-06-2018 16:45:59 MainClientExec.java DEBUG [Forwarding findElement on session 45560e61c641417dd174dfd9b0352340 to remote] execchain.MainClientExec 261 - Target auth state: UNCHALLENGED
02-06-2018 16:45:59 MainClientExec.java DEBUG [Forwarding findElement on session 45560e61c641417dd174dfd9b0352340 to remote] execchain.MainClientExec 267 - Proxy auth state: UNCHALLENGED
02-06-2018 16:45:59 LoggingManagedHttpClientConnection.java DEBUG [Forwarding findElement on session 45560e61c641417dd174dfd9b0352340 to remote] http.headers 133 - http-outgoing-184 >> POST /session/45560e61c641417dd174dfd9b0352340/element HTTP/1.1
02-06-2018 16:45:59 LoggingManagedHttpClientConnection.java DEBUG [Forwarding findElement on session 45560e61c641417dd174dfd9b0352340 to remote] http.headers 136 - http-outgoing-184 >> Content-Type: application/json; charset=utf-8
02-06-2018 16:45:59 LoggingManagedHttpClientConnection.java DEBUG [Forwarding findElement on session 45560e61c641417dd174dfd9b0352340 to remote] http.headers 136 - http-outgoing-184 >> Content-Length: 61
02-06-2018 16:45:59 LoggingManagedHttpClientConnection.java DEBUG [Forwarding findElement on session 45560e61c641417dd174dfd9b0352340 to remote] http.headers 136 - http-outgoing-184 >> Host: localhost:44932
02-06-2018 16:45:59 LoggingManagedHttpClientConnection.java DEBUG [Forwarding findElement on session 45560e61c641417dd174dfd9b0352340 to remote] http.headers 136 - http-outgoing-184 >> Connection: Keep-Alive
02-06-2018 16:45:59 LoggingManagedHttpClientConnection.java DEBUG [Forwarding findElement on session 45560e61c641417dd174dfd9b0352340 to remote] http.headers 136 - http-outgoing-184 >> User-Agent: Apache-HttpClient/4.5.3 (Java/1.8.0_151)
02-06-2018 16:45:59 LoggingManagedHttpClientConnection.java DEBUG [Forwarding findElement on session 45560e61c641417dd174dfd9b0352340 to remote] http.headers 136 - http-outgoing-184 >> Accept-Encoding: gzip,deflate
02-06-2018 16:45:59 Wire.java DEBUG [Forwarding findElement on session 45560e61c641417dd174dfd9b0352340 to remote] http.wire 73 - http-outgoing-184 >> "POST /session/45560e61c641417dd174dfd9b0352340/element HTTP/1.1[\r][\n]"
02-06-2018 16:45:59 Wire.java DEBUG [Forwarding findElement on session 45560e61c641417dd174dfd9b0352340 to remote] http.wire 73 - http-outgoing-184 >> "Content-Type: application/json; charset=utf-8[\r][\n]"
02-06-2018 16:45:59 Wire.java DEBUG [Forwarding findElement on session 45560e61c641417dd174dfd9b0352340 to remote] http.wire 73 - http-outgoing-184 >> "Content-Length: 61[\r][\n]"
02-06-2018 16:45:59 Wire.java DEBUG [Forwarding findElement on session 45560e61c641417dd174dfd9b0352340 to remote] http.wire 73 - http-outgoing-184 >> "Host: localhost:44932[\r][\n]"
02-06-2018 16:45:59 Wire.java DEBUG [Forwarding findElement on session 45560e61c641417dd174dfd9b0352340 to remote] http.wire 73 - http-outgoing-184 >> "Connection: Keep-Alive[\r][\n]"
02-06-2018 16:45:59 Wire.java DEBUG [Forwarding findElement on session 45560e61c641417dd174dfd9b0352340 to remote] http.wire 73 - http-outgoing-184 >> "User-Agent: Apache-HttpClient/4.5.3 (Java/1.8.0_151)[\r][\n]"
02-06-2018 16:45:59 Wire.java DEBUG [Forwarding findElement on session 45560e61c641417dd174dfd9b0352340 to remote] http.wire 73 - http-outgoing-184 >> "Accept-Encoding: gzip,deflate[\r][\n]"
02-06-2018 16:45:59 Wire.java DEBUG [Forwarding findElement on session 45560e61c641417dd174dfd9b0352340 to remote] http.wire 73 - http-outgoing-184 >> "[\r][\n]"
02-06-2018 16:45:59 Wire.java DEBUG [Forwarding findElement on session 45560e61c641417dd174dfd9b0352340 to remote] http.wire 87 - http-outgoing-184 >> "{"using":"xpath","value":"//label[@for\u003d\u0027c3\u0027]"}"
02-06-2018 16:45:59 Wire.java DEBUG [Forwarding findElement on session 45560e61c641417dd174dfd9b0352340 to remote] http.wire 73 - http-outgoing-184 << "HTTP/1.1 200 OK[\r][\n]"
02-06-2018 16:45:59 Wire.java DEBUG [Forwarding findElement on session 45560e61c641417dd174dfd9b0352340 to remote] http.wire 73 - http-outgoing-184 << "Content-Length:102[\r][\n]"
02-06-2018 16:45:59 Wire.java DEBUG [Forwarding findElement on session 45560e61c641417dd174dfd9b0352340 to remote] http.wire 73 - http-outgoing-184 << "Content-Type:application/json; charset=utf-8[\r][\n]"
02-06-2018 16:45:59 Wire.java DEBUG [Forwarding findElement on session 45560e61c641417dd174dfd9b0352340 to remote] http.wire 73 - http-outgoing-184 << "Connection:close[\r][\n]"
02-06-2018 16:45:59 Wire.java DEBUG [Forwarding findElement on session 45560e61c641417dd174dfd9b0352340 to remote] http.wire 73 - http-outgoing-184 << "[\r][\n]"
02-06-2018 16:45:59 Wire.java DEBUG [Forwarding findElement on session 45560e61c641417dd174dfd9b0352340 to remote] http.wire 87 - http-outgoing-184 << "{"sessionId":"45560e61c641417dd174dfd9b0352340","status":0,"value":{"ELEMENT":"0.8583055587211521-1"}}"
02-06-2018 16:45:59 LoggingManagedHttpClientConnection.java DEBUG [Forwarding findElement on session 45560e61c641417dd174dfd9b0352340 to remote] http.headers 122 - http-outgoing-184 << HTTP/1.1 200 OK
02-06-2018 16:45:59 LoggingManagedHttpClientConnection.java DEBUG [Forwarding findElement on session 45560e61c641417dd174dfd9b0352340 to remote] http.headers 125 - http-outgoing-184 << Content-Length:102
02-06-2018 16:45:59 LoggingManagedHttpClientConnection.java DEBUG [Forwarding findElement on session 45560e61c641417dd174dfd9b0352340 to remote] http.headers 125 - http-outgoing-184 << Content-Type:application/json; charset=utf-8
02-06-2018 16:45:59 LoggingManagedHttpClientConnection.java DEBUG [Forwarding findElement on session 45560e61c641417dd174dfd9b0352340 to remote] http.headers 125 - http-outgoing-184 << Connection:close
02-06-2018 16:45:59 LoggingManagedHttpClientConnection.java DEBUG [Forwarding findElement on session 45560e61c641417dd174dfd9b0352340 to remote] conn.DefaultManagedHttpClientConnection 79 - http-outgoing-184: Close connection
02-06-2018 16:45:59 ConnectionHolder.java DEBUG [Forwarding findElement on session 45560e61c641417dd174dfd9b0352340 to remote] execchain.MainClientExec 104 - Connection discarded
02-06-2018 16:45:59 PoolingHttpClientConnectionManager.java DEBUG [Forwarding findElement on session 45560e61c641417dd174dfd9b0352340 to remote] conn.PoolingHttpClientConnectionManager 326 - Connection released: [id: 184][route: {}->http://localhost:44932][total kept alive: 0; route allocated: 0 of 2000; total allocated: 0 of 2000]
02-06-2018 16:45:59 RequestAddCookies.java DEBUG [Forwarding clickElement on session 45560e61c641417dd174dfd9b0352340 to remote] protocol.RequestAddCookies 123 - CookieSpec selected: default
02-06-2018 16:45:59 RequestAuthCache.java DEBUG [Forwarding clickElement on session 45560e61c641417dd174dfd9b0352340 to remote] protocol.RequestAuthCache 77 - Auth cache not set in the context
02-06-2018 16:45:59 PoolingHttpClientConnectionManager.java DEBUG [Forwarding clickElement on session 45560e61c641417dd174dfd9b0352340 to remote] conn.PoolingHttpClientConnectionManager 255 - Connection request: [route: {}->http://localhost:44932][total kept alive: 0; route allocated: 0 of 2000; total allocated: 0 of 2000]
02-06-2018 16:45:59 PoolingHttpClientConnectionManager.java DEBUG [Forwarding clickElement on session 45560e61c641417dd174dfd9b0352340 to remote] conn.PoolingHttpClientConnectionManager 288 - Connection leased: [id: 185][route: {}->http://localhost:44932][total kept alive: 0; route allocated: 1 of 2000; total allocated: 1 of 2000]
02-06-2018 16:45:59 MainClientExec.java DEBUG [Forwarding clickElement on session 45560e61c641417dd174dfd9b0352340 to remote] execchain.MainClientExec 235 - Opening connection {}->http://localhost:44932
02-06-2018 16:45:59 DefaultHttpClientConnectionOperator.java DEBUG [Forwarding clickElement on session 45560e61c641417dd174dfd9b0352340 to remote] conn.DefaultHttpClientConnectionOperator 139 - Connecting to localhost/127.0.0.1:44932
02-06-2018 16:45:59 DefaultHttpClientConnectionOperator.java DEBUG [Forwarding clickElement on session 45560e61c641417dd174dfd9b0352340 to remote] conn.DefaultHttpClientConnectionOperator 146 - Connection established 127.0.0.1:60174<->127.0.0.1:44932
02-06-2018 16:45:59 LoggingManagedHttpClientConnection.java DEBUG [Forwarding clickElement on session 45560e61c641417dd174dfd9b0352340 to remote] conn.DefaultManagedHttpClientConnection 88 - http-outgoing-185: set socket timeout to 10800000
02-06-2018 16:45:59 MainClientExec.java DEBUG [Forwarding clickElement on session 45560e61c641417dd174dfd9b0352340 to remote] execchain.MainClientExec 256 - Executing request POST /session/45560e61c641417dd174dfd9b0352340/element/0.8583055587211521-1/click HTTP/1.1
02-06-2018 16:45:59 MainClientExec.java DEBUG [Forwarding clickElement on session 45560e61c641417dd174dfd9b0352340 to remote] execchain.MainClientExec 261 - Target auth state: UNCHALLENGED
02-06-2018 16:45:59 MainClientExec.java DEBUG [Forwarding clickElement on session 45560e61c641417dd174dfd9b0352340 to remote] execchain.MainClientExec 267 - Proxy auth state: UNCHALLENGED
02-06-2018 16:45:59 LoggingManagedHttpClientConnection.java DEBUG [Forwarding clickElement on session 45560e61c641417dd174dfd9b0352340 to remote] http.headers 133 - http-outgoing-185 >> POST /session/45560e61c641417dd174dfd9b0352340/element/0.8583055587211521-1/click HTTP/1.1
02-06-2018 16:45:59 LoggingManagedHttpClientConnection.java DEBUG [Forwarding clickElement on session 45560e61c641417dd174dfd9b0352340 to remote] http.headers 136 - http-outgoing-185 >> Content-Type: application/json; charset=utf-8
02-06-2018 16:45:59 LoggingManagedHttpClientConnection.java DEBUG [Forwarding clickElement on session 45560e61c641417dd174dfd9b0352340 to remote] http.headers 136 - http-outgoing-185 >> Content-Length: 29
02-06-2018 16:45:59 LoggingManagedHttpClientConnection.java DEBUG [Forwarding clickElement on session 45560e61c641417dd174dfd9b0352340 to remote] http.headers 136 - http-outgoing-185 >> Host: localhost:44932
02-06-2018 16:45:59 LoggingManagedHttpClientConnection.java DEBUG [Forwarding clickElement on session 45560e61c641417dd174dfd9b0352340 to remote] http.headers 136 - http-outgoing-185 >> Connection: Keep-Alive
02-06-2018 16:45:59 LoggingManagedHttpClientConnection.java DEBUG [Forwarding clickElement on session 45560e61c641417dd174dfd9b0352340 to remote] http.headers 136 - http-outgoing-185 >> User-Agent: Apache-HttpClient/4.5.3 (Java/1.8.0_151)
02-06-2018 16:45:59 LoggingManagedHttpClientConnection.java DEBUG [Forwarding clickElement on session 45560e61c641417dd174dfd9b0352340 to remote] http.headers 136 - http-outgoing-185 >> Accept-Encoding: gzip,deflate
02-06-2018 16:45:59 Wire.java DEBUG [Forwarding clickElement on session 45560e61c641417dd174dfd9b0352340 to remote] http.wire 73 - http-outgoing-185 >> "POST /session/45560e61c641417dd174dfd9b0352340/element/0.8583055587211521-1/click HTTP/1.1[\r][\n]"
02-06-2018 16:45:59 Wire.java DEBUG [Forwarding clickElement on session 45560e61c641417dd174dfd9b0352340 to remote] http.wire 73 - http-outgoing-185 >> "Content-Type: application/json; charset=utf-8[\r][\n]"
02-06-2018 16:45:59 Wire.java DEBUG [Forwarding clickElement on session 45560e61c641417dd174dfd9b0352340 to remote] http.wire 73 - http-outgoing-185 >> "Content-Length: 29[\r][\n]"
02-06-2018 16:45:59 Wire.java DEBUG [Forwarding clickElement on session 45560e61c641417dd174dfd9b0352340 to remote] http.wire 73 - http-outgoing-185 >> "Host: localhost:44932[\r][\n]"
02-06-2018 16:45:59 Wire.java DEBUG [Forwarding clickElement on session 45560e61c641417dd174dfd9b0352340 to remote] http.wire 73 - http-outgoing-185 >> "Connection: Keep-Alive[\r][\n]"
02-06-2018 16:45:59 Wire.java DEBUG [Forwarding clickElement on session 45560e61c641417dd174dfd9b0352340 to remote] http.wire 73 - http-outgoing-185 >> "User-Agent: Apache-HttpClient/4.5.3 (Java/1.8.0_151)[\r][\n]"
02-06-2018 16:45:59 Wire.java DEBUG [Forwarding clickElement on session 45560e61c641417dd174dfd9b0352340 to remote] http.wire 73 - http-outgoing-185 >> "Accept-Encoding: gzip,deflate[\r][\n]"
02-06-2018 16:45:59 Wire.java DEBUG [Forwarding clickElement on session 45560e61c641417dd174dfd9b0352340 to remote] http.wire 73 - http-outgoing-185 >> "[\r][\n]"
02-06-2018 16:45:59 Wire.java DEBUG [Forwarding clickElement on session 45560e61c641417dd174dfd9b0352340 to remote] http.wire 87 - http-outgoing-185 >> "{"id":"0.8583055587211521-1"}"
02-06-2018 16:46:01 Wire.java DEBUG [Forwarding clickElement on session 45560e61c641417dd174dfd9b0352340 to remote] http.wire 73 - http-outgoing-185 << "HTTP/1.1 200 OK[\r][\n]"
02-06-2018 16:46:01 Wire.java DEBUG [Forwarding clickElement on session 45560e61c641417dd174dfd9b0352340 to remote] http.wire 73 - http-outgoing-185 << "Content-Length:72[\r][\n]"
02-06-2018 16:46:01 Wire.java DEBUG [Forwarding clickElement on session 45560e61c641417dd174dfd9b0352340 to remote] http.wire 73 - http-outgoing-185 << "Content-Type:application/json; charset=utf-8[\r][\n]"
02-06-2018 16:46:01 Wire.java DEBUG [Forwarding clickElement on session 45560e61c641417dd174dfd9b0352340 to remote] http.wire 73 - http-outgoing-185 << "Connection:close[\r][\n]"
02-06-2018 16:46:01 Wire.java DEBUG [Forwarding clickElement on session 45560e61c641417dd174dfd9b0352340 to remote] http.wire 73 - http-outgoing-185 << "[\r][\n]"
02-06-2018 16:46:01 Wire.java DEBUG [Forwarding clickElement on session 45560e61c641417dd174dfd9b0352340 to remote] http.wire 87 - http-outgoing-185 << "{"sessionId":"45560e61c641417dd174dfd9b0352340","status":0,"value":null}"
02-06-2018 16:46:01 LoggingManagedHttpClientConnection.java DEBUG [Forwarding clickElement on session 45560e61c641417dd174dfd9b0352340 to remote] http.headers 122 - http-outgoing-185 << HTTP/1.1 200 OK
02-06-2018 16:46:01 LoggingManagedHttpClientConnection.java DEBUG [Forwarding clickElement on session 45560e61c641417dd174dfd9b0352340 to remote] http.headers 125 - http-outgoing-185 << Content-Length:72
02-06-2018 16:46:01 LoggingManagedHttpClientConnection.java DEBUG [Forwarding clickElement on session 45560e61c641417dd174dfd9b0352340 to remote] http.headers 125 - http-outgoing-185 << Content-Type:application/json; charset=utf-8
02-06-2018 16:46:01 LoggingManagedHttpClientConnection.java DEBUG [Forwarding clickElement on session 45560e61c641417dd174dfd9b0352340 to remote] http.headers 125 - http-outgoing-185 << Connection:close
02-06-2018 16:46:01 LoggingManagedHttpClientConnection.java DEBUG [Forwarding clickElement on session 45560e61c641417dd174dfd9b0352340 to remote] conn.DefaultManagedHttpClientConnection 79 - http-outgoing-185: Close connection
02-06-2018 16:46:01 ConnectionHolder.java DEBUG [Forwarding clickElement on session 45560e61c641417dd174dfd9b0352340 to remote] execchain.MainClientExec 104 - Connection discarded
02-06-2018 16:46:01 PoolingHttpClientConnectionManager.java DEBUG [Forwarding clickElement on session 45560e61c641417dd174dfd9b0352340 to remote] conn.PoolingHttpClientConnectionManager 326 - Connection released: [id: 185][route: {}->http://localhost:44932][total kept alive: 0; route allocated: 0 of 2000; total allocated: 0 of 2000]
02-06-2018 16:46:01 RequestAddCookies.java DEBUG [Forwarding findElement on session 45560e61c641417dd174dfd9b0352340 to remote] protocol.RequestAddCookies 123 - CookieSpec selected: default
02-06-2018 16:46:01 RequestAuthCache.java DEBUG [Forwarding findElement on session 45560e61c641417dd174dfd9b0352340 to remote] protocol.RequestAuthCache 77 - Auth cache not set in the context
02-06-2018 16:46:01 PoolingHttpClientConnectionManager.java DEBUG [Forwarding findElement on session 45560e61c641417dd174dfd9b0352340 to remote] conn.PoolingHttpClientConnectionManager 255 - Connection request: [route: {}->http://localhost:44932][total kept alive: 0; route allocated: 0 of 2000; total allocated: 0 of 2000]
02-06-2018 16:46:01 PoolingHttpClientConnectionManager.java DEBUG [Forwarding findElement on session 45560e61c641417dd174dfd9b0352340 to remote] conn.PoolingHttpClientConnectionManager 288 - Connection leased: [id: 186][route: {}->http://localhost:44932][total kept alive: 0; route allocated: 1 of 2000; total allocated: 1 of 2000]
02-06-2018 16:46:01 MainClientExec.java DEBUG [Forwarding findElement on session 45560e61c641417dd174dfd9b0352340 to remote] execchain.MainClientExec 235 - Opening connection {}->http://localhost:44932
02-06-2018 16:46:01 DefaultHttpClientConnectionOperator.java DEBUG [Forwarding findElement on session 45560e61c641417dd174dfd9b0352340 to remote] conn.DefaultHttpClientConnectionOperator 139 - Connecting to localhost/127.0.0.1:44932
02-06-2018 16:46:01 DefaultHttpClientConnectionOperator.java DEBUG [Forwarding findElement on session 45560e61c641417dd174dfd9b0352340 to remote] conn.DefaultHttpClientConnectionOperator 146 - Connection established 127.0.0.1:60180<->127.0.0.1:44932
02-06-2018 16:46:01 LoggingManagedHttpClientConnection.java DEBUG [Forwarding findElement on session 45560e61c641417dd174dfd9b0352340 to remote] conn.DefaultManagedHttpClientConnection 88 - http-outgoing-186: set socket timeout to 10800000
02-06-2018 16:46:01 MainClientExec.java DEBUG [Forwarding findElement on session 45560e61c641417dd174dfd9b0352340 to remote] execchain.MainClientExec 256 - Executing request POST /session/45560e61c641417dd174dfd9b0352340/element HTTP/1.1
02-06-2018 16:46:01 MainClientExec.java DEBUG [Forwarding findElement on session 45560e61c641417dd174dfd9b0352340 to remote] execchain.MainClientExec 261 - Target auth state: UNCHALLENGED
02-06-2018 16:46:01 MainClientExec.java DEBUG [Forwarding findElement on session 45560e61c641417dd174dfd9b0352340 to remote] execchain.MainClientExec 267 - Proxy auth state: UNCHALLENGED
02-06-2018 16:46:01 LoggingManagedHttpClientConnection.java DEBUG [Forwarding findElement on session 45560e61c641417dd174dfd9b0352340 to remote] http.headers 133 - http-outgoing-186 >> POST /session/45560e61c641417dd174dfd9b0352340/element HTTP/1.1
02-06-2018 16:46:01 LoggingManagedHttpClientConnection.java DEBUG [Forwarding findElement on session 45560e61c641417dd174dfd9b0352340 to remote] http.headers 136 - http-outgoing-186 >> Content-Type: application/json; charset=utf-8
02-06-2018 16:46:01 LoggingManagedHttpClientConnection.java DEBUG [Forwarding findElement on session 45560e61c641417dd174dfd9b0352340 to remote] http.headers 136 - http-outgoing-186 >> Content-Length: 58
02-06-2018 16:46:01 LoggingManagedHttpClientConnection.java DEBUG [Forwarding findElement on session 45560e61c641417dd174dfd9b0352340 to remote] http.headers 136 - http-outgoing-186 >> Host: localhost:44932
02-06-2018 16:46:01 LoggingManagedHttpClientConnection.java DEBUG [Forwarding findElement on session 45560e61c641417dd174dfd9b0352340 to remote] http.headers 136 - http-outgoing-186 >> Connection: Keep-Alive
02-06-2018 16:46:01 LoggingManagedHttpClientConnection.java DEBUG [Forwarding findElement on session 45560e61c641417dd174dfd9b0352340 to remote] http.headers 136 - http-outgoing-186 >> User-Agent: Apache-HttpClient/4.5.3 (Java/1.8.0_151)
02-06-2018 16:46:01 LoggingManagedHttpClientConnection.java DEBUG [Forwarding findElement on session 45560e61c641417dd174dfd9b0352340 to remote] http.headers 136 - http-outgoing-186 >> Accept-Encoding: gzip,deflate
02-06-2018 16:46:01 Wire.java DEBUG [Forwarding findElement on session 45560e61c641417dd174dfd9b0352340 to remote] http.wire 73 - http-outgoing-186 >> "POST /session/45560e61c641417dd174dfd9b0352340/element HTTP/1.1[\r][\n]"
02-06-2018 16:46:01 Wire.java DEBUG [Forwarding findElement on session 45560e61c641417dd174dfd9b0352340 to remote] http.wire 73 - http-outgoing-186 >> "Content-Type: application/json; charset=utf-8[\r][\n]"
02-06-2018 16:46:01 Wire.java DEBUG [Forwarding findElement on session 45560e61c641417dd174dfd9b0352340 to remote] http.wire 73 - http-outgoing-186 >> "Content-Length: 58[\r][\n]"
02-06-2018 16:46:01 Wire.java DEBUG [Forwarding findElement on session 45560e61c641417dd174dfd9b0352340 to remote] http.wire 73 - http-outgoing-186 >> "Host: localhost:44932[\r][\n]"
02-06-2018 16:46:01 Wire.java DEBUG [Forwarding findElement on session 45560e61c641417dd174dfd9b0352340 to remote] http.wire 73 - http-outgoing-186 >> "Connection: Keep-Alive[\r][\n]"
02-06-2018 16:46:01 Wire.java DEBUG [Forwarding findElement on session 45560e61c641417dd174dfd9b0352340 to remote] http.wire 73 - http-outgoing-186 >> "User-Agent: Apache-HttpClient/4.5.3 (Java/1.8.0_151)[\r][\n]"
02-06-2018 16:46:01 Wire.java DEBUG [Forwarding findElement on session 45560e61c641417dd174dfd9b0352340 to remote] http.wire 73 - http-outgoing-186 >> "Accept-Encoding: gzip,deflate[\r][\n]"
02-06-2018 16:46:01 Wire.java DEBUG [Forwarding findElement on session 45560e61c641417dd174dfd9b0352340 to remote] http.wire 73 - http-outgoing-186 >> "[\r][\n]"
02-06-2018 16:46:01 Wire.java DEBUG [Forwarding findElement on session 45560e61c641417dd174dfd9b0352340 to remote] http.wire 87 - http-outgoing-186 >> "{"using":"xpath","value":"//*[@id\u003d\u0027name\u0027]"}"
02-06-2018 16:46:01 Wire.java DEBUG [Forwarding findElement on session 45560e61c641417dd174dfd9b0352340 to remote] http.wire 73 - http-outgoing-186 << "HTTP/1.1 200 OK[\r][\n]"
02-06-2018 16:46:01 Wire.java DEBUG [Forwarding findElement on session 45560e61c641417dd174dfd9b0352340 to remote] http.wire 73 - http-outgoing-186 << "Content-Length:102[\r][\n]"
02-06-2018 16:46:01 Wire.java DEBUG [Forwarding findElement on session 45560e61c641417dd174dfd9b0352340 to remote] http.wire 73 - http-outgoing-186 << "Content-Type:application/json; charset=utf-8[\r][\n]"
02-06-2018 16:46:01 Wire.java DEBUG [Forwarding findElement on session 45560e61c641417dd174dfd9b0352340 to remote] http.wire 73 - http-outgoing-186 << "Connection:close[\r][\n]"
02-06-2018 16:46:01 Wire.java DEBUG [Forwarding findElement on session 45560e61c641417dd174dfd9b0352340 to remote] http.wire 73 - http-outgoing-186 << "[\r][\n]"
02-06-2018 16:46:01 Wire.java DEBUG [Forwarding findElement on session 45560e61c641417dd174dfd9b0352340 to remote] http.wire 87 - http-outgoing-186 << "{"sessionId":"45560e61c641417dd174dfd9b0352340","status":0,"value":{"ELEMENT":"0.9930238590539904-1"}}"
02-06-2018 16:46:01 LoggingManagedHttpClientConnection.java DEBUG [Forwarding findElement on session 45560e61c641417dd174dfd9b0352340 to remote] http.headers 122 - http-outgoing-186 << HTTP/1.1 200 OK
02-06-2018 16:46:01 LoggingManagedHttpClientConnection.java DEBUG [Forwarding findElement on session 45560e61c641417dd174dfd9b0352340 to remote] http.headers 125 - http-outgoing-186 << Content-Length:102
02-06-2018 16:46:01 LoggingManagedHttpClientConnection.java DEBUG [Forwarding findElement on session 45560e61c641417dd174dfd9b0352340 to remote] http.headers 125 - http-outgoing-186 << Content-Type:application/json; charset=utf-8
02-06-2018 16:46:01 LoggingManagedHttpClientConnection.java DEBUG [Forwarding findElement on session 45560e61c641417dd174dfd9b0352340 to remote] http.headers 125 - http-outgoing-186 << Connection:close
02-06-2018 16:46:01 LoggingManagedHttpClientConnection.java DEBUG [Forwarding findElement on session 45560e61c641417dd174dfd9b0352340 to remote] conn.DefaultManagedHttpClientConnection 79 - http-outgoing-186: Close connection
02-06-2018 16:46:01 ConnectionHolder.java DEBUG [Forwarding findElement on session 45560e61c641417dd174dfd9b0352340 to remote] execchain.MainClientExec 104 - Connection discarded
02-06-2018 16:46:01 PoolingHttpClientConnectionManager.java DEBUG [Forwarding findElement on session 45560e61c641417dd174dfd9b0352340 to remote] conn.PoolingHttpClientConnectionManager 326 - Connection released: [id: 186][route: {}->http://localhost:44932][total kept alive: 0; route allocated: 0 of 2000; total allocated: 0 of 2000]
02-06-2018 16:46:01 RequestAddCookies.java DEBUG [Forwarding executeScript on session 45560e61c641417dd174dfd9b0352340 to remote] protocol.RequestAddCookies 123 - CookieSpec selected: default
02-06-2018 16:46:01 RequestAuthCache.java DEBUG [Forwarding executeScript on session 45560e61c641417dd174dfd9b0352340 to remote] protocol.RequestAuthCache 77 - Auth cache not set in the context
02-06-2018 16:46:01 PoolingHttpClientConnectionManager.java DEBUG [Forwarding executeScript on session 45560e61c641417dd174dfd9b0352340 to remote] conn.PoolingHttpClientConnectionManager 255 - Connection request: [route: {}->http://localhost:44932][total kept alive: 0; route allocated: 0 of 2000; total allocated: 0 of 2000]
02-06-2018 16:46:01 PoolingHttpClientConnectionManager.java DEBUG [Forwarding executeScript on session 45560e61c641417dd174dfd9b0352340 to remote] conn.PoolingHttpClientConnectionManager 288 - Connection leased: [id: 187][route: {}->http://localhost:44932][total kept alive: 0; route allocated: 1 of 2000; total allocated: 1 of 2000]
02-06-2018 16:46:01 MainClientExec.java DEBUG [Forwarding executeScript on session 45560e61c641417dd174dfd9b0352340 to remote] execchain.MainClientExec 235 - Opening connection {}->http://localhost:44932
02-06-2018 16:46:01 DefaultHttpClientConnectionOperator.java DEBUG [Forwarding executeScript on session 45560e61c641417dd174dfd9b0352340 to remote] conn.DefaultHttpClientConnectionOperator 139 - Connecting to localhost/127.0.0.1:44932
02-06-2018 16:46:01 DefaultHttpClientConnectionOperator.java DEBUG [Forwarding executeScript on session 45560e61c641417dd174dfd9b0352340 to remote] conn.DefaultHttpClientConnectionOperator 146 - Connection established 127.0.0.1:60181<->127.0.0.1:44932
02-06-2018 16:46:01 LoggingManagedHttpClientConnection.java DEBUG [Forwarding executeScript on session 45560e61c641417dd174dfd9b0352340 to remote] conn.DefaultManagedHttpClientConnection 88 - http-outgoing-187: set socket timeout to 10800000
02-06-2018 16:46:01 MainClientExec.java DEBUG [Forwarding executeScript on session 45560e61c641417dd174dfd9b0352340 to remote] execchain.MainClientExec 256 - Executing request POST /session/45560e61c641417dd174dfd9b0352340/execute HTTP/1.1
02-06-2018 16:46:01 MainClientExec.java DEBUG [Forwarding executeScript on session 45560e61c641417dd174dfd9b0352340 to remote] execchain.MainClientExec 261 - Target auth state: UNCHALLENGED
02-06-2018 16:46:01 MainClientExec.java DEBUG [Forwarding executeScript on session 45560e61c641417dd174dfd9b0352340 to remote] execchain.MainClientExec 267 - Proxy auth state: UNCHALLENGED
02-06-2018 16:46:01 LoggingManagedHttpClientConnection.java DEBUG [Forwarding executeScript on session 45560e61c641417dd174dfd9b0352340 to remote] http.headers 133 - http-outgoing-187 >> POST /session/45560e61c641417dd174dfd9b0352340/execute HTTP/1.1
02-06-2018 16:46:01 LoggingManagedHttpClientConnection.java DEBUG [Forwarding executeScript on session 45560e61c641417dd174dfd9b0352340 to remote] http.headers 136 - http-outgoing-187 >> Content-Type: application/json; charset=utf-8
02-06-2018 16:46:01 LoggingManagedHttpClientConnection.java DEBUG [Forwarding executeScript on session 45560e61c641417dd174dfd9b0352340 to remote] http.headers 136 - http-outgoing-187 >> Content-Length: 139
02-06-2018 16:46:01 LoggingManagedHttpClientConnection.java DEBUG [Forwarding executeScript on session 45560e61c641417dd174dfd9b0352340 to remote] http.headers 136 - http-outgoing-187 >> Host: localhost:44932
02-06-2018 16:46:01 LoggingManagedHttpClientConnection.java DEBUG [Forwarding executeScript on session 45560e61c641417dd174dfd9b0352340 to remote] http.headers 136 - http-outgoing-187 >> Connection: Keep-Alive
02-06-2018 16:46:01 LoggingManagedHttpClientConnection.java DEBUG [Forwarding executeScript on session 45560e61c641417dd174dfd9b0352340 to remote] http.headers 136 - http-outgoing-187 >> User-Agent: Apache-HttpClient/4.5.3 (Java/1.8.0_151)
02-06-2018 16:46:01 LoggingManagedHttpClientConnection.java DEBUG [Forwarding executeScript on session 45560e61c641417dd174dfd9b0352340 to remote] http.headers 136 - http-outgoing-187 >> Accept-Encoding: gzip,deflate
02-06-2018 16:46:01 Wire.java DEBUG [Forwarding executeScript on session 45560e61c641417dd174dfd9b0352340 to remote] http.wire 73 - http-outgoing-187 >> "POST /session/45560e61c641417dd174dfd9b0352340/execute HTTP/1.1[\r][\n]"
02-06-2018 16:46:01 Wire.java DEBUG [Forwarding executeScript on session 45560e61c641417dd174dfd9b0352340 to remote] http.wire 73 - http-outgoing-187 >> "Content-Type: application/json; charset=utf-8[\r][\n]"
02-06-2018 16:46:01 Wire.java DEBUG [Forwarding executeScript on session 45560e61c641417dd174dfd9b0352340 to remote] http.wire 73 - http-outgoing-187 >> "Content-Length: 139[\r][\n]"
02-06-2018 16:46:01 Wire.java DEBUG [Forwarding executeScript on session 45560e61c641417dd174dfd9b0352340 to remote] http.wire 73 - http-outgoing-187 >> "Host: localhost:44932[\r][\n]"
02-06-2018 16:46:01 Wire.java DEBUG [Forwarding executeScript on session 45560e61c641417dd174dfd9b0352340 to remote] http.wire 73 - http-outgoing-187 >> "Connection: Keep-Alive[\r][\n]"
02-06-2018 16:46:01 Wire.java DEBUG [Forwarding executeScript on session 45560e61c641417dd174dfd9b0352340 to remote] http.wire 73 - http-outgoing-187 >> "User-Agent: Apache-HttpClient/4.5.3 (Java/1.8.0_151)[\r][\n]"
02-06-2018 16:46:01 Wire.java DEBUG [Forwarding executeScript on session 45560e61c641417dd174dfd9b0352340 to remote] http.wire 73 - http-outgoing-187 >> "Accept-Encoding: gzip,deflate[\r][\n]"
02-06-2018 16:46:01 Wire.java DEBUG [Forwarding executeScript on session 45560e61c641417dd174dfd9b0352340 to remote] http.wire 73 - http-outgoing-187 >> "[\r][\n]"
02-06-2018 16:46:01 Wire.java DEBUG [Forwarding executeScript on session 45560e61c641417dd174dfd9b0352340 to remote] http.wire 87 - http-outgoing-187 >> "{"script":"arguments[0].click();","args":[{"ELEMENT":"0.9930238590539904-1","element-6066-11e4-a52e-4f735466cecf":"0.9930238590539904-1"}]}"
02-06-2018 16:46:01 Wire.java DEBUG [Forwarding executeScript on session 45560e61c641417dd174dfd9b0352340 to remote] http.wire 73 - http-outgoing-187 << "HTTP/1.1 200 OK[\r][\n]"
02-06-2018 16:46:01 Wire.java DEBUG [Forwarding executeScript on session 45560e61c641417dd174dfd9b0352340 to remote] http.wire 73 - http-outgoing-187 << "Content-Length:72[\r][\n]"
02-06-2018 16:46:01 Wire.java DEBUG [Forwarding executeScript on session 45560e61c641417dd174dfd9b0352340 to remote] http.wire 73 - http-outgoing-187 << "Content-Type:application/json; charset=utf-8[\r][\n]"
02-06-2018 16:46:01 Wire.java DEBUG [Forwarding executeScript on session 45560e61c641417dd174dfd9b0352340 to remote] http.wire 73 - http-outgoing-187 << "Connection:close[\r][\n]"
02-06-2018 16:46:01 Wire.java DEBUG [Forwarding executeScript on session 45560e61c641417dd174dfd9b0352340 to remote] http.wire 73 - http-outgoing-187 << "[\r][\n]"
02-06-2018 16:46:01 Wire.java DEBUG [Forwarding executeScript on session 45560e61c641417dd174dfd9b0352340 to remote] http.wire 87 - http-outgoing-187 << "{"sessionId":"45560e61c641417dd174dfd9b0352340","status":0,"value":null}"
02-06-2018 16:46:01 LoggingManagedHttpClientConnection.java DEBUG [Forwarding executeScript on session 45560e61c641417dd174dfd9b0352340 to remote] http.headers 122 - http-outgoing-187 << HTTP/1.1 200 OK
02-06-2018 16:46:01 LoggingManagedHttpClientConnection.java DEBUG [Forwarding executeScript on session 45560e61c641417dd174dfd9b0352340 to remote] http.headers 125 - http-outgoing-187 << Content-Length:72
02-06-2018 16:46:01 LoggingManagedHttpClientConnection.java DEBUG [Forwarding executeScript on session 45560e61c641417dd174dfd9b0352340 to remote] http.headers 125 - http-outgoing-187 << Content-Type:application/json; charset=utf-8
02-06-2018 16:46:01 LoggingManagedHttpClientConnection.java DEBUG [Forwarding executeScript on session 45560e61c641417dd174dfd9b0352340 to remote] http.headers 125 - http-outgoing-187 << Connection:close
02-06-2018 16:46:01 LoggingManagedHttpClientConnection.java DEBUG [Forwarding executeScript on session 45560e61c641417dd174dfd9b0352340 to remote] conn.DefaultManagedHttpClientConnection 79 - http-outgoing-187: Close connection
02-06-2018 16:46:01 ConnectionHolder.java DEBUG [Forwarding executeScript on session 45560e61c641417dd174dfd9b0352340 to remote] execchain.MainClientExec 104 - Connection discarded
02-06-2018 16:46:01 PoolingHttpClientConnectionManager.java DEBUG [Forwarding executeScript on session 45560e61c641417dd174dfd9b0352340 to remote] conn.PoolingHttpClientConnectionManager 326 - Connection released: [id: 187][route: {}->http://localhost:44932][total kept alive: 0; route allocated: 0 of 2000; total allocated: 0 of 2000]
02-06-2018 16:46:01 RequestAddCookies.java DEBUG [Forwarding findElement on session 45560e61c641417dd174dfd9b0352340 to remote] protocol.RequestAddCookies 123 - CookieSpec selected: default
02-06-2018 16:46:01 RequestAuthCache.java DEBUG [Forwarding findElement on session 45560e61c641417dd174dfd9b0352340 to remote] protocol.RequestAuthCache 77 - Auth cache not set in the context
02-06-2018 16:46:01 PoolingHttpClientConnectionManager.java DEBUG [Forwarding findElement on session 45560e61c641417dd174dfd9b0352340 to remote] conn.PoolingHttpClientConnectionManager 255 - Connection request: [route: {}->http://localhost:44932][total kept alive: 0; route allocated: 0 of 2000; total allocated: 0 of 2000]
02-06-2018 16:46:01 PoolingHttpClientConnectionManager.java DEBUG [Forwarding findElement on session 45560e61c641417dd174dfd9b0352340 to remote] conn.PoolingHttpClientConnectionManager 288 - Connection leased: [id: 188][route: {}->http://localhost:44932][total kept alive: 0; route allocated: 1 of 2000; total allocated: 1 of 2000]
02-06-2018 16:46:01 MainClientExec.java DEBUG [Forwarding findElement on session 45560e61c641417dd174dfd9b0352340 to remote] execchain.MainClientExec 235 - Opening connection {}->http://localhost:44932
02-06-2018 16:46:01 DefaultHttpClientConnectionOperator.java DEBUG [Forwarding findElement on session 45560e61c641417dd174dfd9b0352340 to remote] conn.DefaultHttpClientConnectionOperator 139 - Connecting to localhost/127.0.0.1:44932
02-06-2018 16:46:01 DefaultHttpClientConnectionOperator.java DEBUG [Forwarding findElement on session 45560e61c641417dd174dfd9b0352340 to remote] conn.DefaultHttpClientConnectionOperator 146 - Connection established 127.0.0.1:60182<->127.0.0.1:44932
02-06-2018 16:46:01 LoggingManagedHttpClientConnection.java DEBUG [Forwarding findElement on session 45560e61c641417dd174dfd9b0352340 to remote] conn.DefaultManagedHttpClientConnection 88 - http-outgoing-188: set socket timeout to 10800000
02-06-2018 16:46:01 MainClientExec.java DEBUG [Forwarding findElement on session 45560e61c641417dd174dfd9b0352340 to remote] execchain.MainClientExec 256 - Executing request POST /session/45560e61c641417dd174dfd9b0352340/element HTTP/1.1
02-06-2018 16:46:01 MainClientExec.java DEBUG [Forwarding findElement on session 45560e61c641417dd174dfd9b0352340 to remote] execchain.MainClientExec 261 - Target auth state: UNCHALLENGED
02-06-2018 16:46:01 MainClientExec.java DEBUG [Forwarding findElement on session 45560e61c641417dd174dfd9b0352340 to remote] execchain.MainClientExec 267 - Proxy auth state: UNCHALLENGED
02-06-2018 16:46:01 LoggingManagedHttpClientConnection.java DEBUG [Forwarding findElement on session 45560e61c641417dd174dfd9b0352340 to remote] http.headers 133 - http-outgoing-188 >> POST /session/45560e61c641417dd174dfd9b0352340/element HTTP/1.1
02-06-2018 16:46:01 LoggingManagedHttpClientConnection.java DEBUG [Forwarding findElement on session 45560e61c641417dd174dfd9b0352340 to remote] http.headers 136 - http-outgoing-188 >> Content-Type: application/json; charset=utf-8
02-06-2018 16:46:01 LoggingManagedHttpClientConnection.java DEBUG [Forwarding findElement on session 45560e61c641417dd174dfd9b0352340 to remote] http.headers 136 - http-outgoing-188 >> Content-Length: 58
02-06-2018 16:46:01 LoggingManagedHttpClientConnection.java DEBUG [Forwarding findElement on session 45560e61c641417dd174dfd9b0352340 to remote] http.headers 136 - http-outgoing-188 >> Host: localhost:44932
02-06-2018 16:46:01 LoggingManagedHttpClientConnection.java DEBUG [Forwarding findElement on session 45560e61c641417dd174dfd9b0352340 to remote] http.headers 136 - http-outgoing-188 >> Connection: Keep-Alive
02-06-2018 16:46:01 LoggingManagedHttpClientConnection.java DEBUG [Forwarding findElement on session 45560e61c641417dd174dfd9b0352340 to remote] http.headers 136 - http-outgoing-188 >> User-Agent: Apache-HttpClient/4.5.3 (Java/1.8.0_151)
02-06-2018 16:46:01 LoggingManagedHttpClientConnection.java DEBUG [Forwarding findElement on session 45560e61c641417dd174dfd9b0352340 to remote] http.headers 136 - http-outgoing-188 >> Accept-Encoding: gzip,deflate
02-06-2018 16:46:01 Wire.java DEBUG [Forwarding findElement on session 45560e61c641417dd174dfd9b0352340 to remote] http.wire 73 - http-outgoing-188 >> "POST /session/45560e61c641417dd174dfd9b0352340/element HTTP/1.1[\r][\n]"
02-06-2018 16:46:01 Wire.java DEBUG [Forwarding findElement on session 45560e61c641417dd174dfd9b0352340 to remote] http.wire 73 - http-outgoing-188 >> "Content-Type: application/json; charset=utf-8[\r][\n]"
02-06-2018 16:46:01 Wire.java DEBUG [Forwarding findElement on session 45560e61c641417dd174dfd9b0352340 to remote] http.wire 73 - http-outgoing-188 >> "Content-Length: 58[\r][\n]"
02-06-2018 16:46:01 Wire.java DEBUG [Forwarding findElement on session 45560e61c641417dd174dfd9b0352340 to remote] http.wire 73 - http-outgoing-188 >> "Host: localhost:44932[\r][\n]"
02-06-2018 16:46:01 Wire.java DEBUG [Forwarding findElement on session 45560e61c641417dd174dfd9b0352340 to remote] http.wire 73 - http-outgoing-188 >> "Connection: Keep-Alive[\r][\n]"
02-06-2018 16:46:01 Wire.java DEBUG [Forwarding findElement on session 45560e61c641417dd174dfd9b0352340 to remote] http.wire 73 - http-outgoing-188 >> "User-Agent: Apache-HttpClient/4.5.3 (Java/1.8.0_151)[\r][\n]"
02-06-2018 16:46:01 Wire.java DEBUG [Forwarding findElement on session 45560e61c641417dd174dfd9b0352340 to remote] http.wire 73 - http-outgoing-188 >> "Accept-Encoding: gzip,deflate[\r][\n]"
02-06-2018 16:46:01 Wire.java DEBUG [Forwarding findElement on session 45560e61c641417dd174dfd9b0352340 to remote] http.wire 73 - http-outgoing-188 >> "[\r][\n]"
02-06-2018 16:46:01 Wire.java DEBUG [Forwarding findElement on session 45560e61c641417dd174dfd9b0352340 to remote] http.wire 87 - http-outgoing-188 >> "{"using":"xpath","value":"//*[@id\u003d\u0027name\u0027]"}"
02-06-2018 16:46:01 Wire.java DEBUG [Forwarding findElement on session 45560e61c641417dd174dfd9b0352340 to remote] http.wire 73 - http-outgoing-188 << "HTTP/1.1 200 OK[\r][\n]"
02-06-2018 16:46:01 Wire.java DEBUG [Forwarding findElement on session 45560e61c641417dd174dfd9b0352340 to remote] http.wire 73 - http-outgoing-188 << "Content-Length:102[\r][\n]"
02-06-2018 16:46:01 Wire.java DEBUG [Forwarding findElement on session 45560e61c641417dd174dfd9b0352340 to remote] http.wire 73 - http-outgoing-188 << "Content-Type:application/json; charset=utf-8[\r][\n]"
02-06-2018 16:46:01 Wire.java DEBUG [Forwarding findElement on session 45560e61c641417dd174dfd9b0352340 to remote] http.wire 73 - http-outgoing-188 << "Connection:close[\r][\n]"
02-06-2018 16:46:01 Wire.java DEBUG [Forwarding findElement on session 45560e61c641417dd174dfd9b0352340 to remote] http.wire 73 - http-outgoing-188 << "[\r][\n]"
02-06-2018 16:46:01 Wire.java DEBUG [Forwarding findElement on session 45560e61c641417dd174dfd9b0352340 to remote] http.wire 87 - http-outgoing-188 << "{"sessionId":"45560e61c641417dd174dfd9b0352340","status":0,"value":{"ELEMENT":"0.9930238590539904-1"}}"
02-06-2018 16:46:01 LoggingManagedHttpClientConnection.java DEBUG [Forwarding findElement on session 45560e61c641417dd174dfd9b0352340 to remote] http.headers 122 - http-outgoing-188 << HTTP/1.1 200 OK
02-06-2018 16:46:01 LoggingManagedHttpClientConnection.java DEBUG [Forwarding findElement on session 45560e61c641417dd174dfd9b0352340 to remote] http.headers 125 - http-outgoing-188 << Content-Length:102
02-06-2018 16:46:01 LoggingManagedHttpClientConnection.java DEBUG [Forwarding findElement on session 45560e61c641417dd174dfd9b0352340 to remote] http.headers 125 - http-outgoing-188 << Content-Type:application/json; charset=utf-8
02-06-2018 16:46:01 LoggingManagedHttpClientConnection.java DEBUG [Forwarding findElement on session 45560e61c641417dd174dfd9b0352340 to remote] http.headers 125 - http-outgoing-188 << Connection:close
02-06-2018 16:46:01 LoggingManagedHttpClientConnection.java DEBUG [Forwarding findElement on session 45560e61c641417dd174dfd9b0352340 to remote] conn.DefaultManagedHttpClientConnection 79 - http-outgoing-188: Close connection
02-06-2018 16:46:01 ConnectionHolder.java DEBUG [Forwarding findElement on session 45560e61c641417dd174dfd9b0352340 to remote] execchain.MainClientExec 104 - Connection discarded
02-06-2018 16:46:01 PoolingHttpClientConnectionManager.java DEBUG [Forwarding findElement on session 45560e61c641417dd174dfd9b0352340 to remote] conn.PoolingHttpClientConnectionManager 326 - Connection released: [id: 188][route: {}->http://localhost:44932][total kept alive: 0; route allocated: 0 of 2000; total allocated: 0 of 2000]
02-06-2018 16:46:01 RequestAddCookies.java DEBUG [Forwarding sendKeysToElement on session 45560e61c641417dd174dfd9b0352340 to remote] protocol.RequestAddCookies 123 - CookieSpec selected: default
02-06-2018 16:46:01 RequestAuthCache.java DEBUG [Forwarding sendKeysToElement on session 45560e61c641417dd174dfd9b0352340 to remote] protocol.RequestAuthCache 77 - Auth cache not set in the context
02-06-2018 16:46:01 PoolingHttpClientConnectionManager.java DEBUG [Forwarding sendKeysToElement on session 45560e61c641417dd174dfd9b0352340 to remote] conn.PoolingHttpClientConnectionManager 255 - Connection request: [route: {}->http://localhost:44932][total kept alive: 0; route allocated: 0 of 2000; total allocated: 0 of 2000]
02-06-2018 16:46:01 PoolingHttpClientConnectionManager.java DEBUG [Forwarding sendKeysToElement on session 45560e61c641417dd174dfd9b0352340 to remote] conn.PoolingHttpClientConnectionManager 288 - Connection leased: [id: 189][route: {}->http://localhost:44932][total kept alive: 0; route allocated: 1 of 2000; total allocated: 1 of 2000]
02-06-2018 16:46:01 MainClientExec.java DEBUG [Forwarding sendKeysToElement on session 45560e61c641417dd174dfd9b0352340 to remote] execchain.MainClientExec 235 - Opening connection {}->http://localhost:44932
02-06-2018 16:46:01 DefaultHttpClientConnectionOperator.java DEBUG [Forwarding sendKeysToElement on session 45560e61c641417dd174dfd9b0352340 to remote] conn.DefaultHttpClientConnectionOperator 139 - Connecting to localhost/127.0.0.1:44932
02-06-2018 16:46:01 DefaultHttpClientConnectionOperator.java DEBUG [Forwarding sendKeysToElement on session 45560e61c641417dd174dfd9b0352340 to remote] conn.DefaultHttpClientConnectionOperator 146 - Connection established 127.0.0.1:60183<->127.0.0.1:44932
02-06-2018 16:46:01 LoggingManagedHttpClientConnection.java DEBUG [Forwarding sendKeysToElement on session 45560e61c641417dd174dfd9b0352340 to remote] conn.DefaultManagedHttpClientConnection 88 - http-outgoing-189: set socket timeout to 10800000
02-06-2018 16:46:01 MainClientExec.java DEBUG [Forwarding sendKeysToElement on session 45560e61c641417dd174dfd9b0352340 to remote] execchain.MainClientExec 256 - Executing request POST /session/45560e61c641417dd174dfd9b0352340/element/0.9930238590539904-1/value HTTP/1.1
02-06-2018 16:46:01 MainClientExec.java DEBUG [Forwarding sendKeysToElement on session 45560e61c641417dd174dfd9b0352340 to remote] execchain.MainClientExec 261 - Target auth state: UNCHALLENGED
02-06-2018 16:46:01 MainClientExec.java DEBUG [Forwarding sendKeysToElement on session 45560e61c641417dd174dfd9b0352340 to remote] execchain.MainClientExec 267 - Proxy auth state: UNCHALLENGED
02-06-2018 16:46:01 LoggingManagedHttpClientConnection.java DEBUG [Forwarding sendKeysToElement on session 45560e61c641417dd174dfd9b0352340 to remote] http.headers 133 - http-outgoing-189 >> POST /session/45560e61c641417dd174dfd9b0352340/element/0.9930238590539904-1/value HTTP/1.1
02-06-2018 16:46:01 LoggingManagedHttpClientConnection.java DEBUG [Forwarding sendKeysToElement on session 45560e61c641417dd174dfd9b0352340 to remote] http.headers 136 - http-outgoing-189 >> Content-Type: application/json; charset=utf-8
02-06-2018 16:46:01 LoggingManagedHttpClientConnection.java DEBUG [Forwarding sendKeysToElement on session 45560e61c641417dd174dfd9b0352340 to remote] http.headers 136 - http-outgoing-189 >> Content-Length: 45
02-06-2018 16:46:01 LoggingManagedHttpClientConnection.java DEBUG [Forwarding sendKeysToElement on session 45560e61c641417dd174dfd9b0352340 to remote] http.headers 136 - http-outgoing-189 >> Host: localhost:44932
02-06-2018 16:46:01 LoggingManagedHttpClientConnection.java DEBUG [Forwarding sendKeysToElement on session 45560e61c641417dd174dfd9b0352340 to remote] http.headers 136 - http-outgoing-189 >> Connection: Keep-Alive
02-06-2018 16:46:01 LoggingManagedHttpClientConnection.java DEBUG [Forwarding sendKeysToElement on session 45560e61c641417dd174dfd9b0352340 to remote] http.headers 136 - http-outgoing-189 >> User-Agent: Apache-HttpClient/4.5.3 (Java/1.8.0_151)
02-06-2018 16:46:01 LoggingManagedHttpClientConnection.java DEBUG [Forwarding sendKeysToElement on session 45560e61c641417dd174dfd9b0352340 to remote] http.headers 136 - http-outgoing-189 >> Accept-Encoding: gzip,deflate
02-06-2018 16:46:01 Wire.java DEBUG [Forwarding sendKeysToElement on session 45560e61c641417dd174dfd9b0352340 to remote] http.wire 73 - http-outgoing-189 >> "POST /session/45560e61c641417dd174dfd9b0352340/element/0.9930238590539904-1/value HTTP/1.1[\r][\n]"
02-06-2018 16:46:01 Wire.java DEBUG [Forwarding sendKeysToElement on session 45560e61c641417dd174dfd9b0352340 to remote] http.wire 73 - http-outgoing-189 >> "Content-Type: application/json; charset=utf-8[\r][\n]"
02-06-2018 16:46:01 Wire.java DEBUG [Forwarding sendKeysToElement on session 45560e61c641417dd174dfd9b0352340 to remote] http.wire 73 - http-outgoing-189 >> "Content-Length: 45[\r][\n]"
02-06-2018 16:46:01 Wire.java DEBUG [Forwarding sendKeysToElement on session 45560e61c641417dd174dfd9b0352340 to remote] http.wire 73 - http-outgoing-189 >> "Host: localhost:44932[\r][\n]"
02-06-2018 16:46:01 Wire.java DEBUG [Forwarding sendKeysToElement on session 45560e61c641417dd174dfd9b0352340 to remote] http.wire 73 - http-outgoing-189 >> "Connection: Keep-Alive[\r][\n]"
02-06-2018 16:46:01 Wire.java DEBUG [Forwarding sendKeysToElement on session 45560e61c641417dd174dfd9b0352340 to remote] http.wire 73 - http-outgoing-189 >> "User-Agent: Apache-HttpClient/4.5.3 (Java/1.8.0_151)[\r][\n]"
02-06-2018 16:46:01 Wire.java DEBUG [Forwarding sendKeysToElement on session 45560e61c641417dd174dfd9b0352340 to remote] http.wire 73 - http-outgoing-189 >> "Accept-Encoding: gzip,deflate[\r][\n]"
02-06-2018 16:46:01 Wire.java DEBUG [Forwarding sendKeysToElement on session 45560e61c641417dd174dfd9b0352340 to remote] http.wire 73 - http-outgoing-189 >> "[\r][\n]"
02-06-2018 16:46:01 Wire.java DEBUG [Forwarding sendKeysToElement on session 45560e61c641417dd174dfd9b0352340 to remote] http.wire 87 - http-outgoing-189 >> "{"id":"0.9930238590539904-1","value":["sv7"]}"
02-06-2018 16:46:01 Wire.java DEBUG [Forwarding sendKeysToElement on session 45560e61c641417dd174dfd9b0352340 to remote] http.wire 73 - http-outgoing-189 << "HTTP/1.1 200 OK[\r][\n]"
02-06-2018 16:46:01 Wire.java DEBUG [Forwarding sendKeysToElement on session 45560e61c641417dd174dfd9b0352340 to remote] http.wire 73 - http-outgoing-189 << "Content-Length:72[\r][\n]"
02-06-2018 16:46:01 Wire.java DEBUG [Forwarding sendKeysToElement on session 45560e61c641417dd174dfd9b0352340 to remote] http.wire 73 - http-outgoing-189 << "Content-Type:application/json; charset=utf-8[\r][\n]"
02-06-2018 16:46:01 Wire.java DEBUG [Forwarding sendKeysToElement on session 45560e61c641417dd174dfd9b0352340 to remote] http.wire 73 - http-outgoing-189 << "Connection:close[\r][\n]"
02-06-2018 16:46:01 Wire.java DEBUG [Forwarding sendKeysToElement on session 45560e61c641417dd174dfd9b0352340 to remote] http.wire 73 - http-outgoing-189 << "[\r][\n]"
02-06-2018 16:46:01 Wire.java DEBUG [Forwarding sendKeysToElement on session 45560e61c641417dd174dfd9b0352340 to remote] http.wire 87 - http-outgoing-189 << "{"sessionId":"45560e61c641417dd174dfd9b0352340","status":0,"value":null}"
02-06-2018 16:46:01 LoggingManagedHttpClientConnection.java DEBUG [Forwarding sendKeysToElement on session 45560e61c641417dd174dfd9b0352340 to remote] http.headers 122 - http-outgoing-189 << HTTP/1.1 200 OK
02-06-2018 16:46:01 LoggingManagedHttpClientConnection.java DEBUG [Forwarding sendKeysToElement on session 45560e61c641417dd174dfd9b0352340 to remote] http.headers 125 - http-outgoing-189 << Content-Length:72
02-06-2018 16:46:01 LoggingManagedHttpClientConnection.java DEBUG [Forwarding sendKeysToElement on session 45560e61c641417dd174dfd9b0352340 to remote] http.headers 125 - http-outgoing-189 << Content-Type:application/json; charset=utf-8
02-06-2018 16:46:01 LoggingManagedHttpClientConnection.java DEBUG [Forwarding sendKeysToElement on session 45560e61c641417dd174dfd9b0352340 to remote] http.headers 125 - http-outgoing-189 << Connection:close
02-06-2018 16:46:01 LoggingManagedHttpClientConnection.java DEBUG [Forwarding sendKeysToElement on session 45560e61c641417dd174dfd9b0352340 to remote] conn.DefaultManagedHttpClientConnection 79 - http-outgoing-189: Close connection
02-06-2018 16:46:01 ConnectionHolder.java DEBUG [Forwarding sendKeysToElement on session 45560e61c641417dd174dfd9b0352340 to remote] execchain.MainClientExec 104 - Connection discarded
02-06-2018 16:46:01 PoolingHttpClientConnectionManager.java DEBUG [Forwarding sendKeysToElement on session 45560e61c641417dd174dfd9b0352340 to remote] conn.PoolingHttpClientConnectionManager 326 - Connection released: [id: 189][route: {}->http://localhost:44932][total kept alive: 0; route allocated: 0 of 2000; total allocated: 0 of 2000]
02-06-2018 16:46:01 RequestAddCookies.java DEBUG [Forwarding findElement on session 45560e61c641417dd174dfd9b0352340 to remote] protocol.RequestAddCookies 123 - CookieSpec selected: default
02-06-2018 16:46:01 RequestAuthCache.java DEBUG [Forwarding findElement on session 45560e61c641417dd174dfd9b0352340 to remote] protocol.RequestAuthCache 77 - Auth cache not set in the context
02-06-2018 16:46:01 PoolingHttpClientConnectionManager.java DEBUG [Forwarding findElement on session 45560e61c641417dd174dfd9b0352340 to remote] conn.PoolingHttpClientConnectionManager 255 - Connection request: [route: {}->http://localhost:44932][total kept alive: 0; route allocated: 0 of 2000; total allocated: 0 of 2000]
02-06-2018 16:46:01 PoolingHttpClientConnectionManager.java DEBUG [Forwarding findElement on session 45560e61c641417dd174dfd9b0352340 to remote] conn.PoolingHttpClientConnectionManager 288 - Connection leased: [id: 190][route: {}->http://localhost:44932][total kept alive: 0; route allocated: 1 of 2000; total allocated: 1 of 2000]
02-06-2018 16:46:01 MainClientExec.java DEBUG [Forwarding findElement on session 45560e61c641417dd174dfd9b0352340 to remote] execchain.MainClientExec 235 - Opening connection {}->http://localhost:44932
02-06-2018 16:46:01 DefaultHttpClientConnectionOperator.java DEBUG [Forwarding findElement on session 45560e61c641417dd174dfd9b0352340 to remote] conn.DefaultHttpClientConnectionOperator 139 - Connecting to localhost/127.0.0.1:44932
02-06-2018 16:46:01 DefaultHttpClientConnectionOperator.java DEBUG [Forwarding findElement on session 45560e61c641417dd174dfd9b0352340 to remote] conn.DefaultHttpClientConnectionOperator 146 - Connection established 127.0.0.1:60184<->127.0.0.1:44932
02-06-2018 16:46:01 LoggingManagedHttpClientConnection.java DEBUG [Forwarding findElement on session 45560e61c641417dd174dfd9b0352340 to remote] conn.DefaultManagedHttpClientConnection 88 - http-outgoing-190: set socket timeout to 10800000
02-06-2018 16:46:01 MainClientExec.java DEBUG [Forwarding findElement on session 45560e61c641417dd174dfd9b0352340 to remote] execchain.MainClientExec 256 - Executing request POST /session/45560e61c641417dd174dfd9b0352340/element HTTP/1.1
02-06-2018 16:46:01 MainClientExec.java DEBUG [Forwarding findElement on session 45560e61c641417dd174dfd9b0352340 to remote] execchain.MainClientExec 261 - Target auth state: UNCHALLENGED
02-06-2018 16:46:01 MainClientExec.java DEBUG [Forwarding findElement on session 45560e61c641417dd174dfd9b0352340 to remote] execchain.MainClientExec 267 - Proxy auth state: UNCHALLENGED
02-06-2018 16:46:01 LoggingManagedHttpClientConnection.java DEBUG [Forwarding findElement on session 45560e61c641417dd174dfd9b0352340 to remote] http.headers 133 - http-outgoing-190 >> POST /session/45560e61c641417dd174dfd9b0352340/element HTTP/1.1
02-06-2018 16:46:01 LoggingManagedHttpClientConnection.java DEBUG [Forwarding findElement on session 45560e61c641417dd174dfd9b0352340 to remote] http.headers 136 - http-outgoing-190 >> Content-Type: application/json; charset=utf-8
02-06-2018 16:46:01 LoggingManagedHttpClientConnection.java DEBUG [Forwarding findElement on session 45560e61c641417dd174dfd9b0352340 to remote] http.headers 136 - http-outgoing-190 >> Content-Length: 59
02-06-2018 16:46:01 LoggingManagedHttpClientConnection.java DEBUG [Forwarding findElement on session 45560e61c641417dd174dfd9b0352340 to remote] http.headers 136 - http-outgoing-190 >> Host: localhost:44932
02-06-2018 16:46:01 LoggingManagedHttpClientConnection.java DEBUG [Forwarding findElement on session 45560e61c641417dd174dfd9b0352340 to remote] http.headers 136 - http-outgoing-190 >> Connection: Keep-Alive
02-06-2018 16:46:01 LoggingManagedHttpClientConnection.java DEBUG [Forwarding findElement on session 45560e61c641417dd174dfd9b0352340 to remote] http.headers 136 - http-outgoing-190 >> User-Agent: Apache-HttpClient/4.5.3 (Java/1.8.0_151)
02-06-2018 16:46:01 LoggingManagedHttpClientConnection.java DEBUG [Forwarding findElement on session 45560e61c641417dd174dfd9b0352340 to remote] http.headers 136 - http-outgoing-190 >> Accept-Encoding: gzip,deflate
02-06-2018 16:46:01 Wire.java DEBUG [Forwarding findElement on session 45560e61c641417dd174dfd9b0352340 to remote] http.wire 73 - http-outgoing-190 >> "POST /session/45560e61c641417dd174dfd9b0352340/element HTTP/1.1[\r][\n]"
02-06-2018 16:46:01 Wire.java DEBUG [Forwarding findElement on session 45560e61c641417dd174dfd9b0352340 to remote] http.wire 73 - http-outgoing-190 >> "Content-Type: application/json; charset=utf-8[\r][\n]"
02-06-2018 16:46:01 Wire.java DEBUG [Forwarding findElement on session 45560e61c641417dd174dfd9b0352340 to remote] http.wire 73 - http-outgoing-190 >> "Content-Length: 59[\r][\n]"
02-06-2018 16:46:01 Wire.java DEBUG [Forwarding findElement on session 45560e61c641417dd174dfd9b0352340 to remote] http.wire 73 - http-outgoing-190 >> "Host: localhost:44932[\r][\n]"
02-06-2018 16:46:01 Wire.java DEBUG [Forwarding findElement on session 45560e61c641417dd174dfd9b0352340 to remote] http.wire 73 - http-outgoing-190 >> "Connection: Keep-Alive[\r][\n]"
02-06-2018 16:46:01 Wire.java DEBUG [Forwarding findElement on session 45560e61c641417dd174dfd9b0352340 to remote] http.wire 73 - http-outgoing-190 >> "User-Agent: Apache-HttpClient/4.5.3 (Java/1.8.0_151)[\r][\n]"
02-06-2018 16:46:01 Wire.java DEBUG [Forwarding findElement on session 45560e61c641417dd174dfd9b0352340 to remote] http.wire 73 - http-outgoing-190 >> "Accept-Encoding: gzip,deflate[\r][\n]"
02-06-2018 16:46:01 Wire.java DEBUG [Forwarding findElement on session 45560e61c641417dd174dfd9b0352340 to remote] http.wire 73 - http-outgoing-190 >> "[\r][\n]"
02-06-2018 16:46:01 Wire.java DEBUG [Forwarding findElement on session 45560e61c641417dd174dfd9b0352340 to remote] http.wire 87 - http-outgoing-190 >> "{"using":"xpath","value":"//*[@id\u003d\u0027email\u0027]"}"
02-06-2018 16:46:01 Wire.java DEBUG [Forwarding findElement on session 45560e61c641417dd174dfd9b0352340 to remote] http.wire 73 - http-outgoing-190 << "HTTP/1.1 200 OK[\r][\n]"
02-06-2018 16:46:01 Wire.java DEBUG [Forwarding findElement on session 45560e61c641417dd174dfd9b0352340 to remote] http.wire 73 - http-outgoing-190 << "Content-Length:102[\r][\n]"
02-06-2018 16:46:01 Wire.java DEBUG [Forwarding findElement on session 45560e61c641417dd174dfd9b0352340 to remote] http.wire 73 - http-outgoing-190 << "Content-Type:application/json; charset=utf-8[\r][\n]"
02-06-2018 16:46:01 Wire.java DEBUG [Forwarding findElement on session 45560e61c641417dd174dfd9b0352340 to remote] http.wire 73 - http-outgoing-190 << "Connection:close[\r][\n]"
02-06-2018 16:46:01 Wire.java DEBUG [Forwarding findElement on session 45560e61c641417dd174dfd9b0352340 to remote] http.wire 73 - http-outgoing-190 << "[\r][\n]"
02-06-2018 16:46:01 Wire.java DEBUG [Forwarding findElement on session 45560e61c641417dd174dfd9b0352340 to remote] http.wire 87 - http-outgoing-190 << "{"sessionId":"45560e61c641417dd174dfd9b0352340","status":0,"value":{"ELEMENT":"0.9930238590539904-2"}}"
02-06-2018 16:46:01 LoggingManagedHttpClientConnection.java DEBUG [Forwarding findElement on session 45560e61c641417dd174dfd9b0352340 to remote] http.headers 122 - http-outgoing-190 << HTTP/1.1 200 OK
02-06-2018 16:46:01 LoggingManagedHttpClientConnection.java DEBUG [Forwarding findElement on session 45560e61c641417dd174dfd9b0352340 to remote] http.headers 125 - http-outgoing-190 << Content-Length:102
02-06-2018 16:46:01 LoggingManagedHttpClientConnection.java DEBUG [Forwarding findElement on session 45560e61c641417dd174dfd9b0352340 to remote] http.headers 125 - http-outgoing-190 << Content-Type:application/json; charset=utf-8
02-06-2018 16:46:01 LoggingManagedHttpClientConnection.java DEBUG [Forwarding findElement on session 45560e61c641417dd174dfd9b0352340 to remote] http.headers 125 - http-outgoing-190 << Connection:close
02-06-2018 16:46:01 LoggingManagedHttpClientConnection.java DEBUG [Forwarding findElement on session 45560e61c641417dd174dfd9b0352340 to remote] conn.DefaultManagedHttpClientConnection 79 - http-outgoing-190: Close connection
02-06-2018 16:46:01 ConnectionHolder.java DEBUG [Forwarding findElement on session 45560e61c641417dd174dfd9b0352340 to remote] execchain.MainClientExec 104 - Connection discarded
02-06-2018 16:46:01 PoolingHttpClientConnectionManager.java DEBUG [Forwarding findElement on session 45560e61c641417dd174dfd9b0352340 to remote] conn.PoolingHttpClientConnectionManager 326 - Connection released: [id: 190][route: {}->http://localhost:44932][total kept alive: 0; route allocated: 0 of 2000; total allocated: 0 of 2000]
02-06-2018 16:46:01 RequestAddCookies.java DEBUG [Forwarding executeScript on session 45560e61c641417dd174dfd9b0352340 to remote] protocol.RequestAddCookies 123 - CookieSpec selected: default
02-06-2018 16:46:01 RequestAuthCache.java DEBUG [Forwarding executeScript on session 45560e61c641417dd174dfd9b0352340 to remote] protocol.RequestAuthCache 77 - Auth cache not set in the context
02-06-2018 16:46:01 PoolingHttpClientConnectionManager.java DEBUG [Forwarding executeScript on session 45560e61c641417dd174dfd9b0352340 to remote] conn.PoolingHttpClientConnectionManager 255 - Connection request: [route: {}->http://localhost:44932][total kept alive: 0; route allocated: 0 of 2000; total allocated: 0 of 2000]
02-06-2018 16:46:01 PoolingHttpClientConnectionManager.java DEBUG [Forwarding executeScript on session 45560e61c641417dd174dfd9b0352340 to remote] conn.PoolingHttpClientConnectionManager 288 - Connection leased: [id: 191][route: {}->http://localhost:44932][total kept alive: 0; route allocated: 1 of 2000; total allocated: 1 of 2000]
02-06-2018 16:46:01 MainClientExec.java DEBUG [Forwarding executeScript on session 45560e61c641417dd174dfd9b0352340 to remote] execchain.MainClientExec 235 - Opening connection {}->http://localhost:44932
02-06-2018 16:46:01 DefaultHttpClientConnectionOperator.java DEBUG [Forwarding executeScript on session 45560e61c641417dd174dfd9b0352340 to remote] conn.DefaultHttpClientConnectionOperator 139 - Connecting to localhost/127.0.0.1:44932
02-06-2018 16:46:01 DefaultHttpClientConnectionOperator.java DEBUG [Forwarding executeScript on session 45560e61c641417dd174dfd9b0352340 to remote] conn.DefaultHttpClientConnectionOperator 146 - Connection established 127.0.0.1:60185<->127.0.0.1:44932
02-06-2018 16:46:01 LoggingManagedHttpClientConnection.java DEBUG [Forwarding executeScript on session 45560e61c641417dd174dfd9b0352340 to remote] conn.DefaultManagedHttpClientConnection 88 - http-outgoing-191: set socket timeout to 10800000
02-06-2018 16:46:01 MainClientExec.java DEBUG [Forwarding executeScript on session 45560e61c641417dd174dfd9b0352340 to remote] execchain.MainClientExec 256 - Executing request POST /session/45560e61c641417dd174dfd9b0352340/execute HTTP/1.1
02-06-2018 16:46:01 MainClientExec.java DEBUG [Forwarding executeScript on session 45560e61c641417dd174dfd9b0352340 to remote] execchain.MainClientExec 261 - Target auth state: UNCHALLENGED
02-06-2018 16:46:01 MainClientExec.java DEBUG [Forwarding executeScript on session 45560e61c641417dd174dfd9b0352340 to remote] execchain.MainClientExec 267 - Proxy auth state: UNCHALLENGED
02-06-2018 16:46:01 LoggingManagedHttpClientConnection.java DEBUG [Forwarding executeScript on session 45560e61c641417dd174dfd9b0352340 to remote] http.headers 133 - http-outgoing-191 >> POST /session/45560e61c641417dd174dfd9b0352340/execute HTTP/1.1
02-06-2018 16:46:01 LoggingManagedHttpClientConnection.java DEBUG [Forwarding executeScript on session 45560e61c641417dd174dfd9b0352340 to remote] http.headers 136 - http-outgoing-191 >> Content-Type: application/json; charset=utf-8
02-06-2018 16:46:01 LoggingManagedHttpClientConnection.java DEBUG [Forwarding executeScript on session 45560e61c641417dd174dfd9b0352340 to remote] http.headers 136 - http-outgoing-191 >> Content-Length: 139
02-06-2018 16:46:01 LoggingManagedHttpClientConnection.java DEBUG [Forwarding executeScript on session 45560e61c641417dd174dfd9b0352340 to remote] http.headers 136 - http-outgoing-191 >> Host: localhost:44932
02-06-2018 16:46:01 LoggingManagedHttpClientConnection.java DEBUG [Forwarding executeScript on session 45560e61c641417dd174dfd9b0352340 to remote] http.headers 136 - http-outgoing-191 >> Connection: Keep-Alive
02-06-2018 16:46:01 LoggingManagedHttpClientConnection.java DEBUG [Forwarding executeScript on session 45560e61c641417dd174dfd9b0352340 to remote] http.headers 136 - http-outgoing-191 >> User-Agent: Apache-HttpClient/4.5.3 (Java/1.8.0_151)
02-06-2018 16:46:01 LoggingManagedHttpClientConnection.java DEBUG [Forwarding executeScript on session 45560e61c641417dd174dfd9b0352340 to remote] http.headers 136 - http-outgoing-191 >> Accept-Encoding: gzip,deflate
02-06-2018 16:46:01 Wire.java DEBUG [Forwarding executeScript on session 45560e61c641417dd174dfd9b0352340 to remote] http.wire 73 - http-outgoing-191 >> "POST /session/45560e61c641417dd174dfd9b0352340/execute HTTP/1.1[\r][\n]"
02-06-2018 16:46:01 Wire.java DEBUG [Forwarding executeScript on session 45560e61c641417dd174dfd9b0352340 to remote] http.wire 73 - http-outgoing-191 >> "Content-Type: application/json; charset=utf-8[\r][\n]"
02-06-2018 16:46:01 Wire.java DEBUG [Forwarding executeScript on session 45560e61c641417dd174dfd9b0352340 to remote] http.wire 73 - http-outgoing-191 >> "Content-Length: 139[\r][\n]"
02-06-2018 16:46:01 Wire.java DEBUG [Forwarding executeScript on session 45560e61c641417dd174dfd9b0352340 to remote] http.wire 73 - http-outgoing-191 >> "Host: localhost:44932[\r][\n]"
02-06-2018 16:46:01 Wire.java DEBUG [Forwarding executeScript on session 45560e61c641417dd174dfd9b0352340 to remote] http.wire 73 - http-outgoing-191 >> "Connection: Keep-Alive[\r][\n]"
02-06-2018 16:46:01 Wire.java DEBUG [Forwarding executeScript on session 45560e61c641417dd174dfd9b0352340 to remote] http.wire 73 - http-outgoing-191 >> "User-Agent: Apache-HttpClient/4.5.3 (Java/1.8.0_151)[\r][\n]"
02-06-2018 16:46:01 Wire.java DEBUG [Forwarding executeScript on session 45560e61c641417dd174dfd9b0352340 to remote] http.wire 73 - http-outgoing-191 >> "Accept-Encoding: gzip,deflate[\r][\n]"
02-06-2018 16:46:01 Wire.java DEBUG [Forwarding executeScript on session 45560e61c641417dd174dfd9b0352340 to remote] http.wire 73 - http-outgoing-191 >> "[\r][\n]"
02-06-2018 16:46:01 Wire.java DEBUG [Forwarding executeScript on session 45560e61c641417dd174dfd9b0352340 to remote] http.wire 87 - http-outgoing-191 >> "{"script":"arguments[0].click();","args":[{"ELEMENT":"0.9930238590539904-2","element-6066-11e4-a52e-4f735466cecf":"0.9930238590539904-2"}]}"
02-06-2018 16:46:01 Wire.java DEBUG [Forwarding executeScript on session 45560e61c641417dd174dfd9b0352340 to remote] http.wire 73 - http-outgoing-191 << "HTTP/1.1 200 OK[\r][\n]"
02-06-2018 16:46:01 Wire.java DEBUG [Forwarding executeScript on session 45560e61c641417dd174dfd9b0352340 to remote] http.wire 73 - http-outgoing-191 << "Content-Length:72[\r][\n]"
02-06-2018 16:46:01 Wire.java DEBUG [Forwarding executeScript on session 45560e61c641417dd174dfd9b0352340 to remote] http.wire 73 - http-outgoing-191 << "Content-Type:application/json; charset=utf-8[\r][\n]"
02-06-2018 16:46:01 Wire.java DEBUG [Forwarding executeScript on session 45560e61c641417dd174dfd9b0352340 to remote] http.wire 73 - http-outgoing-191 << "Connection:close[\r][\n]"
02-06-2018 16:46:01 Wire.java DEBUG [Forwarding executeScript on session 45560e61c641417dd174dfd9b0352340 to remote] http.wire 73 - http-outgoing-191 << "[\r][\n]"
02-06-2018 16:46:01 Wire.java DEBUG [Forwarding executeScript on session 45560e61c641417dd174dfd9b0352340 to remote] http.wire 87 - http-outgoing-191 << "{"sessionId":"45560e61c641417dd174dfd9b0352340","status":0,"value":null}"
02-06-2018 16:46:01 LoggingManagedHttpClientConnection.java DEBUG [Forwarding executeScript on session 45560e61c641417dd174dfd9b0352340 to remote] http.headers 122 - http-outgoing-191 << HTTP/1.1 200 OK
02-06-2018 16:46:01 LoggingManagedHttpClientConnection.java DEBUG [Forwarding executeScript on session 45560e61c641417dd174dfd9b0352340 to remote] http.headers 125 - http-outgoing-191 << Content-Length:72
02-06-2018 16:46:01 LoggingManagedHttpClientConnection.java DEBUG [Forwarding executeScript on session 45560e61c641417dd174dfd9b0352340 to remote] http.headers 125 - http-outgoing-191 << Content-Type:application/json; charset=utf-8
02-06-2018 16:46:01 LoggingManagedHttpClientConnection.java DEBUG [Forwarding executeScript on session 45560e61c641417dd174dfd9b0352340 to remote] http.headers 125 - http-outgoing-191 << Connection:close
02-06-2018 16:46:01 LoggingManagedHttpClientConnection.java DEBUG [Forwarding executeScript on session 45560e61c641417dd174dfd9b0352340 to remote] conn.DefaultManagedHttpClientConnection 79 - http-outgoing-191: Close connection
02-06-2018 16:46:01 ConnectionHolder.java DEBUG [Forwarding executeScript on session 45560e61c641417dd174dfd9b0352340 to remote] execchain.MainClientExec 104 - Connection discarded
02-06-2018 16:46:01 PoolingHttpClientConnectionManager.java DEBUG [Forwarding executeScript on session 45560e61c641417dd174dfd9b0352340 to remote] conn.PoolingHttpClientConnectionManager 326 - Connection released: [id: 191][route: {}->http://localhost:44932][total kept alive: 0; route allocated: 0 of 2000; total allocated: 0 of 2000]
02-06-2018 16:46:01 RequestAddCookies.java DEBUG [Forwarding findElement on session 45560e61c641417dd174dfd9b0352340 to remote] protocol.RequestAddCookies 123 - CookieSpec selected: default
02-06-2018 16:46:01 RequestAuthCache.java DEBUG [Forwarding findElement on session 45560e61c641417dd174dfd9b0352340 to remote] protocol.RequestAuthCache 77 - Auth cache not set in the context
02-06-2018 16:46:01 PoolingHttpClientConnectionManager.java DEBUG [Forwarding findElement on session 45560e61c641417dd174dfd9b0352340 to remote] conn.PoolingHttpClientConnectionManager 255 - Connection request: [route: {}->http://localhost:44932][total kept alive: 0; route allocated: 0 of 2000; total allocated: 0 of 2000]
02-06-2018 16:46:01 PoolingHttpClientConnectionManager.java DEBUG [Forwarding findElement on session 45560e61c641417dd174dfd9b0352340 to remote] conn.PoolingHttpClientConnectionManager 288 - Connection leased: [id: 192][route: {}->http://localhost:44932][total kept alive: 0; route allocated: 1 of 2000; total allocated: 1 of 2000]
02-06-2018 16:46:01 MainClientExec.java DEBUG [Forwarding findElement on session 45560e61c641417dd174dfd9b0352340 to remote] execchain.MainClientExec 235 - Opening connection {}->http://localhost:44932
02-06-2018 16:46:01 DefaultHttpClientConnectionOperator.java DEBUG [Forwarding findElement on session 45560e61c641417dd174dfd9b0352340 to remote] conn.DefaultHttpClientConnectionOperator 139 - Connecting to localhost/127.0.0.1:44932
02-06-2018 16:46:01 DefaultHttpClientConnectionOperator.java DEBUG [Forwarding findElement on session 45560e61c641417dd174dfd9b0352340 to remote] conn.DefaultHttpClientConnectionOperator 146 - Connection established 127.0.0.1:60186<->127.0.0.1:44932
02-06-2018 16:46:01 LoggingManagedHttpClientConnection.java DEBUG [Forwarding findElement on session 45560e61c641417dd174dfd9b0352340 to remote] conn.DefaultManagedHttpClientConnection 88 - http-outgoing-192: set socket timeout to 10800000
02-06-2018 16:46:01 MainClientExec.java DEBUG [Forwarding findElement on session 45560e61c641417dd174dfd9b0352340 to remote] execchain.MainClientExec 256 - Executing request POST /session/45560e61c641417dd174dfd9b0352340/element HTTP/1.1
02-06-2018 16:46:01 MainClientExec.java DEBUG [Forwarding findElement on session 45560e61c641417dd174dfd9b0352340 to remote] execchain.MainClientExec 261 - Target auth state: UNCHALLENGED
02-06-2018 16:46:01 MainClientExec.java DEBUG [Forwarding findElement on session 45560e61c641417dd174dfd9b0352340 to remote] execchain.MainClientExec 267 - Proxy auth state: UNCHALLENGED
02-06-2018 16:46:01 LoggingManagedHttpClientConnection.java DEBUG [Forwarding findElement on session 45560e61c641417dd174dfd9b0352340 to remote] http.headers 133 - http-outgoing-192 >> POST /session/45560e61c641417dd174dfd9b0352340/element HTTP/1.1
02-06-2018 16:46:01 LoggingManagedHttpClientConnection.java DEBUG [Forwarding findElement on session 45560e61c641417dd174dfd9b0352340 to remote] http.headers 136 - http-outgoing-192 >> Content-Type: application/json; charset=utf-8
02-06-2018 16:46:01 LoggingManagedHttpClientConnection.java DEBUG [Forwarding findElement on session 45560e61c641417dd174dfd9b0352340 to remote] http.headers 136 - http-outgoing-192 >> Content-Length: 59
02-06-2018 16:46:01 LoggingManagedHttpClientConnection.java DEBUG [Forwarding findElement on session 45560e61c641417dd174dfd9b0352340 to remote] http.headers 136 - http-outgoing-192 >> Host: localhost:44932
02-06-2018 16:46:01 LoggingManagedHttpClientConnection.java DEBUG [Forwarding findElement on session 45560e61c641417dd174dfd9b0352340 to remote] http.headers 136 - http-outgoing-192 >> Connection: Keep-Alive
02-06-2018 16:46:01 LoggingManagedHttpClientConnection.java DEBUG [Forwarding findElement on session 45560e61c641417dd174dfd9b0352340 to remote] http.headers 136 - http-outgoing-192 >> User-Agent: Apache-HttpClient/4.5.3 (Java/1.8.0_151)
02-06-2018 16:46:01 LoggingManagedHttpClientConnection.java DEBUG [Forwarding findElement on session 45560e61c641417dd174dfd9b0352340 to remote] http.headers 136 - http-outgoing-192 >> Accept-Encoding: gzip,deflate
02-06-2018 16:46:01 Wire.java DEBUG [Forwarding findElement on session 45560e61c641417dd174dfd9b0352340 to remote] http.wire 73 - http-outgoing-192 >> "POST /session/45560e61c641417dd174dfd9b0352340/element HTTP/1.1[\r][\n]"
02-06-2018 16:46:01 Wire.java DEBUG [Forwarding findElement on session 45560e61c641417dd174dfd9b0352340 to remote] http.wire 73 - http-outgoing-192 >> "Content-Type: application/json; charset=utf-8[\r][\n]"
02-06-2018 16:46:01 Wire.java DEBUG [Forwarding findElement on session 45560e61c641417dd174dfd9b0352340 to remote] http.wire 73 - http-outgoing-192 >> "Content-Length: 59[\r][\n]"
02-06-2018 16:46:01 Wire.java DEBUG [Forwarding findElement on session 45560e61c641417dd174dfd9b0352340 to remote] http.wire 73 - http-outgoing-192 >> "Host: localhost:44932[\r][\n]"
02-06-2018 16:46:01 Wire.java DEBUG [Forwarding findElement on session 45560e61c641417dd174dfd9b0352340 to remote] http.wire 73 - http-outgoing-192 >> "Connection: Keep-Alive[\r][\n]"
02-06-2018 16:46:01 Wire.java DEBUG [Forwarding findElement on session 45560e61c641417dd174dfd9b0352340 to remote] http.wire 73 - http-outgoing-192 >> "User-Agent: Apache-HttpClient/4.5.3 (Java/1.8.0_151)[\r][\n]"
02-06-2018 16:46:01 Wire.java DEBUG [Forwarding findElement on session 45560e61c641417dd174dfd9b0352340 to remote] http.wire 73 - http-outgoing-192 >> "Accept-Encoding: gzip,deflate[\r][\n]"
02-06-2018 16:46:01 Wire.java DEBUG [Forwarding findElement on session 45560e61c641417dd174dfd9b0352340 to remote] http.wire 73 - http-outgoing-192 >> "[\r][\n]"
02-06-2018 16:46:01 Wire.java DEBUG [Forwarding findElement on session 45560e61c641417dd174dfd9b0352340 to remote] http.wire 87 - http-outgoing-192 >> "{"using":"xpath","value":"//*[@id\u003d\u0027email\u0027]"}"
02-06-2018 16:46:01 Wire.java DEBUG [Forwarding findElement on session 45560e61c641417dd174dfd9b0352340 to remote] http.wire 73 - http-outgoing-192 << "HTTP/1.1 200 OK[\r][\n]"
02-06-2018 16:46:01 Wire.java DEBUG [Forwarding findElement on session 45560e61c641417dd174dfd9b0352340 to remote] http.wire 73 - http-outgoing-192 << "Content-Length:102[\r][\n]"
02-06-2018 16:46:01 Wire.java DEBUG [Forwarding findElement on session 45560e61c641417dd174dfd9b0352340 to remote] http.wire 73 - http-outgoing-192 << "Content-Type:application/json; charset=utf-8[\r][\n]"
02-06-2018 16:46:01 Wire.java DEBUG [Forwarding findElement on session 45560e61c641417dd174dfd9b0352340 to remote] http.wire 73 - http-outgoing-192 << "Connection:close[\r][\n]"
02-06-2018 16:46:01 Wire.java DEBUG [Forwarding findElement on session 45560e61c641417dd174dfd9b0352340 to remote] http.wire 73 - http-outgoing-192 << "[\r][\n]"
02-06-2018 16:46:01 Wire.java DEBUG [Forwarding findElement on session 45560e61c641417dd174dfd9b0352340 to remote] http.wire 87 - http-outgoing-192 << "{"sessionId":"45560e61c641417dd174dfd9b0352340","status":0,"value":{"ELEMENT":"0.9930238590539904-2"}}"
02-06-2018 16:46:01 LoggingManagedHttpClientConnection.java DEBUG [Forwarding findElement on session 45560e61c641417dd174dfd9b0352340 to remote] http.headers 122 - http-outgoing-192 << HTTP/1.1 200 OK
02-06-2018 16:46:01 LoggingManagedHttpClientConnection.java DEBUG [Forwarding findElement on session 45560e61c641417dd174dfd9b0352340 to remote] http.headers 125 - http-outgoing-192 << Content-Length:102
02-06-2018 16:46:01 LoggingManagedHttpClientConnection.java DEBUG [Forwarding findElement on session 45560e61c641417dd174dfd9b0352340 to remote] http.headers 125 - http-outgoing-192 << Content-Type:application/json; charset=utf-8
02-06-2018 16:46:01 LoggingManagedHttpClientConnection.java DEBUG [Forwarding findElement on session 45560e61c641417dd174dfd9b0352340 to remote] http.headers 125 - http-outgoing-192 << Connection:close
02-06-2018 16:46:01 LoggingManagedHttpClientConnection.java DEBUG [Forwarding findElement on session 45560e61c641417dd174dfd9b0352340 to remote] conn.DefaultManagedHttpClientConnection 79 - http-outgoing-192: Close connection
02-06-2018 16:46:01 ConnectionHolder.java DEBUG [Forwarding findElement on session 45560e61c641417dd174dfd9b0352340 to remote] execchain.MainClientExec 104 - Connection discarded
02-06-2018 16:46:01 PoolingHttpClientConnectionManager.java DEBUG [Forwarding findElement on session 45560e61c641417dd174dfd9b0352340 to remote] conn.PoolingHttpClientConnectionManager 326 - Connection released: [id: 192][route: {}->http://localhost:44932][total kept alive: 0; route allocated: 0 of 2000; total allocated: 0 of 2000]
02-06-2018 16:46:01 RequestAddCookies.java DEBUG [Forwarding sendKeysToElement on session 45560e61c641417dd174dfd9b0352340 to remote] protocol.RequestAddCookies 123 - CookieSpec selected: default
02-06-2018 16:46:01 RequestAuthCache.java DEBUG [Forwarding sendKeysToElement on session 45560e61c641417dd174dfd9b0352340 to remote] protocol.RequestAuthCache 77 - Auth cache not set in the context
02-06-2018 16:46:01 PoolingHttpClientConnectionManager.java DEBUG [Forwarding sendKeysToElement on session 45560e61c641417dd174dfd9b0352340 to remote] conn.PoolingHttpClientConnectionManager 255 - Connection request: [route: {}->http://localhost:44932][total kept alive: 0; route allocated: 0 of 2000; total allocated: 0 of 2000]
02-06-2018 16:46:01 PoolingHttpClientConnectionManager.java DEBUG [Forwarding sendKeysToElement on session 45560e61c641417dd174dfd9b0352340 to remote] conn.PoolingHttpClientConnectionManager 288 - Connection leased: [id: 193][route: {}->http://localhost:44932][total kept alive: 0; route allocated: 1 of 2000; total allocated: 1 of 2000]
02-06-2018 16:46:01 MainClientExec.java DEBUG [Forwarding sendKeysToElement on session 45560e61c641417dd174dfd9b0352340 to remote] execchain.MainClientExec 235 - Opening connection {}->http://localhost:44932
02-06-2018 16:46:01 DefaultHttpClientConnectionOperator.java DEBUG [Forwarding sendKeysToElement on session 45560e61c641417dd174dfd9b0352340 to remote] conn.DefaultHttpClientConnectionOperator 139 - Connecting to localhost/127.0.0.1:44932
02-06-2018 16:46:01 DefaultHttpClientConnectionOperator.java DEBUG [Forwarding sendKeysToElement on session 45560e61c641417dd174dfd9b0352340 to remote] conn.DefaultHttpClientConnectionOperator 146 - Connection established 127.0.0.1:60187<->127.0.0.1:44932
02-06-2018 16:46:01 LoggingManagedHttpClientConnection.java DEBUG [Forwarding sendKeysToElement on session 45560e61c641417dd174dfd9b0352340 to remote] conn.DefaultManagedHttpClientConnection 88 - http-outgoing-193: set socket timeout to 10800000
02-06-2018 16:46:01 MainClientExec.java DEBUG [Forwarding sendKeysToElement on session 45560e61c641417dd174dfd9b0352340 to remote] execchain.MainClientExec 256 - Executing request POST /session/45560e61c641417dd174dfd9b0352340/element/0.9930238590539904-2/value HTTP/1.1
02-06-2018 16:46:01 MainClientExec.java DEBUG [Forwarding sendKeysToElement on session 45560e61c641417dd174dfd9b0352340 to remote] execchain.MainClientExec 261 - Target auth state: UNCHALLENGED
02-06-2018 16:46:01 MainClientExec.java DEBUG [Forwarding sendKeysToElement on session 45560e61c641417dd174dfd9b0352340 to remote] execchain.MainClientExec 267 - Proxy auth state: UNCHALLENGED
02-06-2018 16:46:01 LoggingManagedHttpClientConnection.java DEBUG [Forwarding sendKeysToElement on session 45560e61c641417dd174dfd9b0352340 to remote] http.headers 133 - http-outgoing-193 >> POST /session/45560e61c641417dd174dfd9b0352340/element/0.9930238590539904-2/value HTTP/1.1
02-06-2018 16:46:01 LoggingManagedHttpClientConnection.java DEBUG [Forwarding sendKeysToElement on session 45560e61c641417dd174dfd9b0352340 to remote] http.headers 136 - http-outgoing-193 >> Content-Type: application/json; charset=utf-8
02-06-2018 16:46:01 LoggingManagedHttpClientConnection.java DEBUG [Forwarding sendKeysToElement on session 45560e61c641417dd174dfd9b0352340 to remote] http.headers 136 - http-outgoing-193 >> Content-Length: 56
02-06-2018 16:46:01 LoggingManagedHttpClientConnection.java DEBUG [Forwarding sendKeysToElement on session 45560e61c641417dd174dfd9b0352340 to remote] http.headers 136 - http-outgoing-193 >> Host: localhost:44932
02-06-2018 16:46:01 LoggingManagedHttpClientConnection.java DEBUG [Forwarding sendKeysToElement on session 45560e61c641417dd174dfd9b0352340 to remote] http.headers 136 - http-outgoing-193 >> Connection: Keep-Alive
02-06-2018 16:46:01 LoggingManagedHttpClientConnection.java DEBUG [Forwarding sendKeysToElement on session 45560e61c641417dd174dfd9b0352340 to remote] http.headers 136 - http-outgoing-193 >> User-Agent: Apache-HttpClient/4.5.3 (Java/1.8.0_151)
02-06-2018 16:46:01 LoggingManagedHttpClientConnection.java DEBUG [Forwarding sendKeysToElement on session 45560e61c641417dd174dfd9b0352340 to remote] http.headers 136 - http-outgoing-193 >> Accept-Encoding: gzip,deflate
02-06-2018 16:46:01 Wire.java DEBUG [Forwarding sendKeysToElement on session 45560e61c641417dd174dfd9b0352340 to remote] http.wire 73 - http-outgoing-193 >> "POST /session/45560e61c641417dd174dfd9b0352340/element/0.9930238590539904-2/value HTTP/1.1[\r][\n]"
02-06-2018 16:46:01 Wire.java DEBUG [Forwarding sendKeysToElement on session 45560e61c641417dd174dfd9b0352340 to remote] http.wire 73 - http-outgoing-193 >> "Content-Type: application/json; charset=utf-8[\r][\n]"
02-06-2018 16:46:01 Wire.java DEBUG [Forwarding sendKeysToElement on session 45560e61c641417dd174dfd9b0352340 to remote] http.wire 73 - http-outgoing-193 >> "Content-Length: 56[\r][\n]"
02-06-2018 16:46:01 Wire.java DEBUG [Forwarding sendKeysToElement on session 45560e61c641417dd174dfd9b0352340 to remote] http.wire 73 - http-outgoing-193 >> "Host: localhost:44932[\r][\n]"
02-06-2018 16:46:01 Wire.java DEBUG [Forwarding sendKeysToElement on session 45560e61c641417dd174dfd9b0352340 to remote] http.wire 73 - http-outgoing-193 >> "Connection: Keep-Alive[\r][\n]"
02-06-2018 16:46:01 Wire.java DEBUG [Forwarding sendKeysToElement on session 45560e61c641417dd174dfd9b0352340 to remote] http.wire 73 - http-outgoing-193 >> "User-Agent: Apache-HttpClient/4.5.3 (Java/1.8.0_151)[\r][\n]"
02-06-2018 16:46:01 Wire.java DEBUG [Forwarding sendKeysToElement on session 45560e61c641417dd174dfd9b0352340 to remote] http.wire 73 - http-outgoing-193 >> "Accept-Encoding: gzip,deflate[\r][\n]"
02-06-2018 16:46:01 Wire.java DEBUG [Forwarding sendKeysToElement on session 45560e61c641417dd174dfd9b0352340 to remote] http.wire 73 - http-outgoing-193 >> "[\r][\n]"
02-06-2018 16:46:01 Wire.java DEBUG [Forwarding sendKeysToElement on session 45560e61c641417dd174dfd9b0352340 to remote] http.wire 87 - http-outgoing-193 >> "{"id":"0.9930238590539904-2","value":["siri@gmail.com"]}"
02-06-2018 16:46:01 Wire.java DEBUG [Forwarding sendKeysToElement on session 45560e61c641417dd174dfd9b0352340 to remote] http.wire 73 - http-outgoing-193 << "HTTP/1.1 200 OK[\r][\n]"
02-06-2018 16:46:01 Wire.java DEBUG [Forwarding sendKeysToElement on session 45560e61c641417dd174dfd9b0352340 to remote] http.wire 73 - http-outgoing-193 << "Content-Length:72[\r][\n]"
02-06-2018 16:46:01 Wire.java DEBUG [Forwarding sendKeysToElement on session 45560e61c641417dd174dfd9b0352340 to remote] http.wire 73 - http-outgoing-193 << "Content-Type:application/json; charset=utf-8[\r][\n]"
02-06-2018 16:46:01 Wire.java DEBUG [Forwarding sendKeysToElement on session 45560e61c641417dd174dfd9b0352340 to remote] http.wire 73 - http-outgoing-193 << "Connection:close[\r][\n]"
02-06-2018 16:46:01 Wire.java DEBUG [Forwarding sendKeysToElement on session 45560e61c641417dd174dfd9b0352340 to remote] http.wire 73 - http-outgoing-193 << "[\r][\n]"
02-06-2018 16:46:01 Wire.java DEBUG [Forwarding sendKeysToElement on session 45560e61c641417dd174dfd9b0352340 to remote] http.wire 87 - http-outgoing-193 << "{"sessionId":"45560e61c641417dd174dfd9b0352340","status":0,"value":null}"
02-06-2018 16:46:01 LoggingManagedHttpClientConnection.java DEBUG [Forwarding sendKeysToElement on session 45560e61c641417dd174dfd9b0352340 to remote] http.headers 122 - http-outgoing-193 << HTTP/1.1 200 OK
02-06-2018 16:46:01 LoggingManagedHttpClientConnection.java DEBUG [Forwarding sendKeysToElement on session 45560e61c641417dd174dfd9b0352340 to remote] http.headers 125 - http-outgoing-193 << Content-Length:72
02-06-2018 16:46:01 LoggingManagedHttpClientConnection.java DEBUG [Forwarding sendKeysToElement on session 45560e61c641417dd174dfd9b0352340 to remote] http.headers 125 - http-outgoing-193 << Content-Type:application/json; charset=utf-8
02-06-2018 16:46:01 LoggingManagedHttpClientConnection.java DEBUG [Forwarding sendKeysToElement on session 45560e61c641417dd174dfd9b0352340 to remote] http.headers 125 - http-outgoing-193 << Connection:close
02-06-2018 16:46:01 LoggingManagedHttpClientConnection.java DEBUG [Forwarding sendKeysToElement on session 45560e61c641417dd174dfd9b0352340 to remote] conn.DefaultManagedHttpClientConnection 79 - http-outgoing-193: Close connection
02-06-2018 16:46:01 ConnectionHolder.java DEBUG [Forwarding sendKeysToElement on session 45560e61c641417dd174dfd9b0352340 to remote] execchain.MainClientExec 104 - Connection discarded
02-06-2018 16:46:01 PoolingHttpClientConnectionManager.java DEBUG [Forwarding sendKeysToElement on session 45560e61c641417dd174dfd9b0352340 to remote] conn.PoolingHttpClientConnectionManager 326 - Connection released: [id: 193][route: {}->http://localhost:44932][total kept alive: 0; route allocated: 0 of 2000; total allocated: 0 of 2000]
02-06-2018 16:46:01 RequestAddCookies.java DEBUG [Forwarding findElement on session 45560e61c641417dd174dfd9b0352340 to remote] protocol.RequestAddCookies 123 - CookieSpec selected: default
02-06-2018 16:46:01 RequestAuthCache.java DEBUG [Forwarding findElement on session 45560e61c641417dd174dfd9b0352340 to remote] protocol.RequestAuthCache 77 - Auth cache not set in the context
02-06-2018 16:46:01 PoolingHttpClientConnectionManager.java DEBUG [Forwarding findElement on session 45560e61c641417dd174dfd9b0352340 to remote] conn.PoolingHttpClientConnectionManager 255 - Connection request: [route: {}->http://localhost:44932][total kept alive: 0; route allocated: 0 of 2000; total allocated: 0 of 2000]
02-06-2018 16:46:01 PoolingHttpClientConnectionManager.java DEBUG [Forwarding findElement on session 45560e61c641417dd174dfd9b0352340 to remote] conn.PoolingHttpClientConnectionManager 288 - Connection leased: [id: 194][route: {}->http://localhost:44932][total kept alive: 0; route allocated: 1 of 2000; total allocated: 1 of 2000]
02-06-2018 16:46:01 MainClientExec.java DEBUG [Forwarding findElement on session 45560e61c641417dd174dfd9b0352340 to remote] execchain.MainClientExec 235 - Opening connection {}->http://localhost:44932
02-06-2018 16:46:01 DefaultHttpClientConnectionOperator.java DEBUG [Forwarding findElement on session 45560e61c641417dd174dfd9b0352340 to remote] conn.DefaultHttpClientConnectionOperator 139 - Connecting to localhost/127.0.0.1:44932
02-06-2018 16:46:01 DefaultHttpClientConnectionOperator.java DEBUG [Forwarding findElement on session 45560e61c641417dd174dfd9b0352340 to remote] conn.DefaultHttpClientConnectionOperator 146 - Connection established 127.0.0.1:60188<->127.0.0.1:44932
02-06-2018 16:46:01 LoggingManagedHttpClientConnection.java DEBUG [Forwarding findElement on session 45560e61c641417dd174dfd9b0352340 to remote] conn.DefaultManagedHttpClientConnection 88 - http-outgoing-194: set socket timeout to 10800000
02-06-2018 16:46:01 MainClientExec.java DEBUG [Forwarding findElement on session 45560e61c641417dd174dfd9b0352340 to remote] execchain.MainClientExec 256 - Executing request POST /session/45560e61c641417dd174dfd9b0352340/element HTTP/1.1
02-06-2018 16:46:01 MainClientExec.java DEBUG [Forwarding findElement on session 45560e61c641417dd174dfd9b0352340 to remote] execchain.MainClientExec 261 - Target auth state: UNCHALLENGED
02-06-2018 16:46:01 MainClientExec.java DEBUG [Forwarding findElement on session 45560e61c641417dd174dfd9b0352340 to remote] execchain.MainClientExec 267 - Proxy auth state: UNCHALLENGED
02-06-2018 16:46:01 LoggingManagedHttpClientConnection.java DEBUG [Forwarding findElement on session 45560e61c641417dd174dfd9b0352340 to remote] http.headers 133 - http-outgoing-194 >> POST /session/45560e61c641417dd174dfd9b0352340/element HTTP/1.1
02-06-2018 16:46:01 LoggingManagedHttpClientConnection.java DEBUG [Forwarding findElement on session 45560e61c641417dd174dfd9b0352340 to remote] http.headers 136 - http-outgoing-194 >> Content-Type: application/json; charset=utf-8
02-06-2018 16:46:01 LoggingManagedHttpClientConnection.java DEBUG [Forwarding findElement on session 45560e61c641417dd174dfd9b0352340 to remote] http.headers 136 - http-outgoing-194 >> Content-Length: 62
02-06-2018 16:46:01 LoggingManagedHttpClientConnection.java DEBUG [Forwarding findElement on session 45560e61c641417dd174dfd9b0352340 to remote] http.headers 136 - http-outgoing-194 >> Host: localhost:44932
02-06-2018 16:46:01 LoggingManagedHttpClientConnection.java DEBUG [Forwarding findElement on session 45560e61c641417dd174dfd9b0352340 to remote] http.headers 136 - http-outgoing-194 >> Connection: Keep-Alive
02-06-2018 16:46:01 LoggingManagedHttpClientConnection.java DEBUG [Forwarding findElement on session 45560e61c641417dd174dfd9b0352340 to remote] http.headers 136 - http-outgoing-194 >> User-Agent: Apache-HttpClient/4.5.3 (Java/1.8.0_151)
02-06-2018 16:46:01 LoggingManagedHttpClientConnection.java DEBUG [Forwarding findElement on session 45560e61c641417dd174dfd9b0352340 to remote] http.headers 136 - http-outgoing-194 >> Accept-Encoding: gzip,deflate
02-06-2018 16:46:01 Wire.java DEBUG [Forwarding findElement on session 45560e61c641417dd174dfd9b0352340 to remote] http.wire 73 - http-outgoing-194 >> "POST /session/45560e61c641417dd174dfd9b0352340/element HTTP/1.1[\r][\n]"
02-06-2018 16:46:01 Wire.java DEBUG [Forwarding findElement on session 45560e61c641417dd174dfd9b0352340 to remote] http.wire 73 - http-outgoing-194 >> "Content-Type: application/json; charset=utf-8[\r][\n]"
02-06-2018 16:46:01 Wire.java DEBUG [Forwarding findElement on session 45560e61c641417dd174dfd9b0352340 to remote] http.wire 73 - http-outgoing-194 >> "Content-Length: 62[\r][\n]"
02-06-2018 16:46:01 Wire.java DEBUG [Forwarding findElement on session 45560e61c641417dd174dfd9b0352340 to remote] http.wire 73 - http-outgoing-194 >> "Host: localhost:44932[\r][\n]"
02-06-2018 16:46:01 Wire.java DEBUG [Forwarding findElement on session 45560e61c641417dd174dfd9b0352340 to remote] http.wire 73 - http-outgoing-194 >> "Connection: Keep-Alive[\r][\n]"
02-06-2018 16:46:01 Wire.java DEBUG [Forwarding findElement on session 45560e61c641417dd174dfd9b0352340 to remote] http.wire 73 - http-outgoing-194 >> "User-Agent: Apache-HttpClient/4.5.3 (Java/1.8.0_151)[\r][\n]"
02-06-2018 16:46:01 Wire.java DEBUG [Forwarding findElement on session 45560e61c641417dd174dfd9b0352340 to remote] http.wire 73 - http-outgoing-194 >> "Accept-Encoding: gzip,deflate[\r][\n]"
02-06-2018 16:46:01 Wire.java DEBUG [Forwarding findElement on session 45560e61c641417dd174dfd9b0352340 to remote] http.wire 73 - http-outgoing-194 >> "[\r][\n]"
02-06-2018 16:46:01 Wire.java DEBUG [Forwarding findElement on session 45560e61c641417dd174dfd9b0352340 to remote] http.wire 87 - http-outgoing-194 >> "{"using":"xpath","value":"//*[@id\u003d\u0027password\u0027]"}"
02-06-2018 16:46:01 Wire.java DEBUG [Forwarding findElement on session 45560e61c641417dd174dfd9b0352340 to remote] http.wire 73 - http-outgoing-194 << "HTTP/1.1 200 OK[\r][\n]"
02-06-2018 16:46:01 Wire.java DEBUG [Forwarding findElement on session 45560e61c641417dd174dfd9b0352340 to remote] http.wire 73 - http-outgoing-194 << "Content-Length:102[\r][\n]"
02-06-2018 16:46:01 Wire.java DEBUG [Forwarding findElement on session 45560e61c641417dd174dfd9b0352340 to remote] http.wire 73 - http-outgoing-194 << "Content-Type:application/json; charset=utf-8[\r][\n]"
02-06-2018 16:46:01 Wire.java DEBUG [Forwarding findElement on session 45560e61c641417dd174dfd9b0352340 to remote] http.wire 73 - http-outgoing-194 << "Connection:close[\r][\n]"
02-06-2018 16:46:01 Wire.java DEBUG [Forwarding findElement on session 45560e61c641417dd174dfd9b0352340 to remote] http.wire 73 - http-outgoing-194 << "[\r][\n]"
02-06-2018 16:46:01 Wire.java DEBUG [Forwarding findElement on session 45560e61c641417dd174dfd9b0352340 to remote] http.wire 87 - http-outgoing-194 << "{"sessionId":"45560e61c641417dd174dfd9b0352340","status":0,"value":{"ELEMENT":"0.9930238590539904-3"}}"
02-06-2018 16:46:01 LoggingManagedHttpClientConnection.java DEBUG [Forwarding findElement on session 45560e61c641417dd174dfd9b0352340 to remote] http.headers 122 - http-outgoing-194 << HTTP/1.1 200 OK
02-06-2018 16:46:01 LoggingManagedHttpClientConnection.java DEBUG [Forwarding findElement on session 45560e61c641417dd174dfd9b0352340 to remote] http.headers 125 - http-outgoing-194 << Content-Length:102
02-06-2018 16:46:01 LoggingManagedHttpClientConnection.java DEBUG [Forwarding findElement on session 45560e61c641417dd174dfd9b0352340 to remote] http.headers 125 - http-outgoing-194 << Content-Type:application/json; charset=utf-8
02-06-2018 16:46:01 LoggingManagedHttpClientConnection.java DEBUG [Forwarding findElement on session 45560e61c641417dd174dfd9b0352340 to remote] http.headers 125 - http-outgoing-194 << Connection:close
02-06-2018 16:46:01 LoggingManagedHttpClientConnection.java DEBUG [Forwarding findElement on session 45560e61c641417dd174dfd9b0352340 to remote] conn.DefaultManagedHttpClientConnection 79 - http-outgoing-194: Close connection
02-06-2018 16:46:01 ConnectionHolder.java DEBUG [Forwarding findElement on session 45560e61c641417dd174dfd9b0352340 to remote] execchain.MainClientExec 104 - Connection discarded
02-06-2018 16:46:01 PoolingHttpClientConnectionManager.java DEBUG [Forwarding findElement on session 45560e61c641417dd174dfd9b0352340 to remote] conn.PoolingHttpClientConnectionManager 326 - Connection released: [id: 194][route: {}->http://localhost:44932][total kept alive: 0; route allocated: 0 of 2000; total allocated: 0 of 2000]
02-06-2018 16:46:01 RequestAddCookies.java DEBUG [Forwarding executeScript on session 45560e61c641417dd174dfd9b0352340 to remote] protocol.RequestAddCookies 123 - CookieSpec selected: default
02-06-2018 16:46:01 RequestAuthCache.java DEBUG [Forwarding executeScript on session 45560e61c641417dd174dfd9b0352340 to remote] protocol.RequestAuthCache 77 - Auth cache not set in the context
02-06-2018 16:46:01 PoolingHttpClientConnectionManager.java DEBUG [Forwarding executeScript on session 45560e61c641417dd174dfd9b0352340 to remote] conn.PoolingHttpClientConnectionManager 255 - Connection request: [route: {}->http://localhost:44932][total kept alive: 0; route allocated: 0 of 2000; total allocated: 0 of 2000]
02-06-2018 16:46:01 PoolingHttpClientConnectionManager.java DEBUG [Forwarding executeScript on session 45560e61c641417dd174dfd9b0352340 to remote] conn.PoolingHttpClientConnectionManager 288 - Connection leased: [id: 195][route: {}->http://localhost:44932][total kept alive: 0; route allocated: 1 of 2000; total allocated: 1 of 2000]
02-06-2018 16:46:01 MainClientExec.java DEBUG [Forwarding executeScript on session 45560e61c641417dd174dfd9b0352340 to remote] execchain.MainClientExec 235 - Opening connection {}->http://localhost:44932
02-06-2018 16:46:01 DefaultHttpClientConnectionOperator.java DEBUG [Forwarding executeScript on session 45560e61c641417dd174dfd9b0352340 to remote] conn.DefaultHttpClientConnectionOperator 139 - Connecting to localhost/127.0.0.1:44932
02-06-2018 16:46:01 DefaultHttpClientConnectionOperator.java DEBUG [Forwarding executeScript on session 45560e61c641417dd174dfd9b0352340 to remote] conn.DefaultHttpClientConnectionOperator 146 - Connection established 127.0.0.1:60190<->127.0.0.1:44932
02-06-2018 16:46:01 LoggingManagedHttpClientConnection.java DEBUG [Forwarding executeScript on session 45560e61c641417dd174dfd9b0352340 to remote] conn.DefaultManagedHttpClientConnection 88 - http-outgoing-195: set socket timeout to 10800000
02-06-2018 16:46:01 MainClientExec.java DEBUG [Forwarding executeScript on session 45560e61c641417dd174dfd9b0352340 to remote] execchain.MainClientExec 256 - Executing request POST /session/45560e61c641417dd174dfd9b0352340/execute HTTP/1.1
02-06-2018 16:46:01 MainClientExec.java DEBUG [Forwarding executeScript on session 45560e61c641417dd174dfd9b0352340 to remote] execchain.MainClientExec 261 - Target auth state: UNCHALLENGED
02-06-2018 16:46:01 MainClientExec.java DEBUG [Forwarding executeScript on session 45560e61c641417dd174dfd9b0352340 to remote] execchain.MainClientExec 267 - Proxy auth state: UNCHALLENGED
02-06-2018 16:46:01 LoggingManagedHttpClientConnection.java DEBUG [Forwarding executeScript on session 45560e61c641417dd174dfd9b0352340 to remote] http.headers 133 - http-outgoing-195 >> POST /session/45560e61c641417dd174dfd9b0352340/execute HTTP/1.1
02-06-2018 16:46:01 LoggingManagedHttpClientConnection.java DEBUG [Forwarding executeScript on session 45560e61c641417dd174dfd9b0352340 to remote] http.headers 136 - http-outgoing-195 >> Content-Type: application/json; charset=utf-8
02-06-2018 16:46:01 LoggingManagedHttpClientConnection.java DEBUG [Forwarding executeScript on session 45560e61c641417dd174dfd9b0352340 to remote] http.headers 136 - http-outgoing-195 >> Content-Length: 139
02-06-2018 16:46:01 LoggingManagedHttpClientConnection.java DEBUG [Forwarding executeScript on session 45560e61c641417dd174dfd9b0352340 to remote] http.headers 136 - http-outgoing-195 >> Host: localhost:44932
02-06-2018 16:46:01 LoggingManagedHttpClientConnection.java DEBUG [Forwarding executeScript on session 45560e61c641417dd174dfd9b0352340 to remote] http.headers 136 - http-outgoing-195 >> Connection: Keep-Alive
02-06-2018 16:46:01 LoggingManagedHttpClientConnection.java DEBUG [Forwarding executeScript on session 45560e61c641417dd174dfd9b0352340 to remote] http.headers 136 - http-outgoing-195 >> User-Agent: Apache-HttpClient/4.5.3 (Java/1.8.0_151)
02-06-2018 16:46:01 LoggingManagedHttpClientConnection.java DEBUG [Forwarding executeScript on session 45560e61c641417dd174dfd9b0352340 to remote] http.headers 136 - http-outgoing-195 >> Accept-Encoding: gzip,deflate
02-06-2018 16:46:01 Wire.java DEBUG [Forwarding executeScript on session 45560e61c641417dd174dfd9b0352340 to remote] http.wire 73 - http-outgoing-195 >> "POST /session/45560e61c641417dd174dfd9b0352340/execute HTTP/1.1[\r][\n]"
02-06-2018 16:46:01 Wire.java DEBUG [Forwarding executeScript on session 45560e61c641417dd174dfd9b0352340 to remote] http.wire 73 - http-outgoing-195 >> "Content-Type: application/json; charset=utf-8[\r][\n]"
02-06-2018 16:46:01 Wire.java DEBUG [Forwarding executeScript on session 45560e61c641417dd174dfd9b0352340 to remote] http.wire 73 - http-outgoing-195 >> "Content-Length: 139[\r][\n]"
02-06-2018 16:46:01 Wire.java DEBUG [Forwarding executeScript on session 45560e61c641417dd174dfd9b0352340 to remote] http.wire 73 - http-outgoing-195 >> "Host: localhost:44932[\r][\n]"
02-06-2018 16:46:01 Wire.java DEBUG [Forwarding executeScript on session 45560e61c641417dd174dfd9b0352340 to remote] http.wire 73 - http-outgoing-195 >> "Connection: Keep-Alive[\r][\n]"
02-06-2018 16:46:01 Wire.java DEBUG [Forwarding executeScript on session 45560e61c641417dd174dfd9b0352340 to remote] http.wire 73 - http-outgoing-195 >> "User-Agent: Apache-HttpClient/4.5.3 (Java/1.8.0_151)[\r][\n]"
02-06-2018 16:46:01 Wire.java DEBUG [Forwarding executeScript on session 45560e61c641417dd174dfd9b0352340 to remote] http.wire 73 - http-outgoing-195 >> "Accept-Encoding: gzip,deflate[\r][\n]"
02-06-2018 16:46:01 Wire.java DEBUG [Forwarding executeScript on session 45560e61c641417dd174dfd9b0352340 to remote] http.wire 73 - http-outgoing-195 >> "[\r][\n]"
02-06-2018 16:46:01 Wire.java DEBUG [Forwarding executeScript on session 45560e61c641417dd174dfd9b0352340 to remote] http.wire 87 - http-outgoing-195 >> "{"script":"arguments[0].click();","args":[{"ELEMENT":"0.9930238590539904-3","element-6066-11e4-a52e-4f735466cecf":"0.9930238590539904-3"}]}"
02-06-2018 16:46:01 Wire.java DEBUG [Forwarding executeScript on session 45560e61c641417dd174dfd9b0352340 to remote] http.wire 73 - http-outgoing-195 << "HTTP/1.1 200 OK[\r][\n]"
02-06-2018 16:46:01 Wire.java DEBUG [Forwarding executeScript on session 45560e61c641417dd174dfd9b0352340 to remote] http.wire 73 - http-outgoing-195 << "Content-Length:72[\r][\n]"
02-06-2018 16:46:01 Wire.java DEBUG [Forwarding executeScript on session 45560e61c641417dd174dfd9b0352340 to remote] http.wire 73 - http-outgoing-195 << "Content-Type:application/json; charset=utf-8[\r][\n]"
02-06-2018 16:46:01 Wire.java DEBUG [Forwarding executeScript on session 45560e61c641417dd174dfd9b0352340 to remote] http.wire 73 - http-outgoing-195 << "Connection:close[\r][\n]"
02-06-2018 16:46:01 Wire.java DEBUG [Forwarding executeScript on session 45560e61c641417dd174dfd9b0352340 to remote] http.wire 73 - http-outgoing-195 << "[\r][\n]"
02-06-2018 16:46:01 Wire.java DEBUG [Forwarding executeScript on session 45560e61c641417dd174dfd9b0352340 to remote] http.wire 87 - http-outgoing-195 << "{"sessionId":"45560e61c641417dd174dfd9b0352340","status":0,"value":null}"
02-06-2018 16:46:01 LoggingManagedHttpClientConnection.java DEBUG [Forwarding executeScript on session 45560e61c641417dd174dfd9b0352340 to remote] http.headers 122 - http-outgoing-195 << HTTP/1.1 200 OK
02-06-2018 16:46:01 LoggingManagedHttpClientConnection.java DEBUG [Forwarding executeScript on session 45560e61c641417dd174dfd9b0352340 to remote] http.headers 125 - http-outgoing-195 << Content-Length:72
02-06-2018 16:46:01 LoggingManagedHttpClientConnection.java DEBUG [Forwarding executeScript on session 45560e61c641417dd174dfd9b0352340 to remote] http.headers 125 - http-outgoing-195 << Content-Type:application/json; charset=utf-8
02-06-2018 16:46:01 LoggingManagedHttpClientConnection.java DEBUG [Forwarding executeScript on session 45560e61c641417dd174dfd9b0352340 to remote] http.headers 125 - http-outgoing-195 << Connection:close
02-06-2018 16:46:01 LoggingManagedHttpClientConnection.java DEBUG [Forwarding executeScript on session 45560e61c641417dd174dfd9b0352340 to remote] conn.DefaultManagedHttpClientConnection 79 - http-outgoing-195: Close connection
02-06-2018 16:46:01 ConnectionHolder.java DEBUG [Forwarding executeScript on session 45560e61c641417dd174dfd9b0352340 to remote] execchain.MainClientExec 104 - Connection discarded
02-06-2018 16:46:01 PoolingHttpClientConnectionManager.java DEBUG [Forwarding executeScript on session 45560e61c641417dd174dfd9b0352340 to remote] conn.PoolingHttpClientConnectionManager 326 - Connection released: [id: 195][route: {}->http://localhost:44932][total kept alive: 0; route allocated: 0 of 2000; total allocated: 0 of 2000]
02-06-2018 16:46:01 RequestAddCookies.java DEBUG [Forwarding findElement on session 45560e61c641417dd174dfd9b0352340 to remote] protocol.RequestAddCookies 123 - CookieSpec selected: default
02-06-2018 16:46:01 RequestAuthCache.java DEBUG [Forwarding findElement on session 45560e61c641417dd174dfd9b0352340 to remote] protocol.RequestAuthCache 77 - Auth cache not set in the context
02-06-2018 16:46:01 PoolingHttpClientConnectionManager.java DEBUG [Forwarding findElement on session 45560e61c641417dd174dfd9b0352340 to remote] conn.PoolingHttpClientConnectionManager 255 - Connection request: [route: {}->http://localhost:44932][total kept alive: 0; route allocated: 0 of 2000; total allocated: 0 of 2000]
02-06-2018 16:46:01 PoolingHttpClientConnectionManager.java DEBUG [Forwarding findElement on session 45560e61c641417dd174dfd9b0352340 to remote] conn.PoolingHttpClientConnectionManager 288 - Connection leased: [id: 196][route: {}->http://localhost:44932][total kept alive: 0; route allocated: 1 of 2000; total allocated: 1 of 2000]
02-06-2018 16:46:01 MainClientExec.java DEBUG [Forwarding findElement on session 45560e61c641417dd174dfd9b0352340 to remote] execchain.MainClientExec 235 - Opening connection {}->http://localhost:44932
02-06-2018 16:46:01 DefaultHttpClientConnectionOperator.java DEBUG [Forwarding findElement on session 45560e61c641417dd174dfd9b0352340 to remote] conn.DefaultHttpClientConnectionOperator 139 - Connecting to localhost/127.0.0.1:44932
02-06-2018 16:46:01 DefaultHttpClientConnectionOperator.java DEBUG [Forwarding findElement on session 45560e61c641417dd174dfd9b0352340 to remote] conn.DefaultHttpClientConnectionOperator 146 - Connection established 127.0.0.1:60191<->127.0.0.1:44932
02-06-2018 16:46:01 LoggingManagedHttpClientConnection.java DEBUG [Forwarding findElement on session 45560e61c641417dd174dfd9b0352340 to remote] conn.DefaultManagedHttpClientConnection 88 - http-outgoing-196: set socket timeout to 10800000
02-06-2018 16:46:01 MainClientExec.java DEBUG [Forwarding findElement on session 45560e61c641417dd174dfd9b0352340 to remote] execchain.MainClientExec 256 - Executing request POST /session/45560e61c641417dd174dfd9b0352340/element HTTP/1.1
02-06-2018 16:46:01 MainClientExec.java DEBUG [Forwarding findElement on session 45560e61c641417dd174dfd9b0352340 to remote] execchain.MainClientExec 261 - Target auth state: UNCHALLENGED
02-06-2018 16:46:01 MainClientExec.java DEBUG [Forwarding findElement on session 45560e61c641417dd174dfd9b0352340 to remote] execchain.MainClientExec 267 - Proxy auth state: UNCHALLENGED
02-06-2018 16:46:01 LoggingManagedHttpClientConnection.java DEBUG [Forwarding findElement on session 45560e61c641417dd174dfd9b0352340 to remote] http.headers 133 - http-outgoing-196 >> POST /session/45560e61c641417dd174dfd9b0352340/element HTTP/1.1
02-06-2018 16:46:01 LoggingManagedHttpClientConnection.java DEBUG [Forwarding findElement on session 45560e61c641417dd174dfd9b0352340 to remote] http.headers 136 - http-outgoing-196 >> Content-Type: application/json; charset=utf-8
02-06-2018 16:46:01 LoggingManagedHttpClientConnection.java DEBUG [Forwarding findElement on session 45560e61c641417dd174dfd9b0352340 to remote] http.headers 136 - http-outgoing-196 >> Content-Length: 62
02-06-2018 16:46:01 LoggingManagedHttpClientConnection.java DEBUG [Forwarding findElement on session 45560e61c641417dd174dfd9b0352340 to remote] http.headers 136 - http-outgoing-196 >> Host: localhost:44932
02-06-2018 16:46:01 LoggingManagedHttpClientConnection.java DEBUG [Forwarding findElement on session 45560e61c641417dd174dfd9b0352340 to remote] http.headers 136 - http-outgoing-196 >> Connection: Keep-Alive
02-06-2018 16:46:01 LoggingManagedHttpClientConnection.java DEBUG [Forwarding findElement on session 45560e61c641417dd174dfd9b0352340 to remote] http.headers 136 - http-outgoing-196 >> User-Agent: Apache-HttpClient/4.5.3 (Java/1.8.0_151)
02-06-2018 16:46:01 LoggingManagedHttpClientConnection.java DEBUG [Forwarding findElement on session 45560e61c641417dd174dfd9b0352340 to remote] http.headers 136 - http-outgoing-196 >> Accept-Encoding: gzip,deflate
02-06-2018 16:46:01 Wire.java DEBUG [Forwarding findElement on session 45560e61c641417dd174dfd9b0352340 to remote] http.wire 73 - http-outgoing-196 >> "POST /session/45560e61c641417dd174dfd9b0352340/element HTTP/1.1[\r][\n]"
02-06-2018 16:46:01 Wire.java DEBUG [Forwarding findElement on session 45560e61c641417dd174dfd9b0352340 to remote] http.wire 73 - http-outgoing-196 >> "Content-Type: application/json; charset=utf-8[\r][\n]"
02-06-2018 16:46:01 Wire.java DEBUG [Forwarding findElement on session 45560e61c641417dd174dfd9b0352340 to remote] http.wire 73 - http-outgoing-196 >> "Content-Length: 62[\r][\n]"
02-06-2018 16:46:01 Wire.java DEBUG [Forwarding findElement on session 45560e61c641417dd174dfd9b0352340 to remote] http.wire 73 - http-outgoing-196 >> "Host: localhost:44932[\r][\n]"
02-06-2018 16:46:01 Wire.java DEBUG [Forwarding findElement on session 45560e61c641417dd174dfd9b0352340 to remote] http.wire 73 - http-outgoing-196 >> "Connection: Keep-Alive[\r][\n]"
02-06-2018 16:46:01 Wire.java DEBUG [Forwarding findElement on session 45560e61c641417dd174dfd9b0352340 to remote] http.wire 73 - http-outgoing-196 >> "User-Agent: Apache-HttpClient/4.5.3 (Java/1.8.0_151)[\r][\n]"
02-06-2018 16:46:01 Wire.java DEBUG [Forwarding findElement on session 45560e61c641417dd174dfd9b0352340 to remote] http.wire 73 - http-outgoing-196 >> "Accept-Encoding: gzip,deflate[\r][\n]"
02-06-2018 16:46:01 Wire.java DEBUG [Forwarding findElement on session 45560e61c641417dd174dfd9b0352340 to remote] http.wire 73 - http-outgoing-196 >> "[\r][\n]"
02-06-2018 16:46:01 Wire.java DEBUG [Forwarding findElement on session 45560e61c641417dd174dfd9b0352340 to remote] http.wire 87 - http-outgoing-196 >> "{"using":"xpath","value":"//*[@id\u003d\u0027password\u0027]"}"
02-06-2018 16:46:01 Wire.java DEBUG [Forwarding findElement on session 45560e61c641417dd174dfd9b0352340 to remote] http.wire 73 - http-outgoing-196 << "HTTP/1.1 200 OK[\r][\n]"
02-06-2018 16:46:01 Wire.java DEBUG [Forwarding findElement on session 45560e61c641417dd174dfd9b0352340 to remote] http.wire 73 - http-outgoing-196 << "Content-Length:102[\r][\n]"
02-06-2018 16:46:01 Wire.java DEBUG [Forwarding findElement on session 45560e61c641417dd174dfd9b0352340 to remote] http.wire 73 - http-outgoing-196 << "Content-Type:application/json; charset=utf-8[\r][\n]"
02-06-2018 16:46:01 Wire.java DEBUG [Forwarding findElement on session 45560e61c641417dd174dfd9b0352340 to remote] http.wire 73 - http-outgoing-196 << "Connection:close[\r][\n]"
02-06-2018 16:46:01 Wire.java DEBUG [Forwarding findElement on session 45560e61c641417dd174dfd9b0352340 to remote] http.wire 73 - http-outgoing-196 << "[\r][\n]"
02-06-2018 16:46:01 Wire.java DEBUG [Forwarding findElement on session 45560e61c641417dd174dfd9b0352340 to remote] http.wire 87 - http-outgoing-196 << "{"sessionId":"45560e61c641417dd174dfd9b0352340","status":0,"value":{"ELEMENT":"0.9930238590539904-3"}}"
02-06-2018 16:46:01 LoggingManagedHttpClientConnection.java DEBUG [Forwarding findElement on session 45560e61c641417dd174dfd9b0352340 to remote] http.headers 122 - http-outgoing-196 << HTTP/1.1 200 OK
02-06-2018 16:46:01 LoggingManagedHttpClientConnection.java DEBUG [Forwarding findElement on session 45560e61c641417dd174dfd9b0352340 to remote] http.headers 125 - http-outgoing-196 << Content-Length:102
02-06-2018 16:46:01 LoggingManagedHttpClientConnection.java DEBUG [Forwarding findElement on session 45560e61c641417dd174dfd9b0352340 to remote] http.headers 125 - http-outgoing-196 << Content-Type:application/json; charset=utf-8
02-06-2018 16:46:01 LoggingManagedHttpClientConnection.java DEBUG [Forwarding findElement on session 45560e61c641417dd174dfd9b0352340 to remote] http.headers 125 - http-outgoing-196 << Connection:close
02-06-2018 16:46:01 LoggingManagedHttpClientConnection.java DEBUG [Forwarding findElement on session 45560e61c641417dd174dfd9b0352340 to remote] conn.DefaultManagedHttpClientConnection 79 - http-outgoing-196: Close connection
02-06-2018 16:46:01 ConnectionHolder.java DEBUG [Forwarding findElement on session 45560e61c641417dd174dfd9b0352340 to remote] execchain.MainClientExec 104 - Connection discarded
02-06-2018 16:46:01 PoolingHttpClientConnectionManager.java DEBUG [Forwarding findElement on session 45560e61c641417dd174dfd9b0352340 to remote] conn.PoolingHttpClientConnectionManager 326 - Connection released: [id: 196][route: {}->http://localhost:44932][total kept alive: 0; route allocated: 0 of 2000; total allocated: 0 of 2000]
02-06-2018 16:46:01 RequestAddCookies.java DEBUG [Forwarding sendKeysToElement on session 45560e61c641417dd174dfd9b0352340 to remote] protocol.RequestAddCookies 123 - CookieSpec selected: default
02-06-2018 16:46:01 RequestAuthCache.java DEBUG [Forwarding sendKeysToElement on session 45560e61c641417dd174dfd9b0352340 to remote] protocol.RequestAuthCache 77 - Auth cache not set in the context
02-06-2018 16:46:01 PoolingHttpClientConnectionManager.java DEBUG [Forwarding sendKeysToElement on session 45560e61c641417dd174dfd9b0352340 to remote] conn.PoolingHttpClientConnectionManager 255 - Connection request: [route: {}->http://localhost:44932][total kept alive: 0; route allocated: 0 of 2000; total allocated: 0 of 2000]
02-06-2018 16:46:01 PoolingHttpClientConnectionManager.java DEBUG [Forwarding sendKeysToElement on session 45560e61c641417dd174dfd9b0352340 to remote] conn.PoolingHttpClientConnectionManager 288 - Connection leased: [id: 197][route: {}->http://localhost:44932][total kept alive: 0; route allocated: 1 of 2000; total allocated: 1 of 2000]
02-06-2018 16:46:01 MainClientExec.java DEBUG [Forwarding sendKeysToElement on session 45560e61c641417dd174dfd9b0352340 to remote] execchain.MainClientExec 235 - Opening connection {}->http://localhost:44932
02-06-2018 16:46:01 DefaultHttpClientConnectionOperator.java DEBUG [Forwarding sendKeysToElement on session 45560e61c641417dd174dfd9b0352340 to remote] conn.DefaultHttpClientConnectionOperator 139 - Connecting to localhost/127.0.0.1:44932
02-06-2018 16:46:01 DefaultHttpClientConnectionOperator.java DEBUG [Forwarding sendKeysToElement on session 45560e61c641417dd174dfd9b0352340 to remote] conn.DefaultHttpClientConnectionOperator 146 - Connection established 127.0.0.1:60192<->127.0.0.1:44932
02-06-2018 16:46:01 LoggingManagedHttpClientConnection.java DEBUG [Forwarding sendKeysToElement on session 45560e61c641417dd174dfd9b0352340 to remote] conn.DefaultManagedHttpClientConnection 88 - http-outgoing-197: set socket timeout to 10800000
02-06-2018 16:46:01 MainClientExec.java DEBUG [Forwarding sendKeysToElement on session 45560e61c641417dd174dfd9b0352340 to remote] execchain.MainClientExec 256 - Executing request POST /session/45560e61c641417dd174dfd9b0352340/element/0.9930238590539904-3/value HTTP/1.1
02-06-2018 16:46:01 MainClientExec.java DEBUG [Forwarding sendKeysToElement on session 45560e61c641417dd174dfd9b0352340 to remote] execchain.MainClientExec 261 - Target auth state: UNCHALLENGED
02-06-2018 16:46:01 MainClientExec.java DEBUG [Forwarding sendKeysToElement on session 45560e61c641417dd174dfd9b0352340 to remote] execchain.MainClientExec 267 - Proxy auth state: UNCHALLENGED
02-06-2018 16:46:01 LoggingManagedHttpClientConnection.java DEBUG [Forwarding sendKeysToElement on session 45560e61c641417dd174dfd9b0352340 to remote] http.headers 133 - http-outgoing-197 >> POST /session/45560e61c641417dd174dfd9b0352340/element/0.9930238590539904-3/value HTTP/1.1
02-06-2018 16:46:01 LoggingManagedHttpClientConnection.java DEBUG [Forwarding sendKeysToElement on session 45560e61c641417dd174dfd9b0352340 to remote] http.headers 136 - http-outgoing-197 >> Content-Type: application/json; charset=utf-8
02-06-2018 16:46:01 LoggingManagedHttpClientConnection.java DEBUG [Forwarding sendKeysToElement on session 45560e61c641417dd174dfd9b0352340 to remote] http.headers 136 - http-outgoing-197 >> Content-Length: 49
02-06-2018 16:46:01 LoggingManagedHttpClientConnection.java DEBUG [Forwarding sendKeysToElement on session 45560e61c641417dd174dfd9b0352340 to remote] http.headers 136 - http-outgoing-197 >> Host: localhost:44932
02-06-2018 16:46:01 LoggingManagedHttpClientConnection.java DEBUG [Forwarding sendKeysToElement on session 45560e61c641417dd174dfd9b0352340 to remote] http.headers 136 - http-outgoing-197 >> Connection: Keep-Alive
02-06-2018 16:46:01 LoggingManagedHttpClientConnection.java DEBUG [Forwarding sendKeysToElement on session 45560e61c641417dd174dfd9b0352340 to remote] http.headers 136 - http-outgoing-197 >> User-Agent: Apache-HttpClient/4.5.3 (Java/1.8.0_151)
02-06-2018 16:46:01 LoggingManagedHttpClientConnection.java DEBUG [Forwarding sendKeysToElement on session 45560e61c641417dd174dfd9b0352340 to remote] http.headers 136 - http-outgoing-197 >> Accept-Encoding: gzip,deflate
02-06-2018 16:46:01 Wire.java DEBUG [Forwarding sendKeysToElement on session 45560e61c641417dd174dfd9b0352340 to remote] http.wire 73 - http-outgoing-197 >> "POST /session/45560e61c641417dd174dfd9b0352340/element/0.9930238590539904-3/value HTTP/1.1[\r][\n]"
02-06-2018 16:46:01 Wire.java DEBUG [Forwarding sendKeysToElement on session 45560e61c641417dd174dfd9b0352340 to remote] http.wire 73 - http-outgoing-197 >> "Content-Type: application/json; charset=utf-8[\r][\n]"
02-06-2018 16:46:01 Wire.java DEBUG [Forwarding sendKeysToElement on session 45560e61c641417dd174dfd9b0352340 to remote] http.wire 73 - http-outgoing-197 >> "Content-Length: 49[\r][\n]"
02-06-2018 16:46:01 Wire.java DEBUG [Forwarding sendKeysToElement on session 45560e61c641417dd174dfd9b0352340 to remote] http.wire 73 - http-outgoing-197 >> "Host: localhost:44932[\r][\n]"
02-06-2018 16:46:01 Wire.java DEBUG [Forwarding sendKeysToElement on session 45560e61c641417dd174dfd9b0352340 to remote] http.wire 73 - http-outgoing-197 >> "Connection: Keep-Alive[\r][\n]"
02-06-2018 16:46:01 Wire.java DEBUG [Forwarding sendKeysToElement on session 45560e61c641417dd174dfd9b0352340 to remote] http.wire 73 - http-outgoing-197 >> "User-Agent: Apache-HttpClient/4.5.3 (Java/1.8.0_151)[\r][\n]"
02-06-2018 16:46:01 Wire.java DEBUG [Forwarding sendKeysToElement on session 45560e61c641417dd174dfd9b0352340 to remote] http.wire 73 - http-outgoing-197 >> "Accept-Encoding: gzip,deflate[\r][\n]"
02-06-2018 16:46:01 Wire.java DEBUG [Forwarding sendKeysToElement on session 45560e61c641417dd174dfd9b0352340 to remote] http.wire 73 - http-outgoing-197 >> "[\r][\n]"
02-06-2018 16:46:01 Wire.java DEBUG [Forwarding sendKeysToElement on session 45560e61c641417dd174dfd9b0352340 to remote] http.wire 87 - http-outgoing-197 >> "{"id":"0.9930238590539904-3","value":["Test123"]}"
02-06-2018 16:46:01 Wire.java DEBUG [Forwarding sendKeysToElement on session 45560e61c641417dd174dfd9b0352340 to remote] http.wire 73 - http-outgoing-197 << "HTTP/1.1 200 OK[\r][\n]"
02-06-2018 16:46:01 Wire.java DEBUG [Forwarding sendKeysToElement on session 45560e61c641417dd174dfd9b0352340 to remote] http.wire 73 - http-outgoing-197 << "Content-Length:72[\r][\n]"
02-06-2018 16:46:01 Wire.java DEBUG [Forwarding sendKeysToElement on session 45560e61c641417dd174dfd9b0352340 to remote] http.wire 73 - http-outgoing-197 << "Content-Type:application/json; charset=utf-8[\r][\n]"
02-06-2018 16:46:01 Wire.java DEBUG [Forwarding sendKeysToElement on session 45560e61c641417dd174dfd9b0352340 to remote] http.wire 73 - http-outgoing-197 << "Connection:close[\r][\n]"
02-06-2018 16:46:01 Wire.java DEBUG [Forwarding sendKeysToElement on session 45560e61c641417dd174dfd9b0352340 to remote] http.wire 73 - http-outgoing-197 << "[\r][\n]"
02-06-2018 16:46:01 Wire.java DEBUG [Forwarding sendKeysToElement on session 45560e61c641417dd174dfd9b0352340 to remote] http.wire 87 - http-outgoing-197 << "{"sessionId":"45560e61c641417dd174dfd9b0352340","status":0,"value":null}"
02-06-2018 16:46:01 LoggingManagedHttpClientConnection.java DEBUG [Forwarding sendKeysToElement on session 45560e61c641417dd174dfd9b0352340 to remote] http.headers 122 - http-outgoing-197 << HTTP/1.1 200 OK
02-06-2018 16:46:01 LoggingManagedHttpClientConnection.java DEBUG [Forwarding sendKeysToElement on session 45560e61c641417dd174dfd9b0352340 to remote] http.headers 125 - http-outgoing-197 << Content-Length:72
02-06-2018 16:46:01 LoggingManagedHttpClientConnection.java DEBUG [Forwarding sendKeysToElement on session 45560e61c641417dd174dfd9b0352340 to remote] http.headers 125 - http-outgoing-197 << Content-Type:application/json; charset=utf-8
02-06-2018 16:46:01 LoggingManagedHttpClientConnection.java DEBUG [Forwarding sendKeysToElement on session 45560e61c641417dd174dfd9b0352340 to remote] http.headers 125 - http-outgoing-197 << Connection:close
02-06-2018 16:46:01 LoggingManagedHttpClientConnection.java DEBUG [Forwarding sendKeysToElement on session 45560e61c641417dd174dfd9b0352340 to remote] conn.DefaultManagedHttpClientConnection 79 - http-outgoing-197: Close connection
02-06-2018 16:46:01 ConnectionHolder.java DEBUG [Forwarding sendKeysToElement on session 45560e61c641417dd174dfd9b0352340 to remote] execchain.MainClientExec 104 - Connection discarded
02-06-2018 16:46:01 PoolingHttpClientConnectionManager.java DEBUG [Forwarding sendKeysToElement on session 45560e61c641417dd174dfd9b0352340 to remote] conn.PoolingHttpClientConnectionManager 326 - Connection released: [id: 197][route: {}->http://localhost:44932][total kept alive: 0; route allocated: 0 of 2000; total allocated: 0 of 2000]
02-06-2018 16:46:01 RequestAddCookies.java DEBUG [Forwarding findElement on session 45560e61c641417dd174dfd9b0352340 to remote] protocol.RequestAddCookies 123 - CookieSpec selected: default
02-06-2018 16:46:01 RequestAuthCache.java DEBUG [Forwarding findElement on session 45560e61c641417dd174dfd9b0352340 to remote] protocol.RequestAuthCache 77 - Auth cache not set in the context
02-06-2018 16:46:01 PoolingHttpClientConnectionManager.java DEBUG [Forwarding findElement on session 45560e61c641417dd174dfd9b0352340 to remote] conn.PoolingHttpClientConnectionManager 255 - Connection request: [route: {}->http://localhost:44932][total kept alive: 0; route allocated: 0 of 2000; total allocated: 0 of 2000]
02-06-2018 16:46:01 PoolingHttpClientConnectionManager.java DEBUG [Forwarding findElement on session 45560e61c641417dd174dfd9b0352340 to remote] conn.PoolingHttpClientConnectionManager 288 - Connection leased: [id: 198][route: {}->http://localhost:44932][total kept alive: 0; route allocated: 1 of 2000; total allocated: 1 of 2000]
02-06-2018 16:46:01 MainClientExec.java DEBUG [Forwarding findElement on session 45560e61c641417dd174dfd9b0352340 to remote] execchain.MainClientExec 235 - Opening connection {}->http://localhost:44932
02-06-2018 16:46:01 DefaultHttpClientConnectionOperator.java DEBUG [Forwarding findElement on session 45560e61c641417dd174dfd9b0352340 to remote] conn.DefaultHttpClientConnectionOperator 139 - Connecting to localhost/127.0.0.1:44932
02-06-2018 16:46:01 DefaultHttpClientConnectionOperator.java DEBUG [Forwarding findElement on session 45560e61c641417dd174dfd9b0352340 to remote] conn.DefaultHttpClientConnectionOperator 146 - Connection established 127.0.0.1:60194<->127.0.0.1:44932
02-06-2018 16:46:01 LoggingManagedHttpClientConnection.java DEBUG [Forwarding findElement on session 45560e61c641417dd174dfd9b0352340 to remote] conn.DefaultManagedHttpClientConnection 88 - http-outgoing-198: set socket timeout to 10800000
02-06-2018 16:46:01 MainClientExec.java DEBUG [Forwarding findElement on session 45560e61c641417dd174dfd9b0352340 to remote] execchain.MainClientExec 256 - Executing request POST /session/45560e61c641417dd174dfd9b0352340/element HTTP/1.1
02-06-2018 16:46:01 MainClientExec.java DEBUG [Forwarding findElement on session 45560e61c641417dd174dfd9b0352340 to remote] execchain.MainClientExec 261 - Target auth state: UNCHALLENGED
02-06-2018 16:46:01 MainClientExec.java DEBUG [Forwarding findElement on session 45560e61c641417dd174dfd9b0352340 to remote] execchain.MainClientExec 267 - Proxy auth state: UNCHALLENGED
02-06-2018 16:46:01 LoggingManagedHttpClientConnection.java DEBUG [Forwarding findElement on session 45560e61c641417dd174dfd9b0352340 to remote] http.headers 133 - http-outgoing-198 >> POST /session/45560e61c641417dd174dfd9b0352340/element HTTP/1.1
02-06-2018 16:46:01 LoggingManagedHttpClientConnection.java DEBUG [Forwarding findElement on session 45560e61c641417dd174dfd9b0352340 to remote] http.headers 136 - http-outgoing-198 >> Content-Type: application/json; charset=utf-8
02-06-2018 16:46:01 LoggingManagedHttpClientConnection.java DEBUG [Forwarding findElement on session 45560e61c641417dd174dfd9b0352340 to remote] http.headers 136 - http-outgoing-198 >> Content-Length: 70
02-06-2018 16:46:01 LoggingManagedHttpClientConnection.java DEBUG [Forwarding findElement on session 45560e61c641417dd174dfd9b0352340 to remote] http.headers 136 - http-outgoing-198 >> Host: localhost:44932
02-06-2018 16:46:01 LoggingManagedHttpClientConnection.java DEBUG [Forwarding findElement on session 45560e61c641417dd174dfd9b0352340 to remote] http.headers 136 - http-outgoing-198 >> Connection: Keep-Alive
02-06-2018 16:46:01 LoggingManagedHttpClientConnection.java DEBUG [Forwarding findElement on session 45560e61c641417dd174dfd9b0352340 to remote] http.headers 136 - http-outgoing-198 >> User-Agent: Apache-HttpClient/4.5.3 (Java/1.8.0_151)
02-06-2018 16:46:01 LoggingManagedHttpClientConnection.java DEBUG [Forwarding findElement on session 45560e61c641417dd174dfd9b0352340 to remote] http.headers 136 - http-outgoing-198 >> Accept-Encoding: gzip,deflate
02-06-2018 16:46:01 Wire.java DEBUG [Forwarding findElement on session 45560e61c641417dd174dfd9b0352340 to remote] http.wire 73 - http-outgoing-198 >> "POST /session/45560e61c641417dd174dfd9b0352340/element HTTP/1.1[\r][\n]"
02-06-2018 16:46:01 Wire.java DEBUG [Forwarding findElement on session 45560e61c641417dd174dfd9b0352340 to remote] http.wire 73 - http-outgoing-198 >> "Content-Type: application/json; charset=utf-8[\r][\n]"
02-06-2018 16:46:01 Wire.java DEBUG [Forwarding findElement on session 45560e61c641417dd174dfd9b0352340 to remote] http.wire 73 - http-outgoing-198 >> "Content-Length: 70[\r][\n]"
02-06-2018 16:46:01 Wire.java DEBUG [Forwarding findElement on session 45560e61c641417dd174dfd9b0352340 to remote] http.wire 73 - http-outgoing-198 >> "Host: localhost:44932[\r][\n]"
02-06-2018 16:46:01 Wire.java DEBUG [Forwarding findElement on session 45560e61c641417dd174dfd9b0352340 to remote] http.wire 73 - http-outgoing-198 >> "Connection: Keep-Alive[\r][\n]"
02-06-2018 16:46:01 Wire.java DEBUG [Forwarding findElement on session 45560e61c641417dd174dfd9b0352340 to remote] http.wire 73 - http-outgoing-198 >> "User-Agent: Apache-HttpClient/4.5.3 (Java/1.8.0_151)[\r][\n]"
02-06-2018 16:46:01 Wire.java DEBUG [Forwarding findElement on session 45560e61c641417dd174dfd9b0352340 to remote] http.wire 73 - http-outgoing-198 >> "Accept-Encoding: gzip,deflate[\r][\n]"
02-06-2018 16:46:01 Wire.java DEBUG [Forwarding findElement on session 45560e61c641417dd174dfd9b0352340 to remote] http.wire 73 - http-outgoing-198 >> "[\r][\n]"
02-06-2018 16:46:01 Wire.java DEBUG [Forwarding findElement on session 45560e61c641417dd174dfd9b0352340 to remote] http.wire 87 - http-outgoing-198 >> "{"using":"xpath","value":"//*[@id\u003d\u0027password-confirm\u0027]"}"
02-06-2018 16:46:01 Wire.java DEBUG [Forwarding findElement on session 45560e61c641417dd174dfd9b0352340 to remote] http.wire 73 - http-outgoing-198 << "HTTP/1.1 200 OK[\r][\n]"
02-06-2018 16:46:01 Wire.java DEBUG [Forwarding findElement on session 45560e61c641417dd174dfd9b0352340 to remote] http.wire 73 - http-outgoing-198 << "Content-Length:102[\r][\n]"
02-06-2018 16:46:01 Wire.java DEBUG [Forwarding findElement on session 45560e61c641417dd174dfd9b0352340 to remote] http.wire 73 - http-outgoing-198 << "Content-Type:application/json; charset=utf-8[\r][\n]"
02-06-2018 16:46:01 Wire.java DEBUG [Forwarding findElement on session 45560e61c641417dd174dfd9b0352340 to remote] http.wire 73 - http-outgoing-198 << "Connection:close[\r][\n]"
02-06-2018 16:46:01 Wire.java DEBUG [Forwarding findElement on session 45560e61c641417dd174dfd9b0352340 to remote] http.wire 73 - http-outgoing-198 << "[\r][\n]"
02-06-2018 16:46:01 Wire.java DEBUG [Forwarding findElement on session 45560e61c641417dd174dfd9b0352340 to remote] http.wire 87 - http-outgoing-198 << "{"sessionId":"45560e61c641417dd174dfd9b0352340","status":0,"value":{"ELEMENT":"0.9930238590539904-4"}}"
02-06-2018 16:46:01 LoggingManagedHttpClientConnection.java DEBUG [Forwarding findElement on session 45560e61c641417dd174dfd9b0352340 to remote] http.headers 122 - http-outgoing-198 << HTTP/1.1 200 OK
02-06-2018 16:46:01 LoggingManagedHttpClientConnection.java DEBUG [Forwarding findElement on session 45560e61c641417dd174dfd9b0352340 to remote] http.headers 125 - http-outgoing-198 << Content-Length:102
02-06-2018 16:46:01 LoggingManagedHttpClientConnection.java DEBUG [Forwarding findElement on session 45560e61c641417dd174dfd9b0352340 to remote] http.headers 125 - http-outgoing-198 << Content-Type:application/json; charset=utf-8
02-06-2018 16:46:01 LoggingManagedHttpClientConnection.java DEBUG [Forwarding findElement on session 45560e61c641417dd174dfd9b0352340 to remote] http.headers 125 - http-outgoing-198 << Connection:close
02-06-2018 16:46:01 LoggingManagedHttpClientConnection.java DEBUG [Forwarding findElement on session 45560e61c641417dd174dfd9b0352340 to remote] conn.DefaultManagedHttpClientConnection 79 - http-outgoing-198: Close connection
02-06-2018 16:46:01 ConnectionHolder.java DEBUG [Forwarding findElement on session 45560e61c641417dd174dfd9b0352340 to remote] execchain.MainClientExec 104 - Connection discarded
02-06-2018 16:46:01 PoolingHttpClientConnectionManager.java DEBUG [Forwarding findElement on session 45560e61c641417dd174dfd9b0352340 to remote] conn.PoolingHttpClientConnectionManager 326 - Connection released: [id: 198][route: {}->http://localhost:44932][total kept alive: 0; route allocated: 0 of 2000; total allocated: 0 of 2000]
02-06-2018 16:46:01 RequestAddCookies.java DEBUG [Forwarding executeScript on session 45560e61c641417dd174dfd9b0352340 to remote] protocol.RequestAddCookies 123 - CookieSpec selected: default
02-06-2018 16:46:01 RequestAuthCache.java DEBUG [Forwarding executeScript on session 45560e61c641417dd174dfd9b0352340 to remote] protocol.RequestAuthCache 77 - Auth cache not set in the context
02-06-2018 16:46:01 PoolingHttpClientConnectionManager.java DEBUG [Forwarding executeScript on session 45560e61c641417dd174dfd9b0352340 to remote] conn.PoolingHttpClientConnectionManager 255 - Connection request: [route: {}->http://localhost:44932][total kept alive: 0; route allocated: 0 of 2000; total allocated: 0 of 2000]
02-06-2018 16:46:01 PoolingHttpClientConnectionManager.java DEBUG [Forwarding executeScript on session 45560e61c641417dd174dfd9b0352340 to remote] conn.PoolingHttpClientConnectionManager 288 - Connection leased: [id: 199][route: {}->http://localhost:44932][total kept alive: 0; route allocated: 1 of 2000; total allocated: 1 of 2000]
02-06-2018 16:46:01 MainClientExec.java DEBUG [Forwarding executeScript on session 45560e61c641417dd174dfd9b0352340 to remote] execchain.MainClientExec 235 - Opening connection {}->http://localhost:44932
02-06-2018 16:46:01 DefaultHttpClientConnectionOperator.java DEBUG [Forwarding executeScript on session 45560e61c641417dd174dfd9b0352340 to remote] conn.DefaultHttpClientConnectionOperator 139 - Connecting to localhost/127.0.0.1:44932
02-06-2018 16:46:01 DefaultHttpClientConnectionOperator.java DEBUG [Forwarding executeScript on session 45560e61c641417dd174dfd9b0352340 to remote] conn.DefaultHttpClientConnectionOperator 146 - Connection established 127.0.0.1:60195<->127.0.0.1:44932
02-06-2018 16:46:01 LoggingManagedHttpClientConnection.java DEBUG [Forwarding executeScript on session 45560e61c641417dd174dfd9b0352340 to remote] conn.DefaultManagedHttpClientConnection 88 - http-outgoing-199: set socket timeout to 10800000
02-06-2018 16:46:01 MainClientExec.java DEBUG [Forwarding executeScript on session 45560e61c641417dd174dfd9b0352340 to remote] execchain.MainClientExec 256 - Executing request POST /session/45560e61c641417dd174dfd9b0352340/execute HTTP/1.1
02-06-2018 16:46:01 MainClientExec.java DEBUG [Forwarding executeScript on session 45560e61c641417dd174dfd9b0352340 to remote] execchain.MainClientExec 261 - Target auth state: UNCHALLENGED
02-06-2018 16:46:01 MainClientExec.java DEBUG [Forwarding executeScript on session 45560e61c641417dd174dfd9b0352340 to remote] execchain.MainClientExec 267 - Proxy auth state: UNCHALLENGED
02-06-2018 16:46:01 LoggingManagedHttpClientConnection.java DEBUG [Forwarding executeScript on session 45560e61c641417dd174dfd9b0352340 to remote] http.headers 133 - http-outgoing-199 >> POST /session/45560e61c641417dd174dfd9b0352340/execute HTTP/1.1
02-06-2018 16:46:01 LoggingManagedHttpClientConnection.java DEBUG [Forwarding executeScript on session 45560e61c641417dd174dfd9b0352340 to remote] http.headers 136 - http-outgoing-199 >> Content-Type: application/json; charset=utf-8
02-06-2018 16:46:01 LoggingManagedHttpClientConnection.java DEBUG [Forwarding executeScript on session 45560e61c641417dd174dfd9b0352340 to remote] http.headers 136 - http-outgoing-199 >> Content-Length: 139
02-06-2018 16:46:01 LoggingManagedHttpClientConnection.java DEBUG [Forwarding executeScript on session 45560e61c641417dd174dfd9b0352340 to remote] http.headers 136 - http-outgoing-199 >> Host: localhost:44932
02-06-2018 16:46:01 LoggingManagedHttpClientConnection.java DEBUG [Forwarding executeScript on session 45560e61c641417dd174dfd9b0352340 to remote] http.headers 136 - http-outgoing-199 >> Connection: Keep-Alive
02-06-2018 16:46:01 LoggingManagedHttpClientConnection.java DEBUG [Forwarding executeScript on session 45560e61c641417dd174dfd9b0352340 to remote] http.headers 136 - http-outgoing-199 >> User-Agent: Apache-HttpClient/4.5.3 (Java/1.8.0_151)
02-06-2018 16:46:01 LoggingManagedHttpClientConnection.java DEBUG [Forwarding executeScript on session 45560e61c641417dd174dfd9b0352340 to remote] http.headers 136 - http-outgoing-199 >> Accept-Encoding: gzip,deflate
02-06-2018 16:46:01 Wire.java DEBUG [Forwarding executeScript on session 45560e61c641417dd174dfd9b0352340 to remote] http.wire 73 - http-outgoing-199 >> "POST /session/45560e61c641417dd174dfd9b0352340/execute HTTP/1.1[\r][\n]"
02-06-2018 16:46:01 Wire.java DEBUG [Forwarding executeScript on session 45560e61c641417dd174dfd9b0352340 to remote] http.wire 73 - http-outgoing-199 >> "Content-Type: application/json; charset=utf-8[\r][\n]"
02-06-2018 16:46:01 Wire.java DEBUG [Forwarding executeScript on session 45560e61c641417dd174dfd9b0352340 to remote] http.wire 73 - http-outgoing-199 >> "Content-Length: 139[\r][\n]"
02-06-2018 16:46:01 Wire.java DEBUG [Forwarding executeScript on session 45560e61c641417dd174dfd9b0352340 to remote] http.wire 73 - http-outgoing-199 >> "Host: localhost:44932[\r][\n]"
02-06-2018 16:46:01 Wire.java DEBUG [Forwarding executeScript on session 45560e61c641417dd174dfd9b0352340 to remote] http.wire 73 - http-outgoing-199 >> "Connection: Keep-Alive[\r][\n]"
02-06-2018 16:46:01 Wire.java DEBUG [Forwarding executeScript on session 45560e61c641417dd174dfd9b0352340 to remote] http.wire 73 - http-outgoing-199 >> "User-Agent: Apache-HttpClient/4.5.3 (Java/1.8.0_151)[\r][\n]"
02-06-2018 16:46:01 Wire.java DEBUG [Forwarding executeScript on session 45560e61c641417dd174dfd9b0352340 to remote] http.wire 73 - http-outgoing-199 >> "Accept-Encoding: gzip,deflate[\r][\n]"
02-06-2018 16:46:01 Wire.java DEBUG [Forwarding executeScript on session 45560e61c641417dd174dfd9b0352340 to remote] http.wire 73 - http-outgoing-199 >> "[\r][\n]"
02-06-2018 16:46:01 Wire.java DEBUG [Forwarding executeScript on session 45560e61c641417dd174dfd9b0352340 to remote] http.wire 87 - http-outgoing-199 >> "{"script":"arguments[0].click();","args":[{"ELEMENT":"0.9930238590539904-4","element-6066-11e4-a52e-4f735466cecf":"0.9930238590539904-4"}]}"
02-06-2018 16:46:01 Wire.java DEBUG [Forwarding executeScript on session 45560e61c641417dd174dfd9b0352340 to remote] http.wire 73 - http-outgoing-199 << "HTTP/1.1 200 OK[\r][\n]"
02-06-2018 16:46:01 Wire.java DEBUG [Forwarding executeScript on session 45560e61c641417dd174dfd9b0352340 to remote] http.wire 73 - http-outgoing-199 << "Content-Length:72[\r][\n]"
02-06-2018 16:46:01 Wire.java DEBUG [Forwarding executeScript on session 45560e61c641417dd174dfd9b0352340 to remote] http.wire 73 - http-outgoing-199 << "Content-Type:application/json; charset=utf-8[\r][\n]"
02-06-2018 16:46:01 Wire.java DEBUG [Forwarding executeScript on session 45560e61c641417dd174dfd9b0352340 to remote] http.wire 73 - http-outgoing-199 << "Connection:close[\r][\n]"
02-06-2018 16:46:01 Wire.java DEBUG [Forwarding executeScript on session 45560e61c641417dd174dfd9b0352340 to remote] http.wire 73 - http-outgoing-199 << "[\r][\n]"
02-06-2018 16:46:01 Wire.java DEBUG [Forwarding executeScript on session 45560e61c641417dd174dfd9b0352340 to remote] http.wire 87 - http-outgoing-199 << "{"sessionId":"45560e61c641417dd174dfd9b0352340","status":0,"value":null}"
02-06-2018 16:46:01 LoggingManagedHttpClientConnection.java DEBUG [Forwarding executeScript on session 45560e61c641417dd174dfd9b0352340 to remote] http.headers 122 - http-outgoing-199 << HTTP/1.1 200 OK
02-06-2018 16:46:01 LoggingManagedHttpClientConnection.java DEBUG [Forwarding executeScript on session 45560e61c641417dd174dfd9b0352340 to remote] http.headers 125 - http-outgoing-199 << Content-Length:72
02-06-2018 16:46:01 LoggingManagedHttpClientConnection.java DEBUG [Forwarding executeScript on session 45560e61c641417dd174dfd9b0352340 to remote] http.headers 125 - http-outgoing-199 << Content-Type:application/json; charset=utf-8
02-06-2018 16:46:01 LoggingManagedHttpClientConnection.java DEBUG [Forwarding executeScript on session 45560e61c641417dd174dfd9b0352340 to remote] http.headers 125 - http-outgoing-199 << Connection:close
02-06-2018 16:46:01 LoggingManagedHttpClientConnection.java DEBUG [Forwarding executeScript on session 45560e61c641417dd174dfd9b0352340 to remote] conn.DefaultManagedHttpClientConnection 79 - http-outgoing-199: Close connection
02-06-2018 16:46:01 ConnectionHolder.java DEBUG [Forwarding executeScript on session 45560e61c641417dd174dfd9b0352340 to remote] execchain.MainClientExec 104 - Connection discarded
02-06-2018 16:46:01 PoolingHttpClientConnectionManager.java DEBUG [Forwarding executeScript on session 45560e61c641417dd174dfd9b0352340 to remote] conn.PoolingHttpClientConnectionManager 326 - Connection released: [id: 199][route: {}->http://localhost:44932][total kept alive: 0; route allocated: 0 of 2000; total allocated: 0 of 2000]
02-06-2018 16:46:01 RequestAddCookies.java DEBUG [Forwarding findElement on session 45560e61c641417dd174dfd9b0352340 to remote] protocol.RequestAddCookies 123 - CookieSpec selected: default
02-06-2018 16:46:01 RequestAuthCache.java DEBUG [Forwarding findElement on session 45560e61c641417dd174dfd9b0352340 to remote] protocol.RequestAuthCache 77 - Auth cache not set in the context
02-06-2018 16:46:01 PoolingHttpClientConnectionManager.java DEBUG [Forwarding findElement on session 45560e61c641417dd174dfd9b0352340 to remote] conn.PoolingHttpClientConnectionManager 255 - Connection request: [route: {}->http://localhost:44932][total kept alive: 0; route allocated: 0 of 2000; total allocated: 0 of 2000]
02-06-2018 16:46:01 PoolingHttpClientConnectionManager.java DEBUG [Forwarding findElement on session 45560e61c641417dd174dfd9b0352340 to remote] conn.PoolingHttpClientConnectionManager 288 - Connection leased: [id: 200][route: {}->http://localhost:44932][total kept alive: 0; route allocated: 1 of 2000; total allocated: 1 of 2000]
02-06-2018 16:46:01 MainClientExec.java DEBUG [Forwarding findElement on session 45560e61c641417dd174dfd9b0352340 to remote] execchain.MainClientExec 235 - Opening connection {}->http://localhost:44932
02-06-2018 16:46:01 DefaultHttpClientConnectionOperator.java DEBUG [Forwarding findElement on session 45560e61c641417dd174dfd9b0352340 to remote] conn.DefaultHttpClientConnectionOperator 139 - Connecting to localhost/127.0.0.1:44932
02-06-2018 16:46:01 DefaultHttpClientConnectionOperator.java DEBUG [Forwarding findElement on session 45560e61c641417dd174dfd9b0352340 to remote] conn.DefaultHttpClientConnectionOperator 146 - Connection established 127.0.0.1:60196<->127.0.0.1:44932
02-06-2018 16:46:01 LoggingManagedHttpClientConnection.java DEBUG [Forwarding findElement on session 45560e61c641417dd174dfd9b0352340 to remote] conn.DefaultManagedHttpClientConnection 88 - http-outgoing-200: set socket timeout to 10800000
02-06-2018 16:46:01 MainClientExec.java DEBUG [Forwarding findElement on session 45560e61c641417dd174dfd9b0352340 to remote] execchain.MainClientExec 256 - Executing request POST /session/45560e61c641417dd174dfd9b0352340/element HTTP/1.1
02-06-2018 16:46:01 MainClientExec.java DEBUG [Forwarding findElement on session 45560e61c641417dd174dfd9b0352340 to remote] execchain.MainClientExec 261 - Target auth state: UNCHALLENGED
02-06-2018 16:46:01 MainClientExec.java DEBUG [Forwarding findElement on session 45560e61c641417dd174dfd9b0352340 to remote] execchain.MainClientExec 267 - Proxy auth state: UNCHALLENGED
02-06-2018 16:46:01 LoggingManagedHttpClientConnection.java DEBUG [Forwarding findElement on session 45560e61c641417dd174dfd9b0352340 to remote] http.headers 133 - http-outgoing-200 >> POST /session/45560e61c641417dd174dfd9b0352340/element HTTP/1.1
02-06-2018 16:46:01 LoggingManagedHttpClientConnection.java DEBUG [Forwarding findElement on session 45560e61c641417dd174dfd9b0352340 to remote] http.headers 136 - http-outgoing-200 >> Content-Type: application/json; charset=utf-8
02-06-2018 16:46:01 LoggingManagedHttpClientConnection.java DEBUG [Forwarding findElement on session 45560e61c641417dd174dfd9b0352340 to remote] http.headers 136 - http-outgoing-200 >> Content-Length: 70
02-06-2018 16:46:01 LoggingManagedHttpClientConnection.java DEBUG [Forwarding findElement on session 45560e61c641417dd174dfd9b0352340 to remote] http.headers 136 - http-outgoing-200 >> Host: localhost:44932
02-06-2018 16:46:01 LoggingManagedHttpClientConnection.java DEBUG [Forwarding findElement on session 45560e61c641417dd174dfd9b0352340 to remote] http.headers 136 - http-outgoing-200 >> Connection: Keep-Alive
02-06-2018 16:46:01 LoggingManagedHttpClientConnection.java DEBUG [Forwarding findElement on session 45560e61c641417dd174dfd9b0352340 to remote] http.headers 136 - http-outgoing-200 >> User-Agent: Apache-HttpClient/4.5.3 (Java/1.8.0_151)
02-06-2018 16:46:01 LoggingManagedHttpClientConnection.java DEBUG [Forwarding findElement on session 45560e61c641417dd174dfd9b0352340 to remote] http.headers 136 - http-outgoing-200 >> Accept-Encoding: gzip,deflate
02-06-2018 16:46:01 Wire.java DEBUG [Forwarding findElement on session 45560e61c641417dd174dfd9b0352340 to remote] http.wire 73 - http-outgoing-200 >> "POST /session/45560e61c641417dd174dfd9b0352340/element HTTP/1.1[\r][\n]"
02-06-2018 16:46:01 Wire.java DEBUG [Forwarding findElement on session 45560e61c641417dd174dfd9b0352340 to remote] http.wire 73 - http-outgoing-200 >> "Content-Type: application/json; charset=utf-8[\r][\n]"
02-06-2018 16:46:01 Wire.java DEBUG [Forwarding findElement on session 45560e61c641417dd174dfd9b0352340 to remote] http.wire 73 - http-outgoing-200 >> "Content-Length: 70[\r][\n]"
02-06-2018 16:46:01 Wire.java DEBUG [Forwarding findElement on session 45560e61c641417dd174dfd9b0352340 to remote] http.wire 73 - http-outgoing-200 >> "Host: localhost:44932[\r][\n]"
02-06-2018 16:46:01 Wire.java DEBUG [Forwarding findElement on session 45560e61c641417dd174dfd9b0352340 to remote] http.wire 73 - http-outgoing-200 >> "Connection: Keep-Alive[\r][\n]"
02-06-2018 16:46:01 Wire.java DEBUG [Forwarding findElement on session 45560e61c641417dd174dfd9b0352340 to remote] http.wire 73 - http-outgoing-200 >> "User-Agent: Apache-HttpClient/4.5.3 (Java/1.8.0_151)[\r][\n]"
02-06-2018 16:46:01 Wire.java DEBUG [Forwarding findElement on session 45560e61c641417dd174dfd9b0352340 to remote] http.wire 73 - http-outgoing-200 >> "Accept-Encoding: gzip,deflate[\r][\n]"
02-06-2018 16:46:01 Wire.java DEBUG [Forwarding findElement on session 45560e61c641417dd174dfd9b0352340 to remote] http.wire 73 - http-outgoing-200 >> "[\r][\n]"
02-06-2018 16:46:01 Wire.java DEBUG [Forwarding findElement on session 45560e61c641417dd174dfd9b0352340 to remote] http.wire 87 - http-outgoing-200 >> "{"using":"xpath","value":"//*[@id\u003d\u0027password-confirm\u0027]"}"
02-06-2018 16:46:01 Wire.java DEBUG [Forwarding findElement on session 45560e61c641417dd174dfd9b0352340 to remote] http.wire 73 - http-outgoing-200 << "HTTP/1.1 200 OK[\r][\n]"
02-06-2018 16:46:01 Wire.java DEBUG [Forwarding findElement on session 45560e61c641417dd174dfd9b0352340 to remote] http.wire 73 - http-outgoing-200 << "Content-Length:102[\r][\n]"
02-06-2018 16:46:01 Wire.java DEBUG [Forwarding findElement on session 45560e61c641417dd174dfd9b0352340 to remote] http.wire 73 - http-outgoing-200 << "Content-Type:application/json; charset=utf-8[\r][\n]"
02-06-2018 16:46:01 Wire.java DEBUG [Forwarding findElement on session 45560e61c641417dd174dfd9b0352340 to remote] http.wire 73 - http-outgoing-200 << "Connection:close[\r][\n]"
02-06-2018 16:46:01 Wire.java DEBUG [Forwarding findElement on session 45560e61c641417dd174dfd9b0352340 to remote] http.wire 73 - http-outgoing-200 << "[\r][\n]"
02-06-2018 16:46:01 Wire.java DEBUG [Forwarding findElement on session 45560e61c641417dd174dfd9b0352340 to remote] http.wire 87 - http-outgoing-200 << "{"sessionId":"45560e61c641417dd174dfd9b0352340","status":0,"value":{"ELEMENT":"0.9930238590539904-4"}}"
02-06-2018 16:46:01 LoggingManagedHttpClientConnection.java DEBUG [Forwarding findElement on session 45560e61c641417dd174dfd9b0352340 to remote] http.headers 122 - http-outgoing-200 << HTTP/1.1 200 OK
02-06-2018 16:46:01 LoggingManagedHttpClientConnection.java DEBUG [Forwarding findElement on session 45560e61c641417dd174dfd9b0352340 to remote] http.headers 125 - http-outgoing-200 << Content-Length:102
02-06-2018 16:46:01 LoggingManagedHttpClientConnection.java DEBUG [Forwarding findElement on session 45560e61c641417dd174dfd9b0352340 to remote] http.headers 125 - http-outgoing-200 << Content-Type:application/json; charset=utf-8
02-06-2018 16:46:01 LoggingManagedHttpClientConnection.java DEBUG [Forwarding findElement on session 45560e61c641417dd174dfd9b0352340 to remote] http.headers 125 - http-outgoing-200 << Connection:close
02-06-2018 16:46:01 LoggingManagedHttpClientConnection.java DEBUG [Forwarding findElement on session 45560e61c641417dd174dfd9b0352340 to remote] conn.DefaultManagedHttpClientConnection 79 - http-outgoing-200: Close connection
02-06-2018 16:46:01 ConnectionHolder.java DEBUG [Forwarding findElement on session 45560e61c641417dd174dfd9b0352340 to remote] execchain.MainClientExec 104 - Connection discarded
02-06-2018 16:46:01 PoolingHttpClientConnectionManager.java DEBUG [Forwarding findElement on session 45560e61c641417dd174dfd9b0352340 to remote] conn.PoolingHttpClientConnectionManager 326 - Connection released: [id: 200][route: {}->http://localhost:44932][total kept alive: 0; route allocated: 0 of 2000; total allocated: 0 of 2000]
02-06-2018 16:46:01 RequestAddCookies.java DEBUG [Forwarding sendKeysToElement on session 45560e61c641417dd174dfd9b0352340 to remote] protocol.RequestAddCookies 123 - CookieSpec selected: default
02-06-2018 16:46:01 RequestAuthCache.java DEBUG [Forwarding sendKeysToElement on session 45560e61c641417dd174dfd9b0352340 to remote] protocol.RequestAuthCache 77 - Auth cache not set in the context
02-06-2018 16:46:01 PoolingHttpClientConnectionManager.java DEBUG [Forwarding sendKeysToElement on session 45560e61c641417dd174dfd9b0352340 to remote] conn.PoolingHttpClientConnectionManager 255 - Connection request: [route: {}->http://localhost:44932][total kept alive: 0; route allocated: 0 of 2000; total allocated: 0 of 2000]
02-06-2018 16:46:01 PoolingHttpClientConnectionManager.java DEBUG [Forwarding sendKeysToElement on session 45560e61c641417dd174dfd9b0352340 to remote] conn.PoolingHttpClientConnectionManager 288 - Connection leased: [id: 201][route: {}->http://localhost:44932][total kept alive: 0; route allocated: 1 of 2000; total allocated: 1 of 2000]
02-06-2018 16:46:01 MainClientExec.java DEBUG [Forwarding sendKeysToElement on session 45560e61c641417dd174dfd9b0352340 to remote] execchain.MainClientExec 235 - Opening connection {}->http://localhost:44932
02-06-2018 16:46:01 DefaultHttpClientConnectionOperator.java DEBUG [Forwarding sendKeysToElement on session 45560e61c641417dd174dfd9b0352340 to remote] conn.DefaultHttpClientConnectionOperator 139 - Connecting to localhost/127.0.0.1:44932
02-06-2018 16:46:01 DefaultHttpClientConnectionOperator.java DEBUG [Forwarding sendKeysToElement on session 45560e61c641417dd174dfd9b0352340 to remote] conn.DefaultHttpClientConnectionOperator 146 - Connection established 127.0.0.1:60197<->127.0.0.1:44932
02-06-2018 16:46:01 LoggingManagedHttpClientConnection.java DEBUG [Forwarding sendKeysToElement on session 45560e61c641417dd174dfd9b0352340 to remote] conn.DefaultManagedHttpClientConnection 88 - http-outgoing-201: set socket timeout to 10800000
02-06-2018 16:46:01 MainClientExec.java DEBUG [Forwarding sendKeysToElement on session 45560e61c641417dd174dfd9b0352340 to remote] execchain.MainClientExec 256 - Executing request POST /session/45560e61c641417dd174dfd9b0352340/element/0.9930238590539904-4/value HTTP/1.1
02-06-2018 16:46:01 MainClientExec.java DEBUG [Forwarding sendKeysToElement on session 45560e61c641417dd174dfd9b0352340 to remote] execchain.MainClientExec 261 - Target auth state: UNCHALLENGED
02-06-2018 16:46:01 MainClientExec.java DEBUG [Forwarding sendKeysToElement on session 45560e61c641417dd174dfd9b0352340 to remote] execchain.MainClientExec 267 - Proxy auth state: UNCHALLENGED
02-06-2018 16:46:01 LoggingManagedHttpClientConnection.java DEBUG [Forwarding sendKeysToElement on session 45560e61c641417dd174dfd9b0352340 to remote] http.headers 133 - http-outgoing-201 >> POST /session/45560e61c641417dd174dfd9b0352340/element/0.9930238590539904-4/value HTTP/1.1
02-06-2018 16:46:01 LoggingManagedHttpClientConnection.java DEBUG [Forwarding sendKeysToElement on session 45560e61c641417dd174dfd9b0352340 to remote] http.headers 136 - http-outgoing-201 >> Content-Type: application/json; charset=utf-8
02-06-2018 16:46:01 LoggingManagedHttpClientConnection.java DEBUG [Forwarding sendKeysToElement on session 45560e61c641417dd174dfd9b0352340 to remote] http.headers 136 - http-outgoing-201 >> Content-Length: 49
02-06-2018 16:46:01 LoggingManagedHttpClientConnection.java DEBUG [Forwarding sendKeysToElement on session 45560e61c641417dd174dfd9b0352340 to remote] http.headers 136 - http-outgoing-201 >> Host: localhost:44932
02-06-2018 16:46:01 LoggingManagedHttpClientConnection.java DEBUG [Forwarding sendKeysToElement on session 45560e61c641417dd174dfd9b0352340 to remote] http.headers 136 - http-outgoing-201 >> Connection: Keep-Alive
02-06-2018 16:46:01 LoggingManagedHttpClientConnection.java DEBUG [Forwarding sendKeysToElement on session 45560e61c641417dd174dfd9b0352340 to remote] http.headers 136 - http-outgoing-201 >> User-Agent: Apache-HttpClient/4.5.3 (Java/1.8.0_151)
02-06-2018 16:46:01 LoggingManagedHttpClientConnection.java DEBUG [Forwarding sendKeysToElement on session 45560e61c641417dd174dfd9b0352340 to remote] http.headers 136 - http-outgoing-201 >> Accept-Encoding: gzip,deflate
02-06-2018 16:46:01 Wire.java DEBUG [Forwarding sendKeysToElement on session 45560e61c641417dd174dfd9b0352340 to remote] http.wire 73 - http-outgoing-201 >> "POST /session/45560e61c641417dd174dfd9b0352340/element/0.9930238590539904-4/value HTTP/1.1[\r][\n]"
02-06-2018 16:46:01 Wire.java DEBUG [Forwarding sendKeysToElement on session 45560e61c641417dd174dfd9b0352340 to remote] http.wire 73 - http-outgoing-201 >> "Content-Type: application/json; charset=utf-8[\r][\n]"
02-06-2018 16:46:01 Wire.java DEBUG [Forwarding sendKeysToElement on session 45560e61c641417dd174dfd9b0352340 to remote] http.wire 73 - http-outgoing-201 >> "Content-Length: 49[\r][\n]"
02-06-2018 16:46:01 Wire.java DEBUG [Forwarding sendKeysToElement on session 45560e61c641417dd174dfd9b0352340 to remote] http.wire 73 - http-outgoing-201 >> "Host: localhost:44932[\r][\n]"
02-06-2018 16:46:01 Wire.java DEBUG [Forwarding sendKeysToElement on session 45560e61c641417dd174dfd9b0352340 to remote] http.wire 73 - http-outgoing-201 >> "Connection: Keep-Alive[\r][\n]"
02-06-2018 16:46:01 Wire.java DEBUG [Forwarding sendKeysToElement on session 45560e61c641417dd174dfd9b0352340 to remote] http.wire 73 - http-outgoing-201 >> "User-Agent: Apache-HttpClient/4.5.3 (Java/1.8.0_151)[\r][\n]"
02-06-2018 16:46:01 Wire.java DEBUG [Forwarding sendKeysToElement on session 45560e61c641417dd174dfd9b0352340 to remote] http.wire 73 - http-outgoing-201 >> "Accept-Encoding: gzip,deflate[\r][\n]"
02-06-2018 16:46:01 Wire.java DEBUG [Forwarding sendKeysToElement on session 45560e61c641417dd174dfd9b0352340 to remote] http.wire 73 - http-outgoing-201 >> "[\r][\n]"
02-06-2018 16:46:01 Wire.java DEBUG [Forwarding sendKeysToElement on session 45560e61c641417dd174dfd9b0352340 to remote] http.wire 87 - http-outgoing-201 >> "{"id":"0.9930238590539904-4","value":["Test123"]}"
02-06-2018 16:46:01 Wire.java DEBUG [Forwarding sendKeysToElement on session 45560e61c641417dd174dfd9b0352340 to remote] http.wire 73 - http-outgoing-201 << "HTTP/1.1 200 OK[\r][\n]"
02-06-2018 16:46:01 Wire.java DEBUG [Forwarding sendKeysToElement on session 45560e61c641417dd174dfd9b0352340 to remote] http.wire 73 - http-outgoing-201 << "Content-Length:72[\r][\n]"
02-06-2018 16:46:01 Wire.java DEBUG [Forwarding sendKeysToElement on session 45560e61c641417dd174dfd9b0352340 to remote] http.wire 73 - http-outgoing-201 << "Content-Type:application/json; charset=utf-8[\r][\n]"
02-06-2018 16:46:01 Wire.java DEBUG [Forwarding sendKeysToElement on session 45560e61c641417dd174dfd9b0352340 to remote] http.wire 73 - http-outgoing-201 << "Connection:close[\r][\n]"
02-06-2018 16:46:01 Wire.java DEBUG [Forwarding sendKeysToElement on session 45560e61c641417dd174dfd9b0352340 to remote] http.wire 73 - http-outgoing-201 << "[\r][\n]"
02-06-2018 16:46:01 Wire.java DEBUG [Forwarding sendKeysToElement on session 45560e61c641417dd174dfd9b0352340 to remote] http.wire 87 - http-outgoing-201 << "{"sessionId":"45560e61c641417dd174dfd9b0352340","status":0,"value":null}"
02-06-2018 16:46:01 LoggingManagedHttpClientConnection.java DEBUG [Forwarding sendKeysToElement on session 45560e61c641417dd174dfd9b0352340 to remote] http.headers 122 - http-outgoing-201 << HTTP/1.1 200 OK
02-06-2018 16:46:01 LoggingManagedHttpClientConnection.java DEBUG [Forwarding sendKeysToElement on session 45560e61c641417dd174dfd9b0352340 to remote] http.headers 125 - http-outgoing-201 << Content-Length:72
02-06-2018 16:46:01 LoggingManagedHttpClientConnection.java DEBUG [Forwarding sendKeysToElement on session 45560e61c641417dd174dfd9b0352340 to remote] http.headers 125 - http-outgoing-201 << Content-Type:application/json; charset=utf-8
02-06-2018 16:46:01 LoggingManagedHttpClientConnection.java DEBUG [Forwarding sendKeysToElement on session 45560e61c641417dd174dfd9b0352340 to remote] http.headers 125 - http-outgoing-201 << Connection:close
02-06-2018 16:46:01 LoggingManagedHttpClientConnection.java DEBUG [Forwarding sendKeysToElement on session 45560e61c641417dd174dfd9b0352340 to remote] conn.DefaultManagedHttpClientConnection 79 - http-outgoing-201: Close connection
02-06-2018 16:46:01 ConnectionHolder.java DEBUG [Forwarding sendKeysToElement on session 45560e61c641417dd174dfd9b0352340 to remote] execchain.MainClientExec 104 - Connection discarded
02-06-2018 16:46:01 PoolingHttpClientConnectionManager.java DEBUG [Forwarding sendKeysToElement on session 45560e61c641417dd174dfd9b0352340 to remote] conn.PoolingHttpClientConnectionManager 326 - Connection released: [id: 201][route: {}->http://localhost:44932][total kept alive: 0; route allocated: 0 of 2000; total allocated: 0 of 2000]
02-06-2018 16:46:01 RequestAddCookies.java DEBUG [Forwarding findElement on session 45560e61c641417dd174dfd9b0352340 to remote] protocol.RequestAddCookies 123 - CookieSpec selected: default
02-06-2018 16:46:01 RequestAuthCache.java DEBUG [Forwarding findElement on session 45560e61c641417dd174dfd9b0352340 to remote] protocol.RequestAuthCache 77 - Auth cache not set in the context
02-06-2018 16:46:01 PoolingHttpClientConnectionManager.java DEBUG [Forwarding findElement on session 45560e61c641417dd174dfd9b0352340 to remote] conn.PoolingHttpClientConnectionManager 255 - Connection request: [route: {}->http://localhost:44932][total kept alive: 0; route allocated: 0 of 2000; total allocated: 0 of 2000]
02-06-2018 16:46:01 PoolingHttpClientConnectionManager.java DEBUG [Forwarding findElement on session 45560e61c641417dd174dfd9b0352340 to remote] conn.PoolingHttpClientConnectionManager 288 - Connection leased: [id: 202][route: {}->http://localhost:44932][total kept alive: 0; route allocated: 1 of 2000; total allocated: 1 of 2000]
02-06-2018 16:46:01 MainClientExec.java DEBUG [Forwarding findElement on session 45560e61c641417dd174dfd9b0352340 to remote] execchain.MainClientExec 235 - Opening connection {}->http://localhost:44932
02-06-2018 16:46:01 DefaultHttpClientConnectionOperator.java DEBUG [Forwarding findElement on session 45560e61c641417dd174dfd9b0352340 to remote] conn.DefaultHttpClientConnectionOperator 139 - Connecting to localhost/127.0.0.1:44932
02-06-2018 16:46:01 DefaultHttpClientConnectionOperator.java DEBUG [Forwarding findElement on session 45560e61c641417dd174dfd9b0352340 to remote] conn.DefaultHttpClientConnectionOperator 146 - Connection established 127.0.0.1:60198<->127.0.0.1:44932
02-06-2018 16:46:01 LoggingManagedHttpClientConnection.java DEBUG [Forwarding findElement on session 45560e61c641417dd174dfd9b0352340 to remote] conn.DefaultManagedHttpClientConnection 88 - http-outgoing-202: set socket timeout to 10800000
02-06-2018 16:46:01 MainClientExec.java DEBUG [Forwarding findElement on session 45560e61c641417dd174dfd9b0352340 to remote] execchain.MainClientExec 256 - Executing request POST /session/45560e61c641417dd174dfd9b0352340/element HTTP/1.1
02-06-2018 16:46:01 MainClientExec.java DEBUG [Forwarding findElement on session 45560e61c641417dd174dfd9b0352340 to remote] execchain.MainClientExec 261 - Target auth state: UNCHALLENGED
02-06-2018 16:46:01 MainClientExec.java DEBUG [Forwarding findElement on session 45560e61c641417dd174dfd9b0352340 to remote] execchain.MainClientExec 267 - Proxy auth state: UNCHALLENGED
02-06-2018 16:46:01 LoggingManagedHttpClientConnection.java DEBUG [Forwarding findElement on session 45560e61c641417dd174dfd9b0352340 to remote] http.headers 133 - http-outgoing-202 >> POST /session/45560e61c641417dd174dfd9b0352340/element HTTP/1.1
02-06-2018 16:46:01 LoggingManagedHttpClientConnection.java DEBUG [Forwarding findElement on session 45560e61c641417dd174dfd9b0352340 to remote] http.headers 136 - http-outgoing-202 >> Content-Type: application/json; charset=utf-8
02-06-2018 16:46:01 LoggingManagedHttpClientConnection.java DEBUG [Forwarding findElement on session 45560e61c641417dd174dfd9b0352340 to remote] http.headers 136 - http-outgoing-202 >> Content-Length: 67
02-06-2018 16:46:01 LoggingManagedHttpClientConnection.java DEBUG [Forwarding findElement on session 45560e61c641417dd174dfd9b0352340 to remote] http.headers 136 - http-outgoing-202 >> Host: localhost:44932
02-06-2018 16:46:01 LoggingManagedHttpClientConnection.java DEBUG [Forwarding findElement on session 45560e61c641417dd174dfd9b0352340 to remote] http.headers 136 - http-outgoing-202 >> Connection: Keep-Alive
02-06-2018 16:46:01 LoggingManagedHttpClientConnection.java DEBUG [Forwarding findElement on session 45560e61c641417dd174dfd9b0352340 to remote] http.headers 136 - http-outgoing-202 >> User-Agent: Apache-HttpClient/4.5.3 (Java/1.8.0_151)
02-06-2018 16:46:01 LoggingManagedHttpClientConnection.java DEBUG [Forwarding findElement on session 45560e61c641417dd174dfd9b0352340 to remote] http.headers 136 - http-outgoing-202 >> Accept-Encoding: gzip,deflate
02-06-2018 16:46:01 Wire.java DEBUG [Forwarding findElement on session 45560e61c641417dd174dfd9b0352340 to remote] http.wire 73 - http-outgoing-202 >> "POST /session/45560e61c641417dd174dfd9b0352340/element HTTP/1.1[\r][\n]"
02-06-2018 16:46:01 Wire.java DEBUG [Forwarding findElement on session 45560e61c641417dd174dfd9b0352340 to remote] http.wire 73 - http-outgoing-202 >> "Content-Type: application/json; charset=utf-8[\r][\n]"
02-06-2018 16:46:01 Wire.java DEBUG [Forwarding findElement on session 45560e61c641417dd174dfd9b0352340 to remote] http.wire 73 - http-outgoing-202 >> "Content-Length: 67[\r][\n]"
02-06-2018 16:46:01 Wire.java DEBUG [Forwarding findElement on session 45560e61c641417dd174dfd9b0352340 to remote] http.wire 73 - http-outgoing-202 >> "Host: localhost:44932[\r][\n]"
02-06-2018 16:46:01 Wire.java DEBUG [Forwarding findElement on session 45560e61c641417dd174dfd9b0352340 to remote] http.wire 73 - http-outgoing-202 >> "Connection: Keep-Alive[\r][\n]"
02-06-2018 16:46:01 Wire.java DEBUG [Forwarding findElement on session 45560e61c641417dd174dfd9b0352340 to remote] http.wire 73 - http-outgoing-202 >> "User-Agent: Apache-HttpClient/4.5.3 (Java/1.8.0_151)[\r][\n]"
02-06-2018 16:46:01 Wire.java DEBUG [Forwarding findElement on session 45560e61c641417dd174dfd9b0352340 to remote] http.wire 73 - http-outgoing-202 >> "Accept-Encoding: gzip,deflate[\r][\n]"
02-06-2018 16:46:01 Wire.java DEBUG [Forwarding findElement on session 45560e61c641417dd174dfd9b0352340 to remote] http.wire 73 - http-outgoing-202 >> "[\r][\n]"
02-06-2018 16:46:01 Wire.java DEBUG [Forwarding findElement on session 45560e61c641417dd174dfd9b0352340 to remote] http.wire 87 - http-outgoing-202 >> "{"using":"xpath","value":"//button[@type\u003d\u0027submit\u0027]"}"
02-06-2018 16:46:01 Wire.java DEBUG [Forwarding findElement on session 45560e61c641417dd174dfd9b0352340 to remote] http.wire 73 - http-outgoing-202 << "HTTP/1.1 200 OK[\r][\n]"
02-06-2018 16:46:01 Wire.java DEBUG [Forwarding findElement on session 45560e61c641417dd174dfd9b0352340 to remote] http.wire 73 - http-outgoing-202 << "Content-Length:102[\r][\n]"
02-06-2018 16:46:01 Wire.java DEBUG [Forwarding findElement on session 45560e61c641417dd174dfd9b0352340 to remote] http.wire 73 - http-outgoing-202 << "Content-Type:application/json; charset=utf-8[\r][\n]"
02-06-2018 16:46:01 Wire.java DEBUG [Forwarding findElement on session 45560e61c641417dd174dfd9b0352340 to remote] http.wire 73 - http-outgoing-202 << "Connection:close[\r][\n]"
02-06-2018 16:46:01 Wire.java DEBUG [Forwarding findElement on session 45560e61c641417dd174dfd9b0352340 to remote] http.wire 73 - http-outgoing-202 << "[\r][\n]"
02-06-2018 16:46:01 Wire.java DEBUG [Forwarding findElement on session 45560e61c641417dd174dfd9b0352340 to remote] http.wire 87 - http-outgoing-202 << "{"sessionId":"45560e61c641417dd174dfd9b0352340","status":0,"value":{"ELEMENT":"0.9930238590539904-5"}}"
02-06-2018 16:46:01 LoggingManagedHttpClientConnection.java DEBUG [Forwarding findElement on session 45560e61c641417dd174dfd9b0352340 to remote] http.headers 122 - http-outgoing-202 << HTTP/1.1 200 OK
02-06-2018 16:46:01 LoggingManagedHttpClientConnection.java DEBUG [Forwarding findElement on session 45560e61c641417dd174dfd9b0352340 to remote] http.headers 125 - http-outgoing-202 << Content-Length:102
02-06-2018 16:46:01 LoggingManagedHttpClientConnection.java DEBUG [Forwarding findElement on session 45560e61c641417dd174dfd9b0352340 to remote] http.headers 125 - http-outgoing-202 << Content-Type:application/json; charset=utf-8
02-06-2018 16:46:01 LoggingManagedHttpClientConnection.java DEBUG [Forwarding findElement on session 45560e61c641417dd174dfd9b0352340 to remote] http.headers 125 - http-outgoing-202 << Connection:close
02-06-2018 16:46:01 LoggingManagedHttpClientConnection.java DEBUG [Forwarding findElement on session 45560e61c641417dd174dfd9b0352340 to remote] conn.DefaultManagedHttpClientConnection 79 - http-outgoing-202: Close connection
02-06-2018 16:46:01 ConnectionHolder.java DEBUG [Forwarding findElement on session 45560e61c641417dd174dfd9b0352340 to remote] execchain.MainClientExec 104 - Connection discarded
02-06-2018 16:46:01 PoolingHttpClientConnectionManager.java DEBUG [Forwarding findElement on session 45560e61c641417dd174dfd9b0352340 to remote] conn.PoolingHttpClientConnectionManager 326 - Connection released: [id: 202][route: {}->http://localhost:44932][total kept alive: 0; route allocated: 0 of 2000; total allocated: 0 of 2000]
02-06-2018 16:46:01 RequestAddCookies.java DEBUG [Forwarding clickElement on session 45560e61c641417dd174dfd9b0352340 to remote] protocol.RequestAddCookies 123 - CookieSpec selected: default
02-06-2018 16:46:01 RequestAuthCache.java DEBUG [Forwarding clickElement on session 45560e61c641417dd174dfd9b0352340 to remote] protocol.RequestAuthCache 77 - Auth cache not set in the context
02-06-2018 16:46:01 PoolingHttpClientConnectionManager.java DEBUG [Forwarding clickElement on session 45560e61c641417dd174dfd9b0352340 to remote] conn.PoolingHttpClientConnectionManager 255 - Connection request: [route: {}->http://localhost:44932][total kept alive: 0; route allocated: 0 of 2000; total allocated: 0 of 2000]
02-06-2018 16:46:01 PoolingHttpClientConnectionManager.java DEBUG [Forwarding clickElement on session 45560e61c641417dd174dfd9b0352340 to remote] conn.PoolingHttpClientConnectionManager 288 - Connection leased: [id: 203][route: {}->http://localhost:44932][total kept alive: 0; route allocated: 1 of 2000; total allocated: 1 of 2000]
02-06-2018 16:46:01 MainClientExec.java DEBUG [Forwarding clickElement on session 45560e61c641417dd174dfd9b0352340 to remote] execchain.MainClientExec 235 - Opening connection {}->http://localhost:44932
02-06-2018 16:46:01 DefaultHttpClientConnectionOperator.java DEBUG [Forwarding clickElement on session 45560e61c641417dd174dfd9b0352340 to remote] conn.DefaultHttpClientConnectionOperator 139 - Connecting to localhost/127.0.0.1:44932
02-06-2018 16:46:01 DefaultHttpClientConnectionOperator.java DEBUG [Forwarding clickElement on session 45560e61c641417dd174dfd9b0352340 to remote] conn.DefaultHttpClientConnectionOperator 146 - Connection established 127.0.0.1:60199<->127.0.0.1:44932
02-06-2018 16:46:01 LoggingManagedHttpClientConnection.java DEBUG [Forwarding clickElement on session 45560e61c641417dd174dfd9b0352340 to remote] conn.DefaultManagedHttpClientConnection 88 - http-outgoing-203: set socket timeout to 10800000
02-06-2018 16:46:01 MainClientExec.java DEBUG [Forwarding clickElement on session 45560e61c641417dd174dfd9b0352340 to remote] execchain.MainClientExec 256 - Executing request POST /session/45560e61c641417dd174dfd9b0352340/element/0.9930238590539904-5/click HTTP/1.1
02-06-2018 16:46:01 MainClientExec.java DEBUG [Forwarding clickElement on session 45560e61c641417dd174dfd9b0352340 to remote] execchain.MainClientExec 261 - Target auth state: UNCHALLENGED
02-06-2018 16:46:01 MainClientExec.java DEBUG [Forwarding clickElement on session 45560e61c641417dd174dfd9b0352340 to remote] execchain.MainClientExec 267 - Proxy auth state: UNCHALLENGED
02-06-2018 16:46:01 LoggingManagedHttpClientConnection.java DEBUG [Forwarding clickElement on session 45560e61c641417dd174dfd9b0352340 to remote] http.headers 133 - http-outgoing-203 >> POST /session/45560e61c641417dd174dfd9b0352340/element/0.9930238590539904-5/click HTTP/1.1
02-06-2018 16:46:01 LoggingManagedHttpClientConnection.java DEBUG [Forwarding clickElement on session 45560e61c641417dd174dfd9b0352340 to remote] http.headers 136 - http-outgoing-203 >> Content-Type: application/json; charset=utf-8
02-06-2018 16:46:01 LoggingManagedHttpClientConnection.java DEBUG [Forwarding clickElement on session 45560e61c641417dd174dfd9b0352340 to remote] http.headers 136 - http-outgoing-203 >> Content-Length: 29
02-06-2018 16:46:01 LoggingManagedHttpClientConnection.java DEBUG [Forwarding clickElement on session 45560e61c641417dd174dfd9b0352340 to remote] http.headers 136 - http-outgoing-203 >> Host: localhost:44932
02-06-2018 16:46:01 LoggingManagedHttpClientConnection.java DEBUG [Forwarding clickElement on session 45560e61c641417dd174dfd9b0352340 to remote] http.headers 136 - http-outgoing-203 >> Connection: Keep-Alive
02-06-2018 16:46:01 LoggingManagedHttpClientConnection.java DEBUG [Forwarding clickElement on session 45560e61c641417dd174dfd9b0352340 to remote] http.headers 136 - http-outgoing-203 >> User-Agent: Apache-HttpClient/4.5.3 (Java/1.8.0_151)
02-06-2018 16:46:01 LoggingManagedHttpClientConnection.java DEBUG [Forwarding clickElement on session 45560e61c641417dd174dfd9b0352340 to remote] http.headers 136 - http-outgoing-203 >> Accept-Encoding: gzip,deflate
02-06-2018 16:46:01 Wire.java DEBUG [Forwarding clickElement on session 45560e61c641417dd174dfd9b0352340 to remote] http.wire 73 - http-outgoing-203 >> "POST /session/45560e61c641417dd174dfd9b0352340/element/0.9930238590539904-5/click HTTP/1.1[\r][\n]"
02-06-2018 16:46:01 Wire.java DEBUG [Forwarding clickElement on session 45560e61c641417dd174dfd9b0352340 to remote] http.wire 73 - http-outgoing-203 >> "Content-Type: application/json; charset=utf-8[\r][\n]"
02-06-2018 16:46:01 Wire.java DEBUG [Forwarding clickElement on session 45560e61c641417dd174dfd9b0352340 to remote] http.wire 73 - http-outgoing-203 >> "Content-Length: 29[\r][\n]"
02-06-2018 16:46:01 Wire.java DEBUG [Forwarding clickElement on session 45560e61c641417dd174dfd9b0352340 to remote] http.wire 73 - http-outgoing-203 >> "Host: localhost:44932[\r][\n]"
02-06-2018 16:46:01 Wire.java DEBUG [Forwarding clickElement on session 45560e61c641417dd174dfd9b0352340 to remote] http.wire 73 - http-outgoing-203 >> "Connection: Keep-Alive[\r][\n]"
02-06-2018 16:46:01 Wire.java DEBUG [Forwarding clickElement on session 45560e61c641417dd174dfd9b0352340 to remote] http.wire 73 - http-outgoing-203 >> "User-Agent: Apache-HttpClient/4.5.3 (Java/1.8.0_151)[\r][\n]"
02-06-2018 16:46:01 Wire.java DEBUG [Forwarding clickElement on session 45560e61c641417dd174dfd9b0352340 to remote] http.wire 73 - http-outgoing-203 >> "Accept-Encoding: gzip,deflate[\r][\n]"
02-06-2018 16:46:01 Wire.java DEBUG [Forwarding clickElement on session 45560e61c641417dd174dfd9b0352340 to remote] http.wire 73 - http-outgoing-203 >> "[\r][\n]"
02-06-2018 16:46:01 Wire.java DEBUG [Forwarding clickElement on session 45560e61c641417dd174dfd9b0352340 to remote] http.wire 87 - http-outgoing-203 >> "{"id":"0.9930238590539904-5"}"
02-06-2018 16:46:03 Wire.java DEBUG [Forwarding clickElement on session 45560e61c641417dd174dfd9b0352340 to remote] http.wire 73 - http-outgoing-203 << "HTTP/1.1 200 OK[\r][\n]"
02-06-2018 16:46:03 Wire.java DEBUG [Forwarding clickElement on session 45560e61c641417dd174dfd9b0352340 to remote] http.wire 73 - http-outgoing-203 << "Content-Length:72[\r][\n]"
02-06-2018 16:46:03 Wire.java DEBUG [Forwarding clickElement on session 45560e61c641417dd174dfd9b0352340 to remote] http.wire 73 - http-outgoing-203 << "Content-Type:application/json; charset=utf-8[\r][\n]"
02-06-2018 16:46:03 Wire.java DEBUG [Forwarding clickElement on session 45560e61c641417dd174dfd9b0352340 to remote] http.wire 73 - http-outgoing-203 << "Connection:close[\r][\n]"
02-06-2018 16:46:03 Wire.java DEBUG [Forwarding clickElement on session 45560e61c641417dd174dfd9b0352340 to remote] http.wire 73 - http-outgoing-203 << "[\r][\n]"
02-06-2018 16:46:03 Wire.java DEBUG [Forwarding clickElement on session 45560e61c641417dd174dfd9b0352340 to remote] http.wire 87 - http-outgoing-203 << "{"sessionId":"45560e61c641417dd174dfd9b0352340","status":0,"value":null}"
02-06-2018 16:46:03 LoggingManagedHttpClientConnection.java DEBUG [Forwarding clickElement on session 45560e61c641417dd174dfd9b0352340 to remote] http.headers 122 - http-outgoing-203 << HTTP/1.1 200 OK
02-06-2018 16:46:03 LoggingManagedHttpClientConnection.java DEBUG [Forwarding clickElement on session 45560e61c641417dd174dfd9b0352340 to remote] http.headers 125 - http-outgoing-203 << Content-Length:72
02-06-2018 16:46:03 LoggingManagedHttpClientConnection.java DEBUG [Forwarding clickElement on session 45560e61c641417dd174dfd9b0352340 to remote] http.headers 125 - http-outgoing-203 << Content-Type:application/json; charset=utf-8
02-06-2018 16:46:03 LoggingManagedHttpClientConnection.java DEBUG [Forwarding clickElement on session 45560e61c641417dd174dfd9b0352340 to remote] http.headers 125 - http-outgoing-203 << Connection:close
02-06-2018 16:46:03 LoggingManagedHttpClientConnection.java DEBUG [Forwarding clickElement on session 45560e61c641417dd174dfd9b0352340 to remote] conn.DefaultManagedHttpClientConnection 79 - http-outgoing-203: Close connection
02-06-2018 16:46:03 ConnectionHolder.java DEBUG [Forwarding clickElement on session 45560e61c641417dd174dfd9b0352340 to remote] execchain.MainClientExec 104 - Connection discarded
02-06-2018 16:46:03 PoolingHttpClientConnectionManager.java DEBUG [Forwarding clickElement on session 45560e61c641417dd174dfd9b0352340 to remote] conn.PoolingHttpClientConnectionManager 326 - Connection released: [id: 203][route: {}->http://localhost:44932][total kept alive: 0; route allocated: 0 of 2000; total allocated: 0 of 2000]
02-06-2018 16:46:03 RequestAddCookies.java DEBUG [Forwarding findElement on session 45560e61c641417dd174dfd9b0352340 to remote] protocol.RequestAddCookies 123 - CookieSpec selected: default
02-06-2018 16:46:03 RequestAuthCache.java DEBUG [Forwarding findElement on session 45560e61c641417dd174dfd9b0352340 to remote] protocol.RequestAuthCache 77 - Auth cache not set in the context
02-06-2018 16:46:03 PoolingHttpClientConnectionManager.java DEBUG [Forwarding findElement on session 45560e61c641417dd174dfd9b0352340 to remote] conn.PoolingHttpClientConnectionManager 255 - Connection request: [route: {}->http://localhost:44932][total kept alive: 0; route allocated: 0 of 2000; total allocated: 0 of 2000]
02-06-2018 16:46:03 PoolingHttpClientConnectionManager.java DEBUG [Forwarding findElement on session 45560e61c641417dd174dfd9b0352340 to remote] conn.PoolingHttpClientConnectionManager 288 - Connection leased: [id: 204][route: {}->http://localhost:44932][total kept alive: 0; route allocated: 1 of 2000; total allocated: 1 of 2000]
02-06-2018 16:46:03 MainClientExec.java DEBUG [Forwarding findElement on session 45560e61c641417dd174dfd9b0352340 to remote] execchain.MainClientExec 235 - Opening connection {}->http://localhost:44932
02-06-2018 16:46:03 DefaultHttpClientConnectionOperator.java DEBUG [Forwarding findElement on session 45560e61c641417dd174dfd9b0352340 to remote] conn.DefaultHttpClientConnectionOperator 139 - Connecting to localhost/127.0.0.1:44932
02-06-2018 16:46:03 DefaultHttpClientConnectionOperator.java DEBUG [Forwarding findElement on session 45560e61c641417dd174dfd9b0352340 to remote] conn.DefaultHttpClientConnectionOperator 146 - Connection established 127.0.0.1:60200<->127.0.0.1:44932
02-06-2018 16:46:03 LoggingManagedHttpClientConnection.java DEBUG [Forwarding findElement on session 45560e61c641417dd174dfd9b0352340 to remote] conn.DefaultManagedHttpClientConnection 88 - http-outgoing-204: set socket timeout to 10800000
02-06-2018 16:46:03 MainClientExec.java DEBUG [Forwarding findElement on session 45560e61c641417dd174dfd9b0352340 to remote] execchain.MainClientExec 256 - Executing request POST /session/45560e61c641417dd174dfd9b0352340/element HTTP/1.1
02-06-2018 16:46:03 MainClientExec.java DEBUG [Forwarding findElement on session 45560e61c641417dd174dfd9b0352340 to remote] execchain.MainClientExec 261 - Target auth state: UNCHALLENGED
02-06-2018 16:46:03 MainClientExec.java DEBUG [Forwarding findElement on session 45560e61c641417dd174dfd9b0352340 to remote] execchain.MainClientExec 267 - Proxy auth state: UNCHALLENGED
02-06-2018 16:46:03 LoggingManagedHttpClientConnection.java DEBUG [Forwarding findElement on session 45560e61c641417dd174dfd9b0352340 to remote] http.headers 133 - http-outgoing-204 >> POST /session/45560e61c641417dd174dfd9b0352340/element HTTP/1.1
02-06-2018 16:46:03 LoggingManagedHttpClientConnection.java DEBUG [Forwarding findElement on session 45560e61c641417dd174dfd9b0352340 to remote] http.headers 136 - http-outgoing-204 >> Content-Type: application/json; charset=utf-8
02-06-2018 16:46:03 LoggingManagedHttpClientConnection.java DEBUG [Forwarding findElement on session 45560e61c641417dd174dfd9b0352340 to remote] http.headers 136 - http-outgoing-204 >> Content-Length: 66
02-06-2018 16:46:03 LoggingManagedHttpClientConnection.java DEBUG [Forwarding findElement on session 45560e61c641417dd174dfd9b0352340 to remote] http.headers 136 - http-outgoing-204 >> Host: localhost:44932
02-06-2018 16:46:03 LoggingManagedHttpClientConnection.java DEBUG [Forwarding findElement on session 45560e61c641417dd174dfd9b0352340 to remote] http.headers 136 - http-outgoing-204 >> Connection: Keep-Alive
02-06-2018 16:46:03 LoggingManagedHttpClientConnection.java DEBUG [Forwarding findElement on session 45560e61c641417dd174dfd9b0352340 to remote] http.headers 136 - http-outgoing-204 >> User-Agent: Apache-HttpClient/4.5.3 (Java/1.8.0_151)
02-06-2018 16:46:03 LoggingManagedHttpClientConnection.java DEBUG [Forwarding findElement on session 45560e61c641417dd174dfd9b0352340 to remote] http.headers 136 - http-outgoing-204 >> Accept-Encoding: gzip,deflate
02-06-2018 16:46:03 Wire.java DEBUG [Forwarding findElement on session 45560e61c641417dd174dfd9b0352340 to remote] http.wire 73 - http-outgoing-204 >> "POST /session/45560e61c641417dd174dfd9b0352340/element HTTP/1.1[\r][\n]"
02-06-2018 16:46:03 Wire.java DEBUG [Forwarding findElement on session 45560e61c641417dd174dfd9b0352340 to remote] http.wire 73 - http-outgoing-204 >> "Content-Type: application/json; charset=utf-8[\r][\n]"
02-06-2018 16:46:03 Wire.java DEBUG [Forwarding findElement on session 45560e61c641417dd174dfd9b0352340 to remote] http.wire 73 - http-outgoing-204 >> "Content-Length: 66[\r][\n]"
02-06-2018 16:46:03 Wire.java DEBUG [Forwarding findElement on session 45560e61c641417dd174dfd9b0352340 to remote] http.wire 73 - http-outgoing-204 >> "Host: localhost:44932[\r][\n]"
02-06-2018 16:46:03 Wire.java DEBUG [Forwarding findElement on session 45560e61c641417dd174dfd9b0352340 to remote] http.wire 73 - http-outgoing-204 >> "Connection: Keep-Alive[\r][\n]"
02-06-2018 16:46:03 Wire.java DEBUG [Forwarding findElement on session 45560e61c641417dd174dfd9b0352340 to remote] http.wire 73 - http-outgoing-204 >> "User-Agent: Apache-HttpClient/4.5.3 (Java/1.8.0_151)[\r][\n]"
02-06-2018 16:46:03 Wire.java DEBUG [Forwarding findElement on session 45560e61c641417dd174dfd9b0352340 to remote] http.wire 73 - http-outgoing-204 >> "Accept-Encoding: gzip,deflate[\r][\n]"
02-06-2018 16:46:03 Wire.java DEBUG [Forwarding findElement on session 45560e61c641417dd174dfd9b0352340 to remote] http.wire 73 - http-outgoing-204 >> "[\r][\n]"
02-06-2018 16:46:03 Wire.java DEBUG [Forwarding findElement on session 45560e61c641417dd174dfd9b0352340 to remote] http.wire 87 - http-outgoing-204 >> "{"using":"xpath","value":"/html/body/div/div[1]/div/nav/div/p[1]"}"
02-06-2018 16:46:23 Wire.java DEBUG [Forwarding findElement on session 45560e61c641417dd174dfd9b0352340 to remote] http.wire 73 - http-outgoing-204 << "HTTP/1.1 200 OK[\r][\n]"
02-06-2018 16:46:23 Wire.java DEBUG [Forwarding findElement on session 45560e61c641417dd174dfd9b0352340 to remote] http.wire 73 - http-outgoing-204 << "Content-Length:367[\r][\n]"
02-06-2018 16:46:23 Wire.java DEBUG [Forwarding findElement on session 45560e61c641417dd174dfd9b0352340 to remote] http.wire 73 - http-outgoing-204 << "Content-Type:application/json; charset=utf-8[\r][\n]"
02-06-2018 16:46:23 Wire.java DEBUG [Forwarding findElement on session 45560e61c641417dd174dfd9b0352340 to remote] http.wire 73 - http-outgoing-204 << "Connection:close[\r][\n]"
02-06-2018 16:46:23 Wire.java DEBUG [Forwarding findElement on session 45560e61c641417dd174dfd9b0352340 to remote] http.wire 73 - http-outgoing-204 << "[\r][\n]"
02-06-2018 16:46:23 Wire.java DEBUG [Forwarding findElement on session 45560e61c641417dd174dfd9b0352340 to remote] http.wire 87 - http-outgoing-204 << "{"sessionId":"45560e61c641417dd174dfd9b0352340","status":7,"value":{"message":"no such element: Unable to locate element: {\"method\":\"xpath\",\"selector\":\"/html/body/div/div[1]/div/nav/div/p[1]\"}\n  (Session info: chrome=63.0.3239.132)\n  (Driver info: chromedriver=2.33.506120 (e3e53437346286c0bc2d2dc9aa4915ba81d9023f),platform=Windows NT 10.0.16299 x86_64)"}}"
02-06-2018 16:46:23 LoggingManagedHttpClientConnection.java DEBUG [Forwarding findElement on session 45560e61c641417dd174dfd9b0352340 to remote] http.headers 122 - http-outgoing-204 << HTTP/1.1 200 OK
02-06-2018 16:46:23 LoggingManagedHttpClientConnection.java DEBUG [Forwarding findElement on session 45560e61c641417dd174dfd9b0352340 to remote] http.headers 125 - http-outgoing-204 << Content-Length:367
02-06-2018 16:46:23 LoggingManagedHttpClientConnection.java DEBUG [Forwarding findElement on session 45560e61c641417dd174dfd9b0352340 to remote] http.headers 125 - http-outgoing-204 << Content-Type:application/json; charset=utf-8
02-06-2018 16:46:23 LoggingManagedHttpClientConnection.java DEBUG [Forwarding findElement on session 45560e61c641417dd174dfd9b0352340 to remote] http.headers 125 - http-outgoing-204 << Connection:close
02-06-2018 16:46:23 LoggingManagedHttpClientConnection.java DEBUG [Forwarding findElement on session 45560e61c641417dd174dfd9b0352340 to remote] conn.DefaultManagedHttpClientConnection 79 - http-outgoing-204: Close connection
02-06-2018 16:46:23 ConnectionHolder.java DEBUG [Forwarding findElement on session 45560e61c641417dd174dfd9b0352340 to remote] execchain.MainClientExec 104 - Connection discarded
02-06-2018 16:46:23 PoolingHttpClientConnectionManager.java DEBUG [Forwarding findElement on session 45560e61c641417dd174dfd9b0352340 to remote] conn.PoolingHttpClientConnectionManager 326 - Connection released: [id: 204][route: {}->http://localhost:44932][total kept alive: 0; route allocated: 0 of 2000; total allocated: 0 of 2000]
]]></system-out>
    <system-err><![CDATA[Starting ChromeDriver 2.33.506120 (e3e53437346286c0bc2d2dc9aa4915ba81d9023f) on port 44932
Only local connections are allowed.
Feb 06, 2018 4:45:56 PM org.openqa.selenium.remote.ProtocolHandshake createSession
INFO: Detected dialect: OSS
]]></system-err>
  </testcase>
  <testcase name="verifySettingsLinkTest" classname="com.JusDone.qa.TestCases.TaskPageTest" time="0.043"/>
  <testcase name="verifySearchBoxTest" classname="com.JusDone.qa.TestCases.DashBoardPageTest" time="0.031"/>
  <testcase name="verifyLRememberMeTest" classname="com.JusDone.qa.TestCases.LoginPageTest" time="0.04">
    <failure message="expected [true] but found [false]" type="java.lang.AssertionError">java.lang.AssertionError: expected [true] but found [false]
	at com.JusDone.qa.TestCases.LoginPageTest.verifyLRememberMeTest(LoginPageTest.java:59)
</failure>
    <system-out><![CDATA[02-06-2018 16:47:07 RequestAddCookies.java DEBUG [Forwarding quit on session b2e8cd02923e0d6abea4d3733934af35 to remote] protocol.RequestAddCookies 123 - CookieSpec selected: default
02-06-2018 16:47:07 RequestAuthCache.java DEBUG [Forwarding quit on session b2e8cd02923e0d6abea4d3733934af35 to remote] protocol.RequestAuthCache 77 - Auth cache not set in the context
02-06-2018 16:47:07 PoolingHttpClientConnectionManager.java DEBUG [Forwarding quit on session b2e8cd02923e0d6abea4d3733934af35 to remote] conn.PoolingHttpClientConnectionManager 255 - Connection request: [route: {}->http://localhost:19689][total kept alive: 0; route allocated: 0 of 2000; total allocated: 0 of 2000]
02-06-2018 16:47:07 PoolingHttpClientConnectionManager.java DEBUG [Forwarding quit on session b2e8cd02923e0d6abea4d3733934af35 to remote] conn.PoolingHttpClientConnectionManager 288 - Connection leased: [id: 247][route: {}->http://localhost:19689][total kept alive: 0; route allocated: 1 of 2000; total allocated: 1 of 2000]
02-06-2018 16:47:07 MainClientExec.java DEBUG [Forwarding quit on session b2e8cd02923e0d6abea4d3733934af35 to remote] execchain.MainClientExec 235 - Opening connection {}->http://localhost:19689
02-06-2018 16:47:07 DefaultHttpClientConnectionOperator.java DEBUG [Forwarding quit on session b2e8cd02923e0d6abea4d3733934af35 to remote] conn.DefaultHttpClientConnectionOperator 139 - Connecting to localhost/127.0.0.1:19689
02-06-2018 16:47:07 DefaultHttpClientConnectionOperator.java DEBUG [Forwarding quit on session b2e8cd02923e0d6abea4d3733934af35 to remote] conn.DefaultHttpClientConnectionOperator 146 - Connection established 127.0.0.1:60317<->127.0.0.1:19689
02-06-2018 16:47:07 LoggingManagedHttpClientConnection.java DEBUG [Forwarding quit on session b2e8cd02923e0d6abea4d3733934af35 to remote] conn.DefaultManagedHttpClientConnection 88 - http-outgoing-247: set socket timeout to 10800000
02-06-2018 16:47:07 MainClientExec.java DEBUG [Forwarding quit on session b2e8cd02923e0d6abea4d3733934af35 to remote] execchain.MainClientExec 256 - Executing request DELETE /session/b2e8cd02923e0d6abea4d3733934af35 HTTP/1.1
02-06-2018 16:47:07 MainClientExec.java DEBUG [Forwarding quit on session b2e8cd02923e0d6abea4d3733934af35 to remote] execchain.MainClientExec 261 - Target auth state: UNCHALLENGED
02-06-2018 16:47:07 MainClientExec.java DEBUG [Forwarding quit on session b2e8cd02923e0d6abea4d3733934af35 to remote] execchain.MainClientExec 267 - Proxy auth state: UNCHALLENGED
02-06-2018 16:47:07 LoggingManagedHttpClientConnection.java DEBUG [Forwarding quit on session b2e8cd02923e0d6abea4d3733934af35 to remote] http.headers 133 - http-outgoing-247 >> DELETE /session/b2e8cd02923e0d6abea4d3733934af35 HTTP/1.1
02-06-2018 16:47:07 LoggingManagedHttpClientConnection.java DEBUG [Forwarding quit on session b2e8cd02923e0d6abea4d3733934af35 to remote] http.headers 136 - http-outgoing-247 >> Host: localhost:19689
02-06-2018 16:47:07 LoggingManagedHttpClientConnection.java DEBUG [Forwarding quit on session b2e8cd02923e0d6abea4d3733934af35 to remote] http.headers 136 - http-outgoing-247 >> Connection: Keep-Alive
02-06-2018 16:47:07 LoggingManagedHttpClientConnection.java DEBUG [Forwarding quit on session b2e8cd02923e0d6abea4d3733934af35 to remote] http.headers 136 - http-outgoing-247 >> User-Agent: Apache-HttpClient/4.5.3 (Java/1.8.0_151)
02-06-2018 16:47:07 LoggingManagedHttpClientConnection.java DEBUG [Forwarding quit on session b2e8cd02923e0d6abea4d3733934af35 to remote] http.headers 136 - http-outgoing-247 >> Accept-Encoding: gzip,deflate
02-06-2018 16:47:07 Wire.java DEBUG [Forwarding quit on session b2e8cd02923e0d6abea4d3733934af35 to remote] http.wire 73 - http-outgoing-247 >> "DELETE /session/b2e8cd02923e0d6abea4d3733934af35 HTTP/1.1[\r][\n]"
02-06-2018 16:47:07 Wire.java DEBUG [Forwarding quit on session b2e8cd02923e0d6abea4d3733934af35 to remote] http.wire 73 - http-outgoing-247 >> "Host: localhost:19689[\r][\n]"
02-06-2018 16:47:07 Wire.java DEBUG [Forwarding quit on session b2e8cd02923e0d6abea4d3733934af35 to remote] http.wire 73 - http-outgoing-247 >> "Connection: Keep-Alive[\r][\n]"
02-06-2018 16:47:07 Wire.java DEBUG [Forwarding quit on session b2e8cd02923e0d6abea4d3733934af35 to remote] http.wire 73 - http-outgoing-247 >> "User-Agent: Apache-HttpClient/4.5.3 (Java/1.8.0_151)[\r][\n]"
02-06-2018 16:47:07 Wire.java DEBUG [Forwarding quit on session b2e8cd02923e0d6abea4d3733934af35 to remote] http.wire 73 - http-outgoing-247 >> "Accept-Encoding: gzip,deflate[\r][\n]"
02-06-2018 16:47:07 Wire.java DEBUG [Forwarding quit on session b2e8cd02923e0d6abea4d3733934af35 to remote] http.wire 73 - http-outgoing-247 >> "[\r][\n]"
02-06-2018 16:47:07 Wire.java DEBUG [Forwarding quit on session b2e8cd02923e0d6abea4d3733934af35 to remote] http.wire 73 - http-outgoing-247 << "HTTP/1.1 200 OK[\r][\n]"
02-06-2018 16:47:07 Wire.java DEBUG [Forwarding quit on session b2e8cd02923e0d6abea4d3733934af35 to remote] http.wire 73 - http-outgoing-247 << "Content-Length:72[\r][\n]"
02-06-2018 16:47:07 Wire.java DEBUG [Forwarding quit on session b2e8cd02923e0d6abea4d3733934af35 to remote] http.wire 73 - http-outgoing-247 << "Content-Type:application/json; charset=utf-8[\r][\n]"
02-06-2018 16:47:07 Wire.java DEBUG [Forwarding quit on session b2e8cd02923e0d6abea4d3733934af35 to remote] http.wire 73 - http-outgoing-247 << "Connection:close[\r][\n]"
02-06-2018 16:47:07 Wire.java DEBUG [Forwarding quit on session b2e8cd02923e0d6abea4d3733934af35 to remote] http.wire 73 - http-outgoing-247 << "[\r][\n]"
02-06-2018 16:47:07 Wire.java DEBUG [Forwarding quit on session b2e8cd02923e0d6abea4d3733934af35 to remote] http.wire 87 - http-outgoing-247 << "{"sessionId":"b2e8cd02923e0d6abea4d3733934af35","status":0,"value":null}"
02-06-2018 16:47:07 LoggingManagedHttpClientConnection.java DEBUG [Forwarding quit on session b2e8cd02923e0d6abea4d3733934af35 to remote] http.headers 122 - http-outgoing-247 << HTTP/1.1 200 OK
02-06-2018 16:47:07 LoggingManagedHttpClientConnection.java DEBUG [Forwarding quit on session b2e8cd02923e0d6abea4d3733934af35 to remote] http.headers 125 - http-outgoing-247 << Content-Length:72
02-06-2018 16:47:07 LoggingManagedHttpClientConnection.java DEBUG [Forwarding quit on session b2e8cd02923e0d6abea4d3733934af35 to remote] http.headers 125 - http-outgoing-247 << Content-Type:application/json; charset=utf-8
02-06-2018 16:47:07 LoggingManagedHttpClientConnection.java DEBUG [Forwarding quit on session b2e8cd02923e0d6abea4d3733934af35 to remote] http.headers 125 - http-outgoing-247 << Connection:close
02-06-2018 16:47:07 LoggingManagedHttpClientConnection.java DEBUG [Forwarding quit on session b2e8cd02923e0d6abea4d3733934af35 to remote] conn.DefaultManagedHttpClientConnection 79 - http-outgoing-247: Close connection
02-06-2018 16:47:07 ConnectionHolder.java DEBUG [Forwarding quit on session b2e8cd02923e0d6abea4d3733934af35 to remote] execchain.MainClientExec 104 - Connection discarded
02-06-2018 16:47:07 PoolingHttpClientConnectionManager.java DEBUG [Forwarding quit on session b2e8cd02923e0d6abea4d3733934af35 to remote] conn.PoolingHttpClientConnectionManager 326 - Connection released: [id: 247][route: {}->http://localhost:19689][total kept alive: 0; route allocated: 0 of 2000; total allocated: 0 of 2000]
02-06-2018 16:47:07 PoolingHttpClientConnectionManager.java DEBUG [Forwarding quit on session b2e8cd02923e0d6abea4d3733934af35 to remote] conn.PoolingHttpClientConnectionManager 407 - Closing connections idle longer than 0 SECONDS
02-06-2018 16:47:08 RequestAddCookies.java DEBUG [Forwarding newSession on session null to remote] protocol.RequestAddCookies 123 - CookieSpec selected: default
02-06-2018 16:47:08 RequestAuthCache.java DEBUG [Forwarding newSession on session null to remote] protocol.RequestAuthCache 77 - Auth cache not set in the context
02-06-2018 16:47:08 PoolingHttpClientConnectionManager.java DEBUG [Forwarding newSession on session null to remote] conn.PoolingHttpClientConnectionManager 255 - Connection request: [route: {}->http://localhost:26875][total kept alive: 0; route allocated: 0 of 2000; total allocated: 0 of 2000]
02-06-2018 16:47:08 PoolingHttpClientConnectionManager.java DEBUG [Forwarding newSession on session null to remote] conn.PoolingHttpClientConnectionManager 288 - Connection leased: [id: 248][route: {}->http://localhost:26875][total kept alive: 0; route allocated: 1 of 2000; total allocated: 1 of 2000]
02-06-2018 16:47:08 MainClientExec.java DEBUG [Forwarding newSession on session null to remote] execchain.MainClientExec 235 - Opening connection {}->http://localhost:26875
02-06-2018 16:47:08 DefaultHttpClientConnectionOperator.java DEBUG [Forwarding newSession on session null to remote] conn.DefaultHttpClientConnectionOperator 139 - Connecting to localhost/127.0.0.1:26875
02-06-2018 16:47:08 DefaultHttpClientConnectionOperator.java DEBUG [Forwarding newSession on session null to remote] conn.DefaultHttpClientConnectionOperator 146 - Connection established 127.0.0.1:60322<->127.0.0.1:26875
02-06-2018 16:47:08 LoggingManagedHttpClientConnection.java DEBUG [Forwarding newSession on session null to remote] conn.DefaultManagedHttpClientConnection 88 - http-outgoing-248: set socket timeout to 10800000
02-06-2018 16:47:08 MainClientExec.java DEBUG [Forwarding newSession on session null to remote] execchain.MainClientExec 256 - Executing request POST /session HTTP/1.1
02-06-2018 16:47:08 MainClientExec.java DEBUG [Forwarding newSession on session null to remote] execchain.MainClientExec 261 - Target auth state: UNCHALLENGED
02-06-2018 16:47:08 MainClientExec.java DEBUG [Forwarding newSession on session null to remote] execchain.MainClientExec 267 - Proxy auth state: UNCHALLENGED
02-06-2018 16:47:08 LoggingManagedHttpClientConnection.java DEBUG [Forwarding newSession on session null to remote] http.headers 133 - http-outgoing-248 >> POST /session HTTP/1.1
02-06-2018 16:47:08 LoggingManagedHttpClientConnection.java DEBUG [Forwarding newSession on session null to remote] http.headers 136 - http-outgoing-248 >> Content-Type: application/json; charset=utf-8
02-06-2018 16:47:08 LoggingManagedHttpClientConnection.java DEBUG [Forwarding newSession on session null to remote] http.headers 136 - http-outgoing-248 >> Content-Length: 335
02-06-2018 16:47:08 LoggingManagedHttpClientConnection.java DEBUG [Forwarding newSession on session null to remote] http.headers 136 - http-outgoing-248 >> Host: localhost:26875
02-06-2018 16:47:08 LoggingManagedHttpClientConnection.java DEBUG [Forwarding newSession on session null to remote] http.headers 136 - http-outgoing-248 >> Connection: Keep-Alive
02-06-2018 16:47:08 LoggingManagedHttpClientConnection.java DEBUG [Forwarding newSession on session null to remote] http.headers 136 - http-outgoing-248 >> User-Agent: Apache-HttpClient/4.5.3 (Java/1.8.0_151)
02-06-2018 16:47:08 LoggingManagedHttpClientConnection.java DEBUG [Forwarding newSession on session null to remote] http.headers 136 - http-outgoing-248 >> Accept-Encoding: gzip,deflate
02-06-2018 16:47:08 Wire.java DEBUG [Forwarding newSession on session null to remote] http.wire 73 - http-outgoing-248 >> "POST /session HTTP/1.1[\r][\n]"
02-06-2018 16:47:08 Wire.java DEBUG [Forwarding newSession on session null to remote] http.wire 73 - http-outgoing-248 >> "Content-Type: application/json; charset=utf-8[\r][\n]"
02-06-2018 16:47:08 Wire.java DEBUG [Forwarding newSession on session null to remote] http.wire 73 - http-outgoing-248 >> "Content-Length: 335[\r][\n]"
02-06-2018 16:47:08 Wire.java DEBUG [Forwarding newSession on session null to remote] http.wire 73 - http-outgoing-248 >> "Host: localhost:26875[\r][\n]"
02-06-2018 16:47:08 Wire.java DEBUG [Forwarding newSession on session null to remote] http.wire 73 - http-outgoing-248 >> "Connection: Keep-Alive[\r][\n]"
02-06-2018 16:47:08 Wire.java DEBUG [Forwarding newSession on session null to remote] http.wire 73 - http-outgoing-248 >> "User-Agent: Apache-HttpClient/4.5.3 (Java/1.8.0_151)[\r][\n]"
02-06-2018 16:47:08 Wire.java DEBUG [Forwarding newSession on session null to remote] http.wire 73 - http-outgoing-248 >> "Accept-Encoding: gzip,deflate[\r][\n]"
02-06-2018 16:47:08 Wire.java DEBUG [Forwarding newSession on session null to remote] http.wire 73 - http-outgoing-248 >> "[\r][\n]"
02-06-2018 16:47:08 Wire.java DEBUG [Forwarding newSession on session null to remote] http.wire 73 - http-outgoing-248 >> "{[\n]"
02-06-2018 16:47:08 Wire.java DEBUG [Forwarding newSession on session null to remote] http.wire 73 - http-outgoing-248 >> "  "desiredCapabilities": {"browserName":"chrome","goog:chromeOptions":{"args":[],"extensions":[]}},[\n]"
02-06-2018 16:47:08 Wire.java DEBUG [Forwarding newSession on session null to remote] http.wire 73 - http-outgoing-248 >> "  "capabilities": {[\n]"
02-06-2018 16:47:08 Wire.java DEBUG [Forwarding newSession on session null to remote] http.wire 73 - http-outgoing-248 >> "    "desiredCapabilities": {"browserName":"chrome","goog:chromeOptions":{"args":[],"extensions":[]}},[\n]"
02-06-2018 16:47:08 Wire.java DEBUG [Forwarding newSession on session null to remote] http.wire 73 - http-outgoing-248 >> "    "firstMatch": [[\n]"
02-06-2018 16:47:08 Wire.java DEBUG [Forwarding newSession on session null to remote] http.wire 73 - http-outgoing-248 >> "      {"browserName":"chrome","goog:chromeOptions":{"args":[],"extensions":[]}}[\n]"
02-06-2018 16:47:08 Wire.java DEBUG [Forwarding newSession on session null to remote] http.wire 73 - http-outgoing-248 >> "    ][\n]"
02-06-2018 16:47:08 Wire.java DEBUG [Forwarding newSession on session null to remote] http.wire 73 - http-outgoing-248 >> "  }[\n]"
02-06-2018 16:47:08 Wire.java DEBUG [Forwarding newSession on session null to remote] http.wire 87 - http-outgoing-248 >> "}"
02-06-2018 16:47:10 Wire.java DEBUG [Forwarding newSession on session null to remote] http.wire 73 - http-outgoing-248 << "HTTP/1.1 200 OK[\r][\n]"
02-06-2018 16:47:10 Wire.java DEBUG [Forwarding newSession on session null to remote] http.wire 73 - http-outgoing-248 << "Content-Length:801[\r][\n]"
02-06-2018 16:47:10 Wire.java DEBUG [Forwarding newSession on session null to remote] http.wire 73 - http-outgoing-248 << "Content-Type:application/json; charset=utf-8[\r][\n]"
02-06-2018 16:47:10 Wire.java DEBUG [Forwarding newSession on session null to remote] http.wire 73 - http-outgoing-248 << "Connection:close[\r][\n]"
02-06-2018 16:47:10 Wire.java DEBUG [Forwarding newSession on session null to remote] http.wire 73 - http-outgoing-248 << "[\r][\n]"
02-06-2018 16:47:10 Wire.java DEBUG [Forwarding newSession on session null to remote] http.wire 87 - http-outgoing-248 << "{"sessionId":"117da68b78bba4d2077c9fdfed99128d","status":0,"value":{"acceptSslCerts":true,"applicationCacheEnabled":false,"browserConnectionEnabled":false,"browserName":"chrome","chrome":{"chromedriverVersion":"2.33.506120 (e3e53437346286c0bc2d2dc9aa4915ba81d9023f)","userDataDir":"C:\\Users\\venka\\AppData\\Local\\Temp\\scoped_dir20332_24383"},"cssSelectorsEnabled":true,"databaseEnabled":false,"handlesAlerts":true,"hasTouchScreen":false,"javascriptEnabled":true,"locationContextEnabled":true,"mobileEmulationEnabled":false,"nativeEvents":true,"networkConnectionEnabled":false,"pageLoadStrategy":"normal","platform":"Windows NT","rotatable":false,"setWindowRect":true,"takesHeapSnapshot":true,"takesScreenshot":true,"unexpectedAlertBehaviour":"","version":"63.0.3239.132","webStorageEnabled":true}}"
02-06-2018 16:47:10 LoggingManagedHttpClientConnection.java DEBUG [Forwarding newSession on session null to remote] http.headers 122 - http-outgoing-248 << HTTP/1.1 200 OK
02-06-2018 16:47:10 LoggingManagedHttpClientConnection.java DEBUG [Forwarding newSession on session null to remote] http.headers 125 - http-outgoing-248 << Content-Length:801
02-06-2018 16:47:10 LoggingManagedHttpClientConnection.java DEBUG [Forwarding newSession on session null to remote] http.headers 125 - http-outgoing-248 << Content-Type:application/json; charset=utf-8
02-06-2018 16:47:10 LoggingManagedHttpClientConnection.java DEBUG [Forwarding newSession on session null to remote] http.headers 125 - http-outgoing-248 << Connection:close
02-06-2018 16:47:10 LoggingManagedHttpClientConnection.java DEBUG [Forwarding newSession on session null to remote] conn.DefaultManagedHttpClientConnection 79 - http-outgoing-248: Close connection
02-06-2018 16:47:10 ConnectionHolder.java DEBUG [Forwarding newSession on session null to remote] execchain.MainClientExec 104 - Connection discarded
02-06-2018 16:47:10 PoolingHttpClientConnectionManager.java DEBUG [Forwarding newSession on session null to remote] conn.PoolingHttpClientConnectionManager 326 - Connection released: [id: 248][route: {}->http://localhost:26875][total kept alive: 0; route allocated: 0 of 2000; total allocated: 0 of 2000]
02-06-2018 16:47:10 RequestAddCookies.java DEBUG [Forwarding maximizeCurrentWindow on session 117da68b78bba4d2077c9fdfed99128d to remote] protocol.RequestAddCookies 123 - CookieSpec selected: default
02-06-2018 16:47:10 RequestAuthCache.java DEBUG [Forwarding maximizeCurrentWindow on session 117da68b78bba4d2077c9fdfed99128d to remote] protocol.RequestAuthCache 77 - Auth cache not set in the context
02-06-2018 16:47:10 PoolingHttpClientConnectionManager.java DEBUG [Forwarding maximizeCurrentWindow on session 117da68b78bba4d2077c9fdfed99128d to remote] conn.PoolingHttpClientConnectionManager 255 - Connection request: [route: {}->http://localhost:26875][total kept alive: 0; route allocated: 0 of 2000; total allocated: 0 of 2000]
02-06-2018 16:47:10 PoolingHttpClientConnectionManager.java DEBUG [Forwarding maximizeCurrentWindow on session 117da68b78bba4d2077c9fdfed99128d to remote] conn.PoolingHttpClientConnectionManager 288 - Connection leased: [id: 249][route: {}->http://localhost:26875][total kept alive: 0; route allocated: 1 of 2000; total allocated: 1 of 2000]
02-06-2018 16:47:10 MainClientExec.java DEBUG [Forwarding maximizeCurrentWindow on session 117da68b78bba4d2077c9fdfed99128d to remote] execchain.MainClientExec 235 - Opening connection {}->http://localhost:26875
02-06-2018 16:47:10 DefaultHttpClientConnectionOperator.java DEBUG [Forwarding maximizeCurrentWindow on session 117da68b78bba4d2077c9fdfed99128d to remote] conn.DefaultHttpClientConnectionOperator 139 - Connecting to localhost/127.0.0.1:26875
02-06-2018 16:47:10 DefaultHttpClientConnectionOperator.java DEBUG [Forwarding maximizeCurrentWindow on session 117da68b78bba4d2077c9fdfed99128d to remote] conn.DefaultHttpClientConnectionOperator 146 - Connection established 127.0.0.1:60330<->127.0.0.1:26875
02-06-2018 16:47:10 LoggingManagedHttpClientConnection.java DEBUG [Forwarding maximizeCurrentWindow on session 117da68b78bba4d2077c9fdfed99128d to remote] conn.DefaultManagedHttpClientConnection 88 - http-outgoing-249: set socket timeout to 10800000
02-06-2018 16:47:10 MainClientExec.java DEBUG [Forwarding maximizeCurrentWindow on session 117da68b78bba4d2077c9fdfed99128d to remote] execchain.MainClientExec 256 - Executing request POST /session/117da68b78bba4d2077c9fdfed99128d/window/current/maximize HTTP/1.1
02-06-2018 16:47:10 MainClientExec.java DEBUG [Forwarding maximizeCurrentWindow on session 117da68b78bba4d2077c9fdfed99128d to remote] execchain.MainClientExec 261 - Target auth state: UNCHALLENGED
02-06-2018 16:47:10 MainClientExec.java DEBUG [Forwarding maximizeCurrentWindow on session 117da68b78bba4d2077c9fdfed99128d to remote] execchain.MainClientExec 267 - Proxy auth state: UNCHALLENGED
02-06-2018 16:47:10 LoggingManagedHttpClientConnection.java DEBUG [Forwarding maximizeCurrentWindow on session 117da68b78bba4d2077c9fdfed99128d to remote] http.headers 133 - http-outgoing-249 >> POST /session/117da68b78bba4d2077c9fdfed99128d/window/current/maximize HTTP/1.1
02-06-2018 16:47:10 LoggingManagedHttpClientConnection.java DEBUG [Forwarding maximizeCurrentWindow on session 117da68b78bba4d2077c9fdfed99128d to remote] http.headers 136 - http-outgoing-249 >> Content-Type: application/json; charset=utf-8
02-06-2018 16:47:10 LoggingManagedHttpClientConnection.java DEBUG [Forwarding maximizeCurrentWindow on session 117da68b78bba4d2077c9fdfed99128d to remote] http.headers 136 - http-outgoing-249 >> Content-Length: 45
02-06-2018 16:47:10 LoggingManagedHttpClientConnection.java DEBUG [Forwarding maximizeCurrentWindow on session 117da68b78bba4d2077c9fdfed99128d to remote] http.headers 136 - http-outgoing-249 >> Host: localhost:26875
02-06-2018 16:47:10 LoggingManagedHttpClientConnection.java DEBUG [Forwarding maximizeCurrentWindow on session 117da68b78bba4d2077c9fdfed99128d to remote] http.headers 136 - http-outgoing-249 >> Connection: Keep-Alive
02-06-2018 16:47:10 LoggingManagedHttpClientConnection.java DEBUG [Forwarding maximizeCurrentWindow on session 117da68b78bba4d2077c9fdfed99128d to remote] http.headers 136 - http-outgoing-249 >> User-Agent: Apache-HttpClient/4.5.3 (Java/1.8.0_151)
02-06-2018 16:47:10 LoggingManagedHttpClientConnection.java DEBUG [Forwarding maximizeCurrentWindow on session 117da68b78bba4d2077c9fdfed99128d to remote] http.headers 136 - http-outgoing-249 >> Accept-Encoding: gzip,deflate
02-06-2018 16:47:10 Wire.java DEBUG [Forwarding maximizeCurrentWindow on session 117da68b78bba4d2077c9fdfed99128d to remote] http.wire 73 - http-outgoing-249 >> "POST /session/117da68b78bba4d2077c9fdfed99128d/window/current/maximize HTTP/1.1[\r][\n]"
02-06-2018 16:47:10 Wire.java DEBUG [Forwarding maximizeCurrentWindow on session 117da68b78bba4d2077c9fdfed99128d to remote] http.wire 73 - http-outgoing-249 >> "Content-Type: application/json; charset=utf-8[\r][\n]"
02-06-2018 16:47:10 Wire.java DEBUG [Forwarding maximizeCurrentWindow on session 117da68b78bba4d2077c9fdfed99128d to remote] http.wire 73 - http-outgoing-249 >> "Content-Length: 45[\r][\n]"
02-06-2018 16:47:10 Wire.java DEBUG [Forwarding maximizeCurrentWindow on session 117da68b78bba4d2077c9fdfed99128d to remote] http.wire 73 - http-outgoing-249 >> "Host: localhost:26875[\r][\n]"
02-06-2018 16:47:10 Wire.java DEBUG [Forwarding maximizeCurrentWindow on session 117da68b78bba4d2077c9fdfed99128d to remote] http.wire 73 - http-outgoing-249 >> "Connection: Keep-Alive[\r][\n]"
02-06-2018 16:47:10 Wire.java DEBUG [Forwarding maximizeCurrentWindow on session 117da68b78bba4d2077c9fdfed99128d to remote] http.wire 73 - http-outgoing-249 >> "User-Agent: Apache-HttpClient/4.5.3 (Java/1.8.0_151)[\r][\n]"
02-06-2018 16:47:10 Wire.java DEBUG [Forwarding maximizeCurrentWindow on session 117da68b78bba4d2077c9fdfed99128d to remote] http.wire 73 - http-outgoing-249 >> "Accept-Encoding: gzip,deflate[\r][\n]"
02-06-2018 16:47:10 Wire.java DEBUG [Forwarding maximizeCurrentWindow on session 117da68b78bba4d2077c9fdfed99128d to remote] http.wire 73 - http-outgoing-249 >> "[\r][\n]"
02-06-2018 16:47:10 Wire.java DEBUG [Forwarding maximizeCurrentWindow on session 117da68b78bba4d2077c9fdfed99128d to remote] http.wire 87 - http-outgoing-249 >> "{"windowHandle":"current","handle":"current"}"
02-06-2018 16:47:11 Wire.java DEBUG [Forwarding maximizeCurrentWindow on session 117da68b78bba4d2077c9fdfed99128d to remote] http.wire 73 - http-outgoing-249 << "HTTP/1.1 200 OK[\r][\n]"
02-06-2018 16:47:11 Wire.java DEBUG [Forwarding maximizeCurrentWindow on session 117da68b78bba4d2077c9fdfed99128d to remote] http.wire 73 - http-outgoing-249 << "Content-Length:72[\r][\n]"
02-06-2018 16:47:11 Wire.java DEBUG [Forwarding maximizeCurrentWindow on session 117da68b78bba4d2077c9fdfed99128d to remote] http.wire 73 - http-outgoing-249 << "Content-Type:application/json; charset=utf-8[\r][\n]"
02-06-2018 16:47:11 Wire.java DEBUG [Forwarding maximizeCurrentWindow on session 117da68b78bba4d2077c9fdfed99128d to remote] http.wire 73 - http-outgoing-249 << "Connection:close[\r][\n]"
02-06-2018 16:47:11 Wire.java DEBUG [Forwarding maximizeCurrentWindow on session 117da68b78bba4d2077c9fdfed99128d to remote] http.wire 73 - http-outgoing-249 << "[\r][\n]"
02-06-2018 16:47:11 Wire.java DEBUG [Forwarding maximizeCurrentWindow on session 117da68b78bba4d2077c9fdfed99128d to remote] http.wire 87 - http-outgoing-249 << "{"sessionId":"117da68b78bba4d2077c9fdfed99128d","status":0,"value":null}"
02-06-2018 16:47:11 LoggingManagedHttpClientConnection.java DEBUG [Forwarding maximizeCurrentWindow on session 117da68b78bba4d2077c9fdfed99128d to remote] http.headers 122 - http-outgoing-249 << HTTP/1.1 200 OK
02-06-2018 16:47:11 LoggingManagedHttpClientConnection.java DEBUG [Forwarding maximizeCurrentWindow on session 117da68b78bba4d2077c9fdfed99128d to remote] http.headers 125 - http-outgoing-249 << Content-Length:72
02-06-2018 16:47:11 LoggingManagedHttpClientConnection.java DEBUG [Forwarding maximizeCurrentWindow on session 117da68b78bba4d2077c9fdfed99128d to remote] http.headers 125 - http-outgoing-249 << Content-Type:application/json; charset=utf-8
02-06-2018 16:47:11 LoggingManagedHttpClientConnection.java DEBUG [Forwarding maximizeCurrentWindow on session 117da68b78bba4d2077c9fdfed99128d to remote] http.headers 125 - http-outgoing-249 << Connection:close
02-06-2018 16:47:11 LoggingManagedHttpClientConnection.java DEBUG [Forwarding maximizeCurrentWindow on session 117da68b78bba4d2077c9fdfed99128d to remote] conn.DefaultManagedHttpClientConnection 79 - http-outgoing-249: Close connection
02-06-2018 16:47:11 ConnectionHolder.java DEBUG [Forwarding maximizeCurrentWindow on session 117da68b78bba4d2077c9fdfed99128d to remote] execchain.MainClientExec 104 - Connection discarded
02-06-2018 16:47:11 PoolingHttpClientConnectionManager.java DEBUG [Forwarding maximizeCurrentWindow on session 117da68b78bba4d2077c9fdfed99128d to remote] conn.PoolingHttpClientConnectionManager 326 - Connection released: [id: 249][route: {}->http://localhost:26875][total kept alive: 0; route allocated: 0 of 2000; total allocated: 0 of 2000]
02-06-2018 16:47:11 RequestAddCookies.java DEBUG [Forwarding setTimeout on session 117da68b78bba4d2077c9fdfed99128d to remote] protocol.RequestAddCookies 123 - CookieSpec selected: default
02-06-2018 16:47:11 RequestAuthCache.java DEBUG [Forwarding setTimeout on session 117da68b78bba4d2077c9fdfed99128d to remote] protocol.RequestAuthCache 77 - Auth cache not set in the context
02-06-2018 16:47:11 PoolingHttpClientConnectionManager.java DEBUG [Forwarding setTimeout on session 117da68b78bba4d2077c9fdfed99128d to remote] conn.PoolingHttpClientConnectionManager 255 - Connection request: [route: {}->http://localhost:26875][total kept alive: 0; route allocated: 0 of 2000; total allocated: 0 of 2000]
02-06-2018 16:47:11 PoolingHttpClientConnectionManager.java DEBUG [Forwarding setTimeout on session 117da68b78bba4d2077c9fdfed99128d to remote] conn.PoolingHttpClientConnectionManager 288 - Connection leased: [id: 250][route: {}->http://localhost:26875][total kept alive: 0; route allocated: 1 of 2000; total allocated: 1 of 2000]
02-06-2018 16:47:11 MainClientExec.java DEBUG [Forwarding setTimeout on session 117da68b78bba4d2077c9fdfed99128d to remote] execchain.MainClientExec 235 - Opening connection {}->http://localhost:26875
02-06-2018 16:47:11 DefaultHttpClientConnectionOperator.java DEBUG [Forwarding setTimeout on session 117da68b78bba4d2077c9fdfed99128d to remote] conn.DefaultHttpClientConnectionOperator 139 - Connecting to localhost/127.0.0.1:26875
02-06-2018 16:47:11 DefaultHttpClientConnectionOperator.java DEBUG [Forwarding setTimeout on session 117da68b78bba4d2077c9fdfed99128d to remote] conn.DefaultHttpClientConnectionOperator 146 - Connection established 127.0.0.1:60335<->127.0.0.1:26875
02-06-2018 16:47:11 LoggingManagedHttpClientConnection.java DEBUG [Forwarding setTimeout on session 117da68b78bba4d2077c9fdfed99128d to remote] conn.DefaultManagedHttpClientConnection 88 - http-outgoing-250: set socket timeout to 10800000
02-06-2018 16:47:11 MainClientExec.java DEBUG [Forwarding setTimeout on session 117da68b78bba4d2077c9fdfed99128d to remote] execchain.MainClientExec 256 - Executing request POST /session/117da68b78bba4d2077c9fdfed99128d/timeouts HTTP/1.1
02-06-2018 16:47:11 MainClientExec.java DEBUG [Forwarding setTimeout on session 117da68b78bba4d2077c9fdfed99128d to remote] execchain.MainClientExec 261 - Target auth state: UNCHALLENGED
02-06-2018 16:47:11 MainClientExec.java DEBUG [Forwarding setTimeout on session 117da68b78bba4d2077c9fdfed99128d to remote] execchain.MainClientExec 267 - Proxy auth state: UNCHALLENGED
02-06-2018 16:47:11 LoggingManagedHttpClientConnection.java DEBUG [Forwarding setTimeout on session 117da68b78bba4d2077c9fdfed99128d to remote] http.headers 133 - http-outgoing-250 >> POST /session/117da68b78bba4d2077c9fdfed99128d/timeouts HTTP/1.1
02-06-2018 16:47:11 LoggingManagedHttpClientConnection.java DEBUG [Forwarding setTimeout on session 117da68b78bba4d2077c9fdfed99128d to remote] http.headers 136 - http-outgoing-250 >> Content-Type: application/json; charset=utf-8
02-06-2018 16:47:11 LoggingManagedHttpClientConnection.java DEBUG [Forwarding setTimeout on session 117da68b78bba4d2077c9fdfed99128d to remote] http.headers 136 - http-outgoing-250 >> Content-Length: 31
02-06-2018 16:47:11 LoggingManagedHttpClientConnection.java DEBUG [Forwarding setTimeout on session 117da68b78bba4d2077c9fdfed99128d to remote] http.headers 136 - http-outgoing-250 >> Host: localhost:26875
02-06-2018 16:47:11 LoggingManagedHttpClientConnection.java DEBUG [Forwarding setTimeout on session 117da68b78bba4d2077c9fdfed99128d to remote] http.headers 136 - http-outgoing-250 >> Connection: Keep-Alive
02-06-2018 16:47:11 LoggingManagedHttpClientConnection.java DEBUG [Forwarding setTimeout on session 117da68b78bba4d2077c9fdfed99128d to remote] http.headers 136 - http-outgoing-250 >> User-Agent: Apache-HttpClient/4.5.3 (Java/1.8.0_151)
02-06-2018 16:47:11 LoggingManagedHttpClientConnection.java DEBUG [Forwarding setTimeout on session 117da68b78bba4d2077c9fdfed99128d to remote] http.headers 136 - http-outgoing-250 >> Accept-Encoding: gzip,deflate
02-06-2018 16:47:11 Wire.java DEBUG [Forwarding setTimeout on session 117da68b78bba4d2077c9fdfed99128d to remote] http.wire 73 - http-outgoing-250 >> "POST /session/117da68b78bba4d2077c9fdfed99128d/timeouts HTTP/1.1[\r][\n]"
02-06-2018 16:47:11 Wire.java DEBUG [Forwarding setTimeout on session 117da68b78bba4d2077c9fdfed99128d to remote] http.wire 73 - http-outgoing-250 >> "Content-Type: application/json; charset=utf-8[\r][\n]"
02-06-2018 16:47:11 Wire.java DEBUG [Forwarding setTimeout on session 117da68b78bba4d2077c9fdfed99128d to remote] http.wire 73 - http-outgoing-250 >> "Content-Length: 31[\r][\n]"
02-06-2018 16:47:11 Wire.java DEBUG [Forwarding setTimeout on session 117da68b78bba4d2077c9fdfed99128d to remote] http.wire 73 - http-outgoing-250 >> "Host: localhost:26875[\r][\n]"
02-06-2018 16:47:11 Wire.java DEBUG [Forwarding setTimeout on session 117da68b78bba4d2077c9fdfed99128d to remote] http.wire 73 - http-outgoing-250 >> "Connection: Keep-Alive[\r][\n]"
02-06-2018 16:47:11 Wire.java DEBUG [Forwarding setTimeout on session 117da68b78bba4d2077c9fdfed99128d to remote] http.wire 73 - http-outgoing-250 >> "User-Agent: Apache-HttpClient/4.5.3 (Java/1.8.0_151)[\r][\n]"
02-06-2018 16:47:11 Wire.java DEBUG [Forwarding setTimeout on session 117da68b78bba4d2077c9fdfed99128d to remote] http.wire 73 - http-outgoing-250 >> "Accept-Encoding: gzip,deflate[\r][\n]"
02-06-2018 16:47:11 Wire.java DEBUG [Forwarding setTimeout on session 117da68b78bba4d2077c9fdfed99128d to remote] http.wire 73 - http-outgoing-250 >> "[\r][\n]"
02-06-2018 16:47:11 Wire.java DEBUG [Forwarding setTimeout on session 117da68b78bba4d2077c9fdfed99128d to remote] http.wire 87 - http-outgoing-250 >> "{"type":"page load","ms":40000}"
02-06-2018 16:47:11 Wire.java DEBUG [Forwarding setTimeout on session 117da68b78bba4d2077c9fdfed99128d to remote] http.wire 73 - http-outgoing-250 << "HTTP/1.1 200 OK[\r][\n]"
02-06-2018 16:47:11 Wire.java DEBUG [Forwarding setTimeout on session 117da68b78bba4d2077c9fdfed99128d to remote] http.wire 73 - http-outgoing-250 << "Content-Length:72[\r][\n]"
02-06-2018 16:47:11 Wire.java DEBUG [Forwarding setTimeout on session 117da68b78bba4d2077c9fdfed99128d to remote] http.wire 73 - http-outgoing-250 << "Content-Type:application/json; charset=utf-8[\r][\n]"
02-06-2018 16:47:11 Wire.java DEBUG [Forwarding setTimeout on session 117da68b78bba4d2077c9fdfed99128d to remote] http.wire 73 - http-outgoing-250 << "Connection:close[\r][\n]"
02-06-2018 16:47:11 Wire.java DEBUG [Forwarding setTimeout on session 117da68b78bba4d2077c9fdfed99128d to remote] http.wire 73 - http-outgoing-250 << "[\r][\n]"
02-06-2018 16:47:11 Wire.java DEBUG [Forwarding setTimeout on session 117da68b78bba4d2077c9fdfed99128d to remote] http.wire 87 - http-outgoing-250 << "{"sessionId":"117da68b78bba4d2077c9fdfed99128d","status":0,"value":null}"
02-06-2018 16:47:11 LoggingManagedHttpClientConnection.java DEBUG [Forwarding setTimeout on session 117da68b78bba4d2077c9fdfed99128d to remote] http.headers 122 - http-outgoing-250 << HTTP/1.1 200 OK
02-06-2018 16:47:11 LoggingManagedHttpClientConnection.java DEBUG [Forwarding setTimeout on session 117da68b78bba4d2077c9fdfed99128d to remote] http.headers 125 - http-outgoing-250 << Content-Length:72
02-06-2018 16:47:11 LoggingManagedHttpClientConnection.java DEBUG [Forwarding setTimeout on session 117da68b78bba4d2077c9fdfed99128d to remote] http.headers 125 - http-outgoing-250 << Content-Type:application/json; charset=utf-8
02-06-2018 16:47:11 LoggingManagedHttpClientConnection.java DEBUG [Forwarding setTimeout on session 117da68b78bba4d2077c9fdfed99128d to remote] http.headers 125 - http-outgoing-250 << Connection:close
02-06-2018 16:47:11 LoggingManagedHttpClientConnection.java DEBUG [Forwarding setTimeout on session 117da68b78bba4d2077c9fdfed99128d to remote] conn.DefaultManagedHttpClientConnection 79 - http-outgoing-250: Close connection
02-06-2018 16:47:11 ConnectionHolder.java DEBUG [Forwarding setTimeout on session 117da68b78bba4d2077c9fdfed99128d to remote] execchain.MainClientExec 104 - Connection discarded
02-06-2018 16:47:11 PoolingHttpClientConnectionManager.java DEBUG [Forwarding setTimeout on session 117da68b78bba4d2077c9fdfed99128d to remote] conn.PoolingHttpClientConnectionManager 326 - Connection released: [id: 250][route: {}->http://localhost:26875][total kept alive: 0; route allocated: 0 of 2000; total allocated: 0 of 2000]
02-06-2018 16:47:11 RequestAddCookies.java DEBUG [Forwarding setTimeout on session 117da68b78bba4d2077c9fdfed99128d to remote] protocol.RequestAddCookies 123 - CookieSpec selected: default
02-06-2018 16:47:11 RequestAuthCache.java DEBUG [Forwarding setTimeout on session 117da68b78bba4d2077c9fdfed99128d to remote] protocol.RequestAuthCache 77 - Auth cache not set in the context
02-06-2018 16:47:11 PoolingHttpClientConnectionManager.java DEBUG [Forwarding setTimeout on session 117da68b78bba4d2077c9fdfed99128d to remote] conn.PoolingHttpClientConnectionManager 255 - Connection request: [route: {}->http://localhost:26875][total kept alive: 0; route allocated: 0 of 2000; total allocated: 0 of 2000]
02-06-2018 16:47:11 PoolingHttpClientConnectionManager.java DEBUG [Forwarding setTimeout on session 117da68b78bba4d2077c9fdfed99128d to remote] conn.PoolingHttpClientConnectionManager 288 - Connection leased: [id: 251][route: {}->http://localhost:26875][total kept alive: 0; route allocated: 1 of 2000; total allocated: 1 of 2000]
02-06-2018 16:47:11 MainClientExec.java DEBUG [Forwarding setTimeout on session 117da68b78bba4d2077c9fdfed99128d to remote] execchain.MainClientExec 235 - Opening connection {}->http://localhost:26875
02-06-2018 16:47:11 DefaultHttpClientConnectionOperator.java DEBUG [Forwarding setTimeout on session 117da68b78bba4d2077c9fdfed99128d to remote] conn.DefaultHttpClientConnectionOperator 139 - Connecting to localhost/127.0.0.1:26875
02-06-2018 16:47:11 DefaultHttpClientConnectionOperator.java DEBUG [Forwarding setTimeout on session 117da68b78bba4d2077c9fdfed99128d to remote] conn.DefaultHttpClientConnectionOperator 146 - Connection established 127.0.0.1:60336<->127.0.0.1:26875
02-06-2018 16:47:11 LoggingManagedHttpClientConnection.java DEBUG [Forwarding setTimeout on session 117da68b78bba4d2077c9fdfed99128d to remote] conn.DefaultManagedHttpClientConnection 88 - http-outgoing-251: set socket timeout to 10800000
02-06-2018 16:47:11 MainClientExec.java DEBUG [Forwarding setTimeout on session 117da68b78bba4d2077c9fdfed99128d to remote] execchain.MainClientExec 256 - Executing request POST /session/117da68b78bba4d2077c9fdfed99128d/timeouts HTTP/1.1
02-06-2018 16:47:11 MainClientExec.java DEBUG [Forwarding setTimeout on session 117da68b78bba4d2077c9fdfed99128d to remote] execchain.MainClientExec 261 - Target auth state: UNCHALLENGED
02-06-2018 16:47:11 MainClientExec.java DEBUG [Forwarding setTimeout on session 117da68b78bba4d2077c9fdfed99128d to remote] execchain.MainClientExec 267 - Proxy auth state: UNCHALLENGED
02-06-2018 16:47:11 LoggingManagedHttpClientConnection.java DEBUG [Forwarding setTimeout on session 117da68b78bba4d2077c9fdfed99128d to remote] http.headers 133 - http-outgoing-251 >> POST /session/117da68b78bba4d2077c9fdfed99128d/timeouts HTTP/1.1
02-06-2018 16:47:11 LoggingManagedHttpClientConnection.java DEBUG [Forwarding setTimeout on session 117da68b78bba4d2077c9fdfed99128d to remote] http.headers 136 - http-outgoing-251 >> Content-Type: application/json; charset=utf-8
02-06-2018 16:47:11 LoggingManagedHttpClientConnection.java DEBUG [Forwarding setTimeout on session 117da68b78bba4d2077c9fdfed99128d to remote] http.headers 136 - http-outgoing-251 >> Content-Length: 30
02-06-2018 16:47:11 LoggingManagedHttpClientConnection.java DEBUG [Forwarding setTimeout on session 117da68b78bba4d2077c9fdfed99128d to remote] http.headers 136 - http-outgoing-251 >> Host: localhost:26875
02-06-2018 16:47:11 LoggingManagedHttpClientConnection.java DEBUG [Forwarding setTimeout on session 117da68b78bba4d2077c9fdfed99128d to remote] http.headers 136 - http-outgoing-251 >> Connection: Keep-Alive
02-06-2018 16:47:11 LoggingManagedHttpClientConnection.java DEBUG [Forwarding setTimeout on session 117da68b78bba4d2077c9fdfed99128d to remote] http.headers 136 - http-outgoing-251 >> User-Agent: Apache-HttpClient/4.5.3 (Java/1.8.0_151)
02-06-2018 16:47:11 LoggingManagedHttpClientConnection.java DEBUG [Forwarding setTimeout on session 117da68b78bba4d2077c9fdfed99128d to remote] http.headers 136 - http-outgoing-251 >> Accept-Encoding: gzip,deflate
02-06-2018 16:47:11 Wire.java DEBUG [Forwarding setTimeout on session 117da68b78bba4d2077c9fdfed99128d to remote] http.wire 73 - http-outgoing-251 >> "POST /session/117da68b78bba4d2077c9fdfed99128d/timeouts HTTP/1.1[\r][\n]"
02-06-2018 16:47:11 Wire.java DEBUG [Forwarding setTimeout on session 117da68b78bba4d2077c9fdfed99128d to remote] http.wire 73 - http-outgoing-251 >> "Content-Type: application/json; charset=utf-8[\r][\n]"
02-06-2018 16:47:11 Wire.java DEBUG [Forwarding setTimeout on session 117da68b78bba4d2077c9fdfed99128d to remote] http.wire 73 - http-outgoing-251 >> "Content-Length: 30[\r][\n]"
02-06-2018 16:47:11 Wire.java DEBUG [Forwarding setTimeout on session 117da68b78bba4d2077c9fdfed99128d to remote] http.wire 73 - http-outgoing-251 >> "Host: localhost:26875[\r][\n]"
02-06-2018 16:47:11 Wire.java DEBUG [Forwarding setTimeout on session 117da68b78bba4d2077c9fdfed99128d to remote] http.wire 73 - http-outgoing-251 >> "Connection: Keep-Alive[\r][\n]"
02-06-2018 16:47:11 Wire.java DEBUG [Forwarding setTimeout on session 117da68b78bba4d2077c9fdfed99128d to remote] http.wire 73 - http-outgoing-251 >> "User-Agent: Apache-HttpClient/4.5.3 (Java/1.8.0_151)[\r][\n]"
02-06-2018 16:47:11 Wire.java DEBUG [Forwarding setTimeout on session 117da68b78bba4d2077c9fdfed99128d to remote] http.wire 73 - http-outgoing-251 >> "Accept-Encoding: gzip,deflate[\r][\n]"
02-06-2018 16:47:11 Wire.java DEBUG [Forwarding setTimeout on session 117da68b78bba4d2077c9fdfed99128d to remote] http.wire 73 - http-outgoing-251 >> "[\r][\n]"
02-06-2018 16:47:11 Wire.java DEBUG [Forwarding setTimeout on session 117da68b78bba4d2077c9fdfed99128d to remote] http.wire 87 - http-outgoing-251 >> "{"type":"implicit","ms":20000}"
02-06-2018 16:47:11 Wire.java DEBUG [Forwarding setTimeout on session 117da68b78bba4d2077c9fdfed99128d to remote] http.wire 73 - http-outgoing-251 << "HTTP/1.1 200 OK[\r][\n]"
02-06-2018 16:47:11 Wire.java DEBUG [Forwarding setTimeout on session 117da68b78bba4d2077c9fdfed99128d to remote] http.wire 73 - http-outgoing-251 << "Content-Length:72[\r][\n]"
02-06-2018 16:47:11 Wire.java DEBUG [Forwarding setTimeout on session 117da68b78bba4d2077c9fdfed99128d to remote] http.wire 73 - http-outgoing-251 << "Content-Type:application/json; charset=utf-8[\r][\n]"
02-06-2018 16:47:11 Wire.java DEBUG [Forwarding setTimeout on session 117da68b78bba4d2077c9fdfed99128d to remote] http.wire 73 - http-outgoing-251 << "Connection:close[\r][\n]"
02-06-2018 16:47:11 Wire.java DEBUG [Forwarding setTimeout on session 117da68b78bba4d2077c9fdfed99128d to remote] http.wire 73 - http-outgoing-251 << "[\r][\n]"
02-06-2018 16:47:11 Wire.java DEBUG [Forwarding setTimeout on session 117da68b78bba4d2077c9fdfed99128d to remote] http.wire 87 - http-outgoing-251 << "{"sessionId":"117da68b78bba4d2077c9fdfed99128d","status":0,"value":null}"
02-06-2018 16:47:11 LoggingManagedHttpClientConnection.java DEBUG [Forwarding setTimeout on session 117da68b78bba4d2077c9fdfed99128d to remote] http.headers 122 - http-outgoing-251 << HTTP/1.1 200 OK
02-06-2018 16:47:11 LoggingManagedHttpClientConnection.java DEBUG [Forwarding setTimeout on session 117da68b78bba4d2077c9fdfed99128d to remote] http.headers 125 - http-outgoing-251 << Content-Length:72
02-06-2018 16:47:11 LoggingManagedHttpClientConnection.java DEBUG [Forwarding setTimeout on session 117da68b78bba4d2077c9fdfed99128d to remote] http.headers 125 - http-outgoing-251 << Content-Type:application/json; charset=utf-8
02-06-2018 16:47:11 LoggingManagedHttpClientConnection.java DEBUG [Forwarding setTimeout on session 117da68b78bba4d2077c9fdfed99128d to remote] http.headers 125 - http-outgoing-251 << Connection:close
02-06-2018 16:47:11 LoggingManagedHttpClientConnection.java DEBUG [Forwarding setTimeout on session 117da68b78bba4d2077c9fdfed99128d to remote] conn.DefaultManagedHttpClientConnection 79 - http-outgoing-251: Close connection
02-06-2018 16:47:11 ConnectionHolder.java DEBUG [Forwarding setTimeout on session 117da68b78bba4d2077c9fdfed99128d to remote] execchain.MainClientExec 104 - Connection discarded
02-06-2018 16:47:11 PoolingHttpClientConnectionManager.java DEBUG [Forwarding setTimeout on session 117da68b78bba4d2077c9fdfed99128d to remote] conn.PoolingHttpClientConnectionManager 326 - Connection released: [id: 251][route: {}->http://localhost:26875][total kept alive: 0; route allocated: 0 of 2000; total allocated: 0 of 2000]
02-06-2018 16:47:11 RequestAddCookies.java DEBUG [Forwarding get on session 117da68b78bba4d2077c9fdfed99128d to remote] protocol.RequestAddCookies 123 - CookieSpec selected: default
02-06-2018 16:47:11 RequestAuthCache.java DEBUG [Forwarding get on session 117da68b78bba4d2077c9fdfed99128d to remote] protocol.RequestAuthCache 77 - Auth cache not set in the context
02-06-2018 16:47:11 PoolingHttpClientConnectionManager.java DEBUG [Forwarding get on session 117da68b78bba4d2077c9fdfed99128d to remote] conn.PoolingHttpClientConnectionManager 255 - Connection request: [route: {}->http://localhost:26875][total kept alive: 0; route allocated: 0 of 2000; total allocated: 0 of 2000]
02-06-2018 16:47:11 PoolingHttpClientConnectionManager.java DEBUG [Forwarding get on session 117da68b78bba4d2077c9fdfed99128d to remote] conn.PoolingHttpClientConnectionManager 288 - Connection leased: [id: 252][route: {}->http://localhost:26875][total kept alive: 0; route allocated: 1 of 2000; total allocated: 1 of 2000]
02-06-2018 16:47:11 MainClientExec.java DEBUG [Forwarding get on session 117da68b78bba4d2077c9fdfed99128d to remote] execchain.MainClientExec 235 - Opening connection {}->http://localhost:26875
02-06-2018 16:47:11 DefaultHttpClientConnectionOperator.java DEBUG [Forwarding get on session 117da68b78bba4d2077c9fdfed99128d to remote] conn.DefaultHttpClientConnectionOperator 139 - Connecting to localhost/127.0.0.1:26875
02-06-2018 16:47:11 DefaultHttpClientConnectionOperator.java DEBUG [Forwarding get on session 117da68b78bba4d2077c9fdfed99128d to remote] conn.DefaultHttpClientConnectionOperator 146 - Connection established 127.0.0.1:60337<->127.0.0.1:26875
02-06-2018 16:47:11 LoggingManagedHttpClientConnection.java DEBUG [Forwarding get on session 117da68b78bba4d2077c9fdfed99128d to remote] conn.DefaultManagedHttpClientConnection 88 - http-outgoing-252: set socket timeout to 10800000
02-06-2018 16:47:11 MainClientExec.java DEBUG [Forwarding get on session 117da68b78bba4d2077c9fdfed99128d to remote] execchain.MainClientExec 256 - Executing request POST /session/117da68b78bba4d2077c9fdfed99128d/url HTTP/1.1
02-06-2018 16:47:11 MainClientExec.java DEBUG [Forwarding get on session 117da68b78bba4d2077c9fdfed99128d to remote] execchain.MainClientExec 261 - Target auth state: UNCHALLENGED
02-06-2018 16:47:11 MainClientExec.java DEBUG [Forwarding get on session 117da68b78bba4d2077c9fdfed99128d to remote] execchain.MainClientExec 267 - Proxy auth state: UNCHALLENGED
02-06-2018 16:47:11 LoggingManagedHttpClientConnection.java DEBUG [Forwarding get on session 117da68b78bba4d2077c9fdfed99128d to remote] http.headers 133 - http-outgoing-252 >> POST /session/117da68b78bba4d2077c9fdfed99128d/url HTTP/1.1
02-06-2018 16:47:11 LoggingManagedHttpClientConnection.java DEBUG [Forwarding get on session 117da68b78bba4d2077c9fdfed99128d to remote] http.headers 136 - http-outgoing-252 >> Content-Type: application/json; charset=utf-8
02-06-2018 16:47:11 LoggingManagedHttpClientConnection.java DEBUG [Forwarding get on session 117da68b78bba4d2077c9fdfed99128d to remote] http.headers 136 - http-outgoing-252 >> Content-Length: 36
02-06-2018 16:47:11 LoggingManagedHttpClientConnection.java DEBUG [Forwarding get on session 117da68b78bba4d2077c9fdfed99128d to remote] http.headers 136 - http-outgoing-252 >> Host: localhost:26875
02-06-2018 16:47:11 LoggingManagedHttpClientConnection.java DEBUG [Forwarding get on session 117da68b78bba4d2077c9fdfed99128d to remote] http.headers 136 - http-outgoing-252 >> Connection: Keep-Alive
02-06-2018 16:47:11 LoggingManagedHttpClientConnection.java DEBUG [Forwarding get on session 117da68b78bba4d2077c9fdfed99128d to remote] http.headers 136 - http-outgoing-252 >> User-Agent: Apache-HttpClient/4.5.3 (Java/1.8.0_151)
02-06-2018 16:47:11 LoggingManagedHttpClientConnection.java DEBUG [Forwarding get on session 117da68b78bba4d2077c9fdfed99128d to remote] http.headers 136 - http-outgoing-252 >> Accept-Encoding: gzip,deflate
02-06-2018 16:47:11 Wire.java DEBUG [Forwarding get on session 117da68b78bba4d2077c9fdfed99128d to remote] http.wire 73 - http-outgoing-252 >> "POST /session/117da68b78bba4d2077c9fdfed99128d/url HTTP/1.1[\r][\n]"
02-06-2018 16:47:11 Wire.java DEBUG [Forwarding get on session 117da68b78bba4d2077c9fdfed99128d to remote] http.wire 73 - http-outgoing-252 >> "Content-Type: application/json; charset=utf-8[\r][\n]"
02-06-2018 16:47:11 Wire.java DEBUG [Forwarding get on session 117da68b78bba4d2077c9fdfed99128d to remote] http.wire 73 - http-outgoing-252 >> "Content-Length: 36[\r][\n]"
02-06-2018 16:47:11 Wire.java DEBUG [Forwarding get on session 117da68b78bba4d2077c9fdfed99128d to remote] http.wire 73 - http-outgoing-252 >> "Host: localhost:26875[\r][\n]"
02-06-2018 16:47:11 Wire.java DEBUG [Forwarding get on session 117da68b78bba4d2077c9fdfed99128d to remote] http.wire 73 - http-outgoing-252 >> "Connection: Keep-Alive[\r][\n]"
02-06-2018 16:47:11 Wire.java DEBUG [Forwarding get on session 117da68b78bba4d2077c9fdfed99128d to remote] http.wire 73 - http-outgoing-252 >> "User-Agent: Apache-HttpClient/4.5.3 (Java/1.8.0_151)[\r][\n]"
02-06-2018 16:47:11 Wire.java DEBUG [Forwarding get on session 117da68b78bba4d2077c9fdfed99128d to remote] http.wire 73 - http-outgoing-252 >> "Accept-Encoding: gzip,deflate[\r][\n]"
02-06-2018 16:47:11 Wire.java DEBUG [Forwarding get on session 117da68b78bba4d2077c9fdfed99128d to remote] http.wire 73 - http-outgoing-252 >> "[\r][\n]"
02-06-2018 16:47:11 Wire.java DEBUG [Forwarding get on session 117da68b78bba4d2077c9fdfed99128d to remote] http.wire 87 - http-outgoing-252 >> "{"url":"http://jusdone.atomic77.in"}"
02-06-2018 16:47:13 Wire.java DEBUG [Forwarding get on session 117da68b78bba4d2077c9fdfed99128d to remote] http.wire 73 - http-outgoing-252 << "HTTP/1.1 200 OK[\r][\n]"
02-06-2018 16:47:13 Wire.java DEBUG [Forwarding get on session 117da68b78bba4d2077c9fdfed99128d to remote] http.wire 73 - http-outgoing-252 << "Content-Length:72[\r][\n]"
02-06-2018 16:47:13 Wire.java DEBUG [Forwarding get on session 117da68b78bba4d2077c9fdfed99128d to remote] http.wire 73 - http-outgoing-252 << "Content-Type:application/json; charset=utf-8[\r][\n]"
02-06-2018 16:47:13 Wire.java DEBUG [Forwarding get on session 117da68b78bba4d2077c9fdfed99128d to remote] http.wire 73 - http-outgoing-252 << "Connection:close[\r][\n]"
02-06-2018 16:47:13 Wire.java DEBUG [Forwarding get on session 117da68b78bba4d2077c9fdfed99128d to remote] http.wire 73 - http-outgoing-252 << "[\r][\n]"
02-06-2018 16:47:13 Wire.java DEBUG [Forwarding get on session 117da68b78bba4d2077c9fdfed99128d to remote] http.wire 87 - http-outgoing-252 << "{"sessionId":"117da68b78bba4d2077c9fdfed99128d","status":0,"value":null}"
02-06-2018 16:47:13 LoggingManagedHttpClientConnection.java DEBUG [Forwarding get on session 117da68b78bba4d2077c9fdfed99128d to remote] http.headers 122 - http-outgoing-252 << HTTP/1.1 200 OK
02-06-2018 16:47:13 LoggingManagedHttpClientConnection.java DEBUG [Forwarding get on session 117da68b78bba4d2077c9fdfed99128d to remote] http.headers 125 - http-outgoing-252 << Content-Length:72
02-06-2018 16:47:13 LoggingManagedHttpClientConnection.java DEBUG [Forwarding get on session 117da68b78bba4d2077c9fdfed99128d to remote] http.headers 125 - http-outgoing-252 << Content-Type:application/json; charset=utf-8
02-06-2018 16:47:13 LoggingManagedHttpClientConnection.java DEBUG [Forwarding get on session 117da68b78bba4d2077c9fdfed99128d to remote] http.headers 125 - http-outgoing-252 << Connection:close
02-06-2018 16:47:13 LoggingManagedHttpClientConnection.java DEBUG [Forwarding get on session 117da68b78bba4d2077c9fdfed99128d to remote] conn.DefaultManagedHttpClientConnection 79 - http-outgoing-252: Close connection
02-06-2018 16:47:13 ConnectionHolder.java DEBUG [Forwarding get on session 117da68b78bba4d2077c9fdfed99128d to remote] execchain.MainClientExec 104 - Connection discarded
02-06-2018 16:47:13 PoolingHttpClientConnectionManager.java DEBUG [Forwarding get on session 117da68b78bba4d2077c9fdfed99128d to remote] conn.PoolingHttpClientConnectionManager 326 - Connection released: [id: 252][route: {}->http://localhost:26875][total kept alive: 0; route allocated: 0 of 2000; total allocated: 0 of 2000]
02-06-2018 16:47:16 RequestAddCookies.java DEBUG [Forwarding findElement on session 117da68b78bba4d2077c9fdfed99128d to remote] protocol.RequestAddCookies 123 - CookieSpec selected: default
02-06-2018 16:47:16 RequestAuthCache.java DEBUG [Forwarding findElement on session 117da68b78bba4d2077c9fdfed99128d to remote] protocol.RequestAuthCache 77 - Auth cache not set in the context
02-06-2018 16:47:16 PoolingHttpClientConnectionManager.java DEBUG [Forwarding findElement on session 117da68b78bba4d2077c9fdfed99128d to remote] conn.PoolingHttpClientConnectionManager 255 - Connection request: [route: {}->http://localhost:26875][total kept alive: 0; route allocated: 0 of 2000; total allocated: 0 of 2000]
02-06-2018 16:47:16 PoolingHttpClientConnectionManager.java DEBUG [Forwarding findElement on session 117da68b78bba4d2077c9fdfed99128d to remote] conn.PoolingHttpClientConnectionManager 288 - Connection leased: [id: 253][route: {}->http://localhost:26875][total kept alive: 0; route allocated: 1 of 2000; total allocated: 1 of 2000]
02-06-2018 16:47:16 MainClientExec.java DEBUG [Forwarding findElement on session 117da68b78bba4d2077c9fdfed99128d to remote] execchain.MainClientExec 235 - Opening connection {}->http://localhost:26875
02-06-2018 16:47:16 DefaultHttpClientConnectionOperator.java DEBUG [Forwarding findElement on session 117da68b78bba4d2077c9fdfed99128d to remote] conn.DefaultHttpClientConnectionOperator 139 - Connecting to localhost/127.0.0.1:26875
02-06-2018 16:47:16 DefaultHttpClientConnectionOperator.java DEBUG [Forwarding findElement on session 117da68b78bba4d2077c9fdfed99128d to remote] conn.DefaultHttpClientConnectionOperator 146 - Connection established 127.0.0.1:60345<->127.0.0.1:26875
02-06-2018 16:47:16 LoggingManagedHttpClientConnection.java DEBUG [Forwarding findElement on session 117da68b78bba4d2077c9fdfed99128d to remote] conn.DefaultManagedHttpClientConnection 88 - http-outgoing-253: set socket timeout to 10800000
02-06-2018 16:47:16 MainClientExec.java DEBUG [Forwarding findElement on session 117da68b78bba4d2077c9fdfed99128d to remote] execchain.MainClientExec 256 - Executing request POST /session/117da68b78bba4d2077c9fdfed99128d/element HTTP/1.1
02-06-2018 16:47:16 MainClientExec.java DEBUG [Forwarding findElement on session 117da68b78bba4d2077c9fdfed99128d to remote] execchain.MainClientExec 261 - Target auth state: UNCHALLENGED
02-06-2018 16:47:16 MainClientExec.java DEBUG [Forwarding findElement on session 117da68b78bba4d2077c9fdfed99128d to remote] execchain.MainClientExec 267 - Proxy auth state: UNCHALLENGED
02-06-2018 16:47:16 LoggingManagedHttpClientConnection.java DEBUG [Forwarding findElement on session 117da68b78bba4d2077c9fdfed99128d to remote] http.headers 133 - http-outgoing-253 >> POST /session/117da68b78bba4d2077c9fdfed99128d/element HTTP/1.1
02-06-2018 16:47:16 LoggingManagedHttpClientConnection.java DEBUG [Forwarding findElement on session 117da68b78bba4d2077c9fdfed99128d to remote] http.headers 136 - http-outgoing-253 >> Content-Type: application/json; charset=utf-8
02-06-2018 16:47:16 LoggingManagedHttpClientConnection.java DEBUG [Forwarding findElement on session 117da68b78bba4d2077c9fdfed99128d to remote] http.headers 136 - http-outgoing-253 >> Content-Length: 61
02-06-2018 16:47:16 LoggingManagedHttpClientConnection.java DEBUG [Forwarding findElement on session 117da68b78bba4d2077c9fdfed99128d to remote] http.headers 136 - http-outgoing-253 >> Host: localhost:26875
02-06-2018 16:47:16 LoggingManagedHttpClientConnection.java DEBUG [Forwarding findElement on session 117da68b78bba4d2077c9fdfed99128d to remote] http.headers 136 - http-outgoing-253 >> Connection: Keep-Alive
02-06-2018 16:47:16 LoggingManagedHttpClientConnection.java DEBUG [Forwarding findElement on session 117da68b78bba4d2077c9fdfed99128d to remote] http.headers 136 - http-outgoing-253 >> User-Agent: Apache-HttpClient/4.5.3 (Java/1.8.0_151)
02-06-2018 16:47:16 LoggingManagedHttpClientConnection.java DEBUG [Forwarding findElement on session 117da68b78bba4d2077c9fdfed99128d to remote] http.headers 136 - http-outgoing-253 >> Accept-Encoding: gzip,deflate
02-06-2018 16:47:16 Wire.java DEBUG [Forwarding findElement on session 117da68b78bba4d2077c9fdfed99128d to remote] http.wire 73 - http-outgoing-253 >> "POST /session/117da68b78bba4d2077c9fdfed99128d/element HTTP/1.1[\r][\n]"
02-06-2018 16:47:16 Wire.java DEBUG [Forwarding findElement on session 117da68b78bba4d2077c9fdfed99128d to remote] http.wire 73 - http-outgoing-253 >> "Content-Type: application/json; charset=utf-8[\r][\n]"
02-06-2018 16:47:16 Wire.java DEBUG [Forwarding findElement on session 117da68b78bba4d2077c9fdfed99128d to remote] http.wire 73 - http-outgoing-253 >> "Content-Length: 61[\r][\n]"
02-06-2018 16:47:16 Wire.java DEBUG [Forwarding findElement on session 117da68b78bba4d2077c9fdfed99128d to remote] http.wire 73 - http-outgoing-253 >> "Host: localhost:26875[\r][\n]"
02-06-2018 16:47:16 Wire.java DEBUG [Forwarding findElement on session 117da68b78bba4d2077c9fdfed99128d to remote] http.wire 73 - http-outgoing-253 >> "Connection: Keep-Alive[\r][\n]"
02-06-2018 16:47:16 Wire.java DEBUG [Forwarding findElement on session 117da68b78bba4d2077c9fdfed99128d to remote] http.wire 73 - http-outgoing-253 >> "User-Agent: Apache-HttpClient/4.5.3 (Java/1.8.0_151)[\r][\n]"
02-06-2018 16:47:16 Wire.java DEBUG [Forwarding findElement on session 117da68b78bba4d2077c9fdfed99128d to remote] http.wire 73 - http-outgoing-253 >> "Accept-Encoding: gzip,deflate[\r][\n]"
02-06-2018 16:47:16 Wire.java DEBUG [Forwarding findElement on session 117da68b78bba4d2077c9fdfed99128d to remote] http.wire 73 - http-outgoing-253 >> "[\r][\n]"
02-06-2018 16:47:16 Wire.java DEBUG [Forwarding findElement on session 117da68b78bba4d2077c9fdfed99128d to remote] http.wire 87 - http-outgoing-253 >> "{"using":"xpath","value":"/html/body/div/div/ul/li[1]/label"}"
02-06-2018 16:47:16 Wire.java DEBUG [Forwarding findElement on session 117da68b78bba4d2077c9fdfed99128d to remote] http.wire 73 - http-outgoing-253 << "HTTP/1.1 200 OK[\r][\n]"
02-06-2018 16:47:16 Wire.java DEBUG [Forwarding findElement on session 117da68b78bba4d2077c9fdfed99128d to remote] http.wire 73 - http-outgoing-253 << "Content-Length:104[\r][\n]"
02-06-2018 16:47:16 Wire.java DEBUG [Forwarding findElement on session 117da68b78bba4d2077c9fdfed99128d to remote] http.wire 73 - http-outgoing-253 << "Content-Type:application/json; charset=utf-8[\r][\n]"
02-06-2018 16:47:16 Wire.java DEBUG [Forwarding findElement on session 117da68b78bba4d2077c9fdfed99128d to remote] http.wire 73 - http-outgoing-253 << "Connection:close[\r][\n]"
02-06-2018 16:47:16 Wire.java DEBUG [Forwarding findElement on session 117da68b78bba4d2077c9fdfed99128d to remote] http.wire 73 - http-outgoing-253 << "[\r][\n]"
02-06-2018 16:47:16 Wire.java DEBUG [Forwarding findElement on session 117da68b78bba4d2077c9fdfed99128d to remote] http.wire 87 - http-outgoing-253 << "{"sessionId":"117da68b78bba4d2077c9fdfed99128d","status":0,"value":{"ELEMENT":"0.036083095292380074-1"}}"
02-06-2018 16:47:16 LoggingManagedHttpClientConnection.java DEBUG [Forwarding findElement on session 117da68b78bba4d2077c9fdfed99128d to remote] http.headers 122 - http-outgoing-253 << HTTP/1.1 200 OK
02-06-2018 16:47:16 LoggingManagedHttpClientConnection.java DEBUG [Forwarding findElement on session 117da68b78bba4d2077c9fdfed99128d to remote] http.headers 125 - http-outgoing-253 << Content-Length:104
02-06-2018 16:47:16 LoggingManagedHttpClientConnection.java DEBUG [Forwarding findElement on session 117da68b78bba4d2077c9fdfed99128d to remote] http.headers 125 - http-outgoing-253 << Content-Type:application/json; charset=utf-8
02-06-2018 16:47:16 LoggingManagedHttpClientConnection.java DEBUG [Forwarding findElement on session 117da68b78bba4d2077c9fdfed99128d to remote] http.headers 125 - http-outgoing-253 << Connection:close
02-06-2018 16:47:16 LoggingManagedHttpClientConnection.java DEBUG [Forwarding findElement on session 117da68b78bba4d2077c9fdfed99128d to remote] conn.DefaultManagedHttpClientConnection 79 - http-outgoing-253: Close connection
02-06-2018 16:47:16 ConnectionHolder.java DEBUG [Forwarding findElement on session 117da68b78bba4d2077c9fdfed99128d to remote] execchain.MainClientExec 104 - Connection discarded
02-06-2018 16:47:16 PoolingHttpClientConnectionManager.java DEBUG [Forwarding findElement on session 117da68b78bba4d2077c9fdfed99128d to remote] conn.PoolingHttpClientConnectionManager 326 - Connection released: [id: 253][route: {}->http://localhost:26875][total kept alive: 0; route allocated: 0 of 2000; total allocated: 0 of 2000]
02-06-2018 16:47:16 RequestAddCookies.java DEBUG [Forwarding clickElement on session 117da68b78bba4d2077c9fdfed99128d to remote] protocol.RequestAddCookies 123 - CookieSpec selected: default
02-06-2018 16:47:16 RequestAuthCache.java DEBUG [Forwarding clickElement on session 117da68b78bba4d2077c9fdfed99128d to remote] protocol.RequestAuthCache 77 - Auth cache not set in the context
02-06-2018 16:47:16 PoolingHttpClientConnectionManager.java DEBUG [Forwarding clickElement on session 117da68b78bba4d2077c9fdfed99128d to remote] conn.PoolingHttpClientConnectionManager 255 - Connection request: [route: {}->http://localhost:26875][total kept alive: 0; route allocated: 0 of 2000; total allocated: 0 of 2000]
02-06-2018 16:47:16 PoolingHttpClientConnectionManager.java DEBUG [Forwarding clickElement on session 117da68b78bba4d2077c9fdfed99128d to remote] conn.PoolingHttpClientConnectionManager 288 - Connection leased: [id: 254][route: {}->http://localhost:26875][total kept alive: 0; route allocated: 1 of 2000; total allocated: 1 of 2000]
02-06-2018 16:47:16 MainClientExec.java DEBUG [Forwarding clickElement on session 117da68b78bba4d2077c9fdfed99128d to remote] execchain.MainClientExec 235 - Opening connection {}->http://localhost:26875
02-06-2018 16:47:16 DefaultHttpClientConnectionOperator.java DEBUG [Forwarding clickElement on session 117da68b78bba4d2077c9fdfed99128d to remote] conn.DefaultHttpClientConnectionOperator 139 - Connecting to localhost/127.0.0.1:26875
02-06-2018 16:47:16 DefaultHttpClientConnectionOperator.java DEBUG [Forwarding clickElement on session 117da68b78bba4d2077c9fdfed99128d to remote] conn.DefaultHttpClientConnectionOperator 146 - Connection established 127.0.0.1:60346<->127.0.0.1:26875
02-06-2018 16:47:16 LoggingManagedHttpClientConnection.java DEBUG [Forwarding clickElement on session 117da68b78bba4d2077c9fdfed99128d to remote] conn.DefaultManagedHttpClientConnection 88 - http-outgoing-254: set socket timeout to 10800000
02-06-2018 16:47:16 MainClientExec.java DEBUG [Forwarding clickElement on session 117da68b78bba4d2077c9fdfed99128d to remote] execchain.MainClientExec 256 - Executing request POST /session/117da68b78bba4d2077c9fdfed99128d/element/0.036083095292380074-1/click HTTP/1.1
02-06-2018 16:47:16 MainClientExec.java DEBUG [Forwarding clickElement on session 117da68b78bba4d2077c9fdfed99128d to remote] execchain.MainClientExec 261 - Target auth state: UNCHALLENGED
02-06-2018 16:47:16 MainClientExec.java DEBUG [Forwarding clickElement on session 117da68b78bba4d2077c9fdfed99128d to remote] execchain.MainClientExec 267 - Proxy auth state: UNCHALLENGED
02-06-2018 16:47:16 LoggingManagedHttpClientConnection.java DEBUG [Forwarding clickElement on session 117da68b78bba4d2077c9fdfed99128d to remote] http.headers 133 - http-outgoing-254 >> POST /session/117da68b78bba4d2077c9fdfed99128d/element/0.036083095292380074-1/click HTTP/1.1
02-06-2018 16:47:16 LoggingManagedHttpClientConnection.java DEBUG [Forwarding clickElement on session 117da68b78bba4d2077c9fdfed99128d to remote] http.headers 136 - http-outgoing-254 >> Content-Type: application/json; charset=utf-8
02-06-2018 16:47:16 LoggingManagedHttpClientConnection.java DEBUG [Forwarding clickElement on session 117da68b78bba4d2077c9fdfed99128d to remote] http.headers 136 - http-outgoing-254 >> Content-Length: 31
02-06-2018 16:47:16 LoggingManagedHttpClientConnection.java DEBUG [Forwarding clickElement on session 117da68b78bba4d2077c9fdfed99128d to remote] http.headers 136 - http-outgoing-254 >> Host: localhost:26875
02-06-2018 16:47:16 LoggingManagedHttpClientConnection.java DEBUG [Forwarding clickElement on session 117da68b78bba4d2077c9fdfed99128d to remote] http.headers 136 - http-outgoing-254 >> Connection: Keep-Alive
02-06-2018 16:47:16 LoggingManagedHttpClientConnection.java DEBUG [Forwarding clickElement on session 117da68b78bba4d2077c9fdfed99128d to remote] http.headers 136 - http-outgoing-254 >> User-Agent: Apache-HttpClient/4.5.3 (Java/1.8.0_151)
02-06-2018 16:47:16 LoggingManagedHttpClientConnection.java DEBUG [Forwarding clickElement on session 117da68b78bba4d2077c9fdfed99128d to remote] http.headers 136 - http-outgoing-254 >> Accept-Encoding: gzip,deflate
02-06-2018 16:47:16 Wire.java DEBUG [Forwarding clickElement on session 117da68b78bba4d2077c9fdfed99128d to remote] http.wire 73 - http-outgoing-254 >> "POST /session/117da68b78bba4d2077c9fdfed99128d/element/0.036083095292380074-1/click HTTP/1.1[\r][\n]"
02-06-2018 16:47:16 Wire.java DEBUG [Forwarding clickElement on session 117da68b78bba4d2077c9fdfed99128d to remote] http.wire 73 - http-outgoing-254 >> "Content-Type: application/json; charset=utf-8[\r][\n]"
02-06-2018 16:47:16 Wire.java DEBUG [Forwarding clickElement on session 117da68b78bba4d2077c9fdfed99128d to remote] http.wire 73 - http-outgoing-254 >> "Content-Length: 31[\r][\n]"
02-06-2018 16:47:16 Wire.java DEBUG [Forwarding clickElement on session 117da68b78bba4d2077c9fdfed99128d to remote] http.wire 73 - http-outgoing-254 >> "Host: localhost:26875[\r][\n]"
02-06-2018 16:47:16 Wire.java DEBUG [Forwarding clickElement on session 117da68b78bba4d2077c9fdfed99128d to remote] http.wire 73 - http-outgoing-254 >> "Connection: Keep-Alive[\r][\n]"
02-06-2018 16:47:16 Wire.java DEBUG [Forwarding clickElement on session 117da68b78bba4d2077c9fdfed99128d to remote] http.wire 73 - http-outgoing-254 >> "User-Agent: Apache-HttpClient/4.5.3 (Java/1.8.0_151)[\r][\n]"
02-06-2018 16:47:16 Wire.java DEBUG [Forwarding clickElement on session 117da68b78bba4d2077c9fdfed99128d to remote] http.wire 73 - http-outgoing-254 >> "Accept-Encoding: gzip,deflate[\r][\n]"
02-06-2018 16:47:16 Wire.java DEBUG [Forwarding clickElement on session 117da68b78bba4d2077c9fdfed99128d to remote] http.wire 73 - http-outgoing-254 >> "[\r][\n]"
02-06-2018 16:47:16 Wire.java DEBUG [Forwarding clickElement on session 117da68b78bba4d2077c9fdfed99128d to remote] http.wire 87 - http-outgoing-254 >> "{"id":"0.036083095292380074-1"}"
02-06-2018 16:47:19 Wire.java DEBUG [Forwarding clickElement on session 117da68b78bba4d2077c9fdfed99128d to remote] http.wire 73 - http-outgoing-254 << "HTTP/1.1 200 OK[\r][\n]"
02-06-2018 16:47:19 Wire.java DEBUG [Forwarding clickElement on session 117da68b78bba4d2077c9fdfed99128d to remote] http.wire 73 - http-outgoing-254 << "Content-Length:72[\r][\n]"
02-06-2018 16:47:19 Wire.java DEBUG [Forwarding clickElement on session 117da68b78bba4d2077c9fdfed99128d to remote] http.wire 73 - http-outgoing-254 << "Content-Type:application/json; charset=utf-8[\r][\n]"
02-06-2018 16:47:19 Wire.java DEBUG [Forwarding clickElement on session 117da68b78bba4d2077c9fdfed99128d to remote] http.wire 73 - http-outgoing-254 << "Connection:close[\r][\n]"
02-06-2018 16:47:19 Wire.java DEBUG [Forwarding clickElement on session 117da68b78bba4d2077c9fdfed99128d to remote] http.wire 73 - http-outgoing-254 << "[\r][\n]"
02-06-2018 16:47:19 Wire.java DEBUG [Forwarding clickElement on session 117da68b78bba4d2077c9fdfed99128d to remote] http.wire 87 - http-outgoing-254 << "{"sessionId":"117da68b78bba4d2077c9fdfed99128d","status":0,"value":null}"
02-06-2018 16:47:19 LoggingManagedHttpClientConnection.java DEBUG [Forwarding clickElement on session 117da68b78bba4d2077c9fdfed99128d to remote] http.headers 122 - http-outgoing-254 << HTTP/1.1 200 OK
02-06-2018 16:47:19 LoggingManagedHttpClientConnection.java DEBUG [Forwarding clickElement on session 117da68b78bba4d2077c9fdfed99128d to remote] http.headers 125 - http-outgoing-254 << Content-Length:72
02-06-2018 16:47:19 LoggingManagedHttpClientConnection.java DEBUG [Forwarding clickElement on session 117da68b78bba4d2077c9fdfed99128d to remote] http.headers 125 - http-outgoing-254 << Content-Type:application/json; charset=utf-8
02-06-2018 16:47:19 LoggingManagedHttpClientConnection.java DEBUG [Forwarding clickElement on session 117da68b78bba4d2077c9fdfed99128d to remote] http.headers 125 - http-outgoing-254 << Connection:close
02-06-2018 16:47:19 LoggingManagedHttpClientConnection.java DEBUG [Forwarding clickElement on session 117da68b78bba4d2077c9fdfed99128d to remote] conn.DefaultManagedHttpClientConnection 79 - http-outgoing-254: Close connection
02-06-2018 16:47:19 ConnectionHolder.java DEBUG [Forwarding clickElement on session 117da68b78bba4d2077c9fdfed99128d to remote] execchain.MainClientExec 104 - Connection discarded
02-06-2018 16:47:19 PoolingHttpClientConnectionManager.java DEBUG [Forwarding clickElement on session 117da68b78bba4d2077c9fdfed99128d to remote] conn.PoolingHttpClientConnectionManager 326 - Connection released: [id: 254][route: {}->http://localhost:26875][total kept alive: 0; route allocated: 0 of 2000; total allocated: 0 of 2000]
02-06-2018 16:47:19 RequestAddCookies.java DEBUG [Forwarding findElement on session 117da68b78bba4d2077c9fdfed99128d to remote] protocol.RequestAddCookies 123 - CookieSpec selected: default
02-06-2018 16:47:19 RequestAuthCache.java DEBUG [Forwarding findElement on session 117da68b78bba4d2077c9fdfed99128d to remote] protocol.RequestAuthCache 77 - Auth cache not set in the context
02-06-2018 16:47:19 PoolingHttpClientConnectionManager.java DEBUG [Forwarding findElement on session 117da68b78bba4d2077c9fdfed99128d to remote] conn.PoolingHttpClientConnectionManager 255 - Connection request: [route: {}->http://localhost:26875][total kept alive: 0; route allocated: 0 of 2000; total allocated: 0 of 2000]
02-06-2018 16:47:19 PoolingHttpClientConnectionManager.java DEBUG [Forwarding findElement on session 117da68b78bba4d2077c9fdfed99128d to remote] conn.PoolingHttpClientConnectionManager 288 - Connection leased: [id: 255][route: {}->http://localhost:26875][total kept alive: 0; route allocated: 1 of 2000; total allocated: 1 of 2000]
02-06-2018 16:47:19 MainClientExec.java DEBUG [Forwarding findElement on session 117da68b78bba4d2077c9fdfed99128d to remote] execchain.MainClientExec 235 - Opening connection {}->http://localhost:26875
02-06-2018 16:47:19 DefaultHttpClientConnectionOperator.java DEBUG [Forwarding findElement on session 117da68b78bba4d2077c9fdfed99128d to remote] conn.DefaultHttpClientConnectionOperator 139 - Connecting to localhost/127.0.0.1:26875
02-06-2018 16:47:19 DefaultHttpClientConnectionOperator.java DEBUG [Forwarding findElement on session 117da68b78bba4d2077c9fdfed99128d to remote] conn.DefaultHttpClientConnectionOperator 146 - Connection established 127.0.0.1:60351<->127.0.0.1:26875
02-06-2018 16:47:19 LoggingManagedHttpClientConnection.java DEBUG [Forwarding findElement on session 117da68b78bba4d2077c9fdfed99128d to remote] conn.DefaultManagedHttpClientConnection 88 - http-outgoing-255: set socket timeout to 10800000
02-06-2018 16:47:19 MainClientExec.java DEBUG [Forwarding findElement on session 117da68b78bba4d2077c9fdfed99128d to remote] execchain.MainClientExec 256 - Executing request POST /session/117da68b78bba4d2077c9fdfed99128d/element HTTP/1.1
02-06-2018 16:47:19 MainClientExec.java DEBUG [Forwarding findElement on session 117da68b78bba4d2077c9fdfed99128d to remote] execchain.MainClientExec 261 - Target auth state: UNCHALLENGED
02-06-2018 16:47:19 MainClientExec.java DEBUG [Forwarding findElement on session 117da68b78bba4d2077c9fdfed99128d to remote] execchain.MainClientExec 267 - Proxy auth state: UNCHALLENGED
02-06-2018 16:47:19 LoggingManagedHttpClientConnection.java DEBUG [Forwarding findElement on session 117da68b78bba4d2077c9fdfed99128d to remote] http.headers 133 - http-outgoing-255 >> POST /session/117da68b78bba4d2077c9fdfed99128d/element HTTP/1.1
02-06-2018 16:47:19 LoggingManagedHttpClientConnection.java DEBUG [Forwarding findElement on session 117da68b78bba4d2077c9fdfed99128d to remote] http.headers 136 - http-outgoing-255 >> Content-Type: application/json; charset=utf-8
02-06-2018 16:47:19 LoggingManagedHttpClientConnection.java DEBUG [Forwarding findElement on session 117da68b78bba4d2077c9fdfed99128d to remote] http.headers 136 - http-outgoing-255 >> Content-Length: 78
02-06-2018 16:47:19 LoggingManagedHttpClientConnection.java DEBUG [Forwarding findElement on session 117da68b78bba4d2077c9fdfed99128d to remote] http.headers 136 - http-outgoing-255 >> Host: localhost:26875
02-06-2018 16:47:19 LoggingManagedHttpClientConnection.java DEBUG [Forwarding findElement on session 117da68b78bba4d2077c9fdfed99128d to remote] http.headers 136 - http-outgoing-255 >> Connection: Keep-Alive
02-06-2018 16:47:19 LoggingManagedHttpClientConnection.java DEBUG [Forwarding findElement on session 117da68b78bba4d2077c9fdfed99128d to remote] http.headers 136 - http-outgoing-255 >> User-Agent: Apache-HttpClient/4.5.3 (Java/1.8.0_151)
02-06-2018 16:47:19 LoggingManagedHttpClientConnection.java DEBUG [Forwarding findElement on session 117da68b78bba4d2077c9fdfed99128d to remote] http.headers 136 - http-outgoing-255 >> Accept-Encoding: gzip,deflate
02-06-2018 16:47:19 Wire.java DEBUG [Forwarding findElement on session 117da68b78bba4d2077c9fdfed99128d to remote] http.wire 73 - http-outgoing-255 >> "POST /session/117da68b78bba4d2077c9fdfed99128d/element HTTP/1.1[\r][\n]"
02-06-2018 16:47:19 Wire.java DEBUG [Forwarding findElement on session 117da68b78bba4d2077c9fdfed99128d to remote] http.wire 73 - http-outgoing-255 >> "Content-Type: application/json; charset=utf-8[\r][\n]"
02-06-2018 16:47:19 Wire.java DEBUG [Forwarding findElement on session 117da68b78bba4d2077c9fdfed99128d to remote] http.wire 73 - http-outgoing-255 >> "Content-Length: 78[\r][\n]"
02-06-2018 16:47:19 Wire.java DEBUG [Forwarding findElement on session 117da68b78bba4d2077c9fdfed99128d to remote] http.wire 73 - http-outgoing-255 >> "Host: localhost:26875[\r][\n]"
02-06-2018 16:47:19 Wire.java DEBUG [Forwarding findElement on session 117da68b78bba4d2077c9fdfed99128d to remote] http.wire 73 - http-outgoing-255 >> "Connection: Keep-Alive[\r][\n]"
02-06-2018 16:47:19 Wire.java DEBUG [Forwarding findElement on session 117da68b78bba4d2077c9fdfed99128d to remote] http.wire 73 - http-outgoing-255 >> "User-Agent: Apache-HttpClient/4.5.3 (Java/1.8.0_151)[\r][\n]"
02-06-2018 16:47:19 Wire.java DEBUG [Forwarding findElement on session 117da68b78bba4d2077c9fdfed99128d to remote] http.wire 73 - http-outgoing-255 >> "Accept-Encoding: gzip,deflate[\r][\n]"
02-06-2018 16:47:19 Wire.java DEBUG [Forwarding findElement on session 117da68b78bba4d2077c9fdfed99128d to remote] http.wire 73 - http-outgoing-255 >> "[\r][\n]"
02-06-2018 16:47:19 Wire.java DEBUG [Forwarding findElement on session 117da68b78bba4d2077c9fdfed99128d to remote] http.wire 87 - http-outgoing-255 >> "{"using":"xpath","value":"html/body/div[1]/div/div/div/form/div[3]/div/label"}"
02-06-2018 16:47:19 Wire.java DEBUG [Forwarding findElement on session 117da68b78bba4d2077c9fdfed99128d to remote] http.wire 73 - http-outgoing-255 << "HTTP/1.1 200 OK[\r][\n]"
02-06-2018 16:47:19 Wire.java DEBUG [Forwarding findElement on session 117da68b78bba4d2077c9fdfed99128d to remote] http.wire 73 - http-outgoing-255 << "Content-Length:102[\r][\n]"
02-06-2018 16:47:19 Wire.java DEBUG [Forwarding findElement on session 117da68b78bba4d2077c9fdfed99128d to remote] http.wire 73 - http-outgoing-255 << "Content-Type:application/json; charset=utf-8[\r][\n]"
02-06-2018 16:47:19 Wire.java DEBUG [Forwarding findElement on session 117da68b78bba4d2077c9fdfed99128d to remote] http.wire 73 - http-outgoing-255 << "Connection:close[\r][\n]"
02-06-2018 16:47:19 Wire.java DEBUG [Forwarding findElement on session 117da68b78bba4d2077c9fdfed99128d to remote] http.wire 73 - http-outgoing-255 << "[\r][\n]"
02-06-2018 16:47:19 Wire.java DEBUG [Forwarding findElement on session 117da68b78bba4d2077c9fdfed99128d to remote] http.wire 87 - http-outgoing-255 << "{"sessionId":"117da68b78bba4d2077c9fdfed99128d","status":0,"value":{"ELEMENT":"0.7057678754330365-1"}}"
02-06-2018 16:47:19 LoggingManagedHttpClientConnection.java DEBUG [Forwarding findElement on session 117da68b78bba4d2077c9fdfed99128d to remote] http.headers 122 - http-outgoing-255 << HTTP/1.1 200 OK
02-06-2018 16:47:19 LoggingManagedHttpClientConnection.java DEBUG [Forwarding findElement on session 117da68b78bba4d2077c9fdfed99128d to remote] http.headers 125 - http-outgoing-255 << Content-Length:102
02-06-2018 16:47:19 LoggingManagedHttpClientConnection.java DEBUG [Forwarding findElement on session 117da68b78bba4d2077c9fdfed99128d to remote] http.headers 125 - http-outgoing-255 << Content-Type:application/json; charset=utf-8
02-06-2018 16:47:19 LoggingManagedHttpClientConnection.java DEBUG [Forwarding findElement on session 117da68b78bba4d2077c9fdfed99128d to remote] http.headers 125 - http-outgoing-255 << Connection:close
02-06-2018 16:47:19 LoggingManagedHttpClientConnection.java DEBUG [Forwarding findElement on session 117da68b78bba4d2077c9fdfed99128d to remote] conn.DefaultManagedHttpClientConnection 79 - http-outgoing-255: Close connection
02-06-2018 16:47:19 ConnectionHolder.java DEBUG [Forwarding findElement on session 117da68b78bba4d2077c9fdfed99128d to remote] execchain.MainClientExec 104 - Connection discarded
02-06-2018 16:47:19 PoolingHttpClientConnectionManager.java DEBUG [Forwarding findElement on session 117da68b78bba4d2077c9fdfed99128d to remote] conn.PoolingHttpClientConnectionManager 326 - Connection released: [id: 255][route: {}->http://localhost:26875][total kept alive: 0; route allocated: 0 of 2000; total allocated: 0 of 2000]
02-06-2018 16:47:19 RequestAddCookies.java DEBUG [Forwarding isElementSelected on session 117da68b78bba4d2077c9fdfed99128d to remote] protocol.RequestAddCookies 123 - CookieSpec selected: default
02-06-2018 16:47:19 RequestAuthCache.java DEBUG [Forwarding isElementSelected on session 117da68b78bba4d2077c9fdfed99128d to remote] protocol.RequestAuthCache 77 - Auth cache not set in the context
02-06-2018 16:47:19 PoolingHttpClientConnectionManager.java DEBUG [Forwarding isElementSelected on session 117da68b78bba4d2077c9fdfed99128d to remote] conn.PoolingHttpClientConnectionManager 255 - Connection request: [route: {}->http://localhost:26875][total kept alive: 0; route allocated: 0 of 2000; total allocated: 0 of 2000]
02-06-2018 16:47:19 PoolingHttpClientConnectionManager.java DEBUG [Forwarding isElementSelected on session 117da68b78bba4d2077c9fdfed99128d to remote] conn.PoolingHttpClientConnectionManager 288 - Connection leased: [id: 256][route: {}->http://localhost:26875][total kept alive: 0; route allocated: 1 of 2000; total allocated: 1 of 2000]
02-06-2018 16:47:19 MainClientExec.java DEBUG [Forwarding isElementSelected on session 117da68b78bba4d2077c9fdfed99128d to remote] execchain.MainClientExec 235 - Opening connection {}->http://localhost:26875
02-06-2018 16:47:19 DefaultHttpClientConnectionOperator.java DEBUG [Forwarding isElementSelected on session 117da68b78bba4d2077c9fdfed99128d to remote] conn.DefaultHttpClientConnectionOperator 139 - Connecting to localhost/127.0.0.1:26875
02-06-2018 16:47:19 DefaultHttpClientConnectionOperator.java DEBUG [Forwarding isElementSelected on session 117da68b78bba4d2077c9fdfed99128d to remote] conn.DefaultHttpClientConnectionOperator 146 - Connection established 127.0.0.1:60352<->127.0.0.1:26875
02-06-2018 16:47:19 LoggingManagedHttpClientConnection.java DEBUG [Forwarding isElementSelected on session 117da68b78bba4d2077c9fdfed99128d to remote] conn.DefaultManagedHttpClientConnection 88 - http-outgoing-256: set socket timeout to 10800000
02-06-2018 16:47:19 MainClientExec.java DEBUG [Forwarding isElementSelected on session 117da68b78bba4d2077c9fdfed99128d to remote] execchain.MainClientExec 256 - Executing request GET /session/117da68b78bba4d2077c9fdfed99128d/element/0.7057678754330365-1/selected HTTP/1.1
02-06-2018 16:47:19 MainClientExec.java DEBUG [Forwarding isElementSelected on session 117da68b78bba4d2077c9fdfed99128d to remote] execchain.MainClientExec 261 - Target auth state: UNCHALLENGED
02-06-2018 16:47:19 MainClientExec.java DEBUG [Forwarding isElementSelected on session 117da68b78bba4d2077c9fdfed99128d to remote] execchain.MainClientExec 267 - Proxy auth state: UNCHALLENGED
02-06-2018 16:47:19 LoggingManagedHttpClientConnection.java DEBUG [Forwarding isElementSelected on session 117da68b78bba4d2077c9fdfed99128d to remote] http.headers 133 - http-outgoing-256 >> GET /session/117da68b78bba4d2077c9fdfed99128d/element/0.7057678754330365-1/selected HTTP/1.1
02-06-2018 16:47:19 LoggingManagedHttpClientConnection.java DEBUG [Forwarding isElementSelected on session 117da68b78bba4d2077c9fdfed99128d to remote] http.headers 136 - http-outgoing-256 >> Cache-Control: no-cache
02-06-2018 16:47:19 LoggingManagedHttpClientConnection.java DEBUG [Forwarding isElementSelected on session 117da68b78bba4d2077c9fdfed99128d to remote] http.headers 136 - http-outgoing-256 >> Host: localhost:26875
02-06-2018 16:47:19 LoggingManagedHttpClientConnection.java DEBUG [Forwarding isElementSelected on session 117da68b78bba4d2077c9fdfed99128d to remote] http.headers 136 - http-outgoing-256 >> Connection: Keep-Alive
02-06-2018 16:47:19 LoggingManagedHttpClientConnection.java DEBUG [Forwarding isElementSelected on session 117da68b78bba4d2077c9fdfed99128d to remote] http.headers 136 - http-outgoing-256 >> User-Agent: Apache-HttpClient/4.5.3 (Java/1.8.0_151)
02-06-2018 16:47:19 LoggingManagedHttpClientConnection.java DEBUG [Forwarding isElementSelected on session 117da68b78bba4d2077c9fdfed99128d to remote] http.headers 136 - http-outgoing-256 >> Accept-Encoding: gzip,deflate
02-06-2018 16:47:19 Wire.java DEBUG [Forwarding isElementSelected on session 117da68b78bba4d2077c9fdfed99128d to remote] http.wire 73 - http-outgoing-256 >> "GET /session/117da68b78bba4d2077c9fdfed99128d/element/0.7057678754330365-1/selected HTTP/1.1[\r][\n]"
02-06-2018 16:47:19 Wire.java DEBUG [Forwarding isElementSelected on session 117da68b78bba4d2077c9fdfed99128d to remote] http.wire 73 - http-outgoing-256 >> "Cache-Control: no-cache[\r][\n]"
02-06-2018 16:47:19 Wire.java DEBUG [Forwarding isElementSelected on session 117da68b78bba4d2077c9fdfed99128d to remote] http.wire 73 - http-outgoing-256 >> "Host: localhost:26875[\r][\n]"
02-06-2018 16:47:19 Wire.java DEBUG [Forwarding isElementSelected on session 117da68b78bba4d2077c9fdfed99128d to remote] http.wire 73 - http-outgoing-256 >> "Connection: Keep-Alive[\r][\n]"
02-06-2018 16:47:19 Wire.java DEBUG [Forwarding isElementSelected on session 117da68b78bba4d2077c9fdfed99128d to remote] http.wire 73 - http-outgoing-256 >> "User-Agent: Apache-HttpClient/4.5.3 (Java/1.8.0_151)[\r][\n]"
02-06-2018 16:47:19 Wire.java DEBUG [Forwarding isElementSelected on session 117da68b78bba4d2077c9fdfed99128d to remote] http.wire 73 - http-outgoing-256 >> "Accept-Encoding: gzip,deflate[\r][\n]"
02-06-2018 16:47:19 Wire.java DEBUG [Forwarding isElementSelected on session 117da68b78bba4d2077c9fdfed99128d to remote] http.wire 73 - http-outgoing-256 >> "[\r][\n]"
02-06-2018 16:47:19 Wire.java DEBUG [Forwarding isElementSelected on session 117da68b78bba4d2077c9fdfed99128d to remote] http.wire 73 - http-outgoing-256 << "HTTP/1.1 200 OK[\r][\n]"
02-06-2018 16:47:19 Wire.java DEBUG [Forwarding isElementSelected on session 117da68b78bba4d2077c9fdfed99128d to remote] http.wire 73 - http-outgoing-256 << "Content-Length:73[\r][\n]"
02-06-2018 16:47:19 Wire.java DEBUG [Forwarding isElementSelected on session 117da68b78bba4d2077c9fdfed99128d to remote] http.wire 73 - http-outgoing-256 << "Content-Type:application/json; charset=utf-8[\r][\n]"
02-06-2018 16:47:19 Wire.java DEBUG [Forwarding isElementSelected on session 117da68b78bba4d2077c9fdfed99128d to remote] http.wire 73 - http-outgoing-256 << "Connection:close[\r][\n]"
02-06-2018 16:47:19 Wire.java DEBUG [Forwarding isElementSelected on session 117da68b78bba4d2077c9fdfed99128d to remote] http.wire 73 - http-outgoing-256 << "[\r][\n]"
02-06-2018 16:47:19 Wire.java DEBUG [Forwarding isElementSelected on session 117da68b78bba4d2077c9fdfed99128d to remote] http.wire 87 - http-outgoing-256 << "{"sessionId":"117da68b78bba4d2077c9fdfed99128d","status":0,"value":false}"
02-06-2018 16:47:19 LoggingManagedHttpClientConnection.java DEBUG [Forwarding isElementSelected on session 117da68b78bba4d2077c9fdfed99128d to remote] http.headers 122 - http-outgoing-256 << HTTP/1.1 200 OK
02-06-2018 16:47:19 LoggingManagedHttpClientConnection.java DEBUG [Forwarding isElementSelected on session 117da68b78bba4d2077c9fdfed99128d to remote] http.headers 125 - http-outgoing-256 << Content-Length:73
02-06-2018 16:47:19 LoggingManagedHttpClientConnection.java DEBUG [Forwarding isElementSelected on session 117da68b78bba4d2077c9fdfed99128d to remote] http.headers 125 - http-outgoing-256 << Content-Type:application/json; charset=utf-8
02-06-2018 16:47:19 LoggingManagedHttpClientConnection.java DEBUG [Forwarding isElementSelected on session 117da68b78bba4d2077c9fdfed99128d to remote] http.headers 125 - http-outgoing-256 << Connection:close
02-06-2018 16:47:19 LoggingManagedHttpClientConnection.java DEBUG [Forwarding isElementSelected on session 117da68b78bba4d2077c9fdfed99128d to remote] conn.DefaultManagedHttpClientConnection 79 - http-outgoing-256: Close connection
02-06-2018 16:47:19 ConnectionHolder.java DEBUG [Forwarding isElementSelected on session 117da68b78bba4d2077c9fdfed99128d to remote] execchain.MainClientExec 104 - Connection discarded
02-06-2018 16:47:19 PoolingHttpClientConnectionManager.java DEBUG [Forwarding isElementSelected on session 117da68b78bba4d2077c9fdfed99128d to remote] conn.PoolingHttpClientConnectionManager 326 - Connection released: [id: 256][route: {}->http://localhost:26875][total kept alive: 0; route allocated: 0 of 2000; total allocated: 0 of 2000]
]]></system-out>
    <system-err><![CDATA[Starting ChromeDriver 2.33.506120 (e3e53437346286c0bc2d2dc9aa4915ba81d9023f) on port 26875
Only local connections are allowed.
Feb 06, 2018 4:47:10 PM org.openqa.selenium.remote.ProtocolHandshake createSession
INFO: Detected dialect: OSS
]]></system-err>
  </testcase>
  <testcase name="verifyLoginLogoTest" classname="com.JusDone.qa.TestCases.HomePageTest" time="0.047"/>
  <testcase name="VerifyExistingAcctErrorMsgTest" classname="com.JusDone.qa.TestCases.RegisterPageTest" time="1.665"/>
  <testcase name="ClickCreateNewTaskLinkTest" classname="com.JusDone.qa.TestCases.TaskPageTest" time="3.863"/>
  <testcase name="verifyTeamNameLabelTest" classname="com.JusDone.qa.TestCases.DashBoardPageTest" time="0.053">
    <failure message="expected [true] but found [false]" type="java.lang.AssertionError">java.lang.AssertionError: expected [true] but found [false]
	at com.JusDone.qa.TestCases.DashBoardPageTest.verifyTeamNameLabelTest(DashBoardPageTest.java:79)
</failure>
    <system-out><![CDATA[02-06-2018 16:48:04 RequestAddCookies.java DEBUG [Forwarding quit on session e6781a89d6a6588047e6b56af5c1f58d to remote] protocol.RequestAddCookies 123 - CookieSpec selected: default
02-06-2018 16:48:04 RequestAuthCache.java DEBUG [Forwarding quit on session e6781a89d6a6588047e6b56af5c1f58d to remote] protocol.RequestAuthCache 77 - Auth cache not set in the context
02-06-2018 16:48:04 PoolingHttpClientConnectionManager.java DEBUG [Forwarding quit on session e6781a89d6a6588047e6b56af5c1f58d to remote] conn.PoolingHttpClientConnectionManager 255 - Connection request: [route: {}->http://localhost:46062][total kept alive: 0; route allocated: 0 of 2000; total allocated: 0 of 2000]
02-06-2018 16:48:04 PoolingHttpClientConnectionManager.java DEBUG [Forwarding quit on session e6781a89d6a6588047e6b56af5c1f58d to remote] conn.PoolingHttpClientConnectionManager 288 - Connection leased: [id: 318][route: {}->http://localhost:46062][total kept alive: 0; route allocated: 1 of 2000; total allocated: 1 of 2000]
02-06-2018 16:48:04 MainClientExec.java DEBUG [Forwarding quit on session e6781a89d6a6588047e6b56af5c1f58d to remote] execchain.MainClientExec 235 - Opening connection {}->http://localhost:46062
02-06-2018 16:48:04 DefaultHttpClientConnectionOperator.java DEBUG [Forwarding quit on session e6781a89d6a6588047e6b56af5c1f58d to remote] conn.DefaultHttpClientConnectionOperator 139 - Connecting to localhost/127.0.0.1:46062
02-06-2018 16:48:04 DefaultHttpClientConnectionOperator.java DEBUG [Forwarding quit on session e6781a89d6a6588047e6b56af5c1f58d to remote] conn.DefaultHttpClientConnectionOperator 146 - Connection established 127.0.0.1:60497<->127.0.0.1:46062
02-06-2018 16:48:04 LoggingManagedHttpClientConnection.java DEBUG [Forwarding quit on session e6781a89d6a6588047e6b56af5c1f58d to remote] conn.DefaultManagedHttpClientConnection 88 - http-outgoing-318: set socket timeout to 10800000
02-06-2018 16:48:04 MainClientExec.java DEBUG [Forwarding quit on session e6781a89d6a6588047e6b56af5c1f58d to remote] execchain.MainClientExec 256 - Executing request DELETE /session/e6781a89d6a6588047e6b56af5c1f58d HTTP/1.1
02-06-2018 16:48:04 MainClientExec.java DEBUG [Forwarding quit on session e6781a89d6a6588047e6b56af5c1f58d to remote] execchain.MainClientExec 261 - Target auth state: UNCHALLENGED
02-06-2018 16:48:04 MainClientExec.java DEBUG [Forwarding quit on session e6781a89d6a6588047e6b56af5c1f58d to remote] execchain.MainClientExec 267 - Proxy auth state: UNCHALLENGED
02-06-2018 16:48:04 LoggingManagedHttpClientConnection.java DEBUG [Forwarding quit on session e6781a89d6a6588047e6b56af5c1f58d to remote] http.headers 133 - http-outgoing-318 >> DELETE /session/e6781a89d6a6588047e6b56af5c1f58d HTTP/1.1
02-06-2018 16:48:04 LoggingManagedHttpClientConnection.java DEBUG [Forwarding quit on session e6781a89d6a6588047e6b56af5c1f58d to remote] http.headers 136 - http-outgoing-318 >> Host: localhost:46062
02-06-2018 16:48:04 LoggingManagedHttpClientConnection.java DEBUG [Forwarding quit on session e6781a89d6a6588047e6b56af5c1f58d to remote] http.headers 136 - http-outgoing-318 >> Connection: Keep-Alive
02-06-2018 16:48:04 LoggingManagedHttpClientConnection.java DEBUG [Forwarding quit on session e6781a89d6a6588047e6b56af5c1f58d to remote] http.headers 136 - http-outgoing-318 >> User-Agent: Apache-HttpClient/4.5.3 (Java/1.8.0_151)
02-06-2018 16:48:04 LoggingManagedHttpClientConnection.java DEBUG [Forwarding quit on session e6781a89d6a6588047e6b56af5c1f58d to remote] http.headers 136 - http-outgoing-318 >> Accept-Encoding: gzip,deflate
02-06-2018 16:48:04 Wire.java DEBUG [Forwarding quit on session e6781a89d6a6588047e6b56af5c1f58d to remote] http.wire 73 - http-outgoing-318 >> "DELETE /session/e6781a89d6a6588047e6b56af5c1f58d HTTP/1.1[\r][\n]"
02-06-2018 16:48:04 Wire.java DEBUG [Forwarding quit on session e6781a89d6a6588047e6b56af5c1f58d to remote] http.wire 73 - http-outgoing-318 >> "Host: localhost:46062[\r][\n]"
02-06-2018 16:48:04 Wire.java DEBUG [Forwarding quit on session e6781a89d6a6588047e6b56af5c1f58d to remote] http.wire 73 - http-outgoing-318 >> "Connection: Keep-Alive[\r][\n]"
02-06-2018 16:48:04 Wire.java DEBUG [Forwarding quit on session e6781a89d6a6588047e6b56af5c1f58d to remote] http.wire 73 - http-outgoing-318 >> "User-Agent: Apache-HttpClient/4.5.3 (Java/1.8.0_151)[\r][\n]"
02-06-2018 16:48:04 Wire.java DEBUG [Forwarding quit on session e6781a89d6a6588047e6b56af5c1f58d to remote] http.wire 73 - http-outgoing-318 >> "Accept-Encoding: gzip,deflate[\r][\n]"
02-06-2018 16:48:04 Wire.java DEBUG [Forwarding quit on session e6781a89d6a6588047e6b56af5c1f58d to remote] http.wire 73 - http-outgoing-318 >> "[\r][\n]"
02-06-2018 16:48:04 Wire.java DEBUG [Forwarding quit on session e6781a89d6a6588047e6b56af5c1f58d to remote] http.wire 73 - http-outgoing-318 << "HTTP/1.1 200 OK[\r][\n]"
02-06-2018 16:48:04 Wire.java DEBUG [Forwarding quit on session e6781a89d6a6588047e6b56af5c1f58d to remote] http.wire 73 - http-outgoing-318 << "Content-Length:72[\r][\n]"
02-06-2018 16:48:04 Wire.java DEBUG [Forwarding quit on session e6781a89d6a6588047e6b56af5c1f58d to remote] http.wire 73 - http-outgoing-318 << "Content-Type:application/json; charset=utf-8[\r][\n]"
02-06-2018 16:48:04 Wire.java DEBUG [Forwarding quit on session e6781a89d6a6588047e6b56af5c1f58d to remote] http.wire 73 - http-outgoing-318 << "Connection:close[\r][\n]"
02-06-2018 16:48:04 Wire.java DEBUG [Forwarding quit on session e6781a89d6a6588047e6b56af5c1f58d to remote] http.wire 73 - http-outgoing-318 << "[\r][\n]"
02-06-2018 16:48:04 Wire.java DEBUG [Forwarding quit on session e6781a89d6a6588047e6b56af5c1f58d to remote] http.wire 87 - http-outgoing-318 << "{"sessionId":"e6781a89d6a6588047e6b56af5c1f58d","status":0,"value":null}"
02-06-2018 16:48:04 LoggingManagedHttpClientConnection.java DEBUG [Forwarding quit on session e6781a89d6a6588047e6b56af5c1f58d to remote] http.headers 122 - http-outgoing-318 << HTTP/1.1 200 OK
02-06-2018 16:48:04 LoggingManagedHttpClientConnection.java DEBUG [Forwarding quit on session e6781a89d6a6588047e6b56af5c1f58d to remote] http.headers 125 - http-outgoing-318 << Content-Length:72
02-06-2018 16:48:04 LoggingManagedHttpClientConnection.java DEBUG [Forwarding quit on session e6781a89d6a6588047e6b56af5c1f58d to remote] http.headers 125 - http-outgoing-318 << Content-Type:application/json; charset=utf-8
02-06-2018 16:48:04 LoggingManagedHttpClientConnection.java DEBUG [Forwarding quit on session e6781a89d6a6588047e6b56af5c1f58d to remote] http.headers 125 - http-outgoing-318 << Connection:close
02-06-2018 16:48:04 LoggingManagedHttpClientConnection.java DEBUG [Forwarding quit on session e6781a89d6a6588047e6b56af5c1f58d to remote] conn.DefaultManagedHttpClientConnection 79 - http-outgoing-318: Close connection
02-06-2018 16:48:04 ConnectionHolder.java DEBUG [Forwarding quit on session e6781a89d6a6588047e6b56af5c1f58d to remote] execchain.MainClientExec 104 - Connection discarded
02-06-2018 16:48:04 PoolingHttpClientConnectionManager.java DEBUG [Forwarding quit on session e6781a89d6a6588047e6b56af5c1f58d to remote] conn.PoolingHttpClientConnectionManager 326 - Connection released: [id: 318][route: {}->http://localhost:46062][total kept alive: 0; route allocated: 0 of 2000; total allocated: 0 of 2000]
02-06-2018 16:48:04 PoolingHttpClientConnectionManager.java DEBUG [Forwarding quit on session e6781a89d6a6588047e6b56af5c1f58d to remote] conn.PoolingHttpClientConnectionManager 407 - Closing connections idle longer than 0 SECONDS
02-06-2018 16:48:05 RequestAddCookies.java DEBUG [Forwarding newSession on session null to remote] protocol.RequestAddCookies 123 - CookieSpec selected: default
02-06-2018 16:48:05 RequestAuthCache.java DEBUG [Forwarding newSession on session null to remote] protocol.RequestAuthCache 77 - Auth cache not set in the context
02-06-2018 16:48:05 PoolingHttpClientConnectionManager.java DEBUG [Forwarding newSession on session null to remote] conn.PoolingHttpClientConnectionManager 255 - Connection request: [route: {}->http://localhost:2950][total kept alive: 0; route allocated: 0 of 2000; total allocated: 0 of 2000]
02-06-2018 16:48:05 PoolingHttpClientConnectionManager.java DEBUG [Forwarding newSession on session null to remote] conn.PoolingHttpClientConnectionManager 288 - Connection leased: [id: 319][route: {}->http://localhost:2950][total kept alive: 0; route allocated: 1 of 2000; total allocated: 1 of 2000]
02-06-2018 16:48:05 MainClientExec.java DEBUG [Forwarding newSession on session null to remote] execchain.MainClientExec 235 - Opening connection {}->http://localhost:2950
02-06-2018 16:48:05 DefaultHttpClientConnectionOperator.java DEBUG [Forwarding newSession on session null to remote] conn.DefaultHttpClientConnectionOperator 139 - Connecting to localhost/127.0.0.1:2950
02-06-2018 16:48:05 DefaultHttpClientConnectionOperator.java DEBUG [Forwarding newSession on session null to remote] conn.DefaultHttpClientConnectionOperator 146 - Connection established 127.0.0.1:60502<->127.0.0.1:2950
02-06-2018 16:48:05 LoggingManagedHttpClientConnection.java DEBUG [Forwarding newSession on session null to remote] conn.DefaultManagedHttpClientConnection 88 - http-outgoing-319: set socket timeout to 10800000
02-06-2018 16:48:05 MainClientExec.java DEBUG [Forwarding newSession on session null to remote] execchain.MainClientExec 256 - Executing request POST /session HTTP/1.1
02-06-2018 16:48:05 MainClientExec.java DEBUG [Forwarding newSession on session null to remote] execchain.MainClientExec 261 - Target auth state: UNCHALLENGED
02-06-2018 16:48:05 MainClientExec.java DEBUG [Forwarding newSession on session null to remote] execchain.MainClientExec 267 - Proxy auth state: UNCHALLENGED
02-06-2018 16:48:05 LoggingManagedHttpClientConnection.java DEBUG [Forwarding newSession on session null to remote] http.headers 133 - http-outgoing-319 >> POST /session HTTP/1.1
02-06-2018 16:48:05 LoggingManagedHttpClientConnection.java DEBUG [Forwarding newSession on session null to remote] http.headers 136 - http-outgoing-319 >> Content-Type: application/json; charset=utf-8
02-06-2018 16:48:05 LoggingManagedHttpClientConnection.java DEBUG [Forwarding newSession on session null to remote] http.headers 136 - http-outgoing-319 >> Content-Length: 335
02-06-2018 16:48:05 LoggingManagedHttpClientConnection.java DEBUG [Forwarding newSession on session null to remote] http.headers 136 - http-outgoing-319 >> Host: localhost:2950
02-06-2018 16:48:05 LoggingManagedHttpClientConnection.java DEBUG [Forwarding newSession on session null to remote] http.headers 136 - http-outgoing-319 >> Connection: Keep-Alive
02-06-2018 16:48:05 LoggingManagedHttpClientConnection.java DEBUG [Forwarding newSession on session null to remote] http.headers 136 - http-outgoing-319 >> User-Agent: Apache-HttpClient/4.5.3 (Java/1.8.0_151)
02-06-2018 16:48:05 LoggingManagedHttpClientConnection.java DEBUG [Forwarding newSession on session null to remote] http.headers 136 - http-outgoing-319 >> Accept-Encoding: gzip,deflate
02-06-2018 16:48:05 Wire.java DEBUG [Forwarding newSession on session null to remote] http.wire 73 - http-outgoing-319 >> "POST /session HTTP/1.1[\r][\n]"
02-06-2018 16:48:05 Wire.java DEBUG [Forwarding newSession on session null to remote] http.wire 73 - http-outgoing-319 >> "Content-Type: application/json; charset=utf-8[\r][\n]"
02-06-2018 16:48:05 Wire.java DEBUG [Forwarding newSession on session null to remote] http.wire 73 - http-outgoing-319 >> "Content-Length: 335[\r][\n]"
02-06-2018 16:48:05 Wire.java DEBUG [Forwarding newSession on session null to remote] http.wire 73 - http-outgoing-319 >> "Host: localhost:2950[\r][\n]"
02-06-2018 16:48:05 Wire.java DEBUG [Forwarding newSession on session null to remote] http.wire 73 - http-outgoing-319 >> "Connection: Keep-Alive[\r][\n]"
02-06-2018 16:48:05 Wire.java DEBUG [Forwarding newSession on session null to remote] http.wire 73 - http-outgoing-319 >> "User-Agent: Apache-HttpClient/4.5.3 (Java/1.8.0_151)[\r][\n]"
02-06-2018 16:48:05 Wire.java DEBUG [Forwarding newSession on session null to remote] http.wire 73 - http-outgoing-319 >> "Accept-Encoding: gzip,deflate[\r][\n]"
02-06-2018 16:48:05 Wire.java DEBUG [Forwarding newSession on session null to remote] http.wire 73 - http-outgoing-319 >> "[\r][\n]"
02-06-2018 16:48:05 Wire.java DEBUG [Forwarding newSession on session null to remote] http.wire 73 - http-outgoing-319 >> "{[\n]"
02-06-2018 16:48:05 Wire.java DEBUG [Forwarding newSession on session null to remote] http.wire 73 - http-outgoing-319 >> "  "desiredCapabilities": {"browserName":"chrome","goog:chromeOptions":{"args":[],"extensions":[]}},[\n]"
02-06-2018 16:48:05 Wire.java DEBUG [Forwarding newSession on session null to remote] http.wire 73 - http-outgoing-319 >> "  "capabilities": {[\n]"
02-06-2018 16:48:05 Wire.java DEBUG [Forwarding newSession on session null to remote] http.wire 73 - http-outgoing-319 >> "    "desiredCapabilities": {"browserName":"chrome","goog:chromeOptions":{"args":[],"extensions":[]}},[\n]"
02-06-2018 16:48:05 Wire.java DEBUG [Forwarding newSession on session null to remote] http.wire 73 - http-outgoing-319 >> "    "firstMatch": [[\n]"
02-06-2018 16:48:05 Wire.java DEBUG [Forwarding newSession on session null to remote] http.wire 73 - http-outgoing-319 >> "      {"browserName":"chrome","goog:chromeOptions":{"args":[],"extensions":[]}}[\n]"
02-06-2018 16:48:05 Wire.java DEBUG [Forwarding newSession on session null to remote] http.wire 73 - http-outgoing-319 >> "    ][\n]"
02-06-2018 16:48:05 Wire.java DEBUG [Forwarding newSession on session null to remote] http.wire 73 - http-outgoing-319 >> "  }[\n]"
02-06-2018 16:48:05 Wire.java DEBUG [Forwarding newSession on session null to remote] http.wire 87 - http-outgoing-319 >> "}"
02-06-2018 16:48:07 Wire.java DEBUG [Forwarding newSession on session null to remote] http.wire 73 - http-outgoing-319 << "HTTP/1.1 200 OK[\r][\n]"
02-06-2018 16:48:07 Wire.java DEBUG [Forwarding newSession on session null to remote] http.wire 73 - http-outgoing-319 << "Content-Length:801[\r][\n]"
02-06-2018 16:48:07 Wire.java DEBUG [Forwarding newSession on session null to remote] http.wire 73 - http-outgoing-319 << "Content-Type:application/json; charset=utf-8[\r][\n]"
02-06-2018 16:48:07 Wire.java DEBUG [Forwarding newSession on session null to remote] http.wire 73 - http-outgoing-319 << "Connection:close[\r][\n]"
02-06-2018 16:48:07 Wire.java DEBUG [Forwarding newSession on session null to remote] http.wire 73 - http-outgoing-319 << "[\r][\n]"
02-06-2018 16:48:07 Wire.java DEBUG [Forwarding newSession on session null to remote] http.wire 87 - http-outgoing-319 << "{"sessionId":"043fa6a1ca06303597656bc00a4e3021","status":0,"value":{"acceptSslCerts":true,"applicationCacheEnabled":false,"browserConnectionEnabled":false,"browserName":"chrome","chrome":{"chromedriverVersion":"2.33.506120 (e3e53437346286c0bc2d2dc9aa4915ba81d9023f)","userDataDir":"C:\\Users\\venka\\AppData\\Local\\Temp\\scoped_dir26784_23735"},"cssSelectorsEnabled":true,"databaseEnabled":false,"handlesAlerts":true,"hasTouchScreen":false,"javascriptEnabled":true,"locationContextEnabled":true,"mobileEmulationEnabled":false,"nativeEvents":true,"networkConnectionEnabled":false,"pageLoadStrategy":"normal","platform":"Windows NT","rotatable":false,"setWindowRect":true,"takesHeapSnapshot":true,"takesScreenshot":true,"unexpectedAlertBehaviour":"","version":"63.0.3239.132","webStorageEnabled":true}}"
02-06-2018 16:48:07 LoggingManagedHttpClientConnection.java DEBUG [Forwarding newSession on session null to remote] http.headers 122 - http-outgoing-319 << HTTP/1.1 200 OK
02-06-2018 16:48:07 LoggingManagedHttpClientConnection.java DEBUG [Forwarding newSession on session null to remote] http.headers 125 - http-outgoing-319 << Content-Length:801
02-06-2018 16:48:07 LoggingManagedHttpClientConnection.java DEBUG [Forwarding newSession on session null to remote] http.headers 125 - http-outgoing-319 << Content-Type:application/json; charset=utf-8
02-06-2018 16:48:07 LoggingManagedHttpClientConnection.java DEBUG [Forwarding newSession on session null to remote] http.headers 125 - http-outgoing-319 << Connection:close
02-06-2018 16:48:07 LoggingManagedHttpClientConnection.java DEBUG [Forwarding newSession on session null to remote] conn.DefaultManagedHttpClientConnection 79 - http-outgoing-319: Close connection
02-06-2018 16:48:07 ConnectionHolder.java DEBUG [Forwarding newSession on session null to remote] execchain.MainClientExec 104 - Connection discarded
02-06-2018 16:48:07 PoolingHttpClientConnectionManager.java DEBUG [Forwarding newSession on session null to remote] conn.PoolingHttpClientConnectionManager 326 - Connection released: [id: 319][route: {}->http://localhost:2950][total kept alive: 0; route allocated: 0 of 2000; total allocated: 0 of 2000]
02-06-2018 16:48:07 RequestAddCookies.java DEBUG [Forwarding maximizeCurrentWindow on session 043fa6a1ca06303597656bc00a4e3021 to remote] protocol.RequestAddCookies 123 - CookieSpec selected: default
02-06-2018 16:48:07 RequestAuthCache.java DEBUG [Forwarding maximizeCurrentWindow on session 043fa6a1ca06303597656bc00a4e3021 to remote] protocol.RequestAuthCache 77 - Auth cache not set in the context
02-06-2018 16:48:07 PoolingHttpClientConnectionManager.java DEBUG [Forwarding maximizeCurrentWindow on session 043fa6a1ca06303597656bc00a4e3021 to remote] conn.PoolingHttpClientConnectionManager 255 - Connection request: [route: {}->http://localhost:2950][total kept alive: 0; route allocated: 0 of 2000; total allocated: 0 of 2000]
02-06-2018 16:48:07 PoolingHttpClientConnectionManager.java DEBUG [Forwarding maximizeCurrentWindow on session 043fa6a1ca06303597656bc00a4e3021 to remote] conn.PoolingHttpClientConnectionManager 288 - Connection leased: [id: 320][route: {}->http://localhost:2950][total kept alive: 0; route allocated: 1 of 2000; total allocated: 1 of 2000]
02-06-2018 16:48:07 MainClientExec.java DEBUG [Forwarding maximizeCurrentWindow on session 043fa6a1ca06303597656bc00a4e3021 to remote] execchain.MainClientExec 235 - Opening connection {}->http://localhost:2950
02-06-2018 16:48:07 DefaultHttpClientConnectionOperator.java DEBUG [Forwarding maximizeCurrentWindow on session 043fa6a1ca06303597656bc00a4e3021 to remote] conn.DefaultHttpClientConnectionOperator 139 - Connecting to localhost/127.0.0.1:2950
02-06-2018 16:48:07 DefaultHttpClientConnectionOperator.java DEBUG [Forwarding maximizeCurrentWindow on session 043fa6a1ca06303597656bc00a4e3021 to remote] conn.DefaultHttpClientConnectionOperator 146 - Connection established 127.0.0.1:60511<->127.0.0.1:2950
02-06-2018 16:48:07 LoggingManagedHttpClientConnection.java DEBUG [Forwarding maximizeCurrentWindow on session 043fa6a1ca06303597656bc00a4e3021 to remote] conn.DefaultManagedHttpClientConnection 88 - http-outgoing-320: set socket timeout to 10800000
02-06-2018 16:48:07 MainClientExec.java DEBUG [Forwarding maximizeCurrentWindow on session 043fa6a1ca06303597656bc00a4e3021 to remote] execchain.MainClientExec 256 - Executing request POST /session/043fa6a1ca06303597656bc00a4e3021/window/current/maximize HTTP/1.1
02-06-2018 16:48:07 MainClientExec.java DEBUG [Forwarding maximizeCurrentWindow on session 043fa6a1ca06303597656bc00a4e3021 to remote] execchain.MainClientExec 261 - Target auth state: UNCHALLENGED
02-06-2018 16:48:07 MainClientExec.java DEBUG [Forwarding maximizeCurrentWindow on session 043fa6a1ca06303597656bc00a4e3021 to remote] execchain.MainClientExec 267 - Proxy auth state: UNCHALLENGED
02-06-2018 16:48:07 LoggingManagedHttpClientConnection.java DEBUG [Forwarding maximizeCurrentWindow on session 043fa6a1ca06303597656bc00a4e3021 to remote] http.headers 133 - http-outgoing-320 >> POST /session/043fa6a1ca06303597656bc00a4e3021/window/current/maximize HTTP/1.1
02-06-2018 16:48:07 LoggingManagedHttpClientConnection.java DEBUG [Forwarding maximizeCurrentWindow on session 043fa6a1ca06303597656bc00a4e3021 to remote] http.headers 136 - http-outgoing-320 >> Content-Type: application/json; charset=utf-8
02-06-2018 16:48:07 LoggingManagedHttpClientConnection.java DEBUG [Forwarding maximizeCurrentWindow on session 043fa6a1ca06303597656bc00a4e3021 to remote] http.headers 136 - http-outgoing-320 >> Content-Length: 45
02-06-2018 16:48:07 LoggingManagedHttpClientConnection.java DEBUG [Forwarding maximizeCurrentWindow on session 043fa6a1ca06303597656bc00a4e3021 to remote] http.headers 136 - http-outgoing-320 >> Host: localhost:2950
02-06-2018 16:48:07 LoggingManagedHttpClientConnection.java DEBUG [Forwarding maximizeCurrentWindow on session 043fa6a1ca06303597656bc00a4e3021 to remote] http.headers 136 - http-outgoing-320 >> Connection: Keep-Alive
02-06-2018 16:48:07 LoggingManagedHttpClientConnection.java DEBUG [Forwarding maximizeCurrentWindow on session 043fa6a1ca06303597656bc00a4e3021 to remote] http.headers 136 - http-outgoing-320 >> User-Agent: Apache-HttpClient/4.5.3 (Java/1.8.0_151)
02-06-2018 16:48:07 LoggingManagedHttpClientConnection.java DEBUG [Forwarding maximizeCurrentWindow on session 043fa6a1ca06303597656bc00a4e3021 to remote] http.headers 136 - http-outgoing-320 >> Accept-Encoding: gzip,deflate
02-06-2018 16:48:07 Wire.java DEBUG [Forwarding maximizeCurrentWindow on session 043fa6a1ca06303597656bc00a4e3021 to remote] http.wire 73 - http-outgoing-320 >> "POST /session/043fa6a1ca06303597656bc00a4e3021/window/current/maximize HTTP/1.1[\r][\n]"
02-06-2018 16:48:07 Wire.java DEBUG [Forwarding maximizeCurrentWindow on session 043fa6a1ca06303597656bc00a4e3021 to remote] http.wire 73 - http-outgoing-320 >> "Content-Type: application/json; charset=utf-8[\r][\n]"
02-06-2018 16:48:07 Wire.java DEBUG [Forwarding maximizeCurrentWindow on session 043fa6a1ca06303597656bc00a4e3021 to remote] http.wire 73 - http-outgoing-320 >> "Content-Length: 45[\r][\n]"
02-06-2018 16:48:07 Wire.java DEBUG [Forwarding maximizeCurrentWindow on session 043fa6a1ca06303597656bc00a4e3021 to remote] http.wire 73 - http-outgoing-320 >> "Host: localhost:2950[\r][\n]"
02-06-2018 16:48:07 Wire.java DEBUG [Forwarding maximizeCurrentWindow on session 043fa6a1ca06303597656bc00a4e3021 to remote] http.wire 73 - http-outgoing-320 >> "Connection: Keep-Alive[\r][\n]"
02-06-2018 16:48:07 Wire.java DEBUG [Forwarding maximizeCurrentWindow on session 043fa6a1ca06303597656bc00a4e3021 to remote] http.wire 73 - http-outgoing-320 >> "User-Agent: Apache-HttpClient/4.5.3 (Java/1.8.0_151)[\r][\n]"
02-06-2018 16:48:07 Wire.java DEBUG [Forwarding maximizeCurrentWindow on session 043fa6a1ca06303597656bc00a4e3021 to remote] http.wire 73 - http-outgoing-320 >> "Accept-Encoding: gzip,deflate[\r][\n]"
02-06-2018 16:48:07 Wire.java DEBUG [Forwarding maximizeCurrentWindow on session 043fa6a1ca06303597656bc00a4e3021 to remote] http.wire 73 - http-outgoing-320 >> "[\r][\n]"
02-06-2018 16:48:07 Wire.java DEBUG [Forwarding maximizeCurrentWindow on session 043fa6a1ca06303597656bc00a4e3021 to remote] http.wire 87 - http-outgoing-320 >> "{"windowHandle":"current","handle":"current"}"
02-06-2018 16:48:08 Wire.java DEBUG [Forwarding maximizeCurrentWindow on session 043fa6a1ca06303597656bc00a4e3021 to remote] http.wire 73 - http-outgoing-320 << "HTTP/1.1 200 OK[\r][\n]"
02-06-2018 16:48:08 Wire.java DEBUG [Forwarding maximizeCurrentWindow on session 043fa6a1ca06303597656bc00a4e3021 to remote] http.wire 73 - http-outgoing-320 << "Content-Length:72[\r][\n]"
02-06-2018 16:48:08 Wire.java DEBUG [Forwarding maximizeCurrentWindow on session 043fa6a1ca06303597656bc00a4e3021 to remote] http.wire 73 - http-outgoing-320 << "Content-Type:application/json; charset=utf-8[\r][\n]"
02-06-2018 16:48:08 Wire.java DEBUG [Forwarding maximizeCurrentWindow on session 043fa6a1ca06303597656bc00a4e3021 to remote] http.wire 73 - http-outgoing-320 << "Connection:close[\r][\n]"
02-06-2018 16:48:08 Wire.java DEBUG [Forwarding maximizeCurrentWindow on session 043fa6a1ca06303597656bc00a4e3021 to remote] http.wire 73 - http-outgoing-320 << "[\r][\n]"
02-06-2018 16:48:08 Wire.java DEBUG [Forwarding maximizeCurrentWindow on session 043fa6a1ca06303597656bc00a4e3021 to remote] http.wire 87 - http-outgoing-320 << "{"sessionId":"043fa6a1ca06303597656bc00a4e3021","status":0,"value":null}"
02-06-2018 16:48:08 LoggingManagedHttpClientConnection.java DEBUG [Forwarding maximizeCurrentWindow on session 043fa6a1ca06303597656bc00a4e3021 to remote] http.headers 122 - http-outgoing-320 << HTTP/1.1 200 OK
02-06-2018 16:48:08 LoggingManagedHttpClientConnection.java DEBUG [Forwarding maximizeCurrentWindow on session 043fa6a1ca06303597656bc00a4e3021 to remote] http.headers 125 - http-outgoing-320 << Content-Length:72
02-06-2018 16:48:08 LoggingManagedHttpClientConnection.java DEBUG [Forwarding maximizeCurrentWindow on session 043fa6a1ca06303597656bc00a4e3021 to remote] http.headers 125 - http-outgoing-320 << Content-Type:application/json; charset=utf-8
02-06-2018 16:48:08 LoggingManagedHttpClientConnection.java DEBUG [Forwarding maximizeCurrentWindow on session 043fa6a1ca06303597656bc00a4e3021 to remote] http.headers 125 - http-outgoing-320 << Connection:close
02-06-2018 16:48:08 LoggingManagedHttpClientConnection.java DEBUG [Forwarding maximizeCurrentWindow on session 043fa6a1ca06303597656bc00a4e3021 to remote] conn.DefaultManagedHttpClientConnection 79 - http-outgoing-320: Close connection
02-06-2018 16:48:08 ConnectionHolder.java DEBUG [Forwarding maximizeCurrentWindow on session 043fa6a1ca06303597656bc00a4e3021 to remote] execchain.MainClientExec 104 - Connection discarded
02-06-2018 16:48:08 PoolingHttpClientConnectionManager.java DEBUG [Forwarding maximizeCurrentWindow on session 043fa6a1ca06303597656bc00a4e3021 to remote] conn.PoolingHttpClientConnectionManager 326 - Connection released: [id: 320][route: {}->http://localhost:2950][total kept alive: 0; route allocated: 0 of 2000; total allocated: 0 of 2000]
02-06-2018 16:48:08 RequestAddCookies.java DEBUG [Forwarding setTimeout on session 043fa6a1ca06303597656bc00a4e3021 to remote] protocol.RequestAddCookies 123 - CookieSpec selected: default
02-06-2018 16:48:08 RequestAuthCache.java DEBUG [Forwarding setTimeout on session 043fa6a1ca06303597656bc00a4e3021 to remote] protocol.RequestAuthCache 77 - Auth cache not set in the context
02-06-2018 16:48:08 PoolingHttpClientConnectionManager.java DEBUG [Forwarding setTimeout on session 043fa6a1ca06303597656bc00a4e3021 to remote] conn.PoolingHttpClientConnectionManager 255 - Connection request: [route: {}->http://localhost:2950][total kept alive: 0; route allocated: 0 of 2000; total allocated: 0 of 2000]
02-06-2018 16:48:08 PoolingHttpClientConnectionManager.java DEBUG [Forwarding setTimeout on session 043fa6a1ca06303597656bc00a4e3021 to remote] conn.PoolingHttpClientConnectionManager 288 - Connection leased: [id: 321][route: {}->http://localhost:2950][total kept alive: 0; route allocated: 1 of 2000; total allocated: 1 of 2000]
02-06-2018 16:48:08 MainClientExec.java DEBUG [Forwarding setTimeout on session 043fa6a1ca06303597656bc00a4e3021 to remote] execchain.MainClientExec 235 - Opening connection {}->http://localhost:2950
02-06-2018 16:48:08 DefaultHttpClientConnectionOperator.java DEBUG [Forwarding setTimeout on session 043fa6a1ca06303597656bc00a4e3021 to remote] conn.DefaultHttpClientConnectionOperator 139 - Connecting to localhost/127.0.0.1:2950
02-06-2018 16:48:08 DefaultHttpClientConnectionOperator.java DEBUG [Forwarding setTimeout on session 043fa6a1ca06303597656bc00a4e3021 to remote] conn.DefaultHttpClientConnectionOperator 146 - Connection established 127.0.0.1:60515<->127.0.0.1:2950
02-06-2018 16:48:08 LoggingManagedHttpClientConnection.java DEBUG [Forwarding setTimeout on session 043fa6a1ca06303597656bc00a4e3021 to remote] conn.DefaultManagedHttpClientConnection 88 - http-outgoing-321: set socket timeout to 10800000
02-06-2018 16:48:08 MainClientExec.java DEBUG [Forwarding setTimeout on session 043fa6a1ca06303597656bc00a4e3021 to remote] execchain.MainClientExec 256 - Executing request POST /session/043fa6a1ca06303597656bc00a4e3021/timeouts HTTP/1.1
02-06-2018 16:48:08 MainClientExec.java DEBUG [Forwarding setTimeout on session 043fa6a1ca06303597656bc00a4e3021 to remote] execchain.MainClientExec 261 - Target auth state: UNCHALLENGED
02-06-2018 16:48:08 MainClientExec.java DEBUG [Forwarding setTimeout on session 043fa6a1ca06303597656bc00a4e3021 to remote] execchain.MainClientExec 267 - Proxy auth state: UNCHALLENGED
02-06-2018 16:48:08 LoggingManagedHttpClientConnection.java DEBUG [Forwarding setTimeout on session 043fa6a1ca06303597656bc00a4e3021 to remote] http.headers 133 - http-outgoing-321 >> POST /session/043fa6a1ca06303597656bc00a4e3021/timeouts HTTP/1.1
02-06-2018 16:48:08 LoggingManagedHttpClientConnection.java DEBUG [Forwarding setTimeout on session 043fa6a1ca06303597656bc00a4e3021 to remote] http.headers 136 - http-outgoing-321 >> Content-Type: application/json; charset=utf-8
02-06-2018 16:48:08 LoggingManagedHttpClientConnection.java DEBUG [Forwarding setTimeout on session 043fa6a1ca06303597656bc00a4e3021 to remote] http.headers 136 - http-outgoing-321 >> Content-Length: 31
02-06-2018 16:48:08 LoggingManagedHttpClientConnection.java DEBUG [Forwarding setTimeout on session 043fa6a1ca06303597656bc00a4e3021 to remote] http.headers 136 - http-outgoing-321 >> Host: localhost:2950
02-06-2018 16:48:08 LoggingManagedHttpClientConnection.java DEBUG [Forwarding setTimeout on session 043fa6a1ca06303597656bc00a4e3021 to remote] http.headers 136 - http-outgoing-321 >> Connection: Keep-Alive
02-06-2018 16:48:08 LoggingManagedHttpClientConnection.java DEBUG [Forwarding setTimeout on session 043fa6a1ca06303597656bc00a4e3021 to remote] http.headers 136 - http-outgoing-321 >> User-Agent: Apache-HttpClient/4.5.3 (Java/1.8.0_151)
02-06-2018 16:48:08 LoggingManagedHttpClientConnection.java DEBUG [Forwarding setTimeout on session 043fa6a1ca06303597656bc00a4e3021 to remote] http.headers 136 - http-outgoing-321 >> Accept-Encoding: gzip,deflate
02-06-2018 16:48:08 Wire.java DEBUG [Forwarding setTimeout on session 043fa6a1ca06303597656bc00a4e3021 to remote] http.wire 73 - http-outgoing-321 >> "POST /session/043fa6a1ca06303597656bc00a4e3021/timeouts HTTP/1.1[\r][\n]"
02-06-2018 16:48:08 Wire.java DEBUG [Forwarding setTimeout on session 043fa6a1ca06303597656bc00a4e3021 to remote] http.wire 73 - http-outgoing-321 >> "Content-Type: application/json; charset=utf-8[\r][\n]"
02-06-2018 16:48:08 Wire.java DEBUG [Forwarding setTimeout on session 043fa6a1ca06303597656bc00a4e3021 to remote] http.wire 73 - http-outgoing-321 >> "Content-Length: 31[\r][\n]"
02-06-2018 16:48:08 Wire.java DEBUG [Forwarding setTimeout on session 043fa6a1ca06303597656bc00a4e3021 to remote] http.wire 73 - http-outgoing-321 >> "Host: localhost:2950[\r][\n]"
02-06-2018 16:48:08 Wire.java DEBUG [Forwarding setTimeout on session 043fa6a1ca06303597656bc00a4e3021 to remote] http.wire 73 - http-outgoing-321 >> "Connection: Keep-Alive[\r][\n]"
02-06-2018 16:48:08 Wire.java DEBUG [Forwarding setTimeout on session 043fa6a1ca06303597656bc00a4e3021 to remote] http.wire 73 - http-outgoing-321 >> "User-Agent: Apache-HttpClient/4.5.3 (Java/1.8.0_151)[\r][\n]"
02-06-2018 16:48:08 Wire.java DEBUG [Forwarding setTimeout on session 043fa6a1ca06303597656bc00a4e3021 to remote] http.wire 73 - http-outgoing-321 >> "Accept-Encoding: gzip,deflate[\r][\n]"
02-06-2018 16:48:08 Wire.java DEBUG [Forwarding setTimeout on session 043fa6a1ca06303597656bc00a4e3021 to remote] http.wire 73 - http-outgoing-321 >> "[\r][\n]"
02-06-2018 16:48:08 Wire.java DEBUG [Forwarding setTimeout on session 043fa6a1ca06303597656bc00a4e3021 to remote] http.wire 87 - http-outgoing-321 >> "{"type":"page load","ms":40000}"
02-06-2018 16:48:08 Wire.java DEBUG [Forwarding setTimeout on session 043fa6a1ca06303597656bc00a4e3021 to remote] http.wire 73 - http-outgoing-321 << "HTTP/1.1 200 OK[\r][\n]"
02-06-2018 16:48:08 Wire.java DEBUG [Forwarding setTimeout on session 043fa6a1ca06303597656bc00a4e3021 to remote] http.wire 73 - http-outgoing-321 << "Content-Length:72[\r][\n]"
02-06-2018 16:48:08 Wire.java DEBUG [Forwarding setTimeout on session 043fa6a1ca06303597656bc00a4e3021 to remote] http.wire 73 - http-outgoing-321 << "Content-Type:application/json; charset=utf-8[\r][\n]"
02-06-2018 16:48:08 Wire.java DEBUG [Forwarding setTimeout on session 043fa6a1ca06303597656bc00a4e3021 to remote] http.wire 73 - http-outgoing-321 << "Connection:close[\r][\n]"
02-06-2018 16:48:08 Wire.java DEBUG [Forwarding setTimeout on session 043fa6a1ca06303597656bc00a4e3021 to remote] http.wire 73 - http-outgoing-321 << "[\r][\n]"
02-06-2018 16:48:08 Wire.java DEBUG [Forwarding setTimeout on session 043fa6a1ca06303597656bc00a4e3021 to remote] http.wire 87 - http-outgoing-321 << "{"sessionId":"043fa6a1ca06303597656bc00a4e3021","status":0,"value":null}"
02-06-2018 16:48:08 LoggingManagedHttpClientConnection.java DEBUG [Forwarding setTimeout on session 043fa6a1ca06303597656bc00a4e3021 to remote] http.headers 122 - http-outgoing-321 << HTTP/1.1 200 OK
02-06-2018 16:48:08 LoggingManagedHttpClientConnection.java DEBUG [Forwarding setTimeout on session 043fa6a1ca06303597656bc00a4e3021 to remote] http.headers 125 - http-outgoing-321 << Content-Length:72
02-06-2018 16:48:08 LoggingManagedHttpClientConnection.java DEBUG [Forwarding setTimeout on session 043fa6a1ca06303597656bc00a4e3021 to remote] http.headers 125 - http-outgoing-321 << Content-Type:application/json; charset=utf-8
02-06-2018 16:48:08 LoggingManagedHttpClientConnection.java DEBUG [Forwarding setTimeout on session 043fa6a1ca06303597656bc00a4e3021 to remote] http.headers 125 - http-outgoing-321 << Connection:close
02-06-2018 16:48:08 LoggingManagedHttpClientConnection.java DEBUG [Forwarding setTimeout on session 043fa6a1ca06303597656bc00a4e3021 to remote] conn.DefaultManagedHttpClientConnection 79 - http-outgoing-321: Close connection
02-06-2018 16:48:08 ConnectionHolder.java DEBUG [Forwarding setTimeout on session 043fa6a1ca06303597656bc00a4e3021 to remote] execchain.MainClientExec 104 - Connection discarded
02-06-2018 16:48:08 PoolingHttpClientConnectionManager.java DEBUG [Forwarding setTimeout on session 043fa6a1ca06303597656bc00a4e3021 to remote] conn.PoolingHttpClientConnectionManager 326 - Connection released: [id: 321][route: {}->http://localhost:2950][total kept alive: 0; route allocated: 0 of 2000; total allocated: 0 of 2000]
02-06-2018 16:48:08 RequestAddCookies.java DEBUG [Forwarding setTimeout on session 043fa6a1ca06303597656bc00a4e3021 to remote] protocol.RequestAddCookies 123 - CookieSpec selected: default
02-06-2018 16:48:08 RequestAuthCache.java DEBUG [Forwarding setTimeout on session 043fa6a1ca06303597656bc00a4e3021 to remote] protocol.RequestAuthCache 77 - Auth cache not set in the context
02-06-2018 16:48:08 PoolingHttpClientConnectionManager.java DEBUG [Forwarding setTimeout on session 043fa6a1ca06303597656bc00a4e3021 to remote] conn.PoolingHttpClientConnectionManager 255 - Connection request: [route: {}->http://localhost:2950][total kept alive: 0; route allocated: 0 of 2000; total allocated: 0 of 2000]
02-06-2018 16:48:08 PoolingHttpClientConnectionManager.java DEBUG [Forwarding setTimeout on session 043fa6a1ca06303597656bc00a4e3021 to remote] conn.PoolingHttpClientConnectionManager 288 - Connection leased: [id: 322][route: {}->http://localhost:2950][total kept alive: 0; route allocated: 1 of 2000; total allocated: 1 of 2000]
02-06-2018 16:48:08 MainClientExec.java DEBUG [Forwarding setTimeout on session 043fa6a1ca06303597656bc00a4e3021 to remote] execchain.MainClientExec 235 - Opening connection {}->http://localhost:2950
02-06-2018 16:48:08 DefaultHttpClientConnectionOperator.java DEBUG [Forwarding setTimeout on session 043fa6a1ca06303597656bc00a4e3021 to remote] conn.DefaultHttpClientConnectionOperator 139 - Connecting to localhost/127.0.0.1:2950
02-06-2018 16:48:08 DefaultHttpClientConnectionOperator.java DEBUG [Forwarding setTimeout on session 043fa6a1ca06303597656bc00a4e3021 to remote] conn.DefaultHttpClientConnectionOperator 146 - Connection established 127.0.0.1:60516<->127.0.0.1:2950
02-06-2018 16:48:08 LoggingManagedHttpClientConnection.java DEBUG [Forwarding setTimeout on session 043fa6a1ca06303597656bc00a4e3021 to remote] conn.DefaultManagedHttpClientConnection 88 - http-outgoing-322: set socket timeout to 10800000
02-06-2018 16:48:08 MainClientExec.java DEBUG [Forwarding setTimeout on session 043fa6a1ca06303597656bc00a4e3021 to remote] execchain.MainClientExec 256 - Executing request POST /session/043fa6a1ca06303597656bc00a4e3021/timeouts HTTP/1.1
02-06-2018 16:48:08 MainClientExec.java DEBUG [Forwarding setTimeout on session 043fa6a1ca06303597656bc00a4e3021 to remote] execchain.MainClientExec 261 - Target auth state: UNCHALLENGED
02-06-2018 16:48:08 MainClientExec.java DEBUG [Forwarding setTimeout on session 043fa6a1ca06303597656bc00a4e3021 to remote] execchain.MainClientExec 267 - Proxy auth state: UNCHALLENGED
02-06-2018 16:48:08 LoggingManagedHttpClientConnection.java DEBUG [Forwarding setTimeout on session 043fa6a1ca06303597656bc00a4e3021 to remote] http.headers 133 - http-outgoing-322 >> POST /session/043fa6a1ca06303597656bc00a4e3021/timeouts HTTP/1.1
02-06-2018 16:48:08 LoggingManagedHttpClientConnection.java DEBUG [Forwarding setTimeout on session 043fa6a1ca06303597656bc00a4e3021 to remote] http.headers 136 - http-outgoing-322 >> Content-Type: application/json; charset=utf-8
02-06-2018 16:48:08 LoggingManagedHttpClientConnection.java DEBUG [Forwarding setTimeout on session 043fa6a1ca06303597656bc00a4e3021 to remote] http.headers 136 - http-outgoing-322 >> Content-Length: 30
02-06-2018 16:48:08 LoggingManagedHttpClientConnection.java DEBUG [Forwarding setTimeout on session 043fa6a1ca06303597656bc00a4e3021 to remote] http.headers 136 - http-outgoing-322 >> Host: localhost:2950
02-06-2018 16:48:08 LoggingManagedHttpClientConnection.java DEBUG [Forwarding setTimeout on session 043fa6a1ca06303597656bc00a4e3021 to remote] http.headers 136 - http-outgoing-322 >> Connection: Keep-Alive
02-06-2018 16:48:08 LoggingManagedHttpClientConnection.java DEBUG [Forwarding setTimeout on session 043fa6a1ca06303597656bc00a4e3021 to remote] http.headers 136 - http-outgoing-322 >> User-Agent: Apache-HttpClient/4.5.3 (Java/1.8.0_151)
02-06-2018 16:48:08 LoggingManagedHttpClientConnection.java DEBUG [Forwarding setTimeout on session 043fa6a1ca06303597656bc00a4e3021 to remote] http.headers 136 - http-outgoing-322 >> Accept-Encoding: gzip,deflate
02-06-2018 16:48:08 Wire.java DEBUG [Forwarding setTimeout on session 043fa6a1ca06303597656bc00a4e3021 to remote] http.wire 73 - http-outgoing-322 >> "POST /session/043fa6a1ca06303597656bc00a4e3021/timeouts HTTP/1.1[\r][\n]"
02-06-2018 16:48:08 Wire.java DEBUG [Forwarding setTimeout on session 043fa6a1ca06303597656bc00a4e3021 to remote] http.wire 73 - http-outgoing-322 >> "Content-Type: application/json; charset=utf-8[\r][\n]"
02-06-2018 16:48:08 Wire.java DEBUG [Forwarding setTimeout on session 043fa6a1ca06303597656bc00a4e3021 to remote] http.wire 73 - http-outgoing-322 >> "Content-Length: 30[\r][\n]"
02-06-2018 16:48:08 Wire.java DEBUG [Forwarding setTimeout on session 043fa6a1ca06303597656bc00a4e3021 to remote] http.wire 73 - http-outgoing-322 >> "Host: localhost:2950[\r][\n]"
02-06-2018 16:48:08 Wire.java DEBUG [Forwarding setTimeout on session 043fa6a1ca06303597656bc00a4e3021 to remote] http.wire 73 - http-outgoing-322 >> "Connection: Keep-Alive[\r][\n]"
02-06-2018 16:48:08 Wire.java DEBUG [Forwarding setTimeout on session 043fa6a1ca06303597656bc00a4e3021 to remote] http.wire 73 - http-outgoing-322 >> "User-Agent: Apache-HttpClient/4.5.3 (Java/1.8.0_151)[\r][\n]"
02-06-2018 16:48:08 Wire.java DEBUG [Forwarding setTimeout on session 043fa6a1ca06303597656bc00a4e3021 to remote] http.wire 73 - http-outgoing-322 >> "Accept-Encoding: gzip,deflate[\r][\n]"
02-06-2018 16:48:08 Wire.java DEBUG [Forwarding setTimeout on session 043fa6a1ca06303597656bc00a4e3021 to remote] http.wire 73 - http-outgoing-322 >> "[\r][\n]"
02-06-2018 16:48:08 Wire.java DEBUG [Forwarding setTimeout on session 043fa6a1ca06303597656bc00a4e3021 to remote] http.wire 87 - http-outgoing-322 >> "{"type":"implicit","ms":20000}"
02-06-2018 16:48:08 Wire.java DEBUG [Forwarding setTimeout on session 043fa6a1ca06303597656bc00a4e3021 to remote] http.wire 73 - http-outgoing-322 << "HTTP/1.1 200 OK[\r][\n]"
02-06-2018 16:48:08 Wire.java DEBUG [Forwarding setTimeout on session 043fa6a1ca06303597656bc00a4e3021 to remote] http.wire 73 - http-outgoing-322 << "Content-Length:72[\r][\n]"
02-06-2018 16:48:08 Wire.java DEBUG [Forwarding setTimeout on session 043fa6a1ca06303597656bc00a4e3021 to remote] http.wire 73 - http-outgoing-322 << "Content-Type:application/json; charset=utf-8[\r][\n]"
02-06-2018 16:48:08 Wire.java DEBUG [Forwarding setTimeout on session 043fa6a1ca06303597656bc00a4e3021 to remote] http.wire 73 - http-outgoing-322 << "Connection:close[\r][\n]"
02-06-2018 16:48:08 Wire.java DEBUG [Forwarding setTimeout on session 043fa6a1ca06303597656bc00a4e3021 to remote] http.wire 73 - http-outgoing-322 << "[\r][\n]"
02-06-2018 16:48:08 Wire.java DEBUG [Forwarding setTimeout on session 043fa6a1ca06303597656bc00a4e3021 to remote] http.wire 87 - http-outgoing-322 << "{"sessionId":"043fa6a1ca06303597656bc00a4e3021","status":0,"value":null}"
02-06-2018 16:48:08 LoggingManagedHttpClientConnection.java DEBUG [Forwarding setTimeout on session 043fa6a1ca06303597656bc00a4e3021 to remote] http.headers 122 - http-outgoing-322 << HTTP/1.1 200 OK
02-06-2018 16:48:08 LoggingManagedHttpClientConnection.java DEBUG [Forwarding setTimeout on session 043fa6a1ca06303597656bc00a4e3021 to remote] http.headers 125 - http-outgoing-322 << Content-Length:72
02-06-2018 16:48:08 LoggingManagedHttpClientConnection.java DEBUG [Forwarding setTimeout on session 043fa6a1ca06303597656bc00a4e3021 to remote] http.headers 125 - http-outgoing-322 << Content-Type:application/json; charset=utf-8
02-06-2018 16:48:08 LoggingManagedHttpClientConnection.java DEBUG [Forwarding setTimeout on session 043fa6a1ca06303597656bc00a4e3021 to remote] http.headers 125 - http-outgoing-322 << Connection:close
02-06-2018 16:48:08 LoggingManagedHttpClientConnection.java DEBUG [Forwarding setTimeout on session 043fa6a1ca06303597656bc00a4e3021 to remote] conn.DefaultManagedHttpClientConnection 79 - http-outgoing-322: Close connection
02-06-2018 16:48:08 ConnectionHolder.java DEBUG [Forwarding setTimeout on session 043fa6a1ca06303597656bc00a4e3021 to remote] execchain.MainClientExec 104 - Connection discarded
02-06-2018 16:48:08 PoolingHttpClientConnectionManager.java DEBUG [Forwarding setTimeout on session 043fa6a1ca06303597656bc00a4e3021 to remote] conn.PoolingHttpClientConnectionManager 326 - Connection released: [id: 322][route: {}->http://localhost:2950][total kept alive: 0; route allocated: 0 of 2000; total allocated: 0 of 2000]
02-06-2018 16:48:08 RequestAddCookies.java DEBUG [Forwarding get on session 043fa6a1ca06303597656bc00a4e3021 to remote] protocol.RequestAddCookies 123 - CookieSpec selected: default
02-06-2018 16:48:08 RequestAuthCache.java DEBUG [Forwarding get on session 043fa6a1ca06303597656bc00a4e3021 to remote] protocol.RequestAuthCache 77 - Auth cache not set in the context
02-06-2018 16:48:08 PoolingHttpClientConnectionManager.java DEBUG [Forwarding get on session 043fa6a1ca06303597656bc00a4e3021 to remote] conn.PoolingHttpClientConnectionManager 255 - Connection request: [route: {}->http://localhost:2950][total kept alive: 0; route allocated: 0 of 2000; total allocated: 0 of 2000]
02-06-2018 16:48:08 PoolingHttpClientConnectionManager.java DEBUG [Forwarding get on session 043fa6a1ca06303597656bc00a4e3021 to remote] conn.PoolingHttpClientConnectionManager 288 - Connection leased: [id: 323][route: {}->http://localhost:2950][total kept alive: 0; route allocated: 1 of 2000; total allocated: 1 of 2000]
02-06-2018 16:48:08 MainClientExec.java DEBUG [Forwarding get on session 043fa6a1ca06303597656bc00a4e3021 to remote] execchain.MainClientExec 235 - Opening connection {}->http://localhost:2950
02-06-2018 16:48:08 DefaultHttpClientConnectionOperator.java DEBUG [Forwarding get on session 043fa6a1ca06303597656bc00a4e3021 to remote] conn.DefaultHttpClientConnectionOperator 139 - Connecting to localhost/127.0.0.1:2950
02-06-2018 16:48:08 DefaultHttpClientConnectionOperator.java DEBUG [Forwarding get on session 043fa6a1ca06303597656bc00a4e3021 to remote] conn.DefaultHttpClientConnectionOperator 146 - Connection established 127.0.0.1:60517<->127.0.0.1:2950
02-06-2018 16:48:08 LoggingManagedHttpClientConnection.java DEBUG [Forwarding get on session 043fa6a1ca06303597656bc00a4e3021 to remote] conn.DefaultManagedHttpClientConnection 88 - http-outgoing-323: set socket timeout to 10800000
02-06-2018 16:48:08 MainClientExec.java DEBUG [Forwarding get on session 043fa6a1ca06303597656bc00a4e3021 to remote] execchain.MainClientExec 256 - Executing request POST /session/043fa6a1ca06303597656bc00a4e3021/url HTTP/1.1
02-06-2018 16:48:08 MainClientExec.java DEBUG [Forwarding get on session 043fa6a1ca06303597656bc00a4e3021 to remote] execchain.MainClientExec 261 - Target auth state: UNCHALLENGED
02-06-2018 16:48:08 MainClientExec.java DEBUG [Forwarding get on session 043fa6a1ca06303597656bc00a4e3021 to remote] execchain.MainClientExec 267 - Proxy auth state: UNCHALLENGED
02-06-2018 16:48:08 LoggingManagedHttpClientConnection.java DEBUG [Forwarding get on session 043fa6a1ca06303597656bc00a4e3021 to remote] http.headers 133 - http-outgoing-323 >> POST /session/043fa6a1ca06303597656bc00a4e3021/url HTTP/1.1
02-06-2018 16:48:08 LoggingManagedHttpClientConnection.java DEBUG [Forwarding get on session 043fa6a1ca06303597656bc00a4e3021 to remote] http.headers 136 - http-outgoing-323 >> Content-Type: application/json; charset=utf-8
02-06-2018 16:48:08 LoggingManagedHttpClientConnection.java DEBUG [Forwarding get on session 043fa6a1ca06303597656bc00a4e3021 to remote] http.headers 136 - http-outgoing-323 >> Content-Length: 36
02-06-2018 16:48:08 LoggingManagedHttpClientConnection.java DEBUG [Forwarding get on session 043fa6a1ca06303597656bc00a4e3021 to remote] http.headers 136 - http-outgoing-323 >> Host: localhost:2950
02-06-2018 16:48:08 LoggingManagedHttpClientConnection.java DEBUG [Forwarding get on session 043fa6a1ca06303597656bc00a4e3021 to remote] http.headers 136 - http-outgoing-323 >> Connection: Keep-Alive
02-06-2018 16:48:08 LoggingManagedHttpClientConnection.java DEBUG [Forwarding get on session 043fa6a1ca06303597656bc00a4e3021 to remote] http.headers 136 - http-outgoing-323 >> User-Agent: Apache-HttpClient/4.5.3 (Java/1.8.0_151)
02-06-2018 16:48:08 LoggingManagedHttpClientConnection.java DEBUG [Forwarding get on session 043fa6a1ca06303597656bc00a4e3021 to remote] http.headers 136 - http-outgoing-323 >> Accept-Encoding: gzip,deflate
02-06-2018 16:48:08 Wire.java DEBUG [Forwarding get on session 043fa6a1ca06303597656bc00a4e3021 to remote] http.wire 73 - http-outgoing-323 >> "POST /session/043fa6a1ca06303597656bc00a4e3021/url HTTP/1.1[\r][\n]"
02-06-2018 16:48:08 Wire.java DEBUG [Forwarding get on session 043fa6a1ca06303597656bc00a4e3021 to remote] http.wire 73 - http-outgoing-323 >> "Content-Type: application/json; charset=utf-8[\r][\n]"
02-06-2018 16:48:08 Wire.java DEBUG [Forwarding get on session 043fa6a1ca06303597656bc00a4e3021 to remote] http.wire 73 - http-outgoing-323 >> "Content-Length: 36[\r][\n]"
02-06-2018 16:48:08 Wire.java DEBUG [Forwarding get on session 043fa6a1ca06303597656bc00a4e3021 to remote] http.wire 73 - http-outgoing-323 >> "Host: localhost:2950[\r][\n]"
02-06-2018 16:48:08 Wire.java DEBUG [Forwarding get on session 043fa6a1ca06303597656bc00a4e3021 to remote] http.wire 73 - http-outgoing-323 >> "Connection: Keep-Alive[\r][\n]"
02-06-2018 16:48:08 Wire.java DEBUG [Forwarding get on session 043fa6a1ca06303597656bc00a4e3021 to remote] http.wire 73 - http-outgoing-323 >> "User-Agent: Apache-HttpClient/4.5.3 (Java/1.8.0_151)[\r][\n]"
02-06-2018 16:48:08 Wire.java DEBUG [Forwarding get on session 043fa6a1ca06303597656bc00a4e3021 to remote] http.wire 73 - http-outgoing-323 >> "Accept-Encoding: gzip,deflate[\r][\n]"
02-06-2018 16:48:08 Wire.java DEBUG [Forwarding get on session 043fa6a1ca06303597656bc00a4e3021 to remote] http.wire 73 - http-outgoing-323 >> "[\r][\n]"
02-06-2018 16:48:08 Wire.java DEBUG [Forwarding get on session 043fa6a1ca06303597656bc00a4e3021 to remote] http.wire 87 - http-outgoing-323 >> "{"url":"http://jusdone.atomic77.in"}"
02-06-2018 16:48:10 Wire.java DEBUG [Forwarding get on session 043fa6a1ca06303597656bc00a4e3021 to remote] http.wire 73 - http-outgoing-323 << "HTTP/1.1 200 OK[\r][\n]"
02-06-2018 16:48:10 Wire.java DEBUG [Forwarding get on session 043fa6a1ca06303597656bc00a4e3021 to remote] http.wire 73 - http-outgoing-323 << "Content-Length:72[\r][\n]"
02-06-2018 16:48:10 Wire.java DEBUG [Forwarding get on session 043fa6a1ca06303597656bc00a4e3021 to remote] http.wire 73 - http-outgoing-323 << "Content-Type:application/json; charset=utf-8[\r][\n]"
02-06-2018 16:48:10 Wire.java DEBUG [Forwarding get on session 043fa6a1ca06303597656bc00a4e3021 to remote] http.wire 73 - http-outgoing-323 << "Connection:close[\r][\n]"
02-06-2018 16:48:10 Wire.java DEBUG [Forwarding get on session 043fa6a1ca06303597656bc00a4e3021 to remote] http.wire 73 - http-outgoing-323 << "[\r][\n]"
02-06-2018 16:48:10 Wire.java DEBUG [Forwarding get on session 043fa6a1ca06303597656bc00a4e3021 to remote] http.wire 87 - http-outgoing-323 << "{"sessionId":"043fa6a1ca06303597656bc00a4e3021","status":0,"value":null}"
02-06-2018 16:48:10 LoggingManagedHttpClientConnection.java DEBUG [Forwarding get on session 043fa6a1ca06303597656bc00a4e3021 to remote] http.headers 122 - http-outgoing-323 << HTTP/1.1 200 OK
02-06-2018 16:48:10 LoggingManagedHttpClientConnection.java DEBUG [Forwarding get on session 043fa6a1ca06303597656bc00a4e3021 to remote] http.headers 125 - http-outgoing-323 << Content-Length:72
02-06-2018 16:48:10 LoggingManagedHttpClientConnection.java DEBUG [Forwarding get on session 043fa6a1ca06303597656bc00a4e3021 to remote] http.headers 125 - http-outgoing-323 << Content-Type:application/json; charset=utf-8
02-06-2018 16:48:10 LoggingManagedHttpClientConnection.java DEBUG [Forwarding get on session 043fa6a1ca06303597656bc00a4e3021 to remote] http.headers 125 - http-outgoing-323 << Connection:close
02-06-2018 16:48:10 LoggingManagedHttpClientConnection.java DEBUG [Forwarding get on session 043fa6a1ca06303597656bc00a4e3021 to remote] conn.DefaultManagedHttpClientConnection 79 - http-outgoing-323: Close connection
02-06-2018 16:48:10 ConnectionHolder.java DEBUG [Forwarding get on session 043fa6a1ca06303597656bc00a4e3021 to remote] execchain.MainClientExec 104 - Connection discarded
02-06-2018 16:48:10 PoolingHttpClientConnectionManager.java DEBUG [Forwarding get on session 043fa6a1ca06303597656bc00a4e3021 to remote] conn.PoolingHttpClientConnectionManager 326 - Connection released: [id: 323][route: {}->http://localhost:2950][total kept alive: 0; route allocated: 0 of 2000; total allocated: 0 of 2000]
02-06-2018 16:48:13 RequestAddCookies.java DEBUG [Forwarding findElement on session 043fa6a1ca06303597656bc00a4e3021 to remote] protocol.RequestAddCookies 123 - CookieSpec selected: default
02-06-2018 16:48:13 RequestAuthCache.java DEBUG [Forwarding findElement on session 043fa6a1ca06303597656bc00a4e3021 to remote] protocol.RequestAuthCache 77 - Auth cache not set in the context
02-06-2018 16:48:13 PoolingHttpClientConnectionManager.java DEBUG [Forwarding findElement on session 043fa6a1ca06303597656bc00a4e3021 to remote] conn.PoolingHttpClientConnectionManager 255 - Connection request: [route: {}->http://localhost:2950][total kept alive: 0; route allocated: 0 of 2000; total allocated: 0 of 2000]
02-06-2018 16:48:13 PoolingHttpClientConnectionManager.java DEBUG [Forwarding findElement on session 043fa6a1ca06303597656bc00a4e3021 to remote] conn.PoolingHttpClientConnectionManager 288 - Connection leased: [id: 324][route: {}->http://localhost:2950][total kept alive: 0; route allocated: 1 of 2000; total allocated: 1 of 2000]
02-06-2018 16:48:13 MainClientExec.java DEBUG [Forwarding findElement on session 043fa6a1ca06303597656bc00a4e3021 to remote] execchain.MainClientExec 235 - Opening connection {}->http://localhost:2950
02-06-2018 16:48:13 DefaultHttpClientConnectionOperator.java DEBUG [Forwarding findElement on session 043fa6a1ca06303597656bc00a4e3021 to remote] conn.DefaultHttpClientConnectionOperator 139 - Connecting to localhost/127.0.0.1:2950
02-06-2018 16:48:13 DefaultHttpClientConnectionOperator.java DEBUG [Forwarding findElement on session 043fa6a1ca06303597656bc00a4e3021 to remote] conn.DefaultHttpClientConnectionOperator 146 - Connection established 127.0.0.1:60524<->127.0.0.1:2950
02-06-2018 16:48:13 LoggingManagedHttpClientConnection.java DEBUG [Forwarding findElement on session 043fa6a1ca06303597656bc00a4e3021 to remote] conn.DefaultManagedHttpClientConnection 88 - http-outgoing-324: set socket timeout to 10800000
02-06-2018 16:48:13 MainClientExec.java DEBUG [Forwarding findElement on session 043fa6a1ca06303597656bc00a4e3021 to remote] execchain.MainClientExec 256 - Executing request POST /session/043fa6a1ca06303597656bc00a4e3021/element HTTP/1.1
02-06-2018 16:48:13 MainClientExec.java DEBUG [Forwarding findElement on session 043fa6a1ca06303597656bc00a4e3021 to remote] execchain.MainClientExec 261 - Target auth state: UNCHALLENGED
02-06-2018 16:48:13 MainClientExec.java DEBUG [Forwarding findElement on session 043fa6a1ca06303597656bc00a4e3021 to remote] execchain.MainClientExec 267 - Proxy auth state: UNCHALLENGED
02-06-2018 16:48:13 LoggingManagedHttpClientConnection.java DEBUG [Forwarding findElement on session 043fa6a1ca06303597656bc00a4e3021 to remote] http.headers 133 - http-outgoing-324 >> POST /session/043fa6a1ca06303597656bc00a4e3021/element HTTP/1.1
02-06-2018 16:48:13 LoggingManagedHttpClientConnection.java DEBUG [Forwarding findElement on session 043fa6a1ca06303597656bc00a4e3021 to remote] http.headers 136 - http-outgoing-324 >> Content-Type: application/json; charset=utf-8
02-06-2018 16:48:13 LoggingManagedHttpClientConnection.java DEBUG [Forwarding findElement on session 043fa6a1ca06303597656bc00a4e3021 to remote] http.headers 136 - http-outgoing-324 >> Content-Length: 61
02-06-2018 16:48:13 LoggingManagedHttpClientConnection.java DEBUG [Forwarding findElement on session 043fa6a1ca06303597656bc00a4e3021 to remote] http.headers 136 - http-outgoing-324 >> Host: localhost:2950
02-06-2018 16:48:13 LoggingManagedHttpClientConnection.java DEBUG [Forwarding findElement on session 043fa6a1ca06303597656bc00a4e3021 to remote] http.headers 136 - http-outgoing-324 >> Connection: Keep-Alive
02-06-2018 16:48:13 LoggingManagedHttpClientConnection.java DEBUG [Forwarding findElement on session 043fa6a1ca06303597656bc00a4e3021 to remote] http.headers 136 - http-outgoing-324 >> User-Agent: Apache-HttpClient/4.5.3 (Java/1.8.0_151)
02-06-2018 16:48:13 LoggingManagedHttpClientConnection.java DEBUG [Forwarding findElement on session 043fa6a1ca06303597656bc00a4e3021 to remote] http.headers 136 - http-outgoing-324 >> Accept-Encoding: gzip,deflate
02-06-2018 16:48:13 Wire.java DEBUG [Forwarding findElement on session 043fa6a1ca06303597656bc00a4e3021 to remote] http.wire 73 - http-outgoing-324 >> "POST /session/043fa6a1ca06303597656bc00a4e3021/element HTTP/1.1[\r][\n]"
02-06-2018 16:48:13 Wire.java DEBUG [Forwarding findElement on session 043fa6a1ca06303597656bc00a4e3021 to remote] http.wire 73 - http-outgoing-324 >> "Content-Type: application/json; charset=utf-8[\r][\n]"
02-06-2018 16:48:13 Wire.java DEBUG [Forwarding findElement on session 043fa6a1ca06303597656bc00a4e3021 to remote] http.wire 73 - http-outgoing-324 >> "Content-Length: 61[\r][\n]"
02-06-2018 16:48:13 Wire.java DEBUG [Forwarding findElement on session 043fa6a1ca06303597656bc00a4e3021 to remote] http.wire 73 - http-outgoing-324 >> "Host: localhost:2950[\r][\n]"
02-06-2018 16:48:13 Wire.java DEBUG [Forwarding findElement on session 043fa6a1ca06303597656bc00a4e3021 to remote] http.wire 73 - http-outgoing-324 >> "Connection: Keep-Alive[\r][\n]"
02-06-2018 16:48:13 Wire.java DEBUG [Forwarding findElement on session 043fa6a1ca06303597656bc00a4e3021 to remote] http.wire 73 - http-outgoing-324 >> "User-Agent: Apache-HttpClient/4.5.3 (Java/1.8.0_151)[\r][\n]"
02-06-2018 16:48:13 Wire.java DEBUG [Forwarding findElement on session 043fa6a1ca06303597656bc00a4e3021 to remote] http.wire 73 - http-outgoing-324 >> "Accept-Encoding: gzip,deflate[\r][\n]"
02-06-2018 16:48:13 Wire.java DEBUG [Forwarding findElement on session 043fa6a1ca06303597656bc00a4e3021 to remote] http.wire 73 - http-outgoing-324 >> "[\r][\n]"
02-06-2018 16:48:13 Wire.java DEBUG [Forwarding findElement on session 043fa6a1ca06303597656bc00a4e3021 to remote] http.wire 87 - http-outgoing-324 >> "{"using":"xpath","value":"/html/body/div/div/ul/li[1]/label"}"
02-06-2018 16:48:13 Wire.java DEBUG [Forwarding findElement on session 043fa6a1ca06303597656bc00a4e3021 to remote] http.wire 73 - http-outgoing-324 << "HTTP/1.1 200 OK[\r][\n]"
02-06-2018 16:48:13 Wire.java DEBUG [Forwarding findElement on session 043fa6a1ca06303597656bc00a4e3021 to remote] http.wire 73 - http-outgoing-324 << "Content-Length:102[\r][\n]"
02-06-2018 16:48:13 Wire.java DEBUG [Forwarding findElement on session 043fa6a1ca06303597656bc00a4e3021 to remote] http.wire 73 - http-outgoing-324 << "Content-Type:application/json; charset=utf-8[\r][\n]"
02-06-2018 16:48:13 Wire.java DEBUG [Forwarding findElement on session 043fa6a1ca06303597656bc00a4e3021 to remote] http.wire 73 - http-outgoing-324 << "Connection:close[\r][\n]"
02-06-2018 16:48:13 Wire.java DEBUG [Forwarding findElement on session 043fa6a1ca06303597656bc00a4e3021 to remote] http.wire 73 - http-outgoing-324 << "[\r][\n]"
02-06-2018 16:48:13 Wire.java DEBUG [Forwarding findElement on session 043fa6a1ca06303597656bc00a4e3021 to remote] http.wire 87 - http-outgoing-324 << "{"sessionId":"043fa6a1ca06303597656bc00a4e3021","status":0,"value":{"ELEMENT":"0.9888473573487007-1"}}"
02-06-2018 16:48:13 LoggingManagedHttpClientConnection.java DEBUG [Forwarding findElement on session 043fa6a1ca06303597656bc00a4e3021 to remote] http.headers 122 - http-outgoing-324 << HTTP/1.1 200 OK
02-06-2018 16:48:13 LoggingManagedHttpClientConnection.java DEBUG [Forwarding findElement on session 043fa6a1ca06303597656bc00a4e3021 to remote] http.headers 125 - http-outgoing-324 << Content-Length:102
02-06-2018 16:48:13 LoggingManagedHttpClientConnection.java DEBUG [Forwarding findElement on session 043fa6a1ca06303597656bc00a4e3021 to remote] http.headers 125 - http-outgoing-324 << Content-Type:application/json; charset=utf-8
02-06-2018 16:48:13 LoggingManagedHttpClientConnection.java DEBUG [Forwarding findElement on session 043fa6a1ca06303597656bc00a4e3021 to remote] http.headers 125 - http-outgoing-324 << Connection:close
02-06-2018 16:48:13 LoggingManagedHttpClientConnection.java DEBUG [Forwarding findElement on session 043fa6a1ca06303597656bc00a4e3021 to remote] conn.DefaultManagedHttpClientConnection 79 - http-outgoing-324: Close connection
02-06-2018 16:48:13 ConnectionHolder.java DEBUG [Forwarding findElement on session 043fa6a1ca06303597656bc00a4e3021 to remote] execchain.MainClientExec 104 - Connection discarded
02-06-2018 16:48:13 PoolingHttpClientConnectionManager.java DEBUG [Forwarding findElement on session 043fa6a1ca06303597656bc00a4e3021 to remote] conn.PoolingHttpClientConnectionManager 326 - Connection released: [id: 324][route: {}->http://localhost:2950][total kept alive: 0; route allocated: 0 of 2000; total allocated: 0 of 2000]
02-06-2018 16:48:13 RequestAddCookies.java DEBUG [Forwarding clickElement on session 043fa6a1ca06303597656bc00a4e3021 to remote] protocol.RequestAddCookies 123 - CookieSpec selected: default
02-06-2018 16:48:13 RequestAuthCache.java DEBUG [Forwarding clickElement on session 043fa6a1ca06303597656bc00a4e3021 to remote] protocol.RequestAuthCache 77 - Auth cache not set in the context
02-06-2018 16:48:13 PoolingHttpClientConnectionManager.java DEBUG [Forwarding clickElement on session 043fa6a1ca06303597656bc00a4e3021 to remote] conn.PoolingHttpClientConnectionManager 255 - Connection request: [route: {}->http://localhost:2950][total kept alive: 0; route allocated: 0 of 2000; total allocated: 0 of 2000]
02-06-2018 16:48:13 PoolingHttpClientConnectionManager.java DEBUG [Forwarding clickElement on session 043fa6a1ca06303597656bc00a4e3021 to remote] conn.PoolingHttpClientConnectionManager 288 - Connection leased: [id: 325][route: {}->http://localhost:2950][total kept alive: 0; route allocated: 1 of 2000; total allocated: 1 of 2000]
02-06-2018 16:48:13 MainClientExec.java DEBUG [Forwarding clickElement on session 043fa6a1ca06303597656bc00a4e3021 to remote] execchain.MainClientExec 235 - Opening connection {}->http://localhost:2950
02-06-2018 16:48:13 DefaultHttpClientConnectionOperator.java DEBUG [Forwarding clickElement on session 043fa6a1ca06303597656bc00a4e3021 to remote] conn.DefaultHttpClientConnectionOperator 139 - Connecting to localhost/127.0.0.1:2950
02-06-2018 16:48:13 DefaultHttpClientConnectionOperator.java DEBUG [Forwarding clickElement on session 043fa6a1ca06303597656bc00a4e3021 to remote] conn.DefaultHttpClientConnectionOperator 146 - Connection established 127.0.0.1:60525<->127.0.0.1:2950
02-06-2018 16:48:13 LoggingManagedHttpClientConnection.java DEBUG [Forwarding clickElement on session 043fa6a1ca06303597656bc00a4e3021 to remote] conn.DefaultManagedHttpClientConnection 88 - http-outgoing-325: set socket timeout to 10800000
02-06-2018 16:48:13 MainClientExec.java DEBUG [Forwarding clickElement on session 043fa6a1ca06303597656bc00a4e3021 to remote] execchain.MainClientExec 256 - Executing request POST /session/043fa6a1ca06303597656bc00a4e3021/element/0.9888473573487007-1/click HTTP/1.1
02-06-2018 16:48:13 MainClientExec.java DEBUG [Forwarding clickElement on session 043fa6a1ca06303597656bc00a4e3021 to remote] execchain.MainClientExec 261 - Target auth state: UNCHALLENGED
02-06-2018 16:48:13 MainClientExec.java DEBUG [Forwarding clickElement on session 043fa6a1ca06303597656bc00a4e3021 to remote] execchain.MainClientExec 267 - Proxy auth state: UNCHALLENGED
02-06-2018 16:48:13 LoggingManagedHttpClientConnection.java DEBUG [Forwarding clickElement on session 043fa6a1ca06303597656bc00a4e3021 to remote] http.headers 133 - http-outgoing-325 >> POST /session/043fa6a1ca06303597656bc00a4e3021/element/0.9888473573487007-1/click HTTP/1.1
02-06-2018 16:48:13 LoggingManagedHttpClientConnection.java DEBUG [Forwarding clickElement on session 043fa6a1ca06303597656bc00a4e3021 to remote] http.headers 136 - http-outgoing-325 >> Content-Type: application/json; charset=utf-8
02-06-2018 16:48:13 LoggingManagedHttpClientConnection.java DEBUG [Forwarding clickElement on session 043fa6a1ca06303597656bc00a4e3021 to remote] http.headers 136 - http-outgoing-325 >> Content-Length: 29
02-06-2018 16:48:13 LoggingManagedHttpClientConnection.java DEBUG [Forwarding clickElement on session 043fa6a1ca06303597656bc00a4e3021 to remote] http.headers 136 - http-outgoing-325 >> Host: localhost:2950
02-06-2018 16:48:13 LoggingManagedHttpClientConnection.java DEBUG [Forwarding clickElement on session 043fa6a1ca06303597656bc00a4e3021 to remote] http.headers 136 - http-outgoing-325 >> Connection: Keep-Alive
02-06-2018 16:48:13 LoggingManagedHttpClientConnection.java DEBUG [Forwarding clickElement on session 043fa6a1ca06303597656bc00a4e3021 to remote] http.headers 136 - http-outgoing-325 >> User-Agent: Apache-HttpClient/4.5.3 (Java/1.8.0_151)
02-06-2018 16:48:13 LoggingManagedHttpClientConnection.java DEBUG [Forwarding clickElement on session 043fa6a1ca06303597656bc00a4e3021 to remote] http.headers 136 - http-outgoing-325 >> Accept-Encoding: gzip,deflate
02-06-2018 16:48:13 Wire.java DEBUG [Forwarding clickElement on session 043fa6a1ca06303597656bc00a4e3021 to remote] http.wire 73 - http-outgoing-325 >> "POST /session/043fa6a1ca06303597656bc00a4e3021/element/0.9888473573487007-1/click HTTP/1.1[\r][\n]"
02-06-2018 16:48:13 Wire.java DEBUG [Forwarding clickElement on session 043fa6a1ca06303597656bc00a4e3021 to remote] http.wire 73 - http-outgoing-325 >> "Content-Type: application/json; charset=utf-8[\r][\n]"
02-06-2018 16:48:13 Wire.java DEBUG [Forwarding clickElement on session 043fa6a1ca06303597656bc00a4e3021 to remote] http.wire 73 - http-outgoing-325 >> "Content-Length: 29[\r][\n]"
02-06-2018 16:48:13 Wire.java DEBUG [Forwarding clickElement on session 043fa6a1ca06303597656bc00a4e3021 to remote] http.wire 73 - http-outgoing-325 >> "Host: localhost:2950[\r][\n]"
02-06-2018 16:48:13 Wire.java DEBUG [Forwarding clickElement on session 043fa6a1ca06303597656bc00a4e3021 to remote] http.wire 73 - http-outgoing-325 >> "Connection: Keep-Alive[\r][\n]"
02-06-2018 16:48:13 Wire.java DEBUG [Forwarding clickElement on session 043fa6a1ca06303597656bc00a4e3021 to remote] http.wire 73 - http-outgoing-325 >> "User-Agent: Apache-HttpClient/4.5.3 (Java/1.8.0_151)[\r][\n]"
02-06-2018 16:48:13 Wire.java DEBUG [Forwarding clickElement on session 043fa6a1ca06303597656bc00a4e3021 to remote] http.wire 73 - http-outgoing-325 >> "Accept-Encoding: gzip,deflate[\r][\n]"
02-06-2018 16:48:13 Wire.java DEBUG [Forwarding clickElement on session 043fa6a1ca06303597656bc00a4e3021 to remote] http.wire 73 - http-outgoing-325 >> "[\r][\n]"
02-06-2018 16:48:13 Wire.java DEBUG [Forwarding clickElement on session 043fa6a1ca06303597656bc00a4e3021 to remote] http.wire 87 - http-outgoing-325 >> "{"id":"0.9888473573487007-1"}"
02-06-2018 16:48:16 Wire.java DEBUG [Forwarding clickElement on session 043fa6a1ca06303597656bc00a4e3021 to remote] http.wire 73 - http-outgoing-325 << "HTTP/1.1 200 OK[\r][\n]"
02-06-2018 16:48:16 Wire.java DEBUG [Forwarding clickElement on session 043fa6a1ca06303597656bc00a4e3021 to remote] http.wire 73 - http-outgoing-325 << "Content-Length:72[\r][\n]"
02-06-2018 16:48:16 Wire.java DEBUG [Forwarding clickElement on session 043fa6a1ca06303597656bc00a4e3021 to remote] http.wire 73 - http-outgoing-325 << "Content-Type:application/json; charset=utf-8[\r][\n]"
02-06-2018 16:48:16 Wire.java DEBUG [Forwarding clickElement on session 043fa6a1ca06303597656bc00a4e3021 to remote] http.wire 73 - http-outgoing-325 << "Connection:close[\r][\n]"
02-06-2018 16:48:16 Wire.java DEBUG [Forwarding clickElement on session 043fa6a1ca06303597656bc00a4e3021 to remote] http.wire 73 - http-outgoing-325 << "[\r][\n]"
02-06-2018 16:48:16 Wire.java DEBUG [Forwarding clickElement on session 043fa6a1ca06303597656bc00a4e3021 to remote] http.wire 87 - http-outgoing-325 << "{"sessionId":"043fa6a1ca06303597656bc00a4e3021","status":0,"value":null}"
02-06-2018 16:48:16 LoggingManagedHttpClientConnection.java DEBUG [Forwarding clickElement on session 043fa6a1ca06303597656bc00a4e3021 to remote] http.headers 122 - http-outgoing-325 << HTTP/1.1 200 OK
02-06-2018 16:48:16 LoggingManagedHttpClientConnection.java DEBUG [Forwarding clickElement on session 043fa6a1ca06303597656bc00a4e3021 to remote] http.headers 125 - http-outgoing-325 << Content-Length:72
02-06-2018 16:48:16 LoggingManagedHttpClientConnection.java DEBUG [Forwarding clickElement on session 043fa6a1ca06303597656bc00a4e3021 to remote] http.headers 125 - http-outgoing-325 << Content-Type:application/json; charset=utf-8
02-06-2018 16:48:16 LoggingManagedHttpClientConnection.java DEBUG [Forwarding clickElement on session 043fa6a1ca06303597656bc00a4e3021 to remote] http.headers 125 - http-outgoing-325 << Connection:close
02-06-2018 16:48:16 LoggingManagedHttpClientConnection.java DEBUG [Forwarding clickElement on session 043fa6a1ca06303597656bc00a4e3021 to remote] conn.DefaultManagedHttpClientConnection 79 - http-outgoing-325: Close connection
02-06-2018 16:48:16 ConnectionHolder.java DEBUG [Forwarding clickElement on session 043fa6a1ca06303597656bc00a4e3021 to remote] execchain.MainClientExec 104 - Connection discarded
02-06-2018 16:48:16 PoolingHttpClientConnectionManager.java DEBUG [Forwarding clickElement on session 043fa6a1ca06303597656bc00a4e3021 to remote] conn.PoolingHttpClientConnectionManager 326 - Connection released: [id: 325][route: {}->http://localhost:2950][total kept alive: 0; route allocated: 0 of 2000; total allocated: 0 of 2000]
02-06-2018 16:48:16 RequestAddCookies.java DEBUG [Forwarding findElement on session 043fa6a1ca06303597656bc00a4e3021 to remote] protocol.RequestAddCookies 123 - CookieSpec selected: default
02-06-2018 16:48:16 RequestAuthCache.java DEBUG [Forwarding findElement on session 043fa6a1ca06303597656bc00a4e3021 to remote] protocol.RequestAuthCache 77 - Auth cache not set in the context
02-06-2018 16:48:16 PoolingHttpClientConnectionManager.java DEBUG [Forwarding findElement on session 043fa6a1ca06303597656bc00a4e3021 to remote] conn.PoolingHttpClientConnectionManager 255 - Connection request: [route: {}->http://localhost:2950][total kept alive: 0; route allocated: 0 of 2000; total allocated: 0 of 2000]
02-06-2018 16:48:16 PoolingHttpClientConnectionManager.java DEBUG [Forwarding findElement on session 043fa6a1ca06303597656bc00a4e3021 to remote] conn.PoolingHttpClientConnectionManager 288 - Connection leased: [id: 326][route: {}->http://localhost:2950][total kept alive: 0; route allocated: 1 of 2000; total allocated: 1 of 2000]
02-06-2018 16:48:16 MainClientExec.java DEBUG [Forwarding findElement on session 043fa6a1ca06303597656bc00a4e3021 to remote] execchain.MainClientExec 235 - Opening connection {}->http://localhost:2950
02-06-2018 16:48:16 DefaultHttpClientConnectionOperator.java DEBUG [Forwarding findElement on session 043fa6a1ca06303597656bc00a4e3021 to remote] conn.DefaultHttpClientConnectionOperator 139 - Connecting to localhost/127.0.0.1:2950
02-06-2018 16:48:16 DefaultHttpClientConnectionOperator.java DEBUG [Forwarding findElement on session 043fa6a1ca06303597656bc00a4e3021 to remote] conn.DefaultHttpClientConnectionOperator 146 - Connection established 127.0.0.1:60531<->127.0.0.1:2950
02-06-2018 16:48:16 LoggingManagedHttpClientConnection.java DEBUG [Forwarding findElement on session 043fa6a1ca06303597656bc00a4e3021 to remote] conn.DefaultManagedHttpClientConnection 88 - http-outgoing-326: set socket timeout to 10800000
02-06-2018 16:48:16 MainClientExec.java DEBUG [Forwarding findElement on session 043fa6a1ca06303597656bc00a4e3021 to remote] execchain.MainClientExec 256 - Executing request POST /session/043fa6a1ca06303597656bc00a4e3021/element HTTP/1.1
02-06-2018 16:48:16 MainClientExec.java DEBUG [Forwarding findElement on session 043fa6a1ca06303597656bc00a4e3021 to remote] execchain.MainClientExec 261 - Target auth state: UNCHALLENGED
02-06-2018 16:48:16 MainClientExec.java DEBUG [Forwarding findElement on session 043fa6a1ca06303597656bc00a4e3021 to remote] execchain.MainClientExec 267 - Proxy auth state: UNCHALLENGED
02-06-2018 16:48:16 LoggingManagedHttpClientConnection.java DEBUG [Forwarding findElement on session 043fa6a1ca06303597656bc00a4e3021 to remote] http.headers 133 - http-outgoing-326 >> POST /session/043fa6a1ca06303597656bc00a4e3021/element HTTP/1.1
02-06-2018 16:48:16 LoggingManagedHttpClientConnection.java DEBUG [Forwarding findElement on session 043fa6a1ca06303597656bc00a4e3021 to remote] http.headers 136 - http-outgoing-326 >> Content-Type: application/json; charset=utf-8
02-06-2018 16:48:16 LoggingManagedHttpClientConnection.java DEBUG [Forwarding findElement on session 043fa6a1ca06303597656bc00a4e3021 to remote] http.headers 136 - http-outgoing-326 >> Content-Length: 51
02-06-2018 16:48:16 LoggingManagedHttpClientConnection.java DEBUG [Forwarding findElement on session 043fa6a1ca06303597656bc00a4e3021 to remote] http.headers 136 - http-outgoing-326 >> Host: localhost:2950
02-06-2018 16:48:16 LoggingManagedHttpClientConnection.java DEBUG [Forwarding findElement on session 043fa6a1ca06303597656bc00a4e3021 to remote] http.headers 136 - http-outgoing-326 >> Connection: Keep-Alive
02-06-2018 16:48:16 LoggingManagedHttpClientConnection.java DEBUG [Forwarding findElement on session 043fa6a1ca06303597656bc00a4e3021 to remote] http.headers 136 - http-outgoing-326 >> User-Agent: Apache-HttpClient/4.5.3 (Java/1.8.0_151)
02-06-2018 16:48:16 LoggingManagedHttpClientConnection.java DEBUG [Forwarding findElement on session 043fa6a1ca06303597656bc00a4e3021 to remote] http.headers 136 - http-outgoing-326 >> Accept-Encoding: gzip,deflate
02-06-2018 16:48:16 Wire.java DEBUG [Forwarding findElement on session 043fa6a1ca06303597656bc00a4e3021 to remote] http.wire 73 - http-outgoing-326 >> "POST /session/043fa6a1ca06303597656bc00a4e3021/element HTTP/1.1[\r][\n]"
02-06-2018 16:48:16 Wire.java DEBUG [Forwarding findElement on session 043fa6a1ca06303597656bc00a4e3021 to remote] http.wire 73 - http-outgoing-326 >> "Content-Type: application/json; charset=utf-8[\r][\n]"
02-06-2018 16:48:16 Wire.java DEBUG [Forwarding findElement on session 043fa6a1ca06303597656bc00a4e3021 to remote] http.wire 73 - http-outgoing-326 >> "Content-Length: 51[\r][\n]"
02-06-2018 16:48:16 Wire.java DEBUG [Forwarding findElement on session 043fa6a1ca06303597656bc00a4e3021 to remote] http.wire 73 - http-outgoing-326 >> "Host: localhost:2950[\r][\n]"
02-06-2018 16:48:16 Wire.java DEBUG [Forwarding findElement on session 043fa6a1ca06303597656bc00a4e3021 to remote] http.wire 73 - http-outgoing-326 >> "Connection: Keep-Alive[\r][\n]"
02-06-2018 16:48:16 Wire.java DEBUG [Forwarding findElement on session 043fa6a1ca06303597656bc00a4e3021 to remote] http.wire 73 - http-outgoing-326 >> "User-Agent: Apache-HttpClient/4.5.3 (Java/1.8.0_151)[\r][\n]"
02-06-2018 16:48:16 Wire.java DEBUG [Forwarding findElement on session 043fa6a1ca06303597656bc00a4e3021 to remote] http.wire 73 - http-outgoing-326 >> "Accept-Encoding: gzip,deflate[\r][\n]"
02-06-2018 16:48:16 Wire.java DEBUG [Forwarding findElement on session 043fa6a1ca06303597656bc00a4e3021 to remote] http.wire 73 - http-outgoing-326 >> "[\r][\n]"
02-06-2018 16:48:16 Wire.java DEBUG [Forwarding findElement on session 043fa6a1ca06303597656bc00a4e3021 to remote] http.wire 87 - http-outgoing-326 >> "{"using":"xpath","value":"//*[@id\u003d\"email\"]"}"
02-06-2018 16:48:16 Wire.java DEBUG [Forwarding findElement on session 043fa6a1ca06303597656bc00a4e3021 to remote] http.wire 73 - http-outgoing-326 << "HTTP/1.1 200 OK[\r][\n]"
02-06-2018 16:48:16 Wire.java DEBUG [Forwarding findElement on session 043fa6a1ca06303597656bc00a4e3021 to remote] http.wire 73 - http-outgoing-326 << "Content-Length:102[\r][\n]"
02-06-2018 16:48:16 Wire.java DEBUG [Forwarding findElement on session 043fa6a1ca06303597656bc00a4e3021 to remote] http.wire 73 - http-outgoing-326 << "Content-Type:application/json; charset=utf-8[\r][\n]"
02-06-2018 16:48:16 Wire.java DEBUG [Forwarding findElement on session 043fa6a1ca06303597656bc00a4e3021 to remote] http.wire 73 - http-outgoing-326 << "Connection:close[\r][\n]"
02-06-2018 16:48:16 Wire.java DEBUG [Forwarding findElement on session 043fa6a1ca06303597656bc00a4e3021 to remote] http.wire 73 - http-outgoing-326 << "[\r][\n]"
02-06-2018 16:48:16 Wire.java DEBUG [Forwarding findElement on session 043fa6a1ca06303597656bc00a4e3021 to remote] http.wire 87 - http-outgoing-326 << "{"sessionId":"043fa6a1ca06303597656bc00a4e3021","status":0,"value":{"ELEMENT":"0.9225837315244645-1"}}"
02-06-2018 16:48:16 LoggingManagedHttpClientConnection.java DEBUG [Forwarding findElement on session 043fa6a1ca06303597656bc00a4e3021 to remote] http.headers 122 - http-outgoing-326 << HTTP/1.1 200 OK
02-06-2018 16:48:16 LoggingManagedHttpClientConnection.java DEBUG [Forwarding findElement on session 043fa6a1ca06303597656bc00a4e3021 to remote] http.headers 125 - http-outgoing-326 << Content-Length:102
02-06-2018 16:48:16 LoggingManagedHttpClientConnection.java DEBUG [Forwarding findElement on session 043fa6a1ca06303597656bc00a4e3021 to remote] http.headers 125 - http-outgoing-326 << Content-Type:application/json; charset=utf-8
02-06-2018 16:48:16 LoggingManagedHttpClientConnection.java DEBUG [Forwarding findElement on session 043fa6a1ca06303597656bc00a4e3021 to remote] http.headers 125 - http-outgoing-326 << Connection:close
02-06-2018 16:48:16 LoggingManagedHttpClientConnection.java DEBUG [Forwarding findElement on session 043fa6a1ca06303597656bc00a4e3021 to remote] conn.DefaultManagedHttpClientConnection 79 - http-outgoing-326: Close connection
02-06-2018 16:48:16 ConnectionHolder.java DEBUG [Forwarding findElement on session 043fa6a1ca06303597656bc00a4e3021 to remote] execchain.MainClientExec 104 - Connection discarded
02-06-2018 16:48:16 PoolingHttpClientConnectionManager.java DEBUG [Forwarding findElement on session 043fa6a1ca06303597656bc00a4e3021 to remote] conn.PoolingHttpClientConnectionManager 326 - Connection released: [id: 326][route: {}->http://localhost:2950][total kept alive: 0; route allocated: 0 of 2000; total allocated: 0 of 2000]
02-06-2018 16:48:16 RequestAddCookies.java DEBUG [Forwarding sendKeysToElement on session 043fa6a1ca06303597656bc00a4e3021 to remote] protocol.RequestAddCookies 123 - CookieSpec selected: default
02-06-2018 16:48:16 RequestAuthCache.java DEBUG [Forwarding sendKeysToElement on session 043fa6a1ca06303597656bc00a4e3021 to remote] protocol.RequestAuthCache 77 - Auth cache not set in the context
02-06-2018 16:48:16 PoolingHttpClientConnectionManager.java DEBUG [Forwarding sendKeysToElement on session 043fa6a1ca06303597656bc00a4e3021 to remote] conn.PoolingHttpClientConnectionManager 255 - Connection request: [route: {}->http://localhost:2950][total kept alive: 0; route allocated: 0 of 2000; total allocated: 0 of 2000]
02-06-2018 16:48:16 PoolingHttpClientConnectionManager.java DEBUG [Forwarding sendKeysToElement on session 043fa6a1ca06303597656bc00a4e3021 to remote] conn.PoolingHttpClientConnectionManager 288 - Connection leased: [id: 327][route: {}->http://localhost:2950][total kept alive: 0; route allocated: 1 of 2000; total allocated: 1 of 2000]
02-06-2018 16:48:16 MainClientExec.java DEBUG [Forwarding sendKeysToElement on session 043fa6a1ca06303597656bc00a4e3021 to remote] execchain.MainClientExec 235 - Opening connection {}->http://localhost:2950
02-06-2018 16:48:16 DefaultHttpClientConnectionOperator.java DEBUG [Forwarding sendKeysToElement on session 043fa6a1ca06303597656bc00a4e3021 to remote] conn.DefaultHttpClientConnectionOperator 139 - Connecting to localhost/127.0.0.1:2950
02-06-2018 16:48:16 DefaultHttpClientConnectionOperator.java DEBUG [Forwarding sendKeysToElement on session 043fa6a1ca06303597656bc00a4e3021 to remote] conn.DefaultHttpClientConnectionOperator 146 - Connection established 127.0.0.1:60532<->127.0.0.1:2950
02-06-2018 16:48:16 LoggingManagedHttpClientConnection.java DEBUG [Forwarding sendKeysToElement on session 043fa6a1ca06303597656bc00a4e3021 to remote] conn.DefaultManagedHttpClientConnection 88 - http-outgoing-327: set socket timeout to 10800000
02-06-2018 16:48:16 MainClientExec.java DEBUG [Forwarding sendKeysToElement on session 043fa6a1ca06303597656bc00a4e3021 to remote] execchain.MainClientExec 256 - Executing request POST /session/043fa6a1ca06303597656bc00a4e3021/element/0.9225837315244645-1/value HTTP/1.1
02-06-2018 16:48:16 MainClientExec.java DEBUG [Forwarding sendKeysToElement on session 043fa6a1ca06303597656bc00a4e3021 to remote] execchain.MainClientExec 261 - Target auth state: UNCHALLENGED
02-06-2018 16:48:16 MainClientExec.java DEBUG [Forwarding sendKeysToElement on session 043fa6a1ca06303597656bc00a4e3021 to remote] execchain.MainClientExec 267 - Proxy auth state: UNCHALLENGED
02-06-2018 16:48:16 LoggingManagedHttpClientConnection.java DEBUG [Forwarding sendKeysToElement on session 043fa6a1ca06303597656bc00a4e3021 to remote] http.headers 133 - http-outgoing-327 >> POST /session/043fa6a1ca06303597656bc00a4e3021/element/0.9225837315244645-1/value HTTP/1.1
02-06-2018 16:48:16 LoggingManagedHttpClientConnection.java DEBUG [Forwarding sendKeysToElement on session 043fa6a1ca06303597656bc00a4e3021 to remote] http.headers 136 - http-outgoing-327 >> Content-Type: application/json; charset=utf-8
02-06-2018 16:48:16 LoggingManagedHttpClientConnection.java DEBUG [Forwarding sendKeysToElement on session 043fa6a1ca06303597656bc00a4e3021 to remote] http.headers 136 - http-outgoing-327 >> Content-Length: 64
02-06-2018 16:48:16 LoggingManagedHttpClientConnection.java DEBUG [Forwarding sendKeysToElement on session 043fa6a1ca06303597656bc00a4e3021 to remote] http.headers 136 - http-outgoing-327 >> Host: localhost:2950
02-06-2018 16:48:16 LoggingManagedHttpClientConnection.java DEBUG [Forwarding sendKeysToElement on session 043fa6a1ca06303597656bc00a4e3021 to remote] http.headers 136 - http-outgoing-327 >> Connection: Keep-Alive
02-06-2018 16:48:16 LoggingManagedHttpClientConnection.java DEBUG [Forwarding sendKeysToElement on session 043fa6a1ca06303597656bc00a4e3021 to remote] http.headers 136 - http-outgoing-327 >> User-Agent: Apache-HttpClient/4.5.3 (Java/1.8.0_151)
02-06-2018 16:48:16 LoggingManagedHttpClientConnection.java DEBUG [Forwarding sendKeysToElement on session 043fa6a1ca06303597656bc00a4e3021 to remote] http.headers 136 - http-outgoing-327 >> Accept-Encoding: gzip,deflate
02-06-2018 16:48:16 Wire.java DEBUG [Forwarding sendKeysToElement on session 043fa6a1ca06303597656bc00a4e3021 to remote] http.wire 73 - http-outgoing-327 >> "POST /session/043fa6a1ca06303597656bc00a4e3021/element/0.9225837315244645-1/value HTTP/1.1[\r][\n]"
02-06-2018 16:48:16 Wire.java DEBUG [Forwarding sendKeysToElement on session 043fa6a1ca06303597656bc00a4e3021 to remote] http.wire 73 - http-outgoing-327 >> "Content-Type: application/json; charset=utf-8[\r][\n]"
02-06-2018 16:48:16 Wire.java DEBUG [Forwarding sendKeysToElement on session 043fa6a1ca06303597656bc00a4e3021 to remote] http.wire 73 - http-outgoing-327 >> "Content-Length: 64[\r][\n]"
02-06-2018 16:48:16 Wire.java DEBUG [Forwarding sendKeysToElement on session 043fa6a1ca06303597656bc00a4e3021 to remote] http.wire 73 - http-outgoing-327 >> "Host: localhost:2950[\r][\n]"
02-06-2018 16:48:16 Wire.java DEBUG [Forwarding sendKeysToElement on session 043fa6a1ca06303597656bc00a4e3021 to remote] http.wire 73 - http-outgoing-327 >> "Connection: Keep-Alive[\r][\n]"
02-06-2018 16:48:16 Wire.java DEBUG [Forwarding sendKeysToElement on session 043fa6a1ca06303597656bc00a4e3021 to remote] http.wire 73 - http-outgoing-327 >> "User-Agent: Apache-HttpClient/4.5.3 (Java/1.8.0_151)[\r][\n]"
02-06-2018 16:48:16 Wire.java DEBUG [Forwarding sendKeysToElement on session 043fa6a1ca06303597656bc00a4e3021 to remote] http.wire 73 - http-outgoing-327 >> "Accept-Encoding: gzip,deflate[\r][\n]"
02-06-2018 16:48:16 Wire.java DEBUG [Forwarding sendKeysToElement on session 043fa6a1ca06303597656bc00a4e3021 to remote] http.wire 73 - http-outgoing-327 >> "[\r][\n]"
02-06-2018 16:48:16 Wire.java DEBUG [Forwarding sendKeysToElement on session 043fa6a1ca06303597656bc00a4e3021 to remote] http.wire 87 - http-outgoing-327 >> "{"id":"0.9225837315244645-1","value":["shirimadam21@gmail.com"]}"
02-06-2018 16:48:16 Wire.java DEBUG [Forwarding sendKeysToElement on session 043fa6a1ca06303597656bc00a4e3021 to remote] http.wire 73 - http-outgoing-327 << "HTTP/1.1 200 OK[\r][\n]"
02-06-2018 16:48:16 Wire.java DEBUG [Forwarding sendKeysToElement on session 043fa6a1ca06303597656bc00a4e3021 to remote] http.wire 73 - http-outgoing-327 << "Content-Length:72[\r][\n]"
02-06-2018 16:48:16 Wire.java DEBUG [Forwarding sendKeysToElement on session 043fa6a1ca06303597656bc00a4e3021 to remote] http.wire 73 - http-outgoing-327 << "Content-Type:application/json; charset=utf-8[\r][\n]"
02-06-2018 16:48:16 Wire.java DEBUG [Forwarding sendKeysToElement on session 043fa6a1ca06303597656bc00a4e3021 to remote] http.wire 73 - http-outgoing-327 << "Connection:close[\r][\n]"
02-06-2018 16:48:16 Wire.java DEBUG [Forwarding sendKeysToElement on session 043fa6a1ca06303597656bc00a4e3021 to remote] http.wire 73 - http-outgoing-327 << "[\r][\n]"
02-06-2018 16:48:16 Wire.java DEBUG [Forwarding sendKeysToElement on session 043fa6a1ca06303597656bc00a4e3021 to remote] http.wire 87 - http-outgoing-327 << "{"sessionId":"043fa6a1ca06303597656bc00a4e3021","status":0,"value":null}"
02-06-2018 16:48:16 LoggingManagedHttpClientConnection.java DEBUG [Forwarding sendKeysToElement on session 043fa6a1ca06303597656bc00a4e3021 to remote] http.headers 122 - http-outgoing-327 << HTTP/1.1 200 OK
02-06-2018 16:48:16 LoggingManagedHttpClientConnection.java DEBUG [Forwarding sendKeysToElement on session 043fa6a1ca06303597656bc00a4e3021 to remote] http.headers 125 - http-outgoing-327 << Content-Length:72
02-06-2018 16:48:16 LoggingManagedHttpClientConnection.java DEBUG [Forwarding sendKeysToElement on session 043fa6a1ca06303597656bc00a4e3021 to remote] http.headers 125 - http-outgoing-327 << Content-Type:application/json; charset=utf-8
02-06-2018 16:48:16 LoggingManagedHttpClientConnection.java DEBUG [Forwarding sendKeysToElement on session 043fa6a1ca06303597656bc00a4e3021 to remote] http.headers 125 - http-outgoing-327 << Connection:close
02-06-2018 16:48:16 LoggingManagedHttpClientConnection.java DEBUG [Forwarding sendKeysToElement on session 043fa6a1ca06303597656bc00a4e3021 to remote] conn.DefaultManagedHttpClientConnection 79 - http-outgoing-327: Close connection
02-06-2018 16:48:16 ConnectionHolder.java DEBUG [Forwarding sendKeysToElement on session 043fa6a1ca06303597656bc00a4e3021 to remote] execchain.MainClientExec 104 - Connection discarded
02-06-2018 16:48:16 PoolingHttpClientConnectionManager.java DEBUG [Forwarding sendKeysToElement on session 043fa6a1ca06303597656bc00a4e3021 to remote] conn.PoolingHttpClientConnectionManager 326 - Connection released: [id: 327][route: {}->http://localhost:2950][total kept alive: 0; route allocated: 0 of 2000; total allocated: 0 of 2000]
02-06-2018 16:48:16 RequestAddCookies.java DEBUG [Forwarding findElement on session 043fa6a1ca06303597656bc00a4e3021 to remote] protocol.RequestAddCookies 123 - CookieSpec selected: default
02-06-2018 16:48:16 RequestAuthCache.java DEBUG [Forwarding findElement on session 043fa6a1ca06303597656bc00a4e3021 to remote] protocol.RequestAuthCache 77 - Auth cache not set in the context
02-06-2018 16:48:16 PoolingHttpClientConnectionManager.java DEBUG [Forwarding findElement on session 043fa6a1ca06303597656bc00a4e3021 to remote] conn.PoolingHttpClientConnectionManager 255 - Connection request: [route: {}->http://localhost:2950][total kept alive: 0; route allocated: 0 of 2000; total allocated: 0 of 2000]
02-06-2018 16:48:16 PoolingHttpClientConnectionManager.java DEBUG [Forwarding findElement on session 043fa6a1ca06303597656bc00a4e3021 to remote] conn.PoolingHttpClientConnectionManager 288 - Connection leased: [id: 328][route: {}->http://localhost:2950][total kept alive: 0; route allocated: 1 of 2000; total allocated: 1 of 2000]
02-06-2018 16:48:16 MainClientExec.java DEBUG [Forwarding findElement on session 043fa6a1ca06303597656bc00a4e3021 to remote] execchain.MainClientExec 235 - Opening connection {}->http://localhost:2950
02-06-2018 16:48:16 DefaultHttpClientConnectionOperator.java DEBUG [Forwarding findElement on session 043fa6a1ca06303597656bc00a4e3021 to remote] conn.DefaultHttpClientConnectionOperator 139 - Connecting to localhost/127.0.0.1:2950
02-06-2018 16:48:16 DefaultHttpClientConnectionOperator.java DEBUG [Forwarding findElement on session 043fa6a1ca06303597656bc00a4e3021 to remote] conn.DefaultHttpClientConnectionOperator 146 - Connection established 127.0.0.1:60533<->127.0.0.1:2950
02-06-2018 16:48:16 LoggingManagedHttpClientConnection.java DEBUG [Forwarding findElement on session 043fa6a1ca06303597656bc00a4e3021 to remote] conn.DefaultManagedHttpClientConnection 88 - http-outgoing-328: set socket timeout to 10800000
02-06-2018 16:48:16 MainClientExec.java DEBUG [Forwarding findElement on session 043fa6a1ca06303597656bc00a4e3021 to remote] execchain.MainClientExec 256 - Executing request POST /session/043fa6a1ca06303597656bc00a4e3021/element HTTP/1.1
02-06-2018 16:48:16 MainClientExec.java DEBUG [Forwarding findElement on session 043fa6a1ca06303597656bc00a4e3021 to remote] execchain.MainClientExec 261 - Target auth state: UNCHALLENGED
02-06-2018 16:48:16 MainClientExec.java DEBUG [Forwarding findElement on session 043fa6a1ca06303597656bc00a4e3021 to remote] execchain.MainClientExec 267 - Proxy auth state: UNCHALLENGED
02-06-2018 16:48:16 LoggingManagedHttpClientConnection.java DEBUG [Forwarding findElement on session 043fa6a1ca06303597656bc00a4e3021 to remote] http.headers 133 - http-outgoing-328 >> POST /session/043fa6a1ca06303597656bc00a4e3021/element HTTP/1.1
02-06-2018 16:48:16 LoggingManagedHttpClientConnection.java DEBUG [Forwarding findElement on session 043fa6a1ca06303597656bc00a4e3021 to remote] http.headers 136 - http-outgoing-328 >> Content-Type: application/json; charset=utf-8
02-06-2018 16:48:16 LoggingManagedHttpClientConnection.java DEBUG [Forwarding findElement on session 043fa6a1ca06303597656bc00a4e3021 to remote] http.headers 136 - http-outgoing-328 >> Content-Length: 54
02-06-2018 16:48:16 LoggingManagedHttpClientConnection.java DEBUG [Forwarding findElement on session 043fa6a1ca06303597656bc00a4e3021 to remote] http.headers 136 - http-outgoing-328 >> Host: localhost:2950
02-06-2018 16:48:16 LoggingManagedHttpClientConnection.java DEBUG [Forwarding findElement on session 043fa6a1ca06303597656bc00a4e3021 to remote] http.headers 136 - http-outgoing-328 >> Connection: Keep-Alive
02-06-2018 16:48:16 LoggingManagedHttpClientConnection.java DEBUG [Forwarding findElement on session 043fa6a1ca06303597656bc00a4e3021 to remote] http.headers 136 - http-outgoing-328 >> User-Agent: Apache-HttpClient/4.5.3 (Java/1.8.0_151)
02-06-2018 16:48:16 LoggingManagedHttpClientConnection.java DEBUG [Forwarding findElement on session 043fa6a1ca06303597656bc00a4e3021 to remote] http.headers 136 - http-outgoing-328 >> Accept-Encoding: gzip,deflate
02-06-2018 16:48:16 Wire.java DEBUG [Forwarding findElement on session 043fa6a1ca06303597656bc00a4e3021 to remote] http.wire 73 - http-outgoing-328 >> "POST /session/043fa6a1ca06303597656bc00a4e3021/element HTTP/1.1[\r][\n]"
02-06-2018 16:48:16 Wire.java DEBUG [Forwarding findElement on session 043fa6a1ca06303597656bc00a4e3021 to remote] http.wire 73 - http-outgoing-328 >> "Content-Type: application/json; charset=utf-8[\r][\n]"
02-06-2018 16:48:16 Wire.java DEBUG [Forwarding findElement on session 043fa6a1ca06303597656bc00a4e3021 to remote] http.wire 73 - http-outgoing-328 >> "Content-Length: 54[\r][\n]"
02-06-2018 16:48:16 Wire.java DEBUG [Forwarding findElement on session 043fa6a1ca06303597656bc00a4e3021 to remote] http.wire 73 - http-outgoing-328 >> "Host: localhost:2950[\r][\n]"
02-06-2018 16:48:16 Wire.java DEBUG [Forwarding findElement on session 043fa6a1ca06303597656bc00a4e3021 to remote] http.wire 73 - http-outgoing-328 >> "Connection: Keep-Alive[\r][\n]"
02-06-2018 16:48:16 Wire.java DEBUG [Forwarding findElement on session 043fa6a1ca06303597656bc00a4e3021 to remote] http.wire 73 - http-outgoing-328 >> "User-Agent: Apache-HttpClient/4.5.3 (Java/1.8.0_151)[\r][\n]"
02-06-2018 16:48:16 Wire.java DEBUG [Forwarding findElement on session 043fa6a1ca06303597656bc00a4e3021 to remote] http.wire 73 - http-outgoing-328 >> "Accept-Encoding: gzip,deflate[\r][\n]"
02-06-2018 16:48:16 Wire.java DEBUG [Forwarding findElement on session 043fa6a1ca06303597656bc00a4e3021 to remote] http.wire 73 - http-outgoing-328 >> "[\r][\n]"
02-06-2018 16:48:16 Wire.java DEBUG [Forwarding findElement on session 043fa6a1ca06303597656bc00a4e3021 to remote] http.wire 87 - http-outgoing-328 >> "{"using":"xpath","value":"//*[@id\u003d\"password\"]"}"
02-06-2018 16:48:16 Wire.java DEBUG [Forwarding findElement on session 043fa6a1ca06303597656bc00a4e3021 to remote] http.wire 73 - http-outgoing-328 << "HTTP/1.1 200 OK[\r][\n]"
02-06-2018 16:48:16 Wire.java DEBUG [Forwarding findElement on session 043fa6a1ca06303597656bc00a4e3021 to remote] http.wire 73 - http-outgoing-328 << "Content-Length:102[\r][\n]"
02-06-2018 16:48:16 Wire.java DEBUG [Forwarding findElement on session 043fa6a1ca06303597656bc00a4e3021 to remote] http.wire 73 - http-outgoing-328 << "Content-Type:application/json; charset=utf-8[\r][\n]"
02-06-2018 16:48:16 Wire.java DEBUG [Forwarding findElement on session 043fa6a1ca06303597656bc00a4e3021 to remote] http.wire 73 - http-outgoing-328 << "Connection:close[\r][\n]"
02-06-2018 16:48:16 Wire.java DEBUG [Forwarding findElement on session 043fa6a1ca06303597656bc00a4e3021 to remote] http.wire 73 - http-outgoing-328 << "[\r][\n]"
02-06-2018 16:48:16 Wire.java DEBUG [Forwarding findElement on session 043fa6a1ca06303597656bc00a4e3021 to remote] http.wire 87 - http-outgoing-328 << "{"sessionId":"043fa6a1ca06303597656bc00a4e3021","status":0,"value":{"ELEMENT":"0.9225837315244645-2"}}"
02-06-2018 16:48:16 LoggingManagedHttpClientConnection.java DEBUG [Forwarding findElement on session 043fa6a1ca06303597656bc00a4e3021 to remote] http.headers 122 - http-outgoing-328 << HTTP/1.1 200 OK
02-06-2018 16:48:16 LoggingManagedHttpClientConnection.java DEBUG [Forwarding findElement on session 043fa6a1ca06303597656bc00a4e3021 to remote] http.headers 125 - http-outgoing-328 << Content-Length:102
02-06-2018 16:48:16 LoggingManagedHttpClientConnection.java DEBUG [Forwarding findElement on session 043fa6a1ca06303597656bc00a4e3021 to remote] http.headers 125 - http-outgoing-328 << Content-Type:application/json; charset=utf-8
02-06-2018 16:48:16 LoggingManagedHttpClientConnection.java DEBUG [Forwarding findElement on session 043fa6a1ca06303597656bc00a4e3021 to remote] http.headers 125 - http-outgoing-328 << Connection:close
02-06-2018 16:48:16 LoggingManagedHttpClientConnection.java DEBUG [Forwarding findElement on session 043fa6a1ca06303597656bc00a4e3021 to remote] conn.DefaultManagedHttpClientConnection 79 - http-outgoing-328: Close connection
02-06-2018 16:48:16 ConnectionHolder.java DEBUG [Forwarding findElement on session 043fa6a1ca06303597656bc00a4e3021 to remote] execchain.MainClientExec 104 - Connection discarded
02-06-2018 16:48:16 PoolingHttpClientConnectionManager.java DEBUG [Forwarding findElement on session 043fa6a1ca06303597656bc00a4e3021 to remote] conn.PoolingHttpClientConnectionManager 326 - Connection released: [id: 328][route: {}->http://localhost:2950][total kept alive: 0; route allocated: 0 of 2000; total allocated: 0 of 2000]
02-06-2018 16:48:16 RequestAddCookies.java DEBUG [Forwarding sendKeysToElement on session 043fa6a1ca06303597656bc00a4e3021 to remote] protocol.RequestAddCookies 123 - CookieSpec selected: default
02-06-2018 16:48:16 RequestAuthCache.java DEBUG [Forwarding sendKeysToElement on session 043fa6a1ca06303597656bc00a4e3021 to remote] protocol.RequestAuthCache 77 - Auth cache not set in the context
02-06-2018 16:48:16 PoolingHttpClientConnectionManager.java DEBUG [Forwarding sendKeysToElement on session 043fa6a1ca06303597656bc00a4e3021 to remote] conn.PoolingHttpClientConnectionManager 255 - Connection request: [route: {}->http://localhost:2950][total kept alive: 0; route allocated: 0 of 2000; total allocated: 0 of 2000]
02-06-2018 16:48:16 PoolingHttpClientConnectionManager.java DEBUG [Forwarding sendKeysToElement on session 043fa6a1ca06303597656bc00a4e3021 to remote] conn.PoolingHttpClientConnectionManager 288 - Connection leased: [id: 329][route: {}->http://localhost:2950][total kept alive: 0; route allocated: 1 of 2000; total allocated: 1 of 2000]
02-06-2018 16:48:16 MainClientExec.java DEBUG [Forwarding sendKeysToElement on session 043fa6a1ca06303597656bc00a4e3021 to remote] execchain.MainClientExec 235 - Opening connection {}->http://localhost:2950
02-06-2018 16:48:16 DefaultHttpClientConnectionOperator.java DEBUG [Forwarding sendKeysToElement on session 043fa6a1ca06303597656bc00a4e3021 to remote] conn.DefaultHttpClientConnectionOperator 139 - Connecting to localhost/127.0.0.1:2950
02-06-2018 16:48:16 DefaultHttpClientConnectionOperator.java DEBUG [Forwarding sendKeysToElement on session 043fa6a1ca06303597656bc00a4e3021 to remote] conn.DefaultHttpClientConnectionOperator 146 - Connection established 127.0.0.1:60534<->127.0.0.1:2950
02-06-2018 16:48:16 LoggingManagedHttpClientConnection.java DEBUG [Forwarding sendKeysToElement on session 043fa6a1ca06303597656bc00a4e3021 to remote] conn.DefaultManagedHttpClientConnection 88 - http-outgoing-329: set socket timeout to 10800000
02-06-2018 16:48:16 MainClientExec.java DEBUG [Forwarding sendKeysToElement on session 043fa6a1ca06303597656bc00a4e3021 to remote] execchain.MainClientExec 256 - Executing request POST /session/043fa6a1ca06303597656bc00a4e3021/element/0.9225837315244645-2/value HTTP/1.1
02-06-2018 16:48:16 MainClientExec.java DEBUG [Forwarding sendKeysToElement on session 043fa6a1ca06303597656bc00a4e3021 to remote] execchain.MainClientExec 261 - Target auth state: UNCHALLENGED
02-06-2018 16:48:16 MainClientExec.java DEBUG [Forwarding sendKeysToElement on session 043fa6a1ca06303597656bc00a4e3021 to remote] execchain.MainClientExec 267 - Proxy auth state: UNCHALLENGED
02-06-2018 16:48:16 LoggingManagedHttpClientConnection.java DEBUG [Forwarding sendKeysToElement on session 043fa6a1ca06303597656bc00a4e3021 to remote] http.headers 133 - http-outgoing-329 >> POST /session/043fa6a1ca06303597656bc00a4e3021/element/0.9225837315244645-2/value HTTP/1.1
02-06-2018 16:48:16 LoggingManagedHttpClientConnection.java DEBUG [Forwarding sendKeysToElement on session 043fa6a1ca06303597656bc00a4e3021 to remote] http.headers 136 - http-outgoing-329 >> Content-Type: application/json; charset=utf-8
02-06-2018 16:48:16 LoggingManagedHttpClientConnection.java DEBUG [Forwarding sendKeysToElement on session 043fa6a1ca06303597656bc00a4e3021 to remote] http.headers 136 - http-outgoing-329 >> Content-Length: 50
02-06-2018 16:48:16 LoggingManagedHttpClientConnection.java DEBUG [Forwarding sendKeysToElement on session 043fa6a1ca06303597656bc00a4e3021 to remote] http.headers 136 - http-outgoing-329 >> Host: localhost:2950
02-06-2018 16:48:16 LoggingManagedHttpClientConnection.java DEBUG [Forwarding sendKeysToElement on session 043fa6a1ca06303597656bc00a4e3021 to remote] http.headers 136 - http-outgoing-329 >> Connection: Keep-Alive
02-06-2018 16:48:16 LoggingManagedHttpClientConnection.java DEBUG [Forwarding sendKeysToElement on session 043fa6a1ca06303597656bc00a4e3021 to remote] http.headers 136 - http-outgoing-329 >> User-Agent: Apache-HttpClient/4.5.3 (Java/1.8.0_151)
02-06-2018 16:48:16 LoggingManagedHttpClientConnection.java DEBUG [Forwarding sendKeysToElement on session 043fa6a1ca06303597656bc00a4e3021 to remote] http.headers 136 - http-outgoing-329 >> Accept-Encoding: gzip,deflate
02-06-2018 16:48:16 Wire.java DEBUG [Forwarding sendKeysToElement on session 043fa6a1ca06303597656bc00a4e3021 to remote] http.wire 73 - http-outgoing-329 >> "POST /session/043fa6a1ca06303597656bc00a4e3021/element/0.9225837315244645-2/value HTTP/1.1[\r][\n]"
02-06-2018 16:48:16 Wire.java DEBUG [Forwarding sendKeysToElement on session 043fa6a1ca06303597656bc00a4e3021 to remote] http.wire 73 - http-outgoing-329 >> "Content-Type: application/json; charset=utf-8[\r][\n]"
02-06-2018 16:48:16 Wire.java DEBUG [Forwarding sendKeysToElement on session 043fa6a1ca06303597656bc00a4e3021 to remote] http.wire 73 - http-outgoing-329 >> "Content-Length: 50[\r][\n]"
02-06-2018 16:48:16 Wire.java DEBUG [Forwarding sendKeysToElement on session 043fa6a1ca06303597656bc00a4e3021 to remote] http.wire 73 - http-outgoing-329 >> "Host: localhost:2950[\r][\n]"
02-06-2018 16:48:16 Wire.java DEBUG [Forwarding sendKeysToElement on session 043fa6a1ca06303597656bc00a4e3021 to remote] http.wire 73 - http-outgoing-329 >> "Connection: Keep-Alive[\r][\n]"
02-06-2018 16:48:16 Wire.java DEBUG [Forwarding sendKeysToElement on session 043fa6a1ca06303597656bc00a4e3021 to remote] http.wire 73 - http-outgoing-329 >> "User-Agent: Apache-HttpClient/4.5.3 (Java/1.8.0_151)[\r][\n]"
02-06-2018 16:48:16 Wire.java DEBUG [Forwarding sendKeysToElement on session 043fa6a1ca06303597656bc00a4e3021 to remote] http.wire 73 - http-outgoing-329 >> "Accept-Encoding: gzip,deflate[\r][\n]"
02-06-2018 16:48:16 Wire.java DEBUG [Forwarding sendKeysToElement on session 043fa6a1ca06303597656bc00a4e3021 to remote] http.wire 73 - http-outgoing-329 >> "[\r][\n]"
02-06-2018 16:48:16 Wire.java DEBUG [Forwarding sendKeysToElement on session 043fa6a1ca06303597656bc00a4e3021 to remote] http.wire 87 - http-outgoing-329 >> "{"id":"0.9225837315244645-2","value":["MyTest21"]}"
02-06-2018 16:48:16 Wire.java DEBUG [Forwarding sendKeysToElement on session 043fa6a1ca06303597656bc00a4e3021 to remote] http.wire 73 - http-outgoing-329 << "HTTP/1.1 200 OK[\r][\n]"
02-06-2018 16:48:16 Wire.java DEBUG [Forwarding sendKeysToElement on session 043fa6a1ca06303597656bc00a4e3021 to remote] http.wire 73 - http-outgoing-329 << "Content-Length:72[\r][\n]"
02-06-2018 16:48:16 Wire.java DEBUG [Forwarding sendKeysToElement on session 043fa6a1ca06303597656bc00a4e3021 to remote] http.wire 73 - http-outgoing-329 << "Content-Type:application/json; charset=utf-8[\r][\n]"
02-06-2018 16:48:16 Wire.java DEBUG [Forwarding sendKeysToElement on session 043fa6a1ca06303597656bc00a4e3021 to remote] http.wire 73 - http-outgoing-329 << "Connection:close[\r][\n]"
02-06-2018 16:48:16 Wire.java DEBUG [Forwarding sendKeysToElement on session 043fa6a1ca06303597656bc00a4e3021 to remote] http.wire 73 - http-outgoing-329 << "[\r][\n]"
02-06-2018 16:48:16 Wire.java DEBUG [Forwarding sendKeysToElement on session 043fa6a1ca06303597656bc00a4e3021 to remote] http.wire 87 - http-outgoing-329 << "{"sessionId":"043fa6a1ca06303597656bc00a4e3021","status":0,"value":null}"
02-06-2018 16:48:16 LoggingManagedHttpClientConnection.java DEBUG [Forwarding sendKeysToElement on session 043fa6a1ca06303597656bc00a4e3021 to remote] http.headers 122 - http-outgoing-329 << HTTP/1.1 200 OK
02-06-2018 16:48:16 LoggingManagedHttpClientConnection.java DEBUG [Forwarding sendKeysToElement on session 043fa6a1ca06303597656bc00a4e3021 to remote] http.headers 125 - http-outgoing-329 << Content-Length:72
02-06-2018 16:48:16 LoggingManagedHttpClientConnection.java DEBUG [Forwarding sendKeysToElement on session 043fa6a1ca06303597656bc00a4e3021 to remote] http.headers 125 - http-outgoing-329 << Content-Type:application/json; charset=utf-8
02-06-2018 16:48:16 LoggingManagedHttpClientConnection.java DEBUG [Forwarding sendKeysToElement on session 043fa6a1ca06303597656bc00a4e3021 to remote] http.headers 125 - http-outgoing-329 << Connection:close
02-06-2018 16:48:16 LoggingManagedHttpClientConnection.java DEBUG [Forwarding sendKeysToElement on session 043fa6a1ca06303597656bc00a4e3021 to remote] conn.DefaultManagedHttpClientConnection 79 - http-outgoing-329: Close connection
02-06-2018 16:48:16 ConnectionHolder.java DEBUG [Forwarding sendKeysToElement on session 043fa6a1ca06303597656bc00a4e3021 to remote] execchain.MainClientExec 104 - Connection discarded
02-06-2018 16:48:16 PoolingHttpClientConnectionManager.java DEBUG [Forwarding sendKeysToElement on session 043fa6a1ca06303597656bc00a4e3021 to remote] conn.PoolingHttpClientConnectionManager 326 - Connection released: [id: 329][route: {}->http://localhost:2950][total kept alive: 0; route allocated: 0 of 2000; total allocated: 0 of 2000]
02-06-2018 16:48:19 RequestAddCookies.java DEBUG [Forwarding findElement on session 043fa6a1ca06303597656bc00a4e3021 to remote] protocol.RequestAddCookies 123 - CookieSpec selected: default
02-06-2018 16:48:19 RequestAuthCache.java DEBUG [Forwarding findElement on session 043fa6a1ca06303597656bc00a4e3021 to remote] protocol.RequestAuthCache 77 - Auth cache not set in the context
02-06-2018 16:48:19 PoolingHttpClientConnectionManager.java DEBUG [Forwarding findElement on session 043fa6a1ca06303597656bc00a4e3021 to remote] conn.PoolingHttpClientConnectionManager 255 - Connection request: [route: {}->http://localhost:2950][total kept alive: 0; route allocated: 0 of 2000; total allocated: 0 of 2000]
02-06-2018 16:48:19 PoolingHttpClientConnectionManager.java DEBUG [Forwarding findElement on session 043fa6a1ca06303597656bc00a4e3021 to remote] conn.PoolingHttpClientConnectionManager 288 - Connection leased: [id: 330][route: {}->http://localhost:2950][total kept alive: 0; route allocated: 1 of 2000; total allocated: 1 of 2000]
02-06-2018 16:48:19 MainClientExec.java DEBUG [Forwarding findElement on session 043fa6a1ca06303597656bc00a4e3021 to remote] execchain.MainClientExec 235 - Opening connection {}->http://localhost:2950
02-06-2018 16:48:19 DefaultHttpClientConnectionOperator.java DEBUG [Forwarding findElement on session 043fa6a1ca06303597656bc00a4e3021 to remote] conn.DefaultHttpClientConnectionOperator 139 - Connecting to localhost/127.0.0.1:2950
02-06-2018 16:48:19 DefaultHttpClientConnectionOperator.java DEBUG [Forwarding findElement on session 043fa6a1ca06303597656bc00a4e3021 to remote] conn.DefaultHttpClientConnectionOperator 146 - Connection established 127.0.0.1:60536<->127.0.0.1:2950
02-06-2018 16:48:19 LoggingManagedHttpClientConnection.java DEBUG [Forwarding findElement on session 043fa6a1ca06303597656bc00a4e3021 to remote] conn.DefaultManagedHttpClientConnection 88 - http-outgoing-330: set socket timeout to 10800000
02-06-2018 16:48:19 MainClientExec.java DEBUG [Forwarding findElement on session 043fa6a1ca06303597656bc00a4e3021 to remote] execchain.MainClientExec 256 - Executing request POST /session/043fa6a1ca06303597656bc00a4e3021/element HTTP/1.1
02-06-2018 16:48:19 MainClientExec.java DEBUG [Forwarding findElement on session 043fa6a1ca06303597656bc00a4e3021 to remote] execchain.MainClientExec 261 - Target auth state: UNCHALLENGED
02-06-2018 16:48:19 MainClientExec.java DEBUG [Forwarding findElement on session 043fa6a1ca06303597656bc00a4e3021 to remote] execchain.MainClientExec 267 - Proxy auth state: UNCHALLENGED
02-06-2018 16:48:19 LoggingManagedHttpClientConnection.java DEBUG [Forwarding findElement on session 043fa6a1ca06303597656bc00a4e3021 to remote] http.headers 133 - http-outgoing-330 >> POST /session/043fa6a1ca06303597656bc00a4e3021/element HTTP/1.1
02-06-2018 16:48:19 LoggingManagedHttpClientConnection.java DEBUG [Forwarding findElement on session 043fa6a1ca06303597656bc00a4e3021 to remote] http.headers 136 - http-outgoing-330 >> Content-Type: application/json; charset=utf-8
02-06-2018 16:48:19 LoggingManagedHttpClientConnection.java DEBUG [Forwarding findElement on session 043fa6a1ca06303597656bc00a4e3021 to remote] http.headers 136 - http-outgoing-330 >> Content-Length: 76
02-06-2018 16:48:19 LoggingManagedHttpClientConnection.java DEBUG [Forwarding findElement on session 043fa6a1ca06303597656bc00a4e3021 to remote] http.headers 136 - http-outgoing-330 >> Host: localhost:2950
02-06-2018 16:48:19 LoggingManagedHttpClientConnection.java DEBUG [Forwarding findElement on session 043fa6a1ca06303597656bc00a4e3021 to remote] http.headers 136 - http-outgoing-330 >> Connection: Keep-Alive
02-06-2018 16:48:19 LoggingManagedHttpClientConnection.java DEBUG [Forwarding findElement on session 043fa6a1ca06303597656bc00a4e3021 to remote] http.headers 136 - http-outgoing-330 >> User-Agent: Apache-HttpClient/4.5.3 (Java/1.8.0_151)
02-06-2018 16:48:19 LoggingManagedHttpClientConnection.java DEBUG [Forwarding findElement on session 043fa6a1ca06303597656bc00a4e3021 to remote] http.headers 136 - http-outgoing-330 >> Accept-Encoding: gzip,deflate
02-06-2018 16:48:19 Wire.java DEBUG [Forwarding findElement on session 043fa6a1ca06303597656bc00a4e3021 to remote] http.wire 73 - http-outgoing-330 >> "POST /session/043fa6a1ca06303597656bc00a4e3021/element HTTP/1.1[\r][\n]"
02-06-2018 16:48:19 Wire.java DEBUG [Forwarding findElement on session 043fa6a1ca06303597656bc00a4e3021 to remote] http.wire 73 - http-outgoing-330 >> "Content-Type: application/json; charset=utf-8[\r][\n]"
02-06-2018 16:48:19 Wire.java DEBUG [Forwarding findElement on session 043fa6a1ca06303597656bc00a4e3021 to remote] http.wire 73 - http-outgoing-330 >> "Content-Length: 76[\r][\n]"
02-06-2018 16:48:19 Wire.java DEBUG [Forwarding findElement on session 043fa6a1ca06303597656bc00a4e3021 to remote] http.wire 73 - http-outgoing-330 >> "Host: localhost:2950[\r][\n]"
02-06-2018 16:48:19 Wire.java DEBUG [Forwarding findElement on session 043fa6a1ca06303597656bc00a4e3021 to remote] http.wire 73 - http-outgoing-330 >> "Connection: Keep-Alive[\r][\n]"
02-06-2018 16:48:19 Wire.java DEBUG [Forwarding findElement on session 043fa6a1ca06303597656bc00a4e3021 to remote] http.wire 73 - http-outgoing-330 >> "User-Agent: Apache-HttpClient/4.5.3 (Java/1.8.0_151)[\r][\n]"
02-06-2018 16:48:19 Wire.java DEBUG [Forwarding findElement on session 043fa6a1ca06303597656bc00a4e3021 to remote] http.wire 73 - http-outgoing-330 >> "Accept-Encoding: gzip,deflate[\r][\n]"
02-06-2018 16:48:19 Wire.java DEBUG [Forwarding findElement on session 043fa6a1ca06303597656bc00a4e3021 to remote] http.wire 73 - http-outgoing-330 >> "[\r][\n]"
02-06-2018 16:48:19 Wire.java DEBUG [Forwarding findElement on session 043fa6a1ca06303597656bc00a4e3021 to remote] http.wire 87 - http-outgoing-330 >> "{"using":"xpath","value":"/html/body/div[1]/div/div/div/form/div[4]/button"}"
02-06-2018 16:48:19 Wire.java DEBUG [Forwarding findElement on session 043fa6a1ca06303597656bc00a4e3021 to remote] http.wire 73 - http-outgoing-330 << "HTTP/1.1 200 OK[\r][\n]"
02-06-2018 16:48:19 Wire.java DEBUG [Forwarding findElement on session 043fa6a1ca06303597656bc00a4e3021 to remote] http.wire 73 - http-outgoing-330 << "Content-Length:102[\r][\n]"
02-06-2018 16:48:19 Wire.java DEBUG [Forwarding findElement on session 043fa6a1ca06303597656bc00a4e3021 to remote] http.wire 73 - http-outgoing-330 << "Content-Type:application/json; charset=utf-8[\r][\n]"
02-06-2018 16:48:19 Wire.java DEBUG [Forwarding findElement on session 043fa6a1ca06303597656bc00a4e3021 to remote] http.wire 73 - http-outgoing-330 << "Connection:close[\r][\n]"
02-06-2018 16:48:19 Wire.java DEBUG [Forwarding findElement on session 043fa6a1ca06303597656bc00a4e3021 to remote] http.wire 73 - http-outgoing-330 << "[\r][\n]"
02-06-2018 16:48:19 Wire.java DEBUG [Forwarding findElement on session 043fa6a1ca06303597656bc00a4e3021 to remote] http.wire 87 - http-outgoing-330 << "{"sessionId":"043fa6a1ca06303597656bc00a4e3021","status":0,"value":{"ELEMENT":"0.9225837315244645-3"}}"
02-06-2018 16:48:19 LoggingManagedHttpClientConnection.java DEBUG [Forwarding findElement on session 043fa6a1ca06303597656bc00a4e3021 to remote] http.headers 122 - http-outgoing-330 << HTTP/1.1 200 OK
02-06-2018 16:48:19 LoggingManagedHttpClientConnection.java DEBUG [Forwarding findElement on session 043fa6a1ca06303597656bc00a4e3021 to remote] http.headers 125 - http-outgoing-330 << Content-Length:102
02-06-2018 16:48:19 LoggingManagedHttpClientConnection.java DEBUG [Forwarding findElement on session 043fa6a1ca06303597656bc00a4e3021 to remote] http.headers 125 - http-outgoing-330 << Content-Type:application/json; charset=utf-8
02-06-2018 16:48:19 LoggingManagedHttpClientConnection.java DEBUG [Forwarding findElement on session 043fa6a1ca06303597656bc00a4e3021 to remote] http.headers 125 - http-outgoing-330 << Connection:close
02-06-2018 16:48:19 LoggingManagedHttpClientConnection.java DEBUG [Forwarding findElement on session 043fa6a1ca06303597656bc00a4e3021 to remote] conn.DefaultManagedHttpClientConnection 79 - http-outgoing-330: Close connection
02-06-2018 16:48:19 ConnectionHolder.java DEBUG [Forwarding findElement on session 043fa6a1ca06303597656bc00a4e3021 to remote] execchain.MainClientExec 104 - Connection discarded
02-06-2018 16:48:19 PoolingHttpClientConnectionManager.java DEBUG [Forwarding findElement on session 043fa6a1ca06303597656bc00a4e3021 to remote] conn.PoolingHttpClientConnectionManager 326 - Connection released: [id: 330][route: {}->http://localhost:2950][total kept alive: 0; route allocated: 0 of 2000; total allocated: 0 of 2000]
02-06-2018 16:48:19 RequestAddCookies.java DEBUG [Forwarding clickElement on session 043fa6a1ca06303597656bc00a4e3021 to remote] protocol.RequestAddCookies 123 - CookieSpec selected: default
02-06-2018 16:48:19 RequestAuthCache.java DEBUG [Forwarding clickElement on session 043fa6a1ca06303597656bc00a4e3021 to remote] protocol.RequestAuthCache 77 - Auth cache not set in the context
02-06-2018 16:48:19 PoolingHttpClientConnectionManager.java DEBUG [Forwarding clickElement on session 043fa6a1ca06303597656bc00a4e3021 to remote] conn.PoolingHttpClientConnectionManager 255 - Connection request: [route: {}->http://localhost:2950][total kept alive: 0; route allocated: 0 of 2000; total allocated: 0 of 2000]
02-06-2018 16:48:19 PoolingHttpClientConnectionManager.java DEBUG [Forwarding clickElement on session 043fa6a1ca06303597656bc00a4e3021 to remote] conn.PoolingHttpClientConnectionManager 288 - Connection leased: [id: 331][route: {}->http://localhost:2950][total kept alive: 0; route allocated: 1 of 2000; total allocated: 1 of 2000]
02-06-2018 16:48:19 MainClientExec.java DEBUG [Forwarding clickElement on session 043fa6a1ca06303597656bc00a4e3021 to remote] execchain.MainClientExec 235 - Opening connection {}->http://localhost:2950
02-06-2018 16:48:19 DefaultHttpClientConnectionOperator.java DEBUG [Forwarding clickElement on session 043fa6a1ca06303597656bc00a4e3021 to remote] conn.DefaultHttpClientConnectionOperator 139 - Connecting to localhost/127.0.0.1:2950
02-06-2018 16:48:19 DefaultHttpClientConnectionOperator.java DEBUG [Forwarding clickElement on session 043fa6a1ca06303597656bc00a4e3021 to remote] conn.DefaultHttpClientConnectionOperator 146 - Connection established 127.0.0.1:60537<->127.0.0.1:2950
02-06-2018 16:48:19 LoggingManagedHttpClientConnection.java DEBUG [Forwarding clickElement on session 043fa6a1ca06303597656bc00a4e3021 to remote] conn.DefaultManagedHttpClientConnection 88 - http-outgoing-331: set socket timeout to 10800000
02-06-2018 16:48:19 MainClientExec.java DEBUG [Forwarding clickElement on session 043fa6a1ca06303597656bc00a4e3021 to remote] execchain.MainClientExec 256 - Executing request POST /session/043fa6a1ca06303597656bc00a4e3021/element/0.9225837315244645-3/click HTTP/1.1
02-06-2018 16:48:19 MainClientExec.java DEBUG [Forwarding clickElement on session 043fa6a1ca06303597656bc00a4e3021 to remote] execchain.MainClientExec 261 - Target auth state: UNCHALLENGED
02-06-2018 16:48:19 MainClientExec.java DEBUG [Forwarding clickElement on session 043fa6a1ca06303597656bc00a4e3021 to remote] execchain.MainClientExec 267 - Proxy auth state: UNCHALLENGED
02-06-2018 16:48:19 LoggingManagedHttpClientConnection.java DEBUG [Forwarding clickElement on session 043fa6a1ca06303597656bc00a4e3021 to remote] http.headers 133 - http-outgoing-331 >> POST /session/043fa6a1ca06303597656bc00a4e3021/element/0.9225837315244645-3/click HTTP/1.1
02-06-2018 16:48:19 LoggingManagedHttpClientConnection.java DEBUG [Forwarding clickElement on session 043fa6a1ca06303597656bc00a4e3021 to remote] http.headers 136 - http-outgoing-331 >> Content-Type: application/json; charset=utf-8
02-06-2018 16:48:19 LoggingManagedHttpClientConnection.java DEBUG [Forwarding clickElement on session 043fa6a1ca06303597656bc00a4e3021 to remote] http.headers 136 - http-outgoing-331 >> Content-Length: 29
02-06-2018 16:48:19 LoggingManagedHttpClientConnection.java DEBUG [Forwarding clickElement on session 043fa6a1ca06303597656bc00a4e3021 to remote] http.headers 136 - http-outgoing-331 >> Host: localhost:2950
02-06-2018 16:48:19 LoggingManagedHttpClientConnection.java DEBUG [Forwarding clickElement on session 043fa6a1ca06303597656bc00a4e3021 to remote] http.headers 136 - http-outgoing-331 >> Connection: Keep-Alive
02-06-2018 16:48:19 LoggingManagedHttpClientConnection.java DEBUG [Forwarding clickElement on session 043fa6a1ca06303597656bc00a4e3021 to remote] http.headers 136 - http-outgoing-331 >> User-Agent: Apache-HttpClient/4.5.3 (Java/1.8.0_151)
02-06-2018 16:48:19 LoggingManagedHttpClientConnection.java DEBUG [Forwarding clickElement on session 043fa6a1ca06303597656bc00a4e3021 to remote] http.headers 136 - http-outgoing-331 >> Accept-Encoding: gzip,deflate
02-06-2018 16:48:19 Wire.java DEBUG [Forwarding clickElement on session 043fa6a1ca06303597656bc00a4e3021 to remote] http.wire 73 - http-outgoing-331 >> "POST /session/043fa6a1ca06303597656bc00a4e3021/element/0.9225837315244645-3/click HTTP/1.1[\r][\n]"
02-06-2018 16:48:19 Wire.java DEBUG [Forwarding clickElement on session 043fa6a1ca06303597656bc00a4e3021 to remote] http.wire 73 - http-outgoing-331 >> "Content-Type: application/json; charset=utf-8[\r][\n]"
02-06-2018 16:48:19 Wire.java DEBUG [Forwarding clickElement on session 043fa6a1ca06303597656bc00a4e3021 to remote] http.wire 73 - http-outgoing-331 >> "Content-Length: 29[\r][\n]"
02-06-2018 16:48:19 Wire.java DEBUG [Forwarding clickElement on session 043fa6a1ca06303597656bc00a4e3021 to remote] http.wire 73 - http-outgoing-331 >> "Host: localhost:2950[\r][\n]"
02-06-2018 16:48:19 Wire.java DEBUG [Forwarding clickElement on session 043fa6a1ca06303597656bc00a4e3021 to remote] http.wire 73 - http-outgoing-331 >> "Connection: Keep-Alive[\r][\n]"
02-06-2018 16:48:19 Wire.java DEBUG [Forwarding clickElement on session 043fa6a1ca06303597656bc00a4e3021 to remote] http.wire 73 - http-outgoing-331 >> "User-Agent: Apache-HttpClient/4.5.3 (Java/1.8.0_151)[\r][\n]"
02-06-2018 16:48:19 Wire.java DEBUG [Forwarding clickElement on session 043fa6a1ca06303597656bc00a4e3021 to remote] http.wire 73 - http-outgoing-331 >> "Accept-Encoding: gzip,deflate[\r][\n]"
02-06-2018 16:48:19 Wire.java DEBUG [Forwarding clickElement on session 043fa6a1ca06303597656bc00a4e3021 to remote] http.wire 73 - http-outgoing-331 >> "[\r][\n]"
02-06-2018 16:48:19 Wire.java DEBUG [Forwarding clickElement on session 043fa6a1ca06303597656bc00a4e3021 to remote] http.wire 87 - http-outgoing-331 >> "{"id":"0.9225837315244645-3"}"
02-06-2018 16:48:22 Wire.java DEBUG [Forwarding clickElement on session 043fa6a1ca06303597656bc00a4e3021 to remote] http.wire 73 - http-outgoing-331 << "HTTP/1.1 200 OK[\r][\n]"
02-06-2018 16:48:22 Wire.java DEBUG [Forwarding clickElement on session 043fa6a1ca06303597656bc00a4e3021 to remote] http.wire 73 - http-outgoing-331 << "Content-Length:72[\r][\n]"
02-06-2018 16:48:22 Wire.java DEBUG [Forwarding clickElement on session 043fa6a1ca06303597656bc00a4e3021 to remote] http.wire 73 - http-outgoing-331 << "Content-Type:application/json; charset=utf-8[\r][\n]"
02-06-2018 16:48:22 Wire.java DEBUG [Forwarding clickElement on session 043fa6a1ca06303597656bc00a4e3021 to remote] http.wire 73 - http-outgoing-331 << "Connection:close[\r][\n]"
02-06-2018 16:48:22 Wire.java DEBUG [Forwarding clickElement on session 043fa6a1ca06303597656bc00a4e3021 to remote] http.wire 73 - http-outgoing-331 << "[\r][\n]"
02-06-2018 16:48:22 Wire.java DEBUG [Forwarding clickElement on session 043fa6a1ca06303597656bc00a4e3021 to remote] http.wire 87 - http-outgoing-331 << "{"sessionId":"043fa6a1ca06303597656bc00a4e3021","status":0,"value":null}"
02-06-2018 16:48:22 LoggingManagedHttpClientConnection.java DEBUG [Forwarding clickElement on session 043fa6a1ca06303597656bc00a4e3021 to remote] http.headers 122 - http-outgoing-331 << HTTP/1.1 200 OK
02-06-2018 16:48:22 LoggingManagedHttpClientConnection.java DEBUG [Forwarding clickElement on session 043fa6a1ca06303597656bc00a4e3021 to remote] http.headers 125 - http-outgoing-331 << Content-Length:72
02-06-2018 16:48:22 LoggingManagedHttpClientConnection.java DEBUG [Forwarding clickElement on session 043fa6a1ca06303597656bc00a4e3021 to remote] http.headers 125 - http-outgoing-331 << Content-Type:application/json; charset=utf-8
02-06-2018 16:48:22 LoggingManagedHttpClientConnection.java DEBUG [Forwarding clickElement on session 043fa6a1ca06303597656bc00a4e3021 to remote] http.headers 125 - http-outgoing-331 << Connection:close
02-06-2018 16:48:22 LoggingManagedHttpClientConnection.java DEBUG [Forwarding clickElement on session 043fa6a1ca06303597656bc00a4e3021 to remote] conn.DefaultManagedHttpClientConnection 79 - http-outgoing-331: Close connection
02-06-2018 16:48:22 ConnectionHolder.java DEBUG [Forwarding clickElement on session 043fa6a1ca06303597656bc00a4e3021 to remote] execchain.MainClientExec 104 - Connection discarded
02-06-2018 16:48:22 PoolingHttpClientConnectionManager.java DEBUG [Forwarding clickElement on session 043fa6a1ca06303597656bc00a4e3021 to remote] conn.PoolingHttpClientConnectionManager 326 - Connection released: [id: 331][route: {}->http://localhost:2950][total kept alive: 0; route allocated: 0 of 2000; total allocated: 0 of 2000]
02-06-2018 16:48:22 RequestAddCookies.java DEBUG [Forwarding findElement on session 043fa6a1ca06303597656bc00a4e3021 to remote] protocol.RequestAddCookies 123 - CookieSpec selected: default
02-06-2018 16:48:22 RequestAuthCache.java DEBUG [Forwarding findElement on session 043fa6a1ca06303597656bc00a4e3021 to remote] protocol.RequestAuthCache 77 - Auth cache not set in the context
02-06-2018 16:48:22 PoolingHttpClientConnectionManager.java DEBUG [Forwarding findElement on session 043fa6a1ca06303597656bc00a4e3021 to remote] conn.PoolingHttpClientConnectionManager 255 - Connection request: [route: {}->http://localhost:2950][total kept alive: 0; route allocated: 0 of 2000; total allocated: 0 of 2000]
02-06-2018 16:48:22 PoolingHttpClientConnectionManager.java DEBUG [Forwarding findElement on session 043fa6a1ca06303597656bc00a4e3021 to remote] conn.PoolingHttpClientConnectionManager 288 - Connection leased: [id: 332][route: {}->http://localhost:2950][total kept alive: 0; route allocated: 1 of 2000; total allocated: 1 of 2000]
02-06-2018 16:48:22 MainClientExec.java DEBUG [Forwarding findElement on session 043fa6a1ca06303597656bc00a4e3021 to remote] execchain.MainClientExec 235 - Opening connection {}->http://localhost:2950
02-06-2018 16:48:22 DefaultHttpClientConnectionOperator.java DEBUG [Forwarding findElement on session 043fa6a1ca06303597656bc00a4e3021 to remote] conn.DefaultHttpClientConnectionOperator 139 - Connecting to localhost/127.0.0.1:2950
02-06-2018 16:48:22 DefaultHttpClientConnectionOperator.java DEBUG [Forwarding findElement on session 043fa6a1ca06303597656bc00a4e3021 to remote] conn.DefaultHttpClientConnectionOperator 146 - Connection established 127.0.0.1:60545<->127.0.0.1:2950
02-06-2018 16:48:22 LoggingManagedHttpClientConnection.java DEBUG [Forwarding findElement on session 043fa6a1ca06303597656bc00a4e3021 to remote] conn.DefaultManagedHttpClientConnection 88 - http-outgoing-332: set socket timeout to 10800000
02-06-2018 16:48:22 MainClientExec.java DEBUG [Forwarding findElement on session 043fa6a1ca06303597656bc00a4e3021 to remote] execchain.MainClientExec 256 - Executing request POST /session/043fa6a1ca06303597656bc00a4e3021/element HTTP/1.1
02-06-2018 16:48:22 MainClientExec.java DEBUG [Forwarding findElement on session 043fa6a1ca06303597656bc00a4e3021 to remote] execchain.MainClientExec 261 - Target auth state: UNCHALLENGED
02-06-2018 16:48:22 MainClientExec.java DEBUG [Forwarding findElement on session 043fa6a1ca06303597656bc00a4e3021 to remote] execchain.MainClientExec 267 - Proxy auth state: UNCHALLENGED
02-06-2018 16:48:22 LoggingManagedHttpClientConnection.java DEBUG [Forwarding findElement on session 043fa6a1ca06303597656bc00a4e3021 to remote] http.headers 133 - http-outgoing-332 >> POST /session/043fa6a1ca06303597656bc00a4e3021/element HTTP/1.1
02-06-2018 16:48:22 LoggingManagedHttpClientConnection.java DEBUG [Forwarding findElement on session 043fa6a1ca06303597656bc00a4e3021 to remote] http.headers 136 - http-outgoing-332 >> Content-Type: application/json; charset=utf-8
02-06-2018 16:48:22 LoggingManagedHttpClientConnection.java DEBUG [Forwarding findElement on session 043fa6a1ca06303597656bc00a4e3021 to remote] http.headers 136 - http-outgoing-332 >> Content-Length: 66
02-06-2018 16:48:22 LoggingManagedHttpClientConnection.java DEBUG [Forwarding findElement on session 043fa6a1ca06303597656bc00a4e3021 to remote] http.headers 136 - http-outgoing-332 >> Host: localhost:2950
02-06-2018 16:48:22 LoggingManagedHttpClientConnection.java DEBUG [Forwarding findElement on session 043fa6a1ca06303597656bc00a4e3021 to remote] http.headers 136 - http-outgoing-332 >> Connection: Keep-Alive
02-06-2018 16:48:22 LoggingManagedHttpClientConnection.java DEBUG [Forwarding findElement on session 043fa6a1ca06303597656bc00a4e3021 to remote] http.headers 136 - http-outgoing-332 >> User-Agent: Apache-HttpClient/4.5.3 (Java/1.8.0_151)
02-06-2018 16:48:22 LoggingManagedHttpClientConnection.java DEBUG [Forwarding findElement on session 043fa6a1ca06303597656bc00a4e3021 to remote] http.headers 136 - http-outgoing-332 >> Accept-Encoding: gzip,deflate
02-06-2018 16:48:22 Wire.java DEBUG [Forwarding findElement on session 043fa6a1ca06303597656bc00a4e3021 to remote] http.wire 73 - http-outgoing-332 >> "POST /session/043fa6a1ca06303597656bc00a4e3021/element HTTP/1.1[\r][\n]"
02-06-2018 16:48:22 Wire.java DEBUG [Forwarding findElement on session 043fa6a1ca06303597656bc00a4e3021 to remote] http.wire 73 - http-outgoing-332 >> "Content-Type: application/json; charset=utf-8[\r][\n]"
02-06-2018 16:48:22 Wire.java DEBUG [Forwarding findElement on session 043fa6a1ca06303597656bc00a4e3021 to remote] http.wire 73 - http-outgoing-332 >> "Content-Length: 66[\r][\n]"
02-06-2018 16:48:22 Wire.java DEBUG [Forwarding findElement on session 043fa6a1ca06303597656bc00a4e3021 to remote] http.wire 73 - http-outgoing-332 >> "Host: localhost:2950[\r][\n]"
02-06-2018 16:48:22 Wire.java DEBUG [Forwarding findElement on session 043fa6a1ca06303597656bc00a4e3021 to remote] http.wire 73 - http-outgoing-332 >> "Connection: Keep-Alive[\r][\n]"
02-06-2018 16:48:22 Wire.java DEBUG [Forwarding findElement on session 043fa6a1ca06303597656bc00a4e3021 to remote] http.wire 73 - http-outgoing-332 >> "User-Agent: Apache-HttpClient/4.5.3 (Java/1.8.0_151)[\r][\n]"
02-06-2018 16:48:22 Wire.java DEBUG [Forwarding findElement on session 043fa6a1ca06303597656bc00a4e3021 to remote] http.wire 73 - http-outgoing-332 >> "Accept-Encoding: gzip,deflate[\r][\n]"
02-06-2018 16:48:22 Wire.java DEBUG [Forwarding findElement on session 043fa6a1ca06303597656bc00a4e3021 to remote] http.wire 73 - http-outgoing-332 >> "[\r][\n]"
02-06-2018 16:48:22 Wire.java DEBUG [Forwarding findElement on session 043fa6a1ca06303597656bc00a4e3021 to remote] http.wire 87 - http-outgoing-332 >> "{"using":"xpath","value":"/html/body/div/div[1]/div/nav/div/p[1]"}"
02-06-2018 16:48:22 Wire.java DEBUG [Forwarding findElement on session 043fa6a1ca06303597656bc00a4e3021 to remote] http.wire 73 - http-outgoing-332 << "HTTP/1.1 200 OK[\r][\n]"
02-06-2018 16:48:22 Wire.java DEBUG [Forwarding findElement on session 043fa6a1ca06303597656bc00a4e3021 to remote] http.wire 73 - http-outgoing-332 << "Content-Length:102[\r][\n]"
02-06-2018 16:48:22 Wire.java DEBUG [Forwarding findElement on session 043fa6a1ca06303597656bc00a4e3021 to remote] http.wire 73 - http-outgoing-332 << "Content-Type:application/json; charset=utf-8[\r][\n]"
02-06-2018 16:48:22 Wire.java DEBUG [Forwarding findElement on session 043fa6a1ca06303597656bc00a4e3021 to remote] http.wire 73 - http-outgoing-332 << "Connection:close[\r][\n]"
02-06-2018 16:48:22 Wire.java DEBUG [Forwarding findElement on session 043fa6a1ca06303597656bc00a4e3021 to remote] http.wire 73 - http-outgoing-332 << "[\r][\n]"
02-06-2018 16:48:22 Wire.java DEBUG [Forwarding findElement on session 043fa6a1ca06303597656bc00a4e3021 to remote] http.wire 87 - http-outgoing-332 << "{"sessionId":"043fa6a1ca06303597656bc00a4e3021","status":0,"value":{"ELEMENT":"0.7071695155211049-1"}}"
02-06-2018 16:48:22 LoggingManagedHttpClientConnection.java DEBUG [Forwarding findElement on session 043fa6a1ca06303597656bc00a4e3021 to remote] http.headers 122 - http-outgoing-332 << HTTP/1.1 200 OK
02-06-2018 16:48:22 LoggingManagedHttpClientConnection.java DEBUG [Forwarding findElement on session 043fa6a1ca06303597656bc00a4e3021 to remote] http.headers 125 - http-outgoing-332 << Content-Length:102
02-06-2018 16:48:22 LoggingManagedHttpClientConnection.java DEBUG [Forwarding findElement on session 043fa6a1ca06303597656bc00a4e3021 to remote] http.headers 125 - http-outgoing-332 << Content-Type:application/json; charset=utf-8
02-06-2018 16:48:22 LoggingManagedHttpClientConnection.java DEBUG [Forwarding findElement on session 043fa6a1ca06303597656bc00a4e3021 to remote] http.headers 125 - http-outgoing-332 << Connection:close
02-06-2018 16:48:22 LoggingManagedHttpClientConnection.java DEBUG [Forwarding findElement on session 043fa6a1ca06303597656bc00a4e3021 to remote] conn.DefaultManagedHttpClientConnection 79 - http-outgoing-332: Close connection
02-06-2018 16:48:22 ConnectionHolder.java DEBUG [Forwarding findElement on session 043fa6a1ca06303597656bc00a4e3021 to remote] execchain.MainClientExec 104 - Connection discarded
02-06-2018 16:48:22 PoolingHttpClientConnectionManager.java DEBUG [Forwarding findElement on session 043fa6a1ca06303597656bc00a4e3021 to remote] conn.PoolingHttpClientConnectionManager 326 - Connection released: [id: 332][route: {}->http://localhost:2950][total kept alive: 0; route allocated: 0 of 2000; total allocated: 0 of 2000]
02-06-2018 16:48:22 RequestAddCookies.java DEBUG [Forwarding executeScript on session 043fa6a1ca06303597656bc00a4e3021 to remote] protocol.RequestAddCookies 123 - CookieSpec selected: default
02-06-2018 16:48:22 RequestAuthCache.java DEBUG [Forwarding executeScript on session 043fa6a1ca06303597656bc00a4e3021 to remote] protocol.RequestAuthCache 77 - Auth cache not set in the context
02-06-2018 16:48:22 PoolingHttpClientConnectionManager.java DEBUG [Forwarding executeScript on session 043fa6a1ca06303597656bc00a4e3021 to remote] conn.PoolingHttpClientConnectionManager 255 - Connection request: [route: {}->http://localhost:2950][total kept alive: 0; route allocated: 0 of 2000; total allocated: 0 of 2000]
02-06-2018 16:48:22 PoolingHttpClientConnectionManager.java DEBUG [Forwarding executeScript on session 043fa6a1ca06303597656bc00a4e3021 to remote] conn.PoolingHttpClientConnectionManager 288 - Connection leased: [id: 333][route: {}->http://localhost:2950][total kept alive: 0; route allocated: 1 of 2000; total allocated: 1 of 2000]
02-06-2018 16:48:22 MainClientExec.java DEBUG [Forwarding executeScript on session 043fa6a1ca06303597656bc00a4e3021 to remote] execchain.MainClientExec 235 - Opening connection {}->http://localhost:2950
02-06-2018 16:48:22 DefaultHttpClientConnectionOperator.java DEBUG [Forwarding executeScript on session 043fa6a1ca06303597656bc00a4e3021 to remote] conn.DefaultHttpClientConnectionOperator 139 - Connecting to localhost/127.0.0.1:2950
02-06-2018 16:48:22 DefaultHttpClientConnectionOperator.java DEBUG [Forwarding executeScript on session 043fa6a1ca06303597656bc00a4e3021 to remote] conn.DefaultHttpClientConnectionOperator 146 - Connection established 127.0.0.1:60546<->127.0.0.1:2950
02-06-2018 16:48:22 LoggingManagedHttpClientConnection.java DEBUG [Forwarding executeScript on session 043fa6a1ca06303597656bc00a4e3021 to remote] conn.DefaultManagedHttpClientConnection 88 - http-outgoing-333: set socket timeout to 10800000
02-06-2018 16:48:22 MainClientExec.java DEBUG [Forwarding executeScript on session 043fa6a1ca06303597656bc00a4e3021 to remote] execchain.MainClientExec 256 - Executing request POST /session/043fa6a1ca06303597656bc00a4e3021/execute HTTP/1.1
02-06-2018 16:48:22 MainClientExec.java DEBUG [Forwarding executeScript on session 043fa6a1ca06303597656bc00a4e3021 to remote] execchain.MainClientExec 261 - Target auth state: UNCHALLENGED
02-06-2018 16:48:22 MainClientExec.java DEBUG [Forwarding executeScript on session 043fa6a1ca06303597656bc00a4e3021 to remote] execchain.MainClientExec 267 - Proxy auth state: UNCHALLENGED
02-06-2018 16:48:22 LoggingManagedHttpClientConnection.java DEBUG [Forwarding executeScript on session 043fa6a1ca06303597656bc00a4e3021 to remote] http.headers 133 - http-outgoing-333 >> POST /session/043fa6a1ca06303597656bc00a4e3021/execute HTTP/1.1
02-06-2018 16:48:22 LoggingManagedHttpClientConnection.java DEBUG [Forwarding executeScript on session 043fa6a1ca06303597656bc00a4e3021 to remote] http.headers 136 - http-outgoing-333 >> Content-Type: application/json; charset=utf-8
02-06-2018 16:48:22 LoggingManagedHttpClientConnection.java DEBUG [Forwarding executeScript on session 043fa6a1ca06303597656bc00a4e3021 to remote] http.headers 136 - http-outgoing-333 >> Content-Length: 139
02-06-2018 16:48:22 LoggingManagedHttpClientConnection.java DEBUG [Forwarding executeScript on session 043fa6a1ca06303597656bc00a4e3021 to remote] http.headers 136 - http-outgoing-333 >> Host: localhost:2950
02-06-2018 16:48:22 LoggingManagedHttpClientConnection.java DEBUG [Forwarding executeScript on session 043fa6a1ca06303597656bc00a4e3021 to remote] http.headers 136 - http-outgoing-333 >> Connection: Keep-Alive
02-06-2018 16:48:22 LoggingManagedHttpClientConnection.java DEBUG [Forwarding executeScript on session 043fa6a1ca06303597656bc00a4e3021 to remote] http.headers 136 - http-outgoing-333 >> User-Agent: Apache-HttpClient/4.5.3 (Java/1.8.0_151)
02-06-2018 16:48:22 LoggingManagedHttpClientConnection.java DEBUG [Forwarding executeScript on session 043fa6a1ca06303597656bc00a4e3021 to remote] http.headers 136 - http-outgoing-333 >> Accept-Encoding: gzip,deflate
02-06-2018 16:48:22 Wire.java DEBUG [Forwarding executeScript on session 043fa6a1ca06303597656bc00a4e3021 to remote] http.wire 73 - http-outgoing-333 >> "POST /session/043fa6a1ca06303597656bc00a4e3021/execute HTTP/1.1[\r][\n]"
02-06-2018 16:48:22 Wire.java DEBUG [Forwarding executeScript on session 043fa6a1ca06303597656bc00a4e3021 to remote] http.wire 73 - http-outgoing-333 >> "Content-Type: application/json; charset=utf-8[\r][\n]"
02-06-2018 16:48:22 Wire.java DEBUG [Forwarding executeScript on session 043fa6a1ca06303597656bc00a4e3021 to remote] http.wire 73 - http-outgoing-333 >> "Content-Length: 139[\r][\n]"
02-06-2018 16:48:22 Wire.java DEBUG [Forwarding executeScript on session 043fa6a1ca06303597656bc00a4e3021 to remote] http.wire 73 - http-outgoing-333 >> "Host: localhost:2950[\r][\n]"
02-06-2018 16:48:22 Wire.java DEBUG [Forwarding executeScript on session 043fa6a1ca06303597656bc00a4e3021 to remote] http.wire 73 - http-outgoing-333 >> "Connection: Keep-Alive[\r][\n]"
02-06-2018 16:48:22 Wire.java DEBUG [Forwarding executeScript on session 043fa6a1ca06303597656bc00a4e3021 to remote] http.wire 73 - http-outgoing-333 >> "User-Agent: Apache-HttpClient/4.5.3 (Java/1.8.0_151)[\r][\n]"
02-06-2018 16:48:22 Wire.java DEBUG [Forwarding executeScript on session 043fa6a1ca06303597656bc00a4e3021 to remote] http.wire 73 - http-outgoing-333 >> "Accept-Encoding: gzip,deflate[\r][\n]"
02-06-2018 16:48:22 Wire.java DEBUG [Forwarding executeScript on session 043fa6a1ca06303597656bc00a4e3021 to remote] http.wire 73 - http-outgoing-333 >> "[\r][\n]"
02-06-2018 16:48:22 Wire.java DEBUG [Forwarding executeScript on session 043fa6a1ca06303597656bc00a4e3021 to remote] http.wire 87 - http-outgoing-333 >> "{"script":"arguments[0].click();","args":[{"ELEMENT":"0.7071695155211049-1","element-6066-11e4-a52e-4f735466cecf":"0.7071695155211049-1"}]}"
02-06-2018 16:48:22 Wire.java DEBUG [Forwarding executeScript on session 043fa6a1ca06303597656bc00a4e3021 to remote] http.wire 73 - http-outgoing-333 << "HTTP/1.1 200 OK[\r][\n]"
02-06-2018 16:48:22 Wire.java DEBUG [Forwarding executeScript on session 043fa6a1ca06303597656bc00a4e3021 to remote] http.wire 73 - http-outgoing-333 << "Content-Length:72[\r][\n]"
02-06-2018 16:48:22 Wire.java DEBUG [Forwarding executeScript on session 043fa6a1ca06303597656bc00a4e3021 to remote] http.wire 73 - http-outgoing-333 << "Content-Type:application/json; charset=utf-8[\r][\n]"
02-06-2018 16:48:22 Wire.java DEBUG [Forwarding executeScript on session 043fa6a1ca06303597656bc00a4e3021 to remote] http.wire 73 - http-outgoing-333 << "Connection:close[\r][\n]"
02-06-2018 16:48:22 Wire.java DEBUG [Forwarding executeScript on session 043fa6a1ca06303597656bc00a4e3021 to remote] http.wire 73 - http-outgoing-333 << "[\r][\n]"
02-06-2018 16:48:22 Wire.java DEBUG [Forwarding executeScript on session 043fa6a1ca06303597656bc00a4e3021 to remote] http.wire 87 - http-outgoing-333 << "{"sessionId":"043fa6a1ca06303597656bc00a4e3021","status":0,"value":null}"
02-06-2018 16:48:22 LoggingManagedHttpClientConnection.java DEBUG [Forwarding executeScript on session 043fa6a1ca06303597656bc00a4e3021 to remote] http.headers 122 - http-outgoing-333 << HTTP/1.1 200 OK
02-06-2018 16:48:22 LoggingManagedHttpClientConnection.java DEBUG [Forwarding executeScript on session 043fa6a1ca06303597656bc00a4e3021 to remote] http.headers 125 - http-outgoing-333 << Content-Length:72
02-06-2018 16:48:22 LoggingManagedHttpClientConnection.java DEBUG [Forwarding executeScript on session 043fa6a1ca06303597656bc00a4e3021 to remote] http.headers 125 - http-outgoing-333 << Content-Type:application/json; charset=utf-8
02-06-2018 16:48:22 LoggingManagedHttpClientConnection.java DEBUG [Forwarding executeScript on session 043fa6a1ca06303597656bc00a4e3021 to remote] http.headers 125 - http-outgoing-333 << Connection:close
02-06-2018 16:48:22 LoggingManagedHttpClientConnection.java DEBUG [Forwarding executeScript on session 043fa6a1ca06303597656bc00a4e3021 to remote] conn.DefaultManagedHttpClientConnection 79 - http-outgoing-333: Close connection
02-06-2018 16:48:22 ConnectionHolder.java DEBUG [Forwarding executeScript on session 043fa6a1ca06303597656bc00a4e3021 to remote] execchain.MainClientExec 104 - Connection discarded
02-06-2018 16:48:22 PoolingHttpClientConnectionManager.java DEBUG [Forwarding executeScript on session 043fa6a1ca06303597656bc00a4e3021 to remote] conn.PoolingHttpClientConnectionManager 326 - Connection released: [id: 333][route: {}->http://localhost:2950][total kept alive: 0; route allocated: 0 of 2000; total allocated: 0 of 2000]
02-06-2018 16:48:22 RequestAddCookies.java DEBUG [Forwarding findElement on session 043fa6a1ca06303597656bc00a4e3021 to remote] protocol.RequestAddCookies 123 - CookieSpec selected: default
02-06-2018 16:48:22 RequestAuthCache.java DEBUG [Forwarding findElement on session 043fa6a1ca06303597656bc00a4e3021 to remote] protocol.RequestAuthCache 77 - Auth cache not set in the context
02-06-2018 16:48:22 PoolingHttpClientConnectionManager.java DEBUG [Forwarding findElement on session 043fa6a1ca06303597656bc00a4e3021 to remote] conn.PoolingHttpClientConnectionManager 255 - Connection request: [route: {}->http://localhost:2950][total kept alive: 0; route allocated: 0 of 2000; total allocated: 0 of 2000]
02-06-2018 16:48:22 PoolingHttpClientConnectionManager.java DEBUG [Forwarding findElement on session 043fa6a1ca06303597656bc00a4e3021 to remote] conn.PoolingHttpClientConnectionManager 288 - Connection leased: [id: 334][route: {}->http://localhost:2950][total kept alive: 0; route allocated: 1 of 2000; total allocated: 1 of 2000]
02-06-2018 16:48:22 MainClientExec.java DEBUG [Forwarding findElement on session 043fa6a1ca06303597656bc00a4e3021 to remote] execchain.MainClientExec 235 - Opening connection {}->http://localhost:2950
02-06-2018 16:48:22 DefaultHttpClientConnectionOperator.java DEBUG [Forwarding findElement on session 043fa6a1ca06303597656bc00a4e3021 to remote] conn.DefaultHttpClientConnectionOperator 139 - Connecting to localhost/127.0.0.1:2950
02-06-2018 16:48:22 DefaultHttpClientConnectionOperator.java DEBUG [Forwarding findElement on session 043fa6a1ca06303597656bc00a4e3021 to remote] conn.DefaultHttpClientConnectionOperator 146 - Connection established 127.0.0.1:60547<->127.0.0.1:2950
02-06-2018 16:48:22 LoggingManagedHttpClientConnection.java DEBUG [Forwarding findElement on session 043fa6a1ca06303597656bc00a4e3021 to remote] conn.DefaultManagedHttpClientConnection 88 - http-outgoing-334: set socket timeout to 10800000
02-06-2018 16:48:22 MainClientExec.java DEBUG [Forwarding findElement on session 043fa6a1ca06303597656bc00a4e3021 to remote] execchain.MainClientExec 256 - Executing request POST /session/043fa6a1ca06303597656bc00a4e3021/element HTTP/1.1
02-06-2018 16:48:22 MainClientExec.java DEBUG [Forwarding findElement on session 043fa6a1ca06303597656bc00a4e3021 to remote] execchain.MainClientExec 261 - Target auth state: UNCHALLENGED
02-06-2018 16:48:22 MainClientExec.java DEBUG [Forwarding findElement on session 043fa6a1ca06303597656bc00a4e3021 to remote] execchain.MainClientExec 267 - Proxy auth state: UNCHALLENGED
02-06-2018 16:48:22 LoggingManagedHttpClientConnection.java DEBUG [Forwarding findElement on session 043fa6a1ca06303597656bc00a4e3021 to remote] http.headers 133 - http-outgoing-334 >> POST /session/043fa6a1ca06303597656bc00a4e3021/element HTTP/1.1
02-06-2018 16:48:22 LoggingManagedHttpClientConnection.java DEBUG [Forwarding findElement on session 043fa6a1ca06303597656bc00a4e3021 to remote] http.headers 136 - http-outgoing-334 >> Content-Type: application/json; charset=utf-8
02-06-2018 16:48:22 LoggingManagedHttpClientConnection.java DEBUG [Forwarding findElement on session 043fa6a1ca06303597656bc00a4e3021 to remote] http.headers 136 - http-outgoing-334 >> Content-Length: 66
02-06-2018 16:48:22 LoggingManagedHttpClientConnection.java DEBUG [Forwarding findElement on session 043fa6a1ca06303597656bc00a4e3021 to remote] http.headers 136 - http-outgoing-334 >> Host: localhost:2950
02-06-2018 16:48:22 LoggingManagedHttpClientConnection.java DEBUG [Forwarding findElement on session 043fa6a1ca06303597656bc00a4e3021 to remote] http.headers 136 - http-outgoing-334 >> Connection: Keep-Alive
02-06-2018 16:48:22 LoggingManagedHttpClientConnection.java DEBUG [Forwarding findElement on session 043fa6a1ca06303597656bc00a4e3021 to remote] http.headers 136 - http-outgoing-334 >> User-Agent: Apache-HttpClient/4.5.3 (Java/1.8.0_151)
02-06-2018 16:48:22 LoggingManagedHttpClientConnection.java DEBUG [Forwarding findElement on session 043fa6a1ca06303597656bc00a4e3021 to remote] http.headers 136 - http-outgoing-334 >> Accept-Encoding: gzip,deflate
02-06-2018 16:48:22 Wire.java DEBUG [Forwarding findElement on session 043fa6a1ca06303597656bc00a4e3021 to remote] http.wire 73 - http-outgoing-334 >> "POST /session/043fa6a1ca06303597656bc00a4e3021/element HTTP/1.1[\r][\n]"
02-06-2018 16:48:22 Wire.java DEBUG [Forwarding findElement on session 043fa6a1ca06303597656bc00a4e3021 to remote] http.wire 73 - http-outgoing-334 >> "Content-Type: application/json; charset=utf-8[\r][\n]"
02-06-2018 16:48:22 Wire.java DEBUG [Forwarding findElement on session 043fa6a1ca06303597656bc00a4e3021 to remote] http.wire 73 - http-outgoing-334 >> "Content-Length: 66[\r][\n]"
02-06-2018 16:48:22 Wire.java DEBUG [Forwarding findElement on session 043fa6a1ca06303597656bc00a4e3021 to remote] http.wire 73 - http-outgoing-334 >> "Host: localhost:2950[\r][\n]"
02-06-2018 16:48:22 Wire.java DEBUG [Forwarding findElement on session 043fa6a1ca06303597656bc00a4e3021 to remote] http.wire 73 - http-outgoing-334 >> "Connection: Keep-Alive[\r][\n]"
02-06-2018 16:48:22 Wire.java DEBUG [Forwarding findElement on session 043fa6a1ca06303597656bc00a4e3021 to remote] http.wire 73 - http-outgoing-334 >> "User-Agent: Apache-HttpClient/4.5.3 (Java/1.8.0_151)[\r][\n]"
02-06-2018 16:48:22 Wire.java DEBUG [Forwarding findElement on session 043fa6a1ca06303597656bc00a4e3021 to remote] http.wire 73 - http-outgoing-334 >> "Accept-Encoding: gzip,deflate[\r][\n]"
02-06-2018 16:48:22 Wire.java DEBUG [Forwarding findElement on session 043fa6a1ca06303597656bc00a4e3021 to remote] http.wire 73 - http-outgoing-334 >> "[\r][\n]"
02-06-2018 16:48:22 Wire.java DEBUG [Forwarding findElement on session 043fa6a1ca06303597656bc00a4e3021 to remote] http.wire 87 - http-outgoing-334 >> "{"using":"xpath","value":"/html/body/div/div[1]/div/nav/div/p[1]"}"
02-06-2018 16:48:22 Wire.java DEBUG [Forwarding findElement on session 043fa6a1ca06303597656bc00a4e3021 to remote] http.wire 73 - http-outgoing-334 << "HTTP/1.1 200 OK[\r][\n]"
02-06-2018 16:48:22 Wire.java DEBUG [Forwarding findElement on session 043fa6a1ca06303597656bc00a4e3021 to remote] http.wire 73 - http-outgoing-334 << "Content-Length:102[\r][\n]"
02-06-2018 16:48:22 Wire.java DEBUG [Forwarding findElement on session 043fa6a1ca06303597656bc00a4e3021 to remote] http.wire 73 - http-outgoing-334 << "Content-Type:application/json; charset=utf-8[\r][\n]"
02-06-2018 16:48:22 Wire.java DEBUG [Forwarding findElement on session 043fa6a1ca06303597656bc00a4e3021 to remote] http.wire 73 - http-outgoing-334 << "Connection:close[\r][\n]"
02-06-2018 16:48:22 Wire.java DEBUG [Forwarding findElement on session 043fa6a1ca06303597656bc00a4e3021 to remote] http.wire 73 - http-outgoing-334 << "[\r][\n]"
02-06-2018 16:48:22 Wire.java DEBUG [Forwarding findElement on session 043fa6a1ca06303597656bc00a4e3021 to remote] http.wire 87 - http-outgoing-334 << "{"sessionId":"043fa6a1ca06303597656bc00a4e3021","status":0,"value":{"ELEMENT":"0.7071695155211049-1"}}"
02-06-2018 16:48:22 LoggingManagedHttpClientConnection.java DEBUG [Forwarding findElement on session 043fa6a1ca06303597656bc00a4e3021 to remote] http.headers 122 - http-outgoing-334 << HTTP/1.1 200 OK
02-06-2018 16:48:22 LoggingManagedHttpClientConnection.java DEBUG [Forwarding findElement on session 043fa6a1ca06303597656bc00a4e3021 to remote] http.headers 125 - http-outgoing-334 << Content-Length:102
02-06-2018 16:48:22 LoggingManagedHttpClientConnection.java DEBUG [Forwarding findElement on session 043fa6a1ca06303597656bc00a4e3021 to remote] http.headers 125 - http-outgoing-334 << Content-Type:application/json; charset=utf-8
02-06-2018 16:48:22 LoggingManagedHttpClientConnection.java DEBUG [Forwarding findElement on session 043fa6a1ca06303597656bc00a4e3021 to remote] http.headers 125 - http-outgoing-334 << Connection:close
02-06-2018 16:48:22 LoggingManagedHttpClientConnection.java DEBUG [Forwarding findElement on session 043fa6a1ca06303597656bc00a4e3021 to remote] conn.DefaultManagedHttpClientConnection 79 - http-outgoing-334: Close connection
02-06-2018 16:48:22 ConnectionHolder.java DEBUG [Forwarding findElement on session 043fa6a1ca06303597656bc00a4e3021 to remote] execchain.MainClientExec 104 - Connection discarded
02-06-2018 16:48:22 PoolingHttpClientConnectionManager.java DEBUG [Forwarding findElement on session 043fa6a1ca06303597656bc00a4e3021 to remote] conn.PoolingHttpClientConnectionManager 326 - Connection released: [id: 334][route: {}->http://localhost:2950][total kept alive: 0; route allocated: 0 of 2000; total allocated: 0 of 2000]
02-06-2018 16:48:22 RequestAddCookies.java DEBUG [Forwarding getElementText on session 043fa6a1ca06303597656bc00a4e3021 to remote] protocol.RequestAddCookies 123 - CookieSpec selected: default
02-06-2018 16:48:22 RequestAuthCache.java DEBUG [Forwarding getElementText on session 043fa6a1ca06303597656bc00a4e3021 to remote] protocol.RequestAuthCache 77 - Auth cache not set in the context
02-06-2018 16:48:22 PoolingHttpClientConnectionManager.java DEBUG [Forwarding getElementText on session 043fa6a1ca06303597656bc00a4e3021 to remote] conn.PoolingHttpClientConnectionManager 255 - Connection request: [route: {}->http://localhost:2950][total kept alive: 0; route allocated: 0 of 2000; total allocated: 0 of 2000]
02-06-2018 16:48:22 PoolingHttpClientConnectionManager.java DEBUG [Forwarding getElementText on session 043fa6a1ca06303597656bc00a4e3021 to remote] conn.PoolingHttpClientConnectionManager 288 - Connection leased: [id: 335][route: {}->http://localhost:2950][total kept alive: 0; route allocated: 1 of 2000; total allocated: 1 of 2000]
02-06-2018 16:48:22 MainClientExec.java DEBUG [Forwarding getElementText on session 043fa6a1ca06303597656bc00a4e3021 to remote] execchain.MainClientExec 235 - Opening connection {}->http://localhost:2950
02-06-2018 16:48:22 DefaultHttpClientConnectionOperator.java DEBUG [Forwarding getElementText on session 043fa6a1ca06303597656bc00a4e3021 to remote] conn.DefaultHttpClientConnectionOperator 139 - Connecting to localhost/127.0.0.1:2950
02-06-2018 16:48:22 DefaultHttpClientConnectionOperator.java DEBUG [Forwarding getElementText on session 043fa6a1ca06303597656bc00a4e3021 to remote] conn.DefaultHttpClientConnectionOperator 146 - Connection established 127.0.0.1:60548<->127.0.0.1:2950
02-06-2018 16:48:22 LoggingManagedHttpClientConnection.java DEBUG [Forwarding getElementText on session 043fa6a1ca06303597656bc00a4e3021 to remote] conn.DefaultManagedHttpClientConnection 88 - http-outgoing-335: set socket timeout to 10800000
02-06-2018 16:48:22 MainClientExec.java DEBUG [Forwarding getElementText on session 043fa6a1ca06303597656bc00a4e3021 to remote] execchain.MainClientExec 256 - Executing request GET /session/043fa6a1ca06303597656bc00a4e3021/element/0.7071695155211049-1/text HTTP/1.1
02-06-2018 16:48:22 MainClientExec.java DEBUG [Forwarding getElementText on session 043fa6a1ca06303597656bc00a4e3021 to remote] execchain.MainClientExec 261 - Target auth state: UNCHALLENGED
02-06-2018 16:48:22 MainClientExec.java DEBUG [Forwarding getElementText on session 043fa6a1ca06303597656bc00a4e3021 to remote] execchain.MainClientExec 267 - Proxy auth state: UNCHALLENGED
02-06-2018 16:48:22 LoggingManagedHttpClientConnection.java DEBUG [Forwarding getElementText on session 043fa6a1ca06303597656bc00a4e3021 to remote] http.headers 133 - http-outgoing-335 >> GET /session/043fa6a1ca06303597656bc00a4e3021/element/0.7071695155211049-1/text HTTP/1.1
02-06-2018 16:48:22 LoggingManagedHttpClientConnection.java DEBUG [Forwarding getElementText on session 043fa6a1ca06303597656bc00a4e3021 to remote] http.headers 136 - http-outgoing-335 >> Cache-Control: no-cache
02-06-2018 16:48:22 LoggingManagedHttpClientConnection.java DEBUG [Forwarding getElementText on session 043fa6a1ca06303597656bc00a4e3021 to remote] http.headers 136 - http-outgoing-335 >> Host: localhost:2950
02-06-2018 16:48:22 LoggingManagedHttpClientConnection.java DEBUG [Forwarding getElementText on session 043fa6a1ca06303597656bc00a4e3021 to remote] http.headers 136 - http-outgoing-335 >> Connection: Keep-Alive
02-06-2018 16:48:22 LoggingManagedHttpClientConnection.java DEBUG [Forwarding getElementText on session 043fa6a1ca06303597656bc00a4e3021 to remote] http.headers 136 - http-outgoing-335 >> User-Agent: Apache-HttpClient/4.5.3 (Java/1.8.0_151)
02-06-2018 16:48:22 LoggingManagedHttpClientConnection.java DEBUG [Forwarding getElementText on session 043fa6a1ca06303597656bc00a4e3021 to remote] http.headers 136 - http-outgoing-335 >> Accept-Encoding: gzip,deflate
02-06-2018 16:48:22 Wire.java DEBUG [Forwarding getElementText on session 043fa6a1ca06303597656bc00a4e3021 to remote] http.wire 73 - http-outgoing-335 >> "GET /session/043fa6a1ca06303597656bc00a4e3021/element/0.7071695155211049-1/text HTTP/1.1[\r][\n]"
02-06-2018 16:48:22 Wire.java DEBUG [Forwarding getElementText on session 043fa6a1ca06303597656bc00a4e3021 to remote] http.wire 73 - http-outgoing-335 >> "Cache-Control: no-cache[\r][\n]"
02-06-2018 16:48:22 Wire.java DEBUG [Forwarding getElementText on session 043fa6a1ca06303597656bc00a4e3021 to remote] http.wire 73 - http-outgoing-335 >> "Host: localhost:2950[\r][\n]"
02-06-2018 16:48:22 Wire.java DEBUG [Forwarding getElementText on session 043fa6a1ca06303597656bc00a4e3021 to remote] http.wire 73 - http-outgoing-335 >> "Connection: Keep-Alive[\r][\n]"
02-06-2018 16:48:22 Wire.java DEBUG [Forwarding getElementText on session 043fa6a1ca06303597656bc00a4e3021 to remote] http.wire 73 - http-outgoing-335 >> "User-Agent: Apache-HttpClient/4.5.3 (Java/1.8.0_151)[\r][\n]"
02-06-2018 16:48:22 Wire.java DEBUG [Forwarding getElementText on session 043fa6a1ca06303597656bc00a4e3021 to remote] http.wire 73 - http-outgoing-335 >> "Accept-Encoding: gzip,deflate[\r][\n]"
02-06-2018 16:48:22 Wire.java DEBUG [Forwarding getElementText on session 043fa6a1ca06303597656bc00a4e3021 to remote] http.wire 73 - http-outgoing-335 >> "[\r][\n]"
02-06-2018 16:48:22 Wire.java DEBUG [Forwarding getElementText on session 043fa6a1ca06303597656bc00a4e3021 to remote] http.wire 73 - http-outgoing-335 << "HTTP/1.1 200 OK[\r][\n]"
02-06-2018 16:48:22 Wire.java DEBUG [Forwarding getElementText on session 043fa6a1ca06303597656bc00a4e3021 to remote] http.wire 73 - http-outgoing-335 << "Content-Length:78[\r][\n]"
02-06-2018 16:48:22 Wire.java DEBUG [Forwarding getElementText on session 043fa6a1ca06303597656bc00a4e3021 to remote] http.wire 73 - http-outgoing-335 << "Content-Type:application/json; charset=utf-8[\r][\n]"
02-06-2018 16:48:22 Wire.java DEBUG [Forwarding getElementText on session 043fa6a1ca06303597656bc00a4e3021 to remote] http.wire 73 - http-outgoing-335 << "Connection:close[\r][\n]"
02-06-2018 16:48:22 Wire.java DEBUG [Forwarding getElementText on session 043fa6a1ca06303597656bc00a4e3021 to remote] http.wire 73 - http-outgoing-335 << "[\r][\n]"
02-06-2018 16:48:22 Wire.java DEBUG [Forwarding getElementText on session 043fa6a1ca06303597656bc00a4e3021 to remote] http.wire 87 - http-outgoing-335 << "{"sessionId":"043fa6a1ca06303597656bc00a4e3021","status":0,"value":"Shirisha"}"
02-06-2018 16:48:22 LoggingManagedHttpClientConnection.java DEBUG [Forwarding getElementText on session 043fa6a1ca06303597656bc00a4e3021 to remote] http.headers 122 - http-outgoing-335 << HTTP/1.1 200 OK
02-06-2018 16:48:22 LoggingManagedHttpClientConnection.java DEBUG [Forwarding getElementText on session 043fa6a1ca06303597656bc00a4e3021 to remote] http.headers 125 - http-outgoing-335 << Content-Length:78
02-06-2018 16:48:22 LoggingManagedHttpClientConnection.java DEBUG [Forwarding getElementText on session 043fa6a1ca06303597656bc00a4e3021 to remote] http.headers 125 - http-outgoing-335 << Content-Type:application/json; charset=utf-8
02-06-2018 16:48:22 LoggingManagedHttpClientConnection.java DEBUG [Forwarding getElementText on session 043fa6a1ca06303597656bc00a4e3021 to remote] http.headers 125 - http-outgoing-335 << Connection:close
02-06-2018 16:48:22 LoggingManagedHttpClientConnection.java DEBUG [Forwarding getElementText on session 043fa6a1ca06303597656bc00a4e3021 to remote] conn.DefaultManagedHttpClientConnection 79 - http-outgoing-335: Close connection
02-06-2018 16:48:22 ConnectionHolder.java DEBUG [Forwarding getElementText on session 043fa6a1ca06303597656bc00a4e3021 to remote] execchain.MainClientExec 104 - Connection discarded
02-06-2018 16:48:22 PoolingHttpClientConnectionManager.java DEBUG [Forwarding getElementText on session 043fa6a1ca06303597656bc00a4e3021 to remote] conn.PoolingHttpClientConnectionManager 326 - Connection released: [id: 335][route: {}->http://localhost:2950][total kept alive: 0; route allocated: 0 of 2000; total allocated: 0 of 2000]
02-06-2018 16:48:22 RequestAddCookies.java DEBUG [Forwarding findElement on session 043fa6a1ca06303597656bc00a4e3021 to remote] protocol.RequestAddCookies 123 - CookieSpec selected: default
02-06-2018 16:48:22 RequestAuthCache.java DEBUG [Forwarding findElement on session 043fa6a1ca06303597656bc00a4e3021 to remote] protocol.RequestAuthCache 77 - Auth cache not set in the context
02-06-2018 16:48:22 PoolingHttpClientConnectionManager.java DEBUG [Forwarding findElement on session 043fa6a1ca06303597656bc00a4e3021 to remote] conn.PoolingHttpClientConnectionManager 255 - Connection request: [route: {}->http://localhost:2950][total kept alive: 0; route allocated: 0 of 2000; total allocated: 0 of 2000]
02-06-2018 16:48:22 PoolingHttpClientConnectionManager.java DEBUG [Forwarding findElement on session 043fa6a1ca06303597656bc00a4e3021 to remote] conn.PoolingHttpClientConnectionManager 288 - Connection leased: [id: 336][route: {}->http://localhost:2950][total kept alive: 0; route allocated: 1 of 2000; total allocated: 1 of 2000]
02-06-2018 16:48:22 MainClientExec.java DEBUG [Forwarding findElement on session 043fa6a1ca06303597656bc00a4e3021 to remote] execchain.MainClientExec 235 - Opening connection {}->http://localhost:2950
02-06-2018 16:48:22 DefaultHttpClientConnectionOperator.java DEBUG [Forwarding findElement on session 043fa6a1ca06303597656bc00a4e3021 to remote] conn.DefaultHttpClientConnectionOperator 139 - Connecting to localhost/127.0.0.1:2950
02-06-2018 16:48:22 DefaultHttpClientConnectionOperator.java DEBUG [Forwarding findElement on session 043fa6a1ca06303597656bc00a4e3021 to remote] conn.DefaultHttpClientConnectionOperator 146 - Connection established 127.0.0.1:60549<->127.0.0.1:2950
02-06-2018 16:48:22 LoggingManagedHttpClientConnection.java DEBUG [Forwarding findElement on session 043fa6a1ca06303597656bc00a4e3021 to remote] conn.DefaultManagedHttpClientConnection 88 - http-outgoing-336: set socket timeout to 10800000
02-06-2018 16:48:22 MainClientExec.java DEBUG [Forwarding findElement on session 043fa6a1ca06303597656bc00a4e3021 to remote] execchain.MainClientExec 256 - Executing request POST /session/043fa6a1ca06303597656bc00a4e3021/element HTTP/1.1
02-06-2018 16:48:22 MainClientExec.java DEBUG [Forwarding findElement on session 043fa6a1ca06303597656bc00a4e3021 to remote] execchain.MainClientExec 261 - Target auth state: UNCHALLENGED
02-06-2018 16:48:22 MainClientExec.java DEBUG [Forwarding findElement on session 043fa6a1ca06303597656bc00a4e3021 to remote] execchain.MainClientExec 267 - Proxy auth state: UNCHALLENGED
02-06-2018 16:48:22 LoggingManagedHttpClientConnection.java DEBUG [Forwarding findElement on session 043fa6a1ca06303597656bc00a4e3021 to remote] http.headers 133 - http-outgoing-336 >> POST /session/043fa6a1ca06303597656bc00a4e3021/element HTTP/1.1
02-06-2018 16:48:22 LoggingManagedHttpClientConnection.java DEBUG [Forwarding findElement on session 043fa6a1ca06303597656bc00a4e3021 to remote] http.headers 136 - http-outgoing-336 >> Content-Type: application/json; charset=utf-8
02-06-2018 16:48:22 LoggingManagedHttpClientConnection.java DEBUG [Forwarding findElement on session 043fa6a1ca06303597656bc00a4e3021 to remote] http.headers 136 - http-outgoing-336 >> Content-Length: 87
02-06-2018 16:48:22 LoggingManagedHttpClientConnection.java DEBUG [Forwarding findElement on session 043fa6a1ca06303597656bc00a4e3021 to remote] http.headers 136 - http-outgoing-336 >> Host: localhost:2950
02-06-2018 16:48:22 LoggingManagedHttpClientConnection.java DEBUG [Forwarding findElement on session 043fa6a1ca06303597656bc00a4e3021 to remote] http.headers 136 - http-outgoing-336 >> Connection: Keep-Alive
02-06-2018 16:48:22 LoggingManagedHttpClientConnection.java DEBUG [Forwarding findElement on session 043fa6a1ca06303597656bc00a4e3021 to remote] http.headers 136 - http-outgoing-336 >> User-Agent: Apache-HttpClient/4.5.3 (Java/1.8.0_151)
02-06-2018 16:48:22 LoggingManagedHttpClientConnection.java DEBUG [Forwarding findElement on session 043fa6a1ca06303597656bc00a4e3021 to remote] http.headers 136 - http-outgoing-336 >> Accept-Encoding: gzip,deflate
02-06-2018 16:48:22 Wire.java DEBUG [Forwarding findElement on session 043fa6a1ca06303597656bc00a4e3021 to remote] http.wire 73 - http-outgoing-336 >> "POST /session/043fa6a1ca06303597656bc00a4e3021/element HTTP/1.1[\r][\n]"
02-06-2018 16:48:22 Wire.java DEBUG [Forwarding findElement on session 043fa6a1ca06303597656bc00a4e3021 to remote] http.wire 73 - http-outgoing-336 >> "Content-Type: application/json; charset=utf-8[\r][\n]"
02-06-2018 16:48:22 Wire.java DEBUG [Forwarding findElement on session 043fa6a1ca06303597656bc00a4e3021 to remote] http.wire 73 - http-outgoing-336 >> "Content-Length: 87[\r][\n]"
02-06-2018 16:48:22 Wire.java DEBUG [Forwarding findElement on session 043fa6a1ca06303597656bc00a4e3021 to remote] http.wire 73 - http-outgoing-336 >> "Host: localhost:2950[\r][\n]"
02-06-2018 16:48:22 Wire.java DEBUG [Forwarding findElement on session 043fa6a1ca06303597656bc00a4e3021 to remote] http.wire 73 - http-outgoing-336 >> "Connection: Keep-Alive[\r][\n]"
02-06-2018 16:48:22 Wire.java DEBUG [Forwarding findElement on session 043fa6a1ca06303597656bc00a4e3021 to remote] http.wire 73 - http-outgoing-336 >> "User-Agent: Apache-HttpClient/4.5.3 (Java/1.8.0_151)[\r][\n]"
02-06-2018 16:48:22 Wire.java DEBUG [Forwarding findElement on session 043fa6a1ca06303597656bc00a4e3021 to remote] http.wire 73 - http-outgoing-336 >> "Accept-Encoding: gzip,deflate[\r][\n]"
02-06-2018 16:48:22 Wire.java DEBUG [Forwarding findElement on session 043fa6a1ca06303597656bc00a4e3021 to remote] http.wire 73 - http-outgoing-336 >> "[\r][\n]"
02-06-2018 16:48:22 Wire.java DEBUG [Forwarding findElement on session 043fa6a1ca06303597656bc00a4e3021 to remote] http.wire 87 - http-outgoing-336 >> "{"using":"xpath","value":"html/body/div[1]/div[1]/div/div/div[1]/div/div[2]/div[1]/h5"}"
02-06-2018 16:48:22 Wire.java DEBUG [Forwarding findElement on session 043fa6a1ca06303597656bc00a4e3021 to remote] http.wire 73 - http-outgoing-336 << "HTTP/1.1 200 OK[\r][\n]"
02-06-2018 16:48:22 Wire.java DEBUG [Forwarding findElement on session 043fa6a1ca06303597656bc00a4e3021 to remote] http.wire 73 - http-outgoing-336 << "Content-Length:102[\r][\n]"
02-06-2018 16:48:22 Wire.java DEBUG [Forwarding findElement on session 043fa6a1ca06303597656bc00a4e3021 to remote] http.wire 73 - http-outgoing-336 << "Content-Type:application/json; charset=utf-8[\r][\n]"
02-06-2018 16:48:22 Wire.java DEBUG [Forwarding findElement on session 043fa6a1ca06303597656bc00a4e3021 to remote] http.wire 73 - http-outgoing-336 << "Connection:close[\r][\n]"
02-06-2018 16:48:22 Wire.java DEBUG [Forwarding findElement on session 043fa6a1ca06303597656bc00a4e3021 to remote] http.wire 73 - http-outgoing-336 << "[\r][\n]"
02-06-2018 16:48:22 Wire.java DEBUG [Forwarding findElement on session 043fa6a1ca06303597656bc00a4e3021 to remote] http.wire 87 - http-outgoing-336 << "{"sessionId":"043fa6a1ca06303597656bc00a4e3021","status":0,"value":{"ELEMENT":"0.7071695155211049-2"}}"
02-06-2018 16:48:22 LoggingManagedHttpClientConnection.java DEBUG [Forwarding findElement on session 043fa6a1ca06303597656bc00a4e3021 to remote] http.headers 122 - http-outgoing-336 << HTTP/1.1 200 OK
02-06-2018 16:48:22 LoggingManagedHttpClientConnection.java DEBUG [Forwarding findElement on session 043fa6a1ca06303597656bc00a4e3021 to remote] http.headers 125 - http-outgoing-336 << Content-Length:102
02-06-2018 16:48:22 LoggingManagedHttpClientConnection.java DEBUG [Forwarding findElement on session 043fa6a1ca06303597656bc00a4e3021 to remote] http.headers 125 - http-outgoing-336 << Content-Type:application/json; charset=utf-8
02-06-2018 16:48:22 LoggingManagedHttpClientConnection.java DEBUG [Forwarding findElement on session 043fa6a1ca06303597656bc00a4e3021 to remote] http.headers 125 - http-outgoing-336 << Connection:close
02-06-2018 16:48:22 LoggingManagedHttpClientConnection.java DEBUG [Forwarding findElement on session 043fa6a1ca06303597656bc00a4e3021 to remote] conn.DefaultManagedHttpClientConnection 79 - http-outgoing-336: Close connection
02-06-2018 16:48:22 ConnectionHolder.java DEBUG [Forwarding findElement on session 043fa6a1ca06303597656bc00a4e3021 to remote] execchain.MainClientExec 104 - Connection discarded
02-06-2018 16:48:22 PoolingHttpClientConnectionManager.java DEBUG [Forwarding findElement on session 043fa6a1ca06303597656bc00a4e3021 to remote] conn.PoolingHttpClientConnectionManager 326 - Connection released: [id: 336][route: {}->http://localhost:2950][total kept alive: 0; route allocated: 0 of 2000; total allocated: 0 of 2000]
02-06-2018 16:48:22 RequestAddCookies.java DEBUG [Forwarding isElementDisplayed on session 043fa6a1ca06303597656bc00a4e3021 to remote] protocol.RequestAddCookies 123 - CookieSpec selected: default
02-06-2018 16:48:22 RequestAuthCache.java DEBUG [Forwarding isElementDisplayed on session 043fa6a1ca06303597656bc00a4e3021 to remote] protocol.RequestAuthCache 77 - Auth cache not set in the context
02-06-2018 16:48:22 PoolingHttpClientConnectionManager.java DEBUG [Forwarding isElementDisplayed on session 043fa6a1ca06303597656bc00a4e3021 to remote] conn.PoolingHttpClientConnectionManager 255 - Connection request: [route: {}->http://localhost:2950][total kept alive: 0; route allocated: 0 of 2000; total allocated: 0 of 2000]
02-06-2018 16:48:22 PoolingHttpClientConnectionManager.java DEBUG [Forwarding isElementDisplayed on session 043fa6a1ca06303597656bc00a4e3021 to remote] conn.PoolingHttpClientConnectionManager 288 - Connection leased: [id: 337][route: {}->http://localhost:2950][total kept alive: 0; route allocated: 1 of 2000; total allocated: 1 of 2000]
02-06-2018 16:48:22 MainClientExec.java DEBUG [Forwarding isElementDisplayed on session 043fa6a1ca06303597656bc00a4e3021 to remote] execchain.MainClientExec 235 - Opening connection {}->http://localhost:2950
02-06-2018 16:48:22 DefaultHttpClientConnectionOperator.java DEBUG [Forwarding isElementDisplayed on session 043fa6a1ca06303597656bc00a4e3021 to remote] conn.DefaultHttpClientConnectionOperator 139 - Connecting to localhost/127.0.0.1:2950
02-06-2018 16:48:22 DefaultHttpClientConnectionOperator.java DEBUG [Forwarding isElementDisplayed on session 043fa6a1ca06303597656bc00a4e3021 to remote] conn.DefaultHttpClientConnectionOperator 146 - Connection established 127.0.0.1:60550<->127.0.0.1:2950
02-06-2018 16:48:22 LoggingManagedHttpClientConnection.java DEBUG [Forwarding isElementDisplayed on session 043fa6a1ca06303597656bc00a4e3021 to remote] conn.DefaultManagedHttpClientConnection 88 - http-outgoing-337: set socket timeout to 10800000
02-06-2018 16:48:22 MainClientExec.java DEBUG [Forwarding isElementDisplayed on session 043fa6a1ca06303597656bc00a4e3021 to remote] execchain.MainClientExec 256 - Executing request GET /session/043fa6a1ca06303597656bc00a4e3021/element/0.7071695155211049-2/displayed HTTP/1.1
02-06-2018 16:48:22 MainClientExec.java DEBUG [Forwarding isElementDisplayed on session 043fa6a1ca06303597656bc00a4e3021 to remote] execchain.MainClientExec 261 - Target auth state: UNCHALLENGED
02-06-2018 16:48:22 MainClientExec.java DEBUG [Forwarding isElementDisplayed on session 043fa6a1ca06303597656bc00a4e3021 to remote] execchain.MainClientExec 267 - Proxy auth state: UNCHALLENGED
02-06-2018 16:48:22 LoggingManagedHttpClientConnection.java DEBUG [Forwarding isElementDisplayed on session 043fa6a1ca06303597656bc00a4e3021 to remote] http.headers 133 - http-outgoing-337 >> GET /session/043fa6a1ca06303597656bc00a4e3021/element/0.7071695155211049-2/displayed HTTP/1.1
02-06-2018 16:48:22 LoggingManagedHttpClientConnection.java DEBUG [Forwarding isElementDisplayed on session 043fa6a1ca06303597656bc00a4e3021 to remote] http.headers 136 - http-outgoing-337 >> Cache-Control: no-cache
02-06-2018 16:48:22 LoggingManagedHttpClientConnection.java DEBUG [Forwarding isElementDisplayed on session 043fa6a1ca06303597656bc00a4e3021 to remote] http.headers 136 - http-outgoing-337 >> Host: localhost:2950
02-06-2018 16:48:22 LoggingManagedHttpClientConnection.java DEBUG [Forwarding isElementDisplayed on session 043fa6a1ca06303597656bc00a4e3021 to remote] http.headers 136 - http-outgoing-337 >> Connection: Keep-Alive
02-06-2018 16:48:22 LoggingManagedHttpClientConnection.java DEBUG [Forwarding isElementDisplayed on session 043fa6a1ca06303597656bc00a4e3021 to remote] http.headers 136 - http-outgoing-337 >> User-Agent: Apache-HttpClient/4.5.3 (Java/1.8.0_151)
02-06-2018 16:48:22 LoggingManagedHttpClientConnection.java DEBUG [Forwarding isElementDisplayed on session 043fa6a1ca06303597656bc00a4e3021 to remote] http.headers 136 - http-outgoing-337 >> Accept-Encoding: gzip,deflate
02-06-2018 16:48:22 Wire.java DEBUG [Forwarding isElementDisplayed on session 043fa6a1ca06303597656bc00a4e3021 to remote] http.wire 73 - http-outgoing-337 >> "GET /session/043fa6a1ca06303597656bc00a4e3021/element/0.7071695155211049-2/displayed HTTP/1.1[\r][\n]"
02-06-2018 16:48:22 Wire.java DEBUG [Forwarding isElementDisplayed on session 043fa6a1ca06303597656bc00a4e3021 to remote] http.wire 73 - http-outgoing-337 >> "Cache-Control: no-cache[\r][\n]"
02-06-2018 16:48:22 Wire.java DEBUG [Forwarding isElementDisplayed on session 043fa6a1ca06303597656bc00a4e3021 to remote] http.wire 73 - http-outgoing-337 >> "Host: localhost:2950[\r][\n]"
02-06-2018 16:48:22 Wire.java DEBUG [Forwarding isElementDisplayed on session 043fa6a1ca06303597656bc00a4e3021 to remote] http.wire 73 - http-outgoing-337 >> "Connection: Keep-Alive[\r][\n]"
02-06-2018 16:48:22 Wire.java DEBUG [Forwarding isElementDisplayed on session 043fa6a1ca06303597656bc00a4e3021 to remote] http.wire 73 - http-outgoing-337 >> "User-Agent: Apache-HttpClient/4.5.3 (Java/1.8.0_151)[\r][\n]"
02-06-2018 16:48:22 Wire.java DEBUG [Forwarding isElementDisplayed on session 043fa6a1ca06303597656bc00a4e3021 to remote] http.wire 73 - http-outgoing-337 >> "Accept-Encoding: gzip,deflate[\r][\n]"
02-06-2018 16:48:22 Wire.java DEBUG [Forwarding isElementDisplayed on session 043fa6a1ca06303597656bc00a4e3021 to remote] http.wire 73 - http-outgoing-337 >> "[\r][\n]"
02-06-2018 16:48:22 Wire.java DEBUG [Forwarding isElementDisplayed on session 043fa6a1ca06303597656bc00a4e3021 to remote] http.wire 73 - http-outgoing-337 << "HTTP/1.1 200 OK[\r][\n]"
02-06-2018 16:48:22 Wire.java DEBUG [Forwarding isElementDisplayed on session 043fa6a1ca06303597656bc00a4e3021 to remote] http.wire 73 - http-outgoing-337 << "Content-Length:73[\r][\n]"
02-06-2018 16:48:22 Wire.java DEBUG [Forwarding isElementDisplayed on session 043fa6a1ca06303597656bc00a4e3021 to remote] http.wire 73 - http-outgoing-337 << "Content-Type:application/json; charset=utf-8[\r][\n]"
02-06-2018 16:48:22 Wire.java DEBUG [Forwarding isElementDisplayed on session 043fa6a1ca06303597656bc00a4e3021 to remote] http.wire 73 - http-outgoing-337 << "Connection:close[\r][\n]"
02-06-2018 16:48:22 Wire.java DEBUG [Forwarding isElementDisplayed on session 043fa6a1ca06303597656bc00a4e3021 to remote] http.wire 73 - http-outgoing-337 << "[\r][\n]"
02-06-2018 16:48:22 Wire.java DEBUG [Forwarding isElementDisplayed on session 043fa6a1ca06303597656bc00a4e3021 to remote] http.wire 87 - http-outgoing-337 << "{"sessionId":"043fa6a1ca06303597656bc00a4e3021","status":0,"value":false}"
02-06-2018 16:48:22 LoggingManagedHttpClientConnection.java DEBUG [Forwarding isElementDisplayed on session 043fa6a1ca06303597656bc00a4e3021 to remote] http.headers 122 - http-outgoing-337 << HTTP/1.1 200 OK
02-06-2018 16:48:22 LoggingManagedHttpClientConnection.java DEBUG [Forwarding isElementDisplayed on session 043fa6a1ca06303597656bc00a4e3021 to remote] http.headers 125 - http-outgoing-337 << Content-Length:73
02-06-2018 16:48:22 LoggingManagedHttpClientConnection.java DEBUG [Forwarding isElementDisplayed on session 043fa6a1ca06303597656bc00a4e3021 to remote] http.headers 125 - http-outgoing-337 << Content-Type:application/json; charset=utf-8
02-06-2018 16:48:22 LoggingManagedHttpClientConnection.java DEBUG [Forwarding isElementDisplayed on session 043fa6a1ca06303597656bc00a4e3021 to remote] http.headers 125 - http-outgoing-337 << Connection:close
02-06-2018 16:48:22 LoggingManagedHttpClientConnection.java DEBUG [Forwarding isElementDisplayed on session 043fa6a1ca06303597656bc00a4e3021 to remote] conn.DefaultManagedHttpClientConnection 79 - http-outgoing-337: Close connection
02-06-2018 16:48:22 ConnectionHolder.java DEBUG [Forwarding isElementDisplayed on session 043fa6a1ca06303597656bc00a4e3021 to remote] execchain.MainClientExec 104 - Connection discarded
02-06-2018 16:48:22 PoolingHttpClientConnectionManager.java DEBUG [Forwarding isElementDisplayed on session 043fa6a1ca06303597656bc00a4e3021 to remote] conn.PoolingHttpClientConnectionManager 326 - Connection released: [id: 337][route: {}->http://localhost:2950][total kept alive: 0; route allocated: 0 of 2000; total allocated: 0 of 2000]
]]></system-out>
    <system-err><![CDATA[Starting ChromeDriver 2.33.506120 (e3e53437346286c0bc2d2dc9aa4915ba81d9023f) on port 2950
Only local connections are allowed.
Feb 06, 2018 4:48:07 PM org.openqa.selenium.remote.ProtocolHandshake createSession
INFO: Detected dialect: OSS
]]></system-err>
  </testcase>
  <testcase name="verifyLCreateAcctBtnTest" classname="com.JusDone.qa.TestCases.LoginPageTest" time="0.036"/>
  <testcase name="verifyContactUsLogoTest" classname="com.JusDone.qa.TestCases.HomePageTest" time="0.044"/>
  <testcase name="VerifyInvalidEmailErrorMsgTest" classname="com.JusDone.qa.TestCases.RegisterPageTest" time="1.827"/>
  <testcase name="verifyDashBoardBtnTest" classname="com.JusDone.qa.TestCases.DashBoardPageTest" time="0.031"/>
  <testcase name="ValidLoginTest" classname="com.JusDone.qa.TestCases.LoginPageTest" time="6.748"/>
  <testcase name="verifyAboutUsLogoTest" classname="com.JusDone.qa.TestCases.HomePageTest" time="0.043"/>
  <testcase name="VerifyPwdMatchErrorMsgTest" classname="com.JusDone.qa.TestCases.RegisterPageTest" time="1.724"/>
  <testcase name="verifyTeamsBtnTest" classname="com.JusDone.qa.TestCases.DashBoardPageTest" time="0.031"/>
  <testcase name="InvalidLoginTest" classname="com.JusDone.qa.TestCases.LoginPageTest" time="1.539"/>
  <testcase name="VerifyBlankErrorMsgTest" classname="com.JusDone.qa.TestCases.RegisterPageTest" time="0.941"/>
  <testcase name="ClickOnSignupLogoTest" classname="com.JusDone.qa.TestCases.HomePageTest" time="2.338"/>
  <testcase name="verifyTaskBtnTest" classname="com.JusDone.qa.TestCases.DashBoardPageTest" time="0.028"/>
  <testcase name="BlankInputLoginTest" classname="com.JusDone.qa.TestCases.LoginPageTest" time="0.562"/>
  <testcase name="ClickSignInButtonTest" classname="com.JusDone.qa.TestCases.RegisterPageTest" time="0.537"/>
  <testcase name="ClickLoginBtnTest" classname="com.JusDone.qa.TestCases.HomePageTest" time="6.286"/>
  <testcase name="verifyInvitesBtnTest" classname="com.JusDone.qa.TestCases.DashBoardPageTest" time="0.031"/>
  <testcase name="verifySettingsBtnTest" classname="com.JusDone.qa.TestCases.DashBoardPageTest" time="0.025"/>
  <testcase name="verifyMenuBarTest" classname="com.JusDone.qa.TestCases.DashBoardPageTest" time="0.019"/>
  <testcase name="verifyCreateNewTeamBtnTest" classname="com.JusDone.qa.TestCases.DashBoardPageTest" time="0.017"/>
  <testcase name="verifyBellBtnTest" classname="com.JusDone.qa.TestCases.DashBoardPageTest" time="0.032"/>
  <testcase name="verifyLogOutBtnTest" classname="com.JusDone.qa.TestCases.DashBoardPageTest" time="0.012"/>
  <testcase name="verifyCreateNewTaskLinkTest" classname="com.JusDone.qa.TestCases.DashBoardPageTest" time="0.016"/>
  <testcase name="CreateTeamBtnTest" classname="com.JusDone.qa.TestCases.DashBoardPageTest" time="7.553"/>
  <testcase name="ClickCreateNewTaskLinkTest" classname="com.JusDone.qa.TestCases.DashBoardPageTest" time="0.027">
    <failure message="element not visible&#10;  (Session info: chrome=63.0.3239.132)&#10;  (Driver info: chromedriver=2.33.506120 (e3e53437346286c0bc2d2dc9aa4915ba81d9023f),platform=Windows NT 10.0.16299 x86_64) (WARNING: The server did not provide any stacktrace information)&#10;Command duration or timeout: 0 milliseconds&#10;Build info: version: &apos;3.7.1&apos;, revision: &apos;8a0099a&apos;, time: &apos;2017-11-06T21:01:39.354Z&apos;&#10;System info: host: &apos;NALLANS-NEWPC&apos;, ip: &apos;192.168.186.1&apos;, os.name: &apos;Windows 10&apos;, os.arch: &apos;amd64&apos;, os.version: &apos;10.0&apos;, java.version: &apos;1.8.0_151&apos;&#10;Driver info: org.openqa.selenium.chrome.ChromeDriver&#10;Capabilities {acceptSslCerts: true, applicationCacheEnabled: false, browserConnectionEnabled: false, browserName: chrome, chrome: {chromedriverVersion: 2.33.506120 (e3e53437346286..., userDataDir: C:\Users\venka\AppData\Loca...}, cssSelectorsEnabled: true, databaseEnabled: false, handlesAlerts: true, hasTouchScreen: false, javascriptEnabled: true, locationContextEnabled: true, mobileEmulationEnabled: false, nativeEvents: true, networkConnectionEnabled: false, pageLoadStrategy: normal, platform: XP, platformName: XP, rotatable: false, setWindowRect: true, takesHeapSnapshot: true, takesScreenshot: true, unexpectedAlertBehaviour: , unhandledPromptBehavior: , version: 63.0.3239.132, webStorageEnabled: true}&#10;Session ID: 27c49ceb9e8ae98f6fc6cb172c44e9e4" type="org.openqa.selenium.ElementNotVisibleException">org.openqa.selenium.ElementNotVisibleException: 
element not visible
  (Session info: chrome=63.0.3239.132)
  (Driver info: chromedriver=2.33.506120 (e3e53437346286c0bc2d2dc9aa4915ba81d9023f),platform=Windows NT 10.0.16299 x86_64) (WARNING: The server did not provide any stacktrace information)
Command duration or timeout: 0 milliseconds
Build info: version: '3.7.1', revision: '8a0099a', time: '2017-11-06T21:01:39.354Z'
System info: host: 'NALLANS-NEWPC', ip: '192.168.186.1', os.name: 'Windows 10', os.arch: 'amd64', os.version: '10.0', java.version: '1.8.0_151'
Driver info: org.openqa.selenium.chrome.ChromeDriver
Capabilities {acceptSslCerts: true, applicationCacheEnabled: false, browserConnectionEnabled: false, browserName: chrome, chrome: {chromedriverVersion: 2.33.506120 (e3e53437346286..., userDataDir: C:\Users\venka\AppData\Loca...}, cssSelectorsEnabled: true, databaseEnabled: false, handlesAlerts: true, hasTouchScreen: false, javascriptEnabled: true, locationContextEnabled: true, mobileEmulationEnabled: false, nativeEvents: true, networkConnectionEnabled: false, pageLoadStrategy: normal, platform: XP, platformName: XP, rotatable: false, setWindowRect: true, takesHeapSnapshot: true, takesScreenshot: true, unexpectedAlertBehaviour: , unhandledPromptBehavior: , version: 63.0.3239.132, webStorageEnabled: true}
Session ID: 27c49ceb9e8ae98f6fc6cb172c44e9e4
	at com.JusDone.qa.TestCases.DashBoardPageTest.ClickCreateNewTaskLinkTest(DashBoardPageTest.java:152)
</failure>
    <system-out><![CDATA[02-06-2018 16:54:10 RequestAddCookies.java DEBUG [Forwarding quit on session 71704efc01b88ecb6d17efd452208389 to remote] protocol.RequestAddCookies 123 - CookieSpec selected: default
02-06-2018 16:54:10 RequestAuthCache.java DEBUG [Forwarding quit on session 71704efc01b88ecb6d17efd452208389 to remote] protocol.RequestAuthCache 77 - Auth cache not set in the context
02-06-2018 16:54:10 PoolingHttpClientConnectionManager.java DEBUG [Forwarding quit on session 71704efc01b88ecb6d17efd452208389 to remote] conn.PoolingHttpClientConnectionManager 255 - Connection request: [route: {}->http://localhost:13697][total kept alive: 0; route allocated: 0 of 2000; total allocated: 0 of 2000]
02-06-2018 16:54:10 PoolingHttpClientConnectionManager.java DEBUG [Forwarding quit on session 71704efc01b88ecb6d17efd452208389 to remote] conn.PoolingHttpClientConnectionManager 288 - Connection leased: [id: 781][route: {}->http://localhost:13697][total kept alive: 0; route allocated: 1 of 2000; total allocated: 1 of 2000]
02-06-2018 16:54:10 MainClientExec.java DEBUG [Forwarding quit on session 71704efc01b88ecb6d17efd452208389 to remote] execchain.MainClientExec 235 - Opening connection {}->http://localhost:13697
02-06-2018 16:54:10 DefaultHttpClientConnectionOperator.java DEBUG [Forwarding quit on session 71704efc01b88ecb6d17efd452208389 to remote] conn.DefaultHttpClientConnectionOperator 139 - Connecting to localhost/127.0.0.1:13697
02-06-2018 16:54:10 DefaultHttpClientConnectionOperator.java DEBUG [Forwarding quit on session 71704efc01b88ecb6d17efd452208389 to remote] conn.DefaultHttpClientConnectionOperator 146 - Connection established 127.0.0.1:61670<->127.0.0.1:13697
02-06-2018 16:54:10 LoggingManagedHttpClientConnection.java DEBUG [Forwarding quit on session 71704efc01b88ecb6d17efd452208389 to remote] conn.DefaultManagedHttpClientConnection 88 - http-outgoing-781: set socket timeout to 10800000
02-06-2018 16:54:10 MainClientExec.java DEBUG [Forwarding quit on session 71704efc01b88ecb6d17efd452208389 to remote] execchain.MainClientExec 256 - Executing request DELETE /session/71704efc01b88ecb6d17efd452208389 HTTP/1.1
02-06-2018 16:54:10 MainClientExec.java DEBUG [Forwarding quit on session 71704efc01b88ecb6d17efd452208389 to remote] execchain.MainClientExec 261 - Target auth state: UNCHALLENGED
02-06-2018 16:54:10 MainClientExec.java DEBUG [Forwarding quit on session 71704efc01b88ecb6d17efd452208389 to remote] execchain.MainClientExec 267 - Proxy auth state: UNCHALLENGED
02-06-2018 16:54:10 LoggingManagedHttpClientConnection.java DEBUG [Forwarding quit on session 71704efc01b88ecb6d17efd452208389 to remote] http.headers 133 - http-outgoing-781 >> DELETE /session/71704efc01b88ecb6d17efd452208389 HTTP/1.1
02-06-2018 16:54:10 LoggingManagedHttpClientConnection.java DEBUG [Forwarding quit on session 71704efc01b88ecb6d17efd452208389 to remote] http.headers 136 - http-outgoing-781 >> Host: localhost:13697
02-06-2018 16:54:10 LoggingManagedHttpClientConnection.java DEBUG [Forwarding quit on session 71704efc01b88ecb6d17efd452208389 to remote] http.headers 136 - http-outgoing-781 >> Connection: Keep-Alive
02-06-2018 16:54:10 LoggingManagedHttpClientConnection.java DEBUG [Forwarding quit on session 71704efc01b88ecb6d17efd452208389 to remote] http.headers 136 - http-outgoing-781 >> User-Agent: Apache-HttpClient/4.5.3 (Java/1.8.0_151)
02-06-2018 16:54:10 LoggingManagedHttpClientConnection.java DEBUG [Forwarding quit on session 71704efc01b88ecb6d17efd452208389 to remote] http.headers 136 - http-outgoing-781 >> Accept-Encoding: gzip,deflate
02-06-2018 16:54:10 Wire.java DEBUG [Forwarding quit on session 71704efc01b88ecb6d17efd452208389 to remote] http.wire 73 - http-outgoing-781 >> "DELETE /session/71704efc01b88ecb6d17efd452208389 HTTP/1.1[\r][\n]"
02-06-2018 16:54:10 Wire.java DEBUG [Forwarding quit on session 71704efc01b88ecb6d17efd452208389 to remote] http.wire 73 - http-outgoing-781 >> "Host: localhost:13697[\r][\n]"
02-06-2018 16:54:10 Wire.java DEBUG [Forwarding quit on session 71704efc01b88ecb6d17efd452208389 to remote] http.wire 73 - http-outgoing-781 >> "Connection: Keep-Alive[\r][\n]"
02-06-2018 16:54:10 Wire.java DEBUG [Forwarding quit on session 71704efc01b88ecb6d17efd452208389 to remote] http.wire 73 - http-outgoing-781 >> "User-Agent: Apache-HttpClient/4.5.3 (Java/1.8.0_151)[\r][\n]"
02-06-2018 16:54:10 Wire.java DEBUG [Forwarding quit on session 71704efc01b88ecb6d17efd452208389 to remote] http.wire 73 - http-outgoing-781 >> "Accept-Encoding: gzip,deflate[\r][\n]"
02-06-2018 16:54:10 Wire.java DEBUG [Forwarding quit on session 71704efc01b88ecb6d17efd452208389 to remote] http.wire 73 - http-outgoing-781 >> "[\r][\n]"
02-06-2018 16:54:10 Wire.java DEBUG [Forwarding quit on session 71704efc01b88ecb6d17efd452208389 to remote] http.wire 73 - http-outgoing-781 << "HTTP/1.1 200 OK[\r][\n]"
02-06-2018 16:54:10 Wire.java DEBUG [Forwarding quit on session 71704efc01b88ecb6d17efd452208389 to remote] http.wire 73 - http-outgoing-781 << "Content-Length:72[\r][\n]"
02-06-2018 16:54:10 Wire.java DEBUG [Forwarding quit on session 71704efc01b88ecb6d17efd452208389 to remote] http.wire 73 - http-outgoing-781 << "Content-Type:application/json; charset=utf-8[\r][\n]"
02-06-2018 16:54:10 Wire.java DEBUG [Forwarding quit on session 71704efc01b88ecb6d17efd452208389 to remote] http.wire 73 - http-outgoing-781 << "Connection:close[\r][\n]"
02-06-2018 16:54:10 Wire.java DEBUG [Forwarding quit on session 71704efc01b88ecb6d17efd452208389 to remote] http.wire 73 - http-outgoing-781 << "[\r][\n]"
02-06-2018 16:54:10 Wire.java DEBUG [Forwarding quit on session 71704efc01b88ecb6d17efd452208389 to remote] http.wire 87 - http-outgoing-781 << "{"sessionId":"71704efc01b88ecb6d17efd452208389","status":0,"value":null}"
02-06-2018 16:54:10 LoggingManagedHttpClientConnection.java DEBUG [Forwarding quit on session 71704efc01b88ecb6d17efd452208389 to remote] http.headers 122 - http-outgoing-781 << HTTP/1.1 200 OK
02-06-2018 16:54:10 LoggingManagedHttpClientConnection.java DEBUG [Forwarding quit on session 71704efc01b88ecb6d17efd452208389 to remote] http.headers 125 - http-outgoing-781 << Content-Length:72
02-06-2018 16:54:10 LoggingManagedHttpClientConnection.java DEBUG [Forwarding quit on session 71704efc01b88ecb6d17efd452208389 to remote] http.headers 125 - http-outgoing-781 << Content-Type:application/json; charset=utf-8
02-06-2018 16:54:10 LoggingManagedHttpClientConnection.java DEBUG [Forwarding quit on session 71704efc01b88ecb6d17efd452208389 to remote] http.headers 125 - http-outgoing-781 << Connection:close
02-06-2018 16:54:10 LoggingManagedHttpClientConnection.java DEBUG [Forwarding quit on session 71704efc01b88ecb6d17efd452208389 to remote] conn.DefaultManagedHttpClientConnection 79 - http-outgoing-781: Close connection
02-06-2018 16:54:10 ConnectionHolder.java DEBUG [Forwarding quit on session 71704efc01b88ecb6d17efd452208389 to remote] execchain.MainClientExec 104 - Connection discarded
02-06-2018 16:54:10 PoolingHttpClientConnectionManager.java DEBUG [Forwarding quit on session 71704efc01b88ecb6d17efd452208389 to remote] conn.PoolingHttpClientConnectionManager 326 - Connection released: [id: 781][route: {}->http://localhost:13697][total kept alive: 0; route allocated: 0 of 2000; total allocated: 0 of 2000]
02-06-2018 16:54:10 PoolingHttpClientConnectionManager.java DEBUG [Forwarding quit on session 71704efc01b88ecb6d17efd452208389 to remote] conn.PoolingHttpClientConnectionManager 407 - Closing connections idle longer than 0 SECONDS
02-06-2018 16:54:11 RequestAddCookies.java DEBUG [Forwarding newSession on session null to remote] protocol.RequestAddCookies 123 - CookieSpec selected: default
02-06-2018 16:54:11 RequestAuthCache.java DEBUG [Forwarding newSession on session null to remote] protocol.RequestAuthCache 77 - Auth cache not set in the context
02-06-2018 16:54:11 PoolingHttpClientConnectionManager.java DEBUG [Forwarding newSession on session null to remote] conn.PoolingHttpClientConnectionManager 255 - Connection request: [route: {}->http://localhost:20761][total kept alive: 0; route allocated: 0 of 2000; total allocated: 0 of 2000]
02-06-2018 16:54:11 PoolingHttpClientConnectionManager.java DEBUG [Forwarding newSession on session null to remote] conn.PoolingHttpClientConnectionManager 288 - Connection leased: [id: 782][route: {}->http://localhost:20761][total kept alive: 0; route allocated: 1 of 2000; total allocated: 1 of 2000]
02-06-2018 16:54:11 MainClientExec.java DEBUG [Forwarding newSession on session null to remote] execchain.MainClientExec 235 - Opening connection {}->http://localhost:20761
02-06-2018 16:54:11 DefaultHttpClientConnectionOperator.java DEBUG [Forwarding newSession on session null to remote] conn.DefaultHttpClientConnectionOperator 139 - Connecting to localhost/127.0.0.1:20761
02-06-2018 16:54:11 DefaultHttpClientConnectionOperator.java DEBUG [Forwarding newSession on session null to remote] conn.DefaultHttpClientConnectionOperator 146 - Connection established 127.0.0.1:61676<->127.0.0.1:20761
02-06-2018 16:54:11 LoggingManagedHttpClientConnection.java DEBUG [Forwarding newSession on session null to remote] conn.DefaultManagedHttpClientConnection 88 - http-outgoing-782: set socket timeout to 10800000
02-06-2018 16:54:11 MainClientExec.java DEBUG [Forwarding newSession on session null to remote] execchain.MainClientExec 256 - Executing request POST /session HTTP/1.1
02-06-2018 16:54:11 MainClientExec.java DEBUG [Forwarding newSession on session null to remote] execchain.MainClientExec 261 - Target auth state: UNCHALLENGED
02-06-2018 16:54:11 MainClientExec.java DEBUG [Forwarding newSession on session null to remote] execchain.MainClientExec 267 - Proxy auth state: UNCHALLENGED
02-06-2018 16:54:11 LoggingManagedHttpClientConnection.java DEBUG [Forwarding newSession on session null to remote] http.headers 133 - http-outgoing-782 >> POST /session HTTP/1.1
02-06-2018 16:54:11 LoggingManagedHttpClientConnection.java DEBUG [Forwarding newSession on session null to remote] http.headers 136 - http-outgoing-782 >> Content-Type: application/json; charset=utf-8
02-06-2018 16:54:11 LoggingManagedHttpClientConnection.java DEBUG [Forwarding newSession on session null to remote] http.headers 136 - http-outgoing-782 >> Content-Length: 335
02-06-2018 16:54:11 LoggingManagedHttpClientConnection.java DEBUG [Forwarding newSession on session null to remote] http.headers 136 - http-outgoing-782 >> Host: localhost:20761
02-06-2018 16:54:11 LoggingManagedHttpClientConnection.java DEBUG [Forwarding newSession on session null to remote] http.headers 136 - http-outgoing-782 >> Connection: Keep-Alive
02-06-2018 16:54:11 LoggingManagedHttpClientConnection.java DEBUG [Forwarding newSession on session null to remote] http.headers 136 - http-outgoing-782 >> User-Agent: Apache-HttpClient/4.5.3 (Java/1.8.0_151)
02-06-2018 16:54:11 LoggingManagedHttpClientConnection.java DEBUG [Forwarding newSession on session null to remote] http.headers 136 - http-outgoing-782 >> Accept-Encoding: gzip,deflate
02-06-2018 16:54:11 Wire.java DEBUG [Forwarding newSession on session null to remote] http.wire 73 - http-outgoing-782 >> "POST /session HTTP/1.1[\r][\n]"
02-06-2018 16:54:11 Wire.java DEBUG [Forwarding newSession on session null to remote] http.wire 73 - http-outgoing-782 >> "Content-Type: application/json; charset=utf-8[\r][\n]"
02-06-2018 16:54:11 Wire.java DEBUG [Forwarding newSession on session null to remote] http.wire 73 - http-outgoing-782 >> "Content-Length: 335[\r][\n]"
02-06-2018 16:54:11 Wire.java DEBUG [Forwarding newSession on session null to remote] http.wire 73 - http-outgoing-782 >> "Host: localhost:20761[\r][\n]"
02-06-2018 16:54:11 Wire.java DEBUG [Forwarding newSession on session null to remote] http.wire 73 - http-outgoing-782 >> "Connection: Keep-Alive[\r][\n]"
02-06-2018 16:54:11 Wire.java DEBUG [Forwarding newSession on session null to remote] http.wire 73 - http-outgoing-782 >> "User-Agent: Apache-HttpClient/4.5.3 (Java/1.8.0_151)[\r][\n]"
02-06-2018 16:54:11 Wire.java DEBUG [Forwarding newSession on session null to remote] http.wire 73 - http-outgoing-782 >> "Accept-Encoding: gzip,deflate[\r][\n]"
02-06-2018 16:54:11 Wire.java DEBUG [Forwarding newSession on session null to remote] http.wire 73 - http-outgoing-782 >> "[\r][\n]"
02-06-2018 16:54:11 Wire.java DEBUG [Forwarding newSession on session null to remote] http.wire 73 - http-outgoing-782 >> "{[\n]"
02-06-2018 16:54:11 Wire.java DEBUG [Forwarding newSession on session null to remote] http.wire 73 - http-outgoing-782 >> "  "desiredCapabilities": {"browserName":"chrome","goog:chromeOptions":{"args":[],"extensions":[]}},[\n]"
02-06-2018 16:54:11 Wire.java DEBUG [Forwarding newSession on session null to remote] http.wire 73 - http-outgoing-782 >> "  "capabilities": {[\n]"
02-06-2018 16:54:11 Wire.java DEBUG [Forwarding newSession on session null to remote] http.wire 73 - http-outgoing-782 >> "    "desiredCapabilities": {"browserName":"chrome","goog:chromeOptions":{"args":[],"extensions":[]}},[\n]"
02-06-2018 16:54:11 Wire.java DEBUG [Forwarding newSession on session null to remote] http.wire 73 - http-outgoing-782 >> "    "firstMatch": [[\n]"
02-06-2018 16:54:11 Wire.java DEBUG [Forwarding newSession on session null to remote] http.wire 73 - http-outgoing-782 >> "      {"browserName":"chrome","goog:chromeOptions":{"args":[],"extensions":[]}}[\n]"
02-06-2018 16:54:11 Wire.java DEBUG [Forwarding newSession on session null to remote] http.wire 73 - http-outgoing-782 >> "    ][\n]"
02-06-2018 16:54:11 Wire.java DEBUG [Forwarding newSession on session null to remote] http.wire 73 - http-outgoing-782 >> "  }[\n]"
02-06-2018 16:54:11 Wire.java DEBUG [Forwarding newSession on session null to remote] http.wire 87 - http-outgoing-782 >> "}"
02-06-2018 16:54:13 Wire.java DEBUG [Forwarding newSession on session null to remote] http.wire 73 - http-outgoing-782 << "HTTP/1.1 200 OK[\r][\n]"
02-06-2018 16:54:13 Wire.java DEBUG [Forwarding newSession on session null to remote] http.wire 73 - http-outgoing-782 << "Content-Length:801[\r][\n]"
02-06-2018 16:54:13 Wire.java DEBUG [Forwarding newSession on session null to remote] http.wire 73 - http-outgoing-782 << "Content-Type:application/json; charset=utf-8[\r][\n]"
02-06-2018 16:54:13 Wire.java DEBUG [Forwarding newSession on session null to remote] http.wire 73 - http-outgoing-782 << "Connection:close[\r][\n]"
02-06-2018 16:54:13 Wire.java DEBUG [Forwarding newSession on session null to remote] http.wire 73 - http-outgoing-782 << "[\r][\n]"
02-06-2018 16:54:13 Wire.java DEBUG [Forwarding newSession on session null to remote] http.wire 87 - http-outgoing-782 << "{"sessionId":"27c49ceb9e8ae98f6fc6cb172c44e9e4","status":0,"value":{"acceptSslCerts":true,"applicationCacheEnabled":false,"browserConnectionEnabled":false,"browserName":"chrome","chrome":{"chromedriverVersion":"2.33.506120 (e3e53437346286c0bc2d2dc9aa4915ba81d9023f)","userDataDir":"C:\\Users\\venka\\AppData\\Local\\Temp\\scoped_dir18676_23503"},"cssSelectorsEnabled":true,"databaseEnabled":false,"handlesAlerts":true,"hasTouchScreen":false,"javascriptEnabled":true,"locationContextEnabled":true,"mobileEmulationEnabled":false,"nativeEvents":true,"networkConnectionEnabled":false,"pageLoadStrategy":"normal","platform":"Windows NT","rotatable":false,"setWindowRect":true,"takesHeapSnapshot":true,"takesScreenshot":true,"unexpectedAlertBehaviour":"","version":"63.0.3239.132","webStorageEnabled":true}}"
02-06-2018 16:54:13 LoggingManagedHttpClientConnection.java DEBUG [Forwarding newSession on session null to remote] http.headers 122 - http-outgoing-782 << HTTP/1.1 200 OK
02-06-2018 16:54:13 LoggingManagedHttpClientConnection.java DEBUG [Forwarding newSession on session null to remote] http.headers 125 - http-outgoing-782 << Content-Length:801
02-06-2018 16:54:13 LoggingManagedHttpClientConnection.java DEBUG [Forwarding newSession on session null to remote] http.headers 125 - http-outgoing-782 << Content-Type:application/json; charset=utf-8
02-06-2018 16:54:13 LoggingManagedHttpClientConnection.java DEBUG [Forwarding newSession on session null to remote] http.headers 125 - http-outgoing-782 << Connection:close
02-06-2018 16:54:13 LoggingManagedHttpClientConnection.java DEBUG [Forwarding newSession on session null to remote] conn.DefaultManagedHttpClientConnection 79 - http-outgoing-782: Close connection
02-06-2018 16:54:13 ConnectionHolder.java DEBUG [Forwarding newSession on session null to remote] execchain.MainClientExec 104 - Connection discarded
02-06-2018 16:54:13 PoolingHttpClientConnectionManager.java DEBUG [Forwarding newSession on session null to remote] conn.PoolingHttpClientConnectionManager 326 - Connection released: [id: 782][route: {}->http://localhost:20761][total kept alive: 0; route allocated: 0 of 2000; total allocated: 0 of 2000]
02-06-2018 16:54:13 RequestAddCookies.java DEBUG [Forwarding maximizeCurrentWindow on session 27c49ceb9e8ae98f6fc6cb172c44e9e4 to remote] protocol.RequestAddCookies 123 - CookieSpec selected: default
02-06-2018 16:54:13 RequestAuthCache.java DEBUG [Forwarding maximizeCurrentWindow on session 27c49ceb9e8ae98f6fc6cb172c44e9e4 to remote] protocol.RequestAuthCache 77 - Auth cache not set in the context
02-06-2018 16:54:13 PoolingHttpClientConnectionManager.java DEBUG [Forwarding maximizeCurrentWindow on session 27c49ceb9e8ae98f6fc6cb172c44e9e4 to remote] conn.PoolingHttpClientConnectionManager 255 - Connection request: [route: {}->http://localhost:20761][total kept alive: 0; route allocated: 0 of 2000; total allocated: 0 of 2000]
02-06-2018 16:54:13 PoolingHttpClientConnectionManager.java DEBUG [Forwarding maximizeCurrentWindow on session 27c49ceb9e8ae98f6fc6cb172c44e9e4 to remote] conn.PoolingHttpClientConnectionManager 288 - Connection leased: [id: 783][route: {}->http://localhost:20761][total kept alive: 0; route allocated: 1 of 2000; total allocated: 1 of 2000]
02-06-2018 16:54:13 MainClientExec.java DEBUG [Forwarding maximizeCurrentWindow on session 27c49ceb9e8ae98f6fc6cb172c44e9e4 to remote] execchain.MainClientExec 235 - Opening connection {}->http://localhost:20761
02-06-2018 16:54:13 DefaultHttpClientConnectionOperator.java DEBUG [Forwarding maximizeCurrentWindow on session 27c49ceb9e8ae98f6fc6cb172c44e9e4 to remote] conn.DefaultHttpClientConnectionOperator 139 - Connecting to localhost/127.0.0.1:20761
02-06-2018 16:54:13 DefaultHttpClientConnectionOperator.java DEBUG [Forwarding maximizeCurrentWindow on session 27c49ceb9e8ae98f6fc6cb172c44e9e4 to remote] conn.DefaultHttpClientConnectionOperator 146 - Connection established 127.0.0.1:61684<->127.0.0.1:20761
02-06-2018 16:54:13 LoggingManagedHttpClientConnection.java DEBUG [Forwarding maximizeCurrentWindow on session 27c49ceb9e8ae98f6fc6cb172c44e9e4 to remote] conn.DefaultManagedHttpClientConnection 88 - http-outgoing-783: set socket timeout to 10800000
02-06-2018 16:54:13 MainClientExec.java DEBUG [Forwarding maximizeCurrentWindow on session 27c49ceb9e8ae98f6fc6cb172c44e9e4 to remote] execchain.MainClientExec 256 - Executing request POST /session/27c49ceb9e8ae98f6fc6cb172c44e9e4/window/current/maximize HTTP/1.1
02-06-2018 16:54:13 MainClientExec.java DEBUG [Forwarding maximizeCurrentWindow on session 27c49ceb9e8ae98f6fc6cb172c44e9e4 to remote] execchain.MainClientExec 261 - Target auth state: UNCHALLENGED
02-06-2018 16:54:13 MainClientExec.java DEBUG [Forwarding maximizeCurrentWindow on session 27c49ceb9e8ae98f6fc6cb172c44e9e4 to remote] execchain.MainClientExec 267 - Proxy auth state: UNCHALLENGED
02-06-2018 16:54:13 LoggingManagedHttpClientConnection.java DEBUG [Forwarding maximizeCurrentWindow on session 27c49ceb9e8ae98f6fc6cb172c44e9e4 to remote] http.headers 133 - http-outgoing-783 >> POST /session/27c49ceb9e8ae98f6fc6cb172c44e9e4/window/current/maximize HTTP/1.1
02-06-2018 16:54:13 LoggingManagedHttpClientConnection.java DEBUG [Forwarding maximizeCurrentWindow on session 27c49ceb9e8ae98f6fc6cb172c44e9e4 to remote] http.headers 136 - http-outgoing-783 >> Content-Type: application/json; charset=utf-8
02-06-2018 16:54:13 LoggingManagedHttpClientConnection.java DEBUG [Forwarding maximizeCurrentWindow on session 27c49ceb9e8ae98f6fc6cb172c44e9e4 to remote] http.headers 136 - http-outgoing-783 >> Content-Length: 45
02-06-2018 16:54:13 LoggingManagedHttpClientConnection.java DEBUG [Forwarding maximizeCurrentWindow on session 27c49ceb9e8ae98f6fc6cb172c44e9e4 to remote] http.headers 136 - http-outgoing-783 >> Host: localhost:20761
02-06-2018 16:54:13 LoggingManagedHttpClientConnection.java DEBUG [Forwarding maximizeCurrentWindow on session 27c49ceb9e8ae98f6fc6cb172c44e9e4 to remote] http.headers 136 - http-outgoing-783 >> Connection: Keep-Alive
02-06-2018 16:54:13 LoggingManagedHttpClientConnection.java DEBUG [Forwarding maximizeCurrentWindow on session 27c49ceb9e8ae98f6fc6cb172c44e9e4 to remote] http.headers 136 - http-outgoing-783 >> User-Agent: Apache-HttpClient/4.5.3 (Java/1.8.0_151)
02-06-2018 16:54:13 LoggingManagedHttpClientConnection.java DEBUG [Forwarding maximizeCurrentWindow on session 27c49ceb9e8ae98f6fc6cb172c44e9e4 to remote] http.headers 136 - http-outgoing-783 >> Accept-Encoding: gzip,deflate
02-06-2018 16:54:13 Wire.java DEBUG [Forwarding maximizeCurrentWindow on session 27c49ceb9e8ae98f6fc6cb172c44e9e4 to remote] http.wire 73 - http-outgoing-783 >> "POST /session/27c49ceb9e8ae98f6fc6cb172c44e9e4/window/current/maximize HTTP/1.1[\r][\n]"
02-06-2018 16:54:13 Wire.java DEBUG [Forwarding maximizeCurrentWindow on session 27c49ceb9e8ae98f6fc6cb172c44e9e4 to remote] http.wire 73 - http-outgoing-783 >> "Content-Type: application/json; charset=utf-8[\r][\n]"
02-06-2018 16:54:13 Wire.java DEBUG [Forwarding maximizeCurrentWindow on session 27c49ceb9e8ae98f6fc6cb172c44e9e4 to remote] http.wire 73 - http-outgoing-783 >> "Content-Length: 45[\r][\n]"
02-06-2018 16:54:13 Wire.java DEBUG [Forwarding maximizeCurrentWindow on session 27c49ceb9e8ae98f6fc6cb172c44e9e4 to remote] http.wire 73 - http-outgoing-783 >> "Host: localhost:20761[\r][\n]"
02-06-2018 16:54:13 Wire.java DEBUG [Forwarding maximizeCurrentWindow on session 27c49ceb9e8ae98f6fc6cb172c44e9e4 to remote] http.wire 73 - http-outgoing-783 >> "Connection: Keep-Alive[\r][\n]"
02-06-2018 16:54:13 Wire.java DEBUG [Forwarding maximizeCurrentWindow on session 27c49ceb9e8ae98f6fc6cb172c44e9e4 to remote] http.wire 73 - http-outgoing-783 >> "User-Agent: Apache-HttpClient/4.5.3 (Java/1.8.0_151)[\r][\n]"
02-06-2018 16:54:13 Wire.java DEBUG [Forwarding maximizeCurrentWindow on session 27c49ceb9e8ae98f6fc6cb172c44e9e4 to remote] http.wire 73 - http-outgoing-783 >> "Accept-Encoding: gzip,deflate[\r][\n]"
02-06-2018 16:54:13 Wire.java DEBUG [Forwarding maximizeCurrentWindow on session 27c49ceb9e8ae98f6fc6cb172c44e9e4 to remote] http.wire 73 - http-outgoing-783 >> "[\r][\n]"
02-06-2018 16:54:13 Wire.java DEBUG [Forwarding maximizeCurrentWindow on session 27c49ceb9e8ae98f6fc6cb172c44e9e4 to remote] http.wire 87 - http-outgoing-783 >> "{"windowHandle":"current","handle":"current"}"
02-06-2018 16:54:14 Wire.java DEBUG [Forwarding maximizeCurrentWindow on session 27c49ceb9e8ae98f6fc6cb172c44e9e4 to remote] http.wire 73 - http-outgoing-783 << "HTTP/1.1 200 OK[\r][\n]"
02-06-2018 16:54:14 Wire.java DEBUG [Forwarding maximizeCurrentWindow on session 27c49ceb9e8ae98f6fc6cb172c44e9e4 to remote] http.wire 73 - http-outgoing-783 << "Content-Length:72[\r][\n]"
02-06-2018 16:54:14 Wire.java DEBUG [Forwarding maximizeCurrentWindow on session 27c49ceb9e8ae98f6fc6cb172c44e9e4 to remote] http.wire 73 - http-outgoing-783 << "Content-Type:application/json; charset=utf-8[\r][\n]"
02-06-2018 16:54:14 Wire.java DEBUG [Forwarding maximizeCurrentWindow on session 27c49ceb9e8ae98f6fc6cb172c44e9e4 to remote] http.wire 73 - http-outgoing-783 << "Connection:close[\r][\n]"
02-06-2018 16:54:14 Wire.java DEBUG [Forwarding maximizeCurrentWindow on session 27c49ceb9e8ae98f6fc6cb172c44e9e4 to remote] http.wire 73 - http-outgoing-783 << "[\r][\n]"
02-06-2018 16:54:14 Wire.java DEBUG [Forwarding maximizeCurrentWindow on session 27c49ceb9e8ae98f6fc6cb172c44e9e4 to remote] http.wire 87 - http-outgoing-783 << "{"sessionId":"27c49ceb9e8ae98f6fc6cb172c44e9e4","status":0,"value":null}"
02-06-2018 16:54:14 LoggingManagedHttpClientConnection.java DEBUG [Forwarding maximizeCurrentWindow on session 27c49ceb9e8ae98f6fc6cb172c44e9e4 to remote] http.headers 122 - http-outgoing-783 << HTTP/1.1 200 OK
02-06-2018 16:54:14 LoggingManagedHttpClientConnection.java DEBUG [Forwarding maximizeCurrentWindow on session 27c49ceb9e8ae98f6fc6cb172c44e9e4 to remote] http.headers 125 - http-outgoing-783 << Content-Length:72
02-06-2018 16:54:14 LoggingManagedHttpClientConnection.java DEBUG [Forwarding maximizeCurrentWindow on session 27c49ceb9e8ae98f6fc6cb172c44e9e4 to remote] http.headers 125 - http-outgoing-783 << Content-Type:application/json; charset=utf-8
02-06-2018 16:54:14 LoggingManagedHttpClientConnection.java DEBUG [Forwarding maximizeCurrentWindow on session 27c49ceb9e8ae98f6fc6cb172c44e9e4 to remote] http.headers 125 - http-outgoing-783 << Connection:close
02-06-2018 16:54:14 LoggingManagedHttpClientConnection.java DEBUG [Forwarding maximizeCurrentWindow on session 27c49ceb9e8ae98f6fc6cb172c44e9e4 to remote] conn.DefaultManagedHttpClientConnection 79 - http-outgoing-783: Close connection
02-06-2018 16:54:14 ConnectionHolder.java DEBUG [Forwarding maximizeCurrentWindow on session 27c49ceb9e8ae98f6fc6cb172c44e9e4 to remote] execchain.MainClientExec 104 - Connection discarded
02-06-2018 16:54:14 PoolingHttpClientConnectionManager.java DEBUG [Forwarding maximizeCurrentWindow on session 27c49ceb9e8ae98f6fc6cb172c44e9e4 to remote] conn.PoolingHttpClientConnectionManager 326 - Connection released: [id: 783][route: {}->http://localhost:20761][total kept alive: 0; route allocated: 0 of 2000; total allocated: 0 of 2000]
02-06-2018 16:54:14 RequestAddCookies.java DEBUG [Forwarding setTimeout on session 27c49ceb9e8ae98f6fc6cb172c44e9e4 to remote] protocol.RequestAddCookies 123 - CookieSpec selected: default
02-06-2018 16:54:14 RequestAuthCache.java DEBUG [Forwarding setTimeout on session 27c49ceb9e8ae98f6fc6cb172c44e9e4 to remote] protocol.RequestAuthCache 77 - Auth cache not set in the context
02-06-2018 16:54:14 PoolingHttpClientConnectionManager.java DEBUG [Forwarding setTimeout on session 27c49ceb9e8ae98f6fc6cb172c44e9e4 to remote] conn.PoolingHttpClientConnectionManager 255 - Connection request: [route: {}->http://localhost:20761][total kept alive: 0; route allocated: 0 of 2000; total allocated: 0 of 2000]
02-06-2018 16:54:14 PoolingHttpClientConnectionManager.java DEBUG [Forwarding setTimeout on session 27c49ceb9e8ae98f6fc6cb172c44e9e4 to remote] conn.PoolingHttpClientConnectionManager 288 - Connection leased: [id: 784][route: {}->http://localhost:20761][total kept alive: 0; route allocated: 1 of 2000; total allocated: 1 of 2000]
02-06-2018 16:54:14 MainClientExec.java DEBUG [Forwarding setTimeout on session 27c49ceb9e8ae98f6fc6cb172c44e9e4 to remote] execchain.MainClientExec 235 - Opening connection {}->http://localhost:20761
02-06-2018 16:54:14 DefaultHttpClientConnectionOperator.java DEBUG [Forwarding setTimeout on session 27c49ceb9e8ae98f6fc6cb172c44e9e4 to remote] conn.DefaultHttpClientConnectionOperator 139 - Connecting to localhost/127.0.0.1:20761
02-06-2018 16:54:14 DefaultHttpClientConnectionOperator.java DEBUG [Forwarding setTimeout on session 27c49ceb9e8ae98f6fc6cb172c44e9e4 to remote] conn.DefaultHttpClientConnectionOperator 146 - Connection established 127.0.0.1:61688<->127.0.0.1:20761
02-06-2018 16:54:14 LoggingManagedHttpClientConnection.java DEBUG [Forwarding setTimeout on session 27c49ceb9e8ae98f6fc6cb172c44e9e4 to remote] conn.DefaultManagedHttpClientConnection 88 - http-outgoing-784: set socket timeout to 10800000
02-06-2018 16:54:14 MainClientExec.java DEBUG [Forwarding setTimeout on session 27c49ceb9e8ae98f6fc6cb172c44e9e4 to remote] execchain.MainClientExec 256 - Executing request POST /session/27c49ceb9e8ae98f6fc6cb172c44e9e4/timeouts HTTP/1.1
02-06-2018 16:54:14 MainClientExec.java DEBUG [Forwarding setTimeout on session 27c49ceb9e8ae98f6fc6cb172c44e9e4 to remote] execchain.MainClientExec 261 - Target auth state: UNCHALLENGED
02-06-2018 16:54:14 MainClientExec.java DEBUG [Forwarding setTimeout on session 27c49ceb9e8ae98f6fc6cb172c44e9e4 to remote] execchain.MainClientExec 267 - Proxy auth state: UNCHALLENGED
02-06-2018 16:54:14 LoggingManagedHttpClientConnection.java DEBUG [Forwarding setTimeout on session 27c49ceb9e8ae98f6fc6cb172c44e9e4 to remote] http.headers 133 - http-outgoing-784 >> POST /session/27c49ceb9e8ae98f6fc6cb172c44e9e4/timeouts HTTP/1.1
02-06-2018 16:54:14 LoggingManagedHttpClientConnection.java DEBUG [Forwarding setTimeout on session 27c49ceb9e8ae98f6fc6cb172c44e9e4 to remote] http.headers 136 - http-outgoing-784 >> Content-Type: application/json; charset=utf-8
02-06-2018 16:54:14 LoggingManagedHttpClientConnection.java DEBUG [Forwarding setTimeout on session 27c49ceb9e8ae98f6fc6cb172c44e9e4 to remote] http.headers 136 - http-outgoing-784 >> Content-Length: 31
02-06-2018 16:54:14 LoggingManagedHttpClientConnection.java DEBUG [Forwarding setTimeout on session 27c49ceb9e8ae98f6fc6cb172c44e9e4 to remote] http.headers 136 - http-outgoing-784 >> Host: localhost:20761
02-06-2018 16:54:14 LoggingManagedHttpClientConnection.java DEBUG [Forwarding setTimeout on session 27c49ceb9e8ae98f6fc6cb172c44e9e4 to remote] http.headers 136 - http-outgoing-784 >> Connection: Keep-Alive
02-06-2018 16:54:14 LoggingManagedHttpClientConnection.java DEBUG [Forwarding setTimeout on session 27c49ceb9e8ae98f6fc6cb172c44e9e4 to remote] http.headers 136 - http-outgoing-784 >> User-Agent: Apache-HttpClient/4.5.3 (Java/1.8.0_151)
02-06-2018 16:54:14 LoggingManagedHttpClientConnection.java DEBUG [Forwarding setTimeout on session 27c49ceb9e8ae98f6fc6cb172c44e9e4 to remote] http.headers 136 - http-outgoing-784 >> Accept-Encoding: gzip,deflate
02-06-2018 16:54:14 Wire.java DEBUG [Forwarding setTimeout on session 27c49ceb9e8ae98f6fc6cb172c44e9e4 to remote] http.wire 73 - http-outgoing-784 >> "POST /session/27c49ceb9e8ae98f6fc6cb172c44e9e4/timeouts HTTP/1.1[\r][\n]"
02-06-2018 16:54:14 Wire.java DEBUG [Forwarding setTimeout on session 27c49ceb9e8ae98f6fc6cb172c44e9e4 to remote] http.wire 73 - http-outgoing-784 >> "Content-Type: application/json; charset=utf-8[\r][\n]"
02-06-2018 16:54:14 Wire.java DEBUG [Forwarding setTimeout on session 27c49ceb9e8ae98f6fc6cb172c44e9e4 to remote] http.wire 73 - http-outgoing-784 >> "Content-Length: 31[\r][\n]"
02-06-2018 16:54:14 Wire.java DEBUG [Forwarding setTimeout on session 27c49ceb9e8ae98f6fc6cb172c44e9e4 to remote] http.wire 73 - http-outgoing-784 >> "Host: localhost:20761[\r][\n]"
02-06-2018 16:54:14 Wire.java DEBUG [Forwarding setTimeout on session 27c49ceb9e8ae98f6fc6cb172c44e9e4 to remote] http.wire 73 - http-outgoing-784 >> "Connection: Keep-Alive[\r][\n]"
02-06-2018 16:54:14 Wire.java DEBUG [Forwarding setTimeout on session 27c49ceb9e8ae98f6fc6cb172c44e9e4 to remote] http.wire 73 - http-outgoing-784 >> "User-Agent: Apache-HttpClient/4.5.3 (Java/1.8.0_151)[\r][\n]"
02-06-2018 16:54:14 Wire.java DEBUG [Forwarding setTimeout on session 27c49ceb9e8ae98f6fc6cb172c44e9e4 to remote] http.wire 73 - http-outgoing-784 >> "Accept-Encoding: gzip,deflate[\r][\n]"
02-06-2018 16:54:14 Wire.java DEBUG [Forwarding setTimeout on session 27c49ceb9e8ae98f6fc6cb172c44e9e4 to remote] http.wire 73 - http-outgoing-784 >> "[\r][\n]"
02-06-2018 16:54:14 Wire.java DEBUG [Forwarding setTimeout on session 27c49ceb9e8ae98f6fc6cb172c44e9e4 to remote] http.wire 87 - http-outgoing-784 >> "{"type":"page load","ms":40000}"
02-06-2018 16:54:14 Wire.java DEBUG [Forwarding setTimeout on session 27c49ceb9e8ae98f6fc6cb172c44e9e4 to remote] http.wire 73 - http-outgoing-784 << "HTTP/1.1 200 OK[\r][\n]"
02-06-2018 16:54:14 Wire.java DEBUG [Forwarding setTimeout on session 27c49ceb9e8ae98f6fc6cb172c44e9e4 to remote] http.wire 73 - http-outgoing-784 << "Content-Length:72[\r][\n]"
02-06-2018 16:54:14 Wire.java DEBUG [Forwarding setTimeout on session 27c49ceb9e8ae98f6fc6cb172c44e9e4 to remote] http.wire 73 - http-outgoing-784 << "Content-Type:application/json; charset=utf-8[\r][\n]"
02-06-2018 16:54:14 Wire.java DEBUG [Forwarding setTimeout on session 27c49ceb9e8ae98f6fc6cb172c44e9e4 to remote] http.wire 73 - http-outgoing-784 << "Connection:close[\r][\n]"
02-06-2018 16:54:14 Wire.java DEBUG [Forwarding setTimeout on session 27c49ceb9e8ae98f6fc6cb172c44e9e4 to remote] http.wire 73 - http-outgoing-784 << "[\r][\n]"
02-06-2018 16:54:14 Wire.java DEBUG [Forwarding setTimeout on session 27c49ceb9e8ae98f6fc6cb172c44e9e4 to remote] http.wire 87 - http-outgoing-784 << "{"sessionId":"27c49ceb9e8ae98f6fc6cb172c44e9e4","status":0,"value":null}"
02-06-2018 16:54:14 LoggingManagedHttpClientConnection.java DEBUG [Forwarding setTimeout on session 27c49ceb9e8ae98f6fc6cb172c44e9e4 to remote] http.headers 122 - http-outgoing-784 << HTTP/1.1 200 OK
02-06-2018 16:54:14 LoggingManagedHttpClientConnection.java DEBUG [Forwarding setTimeout on session 27c49ceb9e8ae98f6fc6cb172c44e9e4 to remote] http.headers 125 - http-outgoing-784 << Content-Length:72
02-06-2018 16:54:14 LoggingManagedHttpClientConnection.java DEBUG [Forwarding setTimeout on session 27c49ceb9e8ae98f6fc6cb172c44e9e4 to remote] http.headers 125 - http-outgoing-784 << Content-Type:application/json; charset=utf-8
02-06-2018 16:54:14 LoggingManagedHttpClientConnection.java DEBUG [Forwarding setTimeout on session 27c49ceb9e8ae98f6fc6cb172c44e9e4 to remote] http.headers 125 - http-outgoing-784 << Connection:close
02-06-2018 16:54:14 LoggingManagedHttpClientConnection.java DEBUG [Forwarding setTimeout on session 27c49ceb9e8ae98f6fc6cb172c44e9e4 to remote] conn.DefaultManagedHttpClientConnection 79 - http-outgoing-784: Close connection
02-06-2018 16:54:14 ConnectionHolder.java DEBUG [Forwarding setTimeout on session 27c49ceb9e8ae98f6fc6cb172c44e9e4 to remote] execchain.MainClientExec 104 - Connection discarded
02-06-2018 16:54:14 PoolingHttpClientConnectionManager.java DEBUG [Forwarding setTimeout on session 27c49ceb9e8ae98f6fc6cb172c44e9e4 to remote] conn.PoolingHttpClientConnectionManager 326 - Connection released: [id: 784][route: {}->http://localhost:20761][total kept alive: 0; route allocated: 0 of 2000; total allocated: 0 of 2000]
02-06-2018 16:54:14 RequestAddCookies.java DEBUG [Forwarding setTimeout on session 27c49ceb9e8ae98f6fc6cb172c44e9e4 to remote] protocol.RequestAddCookies 123 - CookieSpec selected: default
02-06-2018 16:54:14 RequestAuthCache.java DEBUG [Forwarding setTimeout on session 27c49ceb9e8ae98f6fc6cb172c44e9e4 to remote] protocol.RequestAuthCache 77 - Auth cache not set in the context
02-06-2018 16:54:14 PoolingHttpClientConnectionManager.java DEBUG [Forwarding setTimeout on session 27c49ceb9e8ae98f6fc6cb172c44e9e4 to remote] conn.PoolingHttpClientConnectionManager 255 - Connection request: [route: {}->http://localhost:20761][total kept alive: 0; route allocated: 0 of 2000; total allocated: 0 of 2000]
02-06-2018 16:54:14 PoolingHttpClientConnectionManager.java DEBUG [Forwarding setTimeout on session 27c49ceb9e8ae98f6fc6cb172c44e9e4 to remote] conn.PoolingHttpClientConnectionManager 288 - Connection leased: [id: 785][route: {}->http://localhost:20761][total kept alive: 0; route allocated: 1 of 2000; total allocated: 1 of 2000]
02-06-2018 16:54:14 MainClientExec.java DEBUG [Forwarding setTimeout on session 27c49ceb9e8ae98f6fc6cb172c44e9e4 to remote] execchain.MainClientExec 235 - Opening connection {}->http://localhost:20761
02-06-2018 16:54:14 DefaultHttpClientConnectionOperator.java DEBUG [Forwarding setTimeout on session 27c49ceb9e8ae98f6fc6cb172c44e9e4 to remote] conn.DefaultHttpClientConnectionOperator 139 - Connecting to localhost/127.0.0.1:20761
02-06-2018 16:54:14 DefaultHttpClientConnectionOperator.java DEBUG [Forwarding setTimeout on session 27c49ceb9e8ae98f6fc6cb172c44e9e4 to remote] conn.DefaultHttpClientConnectionOperator 146 - Connection established 127.0.0.1:61689<->127.0.0.1:20761
02-06-2018 16:54:14 LoggingManagedHttpClientConnection.java DEBUG [Forwarding setTimeout on session 27c49ceb9e8ae98f6fc6cb172c44e9e4 to remote] conn.DefaultManagedHttpClientConnection 88 - http-outgoing-785: set socket timeout to 10800000
02-06-2018 16:54:14 MainClientExec.java DEBUG [Forwarding setTimeout on session 27c49ceb9e8ae98f6fc6cb172c44e9e4 to remote] execchain.MainClientExec 256 - Executing request POST /session/27c49ceb9e8ae98f6fc6cb172c44e9e4/timeouts HTTP/1.1
02-06-2018 16:54:14 MainClientExec.java DEBUG [Forwarding setTimeout on session 27c49ceb9e8ae98f6fc6cb172c44e9e4 to remote] execchain.MainClientExec 261 - Target auth state: UNCHALLENGED
02-06-2018 16:54:14 MainClientExec.java DEBUG [Forwarding setTimeout on session 27c49ceb9e8ae98f6fc6cb172c44e9e4 to remote] execchain.MainClientExec 267 - Proxy auth state: UNCHALLENGED
02-06-2018 16:54:14 LoggingManagedHttpClientConnection.java DEBUG [Forwarding setTimeout on session 27c49ceb9e8ae98f6fc6cb172c44e9e4 to remote] http.headers 133 - http-outgoing-785 >> POST /session/27c49ceb9e8ae98f6fc6cb172c44e9e4/timeouts HTTP/1.1
02-06-2018 16:54:14 LoggingManagedHttpClientConnection.java DEBUG [Forwarding setTimeout on session 27c49ceb9e8ae98f6fc6cb172c44e9e4 to remote] http.headers 136 - http-outgoing-785 >> Content-Type: application/json; charset=utf-8
02-06-2018 16:54:14 LoggingManagedHttpClientConnection.java DEBUG [Forwarding setTimeout on session 27c49ceb9e8ae98f6fc6cb172c44e9e4 to remote] http.headers 136 - http-outgoing-785 >> Content-Length: 30
02-06-2018 16:54:14 LoggingManagedHttpClientConnection.java DEBUG [Forwarding setTimeout on session 27c49ceb9e8ae98f6fc6cb172c44e9e4 to remote] http.headers 136 - http-outgoing-785 >> Host: localhost:20761
02-06-2018 16:54:14 LoggingManagedHttpClientConnection.java DEBUG [Forwarding setTimeout on session 27c49ceb9e8ae98f6fc6cb172c44e9e4 to remote] http.headers 136 - http-outgoing-785 >> Connection: Keep-Alive
02-06-2018 16:54:14 LoggingManagedHttpClientConnection.java DEBUG [Forwarding setTimeout on session 27c49ceb9e8ae98f6fc6cb172c44e9e4 to remote] http.headers 136 - http-outgoing-785 >> User-Agent: Apache-HttpClient/4.5.3 (Java/1.8.0_151)
02-06-2018 16:54:14 LoggingManagedHttpClientConnection.java DEBUG [Forwarding setTimeout on session 27c49ceb9e8ae98f6fc6cb172c44e9e4 to remote] http.headers 136 - http-outgoing-785 >> Accept-Encoding: gzip,deflate
02-06-2018 16:54:14 Wire.java DEBUG [Forwarding setTimeout on session 27c49ceb9e8ae98f6fc6cb172c44e9e4 to remote] http.wire 73 - http-outgoing-785 >> "POST /session/27c49ceb9e8ae98f6fc6cb172c44e9e4/timeouts HTTP/1.1[\r][\n]"
02-06-2018 16:54:14 Wire.java DEBUG [Forwarding setTimeout on session 27c49ceb9e8ae98f6fc6cb172c44e9e4 to remote] http.wire 73 - http-outgoing-785 >> "Content-Type: application/json; charset=utf-8[\r][\n]"
02-06-2018 16:54:14 Wire.java DEBUG [Forwarding setTimeout on session 27c49ceb9e8ae98f6fc6cb172c44e9e4 to remote] http.wire 73 - http-outgoing-785 >> "Content-Length: 30[\r][\n]"
02-06-2018 16:54:14 Wire.java DEBUG [Forwarding setTimeout on session 27c49ceb9e8ae98f6fc6cb172c44e9e4 to remote] http.wire 73 - http-outgoing-785 >> "Host: localhost:20761[\r][\n]"
02-06-2018 16:54:14 Wire.java DEBUG [Forwarding setTimeout on session 27c49ceb9e8ae98f6fc6cb172c44e9e4 to remote] http.wire 73 - http-outgoing-785 >> "Connection: Keep-Alive[\r][\n]"
02-06-2018 16:54:14 Wire.java DEBUG [Forwarding setTimeout on session 27c49ceb9e8ae98f6fc6cb172c44e9e4 to remote] http.wire 73 - http-outgoing-785 >> "User-Agent: Apache-HttpClient/4.5.3 (Java/1.8.0_151)[\r][\n]"
02-06-2018 16:54:14 Wire.java DEBUG [Forwarding setTimeout on session 27c49ceb9e8ae98f6fc6cb172c44e9e4 to remote] http.wire 73 - http-outgoing-785 >> "Accept-Encoding: gzip,deflate[\r][\n]"
02-06-2018 16:54:14 Wire.java DEBUG [Forwarding setTimeout on session 27c49ceb9e8ae98f6fc6cb172c44e9e4 to remote] http.wire 73 - http-outgoing-785 >> "[\r][\n]"
02-06-2018 16:54:14 Wire.java DEBUG [Forwarding setTimeout on session 27c49ceb9e8ae98f6fc6cb172c44e9e4 to remote] http.wire 87 - http-outgoing-785 >> "{"type":"implicit","ms":20000}"
02-06-2018 16:54:14 Wire.java DEBUG [Forwarding setTimeout on session 27c49ceb9e8ae98f6fc6cb172c44e9e4 to remote] http.wire 73 - http-outgoing-785 << "HTTP/1.1 200 OK[\r][\n]"
02-06-2018 16:54:14 Wire.java DEBUG [Forwarding setTimeout on session 27c49ceb9e8ae98f6fc6cb172c44e9e4 to remote] http.wire 73 - http-outgoing-785 << "Content-Length:72[\r][\n]"
02-06-2018 16:54:14 Wire.java DEBUG [Forwarding setTimeout on session 27c49ceb9e8ae98f6fc6cb172c44e9e4 to remote] http.wire 73 - http-outgoing-785 << "Content-Type:application/json; charset=utf-8[\r][\n]"
02-06-2018 16:54:14 Wire.java DEBUG [Forwarding setTimeout on session 27c49ceb9e8ae98f6fc6cb172c44e9e4 to remote] http.wire 73 - http-outgoing-785 << "Connection:close[\r][\n]"
02-06-2018 16:54:14 Wire.java DEBUG [Forwarding setTimeout on session 27c49ceb9e8ae98f6fc6cb172c44e9e4 to remote] http.wire 73 - http-outgoing-785 << "[\r][\n]"
02-06-2018 16:54:14 Wire.java DEBUG [Forwarding setTimeout on session 27c49ceb9e8ae98f6fc6cb172c44e9e4 to remote] http.wire 87 - http-outgoing-785 << "{"sessionId":"27c49ceb9e8ae98f6fc6cb172c44e9e4","status":0,"value":null}"
02-06-2018 16:54:14 LoggingManagedHttpClientConnection.java DEBUG [Forwarding setTimeout on session 27c49ceb9e8ae98f6fc6cb172c44e9e4 to remote] http.headers 122 - http-outgoing-785 << HTTP/1.1 200 OK
02-06-2018 16:54:14 LoggingManagedHttpClientConnection.java DEBUG [Forwarding setTimeout on session 27c49ceb9e8ae98f6fc6cb172c44e9e4 to remote] http.headers 125 - http-outgoing-785 << Content-Length:72
02-06-2018 16:54:14 LoggingManagedHttpClientConnection.java DEBUG [Forwarding setTimeout on session 27c49ceb9e8ae98f6fc6cb172c44e9e4 to remote] http.headers 125 - http-outgoing-785 << Content-Type:application/json; charset=utf-8
02-06-2018 16:54:14 LoggingManagedHttpClientConnection.java DEBUG [Forwarding setTimeout on session 27c49ceb9e8ae98f6fc6cb172c44e9e4 to remote] http.headers 125 - http-outgoing-785 << Connection:close
02-06-2018 16:54:14 LoggingManagedHttpClientConnection.java DEBUG [Forwarding setTimeout on session 27c49ceb9e8ae98f6fc6cb172c44e9e4 to remote] conn.DefaultManagedHttpClientConnection 79 - http-outgoing-785: Close connection
02-06-2018 16:54:14 ConnectionHolder.java DEBUG [Forwarding setTimeout on session 27c49ceb9e8ae98f6fc6cb172c44e9e4 to remote] execchain.MainClientExec 104 - Connection discarded
02-06-2018 16:54:14 PoolingHttpClientConnectionManager.java DEBUG [Forwarding setTimeout on session 27c49ceb9e8ae98f6fc6cb172c44e9e4 to remote] conn.PoolingHttpClientConnectionManager 326 - Connection released: [id: 785][route: {}->http://localhost:20761][total kept alive: 0; route allocated: 0 of 2000; total allocated: 0 of 2000]
02-06-2018 16:54:14 RequestAddCookies.java DEBUG [Forwarding get on session 27c49ceb9e8ae98f6fc6cb172c44e9e4 to remote] protocol.RequestAddCookies 123 - CookieSpec selected: default
02-06-2018 16:54:14 RequestAuthCache.java DEBUG [Forwarding get on session 27c49ceb9e8ae98f6fc6cb172c44e9e4 to remote] protocol.RequestAuthCache 77 - Auth cache not set in the context
02-06-2018 16:54:14 PoolingHttpClientConnectionManager.java DEBUG [Forwarding get on session 27c49ceb9e8ae98f6fc6cb172c44e9e4 to remote] conn.PoolingHttpClientConnectionManager 255 - Connection request: [route: {}->http://localhost:20761][total kept alive: 0; route allocated: 0 of 2000; total allocated: 0 of 2000]
02-06-2018 16:54:14 PoolingHttpClientConnectionManager.java DEBUG [Forwarding get on session 27c49ceb9e8ae98f6fc6cb172c44e9e4 to remote] conn.PoolingHttpClientConnectionManager 288 - Connection leased: [id: 786][route: {}->http://localhost:20761][total kept alive: 0; route allocated: 1 of 2000; total allocated: 1 of 2000]
02-06-2018 16:54:14 MainClientExec.java DEBUG [Forwarding get on session 27c49ceb9e8ae98f6fc6cb172c44e9e4 to remote] execchain.MainClientExec 235 - Opening connection {}->http://localhost:20761
02-06-2018 16:54:14 DefaultHttpClientConnectionOperator.java DEBUG [Forwarding get on session 27c49ceb9e8ae98f6fc6cb172c44e9e4 to remote] conn.DefaultHttpClientConnectionOperator 139 - Connecting to localhost/127.0.0.1:20761
02-06-2018 16:54:14 DefaultHttpClientConnectionOperator.java DEBUG [Forwarding get on session 27c49ceb9e8ae98f6fc6cb172c44e9e4 to remote] conn.DefaultHttpClientConnectionOperator 146 - Connection established 127.0.0.1:61690<->127.0.0.1:20761
02-06-2018 16:54:14 LoggingManagedHttpClientConnection.java DEBUG [Forwarding get on session 27c49ceb9e8ae98f6fc6cb172c44e9e4 to remote] conn.DefaultManagedHttpClientConnection 88 - http-outgoing-786: set socket timeout to 10800000
02-06-2018 16:54:14 MainClientExec.java DEBUG [Forwarding get on session 27c49ceb9e8ae98f6fc6cb172c44e9e4 to remote] execchain.MainClientExec 256 - Executing request POST /session/27c49ceb9e8ae98f6fc6cb172c44e9e4/url HTTP/1.1
02-06-2018 16:54:14 MainClientExec.java DEBUG [Forwarding get on session 27c49ceb9e8ae98f6fc6cb172c44e9e4 to remote] execchain.MainClientExec 261 - Target auth state: UNCHALLENGED
02-06-2018 16:54:14 MainClientExec.java DEBUG [Forwarding get on session 27c49ceb9e8ae98f6fc6cb172c44e9e4 to remote] execchain.MainClientExec 267 - Proxy auth state: UNCHALLENGED
02-06-2018 16:54:14 LoggingManagedHttpClientConnection.java DEBUG [Forwarding get on session 27c49ceb9e8ae98f6fc6cb172c44e9e4 to remote] http.headers 133 - http-outgoing-786 >> POST /session/27c49ceb9e8ae98f6fc6cb172c44e9e4/url HTTP/1.1
02-06-2018 16:54:14 LoggingManagedHttpClientConnection.java DEBUG [Forwarding get on session 27c49ceb9e8ae98f6fc6cb172c44e9e4 to remote] http.headers 136 - http-outgoing-786 >> Content-Type: application/json; charset=utf-8
02-06-2018 16:54:14 LoggingManagedHttpClientConnection.java DEBUG [Forwarding get on session 27c49ceb9e8ae98f6fc6cb172c44e9e4 to remote] http.headers 136 - http-outgoing-786 >> Content-Length: 36
02-06-2018 16:54:14 LoggingManagedHttpClientConnection.java DEBUG [Forwarding get on session 27c49ceb9e8ae98f6fc6cb172c44e9e4 to remote] http.headers 136 - http-outgoing-786 >> Host: localhost:20761
02-06-2018 16:54:14 LoggingManagedHttpClientConnection.java DEBUG [Forwarding get on session 27c49ceb9e8ae98f6fc6cb172c44e9e4 to remote] http.headers 136 - http-outgoing-786 >> Connection: Keep-Alive
02-06-2018 16:54:14 LoggingManagedHttpClientConnection.java DEBUG [Forwarding get on session 27c49ceb9e8ae98f6fc6cb172c44e9e4 to remote] http.headers 136 - http-outgoing-786 >> User-Agent: Apache-HttpClient/4.5.3 (Java/1.8.0_151)
02-06-2018 16:54:14 LoggingManagedHttpClientConnection.java DEBUG [Forwarding get on session 27c49ceb9e8ae98f6fc6cb172c44e9e4 to remote] http.headers 136 - http-outgoing-786 >> Accept-Encoding: gzip,deflate
02-06-2018 16:54:14 Wire.java DEBUG [Forwarding get on session 27c49ceb9e8ae98f6fc6cb172c44e9e4 to remote] http.wire 73 - http-outgoing-786 >> "POST /session/27c49ceb9e8ae98f6fc6cb172c44e9e4/url HTTP/1.1[\r][\n]"
02-06-2018 16:54:14 Wire.java DEBUG [Forwarding get on session 27c49ceb9e8ae98f6fc6cb172c44e9e4 to remote] http.wire 73 - http-outgoing-786 >> "Content-Type: application/json; charset=utf-8[\r][\n]"
02-06-2018 16:54:14 Wire.java DEBUG [Forwarding get on session 27c49ceb9e8ae98f6fc6cb172c44e9e4 to remote] http.wire 73 - http-outgoing-786 >> "Content-Length: 36[\r][\n]"
02-06-2018 16:54:14 Wire.java DEBUG [Forwarding get on session 27c49ceb9e8ae98f6fc6cb172c44e9e4 to remote] http.wire 73 - http-outgoing-786 >> "Host: localhost:20761[\r][\n]"
02-06-2018 16:54:14 Wire.java DEBUG [Forwarding get on session 27c49ceb9e8ae98f6fc6cb172c44e9e4 to remote] http.wire 73 - http-outgoing-786 >> "Connection: Keep-Alive[\r][\n]"
02-06-2018 16:54:14 Wire.java DEBUG [Forwarding get on session 27c49ceb9e8ae98f6fc6cb172c44e9e4 to remote] http.wire 73 - http-outgoing-786 >> "User-Agent: Apache-HttpClient/4.5.3 (Java/1.8.0_151)[\r][\n]"
02-06-2018 16:54:14 Wire.java DEBUG [Forwarding get on session 27c49ceb9e8ae98f6fc6cb172c44e9e4 to remote] http.wire 73 - http-outgoing-786 >> "Accept-Encoding: gzip,deflate[\r][\n]"
02-06-2018 16:54:14 Wire.java DEBUG [Forwarding get on session 27c49ceb9e8ae98f6fc6cb172c44e9e4 to remote] http.wire 73 - http-outgoing-786 >> "[\r][\n]"
02-06-2018 16:54:14 Wire.java DEBUG [Forwarding get on session 27c49ceb9e8ae98f6fc6cb172c44e9e4 to remote] http.wire 87 - http-outgoing-786 >> "{"url":"http://jusdone.atomic77.in"}"
02-06-2018 16:54:17 Wire.java DEBUG [Forwarding get on session 27c49ceb9e8ae98f6fc6cb172c44e9e4 to remote] http.wire 73 - http-outgoing-786 << "HTTP/1.1 200 OK[\r][\n]"
02-06-2018 16:54:17 Wire.java DEBUG [Forwarding get on session 27c49ceb9e8ae98f6fc6cb172c44e9e4 to remote] http.wire 73 - http-outgoing-786 << "Content-Length:72[\r][\n]"
02-06-2018 16:54:17 Wire.java DEBUG [Forwarding get on session 27c49ceb9e8ae98f6fc6cb172c44e9e4 to remote] http.wire 73 - http-outgoing-786 << "Content-Type:application/json; charset=utf-8[\r][\n]"
02-06-2018 16:54:17 Wire.java DEBUG [Forwarding get on session 27c49ceb9e8ae98f6fc6cb172c44e9e4 to remote] http.wire 73 - http-outgoing-786 << "Connection:close[\r][\n]"
02-06-2018 16:54:17 Wire.java DEBUG [Forwarding get on session 27c49ceb9e8ae98f6fc6cb172c44e9e4 to remote] http.wire 73 - http-outgoing-786 << "[\r][\n]"
02-06-2018 16:54:17 Wire.java DEBUG [Forwarding get on session 27c49ceb9e8ae98f6fc6cb172c44e9e4 to remote] http.wire 87 - http-outgoing-786 << "{"sessionId":"27c49ceb9e8ae98f6fc6cb172c44e9e4","status":0,"value":null}"
02-06-2018 16:54:17 LoggingManagedHttpClientConnection.java DEBUG [Forwarding get on session 27c49ceb9e8ae98f6fc6cb172c44e9e4 to remote] http.headers 122 - http-outgoing-786 << HTTP/1.1 200 OK
02-06-2018 16:54:17 LoggingManagedHttpClientConnection.java DEBUG [Forwarding get on session 27c49ceb9e8ae98f6fc6cb172c44e9e4 to remote] http.headers 125 - http-outgoing-786 << Content-Length:72
02-06-2018 16:54:17 LoggingManagedHttpClientConnection.java DEBUG [Forwarding get on session 27c49ceb9e8ae98f6fc6cb172c44e9e4 to remote] http.headers 125 - http-outgoing-786 << Content-Type:application/json; charset=utf-8
02-06-2018 16:54:17 LoggingManagedHttpClientConnection.java DEBUG [Forwarding get on session 27c49ceb9e8ae98f6fc6cb172c44e9e4 to remote] http.headers 125 - http-outgoing-786 << Connection:close
02-06-2018 16:54:17 LoggingManagedHttpClientConnection.java DEBUG [Forwarding get on session 27c49ceb9e8ae98f6fc6cb172c44e9e4 to remote] conn.DefaultManagedHttpClientConnection 79 - http-outgoing-786: Close connection
02-06-2018 16:54:17 ConnectionHolder.java DEBUG [Forwarding get on session 27c49ceb9e8ae98f6fc6cb172c44e9e4 to remote] execchain.MainClientExec 104 - Connection discarded
02-06-2018 16:54:17 PoolingHttpClientConnectionManager.java DEBUG [Forwarding get on session 27c49ceb9e8ae98f6fc6cb172c44e9e4 to remote] conn.PoolingHttpClientConnectionManager 326 - Connection released: [id: 786][route: {}->http://localhost:20761][total kept alive: 0; route allocated: 0 of 2000; total allocated: 0 of 2000]
02-06-2018 16:54:20 RequestAddCookies.java DEBUG [Forwarding findElement on session 27c49ceb9e8ae98f6fc6cb172c44e9e4 to remote] protocol.RequestAddCookies 123 - CookieSpec selected: default
02-06-2018 16:54:20 RequestAuthCache.java DEBUG [Forwarding findElement on session 27c49ceb9e8ae98f6fc6cb172c44e9e4 to remote] protocol.RequestAuthCache 77 - Auth cache not set in the context
02-06-2018 16:54:20 PoolingHttpClientConnectionManager.java DEBUG [Forwarding findElement on session 27c49ceb9e8ae98f6fc6cb172c44e9e4 to remote] conn.PoolingHttpClientConnectionManager 255 - Connection request: [route: {}->http://localhost:20761][total kept alive: 0; route allocated: 0 of 2000; total allocated: 0 of 2000]
02-06-2018 16:54:20 PoolingHttpClientConnectionManager.java DEBUG [Forwarding findElement on session 27c49ceb9e8ae98f6fc6cb172c44e9e4 to remote] conn.PoolingHttpClientConnectionManager 288 - Connection leased: [id: 787][route: {}->http://localhost:20761][total kept alive: 0; route allocated: 1 of 2000; total allocated: 1 of 2000]
02-06-2018 16:54:20 MainClientExec.java DEBUG [Forwarding findElement on session 27c49ceb9e8ae98f6fc6cb172c44e9e4 to remote] execchain.MainClientExec 235 - Opening connection {}->http://localhost:20761
02-06-2018 16:54:20 DefaultHttpClientConnectionOperator.java DEBUG [Forwarding findElement on session 27c49ceb9e8ae98f6fc6cb172c44e9e4 to remote] conn.DefaultHttpClientConnectionOperator 139 - Connecting to localhost/127.0.0.1:20761
02-06-2018 16:54:20 DefaultHttpClientConnectionOperator.java DEBUG [Forwarding findElement on session 27c49ceb9e8ae98f6fc6cb172c44e9e4 to remote] conn.DefaultHttpClientConnectionOperator 146 - Connection established 127.0.0.1:61697<->127.0.0.1:20761
02-06-2018 16:54:20 LoggingManagedHttpClientConnection.java DEBUG [Forwarding findElement on session 27c49ceb9e8ae98f6fc6cb172c44e9e4 to remote] conn.DefaultManagedHttpClientConnection 88 - http-outgoing-787: set socket timeout to 10800000
02-06-2018 16:54:20 MainClientExec.java DEBUG [Forwarding findElement on session 27c49ceb9e8ae98f6fc6cb172c44e9e4 to remote] execchain.MainClientExec 256 - Executing request POST /session/27c49ceb9e8ae98f6fc6cb172c44e9e4/element HTTP/1.1
02-06-2018 16:54:20 MainClientExec.java DEBUG [Forwarding findElement on session 27c49ceb9e8ae98f6fc6cb172c44e9e4 to remote] execchain.MainClientExec 261 - Target auth state: UNCHALLENGED
02-06-2018 16:54:20 MainClientExec.java DEBUG [Forwarding findElement on session 27c49ceb9e8ae98f6fc6cb172c44e9e4 to remote] execchain.MainClientExec 267 - Proxy auth state: UNCHALLENGED
02-06-2018 16:54:20 LoggingManagedHttpClientConnection.java DEBUG [Forwarding findElement on session 27c49ceb9e8ae98f6fc6cb172c44e9e4 to remote] http.headers 133 - http-outgoing-787 >> POST /session/27c49ceb9e8ae98f6fc6cb172c44e9e4/element HTTP/1.1
02-06-2018 16:54:20 LoggingManagedHttpClientConnection.java DEBUG [Forwarding findElement on session 27c49ceb9e8ae98f6fc6cb172c44e9e4 to remote] http.headers 136 - http-outgoing-787 >> Content-Type: application/json; charset=utf-8
02-06-2018 16:54:20 LoggingManagedHttpClientConnection.java DEBUG [Forwarding findElement on session 27c49ceb9e8ae98f6fc6cb172c44e9e4 to remote] http.headers 136 - http-outgoing-787 >> Content-Length: 61
02-06-2018 16:54:20 LoggingManagedHttpClientConnection.java DEBUG [Forwarding findElement on session 27c49ceb9e8ae98f6fc6cb172c44e9e4 to remote] http.headers 136 - http-outgoing-787 >> Host: localhost:20761
02-06-2018 16:54:20 LoggingManagedHttpClientConnection.java DEBUG [Forwarding findElement on session 27c49ceb9e8ae98f6fc6cb172c44e9e4 to remote] http.headers 136 - http-outgoing-787 >> Connection: Keep-Alive
02-06-2018 16:54:20 LoggingManagedHttpClientConnection.java DEBUG [Forwarding findElement on session 27c49ceb9e8ae98f6fc6cb172c44e9e4 to remote] http.headers 136 - http-outgoing-787 >> User-Agent: Apache-HttpClient/4.5.3 (Java/1.8.0_151)
02-06-2018 16:54:20 LoggingManagedHttpClientConnection.java DEBUG [Forwarding findElement on session 27c49ceb9e8ae98f6fc6cb172c44e9e4 to remote] http.headers 136 - http-outgoing-787 >> Accept-Encoding: gzip,deflate
02-06-2018 16:54:20 Wire.java DEBUG [Forwarding findElement on session 27c49ceb9e8ae98f6fc6cb172c44e9e4 to remote] http.wire 73 - http-outgoing-787 >> "POST /session/27c49ceb9e8ae98f6fc6cb172c44e9e4/element HTTP/1.1[\r][\n]"
02-06-2018 16:54:20 Wire.java DEBUG [Forwarding findElement on session 27c49ceb9e8ae98f6fc6cb172c44e9e4 to remote] http.wire 73 - http-outgoing-787 >> "Content-Type: application/json; charset=utf-8[\r][\n]"
02-06-2018 16:54:20 Wire.java DEBUG [Forwarding findElement on session 27c49ceb9e8ae98f6fc6cb172c44e9e4 to remote] http.wire 73 - http-outgoing-787 >> "Content-Length: 61[\r][\n]"
02-06-2018 16:54:20 Wire.java DEBUG [Forwarding findElement on session 27c49ceb9e8ae98f6fc6cb172c44e9e4 to remote] http.wire 73 - http-outgoing-787 >> "Host: localhost:20761[\r][\n]"
02-06-2018 16:54:20 Wire.java DEBUG [Forwarding findElement on session 27c49ceb9e8ae98f6fc6cb172c44e9e4 to remote] http.wire 73 - http-outgoing-787 >> "Connection: Keep-Alive[\r][\n]"
02-06-2018 16:54:20 Wire.java DEBUG [Forwarding findElement on session 27c49ceb9e8ae98f6fc6cb172c44e9e4 to remote] http.wire 73 - http-outgoing-787 >> "User-Agent: Apache-HttpClient/4.5.3 (Java/1.8.0_151)[\r][\n]"
02-06-2018 16:54:20 Wire.java DEBUG [Forwarding findElement on session 27c49ceb9e8ae98f6fc6cb172c44e9e4 to remote] http.wire 73 - http-outgoing-787 >> "Accept-Encoding: gzip,deflate[\r][\n]"
02-06-2018 16:54:20 Wire.java DEBUG [Forwarding findElement on session 27c49ceb9e8ae98f6fc6cb172c44e9e4 to remote] http.wire 73 - http-outgoing-787 >> "[\r][\n]"
02-06-2018 16:54:20 Wire.java DEBUG [Forwarding findElement on session 27c49ceb9e8ae98f6fc6cb172c44e9e4 to remote] http.wire 87 - http-outgoing-787 >> "{"using":"xpath","value":"/html/body/div/div/ul/li[1]/label"}"
02-06-2018 16:54:20 Wire.java DEBUG [Forwarding findElement on session 27c49ceb9e8ae98f6fc6cb172c44e9e4 to remote] http.wire 73 - http-outgoing-787 << "HTTP/1.1 200 OK[\r][\n]"
02-06-2018 16:54:20 Wire.java DEBUG [Forwarding findElement on session 27c49ceb9e8ae98f6fc6cb172c44e9e4 to remote] http.wire 73 - http-outgoing-787 << "Content-Length:102[\r][\n]"
02-06-2018 16:54:20 Wire.java DEBUG [Forwarding findElement on session 27c49ceb9e8ae98f6fc6cb172c44e9e4 to remote] http.wire 73 - http-outgoing-787 << "Content-Type:application/json; charset=utf-8[\r][\n]"
02-06-2018 16:54:20 Wire.java DEBUG [Forwarding findElement on session 27c49ceb9e8ae98f6fc6cb172c44e9e4 to remote] http.wire 73 - http-outgoing-787 << "Connection:close[\r][\n]"
02-06-2018 16:54:20 Wire.java DEBUG [Forwarding findElement on session 27c49ceb9e8ae98f6fc6cb172c44e9e4 to remote] http.wire 73 - http-outgoing-787 << "[\r][\n]"
02-06-2018 16:54:20 Wire.java DEBUG [Forwarding findElement on session 27c49ceb9e8ae98f6fc6cb172c44e9e4 to remote] http.wire 87 - http-outgoing-787 << "{"sessionId":"27c49ceb9e8ae98f6fc6cb172c44e9e4","status":0,"value":{"ELEMENT":"0.2305969338493199-1"}}"
02-06-2018 16:54:20 LoggingManagedHttpClientConnection.java DEBUG [Forwarding findElement on session 27c49ceb9e8ae98f6fc6cb172c44e9e4 to remote] http.headers 122 - http-outgoing-787 << HTTP/1.1 200 OK
02-06-2018 16:54:20 LoggingManagedHttpClientConnection.java DEBUG [Forwarding findElement on session 27c49ceb9e8ae98f6fc6cb172c44e9e4 to remote] http.headers 125 - http-outgoing-787 << Content-Length:102
02-06-2018 16:54:20 LoggingManagedHttpClientConnection.java DEBUG [Forwarding findElement on session 27c49ceb9e8ae98f6fc6cb172c44e9e4 to remote] http.headers 125 - http-outgoing-787 << Content-Type:application/json; charset=utf-8
02-06-2018 16:54:20 LoggingManagedHttpClientConnection.java DEBUG [Forwarding findElement on session 27c49ceb9e8ae98f6fc6cb172c44e9e4 to remote] http.headers 125 - http-outgoing-787 << Connection:close
02-06-2018 16:54:20 LoggingManagedHttpClientConnection.java DEBUG [Forwarding findElement on session 27c49ceb9e8ae98f6fc6cb172c44e9e4 to remote] conn.DefaultManagedHttpClientConnection 79 - http-outgoing-787: Close connection
02-06-2018 16:54:20 ConnectionHolder.java DEBUG [Forwarding findElement on session 27c49ceb9e8ae98f6fc6cb172c44e9e4 to remote] execchain.MainClientExec 104 - Connection discarded
02-06-2018 16:54:20 PoolingHttpClientConnectionManager.java DEBUG [Forwarding findElement on session 27c49ceb9e8ae98f6fc6cb172c44e9e4 to remote] conn.PoolingHttpClientConnectionManager 326 - Connection released: [id: 787][route: {}->http://localhost:20761][total kept alive: 0; route allocated: 0 of 2000; total allocated: 0 of 2000]
02-06-2018 16:54:20 RequestAddCookies.java DEBUG [Forwarding clickElement on session 27c49ceb9e8ae98f6fc6cb172c44e9e4 to remote] protocol.RequestAddCookies 123 - CookieSpec selected: default
02-06-2018 16:54:20 RequestAuthCache.java DEBUG [Forwarding clickElement on session 27c49ceb9e8ae98f6fc6cb172c44e9e4 to remote] protocol.RequestAuthCache 77 - Auth cache not set in the context
02-06-2018 16:54:20 PoolingHttpClientConnectionManager.java DEBUG [Forwarding clickElement on session 27c49ceb9e8ae98f6fc6cb172c44e9e4 to remote] conn.PoolingHttpClientConnectionManager 255 - Connection request: [route: {}->http://localhost:20761][total kept alive: 0; route allocated: 0 of 2000; total allocated: 0 of 2000]
02-06-2018 16:54:20 PoolingHttpClientConnectionManager.java DEBUG [Forwarding clickElement on session 27c49ceb9e8ae98f6fc6cb172c44e9e4 to remote] conn.PoolingHttpClientConnectionManager 288 - Connection leased: [id: 788][route: {}->http://localhost:20761][total kept alive: 0; route allocated: 1 of 2000; total allocated: 1 of 2000]
02-06-2018 16:54:20 MainClientExec.java DEBUG [Forwarding clickElement on session 27c49ceb9e8ae98f6fc6cb172c44e9e4 to remote] execchain.MainClientExec 235 - Opening connection {}->http://localhost:20761
02-06-2018 16:54:20 DefaultHttpClientConnectionOperator.java DEBUG [Forwarding clickElement on session 27c49ceb9e8ae98f6fc6cb172c44e9e4 to remote] conn.DefaultHttpClientConnectionOperator 139 - Connecting to localhost/127.0.0.1:20761
02-06-2018 16:54:20 DefaultHttpClientConnectionOperator.java DEBUG [Forwarding clickElement on session 27c49ceb9e8ae98f6fc6cb172c44e9e4 to remote] conn.DefaultHttpClientConnectionOperator 146 - Connection established 127.0.0.1:61698<->127.0.0.1:20761
02-06-2018 16:54:20 LoggingManagedHttpClientConnection.java DEBUG [Forwarding clickElement on session 27c49ceb9e8ae98f6fc6cb172c44e9e4 to remote] conn.DefaultManagedHttpClientConnection 88 - http-outgoing-788: set socket timeout to 10800000
02-06-2018 16:54:20 MainClientExec.java DEBUG [Forwarding clickElement on session 27c49ceb9e8ae98f6fc6cb172c44e9e4 to remote] execchain.MainClientExec 256 - Executing request POST /session/27c49ceb9e8ae98f6fc6cb172c44e9e4/element/0.2305969338493199-1/click HTTP/1.1
02-06-2018 16:54:20 MainClientExec.java DEBUG [Forwarding clickElement on session 27c49ceb9e8ae98f6fc6cb172c44e9e4 to remote] execchain.MainClientExec 261 - Target auth state: UNCHALLENGED
02-06-2018 16:54:20 MainClientExec.java DEBUG [Forwarding clickElement on session 27c49ceb9e8ae98f6fc6cb172c44e9e4 to remote] execchain.MainClientExec 267 - Proxy auth state: UNCHALLENGED
02-06-2018 16:54:20 LoggingManagedHttpClientConnection.java DEBUG [Forwarding clickElement on session 27c49ceb9e8ae98f6fc6cb172c44e9e4 to remote] http.headers 133 - http-outgoing-788 >> POST /session/27c49ceb9e8ae98f6fc6cb172c44e9e4/element/0.2305969338493199-1/click HTTP/1.1
02-06-2018 16:54:20 LoggingManagedHttpClientConnection.java DEBUG [Forwarding clickElement on session 27c49ceb9e8ae98f6fc6cb172c44e9e4 to remote] http.headers 136 - http-outgoing-788 >> Content-Type: application/json; charset=utf-8
02-06-2018 16:54:20 LoggingManagedHttpClientConnection.java DEBUG [Forwarding clickElement on session 27c49ceb9e8ae98f6fc6cb172c44e9e4 to remote] http.headers 136 - http-outgoing-788 >> Content-Length: 29
02-06-2018 16:54:20 LoggingManagedHttpClientConnection.java DEBUG [Forwarding clickElement on session 27c49ceb9e8ae98f6fc6cb172c44e9e4 to remote] http.headers 136 - http-outgoing-788 >> Host: localhost:20761
02-06-2018 16:54:20 LoggingManagedHttpClientConnection.java DEBUG [Forwarding clickElement on session 27c49ceb9e8ae98f6fc6cb172c44e9e4 to remote] http.headers 136 - http-outgoing-788 >> Connection: Keep-Alive
02-06-2018 16:54:20 LoggingManagedHttpClientConnection.java DEBUG [Forwarding clickElement on session 27c49ceb9e8ae98f6fc6cb172c44e9e4 to remote] http.headers 136 - http-outgoing-788 >> User-Agent: Apache-HttpClient/4.5.3 (Java/1.8.0_151)
02-06-2018 16:54:20 LoggingManagedHttpClientConnection.java DEBUG [Forwarding clickElement on session 27c49ceb9e8ae98f6fc6cb172c44e9e4 to remote] http.headers 136 - http-outgoing-788 >> Accept-Encoding: gzip,deflate
02-06-2018 16:54:20 Wire.java DEBUG [Forwarding clickElement on session 27c49ceb9e8ae98f6fc6cb172c44e9e4 to remote] http.wire 73 - http-outgoing-788 >> "POST /session/27c49ceb9e8ae98f6fc6cb172c44e9e4/element/0.2305969338493199-1/click HTTP/1.1[\r][\n]"
02-06-2018 16:54:20 Wire.java DEBUG [Forwarding clickElement on session 27c49ceb9e8ae98f6fc6cb172c44e9e4 to remote] http.wire 73 - http-outgoing-788 >> "Content-Type: application/json; charset=utf-8[\r][\n]"
02-06-2018 16:54:20 Wire.java DEBUG [Forwarding clickElement on session 27c49ceb9e8ae98f6fc6cb172c44e9e4 to remote] http.wire 73 - http-outgoing-788 >> "Content-Length: 29[\r][\n]"
02-06-2018 16:54:20 Wire.java DEBUG [Forwarding clickElement on session 27c49ceb9e8ae98f6fc6cb172c44e9e4 to remote] http.wire 73 - http-outgoing-788 >> "Host: localhost:20761[\r][\n]"
02-06-2018 16:54:20 Wire.java DEBUG [Forwarding clickElement on session 27c49ceb9e8ae98f6fc6cb172c44e9e4 to remote] http.wire 73 - http-outgoing-788 >> "Connection: Keep-Alive[\r][\n]"
02-06-2018 16:54:20 Wire.java DEBUG [Forwarding clickElement on session 27c49ceb9e8ae98f6fc6cb172c44e9e4 to remote] http.wire 73 - http-outgoing-788 >> "User-Agent: Apache-HttpClient/4.5.3 (Java/1.8.0_151)[\r][\n]"
02-06-2018 16:54:20 Wire.java DEBUG [Forwarding clickElement on session 27c49ceb9e8ae98f6fc6cb172c44e9e4 to remote] http.wire 73 - http-outgoing-788 >> "Accept-Encoding: gzip,deflate[\r][\n]"
02-06-2018 16:54:20 Wire.java DEBUG [Forwarding clickElement on session 27c49ceb9e8ae98f6fc6cb172c44e9e4 to remote] http.wire 73 - http-outgoing-788 >> "[\r][\n]"
02-06-2018 16:54:20 Wire.java DEBUG [Forwarding clickElement on session 27c49ceb9e8ae98f6fc6cb172c44e9e4 to remote] http.wire 87 - http-outgoing-788 >> "{"id":"0.2305969338493199-1"}"
02-06-2018 16:54:23 Wire.java DEBUG [Forwarding clickElement on session 27c49ceb9e8ae98f6fc6cb172c44e9e4 to remote] http.wire 73 - http-outgoing-788 << "HTTP/1.1 200 OK[\r][\n]"
02-06-2018 16:54:23 Wire.java DEBUG [Forwarding clickElement on session 27c49ceb9e8ae98f6fc6cb172c44e9e4 to remote] http.wire 73 - http-outgoing-788 << "Content-Length:72[\r][\n]"
02-06-2018 16:54:23 Wire.java DEBUG [Forwarding clickElement on session 27c49ceb9e8ae98f6fc6cb172c44e9e4 to remote] http.wire 73 - http-outgoing-788 << "Content-Type:application/json; charset=utf-8[\r][\n]"
02-06-2018 16:54:23 Wire.java DEBUG [Forwarding clickElement on session 27c49ceb9e8ae98f6fc6cb172c44e9e4 to remote] http.wire 73 - http-outgoing-788 << "Connection:close[\r][\n]"
02-06-2018 16:54:23 Wire.java DEBUG [Forwarding clickElement on session 27c49ceb9e8ae98f6fc6cb172c44e9e4 to remote] http.wire 73 - http-outgoing-788 << "[\r][\n]"
02-06-2018 16:54:23 Wire.java DEBUG [Forwarding clickElement on session 27c49ceb9e8ae98f6fc6cb172c44e9e4 to remote] http.wire 87 - http-outgoing-788 << "{"sessionId":"27c49ceb9e8ae98f6fc6cb172c44e9e4","status":0,"value":null}"
02-06-2018 16:54:23 LoggingManagedHttpClientConnection.java DEBUG [Forwarding clickElement on session 27c49ceb9e8ae98f6fc6cb172c44e9e4 to remote] http.headers 122 - http-outgoing-788 << HTTP/1.1 200 OK
02-06-2018 16:54:23 LoggingManagedHttpClientConnection.java DEBUG [Forwarding clickElement on session 27c49ceb9e8ae98f6fc6cb172c44e9e4 to remote] http.headers 125 - http-outgoing-788 << Content-Length:72
02-06-2018 16:54:23 LoggingManagedHttpClientConnection.java DEBUG [Forwarding clickElement on session 27c49ceb9e8ae98f6fc6cb172c44e9e4 to remote] http.headers 125 - http-outgoing-788 << Content-Type:application/json; charset=utf-8
02-06-2018 16:54:23 LoggingManagedHttpClientConnection.java DEBUG [Forwarding clickElement on session 27c49ceb9e8ae98f6fc6cb172c44e9e4 to remote] http.headers 125 - http-outgoing-788 << Connection:close
02-06-2018 16:54:23 LoggingManagedHttpClientConnection.java DEBUG [Forwarding clickElement on session 27c49ceb9e8ae98f6fc6cb172c44e9e4 to remote] conn.DefaultManagedHttpClientConnection 79 - http-outgoing-788: Close connection
02-06-2018 16:54:23 ConnectionHolder.java DEBUG [Forwarding clickElement on session 27c49ceb9e8ae98f6fc6cb172c44e9e4 to remote] execchain.MainClientExec 104 - Connection discarded
02-06-2018 16:54:23 PoolingHttpClientConnectionManager.java DEBUG [Forwarding clickElement on session 27c49ceb9e8ae98f6fc6cb172c44e9e4 to remote] conn.PoolingHttpClientConnectionManager 326 - Connection released: [id: 788][route: {}->http://localhost:20761][total kept alive: 0; route allocated: 0 of 2000; total allocated: 0 of 2000]
02-06-2018 16:54:23 RequestAddCookies.java DEBUG [Forwarding findElement on session 27c49ceb9e8ae98f6fc6cb172c44e9e4 to remote] protocol.RequestAddCookies 123 - CookieSpec selected: default
02-06-2018 16:54:23 RequestAuthCache.java DEBUG [Forwarding findElement on session 27c49ceb9e8ae98f6fc6cb172c44e9e4 to remote] protocol.RequestAuthCache 77 - Auth cache not set in the context
02-06-2018 16:54:23 PoolingHttpClientConnectionManager.java DEBUG [Forwarding findElement on session 27c49ceb9e8ae98f6fc6cb172c44e9e4 to remote] conn.PoolingHttpClientConnectionManager 255 - Connection request: [route: {}->http://localhost:20761][total kept alive: 0; route allocated: 0 of 2000; total allocated: 0 of 2000]
02-06-2018 16:54:23 PoolingHttpClientConnectionManager.java DEBUG [Forwarding findElement on session 27c49ceb9e8ae98f6fc6cb172c44e9e4 to remote] conn.PoolingHttpClientConnectionManager 288 - Connection leased: [id: 789][route: {}->http://localhost:20761][total kept alive: 0; route allocated: 1 of 2000; total allocated: 1 of 2000]
02-06-2018 16:54:23 MainClientExec.java DEBUG [Forwarding findElement on session 27c49ceb9e8ae98f6fc6cb172c44e9e4 to remote] execchain.MainClientExec 235 - Opening connection {}->http://localhost:20761
02-06-2018 16:54:23 DefaultHttpClientConnectionOperator.java DEBUG [Forwarding findElement on session 27c49ceb9e8ae98f6fc6cb172c44e9e4 to remote] conn.DefaultHttpClientConnectionOperator 139 - Connecting to localhost/127.0.0.1:20761
02-06-2018 16:54:23 DefaultHttpClientConnectionOperator.java DEBUG [Forwarding findElement on session 27c49ceb9e8ae98f6fc6cb172c44e9e4 to remote] conn.DefaultHttpClientConnectionOperator 146 - Connection established 127.0.0.1:61704<->127.0.0.1:20761
02-06-2018 16:54:23 LoggingManagedHttpClientConnection.java DEBUG [Forwarding findElement on session 27c49ceb9e8ae98f6fc6cb172c44e9e4 to remote] conn.DefaultManagedHttpClientConnection 88 - http-outgoing-789: set socket timeout to 10800000
02-06-2018 16:54:23 MainClientExec.java DEBUG [Forwarding findElement on session 27c49ceb9e8ae98f6fc6cb172c44e9e4 to remote] execchain.MainClientExec 256 - Executing request POST /session/27c49ceb9e8ae98f6fc6cb172c44e9e4/element HTTP/1.1
02-06-2018 16:54:23 MainClientExec.java DEBUG [Forwarding findElement on session 27c49ceb9e8ae98f6fc6cb172c44e9e4 to remote] execchain.MainClientExec 261 - Target auth state: UNCHALLENGED
02-06-2018 16:54:23 MainClientExec.java DEBUG [Forwarding findElement on session 27c49ceb9e8ae98f6fc6cb172c44e9e4 to remote] execchain.MainClientExec 267 - Proxy auth state: UNCHALLENGED
02-06-2018 16:54:23 LoggingManagedHttpClientConnection.java DEBUG [Forwarding findElement on session 27c49ceb9e8ae98f6fc6cb172c44e9e4 to remote] http.headers 133 - http-outgoing-789 >> POST /session/27c49ceb9e8ae98f6fc6cb172c44e9e4/element HTTP/1.1
02-06-2018 16:54:23 LoggingManagedHttpClientConnection.java DEBUG [Forwarding findElement on session 27c49ceb9e8ae98f6fc6cb172c44e9e4 to remote] http.headers 136 - http-outgoing-789 >> Content-Type: application/json; charset=utf-8
02-06-2018 16:54:23 LoggingManagedHttpClientConnection.java DEBUG [Forwarding findElement on session 27c49ceb9e8ae98f6fc6cb172c44e9e4 to remote] http.headers 136 - http-outgoing-789 >> Content-Length: 51
02-06-2018 16:54:23 LoggingManagedHttpClientConnection.java DEBUG [Forwarding findElement on session 27c49ceb9e8ae98f6fc6cb172c44e9e4 to remote] http.headers 136 - http-outgoing-789 >> Host: localhost:20761
02-06-2018 16:54:23 LoggingManagedHttpClientConnection.java DEBUG [Forwarding findElement on session 27c49ceb9e8ae98f6fc6cb172c44e9e4 to remote] http.headers 136 - http-outgoing-789 >> Connection: Keep-Alive
02-06-2018 16:54:23 LoggingManagedHttpClientConnection.java DEBUG [Forwarding findElement on session 27c49ceb9e8ae98f6fc6cb172c44e9e4 to remote] http.headers 136 - http-outgoing-789 >> User-Agent: Apache-HttpClient/4.5.3 (Java/1.8.0_151)
02-06-2018 16:54:23 LoggingManagedHttpClientConnection.java DEBUG [Forwarding findElement on session 27c49ceb9e8ae98f6fc6cb172c44e9e4 to remote] http.headers 136 - http-outgoing-789 >> Accept-Encoding: gzip,deflate
02-06-2018 16:54:23 Wire.java DEBUG [Forwarding findElement on session 27c49ceb9e8ae98f6fc6cb172c44e9e4 to remote] http.wire 73 - http-outgoing-789 >> "POST /session/27c49ceb9e8ae98f6fc6cb172c44e9e4/element HTTP/1.1[\r][\n]"
02-06-2018 16:54:23 Wire.java DEBUG [Forwarding findElement on session 27c49ceb9e8ae98f6fc6cb172c44e9e4 to remote] http.wire 73 - http-outgoing-789 >> "Content-Type: application/json; charset=utf-8[\r][\n]"
02-06-2018 16:54:23 Wire.java DEBUG [Forwarding findElement on session 27c49ceb9e8ae98f6fc6cb172c44e9e4 to remote] http.wire 73 - http-outgoing-789 >> "Content-Length: 51[\r][\n]"
02-06-2018 16:54:23 Wire.java DEBUG [Forwarding findElement on session 27c49ceb9e8ae98f6fc6cb172c44e9e4 to remote] http.wire 73 - http-outgoing-789 >> "Host: localhost:20761[\r][\n]"
02-06-2018 16:54:23 Wire.java DEBUG [Forwarding findElement on session 27c49ceb9e8ae98f6fc6cb172c44e9e4 to remote] http.wire 73 - http-outgoing-789 >> "Connection: Keep-Alive[\r][\n]"
02-06-2018 16:54:23 Wire.java DEBUG [Forwarding findElement on session 27c49ceb9e8ae98f6fc6cb172c44e9e4 to remote] http.wire 73 - http-outgoing-789 >> "User-Agent: Apache-HttpClient/4.5.3 (Java/1.8.0_151)[\r][\n]"
02-06-2018 16:54:23 Wire.java DEBUG [Forwarding findElement on session 27c49ceb9e8ae98f6fc6cb172c44e9e4 to remote] http.wire 73 - http-outgoing-789 >> "Accept-Encoding: gzip,deflate[\r][\n]"
02-06-2018 16:54:23 Wire.java DEBUG [Forwarding findElement on session 27c49ceb9e8ae98f6fc6cb172c44e9e4 to remote] http.wire 73 - http-outgoing-789 >> "[\r][\n]"
02-06-2018 16:54:23 Wire.java DEBUG [Forwarding findElement on session 27c49ceb9e8ae98f6fc6cb172c44e9e4 to remote] http.wire 87 - http-outgoing-789 >> "{"using":"xpath","value":"//*[@id\u003d\"email\"]"}"
02-06-2018 16:54:23 Wire.java DEBUG [Forwarding findElement on session 27c49ceb9e8ae98f6fc6cb172c44e9e4 to remote] http.wire 73 - http-outgoing-789 << "HTTP/1.1 200 OK[\r][\n]"
02-06-2018 16:54:23 Wire.java DEBUG [Forwarding findElement on session 27c49ceb9e8ae98f6fc6cb172c44e9e4 to remote] http.wire 73 - http-outgoing-789 << "Content-Length:102[\r][\n]"
02-06-2018 16:54:23 Wire.java DEBUG [Forwarding findElement on session 27c49ceb9e8ae98f6fc6cb172c44e9e4 to remote] http.wire 73 - http-outgoing-789 << "Content-Type:application/json; charset=utf-8[\r][\n]"
02-06-2018 16:54:23 Wire.java DEBUG [Forwarding findElement on session 27c49ceb9e8ae98f6fc6cb172c44e9e4 to remote] http.wire 73 - http-outgoing-789 << "Connection:close[\r][\n]"
02-06-2018 16:54:23 Wire.java DEBUG [Forwarding findElement on session 27c49ceb9e8ae98f6fc6cb172c44e9e4 to remote] http.wire 73 - http-outgoing-789 << "[\r][\n]"
02-06-2018 16:54:23 Wire.java DEBUG [Forwarding findElement on session 27c49ceb9e8ae98f6fc6cb172c44e9e4 to remote] http.wire 87 - http-outgoing-789 << "{"sessionId":"27c49ceb9e8ae98f6fc6cb172c44e9e4","status":0,"value":{"ELEMENT":"0.8433988826454522-1"}}"
02-06-2018 16:54:23 LoggingManagedHttpClientConnection.java DEBUG [Forwarding findElement on session 27c49ceb9e8ae98f6fc6cb172c44e9e4 to remote] http.headers 122 - http-outgoing-789 << HTTP/1.1 200 OK
02-06-2018 16:54:23 LoggingManagedHttpClientConnection.java DEBUG [Forwarding findElement on session 27c49ceb9e8ae98f6fc6cb172c44e9e4 to remote] http.headers 125 - http-outgoing-789 << Content-Length:102
02-06-2018 16:54:23 LoggingManagedHttpClientConnection.java DEBUG [Forwarding findElement on session 27c49ceb9e8ae98f6fc6cb172c44e9e4 to remote] http.headers 125 - http-outgoing-789 << Content-Type:application/json; charset=utf-8
02-06-2018 16:54:23 LoggingManagedHttpClientConnection.java DEBUG [Forwarding findElement on session 27c49ceb9e8ae98f6fc6cb172c44e9e4 to remote] http.headers 125 - http-outgoing-789 << Connection:close
02-06-2018 16:54:23 LoggingManagedHttpClientConnection.java DEBUG [Forwarding findElement on session 27c49ceb9e8ae98f6fc6cb172c44e9e4 to remote] conn.DefaultManagedHttpClientConnection 79 - http-outgoing-789: Close connection
02-06-2018 16:54:23 ConnectionHolder.java DEBUG [Forwarding findElement on session 27c49ceb9e8ae98f6fc6cb172c44e9e4 to remote] execchain.MainClientExec 104 - Connection discarded
02-06-2018 16:54:23 PoolingHttpClientConnectionManager.java DEBUG [Forwarding findElement on session 27c49ceb9e8ae98f6fc6cb172c44e9e4 to remote] conn.PoolingHttpClientConnectionManager 326 - Connection released: [id: 789][route: {}->http://localhost:20761][total kept alive: 0; route allocated: 0 of 2000; total allocated: 0 of 2000]
02-06-2018 16:54:23 RequestAddCookies.java DEBUG [Forwarding sendKeysToElement on session 27c49ceb9e8ae98f6fc6cb172c44e9e4 to remote] protocol.RequestAddCookies 123 - CookieSpec selected: default
02-06-2018 16:54:23 RequestAuthCache.java DEBUG [Forwarding sendKeysToElement on session 27c49ceb9e8ae98f6fc6cb172c44e9e4 to remote] protocol.RequestAuthCache 77 - Auth cache not set in the context
02-06-2018 16:54:23 PoolingHttpClientConnectionManager.java DEBUG [Forwarding sendKeysToElement on session 27c49ceb9e8ae98f6fc6cb172c44e9e4 to remote] conn.PoolingHttpClientConnectionManager 255 - Connection request: [route: {}->http://localhost:20761][total kept alive: 0; route allocated: 0 of 2000; total allocated: 0 of 2000]
02-06-2018 16:54:23 PoolingHttpClientConnectionManager.java DEBUG [Forwarding sendKeysToElement on session 27c49ceb9e8ae98f6fc6cb172c44e9e4 to remote] conn.PoolingHttpClientConnectionManager 288 - Connection leased: [id: 790][route: {}->http://localhost:20761][total kept alive: 0; route allocated: 1 of 2000; total allocated: 1 of 2000]
02-06-2018 16:54:23 MainClientExec.java DEBUG [Forwarding sendKeysToElement on session 27c49ceb9e8ae98f6fc6cb172c44e9e4 to remote] execchain.MainClientExec 235 - Opening connection {}->http://localhost:20761
02-06-2018 16:54:23 DefaultHttpClientConnectionOperator.java DEBUG [Forwarding sendKeysToElement on session 27c49ceb9e8ae98f6fc6cb172c44e9e4 to remote] conn.DefaultHttpClientConnectionOperator 139 - Connecting to localhost/127.0.0.1:20761
02-06-2018 16:54:23 DefaultHttpClientConnectionOperator.java DEBUG [Forwarding sendKeysToElement on session 27c49ceb9e8ae98f6fc6cb172c44e9e4 to remote] conn.DefaultHttpClientConnectionOperator 146 - Connection established 127.0.0.1:61705<->127.0.0.1:20761
02-06-2018 16:54:23 LoggingManagedHttpClientConnection.java DEBUG [Forwarding sendKeysToElement on session 27c49ceb9e8ae98f6fc6cb172c44e9e4 to remote] conn.DefaultManagedHttpClientConnection 88 - http-outgoing-790: set socket timeout to 10800000
02-06-2018 16:54:23 MainClientExec.java DEBUG [Forwarding sendKeysToElement on session 27c49ceb9e8ae98f6fc6cb172c44e9e4 to remote] execchain.MainClientExec 256 - Executing request POST /session/27c49ceb9e8ae98f6fc6cb172c44e9e4/element/0.8433988826454522-1/value HTTP/1.1
02-06-2018 16:54:23 MainClientExec.java DEBUG [Forwarding sendKeysToElement on session 27c49ceb9e8ae98f6fc6cb172c44e9e4 to remote] execchain.MainClientExec 261 - Target auth state: UNCHALLENGED
02-06-2018 16:54:23 MainClientExec.java DEBUG [Forwarding sendKeysToElement on session 27c49ceb9e8ae98f6fc6cb172c44e9e4 to remote] execchain.MainClientExec 267 - Proxy auth state: UNCHALLENGED
02-06-2018 16:54:23 LoggingManagedHttpClientConnection.java DEBUG [Forwarding sendKeysToElement on session 27c49ceb9e8ae98f6fc6cb172c44e9e4 to remote] http.headers 133 - http-outgoing-790 >> POST /session/27c49ceb9e8ae98f6fc6cb172c44e9e4/element/0.8433988826454522-1/value HTTP/1.1
02-06-2018 16:54:23 LoggingManagedHttpClientConnection.java DEBUG [Forwarding sendKeysToElement on session 27c49ceb9e8ae98f6fc6cb172c44e9e4 to remote] http.headers 136 - http-outgoing-790 >> Content-Type: application/json; charset=utf-8
02-06-2018 16:54:23 LoggingManagedHttpClientConnection.java DEBUG [Forwarding sendKeysToElement on session 27c49ceb9e8ae98f6fc6cb172c44e9e4 to remote] http.headers 136 - http-outgoing-790 >> Content-Length: 64
02-06-2018 16:54:23 LoggingManagedHttpClientConnection.java DEBUG [Forwarding sendKeysToElement on session 27c49ceb9e8ae98f6fc6cb172c44e9e4 to remote] http.headers 136 - http-outgoing-790 >> Host: localhost:20761
02-06-2018 16:54:23 LoggingManagedHttpClientConnection.java DEBUG [Forwarding sendKeysToElement on session 27c49ceb9e8ae98f6fc6cb172c44e9e4 to remote] http.headers 136 - http-outgoing-790 >> Connection: Keep-Alive
02-06-2018 16:54:23 LoggingManagedHttpClientConnection.java DEBUG [Forwarding sendKeysToElement on session 27c49ceb9e8ae98f6fc6cb172c44e9e4 to remote] http.headers 136 - http-outgoing-790 >> User-Agent: Apache-HttpClient/4.5.3 (Java/1.8.0_151)
02-06-2018 16:54:23 LoggingManagedHttpClientConnection.java DEBUG [Forwarding sendKeysToElement on session 27c49ceb9e8ae98f6fc6cb172c44e9e4 to remote] http.headers 136 - http-outgoing-790 >> Accept-Encoding: gzip,deflate
02-06-2018 16:54:23 Wire.java DEBUG [Forwarding sendKeysToElement on session 27c49ceb9e8ae98f6fc6cb172c44e9e4 to remote] http.wire 73 - http-outgoing-790 >> "POST /session/27c49ceb9e8ae98f6fc6cb172c44e9e4/element/0.8433988826454522-1/value HTTP/1.1[\r][\n]"
02-06-2018 16:54:23 Wire.java DEBUG [Forwarding sendKeysToElement on session 27c49ceb9e8ae98f6fc6cb172c44e9e4 to remote] http.wire 73 - http-outgoing-790 >> "Content-Type: application/json; charset=utf-8[\r][\n]"
02-06-2018 16:54:23 Wire.java DEBUG [Forwarding sendKeysToElement on session 27c49ceb9e8ae98f6fc6cb172c44e9e4 to remote] http.wire 73 - http-outgoing-790 >> "Content-Length: 64[\r][\n]"
02-06-2018 16:54:23 Wire.java DEBUG [Forwarding sendKeysToElement on session 27c49ceb9e8ae98f6fc6cb172c44e9e4 to remote] http.wire 73 - http-outgoing-790 >> "Host: localhost:20761[\r][\n]"
02-06-2018 16:54:23 Wire.java DEBUG [Forwarding sendKeysToElement on session 27c49ceb9e8ae98f6fc6cb172c44e9e4 to remote] http.wire 73 - http-outgoing-790 >> "Connection: Keep-Alive[\r][\n]"
02-06-2018 16:54:23 Wire.java DEBUG [Forwarding sendKeysToElement on session 27c49ceb9e8ae98f6fc6cb172c44e9e4 to remote] http.wire 73 - http-outgoing-790 >> "User-Agent: Apache-HttpClient/4.5.3 (Java/1.8.0_151)[\r][\n]"
02-06-2018 16:54:23 Wire.java DEBUG [Forwarding sendKeysToElement on session 27c49ceb9e8ae98f6fc6cb172c44e9e4 to remote] http.wire 73 - http-outgoing-790 >> "Accept-Encoding: gzip,deflate[\r][\n]"
02-06-2018 16:54:23 Wire.java DEBUG [Forwarding sendKeysToElement on session 27c49ceb9e8ae98f6fc6cb172c44e9e4 to remote] http.wire 73 - http-outgoing-790 >> "[\r][\n]"
02-06-2018 16:54:23 Wire.java DEBUG [Forwarding sendKeysToElement on session 27c49ceb9e8ae98f6fc6cb172c44e9e4 to remote] http.wire 87 - http-outgoing-790 >> "{"id":"0.8433988826454522-1","value":["shirimadam21@gmail.com"]}"
02-06-2018 16:54:23 Wire.java DEBUG [Forwarding sendKeysToElement on session 27c49ceb9e8ae98f6fc6cb172c44e9e4 to remote] http.wire 73 - http-outgoing-790 << "HTTP/1.1 200 OK[\r][\n]"
02-06-2018 16:54:23 Wire.java DEBUG [Forwarding sendKeysToElement on session 27c49ceb9e8ae98f6fc6cb172c44e9e4 to remote] http.wire 73 - http-outgoing-790 << "Content-Length:72[\r][\n]"
02-06-2018 16:54:23 Wire.java DEBUG [Forwarding sendKeysToElement on session 27c49ceb9e8ae98f6fc6cb172c44e9e4 to remote] http.wire 73 - http-outgoing-790 << "Content-Type:application/json; charset=utf-8[\r][\n]"
02-06-2018 16:54:23 Wire.java DEBUG [Forwarding sendKeysToElement on session 27c49ceb9e8ae98f6fc6cb172c44e9e4 to remote] http.wire 73 - http-outgoing-790 << "Connection:close[\r][\n]"
02-06-2018 16:54:23 Wire.java DEBUG [Forwarding sendKeysToElement on session 27c49ceb9e8ae98f6fc6cb172c44e9e4 to remote] http.wire 73 - http-outgoing-790 << "[\r][\n]"
02-06-2018 16:54:23 Wire.java DEBUG [Forwarding sendKeysToElement on session 27c49ceb9e8ae98f6fc6cb172c44e9e4 to remote] http.wire 87 - http-outgoing-790 << "{"sessionId":"27c49ceb9e8ae98f6fc6cb172c44e9e4","status":0,"value":null}"
02-06-2018 16:54:23 LoggingManagedHttpClientConnection.java DEBUG [Forwarding sendKeysToElement on session 27c49ceb9e8ae98f6fc6cb172c44e9e4 to remote] http.headers 122 - http-outgoing-790 << HTTP/1.1 200 OK
02-06-2018 16:54:23 LoggingManagedHttpClientConnection.java DEBUG [Forwarding sendKeysToElement on session 27c49ceb9e8ae98f6fc6cb172c44e9e4 to remote] http.headers 125 - http-outgoing-790 << Content-Length:72
02-06-2018 16:54:23 LoggingManagedHttpClientConnection.java DEBUG [Forwarding sendKeysToElement on session 27c49ceb9e8ae98f6fc6cb172c44e9e4 to remote] http.headers 125 - http-outgoing-790 << Content-Type:application/json; charset=utf-8
02-06-2018 16:54:23 LoggingManagedHttpClientConnection.java DEBUG [Forwarding sendKeysToElement on session 27c49ceb9e8ae98f6fc6cb172c44e9e4 to remote] http.headers 125 - http-outgoing-790 << Connection:close
02-06-2018 16:54:23 LoggingManagedHttpClientConnection.java DEBUG [Forwarding sendKeysToElement on session 27c49ceb9e8ae98f6fc6cb172c44e9e4 to remote] conn.DefaultManagedHttpClientConnection 79 - http-outgoing-790: Close connection
02-06-2018 16:54:23 ConnectionHolder.java DEBUG [Forwarding sendKeysToElement on session 27c49ceb9e8ae98f6fc6cb172c44e9e4 to remote] execchain.MainClientExec 104 - Connection discarded
02-06-2018 16:54:23 PoolingHttpClientConnectionManager.java DEBUG [Forwarding sendKeysToElement on session 27c49ceb9e8ae98f6fc6cb172c44e9e4 to remote] conn.PoolingHttpClientConnectionManager 326 - Connection released: [id: 790][route: {}->http://localhost:20761][total kept alive: 0; route allocated: 0 of 2000; total allocated: 0 of 2000]
02-06-2018 16:54:23 RequestAddCookies.java DEBUG [Forwarding findElement on session 27c49ceb9e8ae98f6fc6cb172c44e9e4 to remote] protocol.RequestAddCookies 123 - CookieSpec selected: default
02-06-2018 16:54:23 RequestAuthCache.java DEBUG [Forwarding findElement on session 27c49ceb9e8ae98f6fc6cb172c44e9e4 to remote] protocol.RequestAuthCache 77 - Auth cache not set in the context
02-06-2018 16:54:23 PoolingHttpClientConnectionManager.java DEBUG [Forwarding findElement on session 27c49ceb9e8ae98f6fc6cb172c44e9e4 to remote] conn.PoolingHttpClientConnectionManager 255 - Connection request: [route: {}->http://localhost:20761][total kept alive: 0; route allocated: 0 of 2000; total allocated: 0 of 2000]
02-06-2018 16:54:23 PoolingHttpClientConnectionManager.java DEBUG [Forwarding findElement on session 27c49ceb9e8ae98f6fc6cb172c44e9e4 to remote] conn.PoolingHttpClientConnectionManager 288 - Connection leased: [id: 791][route: {}->http://localhost:20761][total kept alive: 0; route allocated: 1 of 2000; total allocated: 1 of 2000]
02-06-2018 16:54:23 MainClientExec.java DEBUG [Forwarding findElement on session 27c49ceb9e8ae98f6fc6cb172c44e9e4 to remote] execchain.MainClientExec 235 - Opening connection {}->http://localhost:20761
02-06-2018 16:54:23 DefaultHttpClientConnectionOperator.java DEBUG [Forwarding findElement on session 27c49ceb9e8ae98f6fc6cb172c44e9e4 to remote] conn.DefaultHttpClientConnectionOperator 139 - Connecting to localhost/127.0.0.1:20761
02-06-2018 16:54:23 DefaultHttpClientConnectionOperator.java DEBUG [Forwarding findElement on session 27c49ceb9e8ae98f6fc6cb172c44e9e4 to remote] conn.DefaultHttpClientConnectionOperator 146 - Connection established 127.0.0.1:61707<->127.0.0.1:20761
02-06-2018 16:54:23 LoggingManagedHttpClientConnection.java DEBUG [Forwarding findElement on session 27c49ceb9e8ae98f6fc6cb172c44e9e4 to remote] conn.DefaultManagedHttpClientConnection 88 - http-outgoing-791: set socket timeout to 10800000
02-06-2018 16:54:23 MainClientExec.java DEBUG [Forwarding findElement on session 27c49ceb9e8ae98f6fc6cb172c44e9e4 to remote] execchain.MainClientExec 256 - Executing request POST /session/27c49ceb9e8ae98f6fc6cb172c44e9e4/element HTTP/1.1
02-06-2018 16:54:23 MainClientExec.java DEBUG [Forwarding findElement on session 27c49ceb9e8ae98f6fc6cb172c44e9e4 to remote] execchain.MainClientExec 261 - Target auth state: UNCHALLENGED
02-06-2018 16:54:23 MainClientExec.java DEBUG [Forwarding findElement on session 27c49ceb9e8ae98f6fc6cb172c44e9e4 to remote] execchain.MainClientExec 267 - Proxy auth state: UNCHALLENGED
02-06-2018 16:54:23 LoggingManagedHttpClientConnection.java DEBUG [Forwarding findElement on session 27c49ceb9e8ae98f6fc6cb172c44e9e4 to remote] http.headers 133 - http-outgoing-791 >> POST /session/27c49ceb9e8ae98f6fc6cb172c44e9e4/element HTTP/1.1
02-06-2018 16:54:23 LoggingManagedHttpClientConnection.java DEBUG [Forwarding findElement on session 27c49ceb9e8ae98f6fc6cb172c44e9e4 to remote] http.headers 136 - http-outgoing-791 >> Content-Type: application/json; charset=utf-8
02-06-2018 16:54:23 LoggingManagedHttpClientConnection.java DEBUG [Forwarding findElement on session 27c49ceb9e8ae98f6fc6cb172c44e9e4 to remote] http.headers 136 - http-outgoing-791 >> Content-Length: 54
02-06-2018 16:54:23 LoggingManagedHttpClientConnection.java DEBUG [Forwarding findElement on session 27c49ceb9e8ae98f6fc6cb172c44e9e4 to remote] http.headers 136 - http-outgoing-791 >> Host: localhost:20761
02-06-2018 16:54:23 LoggingManagedHttpClientConnection.java DEBUG [Forwarding findElement on session 27c49ceb9e8ae98f6fc6cb172c44e9e4 to remote] http.headers 136 - http-outgoing-791 >> Connection: Keep-Alive
02-06-2018 16:54:23 LoggingManagedHttpClientConnection.java DEBUG [Forwarding findElement on session 27c49ceb9e8ae98f6fc6cb172c44e9e4 to remote] http.headers 136 - http-outgoing-791 >> User-Agent: Apache-HttpClient/4.5.3 (Java/1.8.0_151)
02-06-2018 16:54:23 LoggingManagedHttpClientConnection.java DEBUG [Forwarding findElement on session 27c49ceb9e8ae98f6fc6cb172c44e9e4 to remote] http.headers 136 - http-outgoing-791 >> Accept-Encoding: gzip,deflate
02-06-2018 16:54:23 Wire.java DEBUG [Forwarding findElement on session 27c49ceb9e8ae98f6fc6cb172c44e9e4 to remote] http.wire 73 - http-outgoing-791 >> "POST /session/27c49ceb9e8ae98f6fc6cb172c44e9e4/element HTTP/1.1[\r][\n]"
02-06-2018 16:54:23 Wire.java DEBUG [Forwarding findElement on session 27c49ceb9e8ae98f6fc6cb172c44e9e4 to remote] http.wire 73 - http-outgoing-791 >> "Content-Type: application/json; charset=utf-8[\r][\n]"
02-06-2018 16:54:23 Wire.java DEBUG [Forwarding findElement on session 27c49ceb9e8ae98f6fc6cb172c44e9e4 to remote] http.wire 73 - http-outgoing-791 >> "Content-Length: 54[\r][\n]"
02-06-2018 16:54:23 Wire.java DEBUG [Forwarding findElement on session 27c49ceb9e8ae98f6fc6cb172c44e9e4 to remote] http.wire 73 - http-outgoing-791 >> "Host: localhost:20761[\r][\n]"
02-06-2018 16:54:23 Wire.java DEBUG [Forwarding findElement on session 27c49ceb9e8ae98f6fc6cb172c44e9e4 to remote] http.wire 73 - http-outgoing-791 >> "Connection: Keep-Alive[\r][\n]"
02-06-2018 16:54:23 Wire.java DEBUG [Forwarding findElement on session 27c49ceb9e8ae98f6fc6cb172c44e9e4 to remote] http.wire 73 - http-outgoing-791 >> "User-Agent: Apache-HttpClient/4.5.3 (Java/1.8.0_151)[\r][\n]"
02-06-2018 16:54:23 Wire.java DEBUG [Forwarding findElement on session 27c49ceb9e8ae98f6fc6cb172c44e9e4 to remote] http.wire 73 - http-outgoing-791 >> "Accept-Encoding: gzip,deflate[\r][\n]"
02-06-2018 16:54:23 Wire.java DEBUG [Forwarding findElement on session 27c49ceb9e8ae98f6fc6cb172c44e9e4 to remote] http.wire 73 - http-outgoing-791 >> "[\r][\n]"
02-06-2018 16:54:23 Wire.java DEBUG [Forwarding findElement on session 27c49ceb9e8ae98f6fc6cb172c44e9e4 to remote] http.wire 87 - http-outgoing-791 >> "{"using":"xpath","value":"//*[@id\u003d\"password\"]"}"
02-06-2018 16:54:23 Wire.java DEBUG [Forwarding findElement on session 27c49ceb9e8ae98f6fc6cb172c44e9e4 to remote] http.wire 73 - http-outgoing-791 << "HTTP/1.1 200 OK[\r][\n]"
02-06-2018 16:54:23 Wire.java DEBUG [Forwarding findElement on session 27c49ceb9e8ae98f6fc6cb172c44e9e4 to remote] http.wire 73 - http-outgoing-791 << "Content-Length:102[\r][\n]"
02-06-2018 16:54:23 Wire.java DEBUG [Forwarding findElement on session 27c49ceb9e8ae98f6fc6cb172c44e9e4 to remote] http.wire 73 - http-outgoing-791 << "Content-Type:application/json; charset=utf-8[\r][\n]"
02-06-2018 16:54:23 Wire.java DEBUG [Forwarding findElement on session 27c49ceb9e8ae98f6fc6cb172c44e9e4 to remote] http.wire 73 - http-outgoing-791 << "Connection:close[\r][\n]"
02-06-2018 16:54:23 Wire.java DEBUG [Forwarding findElement on session 27c49ceb9e8ae98f6fc6cb172c44e9e4 to remote] http.wire 73 - http-outgoing-791 << "[\r][\n]"
02-06-2018 16:54:23 Wire.java DEBUG [Forwarding findElement on session 27c49ceb9e8ae98f6fc6cb172c44e9e4 to remote] http.wire 87 - http-outgoing-791 << "{"sessionId":"27c49ceb9e8ae98f6fc6cb172c44e9e4","status":0,"value":{"ELEMENT":"0.8433988826454522-2"}}"
02-06-2018 16:54:23 LoggingManagedHttpClientConnection.java DEBUG [Forwarding findElement on session 27c49ceb9e8ae98f6fc6cb172c44e9e4 to remote] http.headers 122 - http-outgoing-791 << HTTP/1.1 200 OK
02-06-2018 16:54:23 LoggingManagedHttpClientConnection.java DEBUG [Forwarding findElement on session 27c49ceb9e8ae98f6fc6cb172c44e9e4 to remote] http.headers 125 - http-outgoing-791 << Content-Length:102
02-06-2018 16:54:23 LoggingManagedHttpClientConnection.java DEBUG [Forwarding findElement on session 27c49ceb9e8ae98f6fc6cb172c44e9e4 to remote] http.headers 125 - http-outgoing-791 << Content-Type:application/json; charset=utf-8
02-06-2018 16:54:23 LoggingManagedHttpClientConnection.java DEBUG [Forwarding findElement on session 27c49ceb9e8ae98f6fc6cb172c44e9e4 to remote] http.headers 125 - http-outgoing-791 << Connection:close
02-06-2018 16:54:23 LoggingManagedHttpClientConnection.java DEBUG [Forwarding findElement on session 27c49ceb9e8ae98f6fc6cb172c44e9e4 to remote] conn.DefaultManagedHttpClientConnection 79 - http-outgoing-791: Close connection
02-06-2018 16:54:23 ConnectionHolder.java DEBUG [Forwarding findElement on session 27c49ceb9e8ae98f6fc6cb172c44e9e4 to remote] execchain.MainClientExec 104 - Connection discarded
02-06-2018 16:54:23 PoolingHttpClientConnectionManager.java DEBUG [Forwarding findElement on session 27c49ceb9e8ae98f6fc6cb172c44e9e4 to remote] conn.PoolingHttpClientConnectionManager 326 - Connection released: [id: 791][route: {}->http://localhost:20761][total kept alive: 0; route allocated: 0 of 2000; total allocated: 0 of 2000]
02-06-2018 16:54:23 RequestAddCookies.java DEBUG [Forwarding sendKeysToElement on session 27c49ceb9e8ae98f6fc6cb172c44e9e4 to remote] protocol.RequestAddCookies 123 - CookieSpec selected: default
02-06-2018 16:54:23 RequestAuthCache.java DEBUG [Forwarding sendKeysToElement on session 27c49ceb9e8ae98f6fc6cb172c44e9e4 to remote] protocol.RequestAuthCache 77 - Auth cache not set in the context
02-06-2018 16:54:23 PoolingHttpClientConnectionManager.java DEBUG [Forwarding sendKeysToElement on session 27c49ceb9e8ae98f6fc6cb172c44e9e4 to remote] conn.PoolingHttpClientConnectionManager 255 - Connection request: [route: {}->http://localhost:20761][total kept alive: 0; route allocated: 0 of 2000; total allocated: 0 of 2000]
02-06-2018 16:54:23 PoolingHttpClientConnectionManager.java DEBUG [Forwarding sendKeysToElement on session 27c49ceb9e8ae98f6fc6cb172c44e9e4 to remote] conn.PoolingHttpClientConnectionManager 288 - Connection leased: [id: 792][route: {}->http://localhost:20761][total kept alive: 0; route allocated: 1 of 2000; total allocated: 1 of 2000]
02-06-2018 16:54:23 MainClientExec.java DEBUG [Forwarding sendKeysToElement on session 27c49ceb9e8ae98f6fc6cb172c44e9e4 to remote] execchain.MainClientExec 235 - Opening connection {}->http://localhost:20761
02-06-2018 16:54:23 DefaultHttpClientConnectionOperator.java DEBUG [Forwarding sendKeysToElement on session 27c49ceb9e8ae98f6fc6cb172c44e9e4 to remote] conn.DefaultHttpClientConnectionOperator 139 - Connecting to localhost/127.0.0.1:20761
02-06-2018 16:54:23 DefaultHttpClientConnectionOperator.java DEBUG [Forwarding sendKeysToElement on session 27c49ceb9e8ae98f6fc6cb172c44e9e4 to remote] conn.DefaultHttpClientConnectionOperator 146 - Connection established 127.0.0.1:61708<->127.0.0.1:20761
02-06-2018 16:54:23 LoggingManagedHttpClientConnection.java DEBUG [Forwarding sendKeysToElement on session 27c49ceb9e8ae98f6fc6cb172c44e9e4 to remote] conn.DefaultManagedHttpClientConnection 88 - http-outgoing-792: set socket timeout to 10800000
02-06-2018 16:54:23 MainClientExec.java DEBUG [Forwarding sendKeysToElement on session 27c49ceb9e8ae98f6fc6cb172c44e9e4 to remote] execchain.MainClientExec 256 - Executing request POST /session/27c49ceb9e8ae98f6fc6cb172c44e9e4/element/0.8433988826454522-2/value HTTP/1.1
02-06-2018 16:54:23 MainClientExec.java DEBUG [Forwarding sendKeysToElement on session 27c49ceb9e8ae98f6fc6cb172c44e9e4 to remote] execchain.MainClientExec 261 - Target auth state: UNCHALLENGED
02-06-2018 16:54:23 MainClientExec.java DEBUG [Forwarding sendKeysToElement on session 27c49ceb9e8ae98f6fc6cb172c44e9e4 to remote] execchain.MainClientExec 267 - Proxy auth state: UNCHALLENGED
02-06-2018 16:54:23 LoggingManagedHttpClientConnection.java DEBUG [Forwarding sendKeysToElement on session 27c49ceb9e8ae98f6fc6cb172c44e9e4 to remote] http.headers 133 - http-outgoing-792 >> POST /session/27c49ceb9e8ae98f6fc6cb172c44e9e4/element/0.8433988826454522-2/value HTTP/1.1
02-06-2018 16:54:23 LoggingManagedHttpClientConnection.java DEBUG [Forwarding sendKeysToElement on session 27c49ceb9e8ae98f6fc6cb172c44e9e4 to remote] http.headers 136 - http-outgoing-792 >> Content-Type: application/json; charset=utf-8
02-06-2018 16:54:23 LoggingManagedHttpClientConnection.java DEBUG [Forwarding sendKeysToElement on session 27c49ceb9e8ae98f6fc6cb172c44e9e4 to remote] http.headers 136 - http-outgoing-792 >> Content-Length: 50
02-06-2018 16:54:23 LoggingManagedHttpClientConnection.java DEBUG [Forwarding sendKeysToElement on session 27c49ceb9e8ae98f6fc6cb172c44e9e4 to remote] http.headers 136 - http-outgoing-792 >> Host: localhost:20761
02-06-2018 16:54:23 LoggingManagedHttpClientConnection.java DEBUG [Forwarding sendKeysToElement on session 27c49ceb9e8ae98f6fc6cb172c44e9e4 to remote] http.headers 136 - http-outgoing-792 >> Connection: Keep-Alive
02-06-2018 16:54:23 LoggingManagedHttpClientConnection.java DEBUG [Forwarding sendKeysToElement on session 27c49ceb9e8ae98f6fc6cb172c44e9e4 to remote] http.headers 136 - http-outgoing-792 >> User-Agent: Apache-HttpClient/4.5.3 (Java/1.8.0_151)
02-06-2018 16:54:23 LoggingManagedHttpClientConnection.java DEBUG [Forwarding sendKeysToElement on session 27c49ceb9e8ae98f6fc6cb172c44e9e4 to remote] http.headers 136 - http-outgoing-792 >> Accept-Encoding: gzip,deflate
02-06-2018 16:54:23 Wire.java DEBUG [Forwarding sendKeysToElement on session 27c49ceb9e8ae98f6fc6cb172c44e9e4 to remote] http.wire 73 - http-outgoing-792 >> "POST /session/27c49ceb9e8ae98f6fc6cb172c44e9e4/element/0.8433988826454522-2/value HTTP/1.1[\r][\n]"
02-06-2018 16:54:23 Wire.java DEBUG [Forwarding sendKeysToElement on session 27c49ceb9e8ae98f6fc6cb172c44e9e4 to remote] http.wire 73 - http-outgoing-792 >> "Content-Type: application/json; charset=utf-8[\r][\n]"
02-06-2018 16:54:23 Wire.java DEBUG [Forwarding sendKeysToElement on session 27c49ceb9e8ae98f6fc6cb172c44e9e4 to remote] http.wire 73 - http-outgoing-792 >> "Content-Length: 50[\r][\n]"
02-06-2018 16:54:23 Wire.java DEBUG [Forwarding sendKeysToElement on session 27c49ceb9e8ae98f6fc6cb172c44e9e4 to remote] http.wire 73 - http-outgoing-792 >> "Host: localhost:20761[\r][\n]"
02-06-2018 16:54:23 Wire.java DEBUG [Forwarding sendKeysToElement on session 27c49ceb9e8ae98f6fc6cb172c44e9e4 to remote] http.wire 73 - http-outgoing-792 >> "Connection: Keep-Alive[\r][\n]"
02-06-2018 16:54:23 Wire.java DEBUG [Forwarding sendKeysToElement on session 27c49ceb9e8ae98f6fc6cb172c44e9e4 to remote] http.wire 73 - http-outgoing-792 >> "User-Agent: Apache-HttpClient/4.5.3 (Java/1.8.0_151)[\r][\n]"
02-06-2018 16:54:23 Wire.java DEBUG [Forwarding sendKeysToElement on session 27c49ceb9e8ae98f6fc6cb172c44e9e4 to remote] http.wire 73 - http-outgoing-792 >> "Accept-Encoding: gzip,deflate[\r][\n]"
02-06-2018 16:54:23 Wire.java DEBUG [Forwarding sendKeysToElement on session 27c49ceb9e8ae98f6fc6cb172c44e9e4 to remote] http.wire 73 - http-outgoing-792 >> "[\r][\n]"
02-06-2018 16:54:23 Wire.java DEBUG [Forwarding sendKeysToElement on session 27c49ceb9e8ae98f6fc6cb172c44e9e4 to remote] http.wire 87 - http-outgoing-792 >> "{"id":"0.8433988826454522-2","value":["MyTest21"]}"
02-06-2018 16:54:23 Wire.java DEBUG [Forwarding sendKeysToElement on session 27c49ceb9e8ae98f6fc6cb172c44e9e4 to remote] http.wire 73 - http-outgoing-792 << "HTTP/1.1 200 OK[\r][\n]"
02-06-2018 16:54:23 Wire.java DEBUG [Forwarding sendKeysToElement on session 27c49ceb9e8ae98f6fc6cb172c44e9e4 to remote] http.wire 73 - http-outgoing-792 << "Content-Length:72[\r][\n]"
02-06-2018 16:54:23 Wire.java DEBUG [Forwarding sendKeysToElement on session 27c49ceb9e8ae98f6fc6cb172c44e9e4 to remote] http.wire 73 - http-outgoing-792 << "Content-Type:application/json; charset=utf-8[\r][\n]"
02-06-2018 16:54:23 Wire.java DEBUG [Forwarding sendKeysToElement on session 27c49ceb9e8ae98f6fc6cb172c44e9e4 to remote] http.wire 73 - http-outgoing-792 << "Connection:close[\r][\n]"
02-06-2018 16:54:23 Wire.java DEBUG [Forwarding sendKeysToElement on session 27c49ceb9e8ae98f6fc6cb172c44e9e4 to remote] http.wire 73 - http-outgoing-792 << "[\r][\n]"
02-06-2018 16:54:23 Wire.java DEBUG [Forwarding sendKeysToElement on session 27c49ceb9e8ae98f6fc6cb172c44e9e4 to remote] http.wire 87 - http-outgoing-792 << "{"sessionId":"27c49ceb9e8ae98f6fc6cb172c44e9e4","status":0,"value":null}"
02-06-2018 16:54:23 LoggingManagedHttpClientConnection.java DEBUG [Forwarding sendKeysToElement on session 27c49ceb9e8ae98f6fc6cb172c44e9e4 to remote] http.headers 122 - http-outgoing-792 << HTTP/1.1 200 OK
02-06-2018 16:54:23 LoggingManagedHttpClientConnection.java DEBUG [Forwarding sendKeysToElement on session 27c49ceb9e8ae98f6fc6cb172c44e9e4 to remote] http.headers 125 - http-outgoing-792 << Content-Length:72
02-06-2018 16:54:23 LoggingManagedHttpClientConnection.java DEBUG [Forwarding sendKeysToElement on session 27c49ceb9e8ae98f6fc6cb172c44e9e4 to remote] http.headers 125 - http-outgoing-792 << Content-Type:application/json; charset=utf-8
02-06-2018 16:54:23 LoggingManagedHttpClientConnection.java DEBUG [Forwarding sendKeysToElement on session 27c49ceb9e8ae98f6fc6cb172c44e9e4 to remote] http.headers 125 - http-outgoing-792 << Connection:close
02-06-2018 16:54:23 LoggingManagedHttpClientConnection.java DEBUG [Forwarding sendKeysToElement on session 27c49ceb9e8ae98f6fc6cb172c44e9e4 to remote] conn.DefaultManagedHttpClientConnection 79 - http-outgoing-792: Close connection
02-06-2018 16:54:23 ConnectionHolder.java DEBUG [Forwarding sendKeysToElement on session 27c49ceb9e8ae98f6fc6cb172c44e9e4 to remote] execchain.MainClientExec 104 - Connection discarded
02-06-2018 16:54:23 PoolingHttpClientConnectionManager.java DEBUG [Forwarding sendKeysToElement on session 27c49ceb9e8ae98f6fc6cb172c44e9e4 to remote] conn.PoolingHttpClientConnectionManager 326 - Connection released: [id: 792][route: {}->http://localhost:20761][total kept alive: 0; route allocated: 0 of 2000; total allocated: 0 of 2000]
02-06-2018 16:54:26 RequestAddCookies.java DEBUG [Forwarding findElement on session 27c49ceb9e8ae98f6fc6cb172c44e9e4 to remote] protocol.RequestAddCookies 123 - CookieSpec selected: default
02-06-2018 16:54:26 RequestAuthCache.java DEBUG [Forwarding findElement on session 27c49ceb9e8ae98f6fc6cb172c44e9e4 to remote] protocol.RequestAuthCache 77 - Auth cache not set in the context
02-06-2018 16:54:26 PoolingHttpClientConnectionManager.java DEBUG [Forwarding findElement on session 27c49ceb9e8ae98f6fc6cb172c44e9e4 to remote] conn.PoolingHttpClientConnectionManager 255 - Connection request: [route: {}->http://localhost:20761][total kept alive: 0; route allocated: 0 of 2000; total allocated: 0 of 2000]
02-06-2018 16:54:26 PoolingHttpClientConnectionManager.java DEBUG [Forwarding findElement on session 27c49ceb9e8ae98f6fc6cb172c44e9e4 to remote] conn.PoolingHttpClientConnectionManager 288 - Connection leased: [id: 793][route: {}->http://localhost:20761][total kept alive: 0; route allocated: 1 of 2000; total allocated: 1 of 2000]
02-06-2018 16:54:26 MainClientExec.java DEBUG [Forwarding findElement on session 27c49ceb9e8ae98f6fc6cb172c44e9e4 to remote] execchain.MainClientExec 235 - Opening connection {}->http://localhost:20761
02-06-2018 16:54:26 DefaultHttpClientConnectionOperator.java DEBUG [Forwarding findElement on session 27c49ceb9e8ae98f6fc6cb172c44e9e4 to remote] conn.DefaultHttpClientConnectionOperator 139 - Connecting to localhost/127.0.0.1:20761
02-06-2018 16:54:26 DefaultHttpClientConnectionOperator.java DEBUG [Forwarding findElement on session 27c49ceb9e8ae98f6fc6cb172c44e9e4 to remote] conn.DefaultHttpClientConnectionOperator 146 - Connection established 127.0.0.1:61711<->127.0.0.1:20761
02-06-2018 16:54:26 LoggingManagedHttpClientConnection.java DEBUG [Forwarding findElement on session 27c49ceb9e8ae98f6fc6cb172c44e9e4 to remote] conn.DefaultManagedHttpClientConnection 88 - http-outgoing-793: set socket timeout to 10800000
02-06-2018 16:54:26 MainClientExec.java DEBUG [Forwarding findElement on session 27c49ceb9e8ae98f6fc6cb172c44e9e4 to remote] execchain.MainClientExec 256 - Executing request POST /session/27c49ceb9e8ae98f6fc6cb172c44e9e4/element HTTP/1.1
02-06-2018 16:54:26 MainClientExec.java DEBUG [Forwarding findElement on session 27c49ceb9e8ae98f6fc6cb172c44e9e4 to remote] execchain.MainClientExec 261 - Target auth state: UNCHALLENGED
02-06-2018 16:54:26 MainClientExec.java DEBUG [Forwarding findElement on session 27c49ceb9e8ae98f6fc6cb172c44e9e4 to remote] execchain.MainClientExec 267 - Proxy auth state: UNCHALLENGED
02-06-2018 16:54:26 LoggingManagedHttpClientConnection.java DEBUG [Forwarding findElement on session 27c49ceb9e8ae98f6fc6cb172c44e9e4 to remote] http.headers 133 - http-outgoing-793 >> POST /session/27c49ceb9e8ae98f6fc6cb172c44e9e4/element HTTP/1.1
02-06-2018 16:54:26 LoggingManagedHttpClientConnection.java DEBUG [Forwarding findElement on session 27c49ceb9e8ae98f6fc6cb172c44e9e4 to remote] http.headers 136 - http-outgoing-793 >> Content-Type: application/json; charset=utf-8
02-06-2018 16:54:26 LoggingManagedHttpClientConnection.java DEBUG [Forwarding findElement on session 27c49ceb9e8ae98f6fc6cb172c44e9e4 to remote] http.headers 136 - http-outgoing-793 >> Content-Length: 76
02-06-2018 16:54:26 LoggingManagedHttpClientConnection.java DEBUG [Forwarding findElement on session 27c49ceb9e8ae98f6fc6cb172c44e9e4 to remote] http.headers 136 - http-outgoing-793 >> Host: localhost:20761
02-06-2018 16:54:26 LoggingManagedHttpClientConnection.java DEBUG [Forwarding findElement on session 27c49ceb9e8ae98f6fc6cb172c44e9e4 to remote] http.headers 136 - http-outgoing-793 >> Connection: Keep-Alive
02-06-2018 16:54:26 LoggingManagedHttpClientConnection.java DEBUG [Forwarding findElement on session 27c49ceb9e8ae98f6fc6cb172c44e9e4 to remote] http.headers 136 - http-outgoing-793 >> User-Agent: Apache-HttpClient/4.5.3 (Java/1.8.0_151)
02-06-2018 16:54:26 LoggingManagedHttpClientConnection.java DEBUG [Forwarding findElement on session 27c49ceb9e8ae98f6fc6cb172c44e9e4 to remote] http.headers 136 - http-outgoing-793 >> Accept-Encoding: gzip,deflate
02-06-2018 16:54:26 Wire.java DEBUG [Forwarding findElement on session 27c49ceb9e8ae98f6fc6cb172c44e9e4 to remote] http.wire 73 - http-outgoing-793 >> "POST /session/27c49ceb9e8ae98f6fc6cb172c44e9e4/element HTTP/1.1[\r][\n]"
02-06-2018 16:54:26 Wire.java DEBUG [Forwarding findElement on session 27c49ceb9e8ae98f6fc6cb172c44e9e4 to remote] http.wire 73 - http-outgoing-793 >> "Content-Type: application/json; charset=utf-8[\r][\n]"
02-06-2018 16:54:26 Wire.java DEBUG [Forwarding findElement on session 27c49ceb9e8ae98f6fc6cb172c44e9e4 to remote] http.wire 73 - http-outgoing-793 >> "Content-Length: 76[\r][\n]"
02-06-2018 16:54:26 Wire.java DEBUG [Forwarding findElement on session 27c49ceb9e8ae98f6fc6cb172c44e9e4 to remote] http.wire 73 - http-outgoing-793 >> "Host: localhost:20761[\r][\n]"
02-06-2018 16:54:26 Wire.java DEBUG [Forwarding findElement on session 27c49ceb9e8ae98f6fc6cb172c44e9e4 to remote] http.wire 73 - http-outgoing-793 >> "Connection: Keep-Alive[\r][\n]"
02-06-2018 16:54:26 Wire.java DEBUG [Forwarding findElement on session 27c49ceb9e8ae98f6fc6cb172c44e9e4 to remote] http.wire 73 - http-outgoing-793 >> "User-Agent: Apache-HttpClient/4.5.3 (Java/1.8.0_151)[\r][\n]"
02-06-2018 16:54:26 Wire.java DEBUG [Forwarding findElement on session 27c49ceb9e8ae98f6fc6cb172c44e9e4 to remote] http.wire 73 - http-outgoing-793 >> "Accept-Encoding: gzip,deflate[\r][\n]"
02-06-2018 16:54:26 Wire.java DEBUG [Forwarding findElement on session 27c49ceb9e8ae98f6fc6cb172c44e9e4 to remote] http.wire 73 - http-outgoing-793 >> "[\r][\n]"
02-06-2018 16:54:26 Wire.java DEBUG [Forwarding findElement on session 27c49ceb9e8ae98f6fc6cb172c44e9e4 to remote] http.wire 87 - http-outgoing-793 >> "{"using":"xpath","value":"/html/body/div[1]/div/div/div/form/div[4]/button"}"
02-06-2018 16:54:26 Wire.java DEBUG [Forwarding findElement on session 27c49ceb9e8ae98f6fc6cb172c44e9e4 to remote] http.wire 73 - http-outgoing-793 << "HTTP/1.1 200 OK[\r][\n]"
02-06-2018 16:54:26 Wire.java DEBUG [Forwarding findElement on session 27c49ceb9e8ae98f6fc6cb172c44e9e4 to remote] http.wire 73 - http-outgoing-793 << "Content-Length:102[\r][\n]"
02-06-2018 16:54:26 Wire.java DEBUG [Forwarding findElement on session 27c49ceb9e8ae98f6fc6cb172c44e9e4 to remote] http.wire 73 - http-outgoing-793 << "Content-Type:application/json; charset=utf-8[\r][\n]"
02-06-2018 16:54:26 Wire.java DEBUG [Forwarding findElement on session 27c49ceb9e8ae98f6fc6cb172c44e9e4 to remote] http.wire 73 - http-outgoing-793 << "Connection:close[\r][\n]"
02-06-2018 16:54:26 Wire.java DEBUG [Forwarding findElement on session 27c49ceb9e8ae98f6fc6cb172c44e9e4 to remote] http.wire 73 - http-outgoing-793 << "[\r][\n]"
02-06-2018 16:54:26 Wire.java DEBUG [Forwarding findElement on session 27c49ceb9e8ae98f6fc6cb172c44e9e4 to remote] http.wire 87 - http-outgoing-793 << "{"sessionId":"27c49ceb9e8ae98f6fc6cb172c44e9e4","status":0,"value":{"ELEMENT":"0.8433988826454522-3"}}"
02-06-2018 16:54:26 LoggingManagedHttpClientConnection.java DEBUG [Forwarding findElement on session 27c49ceb9e8ae98f6fc6cb172c44e9e4 to remote] http.headers 122 - http-outgoing-793 << HTTP/1.1 200 OK
02-06-2018 16:54:26 LoggingManagedHttpClientConnection.java DEBUG [Forwarding findElement on session 27c49ceb9e8ae98f6fc6cb172c44e9e4 to remote] http.headers 125 - http-outgoing-793 << Content-Length:102
02-06-2018 16:54:26 LoggingManagedHttpClientConnection.java DEBUG [Forwarding findElement on session 27c49ceb9e8ae98f6fc6cb172c44e9e4 to remote] http.headers 125 - http-outgoing-793 << Content-Type:application/json; charset=utf-8
02-06-2018 16:54:26 LoggingManagedHttpClientConnection.java DEBUG [Forwarding findElement on session 27c49ceb9e8ae98f6fc6cb172c44e9e4 to remote] http.headers 125 - http-outgoing-793 << Connection:close
02-06-2018 16:54:26 LoggingManagedHttpClientConnection.java DEBUG [Forwarding findElement on session 27c49ceb9e8ae98f6fc6cb172c44e9e4 to remote] conn.DefaultManagedHttpClientConnection 79 - http-outgoing-793: Close connection
02-06-2018 16:54:26 ConnectionHolder.java DEBUG [Forwarding findElement on session 27c49ceb9e8ae98f6fc6cb172c44e9e4 to remote] execchain.MainClientExec 104 - Connection discarded
02-06-2018 16:54:26 PoolingHttpClientConnectionManager.java DEBUG [Forwarding findElement on session 27c49ceb9e8ae98f6fc6cb172c44e9e4 to remote] conn.PoolingHttpClientConnectionManager 326 - Connection released: [id: 793][route: {}->http://localhost:20761][total kept alive: 0; route allocated: 0 of 2000; total allocated: 0 of 2000]
02-06-2018 16:54:26 RequestAddCookies.java DEBUG [Forwarding clickElement on session 27c49ceb9e8ae98f6fc6cb172c44e9e4 to remote] protocol.RequestAddCookies 123 - CookieSpec selected: default
02-06-2018 16:54:26 RequestAuthCache.java DEBUG [Forwarding clickElement on session 27c49ceb9e8ae98f6fc6cb172c44e9e4 to remote] protocol.RequestAuthCache 77 - Auth cache not set in the context
02-06-2018 16:54:26 PoolingHttpClientConnectionManager.java DEBUG [Forwarding clickElement on session 27c49ceb9e8ae98f6fc6cb172c44e9e4 to remote] conn.PoolingHttpClientConnectionManager 255 - Connection request: [route: {}->http://localhost:20761][total kept alive: 0; route allocated: 0 of 2000; total allocated: 0 of 2000]
02-06-2018 16:54:26 PoolingHttpClientConnectionManager.java DEBUG [Forwarding clickElement on session 27c49ceb9e8ae98f6fc6cb172c44e9e4 to remote] conn.PoolingHttpClientConnectionManager 288 - Connection leased: [id: 794][route: {}->http://localhost:20761][total kept alive: 0; route allocated: 1 of 2000; total allocated: 1 of 2000]
02-06-2018 16:54:26 MainClientExec.java DEBUG [Forwarding clickElement on session 27c49ceb9e8ae98f6fc6cb172c44e9e4 to remote] execchain.MainClientExec 235 - Opening connection {}->http://localhost:20761
02-06-2018 16:54:26 DefaultHttpClientConnectionOperator.java DEBUG [Forwarding clickElement on session 27c49ceb9e8ae98f6fc6cb172c44e9e4 to remote] conn.DefaultHttpClientConnectionOperator 139 - Connecting to localhost/127.0.0.1:20761
02-06-2018 16:54:26 DefaultHttpClientConnectionOperator.java DEBUG [Forwarding clickElement on session 27c49ceb9e8ae98f6fc6cb172c44e9e4 to remote] conn.DefaultHttpClientConnectionOperator 146 - Connection established 127.0.0.1:61712<->127.0.0.1:20761
02-06-2018 16:54:26 LoggingManagedHttpClientConnection.java DEBUG [Forwarding clickElement on session 27c49ceb9e8ae98f6fc6cb172c44e9e4 to remote] conn.DefaultManagedHttpClientConnection 88 - http-outgoing-794: set socket timeout to 10800000
02-06-2018 16:54:26 MainClientExec.java DEBUG [Forwarding clickElement on session 27c49ceb9e8ae98f6fc6cb172c44e9e4 to remote] execchain.MainClientExec 256 - Executing request POST /session/27c49ceb9e8ae98f6fc6cb172c44e9e4/element/0.8433988826454522-3/click HTTP/1.1
02-06-2018 16:54:26 MainClientExec.java DEBUG [Forwarding clickElement on session 27c49ceb9e8ae98f6fc6cb172c44e9e4 to remote] execchain.MainClientExec 261 - Target auth state: UNCHALLENGED
02-06-2018 16:54:26 MainClientExec.java DEBUG [Forwarding clickElement on session 27c49ceb9e8ae98f6fc6cb172c44e9e4 to remote] execchain.MainClientExec 267 - Proxy auth state: UNCHALLENGED
02-06-2018 16:54:26 LoggingManagedHttpClientConnection.java DEBUG [Forwarding clickElement on session 27c49ceb9e8ae98f6fc6cb172c44e9e4 to remote] http.headers 133 - http-outgoing-794 >> POST /session/27c49ceb9e8ae98f6fc6cb172c44e9e4/element/0.8433988826454522-3/click HTTP/1.1
02-06-2018 16:54:26 LoggingManagedHttpClientConnection.java DEBUG [Forwarding clickElement on session 27c49ceb9e8ae98f6fc6cb172c44e9e4 to remote] http.headers 136 - http-outgoing-794 >> Content-Type: application/json; charset=utf-8
02-06-2018 16:54:26 LoggingManagedHttpClientConnection.java DEBUG [Forwarding clickElement on session 27c49ceb9e8ae98f6fc6cb172c44e9e4 to remote] http.headers 136 - http-outgoing-794 >> Content-Length: 29
02-06-2018 16:54:26 LoggingManagedHttpClientConnection.java DEBUG [Forwarding clickElement on session 27c49ceb9e8ae98f6fc6cb172c44e9e4 to remote] http.headers 136 - http-outgoing-794 >> Host: localhost:20761
02-06-2018 16:54:26 LoggingManagedHttpClientConnection.java DEBUG [Forwarding clickElement on session 27c49ceb9e8ae98f6fc6cb172c44e9e4 to remote] http.headers 136 - http-outgoing-794 >> Connection: Keep-Alive
02-06-2018 16:54:26 LoggingManagedHttpClientConnection.java DEBUG [Forwarding clickElement on session 27c49ceb9e8ae98f6fc6cb172c44e9e4 to remote] http.headers 136 - http-outgoing-794 >> User-Agent: Apache-HttpClient/4.5.3 (Java/1.8.0_151)
02-06-2018 16:54:26 LoggingManagedHttpClientConnection.java DEBUG [Forwarding clickElement on session 27c49ceb9e8ae98f6fc6cb172c44e9e4 to remote] http.headers 136 - http-outgoing-794 >> Accept-Encoding: gzip,deflate
02-06-2018 16:54:26 Wire.java DEBUG [Forwarding clickElement on session 27c49ceb9e8ae98f6fc6cb172c44e9e4 to remote] http.wire 73 - http-outgoing-794 >> "POST /session/27c49ceb9e8ae98f6fc6cb172c44e9e4/element/0.8433988826454522-3/click HTTP/1.1[\r][\n]"
02-06-2018 16:54:26 Wire.java DEBUG [Forwarding clickElement on session 27c49ceb9e8ae98f6fc6cb172c44e9e4 to remote] http.wire 73 - http-outgoing-794 >> "Content-Type: application/json; charset=utf-8[\r][\n]"
02-06-2018 16:54:26 Wire.java DEBUG [Forwarding clickElement on session 27c49ceb9e8ae98f6fc6cb172c44e9e4 to remote] http.wire 73 - http-outgoing-794 >> "Content-Length: 29[\r][\n]"
02-06-2018 16:54:26 Wire.java DEBUG [Forwarding clickElement on session 27c49ceb9e8ae98f6fc6cb172c44e9e4 to remote] http.wire 73 - http-outgoing-794 >> "Host: localhost:20761[\r][\n]"
02-06-2018 16:54:26 Wire.java DEBUG [Forwarding clickElement on session 27c49ceb9e8ae98f6fc6cb172c44e9e4 to remote] http.wire 73 - http-outgoing-794 >> "Connection: Keep-Alive[\r][\n]"
02-06-2018 16:54:26 Wire.java DEBUG [Forwarding clickElement on session 27c49ceb9e8ae98f6fc6cb172c44e9e4 to remote] http.wire 73 - http-outgoing-794 >> "User-Agent: Apache-HttpClient/4.5.3 (Java/1.8.0_151)[\r][\n]"
02-06-2018 16:54:26 Wire.java DEBUG [Forwarding clickElement on session 27c49ceb9e8ae98f6fc6cb172c44e9e4 to remote] http.wire 73 - http-outgoing-794 >> "Accept-Encoding: gzip,deflate[\r][\n]"
02-06-2018 16:54:26 Wire.java DEBUG [Forwarding clickElement on session 27c49ceb9e8ae98f6fc6cb172c44e9e4 to remote] http.wire 73 - http-outgoing-794 >> "[\r][\n]"
02-06-2018 16:54:26 Wire.java DEBUG [Forwarding clickElement on session 27c49ceb9e8ae98f6fc6cb172c44e9e4 to remote] http.wire 87 - http-outgoing-794 >> "{"id":"0.8433988826454522-3"}"
02-06-2018 16:54:29 Wire.java DEBUG [Forwarding clickElement on session 27c49ceb9e8ae98f6fc6cb172c44e9e4 to remote] http.wire 73 - http-outgoing-794 << "HTTP/1.1 200 OK[\r][\n]"
02-06-2018 16:54:29 Wire.java DEBUG [Forwarding clickElement on session 27c49ceb9e8ae98f6fc6cb172c44e9e4 to remote] http.wire 73 - http-outgoing-794 << "Content-Length:72[\r][\n]"
02-06-2018 16:54:29 Wire.java DEBUG [Forwarding clickElement on session 27c49ceb9e8ae98f6fc6cb172c44e9e4 to remote] http.wire 73 - http-outgoing-794 << "Content-Type:application/json; charset=utf-8[\r][\n]"
02-06-2018 16:54:29 Wire.java DEBUG [Forwarding clickElement on session 27c49ceb9e8ae98f6fc6cb172c44e9e4 to remote] http.wire 73 - http-outgoing-794 << "Connection:close[\r][\n]"
02-06-2018 16:54:29 Wire.java DEBUG [Forwarding clickElement on session 27c49ceb9e8ae98f6fc6cb172c44e9e4 to remote] http.wire 73 - http-outgoing-794 << "[\r][\n]"
02-06-2018 16:54:29 Wire.java DEBUG [Forwarding clickElement on session 27c49ceb9e8ae98f6fc6cb172c44e9e4 to remote] http.wire 87 - http-outgoing-794 << "{"sessionId":"27c49ceb9e8ae98f6fc6cb172c44e9e4","status":0,"value":null}"
02-06-2018 16:54:29 LoggingManagedHttpClientConnection.java DEBUG [Forwarding clickElement on session 27c49ceb9e8ae98f6fc6cb172c44e9e4 to remote] http.headers 122 - http-outgoing-794 << HTTP/1.1 200 OK
02-06-2018 16:54:29 LoggingManagedHttpClientConnection.java DEBUG [Forwarding clickElement on session 27c49ceb9e8ae98f6fc6cb172c44e9e4 to remote] http.headers 125 - http-outgoing-794 << Content-Length:72
02-06-2018 16:54:29 LoggingManagedHttpClientConnection.java DEBUG [Forwarding clickElement on session 27c49ceb9e8ae98f6fc6cb172c44e9e4 to remote] http.headers 125 - http-outgoing-794 << Content-Type:application/json; charset=utf-8
02-06-2018 16:54:29 LoggingManagedHttpClientConnection.java DEBUG [Forwarding clickElement on session 27c49ceb9e8ae98f6fc6cb172c44e9e4 to remote] http.headers 125 - http-outgoing-794 << Connection:close
02-06-2018 16:54:29 LoggingManagedHttpClientConnection.java DEBUG [Forwarding clickElement on session 27c49ceb9e8ae98f6fc6cb172c44e9e4 to remote] conn.DefaultManagedHttpClientConnection 79 - http-outgoing-794: Close connection
02-06-2018 16:54:29 ConnectionHolder.java DEBUG [Forwarding clickElement on session 27c49ceb9e8ae98f6fc6cb172c44e9e4 to remote] execchain.MainClientExec 104 - Connection discarded
02-06-2018 16:54:29 PoolingHttpClientConnectionManager.java DEBUG [Forwarding clickElement on session 27c49ceb9e8ae98f6fc6cb172c44e9e4 to remote] conn.PoolingHttpClientConnectionManager 326 - Connection released: [id: 794][route: {}->http://localhost:20761][total kept alive: 0; route allocated: 0 of 2000; total allocated: 0 of 2000]
02-06-2018 16:54:29 RequestAddCookies.java DEBUG [Forwarding findElement on session 27c49ceb9e8ae98f6fc6cb172c44e9e4 to remote] protocol.RequestAddCookies 123 - CookieSpec selected: default
02-06-2018 16:54:29 RequestAuthCache.java DEBUG [Forwarding findElement on session 27c49ceb9e8ae98f6fc6cb172c44e9e4 to remote] protocol.RequestAuthCache 77 - Auth cache not set in the context
02-06-2018 16:54:29 PoolingHttpClientConnectionManager.java DEBUG [Forwarding findElement on session 27c49ceb9e8ae98f6fc6cb172c44e9e4 to remote] conn.PoolingHttpClientConnectionManager 255 - Connection request: [route: {}->http://localhost:20761][total kept alive: 0; route allocated: 0 of 2000; total allocated: 0 of 2000]
02-06-2018 16:54:29 PoolingHttpClientConnectionManager.java DEBUG [Forwarding findElement on session 27c49ceb9e8ae98f6fc6cb172c44e9e4 to remote] conn.PoolingHttpClientConnectionManager 288 - Connection leased: [id: 795][route: {}->http://localhost:20761][total kept alive: 0; route allocated: 1 of 2000; total allocated: 1 of 2000]
02-06-2018 16:54:29 MainClientExec.java DEBUG [Forwarding findElement on session 27c49ceb9e8ae98f6fc6cb172c44e9e4 to remote] execchain.MainClientExec 235 - Opening connection {}->http://localhost:20761
02-06-2018 16:54:29 DefaultHttpClientConnectionOperator.java DEBUG [Forwarding findElement on session 27c49ceb9e8ae98f6fc6cb172c44e9e4 to remote] conn.DefaultHttpClientConnectionOperator 139 - Connecting to localhost/127.0.0.1:20761
02-06-2018 16:54:29 DefaultHttpClientConnectionOperator.java DEBUG [Forwarding findElement on session 27c49ceb9e8ae98f6fc6cb172c44e9e4 to remote] conn.DefaultHttpClientConnectionOperator 146 - Connection established 127.0.0.1:61719<->127.0.0.1:20761
02-06-2018 16:54:29 LoggingManagedHttpClientConnection.java DEBUG [Forwarding findElement on session 27c49ceb9e8ae98f6fc6cb172c44e9e4 to remote] conn.DefaultManagedHttpClientConnection 88 - http-outgoing-795: set socket timeout to 10800000
02-06-2018 16:54:29 MainClientExec.java DEBUG [Forwarding findElement on session 27c49ceb9e8ae98f6fc6cb172c44e9e4 to remote] execchain.MainClientExec 256 - Executing request POST /session/27c49ceb9e8ae98f6fc6cb172c44e9e4/element HTTP/1.1
02-06-2018 16:54:29 MainClientExec.java DEBUG [Forwarding findElement on session 27c49ceb9e8ae98f6fc6cb172c44e9e4 to remote] execchain.MainClientExec 261 - Target auth state: UNCHALLENGED
02-06-2018 16:54:29 MainClientExec.java DEBUG [Forwarding findElement on session 27c49ceb9e8ae98f6fc6cb172c44e9e4 to remote] execchain.MainClientExec 267 - Proxy auth state: UNCHALLENGED
02-06-2018 16:54:29 LoggingManagedHttpClientConnection.java DEBUG [Forwarding findElement on session 27c49ceb9e8ae98f6fc6cb172c44e9e4 to remote] http.headers 133 - http-outgoing-795 >> POST /session/27c49ceb9e8ae98f6fc6cb172c44e9e4/element HTTP/1.1
02-06-2018 16:54:29 LoggingManagedHttpClientConnection.java DEBUG [Forwarding findElement on session 27c49ceb9e8ae98f6fc6cb172c44e9e4 to remote] http.headers 136 - http-outgoing-795 >> Content-Type: application/json; charset=utf-8
02-06-2018 16:54:29 LoggingManagedHttpClientConnection.java DEBUG [Forwarding findElement on session 27c49ceb9e8ae98f6fc6cb172c44e9e4 to remote] http.headers 136 - http-outgoing-795 >> Content-Length: 66
02-06-2018 16:54:29 LoggingManagedHttpClientConnection.java DEBUG [Forwarding findElement on session 27c49ceb9e8ae98f6fc6cb172c44e9e4 to remote] http.headers 136 - http-outgoing-795 >> Host: localhost:20761
02-06-2018 16:54:29 LoggingManagedHttpClientConnection.java DEBUG [Forwarding findElement on session 27c49ceb9e8ae98f6fc6cb172c44e9e4 to remote] http.headers 136 - http-outgoing-795 >> Connection: Keep-Alive
02-06-2018 16:54:29 LoggingManagedHttpClientConnection.java DEBUG [Forwarding findElement on session 27c49ceb9e8ae98f6fc6cb172c44e9e4 to remote] http.headers 136 - http-outgoing-795 >> User-Agent: Apache-HttpClient/4.5.3 (Java/1.8.0_151)
02-06-2018 16:54:29 LoggingManagedHttpClientConnection.java DEBUG [Forwarding findElement on session 27c49ceb9e8ae98f6fc6cb172c44e9e4 to remote] http.headers 136 - http-outgoing-795 >> Accept-Encoding: gzip,deflate
02-06-2018 16:54:29 Wire.java DEBUG [Forwarding findElement on session 27c49ceb9e8ae98f6fc6cb172c44e9e4 to remote] http.wire 73 - http-outgoing-795 >> "POST /session/27c49ceb9e8ae98f6fc6cb172c44e9e4/element HTTP/1.1[\r][\n]"
02-06-2018 16:54:29 Wire.java DEBUG [Forwarding findElement on session 27c49ceb9e8ae98f6fc6cb172c44e9e4 to remote] http.wire 73 - http-outgoing-795 >> "Content-Type: application/json; charset=utf-8[\r][\n]"
02-06-2018 16:54:29 Wire.java DEBUG [Forwarding findElement on session 27c49ceb9e8ae98f6fc6cb172c44e9e4 to remote] http.wire 73 - http-outgoing-795 >> "Content-Length: 66[\r][\n]"
02-06-2018 16:54:29 Wire.java DEBUG [Forwarding findElement on session 27c49ceb9e8ae98f6fc6cb172c44e9e4 to remote] http.wire 73 - http-outgoing-795 >> "Host: localhost:20761[\r][\n]"
02-06-2018 16:54:29 Wire.java DEBUG [Forwarding findElement on session 27c49ceb9e8ae98f6fc6cb172c44e9e4 to remote] http.wire 73 - http-outgoing-795 >> "Connection: Keep-Alive[\r][\n]"
02-06-2018 16:54:29 Wire.java DEBUG [Forwarding findElement on session 27c49ceb9e8ae98f6fc6cb172c44e9e4 to remote] http.wire 73 - http-outgoing-795 >> "User-Agent: Apache-HttpClient/4.5.3 (Java/1.8.0_151)[\r][\n]"
02-06-2018 16:54:29 Wire.java DEBUG [Forwarding findElement on session 27c49ceb9e8ae98f6fc6cb172c44e9e4 to remote] http.wire 73 - http-outgoing-795 >> "Accept-Encoding: gzip,deflate[\r][\n]"
02-06-2018 16:54:29 Wire.java DEBUG [Forwarding findElement on session 27c49ceb9e8ae98f6fc6cb172c44e9e4 to remote] http.wire 73 - http-outgoing-795 >> "[\r][\n]"
02-06-2018 16:54:29 Wire.java DEBUG [Forwarding findElement on session 27c49ceb9e8ae98f6fc6cb172c44e9e4 to remote] http.wire 87 - http-outgoing-795 >> "{"using":"xpath","value":"/html/body/div/div[1]/div/nav/div/p[1]"}"
02-06-2018 16:54:29 Wire.java DEBUG [Forwarding findElement on session 27c49ceb9e8ae98f6fc6cb172c44e9e4 to remote] http.wire 73 - http-outgoing-795 << "HTTP/1.1 200 OK[\r][\n]"
02-06-2018 16:54:29 Wire.java DEBUG [Forwarding findElement on session 27c49ceb9e8ae98f6fc6cb172c44e9e4 to remote] http.wire 73 - http-outgoing-795 << "Content-Length:102[\r][\n]"
02-06-2018 16:54:29 Wire.java DEBUG [Forwarding findElement on session 27c49ceb9e8ae98f6fc6cb172c44e9e4 to remote] http.wire 73 - http-outgoing-795 << "Content-Type:application/json; charset=utf-8[\r][\n]"
02-06-2018 16:54:29 Wire.java DEBUG [Forwarding findElement on session 27c49ceb9e8ae98f6fc6cb172c44e9e4 to remote] http.wire 73 - http-outgoing-795 << "Connection:close[\r][\n]"
02-06-2018 16:54:29 Wire.java DEBUG [Forwarding findElement on session 27c49ceb9e8ae98f6fc6cb172c44e9e4 to remote] http.wire 73 - http-outgoing-795 << "[\r][\n]"
02-06-2018 16:54:29 Wire.java DEBUG [Forwarding findElement on session 27c49ceb9e8ae98f6fc6cb172c44e9e4 to remote] http.wire 87 - http-outgoing-795 << "{"sessionId":"27c49ceb9e8ae98f6fc6cb172c44e9e4","status":0,"value":{"ELEMENT":"0.5923754643241832-1"}}"
02-06-2018 16:54:29 LoggingManagedHttpClientConnection.java DEBUG [Forwarding findElement on session 27c49ceb9e8ae98f6fc6cb172c44e9e4 to remote] http.headers 122 - http-outgoing-795 << HTTP/1.1 200 OK
02-06-2018 16:54:29 LoggingManagedHttpClientConnection.java DEBUG [Forwarding findElement on session 27c49ceb9e8ae98f6fc6cb172c44e9e4 to remote] http.headers 125 - http-outgoing-795 << Content-Length:102
02-06-2018 16:54:29 LoggingManagedHttpClientConnection.java DEBUG [Forwarding findElement on session 27c49ceb9e8ae98f6fc6cb172c44e9e4 to remote] http.headers 125 - http-outgoing-795 << Content-Type:application/json; charset=utf-8
02-06-2018 16:54:29 LoggingManagedHttpClientConnection.java DEBUG [Forwarding findElement on session 27c49ceb9e8ae98f6fc6cb172c44e9e4 to remote] http.headers 125 - http-outgoing-795 << Connection:close
02-06-2018 16:54:29 LoggingManagedHttpClientConnection.java DEBUG [Forwarding findElement on session 27c49ceb9e8ae98f6fc6cb172c44e9e4 to remote] conn.DefaultManagedHttpClientConnection 79 - http-outgoing-795: Close connection
02-06-2018 16:54:29 ConnectionHolder.java DEBUG [Forwarding findElement on session 27c49ceb9e8ae98f6fc6cb172c44e9e4 to remote] execchain.MainClientExec 104 - Connection discarded
02-06-2018 16:54:29 PoolingHttpClientConnectionManager.java DEBUG [Forwarding findElement on session 27c49ceb9e8ae98f6fc6cb172c44e9e4 to remote] conn.PoolingHttpClientConnectionManager 326 - Connection released: [id: 795][route: {}->http://localhost:20761][total kept alive: 0; route allocated: 0 of 2000; total allocated: 0 of 2000]
02-06-2018 16:54:29 RequestAddCookies.java DEBUG [Forwarding executeScript on session 27c49ceb9e8ae98f6fc6cb172c44e9e4 to remote] protocol.RequestAddCookies 123 - CookieSpec selected: default
02-06-2018 16:54:29 RequestAuthCache.java DEBUG [Forwarding executeScript on session 27c49ceb9e8ae98f6fc6cb172c44e9e4 to remote] protocol.RequestAuthCache 77 - Auth cache not set in the context
02-06-2018 16:54:29 PoolingHttpClientConnectionManager.java DEBUG [Forwarding executeScript on session 27c49ceb9e8ae98f6fc6cb172c44e9e4 to remote] conn.PoolingHttpClientConnectionManager 255 - Connection request: [route: {}->http://localhost:20761][total kept alive: 0; route allocated: 0 of 2000; total allocated: 0 of 2000]
02-06-2018 16:54:29 PoolingHttpClientConnectionManager.java DEBUG [Forwarding executeScript on session 27c49ceb9e8ae98f6fc6cb172c44e9e4 to remote] conn.PoolingHttpClientConnectionManager 288 - Connection leased: [id: 796][route: {}->http://localhost:20761][total kept alive: 0; route allocated: 1 of 2000; total allocated: 1 of 2000]
02-06-2018 16:54:29 MainClientExec.java DEBUG [Forwarding executeScript on session 27c49ceb9e8ae98f6fc6cb172c44e9e4 to remote] execchain.MainClientExec 235 - Opening connection {}->http://localhost:20761
02-06-2018 16:54:29 DefaultHttpClientConnectionOperator.java DEBUG [Forwarding executeScript on session 27c49ceb9e8ae98f6fc6cb172c44e9e4 to remote] conn.DefaultHttpClientConnectionOperator 139 - Connecting to localhost/127.0.0.1:20761
02-06-2018 16:54:29 DefaultHttpClientConnectionOperator.java DEBUG [Forwarding executeScript on session 27c49ceb9e8ae98f6fc6cb172c44e9e4 to remote] conn.DefaultHttpClientConnectionOperator 146 - Connection established 127.0.0.1:61720<->127.0.0.1:20761
02-06-2018 16:54:29 LoggingManagedHttpClientConnection.java DEBUG [Forwarding executeScript on session 27c49ceb9e8ae98f6fc6cb172c44e9e4 to remote] conn.DefaultManagedHttpClientConnection 88 - http-outgoing-796: set socket timeout to 10800000
02-06-2018 16:54:29 MainClientExec.java DEBUG [Forwarding executeScript on session 27c49ceb9e8ae98f6fc6cb172c44e9e4 to remote] execchain.MainClientExec 256 - Executing request POST /session/27c49ceb9e8ae98f6fc6cb172c44e9e4/execute HTTP/1.1
02-06-2018 16:54:29 MainClientExec.java DEBUG [Forwarding executeScript on session 27c49ceb9e8ae98f6fc6cb172c44e9e4 to remote] execchain.MainClientExec 261 - Target auth state: UNCHALLENGED
02-06-2018 16:54:29 MainClientExec.java DEBUG [Forwarding executeScript on session 27c49ceb9e8ae98f6fc6cb172c44e9e4 to remote] execchain.MainClientExec 267 - Proxy auth state: UNCHALLENGED
02-06-2018 16:54:29 LoggingManagedHttpClientConnection.java DEBUG [Forwarding executeScript on session 27c49ceb9e8ae98f6fc6cb172c44e9e4 to remote] http.headers 133 - http-outgoing-796 >> POST /session/27c49ceb9e8ae98f6fc6cb172c44e9e4/execute HTTP/1.1
02-06-2018 16:54:29 LoggingManagedHttpClientConnection.java DEBUG [Forwarding executeScript on session 27c49ceb9e8ae98f6fc6cb172c44e9e4 to remote] http.headers 136 - http-outgoing-796 >> Content-Type: application/json; charset=utf-8
02-06-2018 16:54:29 LoggingManagedHttpClientConnection.java DEBUG [Forwarding executeScript on session 27c49ceb9e8ae98f6fc6cb172c44e9e4 to remote] http.headers 136 - http-outgoing-796 >> Content-Length: 139
02-06-2018 16:54:29 LoggingManagedHttpClientConnection.java DEBUG [Forwarding executeScript on session 27c49ceb9e8ae98f6fc6cb172c44e9e4 to remote] http.headers 136 - http-outgoing-796 >> Host: localhost:20761
02-06-2018 16:54:29 LoggingManagedHttpClientConnection.java DEBUG [Forwarding executeScript on session 27c49ceb9e8ae98f6fc6cb172c44e9e4 to remote] http.headers 136 - http-outgoing-796 >> Connection: Keep-Alive
02-06-2018 16:54:29 LoggingManagedHttpClientConnection.java DEBUG [Forwarding executeScript on session 27c49ceb9e8ae98f6fc6cb172c44e9e4 to remote] http.headers 136 - http-outgoing-796 >> User-Agent: Apache-HttpClient/4.5.3 (Java/1.8.0_151)
02-06-2018 16:54:29 LoggingManagedHttpClientConnection.java DEBUG [Forwarding executeScript on session 27c49ceb9e8ae98f6fc6cb172c44e9e4 to remote] http.headers 136 - http-outgoing-796 >> Accept-Encoding: gzip,deflate
02-06-2018 16:54:29 Wire.java DEBUG [Forwarding executeScript on session 27c49ceb9e8ae98f6fc6cb172c44e9e4 to remote] http.wire 73 - http-outgoing-796 >> "POST /session/27c49ceb9e8ae98f6fc6cb172c44e9e4/execute HTTP/1.1[\r][\n]"
02-06-2018 16:54:29 Wire.java DEBUG [Forwarding executeScript on session 27c49ceb9e8ae98f6fc6cb172c44e9e4 to remote] http.wire 73 - http-outgoing-796 >> "Content-Type: application/json; charset=utf-8[\r][\n]"
02-06-2018 16:54:29 Wire.java DEBUG [Forwarding executeScript on session 27c49ceb9e8ae98f6fc6cb172c44e9e4 to remote] http.wire 73 - http-outgoing-796 >> "Content-Length: 139[\r][\n]"
02-06-2018 16:54:29 Wire.java DEBUG [Forwarding executeScript on session 27c49ceb9e8ae98f6fc6cb172c44e9e4 to remote] http.wire 73 - http-outgoing-796 >> "Host: localhost:20761[\r][\n]"
02-06-2018 16:54:29 Wire.java DEBUG [Forwarding executeScript on session 27c49ceb9e8ae98f6fc6cb172c44e9e4 to remote] http.wire 73 - http-outgoing-796 >> "Connection: Keep-Alive[\r][\n]"
02-06-2018 16:54:29 Wire.java DEBUG [Forwarding executeScript on session 27c49ceb9e8ae98f6fc6cb172c44e9e4 to remote] http.wire 73 - http-outgoing-796 >> "User-Agent: Apache-HttpClient/4.5.3 (Java/1.8.0_151)[\r][\n]"
02-06-2018 16:54:29 Wire.java DEBUG [Forwarding executeScript on session 27c49ceb9e8ae98f6fc6cb172c44e9e4 to remote] http.wire 73 - http-outgoing-796 >> "Accept-Encoding: gzip,deflate[\r][\n]"
02-06-2018 16:54:29 Wire.java DEBUG [Forwarding executeScript on session 27c49ceb9e8ae98f6fc6cb172c44e9e4 to remote] http.wire 73 - http-outgoing-796 >> "[\r][\n]"
02-06-2018 16:54:29 Wire.java DEBUG [Forwarding executeScript on session 27c49ceb9e8ae98f6fc6cb172c44e9e4 to remote] http.wire 87 - http-outgoing-796 >> "{"script":"arguments[0].click();","args":[{"ELEMENT":"0.5923754643241832-1","element-6066-11e4-a52e-4f735466cecf":"0.5923754643241832-1"}]}"
02-06-2018 16:54:29 Wire.java DEBUG [Forwarding executeScript on session 27c49ceb9e8ae98f6fc6cb172c44e9e4 to remote] http.wire 73 - http-outgoing-796 << "HTTP/1.1 200 OK[\r][\n]"
02-06-2018 16:54:29 Wire.java DEBUG [Forwarding executeScript on session 27c49ceb9e8ae98f6fc6cb172c44e9e4 to remote] http.wire 73 - http-outgoing-796 << "Content-Length:72[\r][\n]"
02-06-2018 16:54:29 Wire.java DEBUG [Forwarding executeScript on session 27c49ceb9e8ae98f6fc6cb172c44e9e4 to remote] http.wire 73 - http-outgoing-796 << "Content-Type:application/json; charset=utf-8[\r][\n]"
02-06-2018 16:54:29 Wire.java DEBUG [Forwarding executeScript on session 27c49ceb9e8ae98f6fc6cb172c44e9e4 to remote] http.wire 73 - http-outgoing-796 << "Connection:close[\r][\n]"
02-06-2018 16:54:29 Wire.java DEBUG [Forwarding executeScript on session 27c49ceb9e8ae98f6fc6cb172c44e9e4 to remote] http.wire 73 - http-outgoing-796 << "[\r][\n]"
02-06-2018 16:54:29 Wire.java DEBUG [Forwarding executeScript on session 27c49ceb9e8ae98f6fc6cb172c44e9e4 to remote] http.wire 87 - http-outgoing-796 << "{"sessionId":"27c49ceb9e8ae98f6fc6cb172c44e9e4","status":0,"value":null}"
02-06-2018 16:54:29 LoggingManagedHttpClientConnection.java DEBUG [Forwarding executeScript on session 27c49ceb9e8ae98f6fc6cb172c44e9e4 to remote] http.headers 122 - http-outgoing-796 << HTTP/1.1 200 OK
02-06-2018 16:54:29 LoggingManagedHttpClientConnection.java DEBUG [Forwarding executeScript on session 27c49ceb9e8ae98f6fc6cb172c44e9e4 to remote] http.headers 125 - http-outgoing-796 << Content-Length:72
02-06-2018 16:54:29 LoggingManagedHttpClientConnection.java DEBUG [Forwarding executeScript on session 27c49ceb9e8ae98f6fc6cb172c44e9e4 to remote] http.headers 125 - http-outgoing-796 << Content-Type:application/json; charset=utf-8
02-06-2018 16:54:29 LoggingManagedHttpClientConnection.java DEBUG [Forwarding executeScript on session 27c49ceb9e8ae98f6fc6cb172c44e9e4 to remote] http.headers 125 - http-outgoing-796 << Connection:close
02-06-2018 16:54:29 LoggingManagedHttpClientConnection.java DEBUG [Forwarding executeScript on session 27c49ceb9e8ae98f6fc6cb172c44e9e4 to remote] conn.DefaultManagedHttpClientConnection 79 - http-outgoing-796: Close connection
02-06-2018 16:54:29 ConnectionHolder.java DEBUG [Forwarding executeScript on session 27c49ceb9e8ae98f6fc6cb172c44e9e4 to remote] execchain.MainClientExec 104 - Connection discarded
02-06-2018 16:54:29 PoolingHttpClientConnectionManager.java DEBUG [Forwarding executeScript on session 27c49ceb9e8ae98f6fc6cb172c44e9e4 to remote] conn.PoolingHttpClientConnectionManager 326 - Connection released: [id: 796][route: {}->http://localhost:20761][total kept alive: 0; route allocated: 0 of 2000; total allocated: 0 of 2000]
02-06-2018 16:54:29 RequestAddCookies.java DEBUG [Forwarding findElement on session 27c49ceb9e8ae98f6fc6cb172c44e9e4 to remote] protocol.RequestAddCookies 123 - CookieSpec selected: default
02-06-2018 16:54:29 RequestAuthCache.java DEBUG [Forwarding findElement on session 27c49ceb9e8ae98f6fc6cb172c44e9e4 to remote] protocol.RequestAuthCache 77 - Auth cache not set in the context
02-06-2018 16:54:29 PoolingHttpClientConnectionManager.java DEBUG [Forwarding findElement on session 27c49ceb9e8ae98f6fc6cb172c44e9e4 to remote] conn.PoolingHttpClientConnectionManager 255 - Connection request: [route: {}->http://localhost:20761][total kept alive: 0; route allocated: 0 of 2000; total allocated: 0 of 2000]
02-06-2018 16:54:29 PoolingHttpClientConnectionManager.java DEBUG [Forwarding findElement on session 27c49ceb9e8ae98f6fc6cb172c44e9e4 to remote] conn.PoolingHttpClientConnectionManager 288 - Connection leased: [id: 797][route: {}->http://localhost:20761][total kept alive: 0; route allocated: 1 of 2000; total allocated: 1 of 2000]
02-06-2018 16:54:29 MainClientExec.java DEBUG [Forwarding findElement on session 27c49ceb9e8ae98f6fc6cb172c44e9e4 to remote] execchain.MainClientExec 235 - Opening connection {}->http://localhost:20761
02-06-2018 16:54:29 DefaultHttpClientConnectionOperator.java DEBUG [Forwarding findElement on session 27c49ceb9e8ae98f6fc6cb172c44e9e4 to remote] conn.DefaultHttpClientConnectionOperator 139 - Connecting to localhost/127.0.0.1:20761
02-06-2018 16:54:29 DefaultHttpClientConnectionOperator.java DEBUG [Forwarding findElement on session 27c49ceb9e8ae98f6fc6cb172c44e9e4 to remote] conn.DefaultHttpClientConnectionOperator 146 - Connection established 127.0.0.1:61721<->127.0.0.1:20761
02-06-2018 16:54:29 LoggingManagedHttpClientConnection.java DEBUG [Forwarding findElement on session 27c49ceb9e8ae98f6fc6cb172c44e9e4 to remote] conn.DefaultManagedHttpClientConnection 88 - http-outgoing-797: set socket timeout to 10800000
02-06-2018 16:54:29 MainClientExec.java DEBUG [Forwarding findElement on session 27c49ceb9e8ae98f6fc6cb172c44e9e4 to remote] execchain.MainClientExec 256 - Executing request POST /session/27c49ceb9e8ae98f6fc6cb172c44e9e4/element HTTP/1.1
02-06-2018 16:54:29 MainClientExec.java DEBUG [Forwarding findElement on session 27c49ceb9e8ae98f6fc6cb172c44e9e4 to remote] execchain.MainClientExec 261 - Target auth state: UNCHALLENGED
02-06-2018 16:54:29 MainClientExec.java DEBUG [Forwarding findElement on session 27c49ceb9e8ae98f6fc6cb172c44e9e4 to remote] execchain.MainClientExec 267 - Proxy auth state: UNCHALLENGED
02-06-2018 16:54:29 LoggingManagedHttpClientConnection.java DEBUG [Forwarding findElement on session 27c49ceb9e8ae98f6fc6cb172c44e9e4 to remote] http.headers 133 - http-outgoing-797 >> POST /session/27c49ceb9e8ae98f6fc6cb172c44e9e4/element HTTP/1.1
02-06-2018 16:54:29 LoggingManagedHttpClientConnection.java DEBUG [Forwarding findElement on session 27c49ceb9e8ae98f6fc6cb172c44e9e4 to remote] http.headers 136 - http-outgoing-797 >> Content-Type: application/json; charset=utf-8
02-06-2018 16:54:29 LoggingManagedHttpClientConnection.java DEBUG [Forwarding findElement on session 27c49ceb9e8ae98f6fc6cb172c44e9e4 to remote] http.headers 136 - http-outgoing-797 >> Content-Length: 66
02-06-2018 16:54:29 LoggingManagedHttpClientConnection.java DEBUG [Forwarding findElement on session 27c49ceb9e8ae98f6fc6cb172c44e9e4 to remote] http.headers 136 - http-outgoing-797 >> Host: localhost:20761
02-06-2018 16:54:29 LoggingManagedHttpClientConnection.java DEBUG [Forwarding findElement on session 27c49ceb9e8ae98f6fc6cb172c44e9e4 to remote] http.headers 136 - http-outgoing-797 >> Connection: Keep-Alive
02-06-2018 16:54:29 LoggingManagedHttpClientConnection.java DEBUG [Forwarding findElement on session 27c49ceb9e8ae98f6fc6cb172c44e9e4 to remote] http.headers 136 - http-outgoing-797 >> User-Agent: Apache-HttpClient/4.5.3 (Java/1.8.0_151)
02-06-2018 16:54:29 LoggingManagedHttpClientConnection.java DEBUG [Forwarding findElement on session 27c49ceb9e8ae98f6fc6cb172c44e9e4 to remote] http.headers 136 - http-outgoing-797 >> Accept-Encoding: gzip,deflate
02-06-2018 16:54:29 Wire.java DEBUG [Forwarding findElement on session 27c49ceb9e8ae98f6fc6cb172c44e9e4 to remote] http.wire 73 - http-outgoing-797 >> "POST /session/27c49ceb9e8ae98f6fc6cb172c44e9e4/element HTTP/1.1[\r][\n]"
02-06-2018 16:54:29 Wire.java DEBUG [Forwarding findElement on session 27c49ceb9e8ae98f6fc6cb172c44e9e4 to remote] http.wire 73 - http-outgoing-797 >> "Content-Type: application/json; charset=utf-8[\r][\n]"
02-06-2018 16:54:29 Wire.java DEBUG [Forwarding findElement on session 27c49ceb9e8ae98f6fc6cb172c44e9e4 to remote] http.wire 73 - http-outgoing-797 >> "Content-Length: 66[\r][\n]"
02-06-2018 16:54:29 Wire.java DEBUG [Forwarding findElement on session 27c49ceb9e8ae98f6fc6cb172c44e9e4 to remote] http.wire 73 - http-outgoing-797 >> "Host: localhost:20761[\r][\n]"
02-06-2018 16:54:29 Wire.java DEBUG [Forwarding findElement on session 27c49ceb9e8ae98f6fc6cb172c44e9e4 to remote] http.wire 73 - http-outgoing-797 >> "Connection: Keep-Alive[\r][\n]"
02-06-2018 16:54:29 Wire.java DEBUG [Forwarding findElement on session 27c49ceb9e8ae98f6fc6cb172c44e9e4 to remote] http.wire 73 - http-outgoing-797 >> "User-Agent: Apache-HttpClient/4.5.3 (Java/1.8.0_151)[\r][\n]"
02-06-2018 16:54:29 Wire.java DEBUG [Forwarding findElement on session 27c49ceb9e8ae98f6fc6cb172c44e9e4 to remote] http.wire 73 - http-outgoing-797 >> "Accept-Encoding: gzip,deflate[\r][\n]"
02-06-2018 16:54:29 Wire.java DEBUG [Forwarding findElement on session 27c49ceb9e8ae98f6fc6cb172c44e9e4 to remote] http.wire 73 - http-outgoing-797 >> "[\r][\n]"
02-06-2018 16:54:29 Wire.java DEBUG [Forwarding findElement on session 27c49ceb9e8ae98f6fc6cb172c44e9e4 to remote] http.wire 87 - http-outgoing-797 >> "{"using":"xpath","value":"/html/body/div/div[1]/div/nav/div/p[1]"}"
02-06-2018 16:54:29 Wire.java DEBUG [Forwarding findElement on session 27c49ceb9e8ae98f6fc6cb172c44e9e4 to remote] http.wire 73 - http-outgoing-797 << "HTTP/1.1 200 OK[\r][\n]"
02-06-2018 16:54:29 Wire.java DEBUG [Forwarding findElement on session 27c49ceb9e8ae98f6fc6cb172c44e9e4 to remote] http.wire 73 - http-outgoing-797 << "Content-Length:102[\r][\n]"
02-06-2018 16:54:29 Wire.java DEBUG [Forwarding findElement on session 27c49ceb9e8ae98f6fc6cb172c44e9e4 to remote] http.wire 73 - http-outgoing-797 << "Content-Type:application/json; charset=utf-8[\r][\n]"
02-06-2018 16:54:29 Wire.java DEBUG [Forwarding findElement on session 27c49ceb9e8ae98f6fc6cb172c44e9e4 to remote] http.wire 73 - http-outgoing-797 << "Connection:close[\r][\n]"
02-06-2018 16:54:29 Wire.java DEBUG [Forwarding findElement on session 27c49ceb9e8ae98f6fc6cb172c44e9e4 to remote] http.wire 73 - http-outgoing-797 << "[\r][\n]"
02-06-2018 16:54:29 Wire.java DEBUG [Forwarding findElement on session 27c49ceb9e8ae98f6fc6cb172c44e9e4 to remote] http.wire 87 - http-outgoing-797 << "{"sessionId":"27c49ceb9e8ae98f6fc6cb172c44e9e4","status":0,"value":{"ELEMENT":"0.5923754643241832-1"}}"
02-06-2018 16:54:29 LoggingManagedHttpClientConnection.java DEBUG [Forwarding findElement on session 27c49ceb9e8ae98f6fc6cb172c44e9e4 to remote] http.headers 122 - http-outgoing-797 << HTTP/1.1 200 OK
02-06-2018 16:54:29 LoggingManagedHttpClientConnection.java DEBUG [Forwarding findElement on session 27c49ceb9e8ae98f6fc6cb172c44e9e4 to remote] http.headers 125 - http-outgoing-797 << Content-Length:102
02-06-2018 16:54:29 LoggingManagedHttpClientConnection.java DEBUG [Forwarding findElement on session 27c49ceb9e8ae98f6fc6cb172c44e9e4 to remote] http.headers 125 - http-outgoing-797 << Content-Type:application/json; charset=utf-8
02-06-2018 16:54:29 LoggingManagedHttpClientConnection.java DEBUG [Forwarding findElement on session 27c49ceb9e8ae98f6fc6cb172c44e9e4 to remote] http.headers 125 - http-outgoing-797 << Connection:close
02-06-2018 16:54:29 LoggingManagedHttpClientConnection.java DEBUG [Forwarding findElement on session 27c49ceb9e8ae98f6fc6cb172c44e9e4 to remote] conn.DefaultManagedHttpClientConnection 79 - http-outgoing-797: Close connection
02-06-2018 16:54:29 ConnectionHolder.java DEBUG [Forwarding findElement on session 27c49ceb9e8ae98f6fc6cb172c44e9e4 to remote] execchain.MainClientExec 104 - Connection discarded
02-06-2018 16:54:29 PoolingHttpClientConnectionManager.java DEBUG [Forwarding findElement on session 27c49ceb9e8ae98f6fc6cb172c44e9e4 to remote] conn.PoolingHttpClientConnectionManager 326 - Connection released: [id: 797][route: {}->http://localhost:20761][total kept alive: 0; route allocated: 0 of 2000; total allocated: 0 of 2000]
02-06-2018 16:54:29 RequestAddCookies.java DEBUG [Forwarding getElementText on session 27c49ceb9e8ae98f6fc6cb172c44e9e4 to remote] protocol.RequestAddCookies 123 - CookieSpec selected: default
02-06-2018 16:54:29 RequestAuthCache.java DEBUG [Forwarding getElementText on session 27c49ceb9e8ae98f6fc6cb172c44e9e4 to remote] protocol.RequestAuthCache 77 - Auth cache not set in the context
02-06-2018 16:54:29 PoolingHttpClientConnectionManager.java DEBUG [Forwarding getElementText on session 27c49ceb9e8ae98f6fc6cb172c44e9e4 to remote] conn.PoolingHttpClientConnectionManager 255 - Connection request: [route: {}->http://localhost:20761][total kept alive: 0; route allocated: 0 of 2000; total allocated: 0 of 2000]
02-06-2018 16:54:29 PoolingHttpClientConnectionManager.java DEBUG [Forwarding getElementText on session 27c49ceb9e8ae98f6fc6cb172c44e9e4 to remote] conn.PoolingHttpClientConnectionManager 288 - Connection leased: [id: 798][route: {}->http://localhost:20761][total kept alive: 0; route allocated: 1 of 2000; total allocated: 1 of 2000]
02-06-2018 16:54:29 MainClientExec.java DEBUG [Forwarding getElementText on session 27c49ceb9e8ae98f6fc6cb172c44e9e4 to remote] execchain.MainClientExec 235 - Opening connection {}->http://localhost:20761
02-06-2018 16:54:29 DefaultHttpClientConnectionOperator.java DEBUG [Forwarding getElementText on session 27c49ceb9e8ae98f6fc6cb172c44e9e4 to remote] conn.DefaultHttpClientConnectionOperator 139 - Connecting to localhost/127.0.0.1:20761
02-06-2018 16:54:29 DefaultHttpClientConnectionOperator.java DEBUG [Forwarding getElementText on session 27c49ceb9e8ae98f6fc6cb172c44e9e4 to remote] conn.DefaultHttpClientConnectionOperator 146 - Connection established 127.0.0.1:61722<->127.0.0.1:20761
02-06-2018 16:54:29 LoggingManagedHttpClientConnection.java DEBUG [Forwarding getElementText on session 27c49ceb9e8ae98f6fc6cb172c44e9e4 to remote] conn.DefaultManagedHttpClientConnection 88 - http-outgoing-798: set socket timeout to 10800000
02-06-2018 16:54:29 MainClientExec.java DEBUG [Forwarding getElementText on session 27c49ceb9e8ae98f6fc6cb172c44e9e4 to remote] execchain.MainClientExec 256 - Executing request GET /session/27c49ceb9e8ae98f6fc6cb172c44e9e4/element/0.5923754643241832-1/text HTTP/1.1
02-06-2018 16:54:29 MainClientExec.java DEBUG [Forwarding getElementText on session 27c49ceb9e8ae98f6fc6cb172c44e9e4 to remote] execchain.MainClientExec 261 - Target auth state: UNCHALLENGED
02-06-2018 16:54:29 MainClientExec.java DEBUG [Forwarding getElementText on session 27c49ceb9e8ae98f6fc6cb172c44e9e4 to remote] execchain.MainClientExec 267 - Proxy auth state: UNCHALLENGED
02-06-2018 16:54:29 LoggingManagedHttpClientConnection.java DEBUG [Forwarding getElementText on session 27c49ceb9e8ae98f6fc6cb172c44e9e4 to remote] http.headers 133 - http-outgoing-798 >> GET /session/27c49ceb9e8ae98f6fc6cb172c44e9e4/element/0.5923754643241832-1/text HTTP/1.1
02-06-2018 16:54:29 LoggingManagedHttpClientConnection.java DEBUG [Forwarding getElementText on session 27c49ceb9e8ae98f6fc6cb172c44e9e4 to remote] http.headers 136 - http-outgoing-798 >> Cache-Control: no-cache
02-06-2018 16:54:29 LoggingManagedHttpClientConnection.java DEBUG [Forwarding getElementText on session 27c49ceb9e8ae98f6fc6cb172c44e9e4 to remote] http.headers 136 - http-outgoing-798 >> Host: localhost:20761
02-06-2018 16:54:29 LoggingManagedHttpClientConnection.java DEBUG [Forwarding getElementText on session 27c49ceb9e8ae98f6fc6cb172c44e9e4 to remote] http.headers 136 - http-outgoing-798 >> Connection: Keep-Alive
02-06-2018 16:54:29 LoggingManagedHttpClientConnection.java DEBUG [Forwarding getElementText on session 27c49ceb9e8ae98f6fc6cb172c44e9e4 to remote] http.headers 136 - http-outgoing-798 >> User-Agent: Apache-HttpClient/4.5.3 (Java/1.8.0_151)
02-06-2018 16:54:29 LoggingManagedHttpClientConnection.java DEBUG [Forwarding getElementText on session 27c49ceb9e8ae98f6fc6cb172c44e9e4 to remote] http.headers 136 - http-outgoing-798 >> Accept-Encoding: gzip,deflate
02-06-2018 16:54:29 Wire.java DEBUG [Forwarding getElementText on session 27c49ceb9e8ae98f6fc6cb172c44e9e4 to remote] http.wire 73 - http-outgoing-798 >> "GET /session/27c49ceb9e8ae98f6fc6cb172c44e9e4/element/0.5923754643241832-1/text HTTP/1.1[\r][\n]"
02-06-2018 16:54:29 Wire.java DEBUG [Forwarding getElementText on session 27c49ceb9e8ae98f6fc6cb172c44e9e4 to remote] http.wire 73 - http-outgoing-798 >> "Cache-Control: no-cache[\r][\n]"
02-06-2018 16:54:29 Wire.java DEBUG [Forwarding getElementText on session 27c49ceb9e8ae98f6fc6cb172c44e9e4 to remote] http.wire 73 - http-outgoing-798 >> "Host: localhost:20761[\r][\n]"
02-06-2018 16:54:29 Wire.java DEBUG [Forwarding getElementText on session 27c49ceb9e8ae98f6fc6cb172c44e9e4 to remote] http.wire 73 - http-outgoing-798 >> "Connection: Keep-Alive[\r][\n]"
02-06-2018 16:54:29 Wire.java DEBUG [Forwarding getElementText on session 27c49ceb9e8ae98f6fc6cb172c44e9e4 to remote] http.wire 73 - http-outgoing-798 >> "User-Agent: Apache-HttpClient/4.5.3 (Java/1.8.0_151)[\r][\n]"
02-06-2018 16:54:29 Wire.java DEBUG [Forwarding getElementText on session 27c49ceb9e8ae98f6fc6cb172c44e9e4 to remote] http.wire 73 - http-outgoing-798 >> "Accept-Encoding: gzip,deflate[\r][\n]"
02-06-2018 16:54:29 Wire.java DEBUG [Forwarding getElementText on session 27c49ceb9e8ae98f6fc6cb172c44e9e4 to remote] http.wire 73 - http-outgoing-798 >> "[\r][\n]"
02-06-2018 16:54:29 Wire.java DEBUG [Forwarding getElementText on session 27c49ceb9e8ae98f6fc6cb172c44e9e4 to remote] http.wire 73 - http-outgoing-798 << "HTTP/1.1 200 OK[\r][\n]"
02-06-2018 16:54:29 Wire.java DEBUG [Forwarding getElementText on session 27c49ceb9e8ae98f6fc6cb172c44e9e4 to remote] http.wire 73 - http-outgoing-798 << "Content-Length:78[\r][\n]"
02-06-2018 16:54:29 Wire.java DEBUG [Forwarding getElementText on session 27c49ceb9e8ae98f6fc6cb172c44e9e4 to remote] http.wire 73 - http-outgoing-798 << "Content-Type:application/json; charset=utf-8[\r][\n]"
02-06-2018 16:54:29 Wire.java DEBUG [Forwarding getElementText on session 27c49ceb9e8ae98f6fc6cb172c44e9e4 to remote] http.wire 73 - http-outgoing-798 << "Connection:close[\r][\n]"
02-06-2018 16:54:29 Wire.java DEBUG [Forwarding getElementText on session 27c49ceb9e8ae98f6fc6cb172c44e9e4 to remote] http.wire 73 - http-outgoing-798 << "[\r][\n]"
02-06-2018 16:54:29 Wire.java DEBUG [Forwarding getElementText on session 27c49ceb9e8ae98f6fc6cb172c44e9e4 to remote] http.wire 87 - http-outgoing-798 << "{"sessionId":"27c49ceb9e8ae98f6fc6cb172c44e9e4","status":0,"value":"Shirisha"}"
02-06-2018 16:54:29 LoggingManagedHttpClientConnection.java DEBUG [Forwarding getElementText on session 27c49ceb9e8ae98f6fc6cb172c44e9e4 to remote] http.headers 122 - http-outgoing-798 << HTTP/1.1 200 OK
02-06-2018 16:54:29 LoggingManagedHttpClientConnection.java DEBUG [Forwarding getElementText on session 27c49ceb9e8ae98f6fc6cb172c44e9e4 to remote] http.headers 125 - http-outgoing-798 << Content-Length:78
02-06-2018 16:54:29 LoggingManagedHttpClientConnection.java DEBUG [Forwarding getElementText on session 27c49ceb9e8ae98f6fc6cb172c44e9e4 to remote] http.headers 125 - http-outgoing-798 << Content-Type:application/json; charset=utf-8
02-06-2018 16:54:29 LoggingManagedHttpClientConnection.java DEBUG [Forwarding getElementText on session 27c49ceb9e8ae98f6fc6cb172c44e9e4 to remote] http.headers 125 - http-outgoing-798 << Connection:close
02-06-2018 16:54:29 LoggingManagedHttpClientConnection.java DEBUG [Forwarding getElementText on session 27c49ceb9e8ae98f6fc6cb172c44e9e4 to remote] conn.DefaultManagedHttpClientConnection 79 - http-outgoing-798: Close connection
02-06-2018 16:54:29 ConnectionHolder.java DEBUG [Forwarding getElementText on session 27c49ceb9e8ae98f6fc6cb172c44e9e4 to remote] execchain.MainClientExec 104 - Connection discarded
02-06-2018 16:54:29 PoolingHttpClientConnectionManager.java DEBUG [Forwarding getElementText on session 27c49ceb9e8ae98f6fc6cb172c44e9e4 to remote] conn.PoolingHttpClientConnectionManager 326 - Connection released: [id: 798][route: {}->http://localhost:20761][total kept alive: 0; route allocated: 0 of 2000; total allocated: 0 of 2000]
02-06-2018 16:54:29 RequestAddCookies.java DEBUG [Forwarding findElement on session 27c49ceb9e8ae98f6fc6cb172c44e9e4 to remote] protocol.RequestAddCookies 123 - CookieSpec selected: default
02-06-2018 16:54:29 RequestAuthCache.java DEBUG [Forwarding findElement on session 27c49ceb9e8ae98f6fc6cb172c44e9e4 to remote] protocol.RequestAuthCache 77 - Auth cache not set in the context
02-06-2018 16:54:29 PoolingHttpClientConnectionManager.java DEBUG [Forwarding findElement on session 27c49ceb9e8ae98f6fc6cb172c44e9e4 to remote] conn.PoolingHttpClientConnectionManager 255 - Connection request: [route: {}->http://localhost:20761][total kept alive: 0; route allocated: 0 of 2000; total allocated: 0 of 2000]
02-06-2018 16:54:29 PoolingHttpClientConnectionManager.java DEBUG [Forwarding findElement on session 27c49ceb9e8ae98f6fc6cb172c44e9e4 to remote] conn.PoolingHttpClientConnectionManager 288 - Connection leased: [id: 799][route: {}->http://localhost:20761][total kept alive: 0; route allocated: 1 of 2000; total allocated: 1 of 2000]
02-06-2018 16:54:29 MainClientExec.java DEBUG [Forwarding findElement on session 27c49ceb9e8ae98f6fc6cb172c44e9e4 to remote] execchain.MainClientExec 235 - Opening connection {}->http://localhost:20761
02-06-2018 16:54:29 DefaultHttpClientConnectionOperator.java DEBUG [Forwarding findElement on session 27c49ceb9e8ae98f6fc6cb172c44e9e4 to remote] conn.DefaultHttpClientConnectionOperator 139 - Connecting to localhost/127.0.0.1:20761
02-06-2018 16:54:29 DefaultHttpClientConnectionOperator.java DEBUG [Forwarding findElement on session 27c49ceb9e8ae98f6fc6cb172c44e9e4 to remote] conn.DefaultHttpClientConnectionOperator 146 - Connection established 127.0.0.1:61723<->127.0.0.1:20761
02-06-2018 16:54:29 LoggingManagedHttpClientConnection.java DEBUG [Forwarding findElement on session 27c49ceb9e8ae98f6fc6cb172c44e9e4 to remote] conn.DefaultManagedHttpClientConnection 88 - http-outgoing-799: set socket timeout to 10800000
02-06-2018 16:54:29 MainClientExec.java DEBUG [Forwarding findElement on session 27c49ceb9e8ae98f6fc6cb172c44e9e4 to remote] execchain.MainClientExec 256 - Executing request POST /session/27c49ceb9e8ae98f6fc6cb172c44e9e4/element HTTP/1.1
02-06-2018 16:54:29 MainClientExec.java DEBUG [Forwarding findElement on session 27c49ceb9e8ae98f6fc6cb172c44e9e4 to remote] execchain.MainClientExec 261 - Target auth state: UNCHALLENGED
02-06-2018 16:54:29 MainClientExec.java DEBUG [Forwarding findElement on session 27c49ceb9e8ae98f6fc6cb172c44e9e4 to remote] execchain.MainClientExec 267 - Proxy auth state: UNCHALLENGED
02-06-2018 16:54:29 LoggingManagedHttpClientConnection.java DEBUG [Forwarding findElement on session 27c49ceb9e8ae98f6fc6cb172c44e9e4 to remote] http.headers 133 - http-outgoing-799 >> POST /session/27c49ceb9e8ae98f6fc6cb172c44e9e4/element HTTP/1.1
02-06-2018 16:54:29 LoggingManagedHttpClientConnection.java DEBUG [Forwarding findElement on session 27c49ceb9e8ae98f6fc6cb172c44e9e4 to remote] http.headers 136 - http-outgoing-799 >> Content-Type: application/json; charset=utf-8
02-06-2018 16:54:29 LoggingManagedHttpClientConnection.java DEBUG [Forwarding findElement on session 27c49ceb9e8ae98f6fc6cb172c44e9e4 to remote] http.headers 136 - http-outgoing-799 >> Content-Length: 118
02-06-2018 16:54:29 LoggingManagedHttpClientConnection.java DEBUG [Forwarding findElement on session 27c49ceb9e8ae98f6fc6cb172c44e9e4 to remote] http.headers 136 - http-outgoing-799 >> Host: localhost:20761
02-06-2018 16:54:29 LoggingManagedHttpClientConnection.java DEBUG [Forwarding findElement on session 27c49ceb9e8ae98f6fc6cb172c44e9e4 to remote] http.headers 136 - http-outgoing-799 >> Connection: Keep-Alive
02-06-2018 16:54:29 LoggingManagedHttpClientConnection.java DEBUG [Forwarding findElement on session 27c49ceb9e8ae98f6fc6cb172c44e9e4 to remote] http.headers 136 - http-outgoing-799 >> User-Agent: Apache-HttpClient/4.5.3 (Java/1.8.0_151)
02-06-2018 16:54:29 LoggingManagedHttpClientConnection.java DEBUG [Forwarding findElement on session 27c49ceb9e8ae98f6fc6cb172c44e9e4 to remote] http.headers 136 - http-outgoing-799 >> Accept-Encoding: gzip,deflate
02-06-2018 16:54:29 Wire.java DEBUG [Forwarding findElement on session 27c49ceb9e8ae98f6fc6cb172c44e9e4 to remote] http.wire 73 - http-outgoing-799 >> "POST /session/27c49ceb9e8ae98f6fc6cb172c44e9e4/element HTTP/1.1[\r][\n]"
02-06-2018 16:54:29 Wire.java DEBUG [Forwarding findElement on session 27c49ceb9e8ae98f6fc6cb172c44e9e4 to remote] http.wire 73 - http-outgoing-799 >> "Content-Type: application/json; charset=utf-8[\r][\n]"
02-06-2018 16:54:29 Wire.java DEBUG [Forwarding findElement on session 27c49ceb9e8ae98f6fc6cb172c44e9e4 to remote] http.wire 73 - http-outgoing-799 >> "Content-Length: 118[\r][\n]"
02-06-2018 16:54:29 Wire.java DEBUG [Forwarding findElement on session 27c49ceb9e8ae98f6fc6cb172c44e9e4 to remote] http.wire 73 - http-outgoing-799 >> "Host: localhost:20761[\r][\n]"
02-06-2018 16:54:29 Wire.java DEBUG [Forwarding findElement on session 27c49ceb9e8ae98f6fc6cb172c44e9e4 to remote] http.wire 73 - http-outgoing-799 >> "Connection: Keep-Alive[\r][\n]"
02-06-2018 16:54:29 Wire.java DEBUG [Forwarding findElement on session 27c49ceb9e8ae98f6fc6cb172c44e9e4 to remote] http.wire 73 - http-outgoing-799 >> "User-Agent: Apache-HttpClient/4.5.3 (Java/1.8.0_151)[\r][\n]"
02-06-2018 16:54:29 Wire.java DEBUG [Forwarding findElement on session 27c49ceb9e8ae98f6fc6cb172c44e9e4 to remote] http.wire 73 - http-outgoing-799 >> "Accept-Encoding: gzip,deflate[\r][\n]"
02-06-2018 16:54:29 Wire.java DEBUG [Forwarding findElement on session 27c49ceb9e8ae98f6fc6cb172c44e9e4 to remote] http.wire 73 - http-outgoing-799 >> "[\r][\n]"
02-06-2018 16:54:29 Wire.java DEBUG [Forwarding findElement on session 27c49ceb9e8ae98f6fc6cb172c44e9e4 to remote] http.wire 87 - http-outgoing-799 >> "{"using":"xpath","value":"html/body/div[1]/div[1]/div/div/div[1]/div/div[2]/div[1]/div/div/div/div/center/ul/li[2]/a"}"
02-06-2018 16:54:30 Wire.java DEBUG [Forwarding findElement on session 27c49ceb9e8ae98f6fc6cb172c44e9e4 to remote] http.wire 73 - http-outgoing-799 << "HTTP/1.1 200 OK[\r][\n]"
02-06-2018 16:54:30 Wire.java DEBUG [Forwarding findElement on session 27c49ceb9e8ae98f6fc6cb172c44e9e4 to remote] http.wire 73 - http-outgoing-799 << "Content-Length:102[\r][\n]"
02-06-2018 16:54:30 Wire.java DEBUG [Forwarding findElement on session 27c49ceb9e8ae98f6fc6cb172c44e9e4 to remote] http.wire 73 - http-outgoing-799 << "Content-Type:application/json; charset=utf-8[\r][\n]"
02-06-2018 16:54:30 Wire.java DEBUG [Forwarding findElement on session 27c49ceb9e8ae98f6fc6cb172c44e9e4 to remote] http.wire 73 - http-outgoing-799 << "Connection:close[\r][\n]"
02-06-2018 16:54:30 Wire.java DEBUG [Forwarding findElement on session 27c49ceb9e8ae98f6fc6cb172c44e9e4 to remote] http.wire 73 - http-outgoing-799 << "[\r][\n]"
02-06-2018 16:54:30 Wire.java DEBUG [Forwarding findElement on session 27c49ceb9e8ae98f6fc6cb172c44e9e4 to remote] http.wire 87 - http-outgoing-799 << "{"sessionId":"27c49ceb9e8ae98f6fc6cb172c44e9e4","status":0,"value":{"ELEMENT":"0.5923754643241832-2"}}"
02-06-2018 16:54:30 LoggingManagedHttpClientConnection.java DEBUG [Forwarding findElement on session 27c49ceb9e8ae98f6fc6cb172c44e9e4 to remote] http.headers 122 - http-outgoing-799 << HTTP/1.1 200 OK
02-06-2018 16:54:30 LoggingManagedHttpClientConnection.java DEBUG [Forwarding findElement on session 27c49ceb9e8ae98f6fc6cb172c44e9e4 to remote] http.headers 125 - http-outgoing-799 << Content-Length:102
02-06-2018 16:54:30 LoggingManagedHttpClientConnection.java DEBUG [Forwarding findElement on session 27c49ceb9e8ae98f6fc6cb172c44e9e4 to remote] http.headers 125 - http-outgoing-799 << Content-Type:application/json; charset=utf-8
02-06-2018 16:54:30 LoggingManagedHttpClientConnection.java DEBUG [Forwarding findElement on session 27c49ceb9e8ae98f6fc6cb172c44e9e4 to remote] http.headers 125 - http-outgoing-799 << Connection:close
02-06-2018 16:54:30 LoggingManagedHttpClientConnection.java DEBUG [Forwarding findElement on session 27c49ceb9e8ae98f6fc6cb172c44e9e4 to remote] conn.DefaultManagedHttpClientConnection 79 - http-outgoing-799: Close connection
02-06-2018 16:54:30 ConnectionHolder.java DEBUG [Forwarding findElement on session 27c49ceb9e8ae98f6fc6cb172c44e9e4 to remote] execchain.MainClientExec 104 - Connection discarded
02-06-2018 16:54:30 PoolingHttpClientConnectionManager.java DEBUG [Forwarding findElement on session 27c49ceb9e8ae98f6fc6cb172c44e9e4 to remote] conn.PoolingHttpClientConnectionManager 326 - Connection released: [id: 799][route: {}->http://localhost:20761][total kept alive: 0; route allocated: 0 of 2000; total allocated: 0 of 2000]
02-06-2018 16:54:30 RequestAddCookies.java DEBUG [Forwarding clickElement on session 27c49ceb9e8ae98f6fc6cb172c44e9e4 to remote] protocol.RequestAddCookies 123 - CookieSpec selected: default
02-06-2018 16:54:30 RequestAuthCache.java DEBUG [Forwarding clickElement on session 27c49ceb9e8ae98f6fc6cb172c44e9e4 to remote] protocol.RequestAuthCache 77 - Auth cache not set in the context
02-06-2018 16:54:30 PoolingHttpClientConnectionManager.java DEBUG [Forwarding clickElement on session 27c49ceb9e8ae98f6fc6cb172c44e9e4 to remote] conn.PoolingHttpClientConnectionManager 255 - Connection request: [route: {}->http://localhost:20761][total kept alive: 0; route allocated: 0 of 2000; total allocated: 0 of 2000]
02-06-2018 16:54:30 PoolingHttpClientConnectionManager.java DEBUG [Forwarding clickElement on session 27c49ceb9e8ae98f6fc6cb172c44e9e4 to remote] conn.PoolingHttpClientConnectionManager 288 - Connection leased: [id: 800][route: {}->http://localhost:20761][total kept alive: 0; route allocated: 1 of 2000; total allocated: 1 of 2000]
02-06-2018 16:54:30 MainClientExec.java DEBUG [Forwarding clickElement on session 27c49ceb9e8ae98f6fc6cb172c44e9e4 to remote] execchain.MainClientExec 235 - Opening connection {}->http://localhost:20761
02-06-2018 16:54:30 DefaultHttpClientConnectionOperator.java DEBUG [Forwarding clickElement on session 27c49ceb9e8ae98f6fc6cb172c44e9e4 to remote] conn.DefaultHttpClientConnectionOperator 139 - Connecting to localhost/127.0.0.1:20761
02-06-2018 16:54:30 DefaultHttpClientConnectionOperator.java DEBUG [Forwarding clickElement on session 27c49ceb9e8ae98f6fc6cb172c44e9e4 to remote] conn.DefaultHttpClientConnectionOperator 146 - Connection established 127.0.0.1:61724<->127.0.0.1:20761
02-06-2018 16:54:30 LoggingManagedHttpClientConnection.java DEBUG [Forwarding clickElement on session 27c49ceb9e8ae98f6fc6cb172c44e9e4 to remote] conn.DefaultManagedHttpClientConnection 88 - http-outgoing-800: set socket timeout to 10800000
02-06-2018 16:54:30 MainClientExec.java DEBUG [Forwarding clickElement on session 27c49ceb9e8ae98f6fc6cb172c44e9e4 to remote] execchain.MainClientExec 256 - Executing request POST /session/27c49ceb9e8ae98f6fc6cb172c44e9e4/element/0.5923754643241832-2/click HTTP/1.1
02-06-2018 16:54:30 MainClientExec.java DEBUG [Forwarding clickElement on session 27c49ceb9e8ae98f6fc6cb172c44e9e4 to remote] execchain.MainClientExec 261 - Target auth state: UNCHALLENGED
02-06-2018 16:54:30 MainClientExec.java DEBUG [Forwarding clickElement on session 27c49ceb9e8ae98f6fc6cb172c44e9e4 to remote] execchain.MainClientExec 267 - Proxy auth state: UNCHALLENGED
02-06-2018 16:54:30 LoggingManagedHttpClientConnection.java DEBUG [Forwarding clickElement on session 27c49ceb9e8ae98f6fc6cb172c44e9e4 to remote] http.headers 133 - http-outgoing-800 >> POST /session/27c49ceb9e8ae98f6fc6cb172c44e9e4/element/0.5923754643241832-2/click HTTP/1.1
02-06-2018 16:54:30 LoggingManagedHttpClientConnection.java DEBUG [Forwarding clickElement on session 27c49ceb9e8ae98f6fc6cb172c44e9e4 to remote] http.headers 136 - http-outgoing-800 >> Content-Type: application/json; charset=utf-8
02-06-2018 16:54:30 LoggingManagedHttpClientConnection.java DEBUG [Forwarding clickElement on session 27c49ceb9e8ae98f6fc6cb172c44e9e4 to remote] http.headers 136 - http-outgoing-800 >> Content-Length: 29
02-06-2018 16:54:30 LoggingManagedHttpClientConnection.java DEBUG [Forwarding clickElement on session 27c49ceb9e8ae98f6fc6cb172c44e9e4 to remote] http.headers 136 - http-outgoing-800 >> Host: localhost:20761
02-06-2018 16:54:30 LoggingManagedHttpClientConnection.java DEBUG [Forwarding clickElement on session 27c49ceb9e8ae98f6fc6cb172c44e9e4 to remote] http.headers 136 - http-outgoing-800 >> Connection: Keep-Alive
02-06-2018 16:54:30 LoggingManagedHttpClientConnection.java DEBUG [Forwarding clickElement on session 27c49ceb9e8ae98f6fc6cb172c44e9e4 to remote] http.headers 136 - http-outgoing-800 >> User-Agent: Apache-HttpClient/4.5.3 (Java/1.8.0_151)
02-06-2018 16:54:30 LoggingManagedHttpClientConnection.java DEBUG [Forwarding clickElement on session 27c49ceb9e8ae98f6fc6cb172c44e9e4 to remote] http.headers 136 - http-outgoing-800 >> Accept-Encoding: gzip,deflate
02-06-2018 16:54:30 Wire.java DEBUG [Forwarding clickElement on session 27c49ceb9e8ae98f6fc6cb172c44e9e4 to remote] http.wire 73 - http-outgoing-800 >> "POST /session/27c49ceb9e8ae98f6fc6cb172c44e9e4/element/0.5923754643241832-2/click HTTP/1.1[\r][\n]"
02-06-2018 16:54:30 Wire.java DEBUG [Forwarding clickElement on session 27c49ceb9e8ae98f6fc6cb172c44e9e4 to remote] http.wire 73 - http-outgoing-800 >> "Content-Type: application/json; charset=utf-8[\r][\n]"
02-06-2018 16:54:30 Wire.java DEBUG [Forwarding clickElement on session 27c49ceb9e8ae98f6fc6cb172c44e9e4 to remote] http.wire 73 - http-outgoing-800 >> "Content-Length: 29[\r][\n]"
02-06-2018 16:54:30 Wire.java DEBUG [Forwarding clickElement on session 27c49ceb9e8ae98f6fc6cb172c44e9e4 to remote] http.wire 73 - http-outgoing-800 >> "Host: localhost:20761[\r][\n]"
02-06-2018 16:54:30 Wire.java DEBUG [Forwarding clickElement on session 27c49ceb9e8ae98f6fc6cb172c44e9e4 to remote] http.wire 73 - http-outgoing-800 >> "Connection: Keep-Alive[\r][\n]"
02-06-2018 16:54:30 Wire.java DEBUG [Forwarding clickElement on session 27c49ceb9e8ae98f6fc6cb172c44e9e4 to remote] http.wire 73 - http-outgoing-800 >> "User-Agent: Apache-HttpClient/4.5.3 (Java/1.8.0_151)[\r][\n]"
02-06-2018 16:54:30 Wire.java DEBUG [Forwarding clickElement on session 27c49ceb9e8ae98f6fc6cb172c44e9e4 to remote] http.wire 73 - http-outgoing-800 >> "Accept-Encoding: gzip,deflate[\r][\n]"
02-06-2018 16:54:30 Wire.java DEBUG [Forwarding clickElement on session 27c49ceb9e8ae98f6fc6cb172c44e9e4 to remote] http.wire 73 - http-outgoing-800 >> "[\r][\n]"
02-06-2018 16:54:30 Wire.java DEBUG [Forwarding clickElement on session 27c49ceb9e8ae98f6fc6cb172c44e9e4 to remote] http.wire 87 - http-outgoing-800 >> "{"id":"0.5923754643241832-2"}"
02-06-2018 16:54:30 Wire.java DEBUG [Forwarding clickElement on session 27c49ceb9e8ae98f6fc6cb172c44e9e4 to remote] http.wire 73 - http-outgoing-800 << "HTTP/1.1 200 OK[\r][\n]"
02-06-2018 16:54:30 Wire.java DEBUG [Forwarding clickElement on session 27c49ceb9e8ae98f6fc6cb172c44e9e4 to remote] http.wire 73 - http-outgoing-800 << "Content-Length:266[\r][\n]"
02-06-2018 16:54:30 Wire.java DEBUG [Forwarding clickElement on session 27c49ceb9e8ae98f6fc6cb172c44e9e4 to remote] http.wire 73 - http-outgoing-800 << "Content-Type:application/json; charset=utf-8[\r][\n]"
02-06-2018 16:54:30 Wire.java DEBUG [Forwarding clickElement on session 27c49ceb9e8ae98f6fc6cb172c44e9e4 to remote] http.wire 73 - http-outgoing-800 << "Connection:close[\r][\n]"
02-06-2018 16:54:30 Wire.java DEBUG [Forwarding clickElement on session 27c49ceb9e8ae98f6fc6cb172c44e9e4 to remote] http.wire 73 - http-outgoing-800 << "[\r][\n]"
02-06-2018 16:54:30 Wire.java DEBUG [Forwarding clickElement on session 27c49ceb9e8ae98f6fc6cb172c44e9e4 to remote] http.wire 87 - http-outgoing-800 << "{"sessionId":"27c49ceb9e8ae98f6fc6cb172c44e9e4","status":11,"value":{"message":"element not visible\n  (Session info: chrome=63.0.3239.132)\n  (Driver info: chromedriver=2.33.506120 (e3e53437346286c0bc2d2dc9aa4915ba81d9023f),platform=Windows NT 10.0.16299 x86_64)"}}"
02-06-2018 16:54:30 LoggingManagedHttpClientConnection.java DEBUG [Forwarding clickElement on session 27c49ceb9e8ae98f6fc6cb172c44e9e4 to remote] http.headers 122 - http-outgoing-800 << HTTP/1.1 200 OK
02-06-2018 16:54:30 LoggingManagedHttpClientConnection.java DEBUG [Forwarding clickElement on session 27c49ceb9e8ae98f6fc6cb172c44e9e4 to remote] http.headers 125 - http-outgoing-800 << Content-Length:266
02-06-2018 16:54:30 LoggingManagedHttpClientConnection.java DEBUG [Forwarding clickElement on session 27c49ceb9e8ae98f6fc6cb172c44e9e4 to remote] http.headers 125 - http-outgoing-800 << Content-Type:application/json; charset=utf-8
02-06-2018 16:54:30 LoggingManagedHttpClientConnection.java DEBUG [Forwarding clickElement on session 27c49ceb9e8ae98f6fc6cb172c44e9e4 to remote] http.headers 125 - http-outgoing-800 << Connection:close
02-06-2018 16:54:30 LoggingManagedHttpClientConnection.java DEBUG [Forwarding clickElement on session 27c49ceb9e8ae98f6fc6cb172c44e9e4 to remote] conn.DefaultManagedHttpClientConnection 79 - http-outgoing-800: Close connection
02-06-2018 16:54:30 ConnectionHolder.java DEBUG [Forwarding clickElement on session 27c49ceb9e8ae98f6fc6cb172c44e9e4 to remote] execchain.MainClientExec 104 - Connection discarded
02-06-2018 16:54:30 PoolingHttpClientConnectionManager.java DEBUG [Forwarding clickElement on session 27c49ceb9e8ae98f6fc6cb172c44e9e4 to remote] conn.PoolingHttpClientConnectionManager 326 - Connection released: [id: 800][route: {}->http://localhost:20761][total kept alive: 0; route allocated: 0 of 2000; total allocated: 0 of 2000]
]]></system-out>
    <system-err><![CDATA[Starting ChromeDriver 2.33.506120 (e3e53437346286c0bc2d2dc9aa4915ba81d9023f) on port 20761
Only local connections are allowed.
Feb 06, 2018 4:54:13 PM org.openqa.selenium.remote.ProtocolHandshake createSession
INFO: Detected dialect: OSS
]]></system-err>
  </testcase>
  <testcase name="ClickTaskBtnTest" classname="com.JusDone.qa.TestCases.DashBoardPageTest" time="5.915"/>
  <testcase name="ClickLogOutBtn" classname="com.JusDone.qa.TestCases.DashBoardPageTest" time="1.02"/>
</testsuite>