<?xml version="1.0" encoding="UTF-8"?>
<testsuite xmlns:xsi="http://www.w3.org/2001/XMLSchema-instance" xsi:noNamespaceSchemaLocation="https://maven.apache.org/surefire/maven-surefire-plugin/xsd/surefire-test-report.xsd" name="TestSuite" time="918.528" tests="44" errors="0" skipped="0" failures="0">
  <properties>
    <property name="java.runtime.name" value="Java(TM) SE Runtime Environment"/>
    <property name="sun.boot.library.path" value="C:\Program Files\Java\jdk1.8.0_151\jre\bin"/>
    <property name="java.vm.version" value="25.151-b12"/>
    <property name="java.vm.vendor" value="Oracle Corporation"/>
    <property name="maven.multiModuleProjectDirectory" value="C:\Selenium Jar Files\JusDone_App"/>
    <property name="java.vendor.url" value="http://java.oracle.com/"/>
    <property name="path.separator" value=";"/>
    <property name="guice.disable.misplaced.annotation.check" value="true"/>
    <property name="java.vm.name" value="Java HotSpot(TM) 64-Bit Server VM"/>
    <property name="file.encoding.pkg" value="sun.io"/>
    <property name="user.script" value=""/>
    <property name="user.country" value="US"/>
    <property name="sun.java.launcher" value="SUN_STANDARD"/>
    <property name="sun.os.patch.level" value=""/>
    <property name="java.vm.specification.name" value="Java Virtual Machine Specification"/>
    <property name="user.dir" value="C:\Selenium Jar Files\JusDone_App"/>
    <property name="java.runtime.version" value="1.8.0_151-b12"/>
    <property name="java.awt.graphicsenv" value="sun.awt.Win32GraphicsEnvironment"/>
    <property name="java.endorsed.dirs" value="C:\Program Files\Java\jdk1.8.0_151\jre\lib\endorsed"/>
    <property name="os.arch" value="amd64"/>
    <property name="java.io.tmpdir" value="C:\Users\venka\AppData\Local\Temp\"/>
    <property name="line.separator" value="&#10;"/>
    <property name="java.vm.specification.vendor" value="Oracle Corporation"/>
    <property name="user.variant" value=""/>
    <property name="os.name" value="Windows 10"/>
    <property name="classworlds.conf" value="C:\Selenium_Projects\.metadata\.plugins\org.eclipse.m2e.launching\launches\m2conf4546265111723985937.tmp"/>
    <property name="sun.jnu.encoding" value="Cp1252"/>
    <property name="java.library.path" value="C:\Program Files\Java\jdk1.8.0_151\bin;C:\WINDOWS\Sun\Java\bin;C:\WINDOWS\system32;C:\WINDOWS;C:/Program Files/Java/jdk1.8.0_151/bin/../jre/bin/server;C:/Program Files/Java/jdk1.8.0_151/bin/../jre/bin;C:/Program Files/Java/jdk1.8.0_151/bin/../jre/lib/amd64;C:\Program Files (x86)\Intel\iCLS Client\;C:\Program Files\Intel\iCLS Client\;C:\Program Files\Java\jdk1.8.0_151\bin;C:\windows\system32;C:\windows;C:\windows\System32\Wbem;C:\windows\System32\WindowsPowerShell\v1.0\;C:\Program Files (x86)\NVIDIA Corporation\PhysX\Common;C:\WINDOWS\system32;C:\WINDOWS;C:\WINDOWS\System32\Wbem;C:\WINDOWS\System32\WindowsPowerShell\v1.0\;C:\Program Files\MySQL\MySQL Utilities 1.6\;C:\Selenium Jar Files\apache-maven-3.5.2\bin;C:\Python27;C:\Python27\Scripts;C:\Program Files\Git\cmd;C:\Program Files\PuTTY\;C:\Program Files (x86)\Intel\Intel(R) Management Engine Components\DAL;C:\Program Files\Intel\Intel(R) Management Engine Components\DAL;C:\Program Files (x86)\Intel\Intel(R) Management Engine Components\IPT;C:\Program Files\Intel\Intel(R) Management Engine Components\IPT;C:\Users\venka\AppData\Local\Microsoft\WindowsApps;;C:\Users\venka\Desktop;;."/>
    <property name="java.specification.name" value="Java Platform API Specification"/>
    <property name="java.class.version" value="52.0"/>
    <property name="sun.management.compiler" value="HotSpot 64-Bit Tiered Compilers"/>
    <property name="os.version" value="10.0"/>
    <property name="user.home" value="C:\Users\venka"/>
    <property name="user.timezone" value="America/Chicago"/>
    <property name="java.awt.printerjob" value="sun.awt.windows.WPrinterJob"/>
    <property name="java.specification.version" value="1.8"/>
    <property name="file.encoding" value="Cp1252"/>
    <property name="user.name" value="venka"/>
    <property name="java.class.path" value="C:\Users\venka\.p2\pool\plugins\org.eclipse.m2e.maven.runtime_1.8.2.20171007-0216\jars\plexus-classworlds-2.5.2.jar"/>
    <property name="java.vm.specification.version" value="1.8"/>
    <property name="sun.arch.data.model" value="64"/>
    <property name="java.home" value="C:\Program Files\Java\jdk1.8.0_151\jre"/>
    <property name="sun.java.command" value="org.codehaus.plexus.classworlds.launcher.Launcher -B install"/>
    <property name="java.specification.vendor" value="Oracle Corporation"/>
    <property name="user.language" value="en"/>
    <property name="awt.toolkit" value="sun.awt.windows.WToolkit"/>
    <property name="java.vm.info" value="mixed mode"/>
    <property name="java.version" value="1.8.0_151"/>
    <property name="java.ext.dirs" value="C:\Program Files\Java\jdk1.8.0_151\jre\lib\ext;C:\WINDOWS\Sun\Java\lib\ext"/>
    <property name="sun.boot.class.path" value="C:\Program Files\Java\jdk1.8.0_151\jre\lib\resources.jar;C:\Program Files\Java\jdk1.8.0_151\jre\lib\rt.jar;C:\Program Files\Java\jdk1.8.0_151\jre\lib\sunrsasign.jar;C:\Program Files\Java\jdk1.8.0_151\jre\lib\jsse.jar;C:\Program Files\Java\jdk1.8.0_151\jre\lib\jce.jar;C:\Program Files\Java\jdk1.8.0_151\jre\lib\charsets.jar;C:\Program Files\Java\jdk1.8.0_151\jre\lib\jfr.jar;C:\Program Files\Java\jdk1.8.0_151\jre\classes"/>
    <property name="java.vendor" value="Oracle Corporation"/>
    <property name="maven.home" value="C:\Selenium Jar Files\JusDone_App\EMBEDDED"/>
    <property name="file.separator" value="\"/>
    <property name="java.vendor.url.bug" value="http://bugreport.sun.com/bugreport/"/>
    <property name="sun.cpu.endian" value="little"/>
    <property name="sun.io.unicode.encoding" value="UnicodeLittle"/>
    <property name="sun.desktop" value="windows"/>
    <property name="sun.cpu.isalist" value="amd64"/>
  </properties>
  <testcase name="verifyLoginNameTest" classname="com.JusDone.qa.TestCases.LoginPageTest" time="0.245"/>
  <testcase name="verifyLForgotPwdTest" classname="com.JusDone.qa.TestCases.LoginPageTest" time="0.086"/>
  <testcase name="verifyLoginBtnTest" classname="com.JusDone.qa.TestCases.LoginPageTest" time="0.103"/>
  <testcase name="verifyLCreateAcctBtnTest" classname="com.JusDone.qa.TestCases.LoginPageTest" time="0.102"/>
  <testcase name="ValidLoginTest" classname="com.JusDone.qa.TestCases.LoginPageTest" time="7.858"/>
  <testcase name="InvalidLoginTest" classname="com.JusDone.qa.TestCases.LoginPageTest" time="2.316"/>
  <testcase name="BlankInputLoginTest" classname="com.JusDone.qa.TestCases.LoginPageTest" time="0.786"/>
  <testcase name="verifyHomePageTitleTest" classname="com.JusDone.qa.TestCases.HomePageTest" time="0.015"/>
  <testcase name="verifyJusDoneLogoTest" classname="com.JusDone.qa.TestCases.HomePageTest" time="0.109"/>
  <testcase name="verifySignUpLogoTest" classname="com.JusDone.qa.TestCases.HomePageTest" time="0.087"/>
  <testcase name="verifyLoginLogoTest" classname="com.JusDone.qa.TestCases.HomePageTest" time="0.083"/>
  <testcase name="verifyContactUsLogoTest" classname="com.JusDone.qa.TestCases.HomePageTest" time="0.075"/>
  <testcase name="verifyAboutUsLogoTest" classname="com.JusDone.qa.TestCases.HomePageTest" time="0.075"/>
  <testcase name="ClickOnSignupLogoTest" classname="com.JusDone.qa.TestCases.HomePageTest" time="7.988"/>
  <testcase name="ClickLoginBtnTest" classname="com.JusDone.qa.TestCases.HomePageTest" time="9.861"/>
  <testcase name="verifyRegisterNameTest" classname="com.JusDone.qa.TestCases.RegisterPageTest" time="0.253"/>
  <testcase name="verifyExistingUserBtnTest" classname="com.JusDone.qa.TestCases.RegisterPageTest" time="0.09"/>
  <testcase name="VerifyExistingAcctErrorMsgTest" classname="com.JusDone.qa.TestCases.RegisterPageTest" time="2.757"/>
  <testcase name="VerifyInvalidEmailErrorMsgTest" classname="com.JusDone.qa.TestCases.RegisterPageTest" time="2.396"/>
  <testcase name="VerifyPwdMatchErrorMsgTest" classname="com.JusDone.qa.TestCases.RegisterPageTest" time="3.313"/>
  <testcase name="VerifyBlankErrorMsgTest" classname="com.JusDone.qa.TestCases.RegisterPageTest" time="1.444"/>
  <testcase name="ClickSignInButtonTest" classname="com.JusDone.qa.TestCases.RegisterPageTest" time="0.108"/>
  <testcase name="verifyJusDoneImageTest" classname="com.JusDone.qa.TestCases.DashBoardPageTest" time="6.04"/>
  <testcase name="verifyUserNameTest" classname="com.JusDone.qa.TestCases.DashBoardPageTest" time="0.043"/>
  <testcase name="verifyTeamLabelTest" classname="com.JusDone.qa.TestCases.DashBoardPageTest" time="0.051"/>
  <testcase name="verifySearchBoxTest" classname="com.JusDone.qa.TestCases.DashBoardPageTest" time="0.043"/>
  <testcase name="verifyTeamNameLabelTest" classname="com.JusDone.qa.TestCases.DashBoardPageTest" time="0.082"/>
  <testcase name="verifyDashBoardBtnTest" classname="com.JusDone.qa.TestCases.DashBoardPageTest" time="0.025"/>
  <testcase name="verifyTeamsBtnTest" classname="com.JusDone.qa.TestCases.DashBoardPageTest" time="0.021"/>
  <testcase name="verifyTaskBtnTest" classname="com.JusDone.qa.TestCases.DashBoardPageTest" time="0.03"/>
  <testcase name="verifyInvitesBtnTest" classname="com.JusDone.qa.TestCases.DashBoardPageTest" time="0.023"/>
  <testcase name="verifySettingsBtnTest" classname="com.JusDone.qa.TestCases.DashBoardPageTest" time="0.023"/>
  <testcase name="verifyMenuBarTest" classname="com.JusDone.qa.TestCases.DashBoardPageTest" time="0.025"/>
  <testcase name="verifyCreateNewTeamBtnTest" classname="com.JusDone.qa.TestCases.DashBoardPageTest" time="0.027"/>
  <testcase name="verifyBellBtnTest" classname="com.JusDone.qa.TestCases.DashBoardPageTest" time="0.034"/>
  <testcase name="verifyLogOutBtnTest" classname="com.JusDone.qa.TestCases.DashBoardPageTest" time="0.026"/>
  <testcase name="verifyCreateNewTaskLinkTest" classname="com.JusDone.qa.TestCases.DashBoardPageTest" time="0.026"/>
  <testcase name="CreateTeamBtnTest" classname="com.JusDone.qa.TestCases.DashBoardPageTest" time="9.142"/>
  <testcase name="ClickTaskBtnTest" classname="com.JusDone.qa.TestCases.DashBoardPageTest" time="6.473"/>
  <testcase name="ClickLogOutBtn" classname="com.JusDone.qa.TestCases.DashBoardPageTest" time="0.896"/>
  <testcase name="verifyCreateNewTaskLinkTest" classname="com.JusDone.qa.TestCases.TaskPageTest" time="3.055"/>
  <testcase name="verifyMembersLinkTest" classname="com.JusDone.qa.TestCases.TaskPageTest" time="0.058"/>
  <testcase name="verifySettingsLinkTest" classname="com.JusDone.qa.TestCases.TaskPageTest" time="0.07"/>
  <testcase name="ClickCreateNewTaskLinkTest" classname="com.JusDone.qa.TestCases.TaskPageTest" time="4.341"/>
</testsuite>