<?xml version="1.0" encoding="UTF-8"?>
<testsuite xmlns:xsi="http://www.w3.org/2001/XMLSchema-instance" xsi:noNamespaceSchemaLocation="https://maven.apache.org/surefire/maven-surefire-plugin/xsd/surefire-test-report.xsd" name="TestSuite" time="967.499" tests="50" errors="0" skipped="5" failures="4">
  <properties>
    <property name="java.runtime.name" value="Java(TM) SE Runtime Environment"/>
    <property name="sun.boot.library.path" value="C:\Program Files\Java\jdk1.8.0_151\jre\bin"/>
    <property name="java.vm.version" value="25.151-b12"/>
    <property name="java.vm.vendor" value="Oracle Corporation"/>
    <property name="maven.multiModuleProjectDirectory" value="C:\Selenium Jar Files\JusDone_App"/>
    <property name="java.vendor.url" value="http://java.oracle.com/"/>
    <property name="path.separator" value=";"/>
    <property name="guice.disable.misplaced.annotation.check" value="true"/>
    <property name="java.vm.name" value="Java HotSpot(TM) 64-Bit Server VM"/>
    <property name="file.encoding.pkg" value="sun.io"/>
    <property name="user.script" value=""/>
    <property name="user.country" value="US"/>
    <property name="sun.java.launcher" value="SUN_STANDARD"/>
    <property name="sun.os.patch.level" value=""/>
    <property name="java.vm.specification.name" value="Java Virtual Machine Specification"/>
    <property name="user.dir" value="C:\Selenium Jar Files\JusDone_App"/>
    <property name="java.runtime.version" value="1.8.0_151-b12"/>
    <property name="java.awt.graphicsenv" value="sun.awt.Win32GraphicsEnvironment"/>
    <property name="java.endorsed.dirs" value="C:\Program Files\Java\jdk1.8.0_151\jre\lib\endorsed"/>
    <property name="os.arch" value="amd64"/>
    <property name="java.io.tmpdir" value="C:\Users\venka\AppData\Local\Temp\"/>
    <property name="line.separator" value="&#10;"/>
    <property name="java.vm.specification.vendor" value="Oracle Corporation"/>
    <property name="user.variant" value=""/>
    <property name="os.name" value="Windows 10"/>
    <property name="classworlds.conf" value="C:\Selenium_Projects\.metadata\.plugins\org.eclipse.m2e.launching\launches\m2conf7417602614492905846.tmp"/>
    <property name="sun.jnu.encoding" value="Cp1252"/>
    <property name="java.library.path" value="C:\Program Files\Java\jdk1.8.0_151\bin;C:\WINDOWS\Sun\Java\bin;C:\WINDOWS\system32;C:\WINDOWS;C:/Program Files/Java/jdk1.8.0_151/bin/../jre/bin/server;C:/Program Files/Java/jdk1.8.0_151/bin/../jre/bin;C:/Program Files/Java/jdk1.8.0_151/bin/../jre/lib/amd64;C:\Program Files (x86)\Intel\iCLS Client\;C:\Program Files\Intel\iCLS Client\;C:\Program Files\Java\jdk1.8.0_151\bin;C:\windows\system32;C:\windows;C:\windows\System32\Wbem;C:\windows\System32\WindowsPowerShell\v1.0\;C:\Program Files (x86)\NVIDIA Corporation\PhysX\Common;C:\WINDOWS\system32;C:\WINDOWS;C:\WINDOWS\System32\Wbem;C:\WINDOWS\System32\WindowsPowerShell\v1.0\;C:\Program Files\MySQL\MySQL Utilities 1.6\;C:\Selenium Jar Files\apache-maven-3.5.2\bin;C:\Python27;C:\Python27\Scripts;C:\Program Files\Git\cmd;C:\Program Files\PuTTY\;C:\Program Files (x86)\Intel\Intel(R) Management Engine Components\DAL;C:\Program Files\Intel\Intel(R) Management Engine Components\DAL;C:\Program Files (x86)\Intel\Intel(R) Management Engine Components\IPT;C:\Program Files\Intel\Intel(R) Management Engine Components\IPT;C:\Users\venka\AppData\Local\Microsoft\WindowsApps;;C:\Users\venka\Desktop;;."/>
    <property name="java.specification.name" value="Java Platform API Specification"/>
    <property name="java.class.version" value="52.0"/>
    <property name="sun.management.compiler" value="HotSpot 64-Bit Tiered Compilers"/>
    <property name="os.version" value="10.0"/>
    <property name="user.home" value="C:\Users\venka"/>
    <property name="user.timezone" value="America/Chicago"/>
    <property name="java.awt.printerjob" value="sun.awt.windows.WPrinterJob"/>
    <property name="java.specification.version" value="1.8"/>
    <property name="file.encoding" value="Cp1252"/>
    <property name="user.name" value="venka"/>
    <property name="java.class.path" value="C:\Users\venka\.p2\pool\plugins\org.eclipse.m2e.maven.runtime_1.8.2.20171007-0216\jars\plexus-classworlds-2.5.2.jar"/>
    <property name="java.vm.specification.version" value="1.8"/>
    <property name="sun.arch.data.model" value="64"/>
    <property name="java.home" value="C:\Program Files\Java\jdk1.8.0_151\jre"/>
    <property name="sun.java.command" value="org.codehaus.plexus.classworlds.launcher.Launcher -B install"/>
    <property name="java.specification.vendor" value="Oracle Corporation"/>
    <property name="user.language" value="en"/>
    <property name="awt.toolkit" value="sun.awt.windows.WToolkit"/>
    <property name="java.vm.info" value="mixed mode"/>
    <property name="java.version" value="1.8.0_151"/>
    <property name="java.ext.dirs" value="C:\Program Files\Java\jdk1.8.0_151\jre\lib\ext;C:\WINDOWS\Sun\Java\lib\ext"/>
    <property name="sun.boot.class.path" value="C:\Program Files\Java\jdk1.8.0_151\jre\lib\resources.jar;C:\Program Files\Java\jdk1.8.0_151\jre\lib\rt.jar;C:\Program Files\Java\jdk1.8.0_151\jre\lib\sunrsasign.jar;C:\Program Files\Java\jdk1.8.0_151\jre\lib\jsse.jar;C:\Program Files\Java\jdk1.8.0_151\jre\lib\jce.jar;C:\Program Files\Java\jdk1.8.0_151\jre\lib\charsets.jar;C:\Program Files\Java\jdk1.8.0_151\jre\lib\jfr.jar;C:\Program Files\Java\jdk1.8.0_151\jre\classes"/>
    <property name="java.vendor" value="Oracle Corporation"/>
    <property name="maven.home" value="C:\Selenium Jar Files\JusDone_App\EMBEDDED"/>
    <property name="file.separator" value="\"/>
    <property name="java.vendor.url.bug" value="http://bugreport.sun.com/bugreport/"/>
    <property name="sun.cpu.endian" value="little"/>
    <property name="sun.io.unicode.encoding" value="UnicodeLittle"/>
    <property name="sun.desktop" value="windows"/>
    <property name="sun.cpu.isalist" value="amd64"/>
  </properties>
  <testcase name="verifyLoginNameTest" classname="com.JusDone.qa.TestCases.LoginPageTest" time="0.126"/>
  <testcase name="verifyLForgotPwdTest" classname="com.JusDone.qa.TestCases.LoginPageTest" time="0.057"/>
  <testcase name="verifyLoginBtnTest" classname="com.JusDone.qa.TestCases.LoginPageTest" time="0.066"/>
  <testcase name="verifyLRememberMeTest" classname="com.JusDone.qa.TestCases.LoginPageTest" time="0.079">
    <failure message="expected [true] but found [false]" type="java.lang.AssertionError">java.lang.AssertionError: expected [true] but found [false]
	at com.JusDone.qa.TestCases.LoginPageTest.verifyLRememberMeTest(LoginPageTest.java:62)
</failure>
    <system-out><![CDATA[02-16-2018 14:17:10 RequestAddCookies.java DEBUG [Forwarding quit on session 488c5d79-b782-45df-9622-88aa42002a8e to remote] protocol.RequestAddCookies 123 - CookieSpec selected: default
02-16-2018 14:17:10 RequestAuthCache.java DEBUG [Forwarding quit on session 488c5d79-b782-45df-9622-88aa42002a8e to remote] protocol.RequestAuthCache 77 - Auth cache not set in the context
02-16-2018 14:17:10 PoolingHttpClientConnectionManager.java DEBUG [Forwarding quit on session 488c5d79-b782-45df-9622-88aa42002a8e to remote] conn.PoolingHttpClientConnectionManager 255 - Connection request: [route: {}->http://localhost:22415][total kept alive: 0; route allocated: 0 of 2000; total allocated: 0 of 2000]
02-16-2018 14:17:10 PoolingHttpClientConnectionManager.java DEBUG [Forwarding quit on session 488c5d79-b782-45df-9622-88aa42002a8e to remote] conn.PoolingHttpClientConnectionManager 288 - Connection leased: [id: 29][route: {}->http://localhost:22415][total kept alive: 0; route allocated: 1 of 2000; total allocated: 1 of 2000]
02-16-2018 14:17:10 MainClientExec.java DEBUG [Forwarding quit on session 488c5d79-b782-45df-9622-88aa42002a8e to remote] execchain.MainClientExec 235 - Opening connection {}->http://localhost:22415
02-16-2018 14:17:10 DefaultHttpClientConnectionOperator.java DEBUG [Forwarding quit on session 488c5d79-b782-45df-9622-88aa42002a8e to remote] conn.DefaultHttpClientConnectionOperator 139 - Connecting to localhost/127.0.0.1:22415
02-16-2018 14:17:10 DefaultHttpClientConnectionOperator.java DEBUG [Forwarding quit on session 488c5d79-b782-45df-9622-88aa42002a8e to remote] conn.DefaultHttpClientConnectionOperator 146 - Connection established 127.0.0.1:56514<->127.0.0.1:22415
02-16-2018 14:17:10 LoggingManagedHttpClientConnection.java DEBUG [Forwarding quit on session 488c5d79-b782-45df-9622-88aa42002a8e to remote] conn.DefaultManagedHttpClientConnection 88 - http-outgoing-29: set socket timeout to 10800000
02-16-2018 14:17:10 MainClientExec.java DEBUG [Forwarding quit on session 488c5d79-b782-45df-9622-88aa42002a8e to remote] execchain.MainClientExec 256 - Executing request DELETE /session/488c5d79-b782-45df-9622-88aa42002a8e HTTP/1.1
02-16-2018 14:17:10 MainClientExec.java DEBUG [Forwarding quit on session 488c5d79-b782-45df-9622-88aa42002a8e to remote] execchain.MainClientExec 261 - Target auth state: UNCHALLENGED
02-16-2018 14:17:10 MainClientExec.java DEBUG [Forwarding quit on session 488c5d79-b782-45df-9622-88aa42002a8e to remote] execchain.MainClientExec 267 - Proxy auth state: UNCHALLENGED
02-16-2018 14:17:10 LoggingManagedHttpClientConnection.java DEBUG [Forwarding quit on session 488c5d79-b782-45df-9622-88aa42002a8e to remote] http.headers 133 - http-outgoing-29 >> DELETE /session/488c5d79-b782-45df-9622-88aa42002a8e HTTP/1.1
02-16-2018 14:17:10 LoggingManagedHttpClientConnection.java DEBUG [Forwarding quit on session 488c5d79-b782-45df-9622-88aa42002a8e to remote] http.headers 136 - http-outgoing-29 >> Host: localhost:22415
02-16-2018 14:17:10 LoggingManagedHttpClientConnection.java DEBUG [Forwarding quit on session 488c5d79-b782-45df-9622-88aa42002a8e to remote] http.headers 136 - http-outgoing-29 >> Connection: Keep-Alive
02-16-2018 14:17:10 LoggingManagedHttpClientConnection.java DEBUG [Forwarding quit on session 488c5d79-b782-45df-9622-88aa42002a8e to remote] http.headers 136 - http-outgoing-29 >> User-Agent: Apache-HttpClient/4.5.3 (Java/1.8.0_151)
02-16-2018 14:17:10 LoggingManagedHttpClientConnection.java DEBUG [Forwarding quit on session 488c5d79-b782-45df-9622-88aa42002a8e to remote] http.headers 136 - http-outgoing-29 >> Accept-Encoding: gzip,deflate
02-16-2018 14:17:10 Wire.java DEBUG [Forwarding quit on session 488c5d79-b782-45df-9622-88aa42002a8e to remote] http.wire 73 - http-outgoing-29 >> "DELETE /session/488c5d79-b782-45df-9622-88aa42002a8e HTTP/1.1[\r][\n]"
02-16-2018 14:17:10 Wire.java DEBUG [Forwarding quit on session 488c5d79-b782-45df-9622-88aa42002a8e to remote] http.wire 73 - http-outgoing-29 >> "Host: localhost:22415[\r][\n]"
02-16-2018 14:17:10 Wire.java DEBUG [Forwarding quit on session 488c5d79-b782-45df-9622-88aa42002a8e to remote] http.wire 73 - http-outgoing-29 >> "Connection: Keep-Alive[\r][\n]"
02-16-2018 14:17:10 Wire.java DEBUG [Forwarding quit on session 488c5d79-b782-45df-9622-88aa42002a8e to remote] http.wire 73 - http-outgoing-29 >> "User-Agent: Apache-HttpClient/4.5.3 (Java/1.8.0_151)[\r][\n]"
02-16-2018 14:17:10 Wire.java DEBUG [Forwarding quit on session 488c5d79-b782-45df-9622-88aa42002a8e to remote] http.wire 73 - http-outgoing-29 >> "Accept-Encoding: gzip,deflate[\r][\n]"
02-16-2018 14:17:10 Wire.java DEBUG [Forwarding quit on session 488c5d79-b782-45df-9622-88aa42002a8e to remote] http.wire 73 - http-outgoing-29 >> "[\r][\n]"
02-16-2018 14:17:10 Wire.java DEBUG [Forwarding quit on session 488c5d79-b782-45df-9622-88aa42002a8e to remote] http.wire 73 - http-outgoing-29 << "HTTP/1.1 200 OK[\r][\n]"
02-16-2018 14:17:10 Wire.java DEBUG [Forwarding quit on session 488c5d79-b782-45df-9622-88aa42002a8e to remote] http.wire 73 - http-outgoing-29 << "Connection: close[\r][\n]"
02-16-2018 14:17:10 Wire.java DEBUG [Forwarding quit on session 488c5d79-b782-45df-9622-88aa42002a8e to remote] http.wire 73 - http-outgoing-29 << "Content-Type: application/json; charset=utf-8[\r][\n]"
02-16-2018 14:17:10 Wire.java DEBUG [Forwarding quit on session 488c5d79-b782-45df-9622-88aa42002a8e to remote] http.wire 73 - http-outgoing-29 << "Cache-Control: no-cache[\r][\n]"
02-16-2018 14:17:10 Wire.java DEBUG [Forwarding quit on session 488c5d79-b782-45df-9622-88aa42002a8e to remote] http.wire 73 - http-outgoing-29 << "Content-Length: 13[\r][\n]"
02-16-2018 14:17:10 Wire.java DEBUG [Forwarding quit on session 488c5d79-b782-45df-9622-88aa42002a8e to remote] http.wire 73 - http-outgoing-29 << "Date: Fri, 16 Feb 2018 20:17:10 GMT[\r][\n]"
02-16-2018 14:17:10 Wire.java DEBUG [Forwarding quit on session 488c5d79-b782-45df-9622-88aa42002a8e to remote] http.wire 73 - http-outgoing-29 << "[\r][\n]"
02-16-2018 14:17:10 Wire.java DEBUG [Forwarding quit on session 488c5d79-b782-45df-9622-88aa42002a8e to remote] http.wire 87 - http-outgoing-29 << "{"value": {}}"
02-16-2018 14:17:10 LoggingManagedHttpClientConnection.java DEBUG [Forwarding quit on session 488c5d79-b782-45df-9622-88aa42002a8e to remote] http.headers 122 - http-outgoing-29 << HTTP/1.1 200 OK
02-16-2018 14:17:10 LoggingManagedHttpClientConnection.java DEBUG [Forwarding quit on session 488c5d79-b782-45df-9622-88aa42002a8e to remote] http.headers 125 - http-outgoing-29 << Connection: close
02-16-2018 14:17:10 LoggingManagedHttpClientConnection.java DEBUG [Forwarding quit on session 488c5d79-b782-45df-9622-88aa42002a8e to remote] http.headers 125 - http-outgoing-29 << Content-Type: application/json; charset=utf-8
02-16-2018 14:17:10 LoggingManagedHttpClientConnection.java DEBUG [Forwarding quit on session 488c5d79-b782-45df-9622-88aa42002a8e to remote] http.headers 125 - http-outgoing-29 << Cache-Control: no-cache
02-16-2018 14:17:10 LoggingManagedHttpClientConnection.java DEBUG [Forwarding quit on session 488c5d79-b782-45df-9622-88aa42002a8e to remote] http.headers 125 - http-outgoing-29 << Content-Length: 13
02-16-2018 14:17:10 LoggingManagedHttpClientConnection.java DEBUG [Forwarding quit on session 488c5d79-b782-45df-9622-88aa42002a8e to remote] http.headers 125 - http-outgoing-29 << Date: Fri, 16 Feb 2018 20:17:10 GMT
02-16-2018 14:17:10 LoggingManagedHttpClientConnection.java DEBUG [Forwarding quit on session 488c5d79-b782-45df-9622-88aa42002a8e to remote] conn.DefaultManagedHttpClientConnection 79 - http-outgoing-29: Close connection
02-16-2018 14:17:10 ConnectionHolder.java DEBUG [Forwarding quit on session 488c5d79-b782-45df-9622-88aa42002a8e to remote] execchain.MainClientExec 104 - Connection discarded
02-16-2018 14:17:10 PoolingHttpClientConnectionManager.java DEBUG [Forwarding quit on session 488c5d79-b782-45df-9622-88aa42002a8e to remote] conn.PoolingHttpClientConnectionManager 326 - Connection released: [id: 29][route: {}->http://localhost:22415][total kept alive: 0; route allocated: 0 of 2000; total allocated: 0 of 2000]
02-16-2018 14:17:10 PoolingHttpClientConnectionManager.java DEBUG [Forwarding quit on session 488c5d79-b782-45df-9622-88aa42002a8e to remote] conn.PoolingHttpClientConnectionManager 407 - Closing connections idle longer than 0 SECONDS
02-16-2018 14:17:10 RequestAddCookies.java DEBUG [Forwarding newSession on session null to remote] protocol.RequestAddCookies 123 - CookieSpec selected: default
02-16-2018 14:17:10 RequestAuthCache.java DEBUG [Forwarding newSession on session null to remote] protocol.RequestAuthCache 77 - Auth cache not set in the context
02-16-2018 14:17:10 PoolingHttpClientConnectionManager.java DEBUG [Forwarding newSession on session null to remote] conn.PoolingHttpClientConnectionManager 255 - Connection request: [route: {}->http://localhost:15193][total kept alive: 0; route allocated: 0 of 2000; total allocated: 0 of 2000]
02-16-2018 14:17:10 PoolingHttpClientConnectionManager.java DEBUG [Forwarding newSession on session null to remote] conn.PoolingHttpClientConnectionManager 288 - Connection leased: [id: 30][route: {}->http://localhost:15193][total kept alive: 0; route allocated: 1 of 2000; total allocated: 1 of 2000]
02-16-2018 14:17:10 MainClientExec.java DEBUG [Forwarding newSession on session null to remote] execchain.MainClientExec 235 - Opening connection {}->http://localhost:15193
02-16-2018 14:17:10 DefaultHttpClientConnectionOperator.java DEBUG [Forwarding newSession on session null to remote] conn.DefaultHttpClientConnectionOperator 139 - Connecting to localhost/127.0.0.1:15193
02-16-2018 14:17:10 DefaultHttpClientConnectionOperator.java DEBUG [Forwarding newSession on session null to remote] conn.DefaultHttpClientConnectionOperator 146 - Connection established 127.0.0.1:56516<->127.0.0.1:15193
02-16-2018 14:17:10 LoggingManagedHttpClientConnection.java DEBUG [Forwarding newSession on session null to remote] conn.DefaultManagedHttpClientConnection 88 - http-outgoing-30: set socket timeout to 10800000
02-16-2018 14:17:10 MainClientExec.java DEBUG [Forwarding newSession on session null to remote] execchain.MainClientExec 256 - Executing request POST /session HTTP/1.1
02-16-2018 14:17:10 MainClientExec.java DEBUG [Forwarding newSession on session null to remote] execchain.MainClientExec 261 - Target auth state: UNCHALLENGED
02-16-2018 14:17:10 MainClientExec.java DEBUG [Forwarding newSession on session null to remote] execchain.MainClientExec 267 - Proxy auth state: UNCHALLENGED
02-16-2018 14:17:10 LoggingManagedHttpClientConnection.java DEBUG [Forwarding newSession on session null to remote] http.headers 133 - http-outgoing-30 >> POST /session HTTP/1.1
02-16-2018 14:17:10 LoggingManagedHttpClientConnection.java DEBUG [Forwarding newSession on session null to remote] http.headers 136 - http-outgoing-30 >> Content-Type: application/json; charset=utf-8
02-16-2018 14:17:10 LoggingManagedHttpClientConnection.java DEBUG [Forwarding newSession on session null to remote] http.headers 136 - http-outgoing-30 >> Content-Length: 404
02-16-2018 14:17:10 LoggingManagedHttpClientConnection.java DEBUG [Forwarding newSession on session null to remote] http.headers 136 - http-outgoing-30 >> Host: localhost:15193
02-16-2018 14:17:10 LoggingManagedHttpClientConnection.java DEBUG [Forwarding newSession on session null to remote] http.headers 136 - http-outgoing-30 >> Connection: Keep-Alive
02-16-2018 14:17:10 LoggingManagedHttpClientConnection.java DEBUG [Forwarding newSession on session null to remote] http.headers 136 - http-outgoing-30 >> User-Agent: Apache-HttpClient/4.5.3 (Java/1.8.0_151)
02-16-2018 14:17:10 LoggingManagedHttpClientConnection.java DEBUG [Forwarding newSession on session null to remote] http.headers 136 - http-outgoing-30 >> Accept-Encoding: gzip,deflate
02-16-2018 14:17:10 Wire.java DEBUG [Forwarding newSession on session null to remote] http.wire 73 - http-outgoing-30 >> "POST /session HTTP/1.1[\r][\n]"
02-16-2018 14:17:10 Wire.java DEBUG [Forwarding newSession on session null to remote] http.wire 73 - http-outgoing-30 >> "Content-Type: application/json; charset=utf-8[\r][\n]"
02-16-2018 14:17:10 Wire.java DEBUG [Forwarding newSession on session null to remote] http.wire 73 - http-outgoing-30 >> "Content-Length: 404[\r][\n]"
02-16-2018 14:17:10 Wire.java DEBUG [Forwarding newSession on session null to remote] http.wire 73 - http-outgoing-30 >> "Host: localhost:15193[\r][\n]"
02-16-2018 14:17:10 Wire.java DEBUG [Forwarding newSession on session null to remote] http.wire 73 - http-outgoing-30 >> "Connection: Keep-Alive[\r][\n]"
02-16-2018 14:17:10 Wire.java DEBUG [Forwarding newSession on session null to remote] http.wire 73 - http-outgoing-30 >> "User-Agent: Apache-HttpClient/4.5.3 (Java/1.8.0_151)[\r][\n]"
02-16-2018 14:17:10 Wire.java DEBUG [Forwarding newSession on session null to remote] http.wire 73 - http-outgoing-30 >> "Accept-Encoding: gzip,deflate[\r][\n]"
02-16-2018 14:17:10 Wire.java DEBUG [Forwarding newSession on session null to remote] http.wire 73 - http-outgoing-30 >> "[\r][\n]"
02-16-2018 14:17:10 Wire.java DEBUG [Forwarding newSession on session null to remote] http.wire 73 - http-outgoing-30 >> "{[\n]"
02-16-2018 14:17:10 Wire.java DEBUG [Forwarding newSession on session null to remote] http.wire 73 - http-outgoing-30 >> "  "desiredCapabilities": {"acceptInsecureCerts":true,"browserName":"firefox","moz:firefoxOptions":{"args":[],"prefs":{}}},[\n]"
02-16-2018 14:17:10 Wire.java DEBUG [Forwarding newSession on session null to remote] http.wire 73 - http-outgoing-30 >> "  "capabilities": {[\n]"
02-16-2018 14:17:10 Wire.java DEBUG [Forwarding newSession on session null to remote] http.wire 73 - http-outgoing-30 >> "    "desiredCapabilities": {"acceptInsecureCerts":true,"browserName":"firefox","moz:firefoxOptions":{"args":[],"prefs":{}}},[\n]"
02-16-2018 14:17:10 Wire.java DEBUG [Forwarding newSession on session null to remote] http.wire 73 - http-outgoing-30 >> "    "firstMatch": [[\n]"
02-16-2018 14:17:10 Wire.java DEBUG [Forwarding newSession on session null to remote] http.wire 73 - http-outgoing-30 >> "      {"acceptInsecureCerts":true,"browserName":"firefox","moz:firefoxOptions":{"args":[],"prefs":{}}}[\n]"
02-16-2018 14:17:10 Wire.java DEBUG [Forwarding newSession on session null to remote] http.wire 73 - http-outgoing-30 >> "    ][\n]"
02-16-2018 14:17:10 Wire.java DEBUG [Forwarding newSession on session null to remote] http.wire 73 - http-outgoing-30 >> "  }[\n]"
02-16-2018 14:17:10 Wire.java DEBUG [Forwarding newSession on session null to remote] http.wire 87 - http-outgoing-30 >> "}"
02-16-2018 14:17:16 Wire.java DEBUG [Forwarding newSession on session null to remote] http.wire 73 - http-outgoing-30 << "HTTP/1.1 200 OK[\r][\n]"
02-16-2018 14:17:16 Wire.java DEBUG [Forwarding newSession on session null to remote] http.wire 73 - http-outgoing-30 << "Connection: close[\r][\n]"
02-16-2018 14:17:16 Wire.java DEBUG [Forwarding newSession on session null to remote] http.wire 73 - http-outgoing-30 << "Content-Type: application/json; charset=utf-8[\r][\n]"
02-16-2018 14:17:16 Wire.java DEBUG [Forwarding newSession on session null to remote] http.wire 73 - http-outgoing-30 << "Cache-Control: no-cache[\r][\n]"
02-16-2018 14:17:16 Wire.java DEBUG [Forwarding newSession on session null to remote] http.wire 73 - http-outgoing-30 << "Content-Length: 496[\r][\n]"
02-16-2018 14:17:16 Wire.java DEBUG [Forwarding newSession on session null to remote] http.wire 73 - http-outgoing-30 << "Date: Fri, 16 Feb 2018 20:17:16 GMT[\r][\n]"
02-16-2018 14:17:16 Wire.java DEBUG [Forwarding newSession on session null to remote] http.wire 73 - http-outgoing-30 << "[\r][\n]"
02-16-2018 14:17:16 Wire.java DEBUG [Forwarding newSession on session null to remote] http.wire 87 - http-outgoing-30 << "{"value": {"sessionId":"4fe2ff03-82a1-450f-b081-0a23f24406f6","capabilities":{"acceptInsecureCerts":true,"browserName":"firefox","browserVersion":"56.0","moz:accessibilityChecks":false,"moz:headless":false,"moz:processID":15112,"moz:profile":"C:\\Users\\venka\\AppData\\Local\\Temp\\rust_mozprofile.HOTzZHN0qyug","pageLoadStrategy":"normal","platformName":"windows_nt","platformVersion":"10.0","rotatable":false,"specificationLevel":0,"timeouts":{"implicit":0,"pageLoad":300000,"script":30000}}}}"
02-16-2018 14:17:16 LoggingManagedHttpClientConnection.java DEBUG [Forwarding newSession on session null to remote] http.headers 122 - http-outgoing-30 << HTTP/1.1 200 OK
02-16-2018 14:17:16 LoggingManagedHttpClientConnection.java DEBUG [Forwarding newSession on session null to remote] http.headers 125 - http-outgoing-30 << Connection: close
02-16-2018 14:17:16 LoggingManagedHttpClientConnection.java DEBUG [Forwarding newSession on session null to remote] http.headers 125 - http-outgoing-30 << Content-Type: application/json; charset=utf-8
02-16-2018 14:17:16 LoggingManagedHttpClientConnection.java DEBUG [Forwarding newSession on session null to remote] http.headers 125 - http-outgoing-30 << Cache-Control: no-cache
02-16-2018 14:17:16 LoggingManagedHttpClientConnection.java DEBUG [Forwarding newSession on session null to remote] http.headers 125 - http-outgoing-30 << Content-Length: 496
02-16-2018 14:17:16 LoggingManagedHttpClientConnection.java DEBUG [Forwarding newSession on session null to remote] http.headers 125 - http-outgoing-30 << Date: Fri, 16 Feb 2018 20:17:16 GMT
02-16-2018 14:17:16 LoggingManagedHttpClientConnection.java DEBUG [Forwarding newSession on session null to remote] conn.DefaultManagedHttpClientConnection 79 - http-outgoing-30: Close connection
02-16-2018 14:17:16 ConnectionHolder.java DEBUG [Forwarding newSession on session null to remote] execchain.MainClientExec 104 - Connection discarded
02-16-2018 14:17:16 PoolingHttpClientConnectionManager.java DEBUG [Forwarding newSession on session null to remote] conn.PoolingHttpClientConnectionManager 326 - Connection released: [id: 30][route: {}->http://localhost:15193][total kept alive: 0; route allocated: 0 of 2000; total allocated: 0 of 2000]
02-16-2018 14:17:16 RequestAddCookies.java DEBUG [Forwarding maximizeCurrentWindow on session 4fe2ff03-82a1-450f-b081-0a23f24406f6 to remote] protocol.RequestAddCookies 123 - CookieSpec selected: default
02-16-2018 14:17:16 RequestAuthCache.java DEBUG [Forwarding maximizeCurrentWindow on session 4fe2ff03-82a1-450f-b081-0a23f24406f6 to remote] protocol.RequestAuthCache 77 - Auth cache not set in the context
02-16-2018 14:17:16 PoolingHttpClientConnectionManager.java DEBUG [Forwarding maximizeCurrentWindow on session 4fe2ff03-82a1-450f-b081-0a23f24406f6 to remote] conn.PoolingHttpClientConnectionManager 255 - Connection request: [route: {}->http://localhost:15193][total kept alive: 0; route allocated: 0 of 2000; total allocated: 0 of 2000]
02-16-2018 14:17:16 PoolingHttpClientConnectionManager.java DEBUG [Forwarding maximizeCurrentWindow on session 4fe2ff03-82a1-450f-b081-0a23f24406f6 to remote] conn.PoolingHttpClientConnectionManager 288 - Connection leased: [id: 31][route: {}->http://localhost:15193][total kept alive: 0; route allocated: 1 of 2000; total allocated: 1 of 2000]
02-16-2018 14:17:16 MainClientExec.java DEBUG [Forwarding maximizeCurrentWindow on session 4fe2ff03-82a1-450f-b081-0a23f24406f6 to remote] execchain.MainClientExec 235 - Opening connection {}->http://localhost:15193
02-16-2018 14:17:16 DefaultHttpClientConnectionOperator.java DEBUG [Forwarding maximizeCurrentWindow on session 4fe2ff03-82a1-450f-b081-0a23f24406f6 to remote] conn.DefaultHttpClientConnectionOperator 139 - Connecting to localhost/127.0.0.1:15193
02-16-2018 14:17:16 DefaultHttpClientConnectionOperator.java DEBUG [Forwarding maximizeCurrentWindow on session 4fe2ff03-82a1-450f-b081-0a23f24406f6 to remote] conn.DefaultHttpClientConnectionOperator 146 - Connection established 127.0.0.1:56538<->127.0.0.1:15193
02-16-2018 14:17:16 LoggingManagedHttpClientConnection.java DEBUG [Forwarding maximizeCurrentWindow on session 4fe2ff03-82a1-450f-b081-0a23f24406f6 to remote] conn.DefaultManagedHttpClientConnection 88 - http-outgoing-31: set socket timeout to 10800000
02-16-2018 14:17:16 MainClientExec.java DEBUG [Forwarding maximizeCurrentWindow on session 4fe2ff03-82a1-450f-b081-0a23f24406f6 to remote] execchain.MainClientExec 256 - Executing request POST /session/4fe2ff03-82a1-450f-b081-0a23f24406f6/window/maximize HTTP/1.1
02-16-2018 14:17:16 MainClientExec.java DEBUG [Forwarding maximizeCurrentWindow on session 4fe2ff03-82a1-450f-b081-0a23f24406f6 to remote] execchain.MainClientExec 261 - Target auth state: UNCHALLENGED
02-16-2018 14:17:16 MainClientExec.java DEBUG [Forwarding maximizeCurrentWindow on session 4fe2ff03-82a1-450f-b081-0a23f24406f6 to remote] execchain.MainClientExec 267 - Proxy auth state: UNCHALLENGED
02-16-2018 14:17:16 LoggingManagedHttpClientConnection.java DEBUG [Forwarding maximizeCurrentWindow on session 4fe2ff03-82a1-450f-b081-0a23f24406f6 to remote] http.headers 133 - http-outgoing-31 >> POST /session/4fe2ff03-82a1-450f-b081-0a23f24406f6/window/maximize HTTP/1.1
02-16-2018 14:17:16 LoggingManagedHttpClientConnection.java DEBUG [Forwarding maximizeCurrentWindow on session 4fe2ff03-82a1-450f-b081-0a23f24406f6 to remote] http.headers 136 - http-outgoing-31 >> Content-Type: application/json; charset=utf-8
02-16-2018 14:17:16 LoggingManagedHttpClientConnection.java DEBUG [Forwarding maximizeCurrentWindow on session 4fe2ff03-82a1-450f-b081-0a23f24406f6 to remote] http.headers 136 - http-outgoing-31 >> Content-Length: 2
02-16-2018 14:17:16 LoggingManagedHttpClientConnection.java DEBUG [Forwarding maximizeCurrentWindow on session 4fe2ff03-82a1-450f-b081-0a23f24406f6 to remote] http.headers 136 - http-outgoing-31 >> Host: localhost:15193
02-16-2018 14:17:16 LoggingManagedHttpClientConnection.java DEBUG [Forwarding maximizeCurrentWindow on session 4fe2ff03-82a1-450f-b081-0a23f24406f6 to remote] http.headers 136 - http-outgoing-31 >> Connection: Keep-Alive
02-16-2018 14:17:16 LoggingManagedHttpClientConnection.java DEBUG [Forwarding maximizeCurrentWindow on session 4fe2ff03-82a1-450f-b081-0a23f24406f6 to remote] http.headers 136 - http-outgoing-31 >> User-Agent: Apache-HttpClient/4.5.3 (Java/1.8.0_151)
02-16-2018 14:17:16 LoggingManagedHttpClientConnection.java DEBUG [Forwarding maximizeCurrentWindow on session 4fe2ff03-82a1-450f-b081-0a23f24406f6 to remote] http.headers 136 - http-outgoing-31 >> Accept-Encoding: gzip,deflate
02-16-2018 14:17:16 Wire.java DEBUG [Forwarding maximizeCurrentWindow on session 4fe2ff03-82a1-450f-b081-0a23f24406f6 to remote] http.wire 73 - http-outgoing-31 >> "POST /session/4fe2ff03-82a1-450f-b081-0a23f24406f6/window/maximize HTTP/1.1[\r][\n]"
02-16-2018 14:17:16 Wire.java DEBUG [Forwarding maximizeCurrentWindow on session 4fe2ff03-82a1-450f-b081-0a23f24406f6 to remote] http.wire 73 - http-outgoing-31 >> "Content-Type: application/json; charset=utf-8[\r][\n]"
02-16-2018 14:17:16 Wire.java DEBUG [Forwarding maximizeCurrentWindow on session 4fe2ff03-82a1-450f-b081-0a23f24406f6 to remote] http.wire 73 - http-outgoing-31 >> "Content-Length: 2[\r][\n]"
02-16-2018 14:17:16 Wire.java DEBUG [Forwarding maximizeCurrentWindow on session 4fe2ff03-82a1-450f-b081-0a23f24406f6 to remote] http.wire 73 - http-outgoing-31 >> "Host: localhost:15193[\r][\n]"
02-16-2018 14:17:16 Wire.java DEBUG [Forwarding maximizeCurrentWindow on session 4fe2ff03-82a1-450f-b081-0a23f24406f6 to remote] http.wire 73 - http-outgoing-31 >> "Connection: Keep-Alive[\r][\n]"
02-16-2018 14:17:16 Wire.java DEBUG [Forwarding maximizeCurrentWindow on session 4fe2ff03-82a1-450f-b081-0a23f24406f6 to remote] http.wire 73 - http-outgoing-31 >> "User-Agent: Apache-HttpClient/4.5.3 (Java/1.8.0_151)[\r][\n]"
02-16-2018 14:17:16 Wire.java DEBUG [Forwarding maximizeCurrentWindow on session 4fe2ff03-82a1-450f-b081-0a23f24406f6 to remote] http.wire 73 - http-outgoing-31 >> "Accept-Encoding: gzip,deflate[\r][\n]"
02-16-2018 14:17:16 Wire.java DEBUG [Forwarding maximizeCurrentWindow on session 4fe2ff03-82a1-450f-b081-0a23f24406f6 to remote] http.wire 73 - http-outgoing-31 >> "[\r][\n]"
02-16-2018 14:17:16 Wire.java DEBUG [Forwarding maximizeCurrentWindow on session 4fe2ff03-82a1-450f-b081-0a23f24406f6 to remote] http.wire 87 - http-outgoing-31 >> "{}"
02-16-2018 14:17:16 Wire.java DEBUG [Forwarding maximizeCurrentWindow on session 4fe2ff03-82a1-450f-b081-0a23f24406f6 to remote] http.wire 73 - http-outgoing-31 << "HTTP/1.1 200 OK[\r][\n]"
02-16-2018 14:17:16 Wire.java DEBUG [Forwarding maximizeCurrentWindow on session 4fe2ff03-82a1-450f-b081-0a23f24406f6 to remote] http.wire 73 - http-outgoing-31 << "Connection: close[\r][\n]"
02-16-2018 14:17:16 Wire.java DEBUG [Forwarding maximizeCurrentWindow on session 4fe2ff03-82a1-450f-b081-0a23f24406f6 to remote] http.wire 73 - http-outgoing-31 << "Content-Type: application/json; charset=utf-8[\r][\n]"
02-16-2018 14:17:16 Wire.java DEBUG [Forwarding maximizeCurrentWindow on session 4fe2ff03-82a1-450f-b081-0a23f24406f6 to remote] http.wire 73 - http-outgoing-31 << "Cache-Control: no-cache[\r][\n]"
02-16-2018 14:17:16 Wire.java DEBUG [Forwarding maximizeCurrentWindow on session 4fe2ff03-82a1-450f-b081-0a23f24406f6 to remote] http.wire 73 - http-outgoing-31 << "Content-Length: 52[\r][\n]"
02-16-2018 14:17:16 Wire.java DEBUG [Forwarding maximizeCurrentWindow on session 4fe2ff03-82a1-450f-b081-0a23f24406f6 to remote] http.wire 73 - http-outgoing-31 << "Date: Fri, 16 Feb 2018 20:17:16 GMT[\r][\n]"
02-16-2018 14:17:16 Wire.java DEBUG [Forwarding maximizeCurrentWindow on session 4fe2ff03-82a1-450f-b081-0a23f24406f6 to remote] http.wire 73 - http-outgoing-31 << "[\r][\n]"
02-16-2018 14:17:16 Wire.java DEBUG [Forwarding maximizeCurrentWindow on session 4fe2ff03-82a1-450f-b081-0a23f24406f6 to remote] http.wire 87 - http-outgoing-31 << "{"value": {"height":838,"width":1550,"x":-7,"y":-7}}"
02-16-2018 14:17:16 LoggingManagedHttpClientConnection.java DEBUG [Forwarding maximizeCurrentWindow on session 4fe2ff03-82a1-450f-b081-0a23f24406f6 to remote] http.headers 122 - http-outgoing-31 << HTTP/1.1 200 OK
02-16-2018 14:17:16 LoggingManagedHttpClientConnection.java DEBUG [Forwarding maximizeCurrentWindow on session 4fe2ff03-82a1-450f-b081-0a23f24406f6 to remote] http.headers 125 - http-outgoing-31 << Connection: close
02-16-2018 14:17:16 LoggingManagedHttpClientConnection.java DEBUG [Forwarding maximizeCurrentWindow on session 4fe2ff03-82a1-450f-b081-0a23f24406f6 to remote] http.headers 125 - http-outgoing-31 << Content-Type: application/json; charset=utf-8
02-16-2018 14:17:16 LoggingManagedHttpClientConnection.java DEBUG [Forwarding maximizeCurrentWindow on session 4fe2ff03-82a1-450f-b081-0a23f24406f6 to remote] http.headers 125 - http-outgoing-31 << Cache-Control: no-cache
02-16-2018 14:17:16 LoggingManagedHttpClientConnection.java DEBUG [Forwarding maximizeCurrentWindow on session 4fe2ff03-82a1-450f-b081-0a23f24406f6 to remote] http.headers 125 - http-outgoing-31 << Content-Length: 52
02-16-2018 14:17:16 LoggingManagedHttpClientConnection.java DEBUG [Forwarding maximizeCurrentWindow on session 4fe2ff03-82a1-450f-b081-0a23f24406f6 to remote] http.headers 125 - http-outgoing-31 << Date: Fri, 16 Feb 2018 20:17:16 GMT
02-16-2018 14:17:16 LoggingManagedHttpClientConnection.java DEBUG [Forwarding maximizeCurrentWindow on session 4fe2ff03-82a1-450f-b081-0a23f24406f6 to remote] conn.DefaultManagedHttpClientConnection 79 - http-outgoing-31: Close connection
02-16-2018 14:17:16 ConnectionHolder.java DEBUG [Forwarding maximizeCurrentWindow on session 4fe2ff03-82a1-450f-b081-0a23f24406f6 to remote] execchain.MainClientExec 104 - Connection discarded
02-16-2018 14:17:16 PoolingHttpClientConnectionManager.java DEBUG [Forwarding maximizeCurrentWindow on session 4fe2ff03-82a1-450f-b081-0a23f24406f6 to remote] conn.PoolingHttpClientConnectionManager 326 - Connection released: [id: 31][route: {}->http://localhost:15193][total kept alive: 0; route allocated: 0 of 2000; total allocated: 0 of 2000]
02-16-2018 14:17:16 RequestAddCookies.java DEBUG [Forwarding setTimeout on session 4fe2ff03-82a1-450f-b081-0a23f24406f6 to remote] protocol.RequestAddCookies 123 - CookieSpec selected: default
02-16-2018 14:17:16 RequestAuthCache.java DEBUG [Forwarding setTimeout on session 4fe2ff03-82a1-450f-b081-0a23f24406f6 to remote] protocol.RequestAuthCache 77 - Auth cache not set in the context
02-16-2018 14:17:16 PoolingHttpClientConnectionManager.java DEBUG [Forwarding setTimeout on session 4fe2ff03-82a1-450f-b081-0a23f24406f6 to remote] conn.PoolingHttpClientConnectionManager 255 - Connection request: [route: {}->http://localhost:15193][total kept alive: 0; route allocated: 0 of 2000; total allocated: 0 of 2000]
02-16-2018 14:17:16 PoolingHttpClientConnectionManager.java DEBUG [Forwarding setTimeout on session 4fe2ff03-82a1-450f-b081-0a23f24406f6 to remote] conn.PoolingHttpClientConnectionManager 288 - Connection leased: [id: 32][route: {}->http://localhost:15193][total kept alive: 0; route allocated: 1 of 2000; total allocated: 1 of 2000]
02-16-2018 14:17:16 MainClientExec.java DEBUG [Forwarding setTimeout on session 4fe2ff03-82a1-450f-b081-0a23f24406f6 to remote] execchain.MainClientExec 235 - Opening connection {}->http://localhost:15193
02-16-2018 14:17:16 DefaultHttpClientConnectionOperator.java DEBUG [Forwarding setTimeout on session 4fe2ff03-82a1-450f-b081-0a23f24406f6 to remote] conn.DefaultHttpClientConnectionOperator 139 - Connecting to localhost/127.0.0.1:15193
02-16-2018 14:17:16 DefaultHttpClientConnectionOperator.java DEBUG [Forwarding setTimeout on session 4fe2ff03-82a1-450f-b081-0a23f24406f6 to remote] conn.DefaultHttpClientConnectionOperator 146 - Connection established 127.0.0.1:56540<->127.0.0.1:15193
02-16-2018 14:17:16 LoggingManagedHttpClientConnection.java DEBUG [Forwarding setTimeout on session 4fe2ff03-82a1-450f-b081-0a23f24406f6 to remote] conn.DefaultManagedHttpClientConnection 88 - http-outgoing-32: set socket timeout to 10800000
02-16-2018 14:17:16 MainClientExec.java DEBUG [Forwarding setTimeout on session 4fe2ff03-82a1-450f-b081-0a23f24406f6 to remote] execchain.MainClientExec 256 - Executing request POST /session/4fe2ff03-82a1-450f-b081-0a23f24406f6/timeouts HTTP/1.1
02-16-2018 14:17:16 MainClientExec.java DEBUG [Forwarding setTimeout on session 4fe2ff03-82a1-450f-b081-0a23f24406f6 to remote] execchain.MainClientExec 261 - Target auth state: UNCHALLENGED
02-16-2018 14:17:16 MainClientExec.java DEBUG [Forwarding setTimeout on session 4fe2ff03-82a1-450f-b081-0a23f24406f6 to remote] execchain.MainClientExec 267 - Proxy auth state: UNCHALLENGED
02-16-2018 14:17:16 LoggingManagedHttpClientConnection.java DEBUG [Forwarding setTimeout on session 4fe2ff03-82a1-450f-b081-0a23f24406f6 to remote] http.headers 133 - http-outgoing-32 >> POST /session/4fe2ff03-82a1-450f-b081-0a23f24406f6/timeouts HTTP/1.1
02-16-2018 14:17:16 LoggingManagedHttpClientConnection.java DEBUG [Forwarding setTimeout on session 4fe2ff03-82a1-450f-b081-0a23f24406f6 to remote] http.headers 136 - http-outgoing-32 >> Content-Type: application/json; charset=utf-8
02-16-2018 14:17:16 LoggingManagedHttpClientConnection.java DEBUG [Forwarding setTimeout on session 4fe2ff03-82a1-450f-b081-0a23f24406f6 to remote] http.headers 136 - http-outgoing-32 >> Content-Length: 18
02-16-2018 14:17:16 LoggingManagedHttpClientConnection.java DEBUG [Forwarding setTimeout on session 4fe2ff03-82a1-450f-b081-0a23f24406f6 to remote] http.headers 136 - http-outgoing-32 >> Host: localhost:15193
02-16-2018 14:17:16 LoggingManagedHttpClientConnection.java DEBUG [Forwarding setTimeout on session 4fe2ff03-82a1-450f-b081-0a23f24406f6 to remote] http.headers 136 - http-outgoing-32 >> Connection: Keep-Alive
02-16-2018 14:17:16 LoggingManagedHttpClientConnection.java DEBUG [Forwarding setTimeout on session 4fe2ff03-82a1-450f-b081-0a23f24406f6 to remote] http.headers 136 - http-outgoing-32 >> User-Agent: Apache-HttpClient/4.5.3 (Java/1.8.0_151)
02-16-2018 14:17:16 LoggingManagedHttpClientConnection.java DEBUG [Forwarding setTimeout on session 4fe2ff03-82a1-450f-b081-0a23f24406f6 to remote] http.headers 136 - http-outgoing-32 >> Accept-Encoding: gzip,deflate
02-16-2018 14:17:16 Wire.java DEBUG [Forwarding setTimeout on session 4fe2ff03-82a1-450f-b081-0a23f24406f6 to remote] http.wire 73 - http-outgoing-32 >> "POST /session/4fe2ff03-82a1-450f-b081-0a23f24406f6/timeouts HTTP/1.1[\r][\n]"
02-16-2018 14:17:16 Wire.java DEBUG [Forwarding setTimeout on session 4fe2ff03-82a1-450f-b081-0a23f24406f6 to remote] http.wire 73 - http-outgoing-32 >> "Content-Type: application/json; charset=utf-8[\r][\n]"
02-16-2018 14:17:16 Wire.java DEBUG [Forwarding setTimeout on session 4fe2ff03-82a1-450f-b081-0a23f24406f6 to remote] http.wire 73 - http-outgoing-32 >> "Content-Length: 18[\r][\n]"
02-16-2018 14:17:16 Wire.java DEBUG [Forwarding setTimeout on session 4fe2ff03-82a1-450f-b081-0a23f24406f6 to remote] http.wire 73 - http-outgoing-32 >> "Host: localhost:15193[\r][\n]"
02-16-2018 14:17:16 Wire.java DEBUG [Forwarding setTimeout on session 4fe2ff03-82a1-450f-b081-0a23f24406f6 to remote] http.wire 73 - http-outgoing-32 >> "Connection: Keep-Alive[\r][\n]"
02-16-2018 14:17:16 Wire.java DEBUG [Forwarding setTimeout on session 4fe2ff03-82a1-450f-b081-0a23f24406f6 to remote] http.wire 73 - http-outgoing-32 >> "User-Agent: Apache-HttpClient/4.5.3 (Java/1.8.0_151)[\r][\n]"
02-16-2018 14:17:16 Wire.java DEBUG [Forwarding setTimeout on session 4fe2ff03-82a1-450f-b081-0a23f24406f6 to remote] http.wire 73 - http-outgoing-32 >> "Accept-Encoding: gzip,deflate[\r][\n]"
02-16-2018 14:17:16 Wire.java DEBUG [Forwarding setTimeout on session 4fe2ff03-82a1-450f-b081-0a23f24406f6 to remote] http.wire 73 - http-outgoing-32 >> "[\r][\n]"
02-16-2018 14:17:16 Wire.java DEBUG [Forwarding setTimeout on session 4fe2ff03-82a1-450f-b081-0a23f24406f6 to remote] http.wire 87 - http-outgoing-32 >> "{"pageLoad":40000}"
02-16-2018 14:17:16 Wire.java DEBUG [Forwarding setTimeout on session 4fe2ff03-82a1-450f-b081-0a23f24406f6 to remote] http.wire 73 - http-outgoing-32 << "HTTP/1.1 200 OK[\r][\n]"
02-16-2018 14:17:16 Wire.java DEBUG [Forwarding setTimeout on session 4fe2ff03-82a1-450f-b081-0a23f24406f6 to remote] http.wire 73 - http-outgoing-32 << "Connection: close[\r][\n]"
02-16-2018 14:17:16 Wire.java DEBUG [Forwarding setTimeout on session 4fe2ff03-82a1-450f-b081-0a23f24406f6 to remote] http.wire 73 - http-outgoing-32 << "Content-Type: application/json; charset=utf-8[\r][\n]"
02-16-2018 14:17:16 Wire.java DEBUG [Forwarding setTimeout on session 4fe2ff03-82a1-450f-b081-0a23f24406f6 to remote] http.wire 73 - http-outgoing-32 << "Cache-Control: no-cache[\r][\n]"
02-16-2018 14:17:16 Wire.java DEBUG [Forwarding setTimeout on session 4fe2ff03-82a1-450f-b081-0a23f24406f6 to remote] http.wire 73 - http-outgoing-32 << "Content-Length: 13[\r][\n]"
02-16-2018 14:17:16 Wire.java DEBUG [Forwarding setTimeout on session 4fe2ff03-82a1-450f-b081-0a23f24406f6 to remote] http.wire 73 - http-outgoing-32 << "Date: Fri, 16 Feb 2018 20:17:16 GMT[\r][\n]"
02-16-2018 14:17:16 Wire.java DEBUG [Forwarding setTimeout on session 4fe2ff03-82a1-450f-b081-0a23f24406f6 to remote] http.wire 73 - http-outgoing-32 << "[\r][\n]"
02-16-2018 14:17:16 Wire.java DEBUG [Forwarding setTimeout on session 4fe2ff03-82a1-450f-b081-0a23f24406f6 to remote] http.wire 87 - http-outgoing-32 << "{"value": {}}"
02-16-2018 14:17:16 LoggingManagedHttpClientConnection.java DEBUG [Forwarding setTimeout on session 4fe2ff03-82a1-450f-b081-0a23f24406f6 to remote] http.headers 122 - http-outgoing-32 << HTTP/1.1 200 OK
02-16-2018 14:17:16 LoggingManagedHttpClientConnection.java DEBUG [Forwarding setTimeout on session 4fe2ff03-82a1-450f-b081-0a23f24406f6 to remote] http.headers 125 - http-outgoing-32 << Connection: close
02-16-2018 14:17:16 LoggingManagedHttpClientConnection.java DEBUG [Forwarding setTimeout on session 4fe2ff03-82a1-450f-b081-0a23f24406f6 to remote] http.headers 125 - http-outgoing-32 << Content-Type: application/json; charset=utf-8
02-16-2018 14:17:16 LoggingManagedHttpClientConnection.java DEBUG [Forwarding setTimeout on session 4fe2ff03-82a1-450f-b081-0a23f24406f6 to remote] http.headers 125 - http-outgoing-32 << Cache-Control: no-cache
02-16-2018 14:17:16 LoggingManagedHttpClientConnection.java DEBUG [Forwarding setTimeout on session 4fe2ff03-82a1-450f-b081-0a23f24406f6 to remote] http.headers 125 - http-outgoing-32 << Content-Length: 13
02-16-2018 14:17:16 LoggingManagedHttpClientConnection.java DEBUG [Forwarding setTimeout on session 4fe2ff03-82a1-450f-b081-0a23f24406f6 to remote] http.headers 125 - http-outgoing-32 << Date: Fri, 16 Feb 2018 20:17:16 GMT
02-16-2018 14:17:16 LoggingManagedHttpClientConnection.java DEBUG [Forwarding setTimeout on session 4fe2ff03-82a1-450f-b081-0a23f24406f6 to remote] conn.DefaultManagedHttpClientConnection 79 - http-outgoing-32: Close connection
02-16-2018 14:17:16 ConnectionHolder.java DEBUG [Forwarding setTimeout on session 4fe2ff03-82a1-450f-b081-0a23f24406f6 to remote] execchain.MainClientExec 104 - Connection discarded
02-16-2018 14:17:16 PoolingHttpClientConnectionManager.java DEBUG [Forwarding setTimeout on session 4fe2ff03-82a1-450f-b081-0a23f24406f6 to remote] conn.PoolingHttpClientConnectionManager 326 - Connection released: [id: 32][route: {}->http://localhost:15193][total kept alive: 0; route allocated: 0 of 2000; total allocated: 0 of 2000]
02-16-2018 14:17:16 RequestAddCookies.java DEBUG [Forwarding setTimeout on session 4fe2ff03-82a1-450f-b081-0a23f24406f6 to remote] protocol.RequestAddCookies 123 - CookieSpec selected: default
02-16-2018 14:17:16 RequestAuthCache.java DEBUG [Forwarding setTimeout on session 4fe2ff03-82a1-450f-b081-0a23f24406f6 to remote] protocol.RequestAuthCache 77 - Auth cache not set in the context
02-16-2018 14:17:16 PoolingHttpClientConnectionManager.java DEBUG [Forwarding setTimeout on session 4fe2ff03-82a1-450f-b081-0a23f24406f6 to remote] conn.PoolingHttpClientConnectionManager 255 - Connection request: [route: {}->http://localhost:15193][total kept alive: 0; route allocated: 0 of 2000; total allocated: 0 of 2000]
02-16-2018 14:17:16 PoolingHttpClientConnectionManager.java DEBUG [Forwarding setTimeout on session 4fe2ff03-82a1-450f-b081-0a23f24406f6 to remote] conn.PoolingHttpClientConnectionManager 288 - Connection leased: [id: 33][route: {}->http://localhost:15193][total kept alive: 0; route allocated: 1 of 2000; total allocated: 1 of 2000]
02-16-2018 14:17:16 MainClientExec.java DEBUG [Forwarding setTimeout on session 4fe2ff03-82a1-450f-b081-0a23f24406f6 to remote] execchain.MainClientExec 235 - Opening connection {}->http://localhost:15193
02-16-2018 14:17:16 DefaultHttpClientConnectionOperator.java DEBUG [Forwarding setTimeout on session 4fe2ff03-82a1-450f-b081-0a23f24406f6 to remote] conn.DefaultHttpClientConnectionOperator 139 - Connecting to localhost/127.0.0.1:15193
02-16-2018 14:17:16 DefaultHttpClientConnectionOperator.java DEBUG [Forwarding setTimeout on session 4fe2ff03-82a1-450f-b081-0a23f24406f6 to remote] conn.DefaultHttpClientConnectionOperator 146 - Connection established 127.0.0.1:56541<->127.0.0.1:15193
02-16-2018 14:17:16 LoggingManagedHttpClientConnection.java DEBUG [Forwarding setTimeout on session 4fe2ff03-82a1-450f-b081-0a23f24406f6 to remote] conn.DefaultManagedHttpClientConnection 88 - http-outgoing-33: set socket timeout to 10800000
02-16-2018 14:17:16 MainClientExec.java DEBUG [Forwarding setTimeout on session 4fe2ff03-82a1-450f-b081-0a23f24406f6 to remote] execchain.MainClientExec 256 - Executing request POST /session/4fe2ff03-82a1-450f-b081-0a23f24406f6/timeouts HTTP/1.1
02-16-2018 14:17:16 MainClientExec.java DEBUG [Forwarding setTimeout on session 4fe2ff03-82a1-450f-b081-0a23f24406f6 to remote] execchain.MainClientExec 261 - Target auth state: UNCHALLENGED
02-16-2018 14:17:16 MainClientExec.java DEBUG [Forwarding setTimeout on session 4fe2ff03-82a1-450f-b081-0a23f24406f6 to remote] execchain.MainClientExec 267 - Proxy auth state: UNCHALLENGED
02-16-2018 14:17:16 LoggingManagedHttpClientConnection.java DEBUG [Forwarding setTimeout on session 4fe2ff03-82a1-450f-b081-0a23f24406f6 to remote] http.headers 133 - http-outgoing-33 >> POST /session/4fe2ff03-82a1-450f-b081-0a23f24406f6/timeouts HTTP/1.1
02-16-2018 14:17:16 LoggingManagedHttpClientConnection.java DEBUG [Forwarding setTimeout on session 4fe2ff03-82a1-450f-b081-0a23f24406f6 to remote] http.headers 136 - http-outgoing-33 >> Content-Type: application/json; charset=utf-8
02-16-2018 14:17:16 LoggingManagedHttpClientConnection.java DEBUG [Forwarding setTimeout on session 4fe2ff03-82a1-450f-b081-0a23f24406f6 to remote] http.headers 136 - http-outgoing-33 >> Content-Length: 18
02-16-2018 14:17:16 LoggingManagedHttpClientConnection.java DEBUG [Forwarding setTimeout on session 4fe2ff03-82a1-450f-b081-0a23f24406f6 to remote] http.headers 136 - http-outgoing-33 >> Host: localhost:15193
02-16-2018 14:17:16 LoggingManagedHttpClientConnection.java DEBUG [Forwarding setTimeout on session 4fe2ff03-82a1-450f-b081-0a23f24406f6 to remote] http.headers 136 - http-outgoing-33 >> Connection: Keep-Alive
02-16-2018 14:17:16 LoggingManagedHttpClientConnection.java DEBUG [Forwarding setTimeout on session 4fe2ff03-82a1-450f-b081-0a23f24406f6 to remote] http.headers 136 - http-outgoing-33 >> User-Agent: Apache-HttpClient/4.5.3 (Java/1.8.0_151)
02-16-2018 14:17:16 LoggingManagedHttpClientConnection.java DEBUG [Forwarding setTimeout on session 4fe2ff03-82a1-450f-b081-0a23f24406f6 to remote] http.headers 136 - http-outgoing-33 >> Accept-Encoding: gzip,deflate
02-16-2018 14:17:16 Wire.java DEBUG [Forwarding setTimeout on session 4fe2ff03-82a1-450f-b081-0a23f24406f6 to remote] http.wire 73 - http-outgoing-33 >> "POST /session/4fe2ff03-82a1-450f-b081-0a23f24406f6/timeouts HTTP/1.1[\r][\n]"
02-16-2018 14:17:16 Wire.java DEBUG [Forwarding setTimeout on session 4fe2ff03-82a1-450f-b081-0a23f24406f6 to remote] http.wire 73 - http-outgoing-33 >> "Content-Type: application/json; charset=utf-8[\r][\n]"
02-16-2018 14:17:16 Wire.java DEBUG [Forwarding setTimeout on session 4fe2ff03-82a1-450f-b081-0a23f24406f6 to remote] http.wire 73 - http-outgoing-33 >> "Content-Length: 18[\r][\n]"
02-16-2018 14:17:16 Wire.java DEBUG [Forwarding setTimeout on session 4fe2ff03-82a1-450f-b081-0a23f24406f6 to remote] http.wire 73 - http-outgoing-33 >> "Host: localhost:15193[\r][\n]"
02-16-2018 14:17:16 Wire.java DEBUG [Forwarding setTimeout on session 4fe2ff03-82a1-450f-b081-0a23f24406f6 to remote] http.wire 73 - http-outgoing-33 >> "Connection: Keep-Alive[\r][\n]"
02-16-2018 14:17:16 Wire.java DEBUG [Forwarding setTimeout on session 4fe2ff03-82a1-450f-b081-0a23f24406f6 to remote] http.wire 73 - http-outgoing-33 >> "User-Agent: Apache-HttpClient/4.5.3 (Java/1.8.0_151)[\r][\n]"
02-16-2018 14:17:16 Wire.java DEBUG [Forwarding setTimeout on session 4fe2ff03-82a1-450f-b081-0a23f24406f6 to remote] http.wire 73 - http-outgoing-33 >> "Accept-Encoding: gzip,deflate[\r][\n]"
02-16-2018 14:17:16 Wire.java DEBUG [Forwarding setTimeout on session 4fe2ff03-82a1-450f-b081-0a23f24406f6 to remote] http.wire 73 - http-outgoing-33 >> "[\r][\n]"
02-16-2018 14:17:16 Wire.java DEBUG [Forwarding setTimeout on session 4fe2ff03-82a1-450f-b081-0a23f24406f6 to remote] http.wire 87 - http-outgoing-33 >> "{"implicit":20000}"
02-16-2018 14:17:16 Wire.java DEBUG [Forwarding setTimeout on session 4fe2ff03-82a1-450f-b081-0a23f24406f6 to remote] http.wire 73 - http-outgoing-33 << "HTTP/1.1 200 OK[\r][\n]"
02-16-2018 14:17:16 Wire.java DEBUG [Forwarding setTimeout on session 4fe2ff03-82a1-450f-b081-0a23f24406f6 to remote] http.wire 73 - http-outgoing-33 << "Connection: close[\r][\n]"
02-16-2018 14:17:16 Wire.java DEBUG [Forwarding setTimeout on session 4fe2ff03-82a1-450f-b081-0a23f24406f6 to remote] http.wire 73 - http-outgoing-33 << "Content-Type: application/json; charset=utf-8[\r][\n]"
02-16-2018 14:17:16 Wire.java DEBUG [Forwarding setTimeout on session 4fe2ff03-82a1-450f-b081-0a23f24406f6 to remote] http.wire 73 - http-outgoing-33 << "Cache-Control: no-cache[\r][\n]"
02-16-2018 14:17:16 Wire.java DEBUG [Forwarding setTimeout on session 4fe2ff03-82a1-450f-b081-0a23f24406f6 to remote] http.wire 73 - http-outgoing-33 << "Content-Length: 13[\r][\n]"
02-16-2018 14:17:16 Wire.java DEBUG [Forwarding setTimeout on session 4fe2ff03-82a1-450f-b081-0a23f24406f6 to remote] http.wire 73 - http-outgoing-33 << "Date: Fri, 16 Feb 2018 20:17:16 GMT[\r][\n]"
02-16-2018 14:17:16 Wire.java DEBUG [Forwarding setTimeout on session 4fe2ff03-82a1-450f-b081-0a23f24406f6 to remote] http.wire 73 - http-outgoing-33 << "[\r][\n]"
02-16-2018 14:17:16 Wire.java DEBUG [Forwarding setTimeout on session 4fe2ff03-82a1-450f-b081-0a23f24406f6 to remote] http.wire 87 - http-outgoing-33 << "{"value": {}}"
02-16-2018 14:17:16 LoggingManagedHttpClientConnection.java DEBUG [Forwarding setTimeout on session 4fe2ff03-82a1-450f-b081-0a23f24406f6 to remote] http.headers 122 - http-outgoing-33 << HTTP/1.1 200 OK
02-16-2018 14:17:16 LoggingManagedHttpClientConnection.java DEBUG [Forwarding setTimeout on session 4fe2ff03-82a1-450f-b081-0a23f24406f6 to remote] http.headers 125 - http-outgoing-33 << Connection: close
02-16-2018 14:17:16 LoggingManagedHttpClientConnection.java DEBUG [Forwarding setTimeout on session 4fe2ff03-82a1-450f-b081-0a23f24406f6 to remote] http.headers 125 - http-outgoing-33 << Content-Type: application/json; charset=utf-8
02-16-2018 14:17:16 LoggingManagedHttpClientConnection.java DEBUG [Forwarding setTimeout on session 4fe2ff03-82a1-450f-b081-0a23f24406f6 to remote] http.headers 125 - http-outgoing-33 << Cache-Control: no-cache
02-16-2018 14:17:16 LoggingManagedHttpClientConnection.java DEBUG [Forwarding setTimeout on session 4fe2ff03-82a1-450f-b081-0a23f24406f6 to remote] http.headers 125 - http-outgoing-33 << Content-Length: 13
02-16-2018 14:17:16 LoggingManagedHttpClientConnection.java DEBUG [Forwarding setTimeout on session 4fe2ff03-82a1-450f-b081-0a23f24406f6 to remote] http.headers 125 - http-outgoing-33 << Date: Fri, 16 Feb 2018 20:17:16 GMT
02-16-2018 14:17:16 LoggingManagedHttpClientConnection.java DEBUG [Forwarding setTimeout on session 4fe2ff03-82a1-450f-b081-0a23f24406f6 to remote] conn.DefaultManagedHttpClientConnection 79 - http-outgoing-33: Close connection
02-16-2018 14:17:16 ConnectionHolder.java DEBUG [Forwarding setTimeout on session 4fe2ff03-82a1-450f-b081-0a23f24406f6 to remote] execchain.MainClientExec 104 - Connection discarded
02-16-2018 14:17:16 PoolingHttpClientConnectionManager.java DEBUG [Forwarding setTimeout on session 4fe2ff03-82a1-450f-b081-0a23f24406f6 to remote] conn.PoolingHttpClientConnectionManager 326 - Connection released: [id: 33][route: {}->http://localhost:15193][total kept alive: 0; route allocated: 0 of 2000; total allocated: 0 of 2000]
02-16-2018 14:17:16 RequestAddCookies.java DEBUG [Forwarding get on session 4fe2ff03-82a1-450f-b081-0a23f24406f6 to remote] protocol.RequestAddCookies 123 - CookieSpec selected: default
02-16-2018 14:17:16 RequestAuthCache.java DEBUG [Forwarding get on session 4fe2ff03-82a1-450f-b081-0a23f24406f6 to remote] protocol.RequestAuthCache 77 - Auth cache not set in the context
02-16-2018 14:17:16 PoolingHttpClientConnectionManager.java DEBUG [Forwarding get on session 4fe2ff03-82a1-450f-b081-0a23f24406f6 to remote] conn.PoolingHttpClientConnectionManager 255 - Connection request: [route: {}->http://localhost:15193][total kept alive: 0; route allocated: 0 of 2000; total allocated: 0 of 2000]
02-16-2018 14:17:16 PoolingHttpClientConnectionManager.java DEBUG [Forwarding get on session 4fe2ff03-82a1-450f-b081-0a23f24406f6 to remote] conn.PoolingHttpClientConnectionManager 288 - Connection leased: [id: 34][route: {}->http://localhost:15193][total kept alive: 0; route allocated: 1 of 2000; total allocated: 1 of 2000]
02-16-2018 14:17:16 MainClientExec.java DEBUG [Forwarding get on session 4fe2ff03-82a1-450f-b081-0a23f24406f6 to remote] execchain.MainClientExec 235 - Opening connection {}->http://localhost:15193
02-16-2018 14:17:16 DefaultHttpClientConnectionOperator.java DEBUG [Forwarding get on session 4fe2ff03-82a1-450f-b081-0a23f24406f6 to remote] conn.DefaultHttpClientConnectionOperator 139 - Connecting to localhost/127.0.0.1:15193
02-16-2018 14:17:16 DefaultHttpClientConnectionOperator.java DEBUG [Forwarding get on session 4fe2ff03-82a1-450f-b081-0a23f24406f6 to remote] conn.DefaultHttpClientConnectionOperator 146 - Connection established 127.0.0.1:56543<->127.0.0.1:15193
02-16-2018 14:17:16 LoggingManagedHttpClientConnection.java DEBUG [Forwarding get on session 4fe2ff03-82a1-450f-b081-0a23f24406f6 to remote] conn.DefaultManagedHttpClientConnection 88 - http-outgoing-34: set socket timeout to 10800000
02-16-2018 14:17:16 MainClientExec.java DEBUG [Forwarding get on session 4fe2ff03-82a1-450f-b081-0a23f24406f6 to remote] execchain.MainClientExec 256 - Executing request POST /session/4fe2ff03-82a1-450f-b081-0a23f24406f6/url HTTP/1.1
02-16-2018 14:17:16 MainClientExec.java DEBUG [Forwarding get on session 4fe2ff03-82a1-450f-b081-0a23f24406f6 to remote] execchain.MainClientExec 261 - Target auth state: UNCHALLENGED
02-16-2018 14:17:16 MainClientExec.java DEBUG [Forwarding get on session 4fe2ff03-82a1-450f-b081-0a23f24406f6 to remote] execchain.MainClientExec 267 - Proxy auth state: UNCHALLENGED
02-16-2018 14:17:16 LoggingManagedHttpClientConnection.java DEBUG [Forwarding get on session 4fe2ff03-82a1-450f-b081-0a23f24406f6 to remote] http.headers 133 - http-outgoing-34 >> POST /session/4fe2ff03-82a1-450f-b081-0a23f24406f6/url HTTP/1.1
02-16-2018 14:17:16 LoggingManagedHttpClientConnection.java DEBUG [Forwarding get on session 4fe2ff03-82a1-450f-b081-0a23f24406f6 to remote] http.headers 136 - http-outgoing-34 >> Content-Type: application/json; charset=utf-8
02-16-2018 14:17:16 LoggingManagedHttpClientConnection.java DEBUG [Forwarding get on session 4fe2ff03-82a1-450f-b081-0a23f24406f6 to remote] http.headers 136 - http-outgoing-34 >> Content-Length: 36
02-16-2018 14:17:16 LoggingManagedHttpClientConnection.java DEBUG [Forwarding get on session 4fe2ff03-82a1-450f-b081-0a23f24406f6 to remote] http.headers 136 - http-outgoing-34 >> Host: localhost:15193
02-16-2018 14:17:16 LoggingManagedHttpClientConnection.java DEBUG [Forwarding get on session 4fe2ff03-82a1-450f-b081-0a23f24406f6 to remote] http.headers 136 - http-outgoing-34 >> Connection: Keep-Alive
02-16-2018 14:17:16 LoggingManagedHttpClientConnection.java DEBUG [Forwarding get on session 4fe2ff03-82a1-450f-b081-0a23f24406f6 to remote] http.headers 136 - http-outgoing-34 >> User-Agent: Apache-HttpClient/4.5.3 (Java/1.8.0_151)
02-16-2018 14:17:16 LoggingManagedHttpClientConnection.java DEBUG [Forwarding get on session 4fe2ff03-82a1-450f-b081-0a23f24406f6 to remote] http.headers 136 - http-outgoing-34 >> Accept-Encoding: gzip,deflate
02-16-2018 14:17:16 Wire.java DEBUG [Forwarding get on session 4fe2ff03-82a1-450f-b081-0a23f24406f6 to remote] http.wire 73 - http-outgoing-34 >> "POST /session/4fe2ff03-82a1-450f-b081-0a23f24406f6/url HTTP/1.1[\r][\n]"
02-16-2018 14:17:16 Wire.java DEBUG [Forwarding get on session 4fe2ff03-82a1-450f-b081-0a23f24406f6 to remote] http.wire 73 - http-outgoing-34 >> "Content-Type: application/json; charset=utf-8[\r][\n]"
02-16-2018 14:17:16 Wire.java DEBUG [Forwarding get on session 4fe2ff03-82a1-450f-b081-0a23f24406f6 to remote] http.wire 73 - http-outgoing-34 >> "Content-Length: 36[\r][\n]"
02-16-2018 14:17:16 Wire.java DEBUG [Forwarding get on session 4fe2ff03-82a1-450f-b081-0a23f24406f6 to remote] http.wire 73 - http-outgoing-34 >> "Host: localhost:15193[\r][\n]"
02-16-2018 14:17:16 Wire.java DEBUG [Forwarding get on session 4fe2ff03-82a1-450f-b081-0a23f24406f6 to remote] http.wire 73 - http-outgoing-34 >> "Connection: Keep-Alive[\r][\n]"
02-16-2018 14:17:16 Wire.java DEBUG [Forwarding get on session 4fe2ff03-82a1-450f-b081-0a23f24406f6 to remote] http.wire 73 - http-outgoing-34 >> "User-Agent: Apache-HttpClient/4.5.3 (Java/1.8.0_151)[\r][\n]"
02-16-2018 14:17:16 Wire.java DEBUG [Forwarding get on session 4fe2ff03-82a1-450f-b081-0a23f24406f6 to remote] http.wire 73 - http-outgoing-34 >> "Accept-Encoding: gzip,deflate[\r][\n]"
02-16-2018 14:17:16 Wire.java DEBUG [Forwarding get on session 4fe2ff03-82a1-450f-b081-0a23f24406f6 to remote] http.wire 73 - http-outgoing-34 >> "[\r][\n]"
02-16-2018 14:17:16 Wire.java DEBUG [Forwarding get on session 4fe2ff03-82a1-450f-b081-0a23f24406f6 to remote] http.wire 87 - http-outgoing-34 >> "{"url":"http://jusdone.atomic77.in"}"
02-16-2018 14:17:18 Wire.java DEBUG [Forwarding get on session 4fe2ff03-82a1-450f-b081-0a23f24406f6 to remote] http.wire 73 - http-outgoing-34 << "HTTP/1.1 200 OK[\r][\n]"
02-16-2018 14:17:18 Wire.java DEBUG [Forwarding get on session 4fe2ff03-82a1-450f-b081-0a23f24406f6 to remote] http.wire 73 - http-outgoing-34 << "Connection: close[\r][\n]"
02-16-2018 14:17:18 Wire.java DEBUG [Forwarding get on session 4fe2ff03-82a1-450f-b081-0a23f24406f6 to remote] http.wire 73 - http-outgoing-34 << "Content-Type: application/json; charset=utf-8[\r][\n]"
02-16-2018 14:17:18 Wire.java DEBUG [Forwarding get on session 4fe2ff03-82a1-450f-b081-0a23f24406f6 to remote] http.wire 73 - http-outgoing-34 << "Cache-Control: no-cache[\r][\n]"
02-16-2018 14:17:18 Wire.java DEBUG [Forwarding get on session 4fe2ff03-82a1-450f-b081-0a23f24406f6 to remote] http.wire 73 - http-outgoing-34 << "Content-Length: 13[\r][\n]"
02-16-2018 14:17:18 Wire.java DEBUG [Forwarding get on session 4fe2ff03-82a1-450f-b081-0a23f24406f6 to remote] http.wire 73 - http-outgoing-34 << "Date: Fri, 16 Feb 2018 20:17:18 GMT[\r][\n]"
02-16-2018 14:17:18 Wire.java DEBUG [Forwarding get on session 4fe2ff03-82a1-450f-b081-0a23f24406f6 to remote] http.wire 73 - http-outgoing-34 << "[\r][\n]"
02-16-2018 14:17:18 Wire.java DEBUG [Forwarding get on session 4fe2ff03-82a1-450f-b081-0a23f24406f6 to remote] http.wire 87 - http-outgoing-34 << "{"value": {}}"
02-16-2018 14:17:18 LoggingManagedHttpClientConnection.java DEBUG [Forwarding get on session 4fe2ff03-82a1-450f-b081-0a23f24406f6 to remote] http.headers 122 - http-outgoing-34 << HTTP/1.1 200 OK
02-16-2018 14:17:18 LoggingManagedHttpClientConnection.java DEBUG [Forwarding get on session 4fe2ff03-82a1-450f-b081-0a23f24406f6 to remote] http.headers 125 - http-outgoing-34 << Connection: close
02-16-2018 14:17:18 LoggingManagedHttpClientConnection.java DEBUG [Forwarding get on session 4fe2ff03-82a1-450f-b081-0a23f24406f6 to remote] http.headers 125 - http-outgoing-34 << Content-Type: application/json; charset=utf-8
02-16-2018 14:17:18 LoggingManagedHttpClientConnection.java DEBUG [Forwarding get on session 4fe2ff03-82a1-450f-b081-0a23f24406f6 to remote] http.headers 125 - http-outgoing-34 << Cache-Control: no-cache
02-16-2018 14:17:18 LoggingManagedHttpClientConnection.java DEBUG [Forwarding get on session 4fe2ff03-82a1-450f-b081-0a23f24406f6 to remote] http.headers 125 - http-outgoing-34 << Content-Length: 13
02-16-2018 14:17:18 LoggingManagedHttpClientConnection.java DEBUG [Forwarding get on session 4fe2ff03-82a1-450f-b081-0a23f24406f6 to remote] http.headers 125 - http-outgoing-34 << Date: Fri, 16 Feb 2018 20:17:18 GMT
02-16-2018 14:17:18 LoggingManagedHttpClientConnection.java DEBUG [Forwarding get on session 4fe2ff03-82a1-450f-b081-0a23f24406f6 to remote] conn.DefaultManagedHttpClientConnection 79 - http-outgoing-34: Close connection
02-16-2018 14:17:18 ConnectionHolder.java DEBUG [Forwarding get on session 4fe2ff03-82a1-450f-b081-0a23f24406f6 to remote] execchain.MainClientExec 104 - Connection discarded
02-16-2018 14:17:18 PoolingHttpClientConnectionManager.java DEBUG [Forwarding get on session 4fe2ff03-82a1-450f-b081-0a23f24406f6 to remote] conn.PoolingHttpClientConnectionManager 326 - Connection released: [id: 34][route: {}->http://localhost:15193][total kept alive: 0; route allocated: 0 of 2000; total allocated: 0 of 2000]
02-16-2018 14:17:21 RequestAddCookies.java DEBUG [Forwarding findElement on session 4fe2ff03-82a1-450f-b081-0a23f24406f6 to remote] protocol.RequestAddCookies 123 - CookieSpec selected: default
02-16-2018 14:17:21 RequestAuthCache.java DEBUG [Forwarding findElement on session 4fe2ff03-82a1-450f-b081-0a23f24406f6 to remote] protocol.RequestAuthCache 77 - Auth cache not set in the context
02-16-2018 14:17:21 PoolingHttpClientConnectionManager.java DEBUG [Forwarding findElement on session 4fe2ff03-82a1-450f-b081-0a23f24406f6 to remote] conn.PoolingHttpClientConnectionManager 255 - Connection request: [route: {}->http://localhost:15193][total kept alive: 0; route allocated: 0 of 2000; total allocated: 0 of 2000]
02-16-2018 14:17:21 PoolingHttpClientConnectionManager.java DEBUG [Forwarding findElement on session 4fe2ff03-82a1-450f-b081-0a23f24406f6 to remote] conn.PoolingHttpClientConnectionManager 288 - Connection leased: [id: 35][route: {}->http://localhost:15193][total kept alive: 0; route allocated: 1 of 2000; total allocated: 1 of 2000]
02-16-2018 14:17:21 MainClientExec.java DEBUG [Forwarding findElement on session 4fe2ff03-82a1-450f-b081-0a23f24406f6 to remote] execchain.MainClientExec 235 - Opening connection {}->http://localhost:15193
02-16-2018 14:17:21 DefaultHttpClientConnectionOperator.java DEBUG [Forwarding findElement on session 4fe2ff03-82a1-450f-b081-0a23f24406f6 to remote] conn.DefaultHttpClientConnectionOperator 139 - Connecting to localhost/127.0.0.1:15193
02-16-2018 14:17:21 DefaultHttpClientConnectionOperator.java DEBUG [Forwarding findElement on session 4fe2ff03-82a1-450f-b081-0a23f24406f6 to remote] conn.DefaultHttpClientConnectionOperator 146 - Connection established 127.0.0.1:56553<->127.0.0.1:15193
02-16-2018 14:17:21 LoggingManagedHttpClientConnection.java DEBUG [Forwarding findElement on session 4fe2ff03-82a1-450f-b081-0a23f24406f6 to remote] conn.DefaultManagedHttpClientConnection 88 - http-outgoing-35: set socket timeout to 10800000
02-16-2018 14:17:21 MainClientExec.java DEBUG [Forwarding findElement on session 4fe2ff03-82a1-450f-b081-0a23f24406f6 to remote] execchain.MainClientExec 256 - Executing request POST /session/4fe2ff03-82a1-450f-b081-0a23f24406f6/element HTTP/1.1
02-16-2018 14:17:21 MainClientExec.java DEBUG [Forwarding findElement on session 4fe2ff03-82a1-450f-b081-0a23f24406f6 to remote] execchain.MainClientExec 261 - Target auth state: UNCHALLENGED
02-16-2018 14:17:21 MainClientExec.java DEBUG [Forwarding findElement on session 4fe2ff03-82a1-450f-b081-0a23f24406f6 to remote] execchain.MainClientExec 267 - Proxy auth state: UNCHALLENGED
02-16-2018 14:17:21 LoggingManagedHttpClientConnection.java DEBUG [Forwarding findElement on session 4fe2ff03-82a1-450f-b081-0a23f24406f6 to remote] http.headers 133 - http-outgoing-35 >> POST /session/4fe2ff03-82a1-450f-b081-0a23f24406f6/element HTTP/1.1
02-16-2018 14:17:21 LoggingManagedHttpClientConnection.java DEBUG [Forwarding findElement on session 4fe2ff03-82a1-450f-b081-0a23f24406f6 to remote] http.headers 136 - http-outgoing-35 >> Content-Type: application/json; charset=utf-8
02-16-2018 14:17:21 LoggingManagedHttpClientConnection.java DEBUG [Forwarding findElement on session 4fe2ff03-82a1-450f-b081-0a23f24406f6 to remote] http.headers 136 - http-outgoing-35 >> Content-Length: 61
02-16-2018 14:17:21 LoggingManagedHttpClientConnection.java DEBUG [Forwarding findElement on session 4fe2ff03-82a1-450f-b081-0a23f24406f6 to remote] http.headers 136 - http-outgoing-35 >> Host: localhost:15193
02-16-2018 14:17:21 LoggingManagedHttpClientConnection.java DEBUG [Forwarding findElement on session 4fe2ff03-82a1-450f-b081-0a23f24406f6 to remote] http.headers 136 - http-outgoing-35 >> Connection: Keep-Alive
02-16-2018 14:17:21 LoggingManagedHttpClientConnection.java DEBUG [Forwarding findElement on session 4fe2ff03-82a1-450f-b081-0a23f24406f6 to remote] http.headers 136 - http-outgoing-35 >> User-Agent: Apache-HttpClient/4.5.3 (Java/1.8.0_151)
02-16-2018 14:17:21 LoggingManagedHttpClientConnection.java DEBUG [Forwarding findElement on session 4fe2ff03-82a1-450f-b081-0a23f24406f6 to remote] http.headers 136 - http-outgoing-35 >> Accept-Encoding: gzip,deflate
02-16-2018 14:17:21 Wire.java DEBUG [Forwarding findElement on session 4fe2ff03-82a1-450f-b081-0a23f24406f6 to remote] http.wire 73 - http-outgoing-35 >> "POST /session/4fe2ff03-82a1-450f-b081-0a23f24406f6/element HTTP/1.1[\r][\n]"
02-16-2018 14:17:21 Wire.java DEBUG [Forwarding findElement on session 4fe2ff03-82a1-450f-b081-0a23f24406f6 to remote] http.wire 73 - http-outgoing-35 >> "Content-Type: application/json; charset=utf-8[\r][\n]"
02-16-2018 14:17:21 Wire.java DEBUG [Forwarding findElement on session 4fe2ff03-82a1-450f-b081-0a23f24406f6 to remote] http.wire 73 - http-outgoing-35 >> "Content-Length: 61[\r][\n]"
02-16-2018 14:17:21 Wire.java DEBUG [Forwarding findElement on session 4fe2ff03-82a1-450f-b081-0a23f24406f6 to remote] http.wire 73 - http-outgoing-35 >> "Host: localhost:15193[\r][\n]"
02-16-2018 14:17:21 Wire.java DEBUG [Forwarding findElement on session 4fe2ff03-82a1-450f-b081-0a23f24406f6 to remote] http.wire 73 - http-outgoing-35 >> "Connection: Keep-Alive[\r][\n]"
02-16-2018 14:17:21 Wire.java DEBUG [Forwarding findElement on session 4fe2ff03-82a1-450f-b081-0a23f24406f6 to remote] http.wire 73 - http-outgoing-35 >> "User-Agent: Apache-HttpClient/4.5.3 (Java/1.8.0_151)[\r][\n]"
02-16-2018 14:17:21 Wire.java DEBUG [Forwarding findElement on session 4fe2ff03-82a1-450f-b081-0a23f24406f6 to remote] http.wire 73 - http-outgoing-35 >> "Accept-Encoding: gzip,deflate[\r][\n]"
02-16-2018 14:17:21 Wire.java DEBUG [Forwarding findElement on session 4fe2ff03-82a1-450f-b081-0a23f24406f6 to remote] http.wire 73 - http-outgoing-35 >> "[\r][\n]"
02-16-2018 14:17:21 Wire.java DEBUG [Forwarding findElement on session 4fe2ff03-82a1-450f-b081-0a23f24406f6 to remote] http.wire 87 - http-outgoing-35 >> "{"value":"/html/body/div/div/ul/li[1]/label","using":"xpath"}"
02-16-2018 14:17:21 Wire.java DEBUG [Forwarding findElement on session 4fe2ff03-82a1-450f-b081-0a23f24406f6 to remote] http.wire 73 - http-outgoing-35 << "HTTP/1.1 200 OK[\r][\n]"
02-16-2018 14:17:21 Wire.java DEBUG [Forwarding findElement on session 4fe2ff03-82a1-450f-b081-0a23f24406f6 to remote] http.wire 73 - http-outgoing-35 << "Connection: close[\r][\n]"
02-16-2018 14:17:21 Wire.java DEBUG [Forwarding findElement on session 4fe2ff03-82a1-450f-b081-0a23f24406f6 to remote] http.wire 73 - http-outgoing-35 << "Content-Type: application/json; charset=utf-8[\r][\n]"
02-16-2018 14:17:21 Wire.java DEBUG [Forwarding findElement on session 4fe2ff03-82a1-450f-b081-0a23f24406f6 to remote] http.wire 73 - http-outgoing-35 << "Cache-Control: no-cache[\r][\n]"
02-16-2018 14:17:21 Wire.java DEBUG [Forwarding findElement on session 4fe2ff03-82a1-450f-b081-0a23f24406f6 to remote] http.wire 73 - http-outgoing-35 << "Content-Length: 88[\r][\n]"
02-16-2018 14:17:21 Wire.java DEBUG [Forwarding findElement on session 4fe2ff03-82a1-450f-b081-0a23f24406f6 to remote] http.wire 73 - http-outgoing-35 << "Date: Fri, 16 Feb 2018 20:17:21 GMT[\r][\n]"
02-16-2018 14:17:21 Wire.java DEBUG [Forwarding findElement on session 4fe2ff03-82a1-450f-b081-0a23f24406f6 to remote] http.wire 73 - http-outgoing-35 << "[\r][\n]"
02-16-2018 14:17:21 Wire.java DEBUG [Forwarding findElement on session 4fe2ff03-82a1-450f-b081-0a23f24406f6 to remote] http.wire 87 - http-outgoing-35 << "{"value":{"element-6066-11e4-a52e-4f735466cecf":"8bdb4ead-a5a4-4a39-af51-3b8fdf51002b"}}"
02-16-2018 14:17:21 LoggingManagedHttpClientConnection.java DEBUG [Forwarding findElement on session 4fe2ff03-82a1-450f-b081-0a23f24406f6 to remote] http.headers 122 - http-outgoing-35 << HTTP/1.1 200 OK
02-16-2018 14:17:21 LoggingManagedHttpClientConnection.java DEBUG [Forwarding findElement on session 4fe2ff03-82a1-450f-b081-0a23f24406f6 to remote] http.headers 125 - http-outgoing-35 << Connection: close
02-16-2018 14:17:21 LoggingManagedHttpClientConnection.java DEBUG [Forwarding findElement on session 4fe2ff03-82a1-450f-b081-0a23f24406f6 to remote] http.headers 125 - http-outgoing-35 << Content-Type: application/json; charset=utf-8
02-16-2018 14:17:21 LoggingManagedHttpClientConnection.java DEBUG [Forwarding findElement on session 4fe2ff03-82a1-450f-b081-0a23f24406f6 to remote] http.headers 125 - http-outgoing-35 << Cache-Control: no-cache
02-16-2018 14:17:21 LoggingManagedHttpClientConnection.java DEBUG [Forwarding findElement on session 4fe2ff03-82a1-450f-b081-0a23f24406f6 to remote] http.headers 125 - http-outgoing-35 << Content-Length: 88
02-16-2018 14:17:21 LoggingManagedHttpClientConnection.java DEBUG [Forwarding findElement on session 4fe2ff03-82a1-450f-b081-0a23f24406f6 to remote] http.headers 125 - http-outgoing-35 << Date: Fri, 16 Feb 2018 20:17:21 GMT
02-16-2018 14:17:21 LoggingManagedHttpClientConnection.java DEBUG [Forwarding findElement on session 4fe2ff03-82a1-450f-b081-0a23f24406f6 to remote] conn.DefaultManagedHttpClientConnection 79 - http-outgoing-35: Close connection
02-16-2018 14:17:21 ConnectionHolder.java DEBUG [Forwarding findElement on session 4fe2ff03-82a1-450f-b081-0a23f24406f6 to remote] execchain.MainClientExec 104 - Connection discarded
02-16-2018 14:17:21 PoolingHttpClientConnectionManager.java DEBUG [Forwarding findElement on session 4fe2ff03-82a1-450f-b081-0a23f24406f6 to remote] conn.PoolingHttpClientConnectionManager 326 - Connection released: [id: 35][route: {}->http://localhost:15193][total kept alive: 0; route allocated: 0 of 2000; total allocated: 0 of 2000]
02-16-2018 14:17:21 RequestAddCookies.java DEBUG [Forwarding clickElement on session 4fe2ff03-82a1-450f-b081-0a23f24406f6 to remote] protocol.RequestAddCookies 123 - CookieSpec selected: default
02-16-2018 14:17:21 RequestAuthCache.java DEBUG [Forwarding clickElement on session 4fe2ff03-82a1-450f-b081-0a23f24406f6 to remote] protocol.RequestAuthCache 77 - Auth cache not set in the context
02-16-2018 14:17:21 PoolingHttpClientConnectionManager.java DEBUG [Forwarding clickElement on session 4fe2ff03-82a1-450f-b081-0a23f24406f6 to remote] conn.PoolingHttpClientConnectionManager 255 - Connection request: [route: {}->http://localhost:15193][total kept alive: 0; route allocated: 0 of 2000; total allocated: 0 of 2000]
02-16-2018 14:17:21 PoolingHttpClientConnectionManager.java DEBUG [Forwarding clickElement on session 4fe2ff03-82a1-450f-b081-0a23f24406f6 to remote] conn.PoolingHttpClientConnectionManager 288 - Connection leased: [id: 36][route: {}->http://localhost:15193][total kept alive: 0; route allocated: 1 of 2000; total allocated: 1 of 2000]
02-16-2018 14:17:21 MainClientExec.java DEBUG [Forwarding clickElement on session 4fe2ff03-82a1-450f-b081-0a23f24406f6 to remote] execchain.MainClientExec 235 - Opening connection {}->http://localhost:15193
02-16-2018 14:17:21 DefaultHttpClientConnectionOperator.java DEBUG [Forwarding clickElement on session 4fe2ff03-82a1-450f-b081-0a23f24406f6 to remote] conn.DefaultHttpClientConnectionOperator 139 - Connecting to localhost/127.0.0.1:15193
02-16-2018 14:17:21 DefaultHttpClientConnectionOperator.java DEBUG [Forwarding clickElement on session 4fe2ff03-82a1-450f-b081-0a23f24406f6 to remote] conn.DefaultHttpClientConnectionOperator 146 - Connection established 127.0.0.1:56554<->127.0.0.1:15193
02-16-2018 14:17:21 LoggingManagedHttpClientConnection.java DEBUG [Forwarding clickElement on session 4fe2ff03-82a1-450f-b081-0a23f24406f6 to remote] conn.DefaultManagedHttpClientConnection 88 - http-outgoing-36: set socket timeout to 10800000
02-16-2018 14:17:21 MainClientExec.java DEBUG [Forwarding clickElement on session 4fe2ff03-82a1-450f-b081-0a23f24406f6 to remote] execchain.MainClientExec 256 - Executing request POST /session/4fe2ff03-82a1-450f-b081-0a23f24406f6/element/8bdb4ead-a5a4-4a39-af51-3b8fdf51002b/click HTTP/1.1
02-16-2018 14:17:21 MainClientExec.java DEBUG [Forwarding clickElement on session 4fe2ff03-82a1-450f-b081-0a23f24406f6 to remote] execchain.MainClientExec 261 - Target auth state: UNCHALLENGED
02-16-2018 14:17:21 MainClientExec.java DEBUG [Forwarding clickElement on session 4fe2ff03-82a1-450f-b081-0a23f24406f6 to remote] execchain.MainClientExec 267 - Proxy auth state: UNCHALLENGED
02-16-2018 14:17:21 LoggingManagedHttpClientConnection.java DEBUG [Forwarding clickElement on session 4fe2ff03-82a1-450f-b081-0a23f24406f6 to remote] http.headers 133 - http-outgoing-36 >> POST /session/4fe2ff03-82a1-450f-b081-0a23f24406f6/element/8bdb4ead-a5a4-4a39-af51-3b8fdf51002b/click HTTP/1.1
02-16-2018 14:17:21 LoggingManagedHttpClientConnection.java DEBUG [Forwarding clickElement on session 4fe2ff03-82a1-450f-b081-0a23f24406f6 to remote] http.headers 136 - http-outgoing-36 >> Content-Type: application/json; charset=utf-8
02-16-2018 14:17:21 LoggingManagedHttpClientConnection.java DEBUG [Forwarding clickElement on session 4fe2ff03-82a1-450f-b081-0a23f24406f6 to remote] http.headers 136 - http-outgoing-36 >> Content-Length: 45
02-16-2018 14:17:21 LoggingManagedHttpClientConnection.java DEBUG [Forwarding clickElement on session 4fe2ff03-82a1-450f-b081-0a23f24406f6 to remote] http.headers 136 - http-outgoing-36 >> Host: localhost:15193
02-16-2018 14:17:21 LoggingManagedHttpClientConnection.java DEBUG [Forwarding clickElement on session 4fe2ff03-82a1-450f-b081-0a23f24406f6 to remote] http.headers 136 - http-outgoing-36 >> Connection: Keep-Alive
02-16-2018 14:17:21 LoggingManagedHttpClientConnection.java DEBUG [Forwarding clickElement on session 4fe2ff03-82a1-450f-b081-0a23f24406f6 to remote] http.headers 136 - http-outgoing-36 >> User-Agent: Apache-HttpClient/4.5.3 (Java/1.8.0_151)
02-16-2018 14:17:21 LoggingManagedHttpClientConnection.java DEBUG [Forwarding clickElement on session 4fe2ff03-82a1-450f-b081-0a23f24406f6 to remote] http.headers 136 - http-outgoing-36 >> Accept-Encoding: gzip,deflate
02-16-2018 14:17:21 Wire.java DEBUG [Forwarding clickElement on session 4fe2ff03-82a1-450f-b081-0a23f24406f6 to remote] http.wire 73 - http-outgoing-36 >> "POST /session/4fe2ff03-82a1-450f-b081-0a23f24406f6/element/8bdb4ead-a5a4-4a39-af51-3b8fdf51002b/click HTTP/1.1[\r][\n]"
02-16-2018 14:17:21 Wire.java DEBUG [Forwarding clickElement on session 4fe2ff03-82a1-450f-b081-0a23f24406f6 to remote] http.wire 73 - http-outgoing-36 >> "Content-Type: application/json; charset=utf-8[\r][\n]"
02-16-2018 14:17:21 Wire.java DEBUG [Forwarding clickElement on session 4fe2ff03-82a1-450f-b081-0a23f24406f6 to remote] http.wire 73 - http-outgoing-36 >> "Content-Length: 45[\r][\n]"
02-16-2018 14:17:21 Wire.java DEBUG [Forwarding clickElement on session 4fe2ff03-82a1-450f-b081-0a23f24406f6 to remote] http.wire 73 - http-outgoing-36 >> "Host: localhost:15193[\r][\n]"
02-16-2018 14:17:21 Wire.java DEBUG [Forwarding clickElement on session 4fe2ff03-82a1-450f-b081-0a23f24406f6 to remote] http.wire 73 - http-outgoing-36 >> "Connection: Keep-Alive[\r][\n]"
02-16-2018 14:17:21 Wire.java DEBUG [Forwarding clickElement on session 4fe2ff03-82a1-450f-b081-0a23f24406f6 to remote] http.wire 73 - http-outgoing-36 >> "User-Agent: Apache-HttpClient/4.5.3 (Java/1.8.0_151)[\r][\n]"
02-16-2018 14:17:21 Wire.java DEBUG [Forwarding clickElement on session 4fe2ff03-82a1-450f-b081-0a23f24406f6 to remote] http.wire 73 - http-outgoing-36 >> "Accept-Encoding: gzip,deflate[\r][\n]"
02-16-2018 14:17:21 Wire.java DEBUG [Forwarding clickElement on session 4fe2ff03-82a1-450f-b081-0a23f24406f6 to remote] http.wire 73 - http-outgoing-36 >> "[\r][\n]"
02-16-2018 14:17:21 Wire.java DEBUG [Forwarding clickElement on session 4fe2ff03-82a1-450f-b081-0a23f24406f6 to remote] http.wire 87 - http-outgoing-36 >> "{"id":"8bdb4ead-a5a4-4a39-af51-3b8fdf51002b"}"
02-16-2018 14:17:23 Wire.java DEBUG [Forwarding clickElement on session 4fe2ff03-82a1-450f-b081-0a23f24406f6 to remote] http.wire 73 - http-outgoing-36 << "HTTP/1.1 200 OK[\r][\n]"
02-16-2018 14:17:23 Wire.java DEBUG [Forwarding clickElement on session 4fe2ff03-82a1-450f-b081-0a23f24406f6 to remote] http.wire 73 - http-outgoing-36 << "Connection: close[\r][\n]"
02-16-2018 14:17:23 Wire.java DEBUG [Forwarding clickElement on session 4fe2ff03-82a1-450f-b081-0a23f24406f6 to remote] http.wire 73 - http-outgoing-36 << "Content-Type: application/json; charset=utf-8[\r][\n]"
02-16-2018 14:17:23 Wire.java DEBUG [Forwarding clickElement on session 4fe2ff03-82a1-450f-b081-0a23f24406f6 to remote] http.wire 73 - http-outgoing-36 << "Cache-Control: no-cache[\r][\n]"
02-16-2018 14:17:23 Wire.java DEBUG [Forwarding clickElement on session 4fe2ff03-82a1-450f-b081-0a23f24406f6 to remote] http.wire 73 - http-outgoing-36 << "Content-Length: 13[\r][\n]"
02-16-2018 14:17:23 Wire.java DEBUG [Forwarding clickElement on session 4fe2ff03-82a1-450f-b081-0a23f24406f6 to remote] http.wire 73 - http-outgoing-36 << "Date: Fri, 16 Feb 2018 20:17:23 GMT[\r][\n]"
02-16-2018 14:17:23 Wire.java DEBUG [Forwarding clickElement on session 4fe2ff03-82a1-450f-b081-0a23f24406f6 to remote] http.wire 73 - http-outgoing-36 << "[\r][\n]"
02-16-2018 14:17:23 Wire.java DEBUG [Forwarding clickElement on session 4fe2ff03-82a1-450f-b081-0a23f24406f6 to remote] http.wire 87 - http-outgoing-36 << "{"value": {}}"
02-16-2018 14:17:23 LoggingManagedHttpClientConnection.java DEBUG [Forwarding clickElement on session 4fe2ff03-82a1-450f-b081-0a23f24406f6 to remote] http.headers 122 - http-outgoing-36 << HTTP/1.1 200 OK
02-16-2018 14:17:23 LoggingManagedHttpClientConnection.java DEBUG [Forwarding clickElement on session 4fe2ff03-82a1-450f-b081-0a23f24406f6 to remote] http.headers 125 - http-outgoing-36 << Connection: close
02-16-2018 14:17:23 LoggingManagedHttpClientConnection.java DEBUG [Forwarding clickElement on session 4fe2ff03-82a1-450f-b081-0a23f24406f6 to remote] http.headers 125 - http-outgoing-36 << Content-Type: application/json; charset=utf-8
02-16-2018 14:17:23 LoggingManagedHttpClientConnection.java DEBUG [Forwarding clickElement on session 4fe2ff03-82a1-450f-b081-0a23f24406f6 to remote] http.headers 125 - http-outgoing-36 << Cache-Control: no-cache
02-16-2018 14:17:23 LoggingManagedHttpClientConnection.java DEBUG [Forwarding clickElement on session 4fe2ff03-82a1-450f-b081-0a23f24406f6 to remote] http.headers 125 - http-outgoing-36 << Content-Length: 13
02-16-2018 14:17:23 LoggingManagedHttpClientConnection.java DEBUG [Forwarding clickElement on session 4fe2ff03-82a1-450f-b081-0a23f24406f6 to remote] http.headers 125 - http-outgoing-36 << Date: Fri, 16 Feb 2018 20:17:23 GMT
02-16-2018 14:17:23 LoggingManagedHttpClientConnection.java DEBUG [Forwarding clickElement on session 4fe2ff03-82a1-450f-b081-0a23f24406f6 to remote] conn.DefaultManagedHttpClientConnection 79 - http-outgoing-36: Close connection
02-16-2018 14:17:23 ConnectionHolder.java DEBUG [Forwarding clickElement on session 4fe2ff03-82a1-450f-b081-0a23f24406f6 to remote] execchain.MainClientExec 104 - Connection discarded
02-16-2018 14:17:23 PoolingHttpClientConnectionManager.java DEBUG [Forwarding clickElement on session 4fe2ff03-82a1-450f-b081-0a23f24406f6 to remote] conn.PoolingHttpClientConnectionManager 326 - Connection released: [id: 36][route: {}->http://localhost:15193][total kept alive: 0; route allocated: 0 of 2000; total allocated: 0 of 2000]
02-16-2018 14:17:23 RequestAddCookies.java DEBUG [Forwarding findElement on session 4fe2ff03-82a1-450f-b081-0a23f24406f6 to remote] protocol.RequestAddCookies 123 - CookieSpec selected: default
02-16-2018 14:17:23 RequestAuthCache.java DEBUG [Forwarding findElement on session 4fe2ff03-82a1-450f-b081-0a23f24406f6 to remote] protocol.RequestAuthCache 77 - Auth cache not set in the context
02-16-2018 14:17:23 PoolingHttpClientConnectionManager.java DEBUG [Forwarding findElement on session 4fe2ff03-82a1-450f-b081-0a23f24406f6 to remote] conn.PoolingHttpClientConnectionManager 255 - Connection request: [route: {}->http://localhost:15193][total kept alive: 0; route allocated: 0 of 2000; total allocated: 0 of 2000]
02-16-2018 14:17:23 PoolingHttpClientConnectionManager.java DEBUG [Forwarding findElement on session 4fe2ff03-82a1-450f-b081-0a23f24406f6 to remote] conn.PoolingHttpClientConnectionManager 288 - Connection leased: [id: 37][route: {}->http://localhost:15193][total kept alive: 0; route allocated: 1 of 2000; total allocated: 1 of 2000]
02-16-2018 14:17:23 MainClientExec.java DEBUG [Forwarding findElement on session 4fe2ff03-82a1-450f-b081-0a23f24406f6 to remote] execchain.MainClientExec 235 - Opening connection {}->http://localhost:15193
02-16-2018 14:17:23 DefaultHttpClientConnectionOperator.java DEBUG [Forwarding findElement on session 4fe2ff03-82a1-450f-b081-0a23f24406f6 to remote] conn.DefaultHttpClientConnectionOperator 139 - Connecting to localhost/127.0.0.1:15193
02-16-2018 14:17:23 DefaultHttpClientConnectionOperator.java DEBUG [Forwarding findElement on session 4fe2ff03-82a1-450f-b081-0a23f24406f6 to remote] conn.DefaultHttpClientConnectionOperator 146 - Connection established 127.0.0.1:56564<->127.0.0.1:15193
02-16-2018 14:17:23 LoggingManagedHttpClientConnection.java DEBUG [Forwarding findElement on session 4fe2ff03-82a1-450f-b081-0a23f24406f6 to remote] conn.DefaultManagedHttpClientConnection 88 - http-outgoing-37: set socket timeout to 10800000
02-16-2018 14:17:23 MainClientExec.java DEBUG [Forwarding findElement on session 4fe2ff03-82a1-450f-b081-0a23f24406f6 to remote] execchain.MainClientExec 256 - Executing request POST /session/4fe2ff03-82a1-450f-b081-0a23f24406f6/element HTTP/1.1
02-16-2018 14:17:23 MainClientExec.java DEBUG [Forwarding findElement on session 4fe2ff03-82a1-450f-b081-0a23f24406f6 to remote] execchain.MainClientExec 261 - Target auth state: UNCHALLENGED
02-16-2018 14:17:23 MainClientExec.java DEBUG [Forwarding findElement on session 4fe2ff03-82a1-450f-b081-0a23f24406f6 to remote] execchain.MainClientExec 267 - Proxy auth state: UNCHALLENGED
02-16-2018 14:17:23 LoggingManagedHttpClientConnection.java DEBUG [Forwarding findElement on session 4fe2ff03-82a1-450f-b081-0a23f24406f6 to remote] http.headers 133 - http-outgoing-37 >> POST /session/4fe2ff03-82a1-450f-b081-0a23f24406f6/element HTTP/1.1
02-16-2018 14:17:23 LoggingManagedHttpClientConnection.java DEBUG [Forwarding findElement on session 4fe2ff03-82a1-450f-b081-0a23f24406f6 to remote] http.headers 136 - http-outgoing-37 >> Content-Type: application/json; charset=utf-8
02-16-2018 14:17:23 LoggingManagedHttpClientConnection.java DEBUG [Forwarding findElement on session 4fe2ff03-82a1-450f-b081-0a23f24406f6 to remote] http.headers 136 - http-outgoing-37 >> Content-Length: 78
02-16-2018 14:17:23 LoggingManagedHttpClientConnection.java DEBUG [Forwarding findElement on session 4fe2ff03-82a1-450f-b081-0a23f24406f6 to remote] http.headers 136 - http-outgoing-37 >> Host: localhost:15193
02-16-2018 14:17:23 LoggingManagedHttpClientConnection.java DEBUG [Forwarding findElement on session 4fe2ff03-82a1-450f-b081-0a23f24406f6 to remote] http.headers 136 - http-outgoing-37 >> Connection: Keep-Alive
02-16-2018 14:17:23 LoggingManagedHttpClientConnection.java DEBUG [Forwarding findElement on session 4fe2ff03-82a1-450f-b081-0a23f24406f6 to remote] http.headers 136 - http-outgoing-37 >> User-Agent: Apache-HttpClient/4.5.3 (Java/1.8.0_151)
02-16-2018 14:17:23 LoggingManagedHttpClientConnection.java DEBUG [Forwarding findElement on session 4fe2ff03-82a1-450f-b081-0a23f24406f6 to remote] http.headers 136 - http-outgoing-37 >> Accept-Encoding: gzip,deflate
02-16-2018 14:17:23 Wire.java DEBUG [Forwarding findElement on session 4fe2ff03-82a1-450f-b081-0a23f24406f6 to remote] http.wire 73 - http-outgoing-37 >> "POST /session/4fe2ff03-82a1-450f-b081-0a23f24406f6/element HTTP/1.1[\r][\n]"
02-16-2018 14:17:23 Wire.java DEBUG [Forwarding findElement on session 4fe2ff03-82a1-450f-b081-0a23f24406f6 to remote] http.wire 73 - http-outgoing-37 >> "Content-Type: application/json; charset=utf-8[\r][\n]"
02-16-2018 14:17:23 Wire.java DEBUG [Forwarding findElement on session 4fe2ff03-82a1-450f-b081-0a23f24406f6 to remote] http.wire 73 - http-outgoing-37 >> "Content-Length: 78[\r][\n]"
02-16-2018 14:17:23 Wire.java DEBUG [Forwarding findElement on session 4fe2ff03-82a1-450f-b081-0a23f24406f6 to remote] http.wire 73 - http-outgoing-37 >> "Host: localhost:15193[\r][\n]"
02-16-2018 14:17:23 Wire.java DEBUG [Forwarding findElement on session 4fe2ff03-82a1-450f-b081-0a23f24406f6 to remote] http.wire 73 - http-outgoing-37 >> "Connection: Keep-Alive[\r][\n]"
02-16-2018 14:17:23 Wire.java DEBUG [Forwarding findElement on session 4fe2ff03-82a1-450f-b081-0a23f24406f6 to remote] http.wire 73 - http-outgoing-37 >> "User-Agent: Apache-HttpClient/4.5.3 (Java/1.8.0_151)[\r][\n]"
02-16-2018 14:17:23 Wire.java DEBUG [Forwarding findElement on session 4fe2ff03-82a1-450f-b081-0a23f24406f6 to remote] http.wire 73 - http-outgoing-37 >> "Accept-Encoding: gzip,deflate[\r][\n]"
02-16-2018 14:17:23 Wire.java DEBUG [Forwarding findElement on session 4fe2ff03-82a1-450f-b081-0a23f24406f6 to remote] http.wire 73 - http-outgoing-37 >> "[\r][\n]"
02-16-2018 14:17:23 Wire.java DEBUG [Forwarding findElement on session 4fe2ff03-82a1-450f-b081-0a23f24406f6 to remote] http.wire 87 - http-outgoing-37 >> "{"value":"html/body/div[1]/div/div/div/form/div[3]/div/label","using":"xpath"}"
02-16-2018 14:17:23 Wire.java DEBUG [Forwarding findElement on session 4fe2ff03-82a1-450f-b081-0a23f24406f6 to remote] http.wire 73 - http-outgoing-37 << "HTTP/1.1 200 OK[\r][\n]"
02-16-2018 14:17:23 Wire.java DEBUG [Forwarding findElement on session 4fe2ff03-82a1-450f-b081-0a23f24406f6 to remote] http.wire 73 - http-outgoing-37 << "Connection: close[\r][\n]"
02-16-2018 14:17:23 Wire.java DEBUG [Forwarding findElement on session 4fe2ff03-82a1-450f-b081-0a23f24406f6 to remote] http.wire 73 - http-outgoing-37 << "Content-Type: application/json; charset=utf-8[\r][\n]"
02-16-2018 14:17:23 Wire.java DEBUG [Forwarding findElement on session 4fe2ff03-82a1-450f-b081-0a23f24406f6 to remote] http.wire 73 - http-outgoing-37 << "Cache-Control: no-cache[\r][\n]"
02-16-2018 14:17:23 Wire.java DEBUG [Forwarding findElement on session 4fe2ff03-82a1-450f-b081-0a23f24406f6 to remote] http.wire 73 - http-outgoing-37 << "Content-Length: 88[\r][\n]"
02-16-2018 14:17:23 Wire.java DEBUG [Forwarding findElement on session 4fe2ff03-82a1-450f-b081-0a23f24406f6 to remote] http.wire 73 - http-outgoing-37 << "Date: Fri, 16 Feb 2018 20:17:23 GMT[\r][\n]"
02-16-2018 14:17:23 Wire.java DEBUG [Forwarding findElement on session 4fe2ff03-82a1-450f-b081-0a23f24406f6 to remote] http.wire 73 - http-outgoing-37 << "[\r][\n]"
02-16-2018 14:17:23 Wire.java DEBUG [Forwarding findElement on session 4fe2ff03-82a1-450f-b081-0a23f24406f6 to remote] http.wire 87 - http-outgoing-37 << "{"value":{"element-6066-11e4-a52e-4f735466cecf":"76e564c3-7fff-4ad6-b1fd-432aaf5f2757"}}"
02-16-2018 14:17:23 LoggingManagedHttpClientConnection.java DEBUG [Forwarding findElement on session 4fe2ff03-82a1-450f-b081-0a23f24406f6 to remote] http.headers 122 - http-outgoing-37 << HTTP/1.1 200 OK
02-16-2018 14:17:23 LoggingManagedHttpClientConnection.java DEBUG [Forwarding findElement on session 4fe2ff03-82a1-450f-b081-0a23f24406f6 to remote] http.headers 125 - http-outgoing-37 << Connection: close
02-16-2018 14:17:23 LoggingManagedHttpClientConnection.java DEBUG [Forwarding findElement on session 4fe2ff03-82a1-450f-b081-0a23f24406f6 to remote] http.headers 125 - http-outgoing-37 << Content-Type: application/json; charset=utf-8
02-16-2018 14:17:23 LoggingManagedHttpClientConnection.java DEBUG [Forwarding findElement on session 4fe2ff03-82a1-450f-b081-0a23f24406f6 to remote] http.headers 125 - http-outgoing-37 << Cache-Control: no-cache
02-16-2018 14:17:23 LoggingManagedHttpClientConnection.java DEBUG [Forwarding findElement on session 4fe2ff03-82a1-450f-b081-0a23f24406f6 to remote] http.headers 125 - http-outgoing-37 << Content-Length: 88
02-16-2018 14:17:23 LoggingManagedHttpClientConnection.java DEBUG [Forwarding findElement on session 4fe2ff03-82a1-450f-b081-0a23f24406f6 to remote] http.headers 125 - http-outgoing-37 << Date: Fri, 16 Feb 2018 20:17:23 GMT
02-16-2018 14:17:23 LoggingManagedHttpClientConnection.java DEBUG [Forwarding findElement on session 4fe2ff03-82a1-450f-b081-0a23f24406f6 to remote] conn.DefaultManagedHttpClientConnection 79 - http-outgoing-37: Close connection
02-16-2018 14:17:23 ConnectionHolder.java DEBUG [Forwarding findElement on session 4fe2ff03-82a1-450f-b081-0a23f24406f6 to remote] execchain.MainClientExec 104 - Connection discarded
02-16-2018 14:17:23 PoolingHttpClientConnectionManager.java DEBUG [Forwarding findElement on session 4fe2ff03-82a1-450f-b081-0a23f24406f6 to remote] conn.PoolingHttpClientConnectionManager 326 - Connection released: [id: 37][route: {}->http://localhost:15193][total kept alive: 0; route allocated: 0 of 2000; total allocated: 0 of 2000]
02-16-2018 14:17:23 RequestAddCookies.java DEBUG [Forwarding isElementSelected on session 4fe2ff03-82a1-450f-b081-0a23f24406f6 to remote] protocol.RequestAddCookies 123 - CookieSpec selected: default
02-16-2018 14:17:23 RequestAuthCache.java DEBUG [Forwarding isElementSelected on session 4fe2ff03-82a1-450f-b081-0a23f24406f6 to remote] protocol.RequestAuthCache 77 - Auth cache not set in the context
02-16-2018 14:17:23 PoolingHttpClientConnectionManager.java DEBUG [Forwarding isElementSelected on session 4fe2ff03-82a1-450f-b081-0a23f24406f6 to remote] conn.PoolingHttpClientConnectionManager 255 - Connection request: [route: {}->http://localhost:15193][total kept alive: 0; route allocated: 0 of 2000; total allocated: 0 of 2000]
02-16-2018 14:17:23 PoolingHttpClientConnectionManager.java DEBUG [Forwarding isElementSelected on session 4fe2ff03-82a1-450f-b081-0a23f24406f6 to remote] conn.PoolingHttpClientConnectionManager 288 - Connection leased: [id: 38][route: {}->http://localhost:15193][total kept alive: 0; route allocated: 1 of 2000; total allocated: 1 of 2000]
02-16-2018 14:17:23 MainClientExec.java DEBUG [Forwarding isElementSelected on session 4fe2ff03-82a1-450f-b081-0a23f24406f6 to remote] execchain.MainClientExec 235 - Opening connection {}->http://localhost:15193
02-16-2018 14:17:23 DefaultHttpClientConnectionOperator.java DEBUG [Forwarding isElementSelected on session 4fe2ff03-82a1-450f-b081-0a23f24406f6 to remote] conn.DefaultHttpClientConnectionOperator 139 - Connecting to localhost/127.0.0.1:15193
02-16-2018 14:17:23 DefaultHttpClientConnectionOperator.java DEBUG [Forwarding isElementSelected on session 4fe2ff03-82a1-450f-b081-0a23f24406f6 to remote] conn.DefaultHttpClientConnectionOperator 146 - Connection established 127.0.0.1:56565<->127.0.0.1:15193
02-16-2018 14:17:23 LoggingManagedHttpClientConnection.java DEBUG [Forwarding isElementSelected on session 4fe2ff03-82a1-450f-b081-0a23f24406f6 to remote] conn.DefaultManagedHttpClientConnection 88 - http-outgoing-38: set socket timeout to 10800000
02-16-2018 14:17:23 MainClientExec.java DEBUG [Forwarding isElementSelected on session 4fe2ff03-82a1-450f-b081-0a23f24406f6 to remote] execchain.MainClientExec 256 - Executing request GET /session/4fe2ff03-82a1-450f-b081-0a23f24406f6/element/76e564c3-7fff-4ad6-b1fd-432aaf5f2757/selected HTTP/1.1
02-16-2018 14:17:23 MainClientExec.java DEBUG [Forwarding isElementSelected on session 4fe2ff03-82a1-450f-b081-0a23f24406f6 to remote] execchain.MainClientExec 261 - Target auth state: UNCHALLENGED
02-16-2018 14:17:23 MainClientExec.java DEBUG [Forwarding isElementSelected on session 4fe2ff03-82a1-450f-b081-0a23f24406f6 to remote] execchain.MainClientExec 267 - Proxy auth state: UNCHALLENGED
02-16-2018 14:17:23 LoggingManagedHttpClientConnection.java DEBUG [Forwarding isElementSelected on session 4fe2ff03-82a1-450f-b081-0a23f24406f6 to remote] http.headers 133 - http-outgoing-38 >> GET /session/4fe2ff03-82a1-450f-b081-0a23f24406f6/element/76e564c3-7fff-4ad6-b1fd-432aaf5f2757/selected HTTP/1.1
02-16-2018 14:17:23 LoggingManagedHttpClientConnection.java DEBUG [Forwarding isElementSelected on session 4fe2ff03-82a1-450f-b081-0a23f24406f6 to remote] http.headers 136 - http-outgoing-38 >> Cache-Control: no-cache
02-16-2018 14:17:23 LoggingManagedHttpClientConnection.java DEBUG [Forwarding isElementSelected on session 4fe2ff03-82a1-450f-b081-0a23f24406f6 to remote] http.headers 136 - http-outgoing-38 >> Host: localhost:15193
02-16-2018 14:17:23 LoggingManagedHttpClientConnection.java DEBUG [Forwarding isElementSelected on session 4fe2ff03-82a1-450f-b081-0a23f24406f6 to remote] http.headers 136 - http-outgoing-38 >> Connection: Keep-Alive
02-16-2018 14:17:23 LoggingManagedHttpClientConnection.java DEBUG [Forwarding isElementSelected on session 4fe2ff03-82a1-450f-b081-0a23f24406f6 to remote] http.headers 136 - http-outgoing-38 >> User-Agent: Apache-HttpClient/4.5.3 (Java/1.8.0_151)
02-16-2018 14:17:23 LoggingManagedHttpClientConnection.java DEBUG [Forwarding isElementSelected on session 4fe2ff03-82a1-450f-b081-0a23f24406f6 to remote] http.headers 136 - http-outgoing-38 >> Accept-Encoding: gzip,deflate
02-16-2018 14:17:23 Wire.java DEBUG [Forwarding isElementSelected on session 4fe2ff03-82a1-450f-b081-0a23f24406f6 to remote] http.wire 73 - http-outgoing-38 >> "GET /session/4fe2ff03-82a1-450f-b081-0a23f24406f6/element/76e564c3-7fff-4ad6-b1fd-432aaf5f2757/selected HTTP/1.1[\r][\n]"
02-16-2018 14:17:23 Wire.java DEBUG [Forwarding isElementSelected on session 4fe2ff03-82a1-450f-b081-0a23f24406f6 to remote] http.wire 73 - http-outgoing-38 >> "Cache-Control: no-cache[\r][\n]"
02-16-2018 14:17:23 Wire.java DEBUG [Forwarding isElementSelected on session 4fe2ff03-82a1-450f-b081-0a23f24406f6 to remote] http.wire 73 - http-outgoing-38 >> "Host: localhost:15193[\r][\n]"
02-16-2018 14:17:23 Wire.java DEBUG [Forwarding isElementSelected on session 4fe2ff03-82a1-450f-b081-0a23f24406f6 to remote] http.wire 73 - http-outgoing-38 >> "Connection: Keep-Alive[\r][\n]"
02-16-2018 14:17:23 Wire.java DEBUG [Forwarding isElementSelected on session 4fe2ff03-82a1-450f-b081-0a23f24406f6 to remote] http.wire 73 - http-outgoing-38 >> "User-Agent: Apache-HttpClient/4.5.3 (Java/1.8.0_151)[\r][\n]"
02-16-2018 14:17:23 Wire.java DEBUG [Forwarding isElementSelected on session 4fe2ff03-82a1-450f-b081-0a23f24406f6 to remote] http.wire 73 - http-outgoing-38 >> "Accept-Encoding: gzip,deflate[\r][\n]"
02-16-2018 14:17:23 Wire.java DEBUG [Forwarding isElementSelected on session 4fe2ff03-82a1-450f-b081-0a23f24406f6 to remote] http.wire 73 - http-outgoing-38 >> "[\r][\n]"
02-16-2018 14:17:23 Wire.java DEBUG [Forwarding isElementSelected on session 4fe2ff03-82a1-450f-b081-0a23f24406f6 to remote] http.wire 73 - http-outgoing-38 << "HTTP/1.1 200 OK[\r][\n]"
02-16-2018 14:17:23 Wire.java DEBUG [Forwarding isElementSelected on session 4fe2ff03-82a1-450f-b081-0a23f24406f6 to remote] http.wire 73 - http-outgoing-38 << "Connection: close[\r][\n]"
02-16-2018 14:17:23 Wire.java DEBUG [Forwarding isElementSelected on session 4fe2ff03-82a1-450f-b081-0a23f24406f6 to remote] http.wire 73 - http-outgoing-38 << "Content-Type: application/json; charset=utf-8[\r][\n]"
02-16-2018 14:17:23 Wire.java DEBUG [Forwarding isElementSelected on session 4fe2ff03-82a1-450f-b081-0a23f24406f6 to remote] http.wire 73 - http-outgoing-38 << "Cache-Control: no-cache[\r][\n]"
02-16-2018 14:17:23 Wire.java DEBUG [Forwarding isElementSelected on session 4fe2ff03-82a1-450f-b081-0a23f24406f6 to remote] http.wire 73 - http-outgoing-38 << "Content-Length: 15[\r][\n]"
02-16-2018 14:17:23 Wire.java DEBUG [Forwarding isElementSelected on session 4fe2ff03-82a1-450f-b081-0a23f24406f6 to remote] http.wire 73 - http-outgoing-38 << "Date: Fri, 16 Feb 2018 20:17:23 GMT[\r][\n]"
02-16-2018 14:17:23 Wire.java DEBUG [Forwarding isElementSelected on session 4fe2ff03-82a1-450f-b081-0a23f24406f6 to remote] http.wire 73 - http-outgoing-38 << "[\r][\n]"
02-16-2018 14:17:23 Wire.java DEBUG [Forwarding isElementSelected on session 4fe2ff03-82a1-450f-b081-0a23f24406f6 to remote] http.wire 87 - http-outgoing-38 << "{"value":false}"
02-16-2018 14:17:23 LoggingManagedHttpClientConnection.java DEBUG [Forwarding isElementSelected on session 4fe2ff03-82a1-450f-b081-0a23f24406f6 to remote] http.headers 122 - http-outgoing-38 << HTTP/1.1 200 OK
02-16-2018 14:17:23 LoggingManagedHttpClientConnection.java DEBUG [Forwarding isElementSelected on session 4fe2ff03-82a1-450f-b081-0a23f24406f6 to remote] http.headers 125 - http-outgoing-38 << Connection: close
02-16-2018 14:17:23 LoggingManagedHttpClientConnection.java DEBUG [Forwarding isElementSelected on session 4fe2ff03-82a1-450f-b081-0a23f24406f6 to remote] http.headers 125 - http-outgoing-38 << Content-Type: application/json; charset=utf-8
02-16-2018 14:17:23 LoggingManagedHttpClientConnection.java DEBUG [Forwarding isElementSelected on session 4fe2ff03-82a1-450f-b081-0a23f24406f6 to remote] http.headers 125 - http-outgoing-38 << Cache-Control: no-cache
02-16-2018 14:17:23 LoggingManagedHttpClientConnection.java DEBUG [Forwarding isElementSelected on session 4fe2ff03-82a1-450f-b081-0a23f24406f6 to remote] http.headers 125 - http-outgoing-38 << Content-Length: 15
02-16-2018 14:17:23 LoggingManagedHttpClientConnection.java DEBUG [Forwarding isElementSelected on session 4fe2ff03-82a1-450f-b081-0a23f24406f6 to remote] http.headers 125 - http-outgoing-38 << Date: Fri, 16 Feb 2018 20:17:23 GMT
02-16-2018 14:17:23 LoggingManagedHttpClientConnection.java DEBUG [Forwarding isElementSelected on session 4fe2ff03-82a1-450f-b081-0a23f24406f6 to remote] conn.DefaultManagedHttpClientConnection 79 - http-outgoing-38: Close connection
02-16-2018 14:17:23 ConnectionHolder.java DEBUG [Forwarding isElementSelected on session 4fe2ff03-82a1-450f-b081-0a23f24406f6 to remote] execchain.MainClientExec 104 - Connection discarded
02-16-2018 14:17:23 PoolingHttpClientConnectionManager.java DEBUG [Forwarding isElementSelected on session 4fe2ff03-82a1-450f-b081-0a23f24406f6 to remote] conn.PoolingHttpClientConnectionManager 326 - Connection released: [id: 38][route: {}->http://localhost:15193][total kept alive: 0; route allocated: 0 of 2000; total allocated: 0 of 2000]
]]></system-out>
    <system-err><![CDATA[1518812230216	Marionette	INFO	New connections will no longer be accepted
[Parent 10236] WARNING: pipe error: 109: file z:/build/build/src/ipc/chromium/src/chrome/common/ipc_channel_win.cc, line 346
1518812230499	geckodriver	INFO	geckodriver 0.19.1
1518812230508	geckodriver	INFO	Listening on 127.0.0.1:15193
1518812231046	mozrunner::runner	INFO	Running command: "C:\\Program Files\\Mozilla Firefox\\firefox.exe" "-marionette" "-profile" "C:\\Users\\venka\\AppData\\Local\\Temp\\rust_mozprofile.HOTzZHN0qyug"
1518812231254	addons.xpi	WARN	Error parsing extensions state: [Exception... "Component returned failure code: 0x80520012 (NS_ERROR_FILE_NOT_FOUND) [amIAddonManagerStartup.readStartupData]"  nsresult: "0x80520012 (NS_ERROR_FILE_NOT_FOUND)"  location: "JS frame :: resource://gre/modules/addons/XPIProvider.jsm :: loadExtensionState :: line 1554"  data: no] Stack trace: loadExtensionState()@resource://gre/modules/addons/XPIProvider.jsm:1554 < getInstallState()@resource://gre/modules/addons/XPIProvider.jsm:1589 < checkForChanges()@resource://gre/modules/addons/XPIProvider.jsm:3109 < startup()@resource://gre/modules/addons/XPIProvider.jsm:2188 < callProvider()@resource://gre/modules/AddonManager.jsm:269 < _startProvider()@resource://gre/modules/AddonManager.jsm:739 < startup()@resource://gre/modules/AddonManager.jsm:906 < startup()@resource://gre/modules/AddonManager.jsm:3090 < observe()@jar:file:///C:/Program%20Files/Mozilla%20Firefox/omni.ja!/components/addonManager.js:65
Unable to read VR Path Registry from C:\Users\venka\AppData\Local\openvr\openvrpaths.vrpath
1518812232786	Marionette	INFO	Enabled via --marionette
Unable to read VR Path Registry from C:\Users\venka\AppData\Local\openvr\openvrpaths.vrpath
Unable to read VR Path Registry from C:\Users\venka\AppData\Local\openvr\openvrpaths.vrpath
Unable to read VR Path Registry from C:\Users\venka\AppData\Local\openvr\openvrpaths.vrpath
Unable to read VR Path Registry from C:\Users\venka\AppData\Local\openvr\openvrpaths.vrpath
[Parent 15112] WARNING: pipe error: 109: file z:/build/build/src/ipc/chromium/src/chrome/common/ipc_channel_win.cc, line 346
[Child 32592] WARNING: pipe error: 109: file z:/build/build/src/ipc/chromium/src/chrome/common/ipc_channel_win.cc, line 346
[Child 32592] WARNING: pipe error: 109: file z:/build1518812235961	Marionette	INFO	Listening on port 56517
1518812236262	Marionette	WARN	TLS certificate errors will be ignored for this session
1518812236301	Marionette	DEBUG	Register listener.js for window 6442450945
Feb 16, 2018 2:17:16 PM org.openqa.selenium.remote.ProtocolHandshake createSession
INFO: Detected dialect: W3C
1518812236401	Marionette	DEBUG	Received DOM event "beforeunload" for "about:blank"
1518812237043	Marionette	DEBUG	Received DOM event "pagehide" for "about:blank"
1518812237043	Marionette	DEBUG	Received DOM event "unload" for "about:blank"
JavaScript warning: http://jusdone.atomic77.in/js/main.js, line 28: Using //@ to indicate sourceURL pragmas is deprecated. Use //# instead
1518812237874	Marionette	DEBUG	Received DOM event "DOMContentLoaded" for "http://jusdone.atomic77.in/"
1518812238317	Marionette	DEBUG	Received DOM event "pageshow" for "http://jusdone.atomic77.in/"
1518812241415	Marionette	DEBUG	Received DOM event "beforeunload" for "http://jusdone.atomic77.in/"
1518812241787	Marionette	DEBUG	Received DOM event "pagehide" for "http://jusdone.atomic77.in/"
1518812241787	Marionette	DEBUG	Received DOM event "unload" for "http://jusdone.atomic77.in/"
JavaScript warning: http://jusdone.atomic77.in/js/main.js, line 28: Using //@ to indicate sourceURL pragmas is deprecated. Use //# instead
1518812243728	Marionette	DEBUG	Received DOM event "DOMContentLoaded" for "http://jusdone.atomic77.in/login"
1518812243842	Marionette	DEBUG	Received DOM event "pageshow" for "http://jusdone.atomic77.in/login"
]]></system-err>
  </testcase>
  <testcase name="verifyLCreateAcctBtnTest" classname="com.JusDone.qa.TestCases.LoginPageTest" time="0.066"/>
  <testcase name="ValidLoginTest" classname="com.JusDone.qa.TestCases.LoginPageTest" time="9.159"/>
  <testcase name="InvalidLoginTest" classname="com.JusDone.qa.TestCases.LoginPageTest" time="2.04"/>
  <testcase name="BlankInputLoginTest" classname="com.JusDone.qa.TestCases.LoginPageTest" time="0.874"/>
  <testcase name="verifyHomePageTitleTest" classname="com.JusDone.qa.TestCases.HomePageTest" time="0.009"/>
  <testcase name="verifyJusDoneLogoTest" classname="com.JusDone.qa.TestCases.HomePageTest" time="0.064"/>
  <testcase name="verifySignUpLogoTest" classname="com.JusDone.qa.TestCases.HomePageTest" time="0.078"/>
  <testcase name="verifyLoginLogoTest" classname="com.JusDone.qa.TestCases.HomePageTest" time="0.07"/>
  <testcase name="verifyContactUsLogoTest" classname="com.JusDone.qa.TestCases.HomePageTest" time="0.062"/>
  <testcase name="verifyAboutUsLogoTest" classname="com.JusDone.qa.TestCases.HomePageTest" time="0.063"/>
  <testcase name="ClickOnSignupLogoTest" classname="com.JusDone.qa.TestCases.HomePageTest" time="2.584"/>
  <testcase name="ClickLoginBtnTest" classname="com.JusDone.qa.TestCases.HomePageTest" time="5.548"/>
  <testcase name="verifyRegisterNameTest" classname="com.JusDone.qa.TestCases.RegisterPageTest" time="0.169"/>
  <testcase name="verifyExistingUserBtnTest" classname="com.JusDone.qa.TestCases.RegisterPageTest" time="0.053"/>
  <testcase name="VerifyValidAcctNameMsgTest" classname="com.JusDone.qa.TestCases.RegisterPageTest" time="23.134">
    <failure message="Unable to locate element: /html/body/div/div[1]/div/nav/div/p[1]&#10;For documentation on this error, please visit: http://seleniumhq.org/exceptions/no_such_element.html&#10;Build info: version: &apos;3.7.1&apos;, revision: &apos;8a0099a&apos;, time: &apos;2017-11-06T21:01:39.354Z&apos;&#10;System info: host: &apos;NALLANS-NEWPC&apos;, ip: &apos;192.168.186.1&apos;, os.name: &apos;Windows 10&apos;, os.arch: &apos;amd64&apos;, os.version: &apos;10.0&apos;, java.version: &apos;1.8.0_151&apos;&#10;Driver info: org.openqa.selenium.firefox.FirefoxDriver&#10;Capabilities {acceptInsecureCerts: true, browserName: firefox, browserVersion: 56.0, javascriptEnabled: true, moz:accessibilityChecks: false, moz:headless: false, moz:processID: 31672, moz:profile: C:\Users\venka\AppData\Loca..., pageLoadStrategy: normal, platform: XP, platformName: XP, platformVersion: 10.0, rotatable: false, specificationLevel: 0, timeouts: {implicit: 0, pageLoad: 300000, script: 30000}}&#10;Session ID: 3ff07c7a-ab37-4634-826d-871e445d6fbd&#10;*** Element info: {Using=xpath, value=/html/body/div/div[1]/div/nav/div/p[1]}" type="org.openqa.selenium.NoSuchElementException">org.openqa.selenium.NoSuchElementException: 
Unable to locate element: /html/body/div/div[1]/div/nav/div/p[1]
For documentation on this error, please visit: http://seleniumhq.org/exceptions/no_such_element.html
Build info: version: '3.7.1', revision: '8a0099a', time: '2017-11-06T21:01:39.354Z'
System info: host: 'NALLANS-NEWPC', ip: '192.168.186.1', os.name: 'Windows 10', os.arch: 'amd64', os.version: '10.0', java.version: '1.8.0_151'
Driver info: org.openqa.selenium.firefox.FirefoxDriver
Capabilities {acceptInsecureCerts: true, browserName: firefox, browserVersion: 56.0, javascriptEnabled: true, moz:accessibilityChecks: false, moz:headless: false, moz:processID: 31672, moz:profile: C:\Users\venka\AppData\Loca..., pageLoadStrategy: normal, platform: XP, platformName: XP, platformVersion: 10.0, rotatable: false, specificationLevel: 0, timeouts: {implicit: 0, pageLoad: 300000, script: 30000}}
Session ID: 3ff07c7a-ab37-4634-826d-871e445d6fbd
*** Element info: {Using=xpath, value=/html/body/div/div[1]/div/nav/div/p[1]}
	at com.JusDone.qa.TestCases.RegisterPageTest.VerifyValidAcctNameMsgTest(RegisterPageTest.java:73)
</failure>
    <system-out><![CDATA[02-16-2018 14:21:09 RequestAddCookies.java DEBUG [Forwarding quit on session a2b0b519-fdfb-4757-89da-997c8eef83ac to remote] protocol.RequestAddCookies 123 - CookieSpec selected: default
02-16-2018 14:21:09 RequestAuthCache.java DEBUG [Forwarding quit on session a2b0b519-fdfb-4757-89da-997c8eef83ac to remote] protocol.RequestAuthCache 77 - Auth cache not set in the context
02-16-2018 14:21:09 PoolingHttpClientConnectionManager.java DEBUG [Forwarding quit on session a2b0b519-fdfb-4757-89da-997c8eef83ac to remote] conn.PoolingHttpClientConnectionManager 255 - Connection request: [route: {}->http://localhost:9690][total kept alive: 0; route allocated: 0 of 2000; total allocated: 0 of 2000]
02-16-2018 14:21:09 PoolingHttpClientConnectionManager.java DEBUG [Forwarding quit on session a2b0b519-fdfb-4757-89da-997c8eef83ac to remote] conn.PoolingHttpClientConnectionManager 288 - Connection leased: [id: 199][route: {}->http://localhost:9690][total kept alive: 0; route allocated: 1 of 2000; total allocated: 1 of 2000]
02-16-2018 14:21:09 MainClientExec.java DEBUG [Forwarding quit on session a2b0b519-fdfb-4757-89da-997c8eef83ac to remote] execchain.MainClientExec 235 - Opening connection {}->http://localhost:9690
02-16-2018 14:21:09 DefaultHttpClientConnectionOperator.java DEBUG [Forwarding quit on session a2b0b519-fdfb-4757-89da-997c8eef83ac to remote] conn.DefaultHttpClientConnectionOperator 139 - Connecting to localhost/127.0.0.1:9690
02-16-2018 14:21:09 DefaultHttpClientConnectionOperator.java DEBUG [Forwarding quit on session a2b0b519-fdfb-4757-89da-997c8eef83ac to remote] conn.DefaultHttpClientConnectionOperator 146 - Connection established 127.0.0.1:57345<->127.0.0.1:9690
02-16-2018 14:21:09 LoggingManagedHttpClientConnection.java DEBUG [Forwarding quit on session a2b0b519-fdfb-4757-89da-997c8eef83ac to remote] conn.DefaultManagedHttpClientConnection 88 - http-outgoing-199: set socket timeout to 10800000
02-16-2018 14:21:09 MainClientExec.java DEBUG [Forwarding quit on session a2b0b519-fdfb-4757-89da-997c8eef83ac to remote] execchain.MainClientExec 256 - Executing request DELETE /session/a2b0b519-fdfb-4757-89da-997c8eef83ac HTTP/1.1
02-16-2018 14:21:09 MainClientExec.java DEBUG [Forwarding quit on session a2b0b519-fdfb-4757-89da-997c8eef83ac to remote] execchain.MainClientExec 261 - Target auth state: UNCHALLENGED
02-16-2018 14:21:09 MainClientExec.java DEBUG [Forwarding quit on session a2b0b519-fdfb-4757-89da-997c8eef83ac to remote] execchain.MainClientExec 267 - Proxy auth state: UNCHALLENGED
02-16-2018 14:21:09 LoggingManagedHttpClientConnection.java DEBUG [Forwarding quit on session a2b0b519-fdfb-4757-89da-997c8eef83ac to remote] http.headers 133 - http-outgoing-199 >> DELETE /session/a2b0b519-fdfb-4757-89da-997c8eef83ac HTTP/1.1
02-16-2018 14:21:09 LoggingManagedHttpClientConnection.java DEBUG [Forwarding quit on session a2b0b519-fdfb-4757-89da-997c8eef83ac to remote] http.headers 136 - http-outgoing-199 >> Host: localhost:9690
02-16-2018 14:21:09 LoggingManagedHttpClientConnection.java DEBUG [Forwarding quit on session a2b0b519-fdfb-4757-89da-997c8eef83ac to remote] http.headers 136 - http-outgoing-199 >> Connection: Keep-Alive
02-16-2018 14:21:09 LoggingManagedHttpClientConnection.java DEBUG [Forwarding quit on session a2b0b519-fdfb-4757-89da-997c8eef83ac to remote] http.headers 136 - http-outgoing-199 >> User-Agent: Apache-HttpClient/4.5.3 (Java/1.8.0_151)
02-16-2018 14:21:09 LoggingManagedHttpClientConnection.java DEBUG [Forwarding quit on session a2b0b519-fdfb-4757-89da-997c8eef83ac to remote] http.headers 136 - http-outgoing-199 >> Accept-Encoding: gzip,deflate
02-16-2018 14:21:09 Wire.java DEBUG [Forwarding quit on session a2b0b519-fdfb-4757-89da-997c8eef83ac to remote] http.wire 73 - http-outgoing-199 >> "DELETE /session/a2b0b519-fdfb-4757-89da-997c8eef83ac HTTP/1.1[\r][\n]"
02-16-2018 14:21:09 Wire.java DEBUG [Forwarding quit on session a2b0b519-fdfb-4757-89da-997c8eef83ac to remote] http.wire 73 - http-outgoing-199 >> "Host: localhost:9690[\r][\n]"
02-16-2018 14:21:09 Wire.java DEBUG [Forwarding quit on session a2b0b519-fdfb-4757-89da-997c8eef83ac to remote] http.wire 73 - http-outgoing-199 >> "Connection: Keep-Alive[\r][\n]"
02-16-2018 14:21:09 Wire.java DEBUG [Forwarding quit on session a2b0b519-fdfb-4757-89da-997c8eef83ac to remote] http.wire 73 - http-outgoing-199 >> "User-Agent: Apache-HttpClient/4.5.3 (Java/1.8.0_151)[\r][\n]"
02-16-2018 14:21:09 Wire.java DEBUG [Forwarding quit on session a2b0b519-fdfb-4757-89da-997c8eef83ac to remote] http.wire 73 - http-outgoing-199 >> "Accept-Encoding: gzip,deflate[\r][\n]"
02-16-2018 14:21:09 Wire.java DEBUG [Forwarding quit on session a2b0b519-fdfb-4757-89da-997c8eef83ac to remote] http.wire 73 - http-outgoing-199 >> "[\r][\n]"
02-16-2018 14:21:09 Wire.java DEBUG [Forwarding quit on session a2b0b519-fdfb-4757-89da-997c8eef83ac to remote] http.wire 73 - http-outgoing-199 << "HTTP/1.1 200 OK[\r][\n]"
02-16-2018 14:21:09 Wire.java DEBUG [Forwarding quit on session a2b0b519-fdfb-4757-89da-997c8eef83ac to remote] http.wire 73 - http-outgoing-199 << "Connection: close[\r][\n]"
02-16-2018 14:21:09 Wire.java DEBUG [Forwarding quit on session a2b0b519-fdfb-4757-89da-997c8eef83ac to remote] http.wire 73 - http-outgoing-199 << "Content-Type: application/json; charset=utf-8[\r][\n]"
02-16-2018 14:21:09 Wire.java DEBUG [Forwarding quit on session a2b0b519-fdfb-4757-89da-997c8eef83ac to remote] http.wire 73 - http-outgoing-199 << "Cache-Control: no-cache[\r][\n]"
02-16-2018 14:21:09 Wire.java DEBUG [Forwarding quit on session a2b0b519-fdfb-4757-89da-997c8eef83ac to remote] http.wire 73 - http-outgoing-199 << "Content-Length: 13[\r][\n]"
02-16-2018 14:21:09 Wire.java DEBUG [Forwarding quit on session a2b0b519-fdfb-4757-89da-997c8eef83ac to remote] http.wire 73 - http-outgoing-199 << "Date: Fri, 16 Feb 2018 20:21:09 GMT[\r][\n]"
02-16-2018 14:21:09 Wire.java DEBUG [Forwarding quit on session a2b0b519-fdfb-4757-89da-997c8eef83ac to remote] http.wire 73 - http-outgoing-199 << "[\r][\n]"
02-16-2018 14:21:09 Wire.java DEBUG [Forwarding quit on session a2b0b519-fdfb-4757-89da-997c8eef83ac to remote] http.wire 87 - http-outgoing-199 << "{"value": {}}"
02-16-2018 14:21:09 LoggingManagedHttpClientConnection.java DEBUG [Forwarding quit on session a2b0b519-fdfb-4757-89da-997c8eef83ac to remote] http.headers 122 - http-outgoing-199 << HTTP/1.1 200 OK
02-16-2018 14:21:09 LoggingManagedHttpClientConnection.java DEBUG [Forwarding quit on session a2b0b519-fdfb-4757-89da-997c8eef83ac to remote] http.headers 125 - http-outgoing-199 << Connection: close
02-16-2018 14:21:09 LoggingManagedHttpClientConnection.java DEBUG [Forwarding quit on session a2b0b519-fdfb-4757-89da-997c8eef83ac to remote] http.headers 125 - http-outgoing-199 << Content-Type: application/json; charset=utf-8
02-16-2018 14:21:09 LoggingManagedHttpClientConnection.java DEBUG [Forwarding quit on session a2b0b519-fdfb-4757-89da-997c8eef83ac to remote] http.headers 125 - http-outgoing-199 << Cache-Control: no-cache
02-16-2018 14:21:09 LoggingManagedHttpClientConnection.java DEBUG [Forwarding quit on session a2b0b519-fdfb-4757-89da-997c8eef83ac to remote] http.headers 125 - http-outgoing-199 << Content-Length: 13
02-16-2018 14:21:09 LoggingManagedHttpClientConnection.java DEBUG [Forwarding quit on session a2b0b519-fdfb-4757-89da-997c8eef83ac to remote] http.headers 125 - http-outgoing-199 << Date: Fri, 16 Feb 2018 20:21:09 GMT
02-16-2018 14:21:09 LoggingManagedHttpClientConnection.java DEBUG [Forwarding quit on session a2b0b519-fdfb-4757-89da-997c8eef83ac to remote] conn.DefaultManagedHttpClientConnection 79 - http-outgoing-199: Close connection
02-16-2018 14:21:09 ConnectionHolder.java DEBUG [Forwarding quit on session a2b0b519-fdfb-4757-89da-997c8eef83ac to remote] execchain.MainClientExec 104 - Connection discarded
02-16-2018 14:21:09 PoolingHttpClientConnectionManager.java DEBUG [Forwarding quit on session a2b0b519-fdfb-4757-89da-997c8eef83ac to remote] conn.PoolingHttpClientConnectionManager 326 - Connection released: [id: 199][route: {}->http://localhost:9690][total kept alive: 0; route allocated: 0 of 2000; total allocated: 0 of 2000]
02-16-2018 14:21:09 PoolingHttpClientConnectionManager.java DEBUG [Forwarding quit on session a2b0b519-fdfb-4757-89da-997c8eef83ac to remote] conn.PoolingHttpClientConnectionManager 407 - Closing connections idle longer than 0 SECONDS
1--------4
sv7
siri@gmail.com
Test123
Test123
02-16-2018 14:21:10 RequestAddCookies.java DEBUG [Forwarding newSession on session null to remote] protocol.RequestAddCookies 123 - CookieSpec selected: default
02-16-2018 14:21:10 RequestAuthCache.java DEBUG [Forwarding newSession on session null to remote] protocol.RequestAuthCache 77 - Auth cache not set in the context
02-16-2018 14:21:10 PoolingHttpClientConnectionManager.java DEBUG [Forwarding newSession on session null to remote] conn.PoolingHttpClientConnectionManager 255 - Connection request: [route: {}->http://localhost:33573][total kept alive: 0; route allocated: 0 of 2000; total allocated: 0 of 2000]
02-16-2018 14:21:10 PoolingHttpClientConnectionManager.java DEBUG [Forwarding newSession on session null to remote] conn.PoolingHttpClientConnectionManager 288 - Connection leased: [id: 200][route: {}->http://localhost:33573][total kept alive: 0; route allocated: 1 of 2000; total allocated: 1 of 2000]
02-16-2018 14:21:10 MainClientExec.java DEBUG [Forwarding newSession on session null to remote] execchain.MainClientExec 235 - Opening connection {}->http://localhost:33573
02-16-2018 14:21:10 DefaultHttpClientConnectionOperator.java DEBUG [Forwarding newSession on session null to remote] conn.DefaultHttpClientConnectionOperator 139 - Connecting to localhost/127.0.0.1:33573
02-16-2018 14:21:10 DefaultHttpClientConnectionOperator.java DEBUG [Forwarding newSession on session null to remote] conn.DefaultHttpClientConnectionOperator 146 - Connection established 127.0.0.1:57347<->127.0.0.1:33573
02-16-2018 14:21:10 LoggingManagedHttpClientConnection.java DEBUG [Forwarding newSession on session null to remote] conn.DefaultManagedHttpClientConnection 88 - http-outgoing-200: set socket timeout to 10800000
02-16-2018 14:21:10 MainClientExec.java DEBUG [Forwarding newSession on session null to remote] execchain.MainClientExec 256 - Executing request POST /session HTTP/1.1
02-16-2018 14:21:10 MainClientExec.java DEBUG [Forwarding newSession on session null to remote] execchain.MainClientExec 261 - Target auth state: UNCHALLENGED
02-16-2018 14:21:10 MainClientExec.java DEBUG [Forwarding newSession on session null to remote] execchain.MainClientExec 267 - Proxy auth state: UNCHALLENGED
02-16-2018 14:21:10 LoggingManagedHttpClientConnection.java DEBUG [Forwarding newSession on session null to remote] http.headers 133 - http-outgoing-200 >> POST /session HTTP/1.1
02-16-2018 14:21:10 LoggingManagedHttpClientConnection.java DEBUG [Forwarding newSession on session null to remote] http.headers 136 - http-outgoing-200 >> Content-Type: application/json; charset=utf-8
02-16-2018 14:21:10 LoggingManagedHttpClientConnection.java DEBUG [Forwarding newSession on session null to remote] http.headers 136 - http-outgoing-200 >> Content-Length: 404
02-16-2018 14:21:10 LoggingManagedHttpClientConnection.java DEBUG [Forwarding newSession on session null to remote] http.headers 136 - http-outgoing-200 >> Host: localhost:33573
02-16-2018 14:21:10 LoggingManagedHttpClientConnection.java DEBUG [Forwarding newSession on session null to remote] http.headers 136 - http-outgoing-200 >> Connection: Keep-Alive
02-16-2018 14:21:10 LoggingManagedHttpClientConnection.java DEBUG [Forwarding newSession on session null to remote] http.headers 136 - http-outgoing-200 >> User-Agent: Apache-HttpClient/4.5.3 (Java/1.8.0_151)
02-16-2018 14:21:10 LoggingManagedHttpClientConnection.java DEBUG [Forwarding newSession on session null to remote] http.headers 136 - http-outgoing-200 >> Accept-Encoding: gzip,deflate
02-16-2018 14:21:10 Wire.java DEBUG [Forwarding newSession on session null to remote] http.wire 73 - http-outgoing-200 >> "POST /session HTTP/1.1[\r][\n]"
02-16-2018 14:21:10 Wire.java DEBUG [Forwarding newSession on session null to remote] http.wire 73 - http-outgoing-200 >> "Content-Type: application/json; charset=utf-8[\r][\n]"
02-16-2018 14:21:10 Wire.java DEBUG [Forwarding newSession on session null to remote] http.wire 73 - http-outgoing-200 >> "Content-Length: 404[\r][\n]"
02-16-2018 14:21:10 Wire.java DEBUG [Forwarding newSession on session null to remote] http.wire 73 - http-outgoing-200 >> "Host: localhost:33573[\r][\n]"
02-16-2018 14:21:10 Wire.java DEBUG [Forwarding newSession on session null to remote] http.wire 73 - http-outgoing-200 >> "Connection: Keep-Alive[\r][\n]"
02-16-2018 14:21:10 Wire.java DEBUG [Forwarding newSession on session null to remote] http.wire 73 - http-outgoing-200 >> "User-Agent: Apache-HttpClient/4.5.3 (Java/1.8.0_151)[\r][\n]"
02-16-2018 14:21:10 Wire.java DEBUG [Forwarding newSession on session null to remote] http.wire 73 - http-outgoing-200 >> "Accept-Encoding: gzip,deflate[\r][\n]"
02-16-2018 14:21:10 Wire.java DEBUG [Forwarding newSession on session null to remote] http.wire 73 - http-outgoing-200 >> "[\r][\n]"
02-16-2018 14:21:10 Wire.java DEBUG [Forwarding newSession on session null to remote] http.wire 73 - http-outgoing-200 >> "{[\n]"
02-16-2018 14:21:10 Wire.java DEBUG [Forwarding newSession on session null to remote] http.wire 73 - http-outgoing-200 >> "  "desiredCapabilities": {"acceptInsecureCerts":true,"browserName":"firefox","moz:firefoxOptions":{"args":[],"prefs":{}}},[\n]"
02-16-2018 14:21:10 Wire.java DEBUG [Forwarding newSession on session null to remote] http.wire 73 - http-outgoing-200 >> "  "capabilities": {[\n]"
02-16-2018 14:21:10 Wire.java DEBUG [Forwarding newSession on session null to remote] http.wire 73 - http-outgoing-200 >> "    "desiredCapabilities": {"acceptInsecureCerts":true,"browserName":"firefox","moz:firefoxOptions":{"args":[],"prefs":{}}},[\n]"
02-16-2018 14:21:10 Wire.java DEBUG [Forwarding newSession on session null to remote] http.wire 73 - http-outgoing-200 >> "    "firstMatch": [[\n]"
02-16-2018 14:21:10 Wire.java DEBUG [Forwarding newSession on session null to remote] http.wire 73 - http-outgoing-200 >> "      {"acceptInsecureCerts":true,"browserName":"firefox","moz:firefoxOptions":{"args":[],"prefs":{}}}[\n]"
02-16-2018 14:21:10 Wire.java DEBUG [Forwarding newSession on session null to remote] http.wire 73 - http-outgoing-200 >> "    ][\n]"
02-16-2018 14:21:10 Wire.java DEBUG [Forwarding newSession on session null to remote] http.wire 73 - http-outgoing-200 >> "  }[\n]"
02-16-2018 14:21:10 Wire.java DEBUG [Forwarding newSession on session null to remote] http.wire 87 - http-outgoing-200 >> "}"
02-16-2018 14:21:16 Wire.java DEBUG [Forwarding newSession on session null to remote] http.wire 73 - http-outgoing-200 << "HTTP/1.1 200 OK[\r][\n]"
02-16-2018 14:21:16 Wire.java DEBUG [Forwarding newSession on session null to remote] http.wire 73 - http-outgoing-200 << "Connection: close[\r][\n]"
02-16-2018 14:21:16 Wire.java DEBUG [Forwarding newSession on session null to remote] http.wire 73 - http-outgoing-200 << "Content-Type: application/json; charset=utf-8[\r][\n]"
02-16-2018 14:21:16 Wire.java DEBUG [Forwarding newSession on session null to remote] http.wire 73 - http-outgoing-200 << "Cache-Control: no-cache[\r][\n]"
02-16-2018 14:21:16 Wire.java DEBUG [Forwarding newSession on session null to remote] http.wire 73 - http-outgoing-200 << "Content-Length: 496[\r][\n]"
02-16-2018 14:21:16 Wire.java DEBUG [Forwarding newSession on session null to remote] http.wire 73 - http-outgoing-200 << "Date: Fri, 16 Feb 2018 20:21:16 GMT[\r][\n]"
02-16-2018 14:21:16 Wire.java DEBUG [Forwarding newSession on session null to remote] http.wire 73 - http-outgoing-200 << "[\r][\n]"
02-16-2018 14:21:16 Wire.java DEBUG [Forwarding newSession on session null to remote] http.wire 87 - http-outgoing-200 << "{"value": {"sessionId":"3ff07c7a-ab37-4634-826d-871e445d6fbd","capabilities":{"acceptInsecureCerts":true,"browserName":"firefox","browserVersion":"56.0","moz:accessibilityChecks":false,"moz:headless":false,"moz:processID":31672,"moz:profile":"C:\\Users\\venka\\AppData\\Local\\Temp\\rust_mozprofile.T2czAjeBTmEP","pageLoadStrategy":"normal","platformName":"windows_nt","platformVersion":"10.0","rotatable":false,"specificationLevel":0,"timeouts":{"implicit":0,"pageLoad":300000,"script":30000}}}}"
02-16-2018 14:21:16 LoggingManagedHttpClientConnection.java DEBUG [Forwarding newSession on session null to remote] http.headers 122 - http-outgoing-200 << HTTP/1.1 200 OK
02-16-2018 14:21:16 LoggingManagedHttpClientConnection.java DEBUG [Forwarding newSession on session null to remote] http.headers 125 - http-outgoing-200 << Connection: close
02-16-2018 14:21:16 LoggingManagedHttpClientConnection.java DEBUG [Forwarding newSession on session null to remote] http.headers 125 - http-outgoing-200 << Content-Type: application/json; charset=utf-8
02-16-2018 14:21:16 LoggingManagedHttpClientConnection.java DEBUG [Forwarding newSession on session null to remote] http.headers 125 - http-outgoing-200 << Cache-Control: no-cache
02-16-2018 14:21:16 LoggingManagedHttpClientConnection.java DEBUG [Forwarding newSession on session null to remote] http.headers 125 - http-outgoing-200 << Content-Length: 496
02-16-2018 14:21:16 LoggingManagedHttpClientConnection.java DEBUG [Forwarding newSession on session null to remote] http.headers 125 - http-outgoing-200 << Date: Fri, 16 Feb 2018 20:21:16 GMT
02-16-2018 14:21:16 LoggingManagedHttpClientConnection.java DEBUG [Forwarding newSession on session null to remote] conn.DefaultManagedHttpClientConnection 79 - http-outgoing-200: Close connection
02-16-2018 14:21:16 ConnectionHolder.java DEBUG [Forwarding newSession on session null to remote] execchain.MainClientExec 104 - Connection discarded
02-16-2018 14:21:16 PoolingHttpClientConnectionManager.java DEBUG [Forwarding newSession on session null to remote] conn.PoolingHttpClientConnectionManager 326 - Connection released: [id: 200][route: {}->http://localhost:33573][total kept alive: 0; route allocated: 0 of 2000; total allocated: 0 of 2000]
02-16-2018 14:21:16 RequestAddCookies.java DEBUG [Forwarding maximizeCurrentWindow on session 3ff07c7a-ab37-4634-826d-871e445d6fbd to remote] protocol.RequestAddCookies 123 - CookieSpec selected: default
02-16-2018 14:21:16 RequestAuthCache.java DEBUG [Forwarding maximizeCurrentWindow on session 3ff07c7a-ab37-4634-826d-871e445d6fbd to remote] protocol.RequestAuthCache 77 - Auth cache not set in the context
02-16-2018 14:21:16 PoolingHttpClientConnectionManager.java DEBUG [Forwarding maximizeCurrentWindow on session 3ff07c7a-ab37-4634-826d-871e445d6fbd to remote] conn.PoolingHttpClientConnectionManager 255 - Connection request: [route: {}->http://localhost:33573][total kept alive: 0; route allocated: 0 of 2000; total allocated: 0 of 2000]
02-16-2018 14:21:16 PoolingHttpClientConnectionManager.java DEBUG [Forwarding maximizeCurrentWindow on session 3ff07c7a-ab37-4634-826d-871e445d6fbd to remote] conn.PoolingHttpClientConnectionManager 288 - Connection leased: [id: 201][route: {}->http://localhost:33573][total kept alive: 0; route allocated: 1 of 2000; total allocated: 1 of 2000]
02-16-2018 14:21:16 MainClientExec.java DEBUG [Forwarding maximizeCurrentWindow on session 3ff07c7a-ab37-4634-826d-871e445d6fbd to remote] execchain.MainClientExec 235 - Opening connection {}->http://localhost:33573
02-16-2018 14:21:16 DefaultHttpClientConnectionOperator.java DEBUG [Forwarding maximizeCurrentWindow on session 3ff07c7a-ab37-4634-826d-871e445d6fbd to remote] conn.DefaultHttpClientConnectionOperator 139 - Connecting to localhost/127.0.0.1:33573
02-16-2018 14:21:16 DefaultHttpClientConnectionOperator.java DEBUG [Forwarding maximizeCurrentWindow on session 3ff07c7a-ab37-4634-826d-871e445d6fbd to remote] conn.DefaultHttpClientConnectionOperator 146 - Connection established 127.0.0.1:57369<->127.0.0.1:33573
02-16-2018 14:21:16 LoggingManagedHttpClientConnection.java DEBUG [Forwarding maximizeCurrentWindow on session 3ff07c7a-ab37-4634-826d-871e445d6fbd to remote] conn.DefaultManagedHttpClientConnection 88 - http-outgoing-201: set socket timeout to 10800000
02-16-2018 14:21:16 MainClientExec.java DEBUG [Forwarding maximizeCurrentWindow on session 3ff07c7a-ab37-4634-826d-871e445d6fbd to remote] execchain.MainClientExec 256 - Executing request POST /session/3ff07c7a-ab37-4634-826d-871e445d6fbd/window/maximize HTTP/1.1
02-16-2018 14:21:16 MainClientExec.java DEBUG [Forwarding maximizeCurrentWindow on session 3ff07c7a-ab37-4634-826d-871e445d6fbd to remote] execchain.MainClientExec 261 - Target auth state: UNCHALLENGED
02-16-2018 14:21:16 MainClientExec.java DEBUG [Forwarding maximizeCurrentWindow on session 3ff07c7a-ab37-4634-826d-871e445d6fbd to remote] execchain.MainClientExec 267 - Proxy auth state: UNCHALLENGED
02-16-2018 14:21:16 LoggingManagedHttpClientConnection.java DEBUG [Forwarding maximizeCurrentWindow on session 3ff07c7a-ab37-4634-826d-871e445d6fbd to remote] http.headers 133 - http-outgoing-201 >> POST /session/3ff07c7a-ab37-4634-826d-871e445d6fbd/window/maximize HTTP/1.1
02-16-2018 14:21:16 LoggingManagedHttpClientConnection.java DEBUG [Forwarding maximizeCurrentWindow on session 3ff07c7a-ab37-4634-826d-871e445d6fbd to remote] http.headers 136 - http-outgoing-201 >> Content-Type: application/json; charset=utf-8
02-16-2018 14:21:16 LoggingManagedHttpClientConnection.java DEBUG [Forwarding maximizeCurrentWindow on session 3ff07c7a-ab37-4634-826d-871e445d6fbd to remote] http.headers 136 - http-outgoing-201 >> Content-Length: 2
02-16-2018 14:21:16 LoggingManagedHttpClientConnection.java DEBUG [Forwarding maximizeCurrentWindow on session 3ff07c7a-ab37-4634-826d-871e445d6fbd to remote] http.headers 136 - http-outgoing-201 >> Host: localhost:33573
02-16-2018 14:21:16 LoggingManagedHttpClientConnection.java DEBUG [Forwarding maximizeCurrentWindow on session 3ff07c7a-ab37-4634-826d-871e445d6fbd to remote] http.headers 136 - http-outgoing-201 >> Connection: Keep-Alive
02-16-2018 14:21:16 LoggingManagedHttpClientConnection.java DEBUG [Forwarding maximizeCurrentWindow on session 3ff07c7a-ab37-4634-826d-871e445d6fbd to remote] http.headers 136 - http-outgoing-201 >> User-Agent: Apache-HttpClient/4.5.3 (Java/1.8.0_151)
02-16-2018 14:21:16 LoggingManagedHttpClientConnection.java DEBUG [Forwarding maximizeCurrentWindow on session 3ff07c7a-ab37-4634-826d-871e445d6fbd to remote] http.headers 136 - http-outgoing-201 >> Accept-Encoding: gzip,deflate
02-16-2018 14:21:16 Wire.java DEBUG [Forwarding maximizeCurrentWindow on session 3ff07c7a-ab37-4634-826d-871e445d6fbd to remote] http.wire 73 - http-outgoing-201 >> "POST /session/3ff07c7a-ab37-4634-826d-871e445d6fbd/window/maximize HTTP/1.1[\r][\n]"
02-16-2018 14:21:16 Wire.java DEBUG [Forwarding maximizeCurrentWindow on session 3ff07c7a-ab37-4634-826d-871e445d6fbd to remote] http.wire 73 - http-outgoing-201 >> "Content-Type: application/json; charset=utf-8[\r][\n]"
02-16-2018 14:21:16 Wire.java DEBUG [Forwarding maximizeCurrentWindow on session 3ff07c7a-ab37-4634-826d-871e445d6fbd to remote] http.wire 73 - http-outgoing-201 >> "Content-Length: 2[\r][\n]"
02-16-2018 14:21:16 Wire.java DEBUG [Forwarding maximizeCurrentWindow on session 3ff07c7a-ab37-4634-826d-871e445d6fbd to remote] http.wire 73 - http-outgoing-201 >> "Host: localhost:33573[\r][\n]"
02-16-2018 14:21:16 Wire.java DEBUG [Forwarding maximizeCurrentWindow on session 3ff07c7a-ab37-4634-826d-871e445d6fbd to remote] http.wire 73 - http-outgoing-201 >> "Connection: Keep-Alive[\r][\n]"
02-16-2018 14:21:16 Wire.java DEBUG [Forwarding maximizeCurrentWindow on session 3ff07c7a-ab37-4634-826d-871e445d6fbd to remote] http.wire 73 - http-outgoing-201 >> "User-Agent: Apache-HttpClient/4.5.3 (Java/1.8.0_151)[\r][\n]"
02-16-2018 14:21:16 Wire.java DEBUG [Forwarding maximizeCurrentWindow on session 3ff07c7a-ab37-4634-826d-871e445d6fbd to remote] http.wire 73 - http-outgoing-201 >> "Accept-Encoding: gzip,deflate[\r][\n]"
02-16-2018 14:21:16 Wire.java DEBUG [Forwarding maximizeCurrentWindow on session 3ff07c7a-ab37-4634-826d-871e445d6fbd to remote] http.wire 73 - http-outgoing-201 >> "[\r][\n]"
02-16-2018 14:21:16 Wire.java DEBUG [Forwarding maximizeCurrentWindow on session 3ff07c7a-ab37-4634-826d-871e445d6fbd to remote] http.wire 87 - http-outgoing-201 >> "{}"
02-16-2018 14:21:16 Wire.java DEBUG [Forwarding maximizeCurrentWindow on session 3ff07c7a-ab37-4634-826d-871e445d6fbd to remote] http.wire 73 - http-outgoing-201 << "HTTP/1.1 200 OK[\r][\n]"
02-16-2018 14:21:16 Wire.java DEBUG [Forwarding maximizeCurrentWindow on session 3ff07c7a-ab37-4634-826d-871e445d6fbd to remote] http.wire 73 - http-outgoing-201 << "Connection: close[\r][\n]"
02-16-2018 14:21:16 Wire.java DEBUG [Forwarding maximizeCurrentWindow on session 3ff07c7a-ab37-4634-826d-871e445d6fbd to remote] http.wire 73 - http-outgoing-201 << "Content-Type: application/json; charset=utf-8[\r][\n]"
02-16-2018 14:21:16 Wire.java DEBUG [Forwarding maximizeCurrentWindow on session 3ff07c7a-ab37-4634-826d-871e445d6fbd to remote] http.wire 73 - http-outgoing-201 << "Cache-Control: no-cache[\r][\n]"
02-16-2018 14:21:16 Wire.java DEBUG [Forwarding maximizeCurrentWindow on session 3ff07c7a-ab37-4634-826d-871e445d6fbd to remote] http.wire 73 - http-outgoing-201 << "Content-Length: 52[\r][\n]"
02-16-2018 14:21:16 Wire.java DEBUG [Forwarding maximizeCurrentWindow on session 3ff07c7a-ab37-4634-826d-871e445d6fbd to remote] http.wire 73 - http-outgoing-201 << "Date: Fri, 16 Feb 2018 20:21:16 GMT[\r][\n]"
02-16-2018 14:21:16 Wire.java DEBUG [Forwarding maximizeCurrentWindow on session 3ff07c7a-ab37-4634-826d-871e445d6fbd to remote] http.wire 73 - http-outgoing-201 << "[\r][\n]"
02-16-2018 14:21:16 Wire.java DEBUG [Forwarding maximizeCurrentWindow on session 3ff07c7a-ab37-4634-826d-871e445d6fbd to remote] http.wire 87 - http-outgoing-201 << "{"value": {"height":838,"width":1550,"x":-7,"y":-7}}"
02-16-2018 14:21:16 LoggingManagedHttpClientConnection.java DEBUG [Forwarding maximizeCurrentWindow on session 3ff07c7a-ab37-4634-826d-871e445d6fbd to remote] http.headers 122 - http-outgoing-201 << HTTP/1.1 200 OK
02-16-2018 14:21:16 LoggingManagedHttpClientConnection.java DEBUG [Forwarding maximizeCurrentWindow on session 3ff07c7a-ab37-4634-826d-871e445d6fbd to remote] http.headers 125 - http-outgoing-201 << Connection: close
02-16-2018 14:21:16 LoggingManagedHttpClientConnection.java DEBUG [Forwarding maximizeCurrentWindow on session 3ff07c7a-ab37-4634-826d-871e445d6fbd to remote] http.headers 125 - http-outgoing-201 << Content-Type: application/json; charset=utf-8
02-16-2018 14:21:16 LoggingManagedHttpClientConnection.java DEBUG [Forwarding maximizeCurrentWindow on session 3ff07c7a-ab37-4634-826d-871e445d6fbd to remote] http.headers 125 - http-outgoing-201 << Cache-Control: no-cache
02-16-2018 14:21:16 LoggingManagedHttpClientConnection.java DEBUG [Forwarding maximizeCurrentWindow on session 3ff07c7a-ab37-4634-826d-871e445d6fbd to remote] http.headers 125 - http-outgoing-201 << Content-Length: 52
02-16-2018 14:21:16 LoggingManagedHttpClientConnection.java DEBUG [Forwarding maximizeCurrentWindow on session 3ff07c7a-ab37-4634-826d-871e445d6fbd to remote] http.headers 125 - http-outgoing-201 << Date: Fri, 16 Feb 2018 20:21:16 GMT
02-16-2018 14:21:16 LoggingManagedHttpClientConnection.java DEBUG [Forwarding maximizeCurrentWindow on session 3ff07c7a-ab37-4634-826d-871e445d6fbd to remote] conn.DefaultManagedHttpClientConnection 79 - http-outgoing-201: Close connection
02-16-2018 14:21:16 ConnectionHolder.java DEBUG [Forwarding maximizeCurrentWindow on session 3ff07c7a-ab37-4634-826d-871e445d6fbd to remote] execchain.MainClientExec 104 - Connection discarded
02-16-2018 14:21:16 PoolingHttpClientConnectionManager.java DEBUG [Forwarding maximizeCurrentWindow on session 3ff07c7a-ab37-4634-826d-871e445d6fbd to remote] conn.PoolingHttpClientConnectionManager 326 - Connection released: [id: 201][route: {}->http://localhost:33573][total kept alive: 0; route allocated: 0 of 2000; total allocated: 0 of 2000]
02-16-2018 14:21:16 RequestAddCookies.java DEBUG [Forwarding setTimeout on session 3ff07c7a-ab37-4634-826d-871e445d6fbd to remote] protocol.RequestAddCookies 123 - CookieSpec selected: default
02-16-2018 14:21:16 RequestAuthCache.java DEBUG [Forwarding setTimeout on session 3ff07c7a-ab37-4634-826d-871e445d6fbd to remote] protocol.RequestAuthCache 77 - Auth cache not set in the context
02-16-2018 14:21:16 PoolingHttpClientConnectionManager.java DEBUG [Forwarding setTimeout on session 3ff07c7a-ab37-4634-826d-871e445d6fbd to remote] conn.PoolingHttpClientConnectionManager 255 - Connection request: [route: {}->http://localhost:33573][total kept alive: 0; route allocated: 0 of 2000; total allocated: 0 of 2000]
02-16-2018 14:21:16 PoolingHttpClientConnectionManager.java DEBUG [Forwarding setTimeout on session 3ff07c7a-ab37-4634-826d-871e445d6fbd to remote] conn.PoolingHttpClientConnectionManager 288 - Connection leased: [id: 202][route: {}->http://localhost:33573][total kept alive: 0; route allocated: 1 of 2000; total allocated: 1 of 2000]
02-16-2018 14:21:16 MainClientExec.java DEBUG [Forwarding setTimeout on session 3ff07c7a-ab37-4634-826d-871e445d6fbd to remote] execchain.MainClientExec 235 - Opening connection {}->http://localhost:33573
02-16-2018 14:21:16 DefaultHttpClientConnectionOperator.java DEBUG [Forwarding setTimeout on session 3ff07c7a-ab37-4634-826d-871e445d6fbd to remote] conn.DefaultHttpClientConnectionOperator 139 - Connecting to localhost/127.0.0.1:33573
02-16-2018 14:21:16 DefaultHttpClientConnectionOperator.java DEBUG [Forwarding setTimeout on session 3ff07c7a-ab37-4634-826d-871e445d6fbd to remote] conn.DefaultHttpClientConnectionOperator 146 - Connection established 127.0.0.1:57370<->127.0.0.1:33573
02-16-2018 14:21:16 LoggingManagedHttpClientConnection.java DEBUG [Forwarding setTimeout on session 3ff07c7a-ab37-4634-826d-871e445d6fbd to remote] conn.DefaultManagedHttpClientConnection 88 - http-outgoing-202: set socket timeout to 10800000
02-16-2018 14:21:16 MainClientExec.java DEBUG [Forwarding setTimeout on session 3ff07c7a-ab37-4634-826d-871e445d6fbd to remote] execchain.MainClientExec 256 - Executing request POST /session/3ff07c7a-ab37-4634-826d-871e445d6fbd/timeouts HTTP/1.1
02-16-2018 14:21:16 MainClientExec.java DEBUG [Forwarding setTimeout on session 3ff07c7a-ab37-4634-826d-871e445d6fbd to remote] execchain.MainClientExec 261 - Target auth state: UNCHALLENGED
02-16-2018 14:21:16 MainClientExec.java DEBUG [Forwarding setTimeout on session 3ff07c7a-ab37-4634-826d-871e445d6fbd to remote] execchain.MainClientExec 267 - Proxy auth state: UNCHALLENGED
02-16-2018 14:21:16 LoggingManagedHttpClientConnection.java DEBUG [Forwarding setTimeout on session 3ff07c7a-ab37-4634-826d-871e445d6fbd to remote] http.headers 133 - http-outgoing-202 >> POST /session/3ff07c7a-ab37-4634-826d-871e445d6fbd/timeouts HTTP/1.1
02-16-2018 14:21:16 LoggingManagedHttpClientConnection.java DEBUG [Forwarding setTimeout on session 3ff07c7a-ab37-4634-826d-871e445d6fbd to remote] http.headers 136 - http-outgoing-202 >> Content-Type: application/json; charset=utf-8
02-16-2018 14:21:16 LoggingManagedHttpClientConnection.java DEBUG [Forwarding setTimeout on session 3ff07c7a-ab37-4634-826d-871e445d6fbd to remote] http.headers 136 - http-outgoing-202 >> Content-Length: 18
02-16-2018 14:21:16 LoggingManagedHttpClientConnection.java DEBUG [Forwarding setTimeout on session 3ff07c7a-ab37-4634-826d-871e445d6fbd to remote] http.headers 136 - http-outgoing-202 >> Host: localhost:33573
02-16-2018 14:21:16 LoggingManagedHttpClientConnection.java DEBUG [Forwarding setTimeout on session 3ff07c7a-ab37-4634-826d-871e445d6fbd to remote] http.headers 136 - http-outgoing-202 >> Connection: Keep-Alive
02-16-2018 14:21:16 LoggingManagedHttpClientConnection.java DEBUG [Forwarding setTimeout on session 3ff07c7a-ab37-4634-826d-871e445d6fbd to remote] http.headers 136 - http-outgoing-202 >> User-Agent: Apache-HttpClient/4.5.3 (Java/1.8.0_151)
02-16-2018 14:21:16 LoggingManagedHttpClientConnection.java DEBUG [Forwarding setTimeout on session 3ff07c7a-ab37-4634-826d-871e445d6fbd to remote] http.headers 136 - http-outgoing-202 >> Accept-Encoding: gzip,deflate
02-16-2018 14:21:16 Wire.java DEBUG [Forwarding setTimeout on session 3ff07c7a-ab37-4634-826d-871e445d6fbd to remote] http.wire 73 - http-outgoing-202 >> "POST /session/3ff07c7a-ab37-4634-826d-871e445d6fbd/timeouts HTTP/1.1[\r][\n]"
02-16-2018 14:21:16 Wire.java DEBUG [Forwarding setTimeout on session 3ff07c7a-ab37-4634-826d-871e445d6fbd to remote] http.wire 73 - http-outgoing-202 >> "Content-Type: application/json; charset=utf-8[\r][\n]"
02-16-2018 14:21:16 Wire.java DEBUG [Forwarding setTimeout on session 3ff07c7a-ab37-4634-826d-871e445d6fbd to remote] http.wire 73 - http-outgoing-202 >> "Content-Length: 18[\r][\n]"
02-16-2018 14:21:16 Wire.java DEBUG [Forwarding setTimeout on session 3ff07c7a-ab37-4634-826d-871e445d6fbd to remote] http.wire 73 - http-outgoing-202 >> "Host: localhost:33573[\r][\n]"
02-16-2018 14:21:16 Wire.java DEBUG [Forwarding setTimeout on session 3ff07c7a-ab37-4634-826d-871e445d6fbd to remote] http.wire 73 - http-outgoing-202 >> "Connection: Keep-Alive[\r][\n]"
02-16-2018 14:21:16 Wire.java DEBUG [Forwarding setTimeout on session 3ff07c7a-ab37-4634-826d-871e445d6fbd to remote] http.wire 73 - http-outgoing-202 >> "User-Agent: Apache-HttpClient/4.5.3 (Java/1.8.0_151)[\r][\n]"
02-16-2018 14:21:16 Wire.java DEBUG [Forwarding setTimeout on session 3ff07c7a-ab37-4634-826d-871e445d6fbd to remote] http.wire 73 - http-outgoing-202 >> "Accept-Encoding: gzip,deflate[\r][\n]"
02-16-2018 14:21:16 Wire.java DEBUG [Forwarding setTimeout on session 3ff07c7a-ab37-4634-826d-871e445d6fbd to remote] http.wire 73 - http-outgoing-202 >> "[\r][\n]"
02-16-2018 14:21:16 Wire.java DEBUG [Forwarding setTimeout on session 3ff07c7a-ab37-4634-826d-871e445d6fbd to remote] http.wire 87 - http-outgoing-202 >> "{"pageLoad":40000}"
02-16-2018 14:21:16 Wire.java DEBUG [Forwarding setTimeout on session 3ff07c7a-ab37-4634-826d-871e445d6fbd to remote] http.wire 73 - http-outgoing-202 << "HTTP/1.1 200 OK[\r][\n]"
02-16-2018 14:21:16 Wire.java DEBUG [Forwarding setTimeout on session 3ff07c7a-ab37-4634-826d-871e445d6fbd to remote] http.wire 73 - http-outgoing-202 << "Connection: close[\r][\n]"
02-16-2018 14:21:16 Wire.java DEBUG [Forwarding setTimeout on session 3ff07c7a-ab37-4634-826d-871e445d6fbd to remote] http.wire 73 - http-outgoing-202 << "Content-Type: application/json; charset=utf-8[\r][\n]"
02-16-2018 14:21:16 Wire.java DEBUG [Forwarding setTimeout on session 3ff07c7a-ab37-4634-826d-871e445d6fbd to remote] http.wire 73 - http-outgoing-202 << "Cache-Control: no-cache[\r][\n]"
02-16-2018 14:21:16 Wire.java DEBUG [Forwarding setTimeout on session 3ff07c7a-ab37-4634-826d-871e445d6fbd to remote] http.wire 73 - http-outgoing-202 << "Content-Length: 13[\r][\n]"
02-16-2018 14:21:16 Wire.java DEBUG [Forwarding setTimeout on session 3ff07c7a-ab37-4634-826d-871e445d6fbd to remote] http.wire 73 - http-outgoing-202 << "Date: Fri, 16 Feb 2018 20:21:16 GMT[\r][\n]"
02-16-2018 14:21:16 Wire.java DEBUG [Forwarding setTimeout on session 3ff07c7a-ab37-4634-826d-871e445d6fbd to remote] http.wire 73 - http-outgoing-202 << "[\r][\n]"
02-16-2018 14:21:16 Wire.java DEBUG [Forwarding setTimeout on session 3ff07c7a-ab37-4634-826d-871e445d6fbd to remote] http.wire 87 - http-outgoing-202 << "{"value": {}}"
02-16-2018 14:21:16 LoggingManagedHttpClientConnection.java DEBUG [Forwarding setTimeout on session 3ff07c7a-ab37-4634-826d-871e445d6fbd to remote] http.headers 122 - http-outgoing-202 << HTTP/1.1 200 OK
02-16-2018 14:21:16 LoggingManagedHttpClientConnection.java DEBUG [Forwarding setTimeout on session 3ff07c7a-ab37-4634-826d-871e445d6fbd to remote] http.headers 125 - http-outgoing-202 << Connection: close
02-16-2018 14:21:16 LoggingManagedHttpClientConnection.java DEBUG [Forwarding setTimeout on session 3ff07c7a-ab37-4634-826d-871e445d6fbd to remote] http.headers 125 - http-outgoing-202 << Content-Type: application/json; charset=utf-8
02-16-2018 14:21:16 LoggingManagedHttpClientConnection.java DEBUG [Forwarding setTimeout on session 3ff07c7a-ab37-4634-826d-871e445d6fbd to remote] http.headers 125 - http-outgoing-202 << Cache-Control: no-cache
02-16-2018 14:21:16 LoggingManagedHttpClientConnection.java DEBUG [Forwarding setTimeout on session 3ff07c7a-ab37-4634-826d-871e445d6fbd to remote] http.headers 125 - http-outgoing-202 << Content-Length: 13
02-16-2018 14:21:16 LoggingManagedHttpClientConnection.java DEBUG [Forwarding setTimeout on session 3ff07c7a-ab37-4634-826d-871e445d6fbd to remote] http.headers 125 - http-outgoing-202 << Date: Fri, 16 Feb 2018 20:21:16 GMT
02-16-2018 14:21:16 LoggingManagedHttpClientConnection.java DEBUG [Forwarding setTimeout on session 3ff07c7a-ab37-4634-826d-871e445d6fbd to remote] conn.DefaultManagedHttpClientConnection 79 - http-outgoing-202: Close connection
02-16-2018 14:21:16 ConnectionHolder.java DEBUG [Forwarding setTimeout on session 3ff07c7a-ab37-4634-826d-871e445d6fbd to remote] execchain.MainClientExec 104 - Connection discarded
02-16-2018 14:21:16 PoolingHttpClientConnectionManager.java DEBUG [Forwarding setTimeout on session 3ff07c7a-ab37-4634-826d-871e445d6fbd to remote] conn.PoolingHttpClientConnectionManager 326 - Connection released: [id: 202][route: {}->http://localhost:33573][total kept alive: 0; route allocated: 0 of 2000; total allocated: 0 of 2000]
02-16-2018 14:21:16 RequestAddCookies.java DEBUG [Forwarding setTimeout on session 3ff07c7a-ab37-4634-826d-871e445d6fbd to remote] protocol.RequestAddCookies 123 - CookieSpec selected: default
02-16-2018 14:21:16 RequestAuthCache.java DEBUG [Forwarding setTimeout on session 3ff07c7a-ab37-4634-826d-871e445d6fbd to remote] protocol.RequestAuthCache 77 - Auth cache not set in the context
02-16-2018 14:21:16 PoolingHttpClientConnectionManager.java DEBUG [Forwarding setTimeout on session 3ff07c7a-ab37-4634-826d-871e445d6fbd to remote] conn.PoolingHttpClientConnectionManager 255 - Connection request: [route: {}->http://localhost:33573][total kept alive: 0; route allocated: 0 of 2000; total allocated: 0 of 2000]
02-16-2018 14:21:16 PoolingHttpClientConnectionManager.java DEBUG [Forwarding setTimeout on session 3ff07c7a-ab37-4634-826d-871e445d6fbd to remote] conn.PoolingHttpClientConnectionManager 288 - Connection leased: [id: 203][route: {}->http://localhost:33573][total kept alive: 0; route allocated: 1 of 2000; total allocated: 1 of 2000]
02-16-2018 14:21:16 MainClientExec.java DEBUG [Forwarding setTimeout on session 3ff07c7a-ab37-4634-826d-871e445d6fbd to remote] execchain.MainClientExec 235 - Opening connection {}->http://localhost:33573
02-16-2018 14:21:16 DefaultHttpClientConnectionOperator.java DEBUG [Forwarding setTimeout on session 3ff07c7a-ab37-4634-826d-871e445d6fbd to remote] conn.DefaultHttpClientConnectionOperator 139 - Connecting to localhost/127.0.0.1:33573
02-16-2018 14:21:16 DefaultHttpClientConnectionOperator.java DEBUG [Forwarding setTimeout on session 3ff07c7a-ab37-4634-826d-871e445d6fbd to remote] conn.DefaultHttpClientConnectionOperator 146 - Connection established 127.0.0.1:57373<->127.0.0.1:33573
02-16-2018 14:21:16 LoggingManagedHttpClientConnection.java DEBUG [Forwarding setTimeout on session 3ff07c7a-ab37-4634-826d-871e445d6fbd to remote] conn.DefaultManagedHttpClientConnection 88 - http-outgoing-203: set socket timeout to 10800000
02-16-2018 14:21:16 MainClientExec.java DEBUG [Forwarding setTimeout on session 3ff07c7a-ab37-4634-826d-871e445d6fbd to remote] execchain.MainClientExec 256 - Executing request POST /session/3ff07c7a-ab37-4634-826d-871e445d6fbd/timeouts HTTP/1.1
02-16-2018 14:21:16 MainClientExec.java DEBUG [Forwarding setTimeout on session 3ff07c7a-ab37-4634-826d-871e445d6fbd to remote] execchain.MainClientExec 261 - Target auth state: UNCHALLENGED
02-16-2018 14:21:16 MainClientExec.java DEBUG [Forwarding setTimeout on session 3ff07c7a-ab37-4634-826d-871e445d6fbd to remote] execchain.MainClientExec 267 - Proxy auth state: UNCHALLENGED
02-16-2018 14:21:16 LoggingManagedHttpClientConnection.java DEBUG [Forwarding setTimeout on session 3ff07c7a-ab37-4634-826d-871e445d6fbd to remote] http.headers 133 - http-outgoing-203 >> POST /session/3ff07c7a-ab37-4634-826d-871e445d6fbd/timeouts HTTP/1.1
02-16-2018 14:21:16 LoggingManagedHttpClientConnection.java DEBUG [Forwarding setTimeout on session 3ff07c7a-ab37-4634-826d-871e445d6fbd to remote] http.headers 136 - http-outgoing-203 >> Content-Type: application/json; charset=utf-8
02-16-2018 14:21:16 LoggingManagedHttpClientConnection.java DEBUG [Forwarding setTimeout on session 3ff07c7a-ab37-4634-826d-871e445d6fbd to remote] http.headers 136 - http-outgoing-203 >> Content-Length: 18
02-16-2018 14:21:16 LoggingManagedHttpClientConnection.java DEBUG [Forwarding setTimeout on session 3ff07c7a-ab37-4634-826d-871e445d6fbd to remote] http.headers 136 - http-outgoing-203 >> Host: localhost:33573
02-16-2018 14:21:16 LoggingManagedHttpClientConnection.java DEBUG [Forwarding setTimeout on session 3ff07c7a-ab37-4634-826d-871e445d6fbd to remote] http.headers 136 - http-outgoing-203 >> Connection: Keep-Alive
02-16-2018 14:21:16 LoggingManagedHttpClientConnection.java DEBUG [Forwarding setTimeout on session 3ff07c7a-ab37-4634-826d-871e445d6fbd to remote] http.headers 136 - http-outgoing-203 >> User-Agent: Apache-HttpClient/4.5.3 (Java/1.8.0_151)
02-16-2018 14:21:16 LoggingManagedHttpClientConnection.java DEBUG [Forwarding setTimeout on session 3ff07c7a-ab37-4634-826d-871e445d6fbd to remote] http.headers 136 - http-outgoing-203 >> Accept-Encoding: gzip,deflate
02-16-2018 14:21:16 Wire.java DEBUG [Forwarding setTimeout on session 3ff07c7a-ab37-4634-826d-871e445d6fbd to remote] http.wire 73 - http-outgoing-203 >> "POST /session/3ff07c7a-ab37-4634-826d-871e445d6fbd/timeouts HTTP/1.1[\r][\n]"
02-16-2018 14:21:16 Wire.java DEBUG [Forwarding setTimeout on session 3ff07c7a-ab37-4634-826d-871e445d6fbd to remote] http.wire 73 - http-outgoing-203 >> "Content-Type: application/json; charset=utf-8[\r][\n]"
02-16-2018 14:21:16 Wire.java DEBUG [Forwarding setTimeout on session 3ff07c7a-ab37-4634-826d-871e445d6fbd to remote] http.wire 73 - http-outgoing-203 >> "Content-Length: 18[\r][\n]"
02-16-2018 14:21:16 Wire.java DEBUG [Forwarding setTimeout on session 3ff07c7a-ab37-4634-826d-871e445d6fbd to remote] http.wire 73 - http-outgoing-203 >> "Host: localhost:33573[\r][\n]"
02-16-2018 14:21:16 Wire.java DEBUG [Forwarding setTimeout on session 3ff07c7a-ab37-4634-826d-871e445d6fbd to remote] http.wire 73 - http-outgoing-203 >> "Connection: Keep-Alive[\r][\n]"
02-16-2018 14:21:16 Wire.java DEBUG [Forwarding setTimeout on session 3ff07c7a-ab37-4634-826d-871e445d6fbd to remote] http.wire 73 - http-outgoing-203 >> "User-Agent: Apache-HttpClient/4.5.3 (Java/1.8.0_151)[\r][\n]"
02-16-2018 14:21:16 Wire.java DEBUG [Forwarding setTimeout on session 3ff07c7a-ab37-4634-826d-871e445d6fbd to remote] http.wire 73 - http-outgoing-203 >> "Accept-Encoding: gzip,deflate[\r][\n]"
02-16-2018 14:21:16 Wire.java DEBUG [Forwarding setTimeout on session 3ff07c7a-ab37-4634-826d-871e445d6fbd to remote] http.wire 73 - http-outgoing-203 >> "[\r][\n]"
02-16-2018 14:21:16 Wire.java DEBUG [Forwarding setTimeout on session 3ff07c7a-ab37-4634-826d-871e445d6fbd to remote] http.wire 87 - http-outgoing-203 >> "{"implicit":20000}"
02-16-2018 14:21:16 Wire.java DEBUG [Forwarding setTimeout on session 3ff07c7a-ab37-4634-826d-871e445d6fbd to remote] http.wire 73 - http-outgoing-203 << "HTTP/1.1 200 OK[\r][\n]"
02-16-2018 14:21:16 Wire.java DEBUG [Forwarding setTimeout on session 3ff07c7a-ab37-4634-826d-871e445d6fbd to remote] http.wire 73 - http-outgoing-203 << "Connection: close[\r][\n]"
02-16-2018 14:21:16 Wire.java DEBUG [Forwarding setTimeout on session 3ff07c7a-ab37-4634-826d-871e445d6fbd to remote] http.wire 73 - http-outgoing-203 << "Content-Type: application/json; charset=utf-8[\r][\n]"
02-16-2018 14:21:16 Wire.java DEBUG [Forwarding setTimeout on session 3ff07c7a-ab37-4634-826d-871e445d6fbd to remote] http.wire 73 - http-outgoing-203 << "Cache-Control: no-cache[\r][\n]"
02-16-2018 14:21:16 Wire.java DEBUG [Forwarding setTimeout on session 3ff07c7a-ab37-4634-826d-871e445d6fbd to remote] http.wire 73 - http-outgoing-203 << "Content-Length: 13[\r][\n]"
02-16-2018 14:21:16 Wire.java DEBUG [Forwarding setTimeout on session 3ff07c7a-ab37-4634-826d-871e445d6fbd to remote] http.wire 73 - http-outgoing-203 << "Date: Fri, 16 Feb 2018 20:21:16 GMT[\r][\n]"
02-16-2018 14:21:16 Wire.java DEBUG [Forwarding setTimeout on session 3ff07c7a-ab37-4634-826d-871e445d6fbd to remote] http.wire 73 - http-outgoing-203 << "[\r][\n]"
02-16-2018 14:21:16 Wire.java DEBUG [Forwarding setTimeout on session 3ff07c7a-ab37-4634-826d-871e445d6fbd to remote] http.wire 87 - http-outgoing-203 << "{"value": {}}"
02-16-2018 14:21:16 LoggingManagedHttpClientConnection.java DEBUG [Forwarding setTimeout on session 3ff07c7a-ab37-4634-826d-871e445d6fbd to remote] http.headers 122 - http-outgoing-203 << HTTP/1.1 200 OK
02-16-2018 14:21:16 LoggingManagedHttpClientConnection.java DEBUG [Forwarding setTimeout on session 3ff07c7a-ab37-4634-826d-871e445d6fbd to remote] http.headers 125 - http-outgoing-203 << Connection: close
02-16-2018 14:21:16 LoggingManagedHttpClientConnection.java DEBUG [Forwarding setTimeout on session 3ff07c7a-ab37-4634-826d-871e445d6fbd to remote] http.headers 125 - http-outgoing-203 << Content-Type: application/json; charset=utf-8
02-16-2018 14:21:16 LoggingManagedHttpClientConnection.java DEBUG [Forwarding setTimeout on session 3ff07c7a-ab37-4634-826d-871e445d6fbd to remote] http.headers 125 - http-outgoing-203 << Cache-Control: no-cache
02-16-2018 14:21:16 LoggingManagedHttpClientConnection.java DEBUG [Forwarding setTimeout on session 3ff07c7a-ab37-4634-826d-871e445d6fbd to remote] http.headers 125 - http-outgoing-203 << Content-Length: 13
02-16-2018 14:21:16 LoggingManagedHttpClientConnection.java DEBUG [Forwarding setTimeout on session 3ff07c7a-ab37-4634-826d-871e445d6fbd to remote] http.headers 125 - http-outgoing-203 << Date: Fri, 16 Feb 2018 20:21:16 GMT
02-16-2018 14:21:16 LoggingManagedHttpClientConnection.java DEBUG [Forwarding setTimeout on session 3ff07c7a-ab37-4634-826d-871e445d6fbd to remote] conn.DefaultManagedHttpClientConnection 79 - http-outgoing-203: Close connection
02-16-2018 14:21:16 ConnectionHolder.java DEBUG [Forwarding setTimeout on session 3ff07c7a-ab37-4634-826d-871e445d6fbd to remote] execchain.MainClientExec 104 - Connection discarded
02-16-2018 14:21:16 PoolingHttpClientConnectionManager.java DEBUG [Forwarding setTimeout on session 3ff07c7a-ab37-4634-826d-871e445d6fbd to remote] conn.PoolingHttpClientConnectionManager 326 - Connection released: [id: 203][route: {}->http://localhost:33573][total kept alive: 0; route allocated: 0 of 2000; total allocated: 0 of 2000]
02-16-2018 14:21:16 RequestAddCookies.java DEBUG [Forwarding get on session 3ff07c7a-ab37-4634-826d-871e445d6fbd to remote] protocol.RequestAddCookies 123 - CookieSpec selected: default
02-16-2018 14:21:16 RequestAuthCache.java DEBUG [Forwarding get on session 3ff07c7a-ab37-4634-826d-871e445d6fbd to remote] protocol.RequestAuthCache 77 - Auth cache not set in the context
02-16-2018 14:21:16 PoolingHttpClientConnectionManager.java DEBUG [Forwarding get on session 3ff07c7a-ab37-4634-826d-871e445d6fbd to remote] conn.PoolingHttpClientConnectionManager 255 - Connection request: [route: {}->http://localhost:33573][total kept alive: 0; route allocated: 0 of 2000; total allocated: 0 of 2000]
02-16-2018 14:21:16 PoolingHttpClientConnectionManager.java DEBUG [Forwarding get on session 3ff07c7a-ab37-4634-826d-871e445d6fbd to remote] conn.PoolingHttpClientConnectionManager 288 - Connection leased: [id: 204][route: {}->http://localhost:33573][total kept alive: 0; route allocated: 1 of 2000; total allocated: 1 of 2000]
02-16-2018 14:21:16 MainClientExec.java DEBUG [Forwarding get on session 3ff07c7a-ab37-4634-826d-871e445d6fbd to remote] execchain.MainClientExec 235 - Opening connection {}->http://localhost:33573
02-16-2018 14:21:16 DefaultHttpClientConnectionOperator.java DEBUG [Forwarding get on session 3ff07c7a-ab37-4634-826d-871e445d6fbd to remote] conn.DefaultHttpClientConnectionOperator 139 - Connecting to localhost/127.0.0.1:33573
02-16-2018 14:21:16 DefaultHttpClientConnectionOperator.java DEBUG [Forwarding get on session 3ff07c7a-ab37-4634-826d-871e445d6fbd to remote] conn.DefaultHttpClientConnectionOperator 146 - Connection established 127.0.0.1:57374<->127.0.0.1:33573
02-16-2018 14:21:16 LoggingManagedHttpClientConnection.java DEBUG [Forwarding get on session 3ff07c7a-ab37-4634-826d-871e445d6fbd to remote] conn.DefaultManagedHttpClientConnection 88 - http-outgoing-204: set socket timeout to 10800000
02-16-2018 14:21:16 MainClientExec.java DEBUG [Forwarding get on session 3ff07c7a-ab37-4634-826d-871e445d6fbd to remote] execchain.MainClientExec 256 - Executing request POST /session/3ff07c7a-ab37-4634-826d-871e445d6fbd/url HTTP/1.1
02-16-2018 14:21:16 MainClientExec.java DEBUG [Forwarding get on session 3ff07c7a-ab37-4634-826d-871e445d6fbd to remote] execchain.MainClientExec 261 - Target auth state: UNCHALLENGED
02-16-2018 14:21:16 MainClientExec.java DEBUG [Forwarding get on session 3ff07c7a-ab37-4634-826d-871e445d6fbd to remote] execchain.MainClientExec 267 - Proxy auth state: UNCHALLENGED
02-16-2018 14:21:16 LoggingManagedHttpClientConnection.java DEBUG [Forwarding get on session 3ff07c7a-ab37-4634-826d-871e445d6fbd to remote] http.headers 133 - http-outgoing-204 >> POST /session/3ff07c7a-ab37-4634-826d-871e445d6fbd/url HTTP/1.1
02-16-2018 14:21:16 LoggingManagedHttpClientConnection.java DEBUG [Forwarding get on session 3ff07c7a-ab37-4634-826d-871e445d6fbd to remote] http.headers 136 - http-outgoing-204 >> Content-Type: application/json; charset=utf-8
02-16-2018 14:21:16 LoggingManagedHttpClientConnection.java DEBUG [Forwarding get on session 3ff07c7a-ab37-4634-826d-871e445d6fbd to remote] http.headers 136 - http-outgoing-204 >> Content-Length: 36
02-16-2018 14:21:16 LoggingManagedHttpClientConnection.java DEBUG [Forwarding get on session 3ff07c7a-ab37-4634-826d-871e445d6fbd to remote] http.headers 136 - http-outgoing-204 >> Host: localhost:33573
02-16-2018 14:21:16 LoggingManagedHttpClientConnection.java DEBUG [Forwarding get on session 3ff07c7a-ab37-4634-826d-871e445d6fbd to remote] http.headers 136 - http-outgoing-204 >> Connection: Keep-Alive
02-16-2018 14:21:16 LoggingManagedHttpClientConnection.java DEBUG [Forwarding get on session 3ff07c7a-ab37-4634-826d-871e445d6fbd to remote] http.headers 136 - http-outgoing-204 >> User-Agent: Apache-HttpClient/4.5.3 (Java/1.8.0_151)
02-16-2018 14:21:16 LoggingManagedHttpClientConnection.java DEBUG [Forwarding get on session 3ff07c7a-ab37-4634-826d-871e445d6fbd to remote] http.headers 136 - http-outgoing-204 >> Accept-Encoding: gzip,deflate
02-16-2018 14:21:16 Wire.java DEBUG [Forwarding get on session 3ff07c7a-ab37-4634-826d-871e445d6fbd to remote] http.wire 73 - http-outgoing-204 >> "POST /session/3ff07c7a-ab37-4634-826d-871e445d6fbd/url HTTP/1.1[\r][\n]"
02-16-2018 14:21:16 Wire.java DEBUG [Forwarding get on session 3ff07c7a-ab37-4634-826d-871e445d6fbd to remote] http.wire 73 - http-outgoing-204 >> "Content-Type: application/json; charset=utf-8[\r][\n]"
02-16-2018 14:21:16 Wire.java DEBUG [Forwarding get on session 3ff07c7a-ab37-4634-826d-871e445d6fbd to remote] http.wire 73 - http-outgoing-204 >> "Content-Length: 36[\r][\n]"
02-16-2018 14:21:16 Wire.java DEBUG [Forwarding get on session 3ff07c7a-ab37-4634-826d-871e445d6fbd to remote] http.wire 73 - http-outgoing-204 >> "Host: localhost:33573[\r][\n]"
02-16-2018 14:21:16 Wire.java DEBUG [Forwarding get on session 3ff07c7a-ab37-4634-826d-871e445d6fbd to remote] http.wire 73 - http-outgoing-204 >> "Connection: Keep-Alive[\r][\n]"
02-16-2018 14:21:16 Wire.java DEBUG [Forwarding get on session 3ff07c7a-ab37-4634-826d-871e445d6fbd to remote] http.wire 73 - http-outgoing-204 >> "User-Agent: Apache-HttpClient/4.5.3 (Java/1.8.0_151)[\r][\n]"
02-16-2018 14:21:16 Wire.java DEBUG [Forwarding get on session 3ff07c7a-ab37-4634-826d-871e445d6fbd to remote] http.wire 73 - http-outgoing-204 >> "Accept-Encoding: gzip,deflate[\r][\n]"
02-16-2018 14:21:16 Wire.java DEBUG [Forwarding get on session 3ff07c7a-ab37-4634-826d-871e445d6fbd to remote] http.wire 73 - http-outgoing-204 >> "[\r][\n]"
02-16-2018 14:21:16 Wire.java DEBUG [Forwarding get on session 3ff07c7a-ab37-4634-826d-871e445d6fbd to remote] http.wire 87 - http-outgoing-204 >> "{"url":"http://jusdone.atomic77.in"}"
02-16-2018 14:21:18 Wire.java DEBUG [Forwarding get on session 3ff07c7a-ab37-4634-826d-871e445d6fbd to remote] http.wire 73 - http-outgoing-204 << "HTTP/1.1 200 OK[\r][\n]"
02-16-2018 14:21:18 Wire.java DEBUG [Forwarding get on session 3ff07c7a-ab37-4634-826d-871e445d6fbd to remote] http.wire 73 - http-outgoing-204 << "Connection: close[\r][\n]"
02-16-2018 14:21:18 Wire.java DEBUG [Forwarding get on session 3ff07c7a-ab37-4634-826d-871e445d6fbd to remote] http.wire 73 - http-outgoing-204 << "Content-Type: application/json; charset=utf-8[\r][\n]"
02-16-2018 14:21:18 Wire.java DEBUG [Forwarding get on session 3ff07c7a-ab37-4634-826d-871e445d6fbd to remote] http.wire 73 - http-outgoing-204 << "Cache-Control: no-cache[\r][\n]"
02-16-2018 14:21:18 Wire.java DEBUG [Forwarding get on session 3ff07c7a-ab37-4634-826d-871e445d6fbd to remote] http.wire 73 - http-outgoing-204 << "Content-Length: 13[\r][\n]"
02-16-2018 14:21:18 Wire.java DEBUG [Forwarding get on session 3ff07c7a-ab37-4634-826d-871e445d6fbd to remote] http.wire 73 - http-outgoing-204 << "Date: Fri, 16 Feb 2018 20:21:18 GMT[\r][\n]"
02-16-2018 14:21:18 Wire.java DEBUG [Forwarding get on session 3ff07c7a-ab37-4634-826d-871e445d6fbd to remote] http.wire 73 - http-outgoing-204 << "[\r][\n]"
02-16-2018 14:21:18 Wire.java DEBUG [Forwarding get on session 3ff07c7a-ab37-4634-826d-871e445d6fbd to remote] http.wire 87 - http-outgoing-204 << "{"value": {}}"
02-16-2018 14:21:18 LoggingManagedHttpClientConnection.java DEBUG [Forwarding get on session 3ff07c7a-ab37-4634-826d-871e445d6fbd to remote] http.headers 122 - http-outgoing-204 << HTTP/1.1 200 OK
02-16-2018 14:21:18 LoggingManagedHttpClientConnection.java DEBUG [Forwarding get on session 3ff07c7a-ab37-4634-826d-871e445d6fbd to remote] http.headers 125 - http-outgoing-204 << Connection: close
02-16-2018 14:21:18 LoggingManagedHttpClientConnection.java DEBUG [Forwarding get on session 3ff07c7a-ab37-4634-826d-871e445d6fbd to remote] http.headers 125 - http-outgoing-204 << Content-Type: application/json; charset=utf-8
02-16-2018 14:21:18 LoggingManagedHttpClientConnection.java DEBUG [Forwarding get on session 3ff07c7a-ab37-4634-826d-871e445d6fbd to remote] http.headers 125 - http-outgoing-204 << Cache-Control: no-cache
02-16-2018 14:21:18 LoggingManagedHttpClientConnection.java DEBUG [Forwarding get on session 3ff07c7a-ab37-4634-826d-871e445d6fbd to remote] http.headers 125 - http-outgoing-204 << Content-Length: 13
02-16-2018 14:21:18 LoggingManagedHttpClientConnection.java DEBUG [Forwarding get on session 3ff07c7a-ab37-4634-826d-871e445d6fbd to remote] http.headers 125 - http-outgoing-204 << Date: Fri, 16 Feb 2018 20:21:18 GMT
02-16-2018 14:21:18 LoggingManagedHttpClientConnection.java DEBUG [Forwarding get on session 3ff07c7a-ab37-4634-826d-871e445d6fbd to remote] conn.DefaultManagedHttpClientConnection 79 - http-outgoing-204: Close connection
02-16-2018 14:21:18 ConnectionHolder.java DEBUG [Forwarding get on session 3ff07c7a-ab37-4634-826d-871e445d6fbd to remote] execchain.MainClientExec 104 - Connection discarded
02-16-2018 14:21:18 PoolingHttpClientConnectionManager.java DEBUG [Forwarding get on session 3ff07c7a-ab37-4634-826d-871e445d6fbd to remote] conn.PoolingHttpClientConnectionManager 326 - Connection released: [id: 204][route: {}->http://localhost:33573][total kept alive: 0; route allocated: 0 of 2000; total allocated: 0 of 2000]
02-16-2018 14:21:18 RequestAddCookies.java DEBUG [Forwarding findElement on session 3ff07c7a-ab37-4634-826d-871e445d6fbd to remote] protocol.RequestAddCookies 123 - CookieSpec selected: default
02-16-2018 14:21:18 RequestAuthCache.java DEBUG [Forwarding findElement on session 3ff07c7a-ab37-4634-826d-871e445d6fbd to remote] protocol.RequestAuthCache 77 - Auth cache not set in the context
02-16-2018 14:21:18 PoolingHttpClientConnectionManager.java DEBUG [Forwarding findElement on session 3ff07c7a-ab37-4634-826d-871e445d6fbd to remote] conn.PoolingHttpClientConnectionManager 255 - Connection request: [route: {}->http://localhost:33573][total kept alive: 0; route allocated: 0 of 2000; total allocated: 0 of 2000]
02-16-2018 14:21:18 PoolingHttpClientConnectionManager.java DEBUG [Forwarding findElement on session 3ff07c7a-ab37-4634-826d-871e445d6fbd to remote] conn.PoolingHttpClientConnectionManager 288 - Connection leased: [id: 205][route: {}->http://localhost:33573][total kept alive: 0; route allocated: 1 of 2000; total allocated: 1 of 2000]
02-16-2018 14:21:18 MainClientExec.java DEBUG [Forwarding findElement on session 3ff07c7a-ab37-4634-826d-871e445d6fbd to remote] execchain.MainClientExec 235 - Opening connection {}->http://localhost:33573
02-16-2018 14:21:18 DefaultHttpClientConnectionOperator.java DEBUG [Forwarding findElement on session 3ff07c7a-ab37-4634-826d-871e445d6fbd to remote] conn.DefaultHttpClientConnectionOperator 139 - Connecting to localhost/127.0.0.1:33573
02-16-2018 14:21:18 DefaultHttpClientConnectionOperator.java DEBUG [Forwarding findElement on session 3ff07c7a-ab37-4634-826d-871e445d6fbd to remote] conn.DefaultHttpClientConnectionOperator 146 - Connection established 127.0.0.1:57385<->127.0.0.1:33573
02-16-2018 14:21:18 LoggingManagedHttpClientConnection.java DEBUG [Forwarding findElement on session 3ff07c7a-ab37-4634-826d-871e445d6fbd to remote] conn.DefaultManagedHttpClientConnection 88 - http-outgoing-205: set socket timeout to 10800000
02-16-2018 14:21:18 MainClientExec.java DEBUG [Forwarding findElement on session 3ff07c7a-ab37-4634-826d-871e445d6fbd to remote] execchain.MainClientExec 256 - Executing request POST /session/3ff07c7a-ab37-4634-826d-871e445d6fbd/element HTTP/1.1
02-16-2018 14:21:18 MainClientExec.java DEBUG [Forwarding findElement on session 3ff07c7a-ab37-4634-826d-871e445d6fbd to remote] execchain.MainClientExec 261 - Target auth state: UNCHALLENGED
02-16-2018 14:21:18 MainClientExec.java DEBUG [Forwarding findElement on session 3ff07c7a-ab37-4634-826d-871e445d6fbd to remote] execchain.MainClientExec 267 - Proxy auth state: UNCHALLENGED
02-16-2018 14:21:18 LoggingManagedHttpClientConnection.java DEBUG [Forwarding findElement on session 3ff07c7a-ab37-4634-826d-871e445d6fbd to remote] http.headers 133 - http-outgoing-205 >> POST /session/3ff07c7a-ab37-4634-826d-871e445d6fbd/element HTTP/1.1
02-16-2018 14:21:18 LoggingManagedHttpClientConnection.java DEBUG [Forwarding findElement on session 3ff07c7a-ab37-4634-826d-871e445d6fbd to remote] http.headers 136 - http-outgoing-205 >> Content-Type: application/json; charset=utf-8
02-16-2018 14:21:18 LoggingManagedHttpClientConnection.java DEBUG [Forwarding findElement on session 3ff07c7a-ab37-4634-826d-871e445d6fbd to remote] http.headers 136 - http-outgoing-205 >> Content-Length: 61
02-16-2018 14:21:18 LoggingManagedHttpClientConnection.java DEBUG [Forwarding findElement on session 3ff07c7a-ab37-4634-826d-871e445d6fbd to remote] http.headers 136 - http-outgoing-205 >> Host: localhost:33573
02-16-2018 14:21:18 LoggingManagedHttpClientConnection.java DEBUG [Forwarding findElement on session 3ff07c7a-ab37-4634-826d-871e445d6fbd to remote] http.headers 136 - http-outgoing-205 >> Connection: Keep-Alive
02-16-2018 14:21:18 LoggingManagedHttpClientConnection.java DEBUG [Forwarding findElement on session 3ff07c7a-ab37-4634-826d-871e445d6fbd to remote] http.headers 136 - http-outgoing-205 >> User-Agent: Apache-HttpClient/4.5.3 (Java/1.8.0_151)
02-16-2018 14:21:18 LoggingManagedHttpClientConnection.java DEBUG [Forwarding findElement on session 3ff07c7a-ab37-4634-826d-871e445d6fbd to remote] http.headers 136 - http-outgoing-205 >> Accept-Encoding: gzip,deflate
02-16-2018 14:21:18 Wire.java DEBUG [Forwarding findElement on session 3ff07c7a-ab37-4634-826d-871e445d6fbd to remote] http.wire 73 - http-outgoing-205 >> "POST /session/3ff07c7a-ab37-4634-826d-871e445d6fbd/element HTTP/1.1[\r][\n]"
02-16-2018 14:21:18 Wire.java DEBUG [Forwarding findElement on session 3ff07c7a-ab37-4634-826d-871e445d6fbd to remote] http.wire 73 - http-outgoing-205 >> "Content-Type: application/json; charset=utf-8[\r][\n]"
02-16-2018 14:21:18 Wire.java DEBUG [Forwarding findElement on session 3ff07c7a-ab37-4634-826d-871e445d6fbd to remote] http.wire 73 - http-outgoing-205 >> "Content-Length: 61[\r][\n]"
02-16-2018 14:21:18 Wire.java DEBUG [Forwarding findElement on session 3ff07c7a-ab37-4634-826d-871e445d6fbd to remote] http.wire 73 - http-outgoing-205 >> "Host: localhost:33573[\r][\n]"
02-16-2018 14:21:18 Wire.java DEBUG [Forwarding findElement on session 3ff07c7a-ab37-4634-826d-871e445d6fbd to remote] http.wire 73 - http-outgoing-205 >> "Connection: Keep-Alive[\r][\n]"
02-16-2018 14:21:18 Wire.java DEBUG [Forwarding findElement on session 3ff07c7a-ab37-4634-826d-871e445d6fbd to remote] http.wire 73 - http-outgoing-205 >> "User-Agent: Apache-HttpClient/4.5.3 (Java/1.8.0_151)[\r][\n]"
02-16-2018 14:21:18 Wire.java DEBUG [Forwarding findElement on session 3ff07c7a-ab37-4634-826d-871e445d6fbd to remote] http.wire 73 - http-outgoing-205 >> "Accept-Encoding: gzip,deflate[\r][\n]"
02-16-2018 14:21:18 Wire.java DEBUG [Forwarding findElement on session 3ff07c7a-ab37-4634-826d-871e445d6fbd to remote] http.wire 73 - http-outgoing-205 >> "[\r][\n]"
02-16-2018 14:21:18 Wire.java DEBUG [Forwarding findElement on session 3ff07c7a-ab37-4634-826d-871e445d6fbd to remote] http.wire 87 - http-outgoing-205 >> "{"value":"//label[@for\u003d\u0027c3\u0027]","using":"xpath"}"
02-16-2018 14:21:18 Wire.java DEBUG [Forwarding findElement on session 3ff07c7a-ab37-4634-826d-871e445d6fbd to remote] http.wire 73 - http-outgoing-205 << "HTTP/1.1 200 OK[\r][\n]"
02-16-2018 14:21:18 Wire.java DEBUG [Forwarding findElement on session 3ff07c7a-ab37-4634-826d-871e445d6fbd to remote] http.wire 73 - http-outgoing-205 << "Connection: close[\r][\n]"
02-16-2018 14:21:18 Wire.java DEBUG [Forwarding findElement on session 3ff07c7a-ab37-4634-826d-871e445d6fbd to remote] http.wire 73 - http-outgoing-205 << "Content-Type: application/json; charset=utf-8[\r][\n]"
02-16-2018 14:21:18 Wire.java DEBUG [Forwarding findElement on session 3ff07c7a-ab37-4634-826d-871e445d6fbd to remote] http.wire 73 - http-outgoing-205 << "Cache-Control: no-cache[\r][\n]"
02-16-2018 14:21:18 Wire.java DEBUG [Forwarding findElement on session 3ff07c7a-ab37-4634-826d-871e445d6fbd to remote] http.wire 73 - http-outgoing-205 << "Content-Length: 88[\r][\n]"
02-16-2018 14:21:18 Wire.java DEBUG [Forwarding findElement on session 3ff07c7a-ab37-4634-826d-871e445d6fbd to remote] http.wire 73 - http-outgoing-205 << "Date: Fri, 16 Feb 2018 20:21:18 GMT[\r][\n]"
02-16-2018 14:21:18 Wire.java DEBUG [Forwarding findElement on session 3ff07c7a-ab37-4634-826d-871e445d6fbd to remote] http.wire 73 - http-outgoing-205 << "[\r][\n]"
02-16-2018 14:21:18 Wire.java DEBUG [Forwarding findElement on session 3ff07c7a-ab37-4634-826d-871e445d6fbd to remote] http.wire 87 - http-outgoing-205 << "{"value":{"element-6066-11e4-a52e-4f735466cecf":"779c7af4-25e0-47f0-a0c9-ff2687957858"}}"
02-16-2018 14:21:18 LoggingManagedHttpClientConnection.java DEBUG [Forwarding findElement on session 3ff07c7a-ab37-4634-826d-871e445d6fbd to remote] http.headers 122 - http-outgoing-205 << HTTP/1.1 200 OK
02-16-2018 14:21:18 LoggingManagedHttpClientConnection.java DEBUG [Forwarding findElement on session 3ff07c7a-ab37-4634-826d-871e445d6fbd to remote] http.headers 125 - http-outgoing-205 << Connection: close
02-16-2018 14:21:18 LoggingManagedHttpClientConnection.java DEBUG [Forwarding findElement on session 3ff07c7a-ab37-4634-826d-871e445d6fbd to remote] http.headers 125 - http-outgoing-205 << Content-Type: application/json; charset=utf-8
02-16-2018 14:21:18 LoggingManagedHttpClientConnection.java DEBUG [Forwarding findElement on session 3ff07c7a-ab37-4634-826d-871e445d6fbd to remote] http.headers 125 - http-outgoing-205 << Cache-Control: no-cache
02-16-2018 14:21:18 LoggingManagedHttpClientConnection.java DEBUG [Forwarding findElement on session 3ff07c7a-ab37-4634-826d-871e445d6fbd to remote] http.headers 125 - http-outgoing-205 << Content-Length: 88
02-16-2018 14:21:18 LoggingManagedHttpClientConnection.java DEBUG [Forwarding findElement on session 3ff07c7a-ab37-4634-826d-871e445d6fbd to remote] http.headers 125 - http-outgoing-205 << Date: Fri, 16 Feb 2018 20:21:18 GMT
02-16-2018 14:21:18 LoggingManagedHttpClientConnection.java DEBUG [Forwarding findElement on session 3ff07c7a-ab37-4634-826d-871e445d6fbd to remote] conn.DefaultManagedHttpClientConnection 79 - http-outgoing-205: Close connection
02-16-2018 14:21:18 ConnectionHolder.java DEBUG [Forwarding findElement on session 3ff07c7a-ab37-4634-826d-871e445d6fbd to remote] execchain.MainClientExec 104 - Connection discarded
02-16-2018 14:21:18 PoolingHttpClientConnectionManager.java DEBUG [Forwarding findElement on session 3ff07c7a-ab37-4634-826d-871e445d6fbd to remote] conn.PoolingHttpClientConnectionManager 326 - Connection released: [id: 205][route: {}->http://localhost:33573][total kept alive: 0; route allocated: 0 of 2000; total allocated: 0 of 2000]
02-16-2018 14:21:18 RequestAddCookies.java DEBUG [Forwarding clickElement on session 3ff07c7a-ab37-4634-826d-871e445d6fbd to remote] protocol.RequestAddCookies 123 - CookieSpec selected: default
02-16-2018 14:21:18 RequestAuthCache.java DEBUG [Forwarding clickElement on session 3ff07c7a-ab37-4634-826d-871e445d6fbd to remote] protocol.RequestAuthCache 77 - Auth cache not set in the context
02-16-2018 14:21:18 PoolingHttpClientConnectionManager.java DEBUG [Forwarding clickElement on session 3ff07c7a-ab37-4634-826d-871e445d6fbd to remote] conn.PoolingHttpClientConnectionManager 255 - Connection request: [route: {}->http://localhost:33573][total kept alive: 0; route allocated: 0 of 2000; total allocated: 0 of 2000]
02-16-2018 14:21:18 PoolingHttpClientConnectionManager.java DEBUG [Forwarding clickElement on session 3ff07c7a-ab37-4634-826d-871e445d6fbd to remote] conn.PoolingHttpClientConnectionManager 288 - Connection leased: [id: 206][route: {}->http://localhost:33573][total kept alive: 0; route allocated: 1 of 2000; total allocated: 1 of 2000]
02-16-2018 14:21:18 MainClientExec.java DEBUG [Forwarding clickElement on session 3ff07c7a-ab37-4634-826d-871e445d6fbd to remote] execchain.MainClientExec 235 - Opening connection {}->http://localhost:33573
02-16-2018 14:21:18 DefaultHttpClientConnectionOperator.java DEBUG [Forwarding clickElement on session 3ff07c7a-ab37-4634-826d-871e445d6fbd to remote] conn.DefaultHttpClientConnectionOperator 139 - Connecting to localhost/127.0.0.1:33573
02-16-2018 14:21:18 DefaultHttpClientConnectionOperator.java DEBUG [Forwarding clickElement on session 3ff07c7a-ab37-4634-826d-871e445d6fbd to remote] conn.DefaultHttpClientConnectionOperator 146 - Connection established 127.0.0.1:57386<->127.0.0.1:33573
02-16-2018 14:21:18 LoggingManagedHttpClientConnection.java DEBUG [Forwarding clickElement on session 3ff07c7a-ab37-4634-826d-871e445d6fbd to remote] conn.DefaultManagedHttpClientConnection 88 - http-outgoing-206: set socket timeout to 10800000
02-16-2018 14:21:18 MainClientExec.java DEBUG [Forwarding clickElement on session 3ff07c7a-ab37-4634-826d-871e445d6fbd to remote] execchain.MainClientExec 256 - Executing request POST /session/3ff07c7a-ab37-4634-826d-871e445d6fbd/element/779c7af4-25e0-47f0-a0c9-ff2687957858/click HTTP/1.1
02-16-2018 14:21:18 MainClientExec.java DEBUG [Forwarding clickElement on session 3ff07c7a-ab37-4634-826d-871e445d6fbd to remote] execchain.MainClientExec 261 - Target auth state: UNCHALLENGED
02-16-2018 14:21:18 MainClientExec.java DEBUG [Forwarding clickElement on session 3ff07c7a-ab37-4634-826d-871e445d6fbd to remote] execchain.MainClientExec 267 - Proxy auth state: UNCHALLENGED
02-16-2018 14:21:18 LoggingManagedHttpClientConnection.java DEBUG [Forwarding clickElement on session 3ff07c7a-ab37-4634-826d-871e445d6fbd to remote] http.headers 133 - http-outgoing-206 >> POST /session/3ff07c7a-ab37-4634-826d-871e445d6fbd/element/779c7af4-25e0-47f0-a0c9-ff2687957858/click HTTP/1.1
02-16-2018 14:21:18 LoggingManagedHttpClientConnection.java DEBUG [Forwarding clickElement on session 3ff07c7a-ab37-4634-826d-871e445d6fbd to remote] http.headers 136 - http-outgoing-206 >> Content-Type: application/json; charset=utf-8
02-16-2018 14:21:18 LoggingManagedHttpClientConnection.java DEBUG [Forwarding clickElement on session 3ff07c7a-ab37-4634-826d-871e445d6fbd to remote] http.headers 136 - http-outgoing-206 >> Content-Length: 45
02-16-2018 14:21:18 LoggingManagedHttpClientConnection.java DEBUG [Forwarding clickElement on session 3ff07c7a-ab37-4634-826d-871e445d6fbd to remote] http.headers 136 - http-outgoing-206 >> Host: localhost:33573
02-16-2018 14:21:18 LoggingManagedHttpClientConnection.java DEBUG [Forwarding clickElement on session 3ff07c7a-ab37-4634-826d-871e445d6fbd to remote] http.headers 136 - http-outgoing-206 >> Connection: Keep-Alive
02-16-2018 14:21:18 LoggingManagedHttpClientConnection.java DEBUG [Forwarding clickElement on session 3ff07c7a-ab37-4634-826d-871e445d6fbd to remote] http.headers 136 - http-outgoing-206 >> User-Agent: Apache-HttpClient/4.5.3 (Java/1.8.0_151)
02-16-2018 14:21:18 LoggingManagedHttpClientConnection.java DEBUG [Forwarding clickElement on session 3ff07c7a-ab37-4634-826d-871e445d6fbd to remote] http.headers 136 - http-outgoing-206 >> Accept-Encoding: gzip,deflate
02-16-2018 14:21:18 Wire.java DEBUG [Forwarding clickElement on session 3ff07c7a-ab37-4634-826d-871e445d6fbd to remote] http.wire 73 - http-outgoing-206 >> "POST /session/3ff07c7a-ab37-4634-826d-871e445d6fbd/element/779c7af4-25e0-47f0-a0c9-ff2687957858/click HTTP/1.1[\r][\n]"
02-16-2018 14:21:18 Wire.java DEBUG [Forwarding clickElement on session 3ff07c7a-ab37-4634-826d-871e445d6fbd to remote] http.wire 73 - http-outgoing-206 >> "Content-Type: application/json; charset=utf-8[\r][\n]"
02-16-2018 14:21:18 Wire.java DEBUG [Forwarding clickElement on session 3ff07c7a-ab37-4634-826d-871e445d6fbd to remote] http.wire 73 - http-outgoing-206 >> "Content-Length: 45[\r][\n]"
02-16-2018 14:21:18 Wire.java DEBUG [Forwarding clickElement on session 3ff07c7a-ab37-4634-826d-871e445d6fbd to remote] http.wire 73 - http-outgoing-206 >> "Host: localhost:33573[\r][\n]"
02-16-2018 14:21:18 Wire.java DEBUG [Forwarding clickElement on session 3ff07c7a-ab37-4634-826d-871e445d6fbd to remote] http.wire 73 - http-outgoing-206 >> "Connection: Keep-Alive[\r][\n]"
02-16-2018 14:21:18 Wire.java DEBUG [Forwarding clickElement on session 3ff07c7a-ab37-4634-826d-871e445d6fbd to remote] http.wire 73 - http-outgoing-206 >> "User-Agent: Apache-HttpClient/4.5.3 (Java/1.8.0_151)[\r][\n]"
02-16-2018 14:21:18 Wire.java DEBUG [Forwarding clickElement on session 3ff07c7a-ab37-4634-826d-871e445d6fbd to remote] http.wire 73 - http-outgoing-206 >> "Accept-Encoding: gzip,deflate[\r][\n]"
02-16-2018 14:21:18 Wire.java DEBUG [Forwarding clickElement on session 3ff07c7a-ab37-4634-826d-871e445d6fbd to remote] http.wire 73 - http-outgoing-206 >> "[\r][\n]"
02-16-2018 14:21:18 Wire.java DEBUG [Forwarding clickElement on session 3ff07c7a-ab37-4634-826d-871e445d6fbd to remote] http.wire 87 - http-outgoing-206 >> "{"id":"779c7af4-25e0-47f0-a0c9-ff2687957858"}"
02-16-2018 14:21:21 Wire.java DEBUG [Forwarding clickElement on session 3ff07c7a-ab37-4634-826d-871e445d6fbd to remote] http.wire 73 - http-outgoing-206 << "HTTP/1.1 200 OK[\r][\n]"
02-16-2018 14:21:21 Wire.java DEBUG [Forwarding clickElement on session 3ff07c7a-ab37-4634-826d-871e445d6fbd to remote] http.wire 73 - http-outgoing-206 << "Connection: close[\r][\n]"
02-16-2018 14:21:21 Wire.java DEBUG [Forwarding clickElement on session 3ff07c7a-ab37-4634-826d-871e445d6fbd to remote] http.wire 73 - http-outgoing-206 << "Content-Type: application/json; charset=utf-8[\r][\n]"
02-16-2018 14:21:21 Wire.java DEBUG [Forwarding clickElement on session 3ff07c7a-ab37-4634-826d-871e445d6fbd to remote] http.wire 73 - http-outgoing-206 << "Cache-Control: no-cache[\r][\n]"
02-16-2018 14:21:21 Wire.java DEBUG [Forwarding clickElement on session 3ff07c7a-ab37-4634-826d-871e445d6fbd to remote] http.wire 73 - http-outgoing-206 << "Content-Length: 13[\r][\n]"
02-16-2018 14:21:21 Wire.java DEBUG [Forwarding clickElement on session 3ff07c7a-ab37-4634-826d-871e445d6fbd to remote] http.wire 73 - http-outgoing-206 << "Date: Fri, 16 Feb 2018 20:21:21 GMT[\r][\n]"
02-16-2018 14:21:21 Wire.java DEBUG [Forwarding clickElement on session 3ff07c7a-ab37-4634-826d-871e445d6fbd to remote] http.wire 73 - http-outgoing-206 << "[\r][\n]"
02-16-2018 14:21:21 Wire.java DEBUG [Forwarding clickElement on session 3ff07c7a-ab37-4634-826d-871e445d6fbd to remote] http.wire 87 - http-outgoing-206 << "{"value": {}}"
02-16-2018 14:21:21 LoggingManagedHttpClientConnection.java DEBUG [Forwarding clickElement on session 3ff07c7a-ab37-4634-826d-871e445d6fbd to remote] http.headers 122 - http-outgoing-206 << HTTP/1.1 200 OK
02-16-2018 14:21:21 LoggingManagedHttpClientConnection.java DEBUG [Forwarding clickElement on session 3ff07c7a-ab37-4634-826d-871e445d6fbd to remote] http.headers 125 - http-outgoing-206 << Connection: close
02-16-2018 14:21:21 LoggingManagedHttpClientConnection.java DEBUG [Forwarding clickElement on session 3ff07c7a-ab37-4634-826d-871e445d6fbd to remote] http.headers 125 - http-outgoing-206 << Content-Type: application/json; charset=utf-8
02-16-2018 14:21:21 LoggingManagedHttpClientConnection.java DEBUG [Forwarding clickElement on session 3ff07c7a-ab37-4634-826d-871e445d6fbd to remote] http.headers 125 - http-outgoing-206 << Cache-Control: no-cache
02-16-2018 14:21:21 LoggingManagedHttpClientConnection.java DEBUG [Forwarding clickElement on session 3ff07c7a-ab37-4634-826d-871e445d6fbd to remote] http.headers 125 - http-outgoing-206 << Content-Length: 13
02-16-2018 14:21:21 LoggingManagedHttpClientConnection.java DEBUG [Forwarding clickElement on session 3ff07c7a-ab37-4634-826d-871e445d6fbd to remote] http.headers 125 - http-outgoing-206 << Date: Fri, 16 Feb 2018 20:21:21 GMT
02-16-2018 14:21:21 LoggingManagedHttpClientConnection.java DEBUG [Forwarding clickElement on session 3ff07c7a-ab37-4634-826d-871e445d6fbd to remote] conn.DefaultManagedHttpClientConnection 79 - http-outgoing-206: Close connection
02-16-2018 14:21:21 ConnectionHolder.java DEBUG [Forwarding clickElement on session 3ff07c7a-ab37-4634-826d-871e445d6fbd to remote] execchain.MainClientExec 104 - Connection discarded
02-16-2018 14:21:21 PoolingHttpClientConnectionManager.java DEBUG [Forwarding clickElement on session 3ff07c7a-ab37-4634-826d-871e445d6fbd to remote] conn.PoolingHttpClientConnectionManager 326 - Connection released: [id: 206][route: {}->http://localhost:33573][total kept alive: 0; route allocated: 0 of 2000; total allocated: 0 of 2000]
02-16-2018 14:21:21 RequestAddCookies.java DEBUG [Forwarding findElement on session 3ff07c7a-ab37-4634-826d-871e445d6fbd to remote] protocol.RequestAddCookies 123 - CookieSpec selected: default
02-16-2018 14:21:21 RequestAuthCache.java DEBUG [Forwarding findElement on session 3ff07c7a-ab37-4634-826d-871e445d6fbd to remote] protocol.RequestAuthCache 77 - Auth cache not set in the context
02-16-2018 14:21:21 PoolingHttpClientConnectionManager.java DEBUG [Forwarding findElement on session 3ff07c7a-ab37-4634-826d-871e445d6fbd to remote] conn.PoolingHttpClientConnectionManager 255 - Connection request: [route: {}->http://localhost:33573][total kept alive: 0; route allocated: 0 of 2000; total allocated: 0 of 2000]
02-16-2018 14:21:21 PoolingHttpClientConnectionManager.java DEBUG [Forwarding findElement on session 3ff07c7a-ab37-4634-826d-871e445d6fbd to remote] conn.PoolingHttpClientConnectionManager 288 - Connection leased: [id: 207][route: {}->http://localhost:33573][total kept alive: 0; route allocated: 1 of 2000; total allocated: 1 of 2000]
02-16-2018 14:21:21 MainClientExec.java DEBUG [Forwarding findElement on session 3ff07c7a-ab37-4634-826d-871e445d6fbd to remote] execchain.MainClientExec 235 - Opening connection {}->http://localhost:33573
02-16-2018 14:21:21 DefaultHttpClientConnectionOperator.java DEBUG [Forwarding findElement on session 3ff07c7a-ab37-4634-826d-871e445d6fbd to remote] conn.DefaultHttpClientConnectionOperator 139 - Connecting to localhost/127.0.0.1:33573
02-16-2018 14:21:21 DefaultHttpClientConnectionOperator.java DEBUG [Forwarding findElement on session 3ff07c7a-ab37-4634-826d-871e445d6fbd to remote] conn.DefaultHttpClientConnectionOperator 146 - Connection established 127.0.0.1:57398<->127.0.0.1:33573
02-16-2018 14:21:21 LoggingManagedHttpClientConnection.java DEBUG [Forwarding findElement on session 3ff07c7a-ab37-4634-826d-871e445d6fbd to remote] conn.DefaultManagedHttpClientConnection 88 - http-outgoing-207: set socket timeout to 10800000
02-16-2018 14:21:21 MainClientExec.java DEBUG [Forwarding findElement on session 3ff07c7a-ab37-4634-826d-871e445d6fbd to remote] execchain.MainClientExec 256 - Executing request POST /session/3ff07c7a-ab37-4634-826d-871e445d6fbd/element HTTP/1.1
02-16-2018 14:21:21 MainClientExec.java DEBUG [Forwarding findElement on session 3ff07c7a-ab37-4634-826d-871e445d6fbd to remote] execchain.MainClientExec 261 - Target auth state: UNCHALLENGED
02-16-2018 14:21:21 MainClientExec.java DEBUG [Forwarding findElement on session 3ff07c7a-ab37-4634-826d-871e445d6fbd to remote] execchain.MainClientExec 267 - Proxy auth state: UNCHALLENGED
02-16-2018 14:21:21 LoggingManagedHttpClientConnection.java DEBUG [Forwarding findElement on session 3ff07c7a-ab37-4634-826d-871e445d6fbd to remote] http.headers 133 - http-outgoing-207 >> POST /session/3ff07c7a-ab37-4634-826d-871e445d6fbd/element HTTP/1.1
02-16-2018 14:21:21 LoggingManagedHttpClientConnection.java DEBUG [Forwarding findElement on session 3ff07c7a-ab37-4634-826d-871e445d6fbd to remote] http.headers 136 - http-outgoing-207 >> Content-Type: application/json; charset=utf-8
02-16-2018 14:21:21 LoggingManagedHttpClientConnection.java DEBUG [Forwarding findElement on session 3ff07c7a-ab37-4634-826d-871e445d6fbd to remote] http.headers 136 - http-outgoing-207 >> Content-Length: 58
02-16-2018 14:21:21 LoggingManagedHttpClientConnection.java DEBUG [Forwarding findElement on session 3ff07c7a-ab37-4634-826d-871e445d6fbd to remote] http.headers 136 - http-outgoing-207 >> Host: localhost:33573
02-16-2018 14:21:21 LoggingManagedHttpClientConnection.java DEBUG [Forwarding findElement on session 3ff07c7a-ab37-4634-826d-871e445d6fbd to remote] http.headers 136 - http-outgoing-207 >> Connection: Keep-Alive
02-16-2018 14:21:21 LoggingManagedHttpClientConnection.java DEBUG [Forwarding findElement on session 3ff07c7a-ab37-4634-826d-871e445d6fbd to remote] http.headers 136 - http-outgoing-207 >> User-Agent: Apache-HttpClient/4.5.3 (Java/1.8.0_151)
02-16-2018 14:21:21 LoggingManagedHttpClientConnection.java DEBUG [Forwarding findElement on session 3ff07c7a-ab37-4634-826d-871e445d6fbd to remote] http.headers 136 - http-outgoing-207 >> Accept-Encoding: gzip,deflate
02-16-2018 14:21:21 Wire.java DEBUG [Forwarding findElement on session 3ff07c7a-ab37-4634-826d-871e445d6fbd to remote] http.wire 73 - http-outgoing-207 >> "POST /session/3ff07c7a-ab37-4634-826d-871e445d6fbd/element HTTP/1.1[\r][\n]"
02-16-2018 14:21:21 Wire.java DEBUG [Forwarding findElement on session 3ff07c7a-ab37-4634-826d-871e445d6fbd to remote] http.wire 73 - http-outgoing-207 >> "Content-Type: application/json; charset=utf-8[\r][\n]"
02-16-2018 14:21:21 Wire.java DEBUG [Forwarding findElement on session 3ff07c7a-ab37-4634-826d-871e445d6fbd to remote] http.wire 73 - http-outgoing-207 >> "Content-Length: 58[\r][\n]"
02-16-2018 14:21:21 Wire.java DEBUG [Forwarding findElement on session 3ff07c7a-ab37-4634-826d-871e445d6fbd to remote] http.wire 73 - http-outgoing-207 >> "Host: localhost:33573[\r][\n]"
02-16-2018 14:21:21 Wire.java DEBUG [Forwarding findElement on session 3ff07c7a-ab37-4634-826d-871e445d6fbd to remote] http.wire 73 - http-outgoing-207 >> "Connection: Keep-Alive[\r][\n]"
02-16-2018 14:21:21 Wire.java DEBUG [Forwarding findElement on session 3ff07c7a-ab37-4634-826d-871e445d6fbd to remote] http.wire 73 - http-outgoing-207 >> "User-Agent: Apache-HttpClient/4.5.3 (Java/1.8.0_151)[\r][\n]"
02-16-2018 14:21:21 Wire.java DEBUG [Forwarding findElement on session 3ff07c7a-ab37-4634-826d-871e445d6fbd to remote] http.wire 73 - http-outgoing-207 >> "Accept-Encoding: gzip,deflate[\r][\n]"
02-16-2018 14:21:21 Wire.java DEBUG [Forwarding findElement on session 3ff07c7a-ab37-4634-826d-871e445d6fbd to remote] http.wire 73 - http-outgoing-207 >> "[\r][\n]"
02-16-2018 14:21:21 Wire.java DEBUG [Forwarding findElement on session 3ff07c7a-ab37-4634-826d-871e445d6fbd to remote] http.wire 87 - http-outgoing-207 >> "{"value":"//*[@id\u003d\u0027name\u0027]","using":"xpath"}"
02-16-2018 14:21:21 Wire.java DEBUG [Forwarding findElement on session 3ff07c7a-ab37-4634-826d-871e445d6fbd to remote] http.wire 73 - http-outgoing-207 << "HTTP/1.1 200 OK[\r][\n]"
02-16-2018 14:21:21 Wire.java DEBUG [Forwarding findElement on session 3ff07c7a-ab37-4634-826d-871e445d6fbd to remote] http.wire 73 - http-outgoing-207 << "Connection: close[\r][\n]"
02-16-2018 14:21:21 Wire.java DEBUG [Forwarding findElement on session 3ff07c7a-ab37-4634-826d-871e445d6fbd to remote] http.wire 73 - http-outgoing-207 << "Content-Type: application/json; charset=utf-8[\r][\n]"
02-16-2018 14:21:21 Wire.java DEBUG [Forwarding findElement on session 3ff07c7a-ab37-4634-826d-871e445d6fbd to remote] http.wire 73 - http-outgoing-207 << "Cache-Control: no-cache[\r][\n]"
02-16-2018 14:21:21 Wire.java DEBUG [Forwarding findElement on session 3ff07c7a-ab37-4634-826d-871e445d6fbd to remote] http.wire 73 - http-outgoing-207 << "Content-Length: 88[\r][\n]"
02-16-2018 14:21:21 Wire.java DEBUG [Forwarding findElement on session 3ff07c7a-ab37-4634-826d-871e445d6fbd to remote] http.wire 73 - http-outgoing-207 << "Date: Fri, 16 Feb 2018 20:21:21 GMT[\r][\n]"
02-16-2018 14:21:21 Wire.java DEBUG [Forwarding findElement on session 3ff07c7a-ab37-4634-826d-871e445d6fbd to remote] http.wire 73 - http-outgoing-207 << "[\r][\n]"
02-16-2018 14:21:21 Wire.java DEBUG [Forwarding findElement on session 3ff07c7a-ab37-4634-826d-871e445d6fbd to remote] http.wire 87 - http-outgoing-207 << "{"value":{"element-6066-11e4-a52e-4f735466cecf":"667eb66f-b6cb-46c6-a698-93aa6deb0d24"}}"
02-16-2018 14:21:21 LoggingManagedHttpClientConnection.java DEBUG [Forwarding findElement on session 3ff07c7a-ab37-4634-826d-871e445d6fbd to remote] http.headers 122 - http-outgoing-207 << HTTP/1.1 200 OK
02-16-2018 14:21:21 LoggingManagedHttpClientConnection.java DEBUG [Forwarding findElement on session 3ff07c7a-ab37-4634-826d-871e445d6fbd to remote] http.headers 125 - http-outgoing-207 << Connection: close
02-16-2018 14:21:21 LoggingManagedHttpClientConnection.java DEBUG [Forwarding findElement on session 3ff07c7a-ab37-4634-826d-871e445d6fbd to remote] http.headers 125 - http-outgoing-207 << Content-Type: application/json; charset=utf-8
02-16-2018 14:21:21 LoggingManagedHttpClientConnection.java DEBUG [Forwarding findElement on session 3ff07c7a-ab37-4634-826d-871e445d6fbd to remote] http.headers 125 - http-outgoing-207 << Cache-Control: no-cache
02-16-2018 14:21:21 LoggingManagedHttpClientConnection.java DEBUG [Forwarding findElement on session 3ff07c7a-ab37-4634-826d-871e445d6fbd to remote] http.headers 125 - http-outgoing-207 << Content-Length: 88
02-16-2018 14:21:21 LoggingManagedHttpClientConnection.java DEBUG [Forwarding findElement on session 3ff07c7a-ab37-4634-826d-871e445d6fbd to remote] http.headers 125 - http-outgoing-207 << Date: Fri, 16 Feb 2018 20:21:21 GMT
02-16-2018 14:21:21 LoggingManagedHttpClientConnection.java DEBUG [Forwarding findElement on session 3ff07c7a-ab37-4634-826d-871e445d6fbd to remote] conn.DefaultManagedHttpClientConnection 79 - http-outgoing-207: Close connection
02-16-2018 14:21:21 ConnectionHolder.java DEBUG [Forwarding findElement on session 3ff07c7a-ab37-4634-826d-871e445d6fbd to remote] execchain.MainClientExec 104 - Connection discarded
02-16-2018 14:21:21 PoolingHttpClientConnectionManager.java DEBUG [Forwarding findElement on session 3ff07c7a-ab37-4634-826d-871e445d6fbd to remote] conn.PoolingHttpClientConnectionManager 326 - Connection released: [id: 207][route: {}->http://localhost:33573][total kept alive: 0; route allocated: 0 of 2000; total allocated: 0 of 2000]
02-16-2018 14:21:21 RequestAddCookies.java DEBUG [Forwarding executeScript on session 3ff07c7a-ab37-4634-826d-871e445d6fbd to remote] protocol.RequestAddCookies 123 - CookieSpec selected: default
02-16-2018 14:21:21 RequestAuthCache.java DEBUG [Forwarding executeScript on session 3ff07c7a-ab37-4634-826d-871e445d6fbd to remote] protocol.RequestAuthCache 77 - Auth cache not set in the context
02-16-2018 14:21:21 PoolingHttpClientConnectionManager.java DEBUG [Forwarding executeScript on session 3ff07c7a-ab37-4634-826d-871e445d6fbd to remote] conn.PoolingHttpClientConnectionManager 255 - Connection request: [route: {}->http://localhost:33573][total kept alive: 0; route allocated: 0 of 2000; total allocated: 0 of 2000]
02-16-2018 14:21:21 PoolingHttpClientConnectionManager.java DEBUG [Forwarding executeScript on session 3ff07c7a-ab37-4634-826d-871e445d6fbd to remote] conn.PoolingHttpClientConnectionManager 288 - Connection leased: [id: 208][route: {}->http://localhost:33573][total kept alive: 0; route allocated: 1 of 2000; total allocated: 1 of 2000]
02-16-2018 14:21:21 MainClientExec.java DEBUG [Forwarding executeScript on session 3ff07c7a-ab37-4634-826d-871e445d6fbd to remote] execchain.MainClientExec 235 - Opening connection {}->http://localhost:33573
02-16-2018 14:21:21 DefaultHttpClientConnectionOperator.java DEBUG [Forwarding executeScript on session 3ff07c7a-ab37-4634-826d-871e445d6fbd to remote] conn.DefaultHttpClientConnectionOperator 139 - Connecting to localhost/127.0.0.1:33573
02-16-2018 14:21:21 DefaultHttpClientConnectionOperator.java DEBUG [Forwarding executeScript on session 3ff07c7a-ab37-4634-826d-871e445d6fbd to remote] conn.DefaultHttpClientConnectionOperator 146 - Connection established 127.0.0.1:57399<->127.0.0.1:33573
02-16-2018 14:21:21 LoggingManagedHttpClientConnection.java DEBUG [Forwarding executeScript on session 3ff07c7a-ab37-4634-826d-871e445d6fbd to remote] conn.DefaultManagedHttpClientConnection 88 - http-outgoing-208: set socket timeout to 10800000
02-16-2018 14:21:21 MainClientExec.java DEBUG [Forwarding executeScript on session 3ff07c7a-ab37-4634-826d-871e445d6fbd to remote] execchain.MainClientExec 256 - Executing request POST /session/3ff07c7a-ab37-4634-826d-871e445d6fbd/execute/sync HTTP/1.1
02-16-2018 14:21:21 MainClientExec.java DEBUG [Forwarding executeScript on session 3ff07c7a-ab37-4634-826d-871e445d6fbd to remote] execchain.MainClientExec 261 - Target auth state: UNCHALLENGED
02-16-2018 14:21:21 MainClientExec.java DEBUG [Forwarding executeScript on session 3ff07c7a-ab37-4634-826d-871e445d6fbd to remote] execchain.MainClientExec 267 - Proxy auth state: UNCHALLENGED
02-16-2018 14:21:21 LoggingManagedHttpClientConnection.java DEBUG [Forwarding executeScript on session 3ff07c7a-ab37-4634-826d-871e445d6fbd to remote] http.headers 133 - http-outgoing-208 >> POST /session/3ff07c7a-ab37-4634-826d-871e445d6fbd/execute/sync HTTP/1.1
02-16-2018 14:21:21 LoggingManagedHttpClientConnection.java DEBUG [Forwarding executeScript on session 3ff07c7a-ab37-4634-826d-871e445d6fbd to remote] http.headers 136 - http-outgoing-208 >> Content-Type: application/json; charset=utf-8
02-16-2018 14:21:21 LoggingManagedHttpClientConnection.java DEBUG [Forwarding executeScript on session 3ff07c7a-ab37-4634-826d-871e445d6fbd to remote] http.headers 136 - http-outgoing-208 >> Content-Length: 171
02-16-2018 14:21:21 LoggingManagedHttpClientConnection.java DEBUG [Forwarding executeScript on session 3ff07c7a-ab37-4634-826d-871e445d6fbd to remote] http.headers 136 - http-outgoing-208 >> Host: localhost:33573
02-16-2018 14:21:21 LoggingManagedHttpClientConnection.java DEBUG [Forwarding executeScript on session 3ff07c7a-ab37-4634-826d-871e445d6fbd to remote] http.headers 136 - http-outgoing-208 >> Connection: Keep-Alive
02-16-2018 14:21:21 LoggingManagedHttpClientConnection.java DEBUG [Forwarding executeScript on session 3ff07c7a-ab37-4634-826d-871e445d6fbd to remote] http.headers 136 - http-outgoing-208 >> User-Agent: Apache-HttpClient/4.5.3 (Java/1.8.0_151)
02-16-2018 14:21:21 LoggingManagedHttpClientConnection.java DEBUG [Forwarding executeScript on session 3ff07c7a-ab37-4634-826d-871e445d6fbd to remote] http.headers 136 - http-outgoing-208 >> Accept-Encoding: gzip,deflate
02-16-2018 14:21:21 Wire.java DEBUG [Forwarding executeScript on session 3ff07c7a-ab37-4634-826d-871e445d6fbd to remote] http.wire 73 - http-outgoing-208 >> "POST /session/3ff07c7a-ab37-4634-826d-871e445d6fbd/execute/sync HTTP/1.1[\r][\n]"
02-16-2018 14:21:21 Wire.java DEBUG [Forwarding executeScript on session 3ff07c7a-ab37-4634-826d-871e445d6fbd to remote] http.wire 73 - http-outgoing-208 >> "Content-Type: application/json; charset=utf-8[\r][\n]"
02-16-2018 14:21:21 Wire.java DEBUG [Forwarding executeScript on session 3ff07c7a-ab37-4634-826d-871e445d6fbd to remote] http.wire 73 - http-outgoing-208 >> "Content-Length: 171[\r][\n]"
02-16-2018 14:21:21 Wire.java DEBUG [Forwarding executeScript on session 3ff07c7a-ab37-4634-826d-871e445d6fbd to remote] http.wire 73 - http-outgoing-208 >> "Host: localhost:33573[\r][\n]"
02-16-2018 14:21:21 Wire.java DEBUG [Forwarding executeScript on session 3ff07c7a-ab37-4634-826d-871e445d6fbd to remote] http.wire 73 - http-outgoing-208 >> "Connection: Keep-Alive[\r][\n]"
02-16-2018 14:21:21 Wire.java DEBUG [Forwarding executeScript on session 3ff07c7a-ab37-4634-826d-871e445d6fbd to remote] http.wire 73 - http-outgoing-208 >> "User-Agent: Apache-HttpClient/4.5.3 (Java/1.8.0_151)[\r][\n]"
02-16-2018 14:21:21 Wire.java DEBUG [Forwarding executeScript on session 3ff07c7a-ab37-4634-826d-871e445d6fbd to remote] http.wire 73 - http-outgoing-208 >> "Accept-Encoding: gzip,deflate[\r][\n]"
02-16-2018 14:21:21 Wire.java DEBUG [Forwarding executeScript on session 3ff07c7a-ab37-4634-826d-871e445d6fbd to remote] http.wire 73 - http-outgoing-208 >> "[\r][\n]"
02-16-2018 14:21:21 Wire.java DEBUG [Forwarding executeScript on session 3ff07c7a-ab37-4634-826d-871e445d6fbd to remote] http.wire 87 - http-outgoing-208 >> "{"script":"arguments[0].click();","args":[{"ELEMENT":"667eb66f-b6cb-46c6-a698-93aa6deb0d24","element-6066-11e4-a52e-4f735466cecf":"667eb66f-b6cb-46c6-a698-93aa6deb0d24"}]}"
02-16-2018 14:21:21 Wire.java DEBUG [Forwarding executeScript on session 3ff07c7a-ab37-4634-826d-871e445d6fbd to remote] http.wire 73 - http-outgoing-208 << "HTTP/1.1 200 OK[\r][\n]"
02-16-2018 14:21:21 Wire.java DEBUG [Forwarding executeScript on session 3ff07c7a-ab37-4634-826d-871e445d6fbd to remote] http.wire 73 - http-outgoing-208 << "Connection: close[\r][\n]"
02-16-2018 14:21:21 Wire.java DEBUG [Forwarding executeScript on session 3ff07c7a-ab37-4634-826d-871e445d6fbd to remote] http.wire 73 - http-outgoing-208 << "Content-Type: application/json; charset=utf-8[\r][\n]"
02-16-2018 14:21:21 Wire.java DEBUG [Forwarding executeScript on session 3ff07c7a-ab37-4634-826d-871e445d6fbd to remote] http.wire 73 - http-outgoing-208 << "Cache-Control: no-cache[\r][\n]"
02-16-2018 14:21:21 Wire.java DEBUG [Forwarding executeScript on session 3ff07c7a-ab37-4634-826d-871e445d6fbd to remote] http.wire 73 - http-outgoing-208 << "Content-Length: 14[\r][\n]"
02-16-2018 14:21:21 Wire.java DEBUG [Forwarding executeScript on session 3ff07c7a-ab37-4634-826d-871e445d6fbd to remote] http.wire 73 - http-outgoing-208 << "Date: Fri, 16 Feb 2018 20:21:21 GMT[\r][\n]"
02-16-2018 14:21:21 Wire.java DEBUG [Forwarding executeScript on session 3ff07c7a-ab37-4634-826d-871e445d6fbd to remote] http.wire 73 - http-outgoing-208 << "[\r][\n]"
02-16-2018 14:21:21 Wire.java DEBUG [Forwarding executeScript on session 3ff07c7a-ab37-4634-826d-871e445d6fbd to remote] http.wire 87 - http-outgoing-208 << "{"value":null}"
02-16-2018 14:21:21 LoggingManagedHttpClientConnection.java DEBUG [Forwarding executeScript on session 3ff07c7a-ab37-4634-826d-871e445d6fbd to remote] http.headers 122 - http-outgoing-208 << HTTP/1.1 200 OK
02-16-2018 14:21:21 LoggingManagedHttpClientConnection.java DEBUG [Forwarding executeScript on session 3ff07c7a-ab37-4634-826d-871e445d6fbd to remote] http.headers 125 - http-outgoing-208 << Connection: close
02-16-2018 14:21:21 LoggingManagedHttpClientConnection.java DEBUG [Forwarding executeScript on session 3ff07c7a-ab37-4634-826d-871e445d6fbd to remote] http.headers 125 - http-outgoing-208 << Content-Type: application/json; charset=utf-8
02-16-2018 14:21:21 LoggingManagedHttpClientConnection.java DEBUG [Forwarding executeScript on session 3ff07c7a-ab37-4634-826d-871e445d6fbd to remote] http.headers 125 - http-outgoing-208 << Cache-Control: no-cache
02-16-2018 14:21:21 LoggingManagedHttpClientConnection.java DEBUG [Forwarding executeScript on session 3ff07c7a-ab37-4634-826d-871e445d6fbd to remote] http.headers 125 - http-outgoing-208 << Content-Length: 14
02-16-2018 14:21:21 LoggingManagedHttpClientConnection.java DEBUG [Forwarding executeScript on session 3ff07c7a-ab37-4634-826d-871e445d6fbd to remote] http.headers 125 - http-outgoing-208 << Date: Fri, 16 Feb 2018 20:21:21 GMT
02-16-2018 14:21:21 LoggingManagedHttpClientConnection.java DEBUG [Forwarding executeScript on session 3ff07c7a-ab37-4634-826d-871e445d6fbd to remote] conn.DefaultManagedHttpClientConnection 79 - http-outgoing-208: Close connection
02-16-2018 14:21:21 ConnectionHolder.java DEBUG [Forwarding executeScript on session 3ff07c7a-ab37-4634-826d-871e445d6fbd to remote] execchain.MainClientExec 104 - Connection discarded
02-16-2018 14:21:21 PoolingHttpClientConnectionManager.java DEBUG [Forwarding executeScript on session 3ff07c7a-ab37-4634-826d-871e445d6fbd to remote] conn.PoolingHttpClientConnectionManager 326 - Connection released: [id: 208][route: {}->http://localhost:33573][total kept alive: 0; route allocated: 0 of 2000; total allocated: 0 of 2000]
02-16-2018 14:21:21 RequestAddCookies.java DEBUG [Forwarding findElement on session 3ff07c7a-ab37-4634-826d-871e445d6fbd to remote] protocol.RequestAddCookies 123 - CookieSpec selected: default
02-16-2018 14:21:21 RequestAuthCache.java DEBUG [Forwarding findElement on session 3ff07c7a-ab37-4634-826d-871e445d6fbd to remote] protocol.RequestAuthCache 77 - Auth cache not set in the context
02-16-2018 14:21:21 PoolingHttpClientConnectionManager.java DEBUG [Forwarding findElement on session 3ff07c7a-ab37-4634-826d-871e445d6fbd to remote] conn.PoolingHttpClientConnectionManager 255 - Connection request: [route: {}->http://localhost:33573][total kept alive: 0; route allocated: 0 of 2000; total allocated: 0 of 2000]
02-16-2018 14:21:21 PoolingHttpClientConnectionManager.java DEBUG [Forwarding findElement on session 3ff07c7a-ab37-4634-826d-871e445d6fbd to remote] conn.PoolingHttpClientConnectionManager 288 - Connection leased: [id: 209][route: {}->http://localhost:33573][total kept alive: 0; route allocated: 1 of 2000; total allocated: 1 of 2000]
02-16-2018 14:21:21 MainClientExec.java DEBUG [Forwarding findElement on session 3ff07c7a-ab37-4634-826d-871e445d6fbd to remote] execchain.MainClientExec 235 - Opening connection {}->http://localhost:33573
02-16-2018 14:21:21 DefaultHttpClientConnectionOperator.java DEBUG [Forwarding findElement on session 3ff07c7a-ab37-4634-826d-871e445d6fbd to remote] conn.DefaultHttpClientConnectionOperator 139 - Connecting to localhost/127.0.0.1:33573
02-16-2018 14:21:21 DefaultHttpClientConnectionOperator.java DEBUG [Forwarding findElement on session 3ff07c7a-ab37-4634-826d-871e445d6fbd to remote] conn.DefaultHttpClientConnectionOperator 146 - Connection established 127.0.0.1:57400<->127.0.0.1:33573
02-16-2018 14:21:21 LoggingManagedHttpClientConnection.java DEBUG [Forwarding findElement on session 3ff07c7a-ab37-4634-826d-871e445d6fbd to remote] conn.DefaultManagedHttpClientConnection 88 - http-outgoing-209: set socket timeout to 10800000
02-16-2018 14:21:21 MainClientExec.java DEBUG [Forwarding findElement on session 3ff07c7a-ab37-4634-826d-871e445d6fbd to remote] execchain.MainClientExec 256 - Executing request POST /session/3ff07c7a-ab37-4634-826d-871e445d6fbd/element HTTP/1.1
02-16-2018 14:21:21 MainClientExec.java DEBUG [Forwarding findElement on session 3ff07c7a-ab37-4634-826d-871e445d6fbd to remote] execchain.MainClientExec 261 - Target auth state: UNCHALLENGED
02-16-2018 14:21:21 MainClientExec.java DEBUG [Forwarding findElement on session 3ff07c7a-ab37-4634-826d-871e445d6fbd to remote] execchain.MainClientExec 267 - Proxy auth state: UNCHALLENGED
02-16-2018 14:21:21 LoggingManagedHttpClientConnection.java DEBUG [Forwarding findElement on session 3ff07c7a-ab37-4634-826d-871e445d6fbd to remote] http.headers 133 - http-outgoing-209 >> POST /session/3ff07c7a-ab37-4634-826d-871e445d6fbd/element HTTP/1.1
02-16-2018 14:21:21 LoggingManagedHttpClientConnection.java DEBUG [Forwarding findElement on session 3ff07c7a-ab37-4634-826d-871e445d6fbd to remote] http.headers 136 - http-outgoing-209 >> Content-Type: application/json; charset=utf-8
02-16-2018 14:21:21 LoggingManagedHttpClientConnection.java DEBUG [Forwarding findElement on session 3ff07c7a-ab37-4634-826d-871e445d6fbd to remote] http.headers 136 - http-outgoing-209 >> Content-Length: 58
02-16-2018 14:21:21 LoggingManagedHttpClientConnection.java DEBUG [Forwarding findElement on session 3ff07c7a-ab37-4634-826d-871e445d6fbd to remote] http.headers 136 - http-outgoing-209 >> Host: localhost:33573
02-16-2018 14:21:21 LoggingManagedHttpClientConnection.java DEBUG [Forwarding findElement on session 3ff07c7a-ab37-4634-826d-871e445d6fbd to remote] http.headers 136 - http-outgoing-209 >> Connection: Keep-Alive
02-16-2018 14:21:21 LoggingManagedHttpClientConnection.java DEBUG [Forwarding findElement on session 3ff07c7a-ab37-4634-826d-871e445d6fbd to remote] http.headers 136 - http-outgoing-209 >> User-Agent: Apache-HttpClient/4.5.3 (Java/1.8.0_151)
02-16-2018 14:21:21 LoggingManagedHttpClientConnection.java DEBUG [Forwarding findElement on session 3ff07c7a-ab37-4634-826d-871e445d6fbd to remote] http.headers 136 - http-outgoing-209 >> Accept-Encoding: gzip,deflate
02-16-2018 14:21:21 Wire.java DEBUG [Forwarding findElement on session 3ff07c7a-ab37-4634-826d-871e445d6fbd to remote] http.wire 73 - http-outgoing-209 >> "POST /session/3ff07c7a-ab37-4634-826d-871e445d6fbd/element HTTP/1.1[\r][\n]"
02-16-2018 14:21:21 Wire.java DEBUG [Forwarding findElement on session 3ff07c7a-ab37-4634-826d-871e445d6fbd to remote] http.wire 73 - http-outgoing-209 >> "Content-Type: application/json; charset=utf-8[\r][\n]"
02-16-2018 14:21:21 Wire.java DEBUG [Forwarding findElement on session 3ff07c7a-ab37-4634-826d-871e445d6fbd to remote] http.wire 73 - http-outgoing-209 >> "Content-Length: 58[\r][\n]"
02-16-2018 14:21:21 Wire.java DEBUG [Forwarding findElement on session 3ff07c7a-ab37-4634-826d-871e445d6fbd to remote] http.wire 73 - http-outgoing-209 >> "Host: localhost:33573[\r][\n]"
02-16-2018 14:21:21 Wire.java DEBUG [Forwarding findElement on session 3ff07c7a-ab37-4634-826d-871e445d6fbd to remote] http.wire 73 - http-outgoing-209 >> "Connection: Keep-Alive[\r][\n]"
02-16-2018 14:21:21 Wire.java DEBUG [Forwarding findElement on session 3ff07c7a-ab37-4634-826d-871e445d6fbd to remote] http.wire 73 - http-outgoing-209 >> "User-Agent: Apache-HttpClient/4.5.3 (Java/1.8.0_151)[\r][\n]"
02-16-2018 14:21:21 Wire.java DEBUG [Forwarding findElement on session 3ff07c7a-ab37-4634-826d-871e445d6fbd to remote] http.wire 73 - http-outgoing-209 >> "Accept-Encoding: gzip,deflate[\r][\n]"
02-16-2018 14:21:21 Wire.java DEBUG [Forwarding findElement on session 3ff07c7a-ab37-4634-826d-871e445d6fbd to remote] http.wire 73 - http-outgoing-209 >> "[\r][\n]"
02-16-2018 14:21:21 Wire.java DEBUG [Forwarding findElement on session 3ff07c7a-ab37-4634-826d-871e445d6fbd to remote] http.wire 87 - http-outgoing-209 >> "{"value":"//*[@id\u003d\u0027name\u0027]","using":"xpath"}"
02-16-2018 14:21:21 Wire.java DEBUG [Forwarding findElement on session 3ff07c7a-ab37-4634-826d-871e445d6fbd to remote] http.wire 73 - http-outgoing-209 << "HTTP/1.1 200 OK[\r][\n]"
02-16-2018 14:21:21 Wire.java DEBUG [Forwarding findElement on session 3ff07c7a-ab37-4634-826d-871e445d6fbd to remote] http.wire 73 - http-outgoing-209 << "Connection: close[\r][\n]"
02-16-2018 14:21:21 Wire.java DEBUG [Forwarding findElement on session 3ff07c7a-ab37-4634-826d-871e445d6fbd to remote] http.wire 73 - http-outgoing-209 << "Content-Type: application/json; charset=utf-8[\r][\n]"
02-16-2018 14:21:21 Wire.java DEBUG [Forwarding findElement on session 3ff07c7a-ab37-4634-826d-871e445d6fbd to remote] http.wire 73 - http-outgoing-209 << "Cache-Control: no-cache[\r][\n]"
02-16-2018 14:21:21 Wire.java DEBUG [Forwarding findElement on session 3ff07c7a-ab37-4634-826d-871e445d6fbd to remote] http.wire 73 - http-outgoing-209 << "Content-Length: 88[\r][\n]"
02-16-2018 14:21:21 Wire.java DEBUG [Forwarding findElement on session 3ff07c7a-ab37-4634-826d-871e445d6fbd to remote] http.wire 73 - http-outgoing-209 << "Date: Fri, 16 Feb 2018 20:21:21 GMT[\r][\n]"
02-16-2018 14:21:21 Wire.java DEBUG [Forwarding findElement on session 3ff07c7a-ab37-4634-826d-871e445d6fbd to remote] http.wire 73 - http-outgoing-209 << "[\r][\n]"
02-16-2018 14:21:21 Wire.java DEBUG [Forwarding findElement on session 3ff07c7a-ab37-4634-826d-871e445d6fbd to remote] http.wire 87 - http-outgoing-209 << "{"value":{"element-6066-11e4-a52e-4f735466cecf":"667eb66f-b6cb-46c6-a698-93aa6deb0d24"}}"
02-16-2018 14:21:21 LoggingManagedHttpClientConnection.java DEBUG [Forwarding findElement on session 3ff07c7a-ab37-4634-826d-871e445d6fbd to remote] http.headers 122 - http-outgoing-209 << HTTP/1.1 200 OK
02-16-2018 14:21:21 LoggingManagedHttpClientConnection.java DEBUG [Forwarding findElement on session 3ff07c7a-ab37-4634-826d-871e445d6fbd to remote] http.headers 125 - http-outgoing-209 << Connection: close
02-16-2018 14:21:21 LoggingManagedHttpClientConnection.java DEBUG [Forwarding findElement on session 3ff07c7a-ab37-4634-826d-871e445d6fbd to remote] http.headers 125 - http-outgoing-209 << Content-Type: application/json; charset=utf-8
02-16-2018 14:21:21 LoggingManagedHttpClientConnection.java DEBUG [Forwarding findElement on session 3ff07c7a-ab37-4634-826d-871e445d6fbd to remote] http.headers 125 - http-outgoing-209 << Cache-Control: no-cache
02-16-2018 14:21:21 LoggingManagedHttpClientConnection.java DEBUG [Forwarding findElement on session 3ff07c7a-ab37-4634-826d-871e445d6fbd to remote] http.headers 125 - http-outgoing-209 << Content-Length: 88
02-16-2018 14:21:21 LoggingManagedHttpClientConnection.java DEBUG [Forwarding findElement on session 3ff07c7a-ab37-4634-826d-871e445d6fbd to remote] http.headers 125 - http-outgoing-209 << Date: Fri, 16 Feb 2018 20:21:21 GMT
02-16-2018 14:21:21 LoggingManagedHttpClientConnection.java DEBUG [Forwarding findElement on session 3ff07c7a-ab37-4634-826d-871e445d6fbd to remote] conn.DefaultManagedHttpClientConnection 79 - http-outgoing-209: Close connection
02-16-2018 14:21:21 ConnectionHolder.java DEBUG [Forwarding findElement on session 3ff07c7a-ab37-4634-826d-871e445d6fbd to remote] execchain.MainClientExec 104 - Connection discarded
02-16-2018 14:21:21 PoolingHttpClientConnectionManager.java DEBUG [Forwarding findElement on session 3ff07c7a-ab37-4634-826d-871e445d6fbd to remote] conn.PoolingHttpClientConnectionManager 326 - Connection released: [id: 209][route: {}->http://localhost:33573][total kept alive: 0; route allocated: 0 of 2000; total allocated: 0 of 2000]
02-16-2018 14:21:21 RequestAddCookies.java DEBUG [Forwarding sendKeysToElement on session 3ff07c7a-ab37-4634-826d-871e445d6fbd to remote] protocol.RequestAddCookies 123 - CookieSpec selected: default
02-16-2018 14:21:21 RequestAuthCache.java DEBUG [Forwarding sendKeysToElement on session 3ff07c7a-ab37-4634-826d-871e445d6fbd to remote] protocol.RequestAuthCache 77 - Auth cache not set in the context
02-16-2018 14:21:21 PoolingHttpClientConnectionManager.java DEBUG [Forwarding sendKeysToElement on session 3ff07c7a-ab37-4634-826d-871e445d6fbd to remote] conn.PoolingHttpClientConnectionManager 255 - Connection request: [route: {}->http://localhost:33573][total kept alive: 0; route allocated: 0 of 2000; total allocated: 0 of 2000]
02-16-2018 14:21:21 PoolingHttpClientConnectionManager.java DEBUG [Forwarding sendKeysToElement on session 3ff07c7a-ab37-4634-826d-871e445d6fbd to remote] conn.PoolingHttpClientConnectionManager 288 - Connection leased: [id: 210][route: {}->http://localhost:33573][total kept alive: 0; route allocated: 1 of 2000; total allocated: 1 of 2000]
02-16-2018 14:21:21 MainClientExec.java DEBUG [Forwarding sendKeysToElement on session 3ff07c7a-ab37-4634-826d-871e445d6fbd to remote] execchain.MainClientExec 235 - Opening connection {}->http://localhost:33573
02-16-2018 14:21:21 DefaultHttpClientConnectionOperator.java DEBUG [Forwarding sendKeysToElement on session 3ff07c7a-ab37-4634-826d-871e445d6fbd to remote] conn.DefaultHttpClientConnectionOperator 139 - Connecting to localhost/127.0.0.1:33573
02-16-2018 14:21:21 DefaultHttpClientConnectionOperator.java DEBUG [Forwarding sendKeysToElement on session 3ff07c7a-ab37-4634-826d-871e445d6fbd to remote] conn.DefaultHttpClientConnectionOperator 146 - Connection established 127.0.0.1:57401<->127.0.0.1:33573
02-16-2018 14:21:21 LoggingManagedHttpClientConnection.java DEBUG [Forwarding sendKeysToElement on session 3ff07c7a-ab37-4634-826d-871e445d6fbd to remote] conn.DefaultManagedHttpClientConnection 88 - http-outgoing-210: set socket timeout to 10800000
02-16-2018 14:21:21 MainClientExec.java DEBUG [Forwarding sendKeysToElement on session 3ff07c7a-ab37-4634-826d-871e445d6fbd to remote] execchain.MainClientExec 256 - Executing request POST /session/3ff07c7a-ab37-4634-826d-871e445d6fbd/element/667eb66f-b6cb-46c6-a698-93aa6deb0d24/value HTTP/1.1
02-16-2018 14:21:21 MainClientExec.java DEBUG [Forwarding sendKeysToElement on session 3ff07c7a-ab37-4634-826d-871e445d6fbd to remote] execchain.MainClientExec 261 - Target auth state: UNCHALLENGED
02-16-2018 14:21:21 MainClientExec.java DEBUG [Forwarding sendKeysToElement on session 3ff07c7a-ab37-4634-826d-871e445d6fbd to remote] execchain.MainClientExec 267 - Proxy auth state: UNCHALLENGED
02-16-2018 14:21:21 LoggingManagedHttpClientConnection.java DEBUG [Forwarding sendKeysToElement on session 3ff07c7a-ab37-4634-826d-871e445d6fbd to remote] http.headers 133 - http-outgoing-210 >> POST /session/3ff07c7a-ab37-4634-826d-871e445d6fbd/element/667eb66f-b6cb-46c6-a698-93aa6deb0d24/value HTTP/1.1
02-16-2018 14:21:21 LoggingManagedHttpClientConnection.java DEBUG [Forwarding sendKeysToElement on session 3ff07c7a-ab37-4634-826d-871e445d6fbd to remote] http.headers 136 - http-outgoing-210 >> Content-Type: application/json; charset=utf-8
02-16-2018 14:21:21 LoggingManagedHttpClientConnection.java DEBUG [Forwarding sendKeysToElement on session 3ff07c7a-ab37-4634-826d-871e445d6fbd to remote] http.headers 136 - http-outgoing-210 >> Content-Length: 80
02-16-2018 14:21:21 LoggingManagedHttpClientConnection.java DEBUG [Forwarding sendKeysToElement on session 3ff07c7a-ab37-4634-826d-871e445d6fbd to remote] http.headers 136 - http-outgoing-210 >> Host: localhost:33573
02-16-2018 14:21:21 LoggingManagedHttpClientConnection.java DEBUG [Forwarding sendKeysToElement on session 3ff07c7a-ab37-4634-826d-871e445d6fbd to remote] http.headers 136 - http-outgoing-210 >> Connection: Keep-Alive
02-16-2018 14:21:21 LoggingManagedHttpClientConnection.java DEBUG [Forwarding sendKeysToElement on session 3ff07c7a-ab37-4634-826d-871e445d6fbd to remote] http.headers 136 - http-outgoing-210 >> User-Agent: Apache-HttpClient/4.5.3 (Java/1.8.0_151)
02-16-2018 14:21:21 LoggingManagedHttpClientConnection.java DEBUG [Forwarding sendKeysToElement on session 3ff07c7a-ab37-4634-826d-871e445d6fbd to remote] http.headers 136 - http-outgoing-210 >> Accept-Encoding: gzip,deflate
02-16-2018 14:21:21 Wire.java DEBUG [Forwarding sendKeysToElement on session 3ff07c7a-ab37-4634-826d-871e445d6fbd to remote] http.wire 73 - http-outgoing-210 >> "POST /session/3ff07c7a-ab37-4634-826d-871e445d6fbd/element/667eb66f-b6cb-46c6-a698-93aa6deb0d24/value HTTP/1.1[\r][\n]"
02-16-2018 14:21:21 Wire.java DEBUG [Forwarding sendKeysToElement on session 3ff07c7a-ab37-4634-826d-871e445d6fbd to remote] http.wire 73 - http-outgoing-210 >> "Content-Type: application/json; charset=utf-8[\r][\n]"
02-16-2018 14:21:21 Wire.java DEBUG [Forwarding sendKeysToElement on session 3ff07c7a-ab37-4634-826d-871e445d6fbd to remote] http.wire 73 - http-outgoing-210 >> "Content-Length: 80[\r][\n]"
02-16-2018 14:21:21 Wire.java DEBUG [Forwarding sendKeysToElement on session 3ff07c7a-ab37-4634-826d-871e445d6fbd to remote] http.wire 73 - http-outgoing-210 >> "Host: localhost:33573[\r][\n]"
02-16-2018 14:21:21 Wire.java DEBUG [Forwarding sendKeysToElement on session 3ff07c7a-ab37-4634-826d-871e445d6fbd to remote] http.wire 73 - http-outgoing-210 >> "Connection: Keep-Alive[\r][\n]"
02-16-2018 14:21:21 Wire.java DEBUG [Forwarding sendKeysToElement on session 3ff07c7a-ab37-4634-826d-871e445d6fbd to remote] http.wire 73 - http-outgoing-210 >> "User-Agent: Apache-HttpClient/4.5.3 (Java/1.8.0_151)[\r][\n]"
02-16-2018 14:21:21 Wire.java DEBUG [Forwarding sendKeysToElement on session 3ff07c7a-ab37-4634-826d-871e445d6fbd to remote] http.wire 73 - http-outgoing-210 >> "Accept-Encoding: gzip,deflate[\r][\n]"
02-16-2018 14:21:21 Wire.java DEBUG [Forwarding sendKeysToElement on session 3ff07c7a-ab37-4634-826d-871e445d6fbd to remote] http.wire 73 - http-outgoing-210 >> "[\r][\n]"
02-16-2018 14:21:21 Wire.java DEBUG [Forwarding sendKeysToElement on session 3ff07c7a-ab37-4634-826d-871e445d6fbd to remote] http.wire 87 - http-outgoing-210 >> "{"id":"667eb66f-b6cb-46c6-a698-93aa6deb0d24","text":"sv7","value":["s","v","7"]}"
02-16-2018 14:21:21 Wire.java DEBUG [Forwarding sendKeysToElement on session 3ff07c7a-ab37-4634-826d-871e445d6fbd to remote] http.wire 73 - http-outgoing-210 << "HTTP/1.1 200 OK[\r][\n]"
02-16-2018 14:21:21 Wire.java DEBUG [Forwarding sendKeysToElement on session 3ff07c7a-ab37-4634-826d-871e445d6fbd to remote] http.wire 73 - http-outgoing-210 << "Connection: close[\r][\n]"
02-16-2018 14:21:21 Wire.java DEBUG [Forwarding sendKeysToElement on session 3ff07c7a-ab37-4634-826d-871e445d6fbd to remote] http.wire 73 - http-outgoing-210 << "Content-Type: application/json; charset=utf-8[\r][\n]"
02-16-2018 14:21:21 Wire.java DEBUG [Forwarding sendKeysToElement on session 3ff07c7a-ab37-4634-826d-871e445d6fbd to remote] http.wire 73 - http-outgoing-210 << "Cache-Control: no-cache[\r][\n]"
02-16-2018 14:21:21 Wire.java DEBUG [Forwarding sendKeysToElement on session 3ff07c7a-ab37-4634-826d-871e445d6fbd to remote] http.wire 73 - http-outgoing-210 << "Content-Length: 13[\r][\n]"
02-16-2018 14:21:21 Wire.java DEBUG [Forwarding sendKeysToElement on session 3ff07c7a-ab37-4634-826d-871e445d6fbd to remote] http.wire 73 - http-outgoing-210 << "Date: Fri, 16 Feb 2018 20:21:21 GMT[\r][\n]"
02-16-2018 14:21:21 Wire.java DEBUG [Forwarding sendKeysToElement on session 3ff07c7a-ab37-4634-826d-871e445d6fbd to remote] http.wire 73 - http-outgoing-210 << "[\r][\n]"
02-16-2018 14:21:21 Wire.java DEBUG [Forwarding sendKeysToElement on session 3ff07c7a-ab37-4634-826d-871e445d6fbd to remote] http.wire 87 - http-outgoing-210 << "{"value": {}}"
02-16-2018 14:21:21 LoggingManagedHttpClientConnection.java DEBUG [Forwarding sendKeysToElement on session 3ff07c7a-ab37-4634-826d-871e445d6fbd to remote] http.headers 122 - http-outgoing-210 << HTTP/1.1 200 OK
02-16-2018 14:21:21 LoggingManagedHttpClientConnection.java DEBUG [Forwarding sendKeysToElement on session 3ff07c7a-ab37-4634-826d-871e445d6fbd to remote] http.headers 125 - http-outgoing-210 << Connection: close
02-16-2018 14:21:21 LoggingManagedHttpClientConnection.java DEBUG [Forwarding sendKeysToElement on session 3ff07c7a-ab37-4634-826d-871e445d6fbd to remote] http.headers 125 - http-outgoing-210 << Content-Type: application/json; charset=utf-8
02-16-2018 14:21:21 LoggingManagedHttpClientConnection.java DEBUG [Forwarding sendKeysToElement on session 3ff07c7a-ab37-4634-826d-871e445d6fbd to remote] http.headers 125 - http-outgoing-210 << Cache-Control: no-cache
02-16-2018 14:21:21 LoggingManagedHttpClientConnection.java DEBUG [Forwarding sendKeysToElement on session 3ff07c7a-ab37-4634-826d-871e445d6fbd to remote] http.headers 125 - http-outgoing-210 << Content-Length: 13
02-16-2018 14:21:21 LoggingManagedHttpClientConnection.java DEBUG [Forwarding sendKeysToElement on session 3ff07c7a-ab37-4634-826d-871e445d6fbd to remote] http.headers 125 - http-outgoing-210 << Date: Fri, 16 Feb 2018 20:21:21 GMT
02-16-2018 14:21:21 LoggingManagedHttpClientConnection.java DEBUG [Forwarding sendKeysToElement on session 3ff07c7a-ab37-4634-826d-871e445d6fbd to remote] conn.DefaultManagedHttpClientConnection 79 - http-outgoing-210: Close connection
02-16-2018 14:21:21 ConnectionHolder.java DEBUG [Forwarding sendKeysToElement on session 3ff07c7a-ab37-4634-826d-871e445d6fbd to remote] execchain.MainClientExec 104 - Connection discarded
02-16-2018 14:21:21 PoolingHttpClientConnectionManager.java DEBUG [Forwarding sendKeysToElement on session 3ff07c7a-ab37-4634-826d-871e445d6fbd to remote] conn.PoolingHttpClientConnectionManager 326 - Connection released: [id: 210][route: {}->http://localhost:33573][total kept alive: 0; route allocated: 0 of 2000; total allocated: 0 of 2000]
02-16-2018 14:21:21 RequestAddCookies.java DEBUG [Forwarding findElement on session 3ff07c7a-ab37-4634-826d-871e445d6fbd to remote] protocol.RequestAddCookies 123 - CookieSpec selected: default
02-16-2018 14:21:21 RequestAuthCache.java DEBUG [Forwarding findElement on session 3ff07c7a-ab37-4634-826d-871e445d6fbd to remote] protocol.RequestAuthCache 77 - Auth cache not set in the context
02-16-2018 14:21:21 PoolingHttpClientConnectionManager.java DEBUG [Forwarding findElement on session 3ff07c7a-ab37-4634-826d-871e445d6fbd to remote] conn.PoolingHttpClientConnectionManager 255 - Connection request: [route: {}->http://localhost:33573][total kept alive: 0; route allocated: 0 of 2000; total allocated: 0 of 2000]
02-16-2018 14:21:21 PoolingHttpClientConnectionManager.java DEBUG [Forwarding findElement on session 3ff07c7a-ab37-4634-826d-871e445d6fbd to remote] conn.PoolingHttpClientConnectionManager 288 - Connection leased: [id: 211][route: {}->http://localhost:33573][total kept alive: 0; route allocated: 1 of 2000; total allocated: 1 of 2000]
02-16-2018 14:21:21 MainClientExec.java DEBUG [Forwarding findElement on session 3ff07c7a-ab37-4634-826d-871e445d6fbd to remote] execchain.MainClientExec 235 - Opening connection {}->http://localhost:33573
02-16-2018 14:21:21 DefaultHttpClientConnectionOperator.java DEBUG [Forwarding findElement on session 3ff07c7a-ab37-4634-826d-871e445d6fbd to remote] conn.DefaultHttpClientConnectionOperator 139 - Connecting to localhost/127.0.0.1:33573
02-16-2018 14:21:21 DefaultHttpClientConnectionOperator.java DEBUG [Forwarding findElement on session 3ff07c7a-ab37-4634-826d-871e445d6fbd to remote] conn.DefaultHttpClientConnectionOperator 146 - Connection established 127.0.0.1:57402<->127.0.0.1:33573
02-16-2018 14:21:21 LoggingManagedHttpClientConnection.java DEBUG [Forwarding findElement on session 3ff07c7a-ab37-4634-826d-871e445d6fbd to remote] conn.DefaultManagedHttpClientConnection 88 - http-outgoing-211: set socket timeout to 10800000
02-16-2018 14:21:21 MainClientExec.java DEBUG [Forwarding findElement on session 3ff07c7a-ab37-4634-826d-871e445d6fbd to remote] execchain.MainClientExec 256 - Executing request POST /session/3ff07c7a-ab37-4634-826d-871e445d6fbd/element HTTP/1.1
02-16-2018 14:21:21 MainClientExec.java DEBUG [Forwarding findElement on session 3ff07c7a-ab37-4634-826d-871e445d6fbd to remote] execchain.MainClientExec 261 - Target auth state: UNCHALLENGED
02-16-2018 14:21:21 MainClientExec.java DEBUG [Forwarding findElement on session 3ff07c7a-ab37-4634-826d-871e445d6fbd to remote] execchain.MainClientExec 267 - Proxy auth state: UNCHALLENGED
02-16-2018 14:21:21 LoggingManagedHttpClientConnection.java DEBUG [Forwarding findElement on session 3ff07c7a-ab37-4634-826d-871e445d6fbd to remote] http.headers 133 - http-outgoing-211 >> POST /session/3ff07c7a-ab37-4634-826d-871e445d6fbd/element HTTP/1.1
02-16-2018 14:21:21 LoggingManagedHttpClientConnection.java DEBUG [Forwarding findElement on session 3ff07c7a-ab37-4634-826d-871e445d6fbd to remote] http.headers 136 - http-outgoing-211 >> Content-Type: application/json; charset=utf-8
02-16-2018 14:21:21 LoggingManagedHttpClientConnection.java DEBUG [Forwarding findElement on session 3ff07c7a-ab37-4634-826d-871e445d6fbd to remote] http.headers 136 - http-outgoing-211 >> Content-Length: 59
02-16-2018 14:21:21 LoggingManagedHttpClientConnection.java DEBUG [Forwarding findElement on session 3ff07c7a-ab37-4634-826d-871e445d6fbd to remote] http.headers 136 - http-outgoing-211 >> Host: localhost:33573
02-16-2018 14:21:21 LoggingManagedHttpClientConnection.java DEBUG [Forwarding findElement on session 3ff07c7a-ab37-4634-826d-871e445d6fbd to remote] http.headers 136 - http-outgoing-211 >> Connection: Keep-Alive
02-16-2018 14:21:21 LoggingManagedHttpClientConnection.java DEBUG [Forwarding findElement on session 3ff07c7a-ab37-4634-826d-871e445d6fbd to remote] http.headers 136 - http-outgoing-211 >> User-Agent: Apache-HttpClient/4.5.3 (Java/1.8.0_151)
02-16-2018 14:21:21 LoggingManagedHttpClientConnection.java DEBUG [Forwarding findElement on session 3ff07c7a-ab37-4634-826d-871e445d6fbd to remote] http.headers 136 - http-outgoing-211 >> Accept-Encoding: gzip,deflate
02-16-2018 14:21:21 Wire.java DEBUG [Forwarding findElement on session 3ff07c7a-ab37-4634-826d-871e445d6fbd to remote] http.wire 73 - http-outgoing-211 >> "POST /session/3ff07c7a-ab37-4634-826d-871e445d6fbd/element HTTP/1.1[\r][\n]"
02-16-2018 14:21:21 Wire.java DEBUG [Forwarding findElement on session 3ff07c7a-ab37-4634-826d-871e445d6fbd to remote] http.wire 73 - http-outgoing-211 >> "Content-Type: application/json; charset=utf-8[\r][\n]"
02-16-2018 14:21:21 Wire.java DEBUG [Forwarding findElement on session 3ff07c7a-ab37-4634-826d-871e445d6fbd to remote] http.wire 73 - http-outgoing-211 >> "Content-Length: 59[\r][\n]"
02-16-2018 14:21:21 Wire.java DEBUG [Forwarding findElement on session 3ff07c7a-ab37-4634-826d-871e445d6fbd to remote] http.wire 73 - http-outgoing-211 >> "Host: localhost:33573[\r][\n]"
02-16-2018 14:21:21 Wire.java DEBUG [Forwarding findElement on session 3ff07c7a-ab37-4634-826d-871e445d6fbd to remote] http.wire 73 - http-outgoing-211 >> "Connection: Keep-Alive[\r][\n]"
02-16-2018 14:21:21 Wire.java DEBUG [Forwarding findElement on session 3ff07c7a-ab37-4634-826d-871e445d6fbd to remote] http.wire 73 - http-outgoing-211 >> "User-Agent: Apache-HttpClient/4.5.3 (Java/1.8.0_151)[\r][\n]"
02-16-2018 14:21:21 Wire.java DEBUG [Forwarding findElement on session 3ff07c7a-ab37-4634-826d-871e445d6fbd to remote] http.wire 73 - http-outgoing-211 >> "Accept-Encoding: gzip,deflate[\r][\n]"
02-16-2018 14:21:21 Wire.java DEBUG [Forwarding findElement on session 3ff07c7a-ab37-4634-826d-871e445d6fbd to remote] http.wire 73 - http-outgoing-211 >> "[\r][\n]"
02-16-2018 14:21:21 Wire.java DEBUG [Forwarding findElement on session 3ff07c7a-ab37-4634-826d-871e445d6fbd to remote] http.wire 87 - http-outgoing-211 >> "{"value":"//*[@id\u003d\u0027email\u0027]","using":"xpath"}"
02-16-2018 14:21:21 Wire.java DEBUG [Forwarding findElement on session 3ff07c7a-ab37-4634-826d-871e445d6fbd to remote] http.wire 73 - http-outgoing-211 << "HTTP/1.1 200 OK[\r][\n]"
02-16-2018 14:21:21 Wire.java DEBUG [Forwarding findElement on session 3ff07c7a-ab37-4634-826d-871e445d6fbd to remote] http.wire 73 - http-outgoing-211 << "Connection: close[\r][\n]"
02-16-2018 14:21:21 Wire.java DEBUG [Forwarding findElement on session 3ff07c7a-ab37-4634-826d-871e445d6fbd to remote] http.wire 73 - http-outgoing-211 << "Content-Type: application/json; charset=utf-8[\r][\n]"
02-16-2018 14:21:21 Wire.java DEBUG [Forwarding findElement on session 3ff07c7a-ab37-4634-826d-871e445d6fbd to remote] http.wire 73 - http-outgoing-211 << "Cache-Control: no-cache[\r][\n]"
02-16-2018 14:21:21 Wire.java DEBUG [Forwarding findElement on session 3ff07c7a-ab37-4634-826d-871e445d6fbd to remote] http.wire 73 - http-outgoing-211 << "Content-Length: 88[\r][\n]"
02-16-2018 14:21:21 Wire.java DEBUG [Forwarding findElement on session 3ff07c7a-ab37-4634-826d-871e445d6fbd to remote] http.wire 73 - http-outgoing-211 << "Date: Fri, 16 Feb 2018 20:21:21 GMT[\r][\n]"
02-16-2018 14:21:21 Wire.java DEBUG [Forwarding findElement on session 3ff07c7a-ab37-4634-826d-871e445d6fbd to remote] http.wire 73 - http-outgoing-211 << "[\r][\n]"
02-16-2018 14:21:21 Wire.java DEBUG [Forwarding findElement on session 3ff07c7a-ab37-4634-826d-871e445d6fbd to remote] http.wire 87 - http-outgoing-211 << "{"value":{"element-6066-11e4-a52e-4f735466cecf":"552c3169-d84c-49bd-a4e2-965285ef7155"}}"
02-16-2018 14:21:21 LoggingManagedHttpClientConnection.java DEBUG [Forwarding findElement on session 3ff07c7a-ab37-4634-826d-871e445d6fbd to remote] http.headers 122 - http-outgoing-211 << HTTP/1.1 200 OK
02-16-2018 14:21:21 LoggingManagedHttpClientConnection.java DEBUG [Forwarding findElement on session 3ff07c7a-ab37-4634-826d-871e445d6fbd to remote] http.headers 125 - http-outgoing-211 << Connection: close
02-16-2018 14:21:21 LoggingManagedHttpClientConnection.java DEBUG [Forwarding findElement on session 3ff07c7a-ab37-4634-826d-871e445d6fbd to remote] http.headers 125 - http-outgoing-211 << Content-Type: application/json; charset=utf-8
02-16-2018 14:21:21 LoggingManagedHttpClientConnection.java DEBUG [Forwarding findElement on session 3ff07c7a-ab37-4634-826d-871e445d6fbd to remote] http.headers 125 - http-outgoing-211 << Cache-Control: no-cache
02-16-2018 14:21:21 LoggingManagedHttpClientConnection.java DEBUG [Forwarding findElement on session 3ff07c7a-ab37-4634-826d-871e445d6fbd to remote] http.headers 125 - http-outgoing-211 << Content-Length: 88
02-16-2018 14:21:21 LoggingManagedHttpClientConnection.java DEBUG [Forwarding findElement on session 3ff07c7a-ab37-4634-826d-871e445d6fbd to remote] http.headers 125 - http-outgoing-211 << Date: Fri, 16 Feb 2018 20:21:21 GMT
02-16-2018 14:21:21 LoggingManagedHttpClientConnection.java DEBUG [Forwarding findElement on session 3ff07c7a-ab37-4634-826d-871e445d6fbd to remote] conn.DefaultManagedHttpClientConnection 79 - http-outgoing-211: Close connection
02-16-2018 14:21:21 ConnectionHolder.java DEBUG [Forwarding findElement on session 3ff07c7a-ab37-4634-826d-871e445d6fbd to remote] execchain.MainClientExec 104 - Connection discarded
02-16-2018 14:21:21 PoolingHttpClientConnectionManager.java DEBUG [Forwarding findElement on session 3ff07c7a-ab37-4634-826d-871e445d6fbd to remote] conn.PoolingHttpClientConnectionManager 326 - Connection released: [id: 211][route: {}->http://localhost:33573][total kept alive: 0; route allocated: 0 of 2000; total allocated: 0 of 2000]
02-16-2018 14:21:21 RequestAddCookies.java DEBUG [Forwarding executeScript on session 3ff07c7a-ab37-4634-826d-871e445d6fbd to remote] protocol.RequestAddCookies 123 - CookieSpec selected: default
02-16-2018 14:21:21 RequestAuthCache.java DEBUG [Forwarding executeScript on session 3ff07c7a-ab37-4634-826d-871e445d6fbd to remote] protocol.RequestAuthCache 77 - Auth cache not set in the context
02-16-2018 14:21:21 PoolingHttpClientConnectionManager.java DEBUG [Forwarding executeScript on session 3ff07c7a-ab37-4634-826d-871e445d6fbd to remote] conn.PoolingHttpClientConnectionManager 255 - Connection request: [route: {}->http://localhost:33573][total kept alive: 0; route allocated: 0 of 2000; total allocated: 0 of 2000]
02-16-2018 14:21:21 PoolingHttpClientConnectionManager.java DEBUG [Forwarding executeScript on session 3ff07c7a-ab37-4634-826d-871e445d6fbd to remote] conn.PoolingHttpClientConnectionManager 288 - Connection leased: [id: 212][route: {}->http://localhost:33573][total kept alive: 0; route allocated: 1 of 2000; total allocated: 1 of 2000]
02-16-2018 14:21:21 MainClientExec.java DEBUG [Forwarding executeScript on session 3ff07c7a-ab37-4634-826d-871e445d6fbd to remote] execchain.MainClientExec 235 - Opening connection {}->http://localhost:33573
02-16-2018 14:21:21 DefaultHttpClientConnectionOperator.java DEBUG [Forwarding executeScript on session 3ff07c7a-ab37-4634-826d-871e445d6fbd to remote] conn.DefaultHttpClientConnectionOperator 139 - Connecting to localhost/127.0.0.1:33573
02-16-2018 14:21:21 DefaultHttpClientConnectionOperator.java DEBUG [Forwarding executeScript on session 3ff07c7a-ab37-4634-826d-871e445d6fbd to remote] conn.DefaultHttpClientConnectionOperator 146 - Connection established 127.0.0.1:57403<->127.0.0.1:33573
02-16-2018 14:21:21 LoggingManagedHttpClientConnection.java DEBUG [Forwarding executeScript on session 3ff07c7a-ab37-4634-826d-871e445d6fbd to remote] conn.DefaultManagedHttpClientConnection 88 - http-outgoing-212: set socket timeout to 10800000
02-16-2018 14:21:21 MainClientExec.java DEBUG [Forwarding executeScript on session 3ff07c7a-ab37-4634-826d-871e445d6fbd to remote] execchain.MainClientExec 256 - Executing request POST /session/3ff07c7a-ab37-4634-826d-871e445d6fbd/execute/sync HTTP/1.1
02-16-2018 14:21:21 MainClientExec.java DEBUG [Forwarding executeScript on session 3ff07c7a-ab37-4634-826d-871e445d6fbd to remote] execchain.MainClientExec 261 - Target auth state: UNCHALLENGED
02-16-2018 14:21:21 MainClientExec.java DEBUG [Forwarding executeScript on session 3ff07c7a-ab37-4634-826d-871e445d6fbd to remote] execchain.MainClientExec 267 - Proxy auth state: UNCHALLENGED
02-16-2018 14:21:21 LoggingManagedHttpClientConnection.java DEBUG [Forwarding executeScript on session 3ff07c7a-ab37-4634-826d-871e445d6fbd to remote] http.headers 133 - http-outgoing-212 >> POST /session/3ff07c7a-ab37-4634-826d-871e445d6fbd/execute/sync HTTP/1.1
02-16-2018 14:21:21 LoggingManagedHttpClientConnection.java DEBUG [Forwarding executeScript on session 3ff07c7a-ab37-4634-826d-871e445d6fbd to remote] http.headers 136 - http-outgoing-212 >> Content-Type: application/json; charset=utf-8
02-16-2018 14:21:21 LoggingManagedHttpClientConnection.java DEBUG [Forwarding executeScript on session 3ff07c7a-ab37-4634-826d-871e445d6fbd to remote] http.headers 136 - http-outgoing-212 >> Content-Length: 171
02-16-2018 14:21:21 LoggingManagedHttpClientConnection.java DEBUG [Forwarding executeScript on session 3ff07c7a-ab37-4634-826d-871e445d6fbd to remote] http.headers 136 - http-outgoing-212 >> Host: localhost:33573
02-16-2018 14:21:21 LoggingManagedHttpClientConnection.java DEBUG [Forwarding executeScript on session 3ff07c7a-ab37-4634-826d-871e445d6fbd to remote] http.headers 136 - http-outgoing-212 >> Connection: Keep-Alive
02-16-2018 14:21:21 LoggingManagedHttpClientConnection.java DEBUG [Forwarding executeScript on session 3ff07c7a-ab37-4634-826d-871e445d6fbd to remote] http.headers 136 - http-outgoing-212 >> User-Agent: Apache-HttpClient/4.5.3 (Java/1.8.0_151)
02-16-2018 14:21:21 LoggingManagedHttpClientConnection.java DEBUG [Forwarding executeScript on session 3ff07c7a-ab37-4634-826d-871e445d6fbd to remote] http.headers 136 - http-outgoing-212 >> Accept-Encoding: gzip,deflate
02-16-2018 14:21:21 Wire.java DEBUG [Forwarding executeScript on session 3ff07c7a-ab37-4634-826d-871e445d6fbd to remote] http.wire 73 - http-outgoing-212 >> "POST /session/3ff07c7a-ab37-4634-826d-871e445d6fbd/execute/sync HTTP/1.1[\r][\n]"
02-16-2018 14:21:21 Wire.java DEBUG [Forwarding executeScript on session 3ff07c7a-ab37-4634-826d-871e445d6fbd to remote] http.wire 73 - http-outgoing-212 >> "Content-Type: application/json; charset=utf-8[\r][\n]"
02-16-2018 14:21:21 Wire.java DEBUG [Forwarding executeScript on session 3ff07c7a-ab37-4634-826d-871e445d6fbd to remote] http.wire 73 - http-outgoing-212 >> "Content-Length: 171[\r][\n]"
02-16-2018 14:21:21 Wire.java DEBUG [Forwarding executeScript on session 3ff07c7a-ab37-4634-826d-871e445d6fbd to remote] http.wire 73 - http-outgoing-212 >> "Host: localhost:33573[\r][\n]"
02-16-2018 14:21:21 Wire.java DEBUG [Forwarding executeScript on session 3ff07c7a-ab37-4634-826d-871e445d6fbd to remote] http.wire 73 - http-outgoing-212 >> "Connection: Keep-Alive[\r][\n]"
02-16-2018 14:21:21 Wire.java DEBUG [Forwarding executeScript on session 3ff07c7a-ab37-4634-826d-871e445d6fbd to remote] http.wire 73 - http-outgoing-212 >> "User-Agent: Apache-HttpClient/4.5.3 (Java/1.8.0_151)[\r][\n]"
02-16-2018 14:21:21 Wire.java DEBUG [Forwarding executeScript on session 3ff07c7a-ab37-4634-826d-871e445d6fbd to remote] http.wire 73 - http-outgoing-212 >> "Accept-Encoding: gzip,deflate[\r][\n]"
02-16-2018 14:21:21 Wire.java DEBUG [Forwarding executeScript on session 3ff07c7a-ab37-4634-826d-871e445d6fbd to remote] http.wire 73 - http-outgoing-212 >> "[\r][\n]"
02-16-2018 14:21:21 Wire.java DEBUG [Forwarding executeScript on session 3ff07c7a-ab37-4634-826d-871e445d6fbd to remote] http.wire 87 - http-outgoing-212 >> "{"script":"arguments[0].click();","args":[{"ELEMENT":"552c3169-d84c-49bd-a4e2-965285ef7155","element-6066-11e4-a52e-4f735466cecf":"552c3169-d84c-49bd-a4e2-965285ef7155"}]}"
02-16-2018 14:21:21 Wire.java DEBUG [Forwarding executeScript on session 3ff07c7a-ab37-4634-826d-871e445d6fbd to remote] http.wire 73 - http-outgoing-212 << "HTTP/1.1 200 OK[\r][\n]"
02-16-2018 14:21:21 Wire.java DEBUG [Forwarding executeScript on session 3ff07c7a-ab37-4634-826d-871e445d6fbd to remote] http.wire 73 - http-outgoing-212 << "Connection: close[\r][\n]"
02-16-2018 14:21:21 Wire.java DEBUG [Forwarding executeScript on session 3ff07c7a-ab37-4634-826d-871e445d6fbd to remote] http.wire 73 - http-outgoing-212 << "Content-Type: application/json; charset=utf-8[\r][\n]"
02-16-2018 14:21:21 Wire.java DEBUG [Forwarding executeScript on session 3ff07c7a-ab37-4634-826d-871e445d6fbd to remote] http.wire 73 - http-outgoing-212 << "Cache-Control: no-cache[\r][\n]"
02-16-2018 14:21:21 Wire.java DEBUG [Forwarding executeScript on session 3ff07c7a-ab37-4634-826d-871e445d6fbd to remote] http.wire 73 - http-outgoing-212 << "Content-Length: 14[\r][\n]"
02-16-2018 14:21:21 Wire.java DEBUG [Forwarding executeScript on session 3ff07c7a-ab37-4634-826d-871e445d6fbd to remote] http.wire 73 - http-outgoing-212 << "Date: Fri, 16 Feb 2018 20:21:21 GMT[\r][\n]"
02-16-2018 14:21:21 Wire.java DEBUG [Forwarding executeScript on session 3ff07c7a-ab37-4634-826d-871e445d6fbd to remote] http.wire 73 - http-outgoing-212 << "[\r][\n]"
02-16-2018 14:21:21 Wire.java DEBUG [Forwarding executeScript on session 3ff07c7a-ab37-4634-826d-871e445d6fbd to remote] http.wire 87 - http-outgoing-212 << "{"value":null}"
02-16-2018 14:21:21 LoggingManagedHttpClientConnection.java DEBUG [Forwarding executeScript on session 3ff07c7a-ab37-4634-826d-871e445d6fbd to remote] http.headers 122 - http-outgoing-212 << HTTP/1.1 200 OK
02-16-2018 14:21:21 LoggingManagedHttpClientConnection.java DEBUG [Forwarding executeScript on session 3ff07c7a-ab37-4634-826d-871e445d6fbd to remote] http.headers 125 - http-outgoing-212 << Connection: close
02-16-2018 14:21:21 LoggingManagedHttpClientConnection.java DEBUG [Forwarding executeScript on session 3ff07c7a-ab37-4634-826d-871e445d6fbd to remote] http.headers 125 - http-outgoing-212 << Content-Type: application/json; charset=utf-8
02-16-2018 14:21:21 LoggingManagedHttpClientConnection.java DEBUG [Forwarding executeScript on session 3ff07c7a-ab37-4634-826d-871e445d6fbd to remote] http.headers 125 - http-outgoing-212 << Cache-Control: no-cache
02-16-2018 14:21:21 LoggingManagedHttpClientConnection.java DEBUG [Forwarding executeScript on session 3ff07c7a-ab37-4634-826d-871e445d6fbd to remote] http.headers 125 - http-outgoing-212 << Content-Length: 14
02-16-2018 14:21:21 LoggingManagedHttpClientConnection.java DEBUG [Forwarding executeScript on session 3ff07c7a-ab37-4634-826d-871e445d6fbd to remote] http.headers 125 - http-outgoing-212 << Date: Fri, 16 Feb 2018 20:21:21 GMT
02-16-2018 14:21:21 LoggingManagedHttpClientConnection.java DEBUG [Forwarding executeScript on session 3ff07c7a-ab37-4634-826d-871e445d6fbd to remote] conn.DefaultManagedHttpClientConnection 79 - http-outgoing-212: Close connection
02-16-2018 14:21:21 ConnectionHolder.java DEBUG [Forwarding executeScript on session 3ff07c7a-ab37-4634-826d-871e445d6fbd to remote] execchain.MainClientExec 104 - Connection discarded
02-16-2018 14:21:21 PoolingHttpClientConnectionManager.java DEBUG [Forwarding executeScript on session 3ff07c7a-ab37-4634-826d-871e445d6fbd to remote] conn.PoolingHttpClientConnectionManager 326 - Connection released: [id: 212][route: {}->http://localhost:33573][total kept alive: 0; route allocated: 0 of 2000; total allocated: 0 of 2000]
02-16-2018 14:21:21 RequestAddCookies.java DEBUG [Forwarding findElement on session 3ff07c7a-ab37-4634-826d-871e445d6fbd to remote] protocol.RequestAddCookies 123 - CookieSpec selected: default
02-16-2018 14:21:21 RequestAuthCache.java DEBUG [Forwarding findElement on session 3ff07c7a-ab37-4634-826d-871e445d6fbd to remote] protocol.RequestAuthCache 77 - Auth cache not set in the context
02-16-2018 14:21:21 PoolingHttpClientConnectionManager.java DEBUG [Forwarding findElement on session 3ff07c7a-ab37-4634-826d-871e445d6fbd to remote] conn.PoolingHttpClientConnectionManager 255 - Connection request: [route: {}->http://localhost:33573][total kept alive: 0; route allocated: 0 of 2000; total allocated: 0 of 2000]
02-16-2018 14:21:21 PoolingHttpClientConnectionManager.java DEBUG [Forwarding findElement on session 3ff07c7a-ab37-4634-826d-871e445d6fbd to remote] conn.PoolingHttpClientConnectionManager 288 - Connection leased: [id: 213][route: {}->http://localhost:33573][total kept alive: 0; route allocated: 1 of 2000; total allocated: 1 of 2000]
02-16-2018 14:21:21 MainClientExec.java DEBUG [Forwarding findElement on session 3ff07c7a-ab37-4634-826d-871e445d6fbd to remote] execchain.MainClientExec 235 - Opening connection {}->http://localhost:33573
02-16-2018 14:21:21 DefaultHttpClientConnectionOperator.java DEBUG [Forwarding findElement on session 3ff07c7a-ab37-4634-826d-871e445d6fbd to remote] conn.DefaultHttpClientConnectionOperator 139 - Connecting to localhost/127.0.0.1:33573
02-16-2018 14:21:21 DefaultHttpClientConnectionOperator.java DEBUG [Forwarding findElement on session 3ff07c7a-ab37-4634-826d-871e445d6fbd to remote] conn.DefaultHttpClientConnectionOperator 146 - Connection established 127.0.0.1:57404<->127.0.0.1:33573
02-16-2018 14:21:21 LoggingManagedHttpClientConnection.java DEBUG [Forwarding findElement on session 3ff07c7a-ab37-4634-826d-871e445d6fbd to remote] conn.DefaultManagedHttpClientConnection 88 - http-outgoing-213: set socket timeout to 10800000
02-16-2018 14:21:21 MainClientExec.java DEBUG [Forwarding findElement on session 3ff07c7a-ab37-4634-826d-871e445d6fbd to remote] execchain.MainClientExec 256 - Executing request POST /session/3ff07c7a-ab37-4634-826d-871e445d6fbd/element HTTP/1.1
02-16-2018 14:21:21 MainClientExec.java DEBUG [Forwarding findElement on session 3ff07c7a-ab37-4634-826d-871e445d6fbd to remote] execchain.MainClientExec 261 - Target auth state: UNCHALLENGED
02-16-2018 14:21:21 MainClientExec.java DEBUG [Forwarding findElement on session 3ff07c7a-ab37-4634-826d-871e445d6fbd to remote] execchain.MainClientExec 267 - Proxy auth state: UNCHALLENGED
02-16-2018 14:21:21 LoggingManagedHttpClientConnection.java DEBUG [Forwarding findElement on session 3ff07c7a-ab37-4634-826d-871e445d6fbd to remote] http.headers 133 - http-outgoing-213 >> POST /session/3ff07c7a-ab37-4634-826d-871e445d6fbd/element HTTP/1.1
02-16-2018 14:21:21 LoggingManagedHttpClientConnection.java DEBUG [Forwarding findElement on session 3ff07c7a-ab37-4634-826d-871e445d6fbd to remote] http.headers 136 - http-outgoing-213 >> Content-Type: application/json; charset=utf-8
02-16-2018 14:21:21 LoggingManagedHttpClientConnection.java DEBUG [Forwarding findElement on session 3ff07c7a-ab37-4634-826d-871e445d6fbd to remote] http.headers 136 - http-outgoing-213 >> Content-Length: 59
02-16-2018 14:21:21 LoggingManagedHttpClientConnection.java DEBUG [Forwarding findElement on session 3ff07c7a-ab37-4634-826d-871e445d6fbd to remote] http.headers 136 - http-outgoing-213 >> Host: localhost:33573
02-16-2018 14:21:21 LoggingManagedHttpClientConnection.java DEBUG [Forwarding findElement on session 3ff07c7a-ab37-4634-826d-871e445d6fbd to remote] http.headers 136 - http-outgoing-213 >> Connection: Keep-Alive
02-16-2018 14:21:21 LoggingManagedHttpClientConnection.java DEBUG [Forwarding findElement on session 3ff07c7a-ab37-4634-826d-871e445d6fbd to remote] http.headers 136 - http-outgoing-213 >> User-Agent: Apache-HttpClient/4.5.3 (Java/1.8.0_151)
02-16-2018 14:21:21 LoggingManagedHttpClientConnection.java DEBUG [Forwarding findElement on session 3ff07c7a-ab37-4634-826d-871e445d6fbd to remote] http.headers 136 - http-outgoing-213 >> Accept-Encoding: gzip,deflate
02-16-2018 14:21:21 Wire.java DEBUG [Forwarding findElement on session 3ff07c7a-ab37-4634-826d-871e445d6fbd to remote] http.wire 73 - http-outgoing-213 >> "POST /session/3ff07c7a-ab37-4634-826d-871e445d6fbd/element HTTP/1.1[\r][\n]"
02-16-2018 14:21:21 Wire.java DEBUG [Forwarding findElement on session 3ff07c7a-ab37-4634-826d-871e445d6fbd to remote] http.wire 73 - http-outgoing-213 >> "Content-Type: application/json; charset=utf-8[\r][\n]"
02-16-2018 14:21:21 Wire.java DEBUG [Forwarding findElement on session 3ff07c7a-ab37-4634-826d-871e445d6fbd to remote] http.wire 73 - http-outgoing-213 >> "Content-Length: 59[\r][\n]"
02-16-2018 14:21:21 Wire.java DEBUG [Forwarding findElement on session 3ff07c7a-ab37-4634-826d-871e445d6fbd to remote] http.wire 73 - http-outgoing-213 >> "Host: localhost:33573[\r][\n]"
02-16-2018 14:21:21 Wire.java DEBUG [Forwarding findElement on session 3ff07c7a-ab37-4634-826d-871e445d6fbd to remote] http.wire 73 - http-outgoing-213 >> "Connection: Keep-Alive[\r][\n]"
02-16-2018 14:21:21 Wire.java DEBUG [Forwarding findElement on session 3ff07c7a-ab37-4634-826d-871e445d6fbd to remote] http.wire 73 - http-outgoing-213 >> "User-Agent: Apache-HttpClient/4.5.3 (Java/1.8.0_151)[\r][\n]"
02-16-2018 14:21:21 Wire.java DEBUG [Forwarding findElement on session 3ff07c7a-ab37-4634-826d-871e445d6fbd to remote] http.wire 73 - http-outgoing-213 >> "Accept-Encoding: gzip,deflate[\r][\n]"
02-16-2018 14:21:21 Wire.java DEBUG [Forwarding findElement on session 3ff07c7a-ab37-4634-826d-871e445d6fbd to remote] http.wire 73 - http-outgoing-213 >> "[\r][\n]"
02-16-2018 14:21:21 Wire.java DEBUG [Forwarding findElement on session 3ff07c7a-ab37-4634-826d-871e445d6fbd to remote] http.wire 87 - http-outgoing-213 >> "{"value":"//*[@id\u003d\u0027email\u0027]","using":"xpath"}"
02-16-2018 14:21:21 Wire.java DEBUG [Forwarding findElement on session 3ff07c7a-ab37-4634-826d-871e445d6fbd to remote] http.wire 73 - http-outgoing-213 << "HTTP/1.1 200 OK[\r][\n]"
02-16-2018 14:21:21 Wire.java DEBUG [Forwarding findElement on session 3ff07c7a-ab37-4634-826d-871e445d6fbd to remote] http.wire 73 - http-outgoing-213 << "Connection: close[\r][\n]"
02-16-2018 14:21:21 Wire.java DEBUG [Forwarding findElement on session 3ff07c7a-ab37-4634-826d-871e445d6fbd to remote] http.wire 73 - http-outgoing-213 << "Content-Type: application/json; charset=utf-8[\r][\n]"
02-16-2018 14:21:21 Wire.java DEBUG [Forwarding findElement on session 3ff07c7a-ab37-4634-826d-871e445d6fbd to remote] http.wire 73 - http-outgoing-213 << "Cache-Control: no-cache[\r][\n]"
02-16-2018 14:21:21 Wire.java DEBUG [Forwarding findElement on session 3ff07c7a-ab37-4634-826d-871e445d6fbd to remote] http.wire 73 - http-outgoing-213 << "Content-Length: 88[\r][\n]"
02-16-2018 14:21:21 Wire.java DEBUG [Forwarding findElement on session 3ff07c7a-ab37-4634-826d-871e445d6fbd to remote] http.wire 73 - http-outgoing-213 << "Date: Fri, 16 Feb 2018 20:21:21 GMT[\r][\n]"
02-16-2018 14:21:21 Wire.java DEBUG [Forwarding findElement on session 3ff07c7a-ab37-4634-826d-871e445d6fbd to remote] http.wire 73 - http-outgoing-213 << "[\r][\n]"
02-16-2018 14:21:21 Wire.java DEBUG [Forwarding findElement on session 3ff07c7a-ab37-4634-826d-871e445d6fbd to remote] http.wire 87 - http-outgoing-213 << "{"value":{"element-6066-11e4-a52e-4f735466cecf":"552c3169-d84c-49bd-a4e2-965285ef7155"}}"
02-16-2018 14:21:21 LoggingManagedHttpClientConnection.java DEBUG [Forwarding findElement on session 3ff07c7a-ab37-4634-826d-871e445d6fbd to remote] http.headers 122 - http-outgoing-213 << HTTP/1.1 200 OK
02-16-2018 14:21:21 LoggingManagedHttpClientConnection.java DEBUG [Forwarding findElement on session 3ff07c7a-ab37-4634-826d-871e445d6fbd to remote] http.headers 125 - http-outgoing-213 << Connection: close
02-16-2018 14:21:21 LoggingManagedHttpClientConnection.java DEBUG [Forwarding findElement on session 3ff07c7a-ab37-4634-826d-871e445d6fbd to remote] http.headers 125 - http-outgoing-213 << Content-Type: application/json; charset=utf-8
02-16-2018 14:21:21 LoggingManagedHttpClientConnection.java DEBUG [Forwarding findElement on session 3ff07c7a-ab37-4634-826d-871e445d6fbd to remote] http.headers 125 - http-outgoing-213 << Cache-Control: no-cache
02-16-2018 14:21:21 LoggingManagedHttpClientConnection.java DEBUG [Forwarding findElement on session 3ff07c7a-ab37-4634-826d-871e445d6fbd to remote] http.headers 125 - http-outgoing-213 << Content-Length: 88
02-16-2018 14:21:21 LoggingManagedHttpClientConnection.java DEBUG [Forwarding findElement on session 3ff07c7a-ab37-4634-826d-871e445d6fbd to remote] http.headers 125 - http-outgoing-213 << Date: Fri, 16 Feb 2018 20:21:21 GMT
02-16-2018 14:21:21 LoggingManagedHttpClientConnection.java DEBUG [Forwarding findElement on session 3ff07c7a-ab37-4634-826d-871e445d6fbd to remote] conn.DefaultManagedHttpClientConnection 79 - http-outgoing-213: Close connection
02-16-2018 14:21:21 ConnectionHolder.java DEBUG [Forwarding findElement on session 3ff07c7a-ab37-4634-826d-871e445d6fbd to remote] execchain.MainClientExec 104 - Connection discarded
02-16-2018 14:21:21 PoolingHttpClientConnectionManager.java DEBUG [Forwarding findElement on session 3ff07c7a-ab37-4634-826d-871e445d6fbd to remote] conn.PoolingHttpClientConnectionManager 326 - Connection released: [id: 213][route: {}->http://localhost:33573][total kept alive: 0; route allocated: 0 of 2000; total allocated: 0 of 2000]
02-16-2018 14:21:21 RequestAddCookies.java DEBUG [Forwarding sendKeysToElement on session 3ff07c7a-ab37-4634-826d-871e445d6fbd to remote] protocol.RequestAddCookies 123 - CookieSpec selected: default
02-16-2018 14:21:21 RequestAuthCache.java DEBUG [Forwarding sendKeysToElement on session 3ff07c7a-ab37-4634-826d-871e445d6fbd to remote] protocol.RequestAuthCache 77 - Auth cache not set in the context
02-16-2018 14:21:21 PoolingHttpClientConnectionManager.java DEBUG [Forwarding sendKeysToElement on session 3ff07c7a-ab37-4634-826d-871e445d6fbd to remote] conn.PoolingHttpClientConnectionManager 255 - Connection request: [route: {}->http://localhost:33573][total kept alive: 0; route allocated: 0 of 2000; total allocated: 0 of 2000]
02-16-2018 14:21:21 PoolingHttpClientConnectionManager.java DEBUG [Forwarding sendKeysToElement on session 3ff07c7a-ab37-4634-826d-871e445d6fbd to remote] conn.PoolingHttpClientConnectionManager 288 - Connection leased: [id: 214][route: {}->http://localhost:33573][total kept alive: 0; route allocated: 1 of 2000; total allocated: 1 of 2000]
02-16-2018 14:21:21 MainClientExec.java DEBUG [Forwarding sendKeysToElement on session 3ff07c7a-ab37-4634-826d-871e445d6fbd to remote] execchain.MainClientExec 235 - Opening connection {}->http://localhost:33573
02-16-2018 14:21:21 DefaultHttpClientConnectionOperator.java DEBUG [Forwarding sendKeysToElement on session 3ff07c7a-ab37-4634-826d-871e445d6fbd to remote] conn.DefaultHttpClientConnectionOperator 139 - Connecting to localhost/127.0.0.1:33573
02-16-2018 14:21:21 DefaultHttpClientConnectionOperator.java DEBUG [Forwarding sendKeysToElement on session 3ff07c7a-ab37-4634-826d-871e445d6fbd to remote] conn.DefaultHttpClientConnectionOperator 146 - Connection established 127.0.0.1:57405<->127.0.0.1:33573
02-16-2018 14:21:21 LoggingManagedHttpClientConnection.java DEBUG [Forwarding sendKeysToElement on session 3ff07c7a-ab37-4634-826d-871e445d6fbd to remote] conn.DefaultManagedHttpClientConnection 88 - http-outgoing-214: set socket timeout to 10800000
02-16-2018 14:21:21 MainClientExec.java DEBUG [Forwarding sendKeysToElement on session 3ff07c7a-ab37-4634-826d-871e445d6fbd to remote] execchain.MainClientExec 256 - Executing request POST /session/3ff07c7a-ab37-4634-826d-871e445d6fbd/element/552c3169-d84c-49bd-a4e2-965285ef7155/value HTTP/1.1
02-16-2018 14:21:21 MainClientExec.java DEBUG [Forwarding sendKeysToElement on session 3ff07c7a-ab37-4634-826d-871e445d6fbd to remote] execchain.MainClientExec 261 - Target auth state: UNCHALLENGED
02-16-2018 14:21:21 MainClientExec.java DEBUG [Forwarding sendKeysToElement on session 3ff07c7a-ab37-4634-826d-871e445d6fbd to remote] execchain.MainClientExec 267 - Proxy auth state: UNCHALLENGED
02-16-2018 14:21:21 LoggingManagedHttpClientConnection.java DEBUG [Forwarding sendKeysToElement on session 3ff07c7a-ab37-4634-826d-871e445d6fbd to remote] http.headers 133 - http-outgoing-214 >> POST /session/3ff07c7a-ab37-4634-826d-871e445d6fbd/element/552c3169-d84c-49bd-a4e2-965285ef7155/value HTTP/1.1
02-16-2018 14:21:21 LoggingManagedHttpClientConnection.java DEBUG [Forwarding sendKeysToElement on session 3ff07c7a-ab37-4634-826d-871e445d6fbd to remote] http.headers 136 - http-outgoing-214 >> Content-Type: application/json; charset=utf-8
02-16-2018 14:21:21 LoggingManagedHttpClientConnection.java DEBUG [Forwarding sendKeysToElement on session 3ff07c7a-ab37-4634-826d-871e445d6fbd to remote] http.headers 136 - http-outgoing-214 >> Content-Length: 135
02-16-2018 14:21:21 LoggingManagedHttpClientConnection.java DEBUG [Forwarding sendKeysToElement on session 3ff07c7a-ab37-4634-826d-871e445d6fbd to remote] http.headers 136 - http-outgoing-214 >> Host: localhost:33573
02-16-2018 14:21:21 LoggingManagedHttpClientConnection.java DEBUG [Forwarding sendKeysToElement on session 3ff07c7a-ab37-4634-826d-871e445d6fbd to remote] http.headers 136 - http-outgoing-214 >> Connection: Keep-Alive
02-16-2018 14:21:21 LoggingManagedHttpClientConnection.java DEBUG [Forwarding sendKeysToElement on session 3ff07c7a-ab37-4634-826d-871e445d6fbd to remote] http.headers 136 - http-outgoing-214 >> User-Agent: Apache-HttpClient/4.5.3 (Java/1.8.0_151)
02-16-2018 14:21:21 LoggingManagedHttpClientConnection.java DEBUG [Forwarding sendKeysToElement on session 3ff07c7a-ab37-4634-826d-871e445d6fbd to remote] http.headers 136 - http-outgoing-214 >> Accept-Encoding: gzip,deflate
02-16-2018 14:21:21 Wire.java DEBUG [Forwarding sendKeysToElement on session 3ff07c7a-ab37-4634-826d-871e445d6fbd to remote] http.wire 73 - http-outgoing-214 >> "POST /session/3ff07c7a-ab37-4634-826d-871e445d6fbd/element/552c3169-d84c-49bd-a4e2-965285ef7155/value HTTP/1.1[\r][\n]"
02-16-2018 14:21:21 Wire.java DEBUG [Forwarding sendKeysToElement on session 3ff07c7a-ab37-4634-826d-871e445d6fbd to remote] http.wire 73 - http-outgoing-214 >> "Content-Type: application/json; charset=utf-8[\r][\n]"
02-16-2018 14:21:21 Wire.java DEBUG [Forwarding sendKeysToElement on session 3ff07c7a-ab37-4634-826d-871e445d6fbd to remote] http.wire 73 - http-outgoing-214 >> "Content-Length: 135[\r][\n]"
02-16-2018 14:21:21 Wire.java DEBUG [Forwarding sendKeysToElement on session 3ff07c7a-ab37-4634-826d-871e445d6fbd to remote] http.wire 73 - http-outgoing-214 >> "Host: localhost:33573[\r][\n]"
02-16-2018 14:21:21 Wire.java DEBUG [Forwarding sendKeysToElement on session 3ff07c7a-ab37-4634-826d-871e445d6fbd to remote] http.wire 73 - http-outgoing-214 >> "Connection: Keep-Alive[\r][\n]"
02-16-2018 14:21:21 Wire.java DEBUG [Forwarding sendKeysToElement on session 3ff07c7a-ab37-4634-826d-871e445d6fbd to remote] http.wire 73 - http-outgoing-214 >> "User-Agent: Apache-HttpClient/4.5.3 (Java/1.8.0_151)[\r][\n]"
02-16-2018 14:21:21 Wire.java DEBUG [Forwarding sendKeysToElement on session 3ff07c7a-ab37-4634-826d-871e445d6fbd to remote] http.wire 73 - http-outgoing-214 >> "Accept-Encoding: gzip,deflate[\r][\n]"
02-16-2018 14:21:21 Wire.java DEBUG [Forwarding sendKeysToElement on session 3ff07c7a-ab37-4634-826d-871e445d6fbd to remote] http.wire 73 - http-outgoing-214 >> "[\r][\n]"
02-16-2018 14:21:21 Wire.java DEBUG [Forwarding sendKeysToElement on session 3ff07c7a-ab37-4634-826d-871e445d6fbd to remote] http.wire 87 - http-outgoing-214 >> "{"id":"552c3169-d84c-49bd-a4e2-965285ef7155","text":"siri@gmail.com","value":["s","i","r","i","@","g","m","a","i","l",".","c","o","m"]}"
02-16-2018 14:21:21 Wire.java DEBUG [Forwarding sendKeysToElement on session 3ff07c7a-ab37-4634-826d-871e445d6fbd to remote] http.wire 73 - http-outgoing-214 << "HTTP/1.1 200 OK[\r][\n]"
02-16-2018 14:21:21 Wire.java DEBUG [Forwarding sendKeysToElement on session 3ff07c7a-ab37-4634-826d-871e445d6fbd to remote] http.wire 73 - http-outgoing-214 << "Connection: close[\r][\n]"
02-16-2018 14:21:21 Wire.java DEBUG [Forwarding sendKeysToElement on session 3ff07c7a-ab37-4634-826d-871e445d6fbd to remote] http.wire 73 - http-outgoing-214 << "Content-Type: application/json; charset=utf-8[\r][\n]"
02-16-2018 14:21:21 Wire.java DEBUG [Forwarding sendKeysToElement on session 3ff07c7a-ab37-4634-826d-871e445d6fbd to remote] http.wire 73 - http-outgoing-214 << "Cache-Control: no-cache[\r][\n]"
02-16-2018 14:21:21 Wire.java DEBUG [Forwarding sendKeysToElement on session 3ff07c7a-ab37-4634-826d-871e445d6fbd to remote] http.wire 73 - http-outgoing-214 << "Content-Length: 13[\r][\n]"
02-16-2018 14:21:21 Wire.java DEBUG [Forwarding sendKeysToElement on session 3ff07c7a-ab37-4634-826d-871e445d6fbd to remote] http.wire 73 - http-outgoing-214 << "Date: Fri, 16 Feb 2018 20:21:21 GMT[\r][\n]"
02-16-2018 14:21:21 Wire.java DEBUG [Forwarding sendKeysToElement on session 3ff07c7a-ab37-4634-826d-871e445d6fbd to remote] http.wire 73 - http-outgoing-214 << "[\r][\n]"
02-16-2018 14:21:21 Wire.java DEBUG [Forwarding sendKeysToElement on session 3ff07c7a-ab37-4634-826d-871e445d6fbd to remote] http.wire 87 - http-outgoing-214 << "{"value": {}}"
02-16-2018 14:21:21 LoggingManagedHttpClientConnection.java DEBUG [Forwarding sendKeysToElement on session 3ff07c7a-ab37-4634-826d-871e445d6fbd to remote] http.headers 122 - http-outgoing-214 << HTTP/1.1 200 OK
02-16-2018 14:21:21 LoggingManagedHttpClientConnection.java DEBUG [Forwarding sendKeysToElement on session 3ff07c7a-ab37-4634-826d-871e445d6fbd to remote] http.headers 125 - http-outgoing-214 << Connection: close
02-16-2018 14:21:21 LoggingManagedHttpClientConnection.java DEBUG [Forwarding sendKeysToElement on session 3ff07c7a-ab37-4634-826d-871e445d6fbd to remote] http.headers 125 - http-outgoing-214 << Content-Type: application/json; charset=utf-8
02-16-2018 14:21:21 LoggingManagedHttpClientConnection.java DEBUG [Forwarding sendKeysToElement on session 3ff07c7a-ab37-4634-826d-871e445d6fbd to remote] http.headers 125 - http-outgoing-214 << Cache-Control: no-cache
02-16-2018 14:21:21 LoggingManagedHttpClientConnection.java DEBUG [Forwarding sendKeysToElement on session 3ff07c7a-ab37-4634-826d-871e445d6fbd to remote] http.headers 125 - http-outgoing-214 << Content-Length: 13
02-16-2018 14:21:21 LoggingManagedHttpClientConnection.java DEBUG [Forwarding sendKeysToElement on session 3ff07c7a-ab37-4634-826d-871e445d6fbd to remote] http.headers 125 - http-outgoing-214 << Date: Fri, 16 Feb 2018 20:21:21 GMT
02-16-2018 14:21:21 LoggingManagedHttpClientConnection.java DEBUG [Forwarding sendKeysToElement on session 3ff07c7a-ab37-4634-826d-871e445d6fbd to remote] conn.DefaultManagedHttpClientConnection 79 - http-outgoing-214: Close connection
02-16-2018 14:21:21 ConnectionHolder.java DEBUG [Forwarding sendKeysToElement on session 3ff07c7a-ab37-4634-826d-871e445d6fbd to remote] execchain.MainClientExec 104 - Connection discarded
02-16-2018 14:21:21 PoolingHttpClientConnectionManager.java DEBUG [Forwarding sendKeysToElement on session 3ff07c7a-ab37-4634-826d-871e445d6fbd to remote] conn.PoolingHttpClientConnectionManager 326 - Connection released: [id: 214][route: {}->http://localhost:33573][total kept alive: 0; route allocated: 0 of 2000; total allocated: 0 of 2000]
02-16-2018 14:21:21 RequestAddCookies.java DEBUG [Forwarding findElement on session 3ff07c7a-ab37-4634-826d-871e445d6fbd to remote] protocol.RequestAddCookies 123 - CookieSpec selected: default
02-16-2018 14:21:21 RequestAuthCache.java DEBUG [Forwarding findElement on session 3ff07c7a-ab37-4634-826d-871e445d6fbd to remote] protocol.RequestAuthCache 77 - Auth cache not set in the context
02-16-2018 14:21:21 PoolingHttpClientConnectionManager.java DEBUG [Forwarding findElement on session 3ff07c7a-ab37-4634-826d-871e445d6fbd to remote] conn.PoolingHttpClientConnectionManager 255 - Connection request: [route: {}->http://localhost:33573][total kept alive: 0; route allocated: 0 of 2000; total allocated: 0 of 2000]
02-16-2018 14:21:21 PoolingHttpClientConnectionManager.java DEBUG [Forwarding findElement on session 3ff07c7a-ab37-4634-826d-871e445d6fbd to remote] conn.PoolingHttpClientConnectionManager 288 - Connection leased: [id: 215][route: {}->http://localhost:33573][total kept alive: 0; route allocated: 1 of 2000; total allocated: 1 of 2000]
02-16-2018 14:21:21 MainClientExec.java DEBUG [Forwarding findElement on session 3ff07c7a-ab37-4634-826d-871e445d6fbd to remote] execchain.MainClientExec 235 - Opening connection {}->http://localhost:33573
02-16-2018 14:21:21 DefaultHttpClientConnectionOperator.java DEBUG [Forwarding findElement on session 3ff07c7a-ab37-4634-826d-871e445d6fbd to remote] conn.DefaultHttpClientConnectionOperator 139 - Connecting to localhost/127.0.0.1:33573
02-16-2018 14:21:21 DefaultHttpClientConnectionOperator.java DEBUG [Forwarding findElement on session 3ff07c7a-ab37-4634-826d-871e445d6fbd to remote] conn.DefaultHttpClientConnectionOperator 146 - Connection established 127.0.0.1:57406<->127.0.0.1:33573
02-16-2018 14:21:21 LoggingManagedHttpClientConnection.java DEBUG [Forwarding findElement on session 3ff07c7a-ab37-4634-826d-871e445d6fbd to remote] conn.DefaultManagedHttpClientConnection 88 - http-outgoing-215: set socket timeout to 10800000
02-16-2018 14:21:21 MainClientExec.java DEBUG [Forwarding findElement on session 3ff07c7a-ab37-4634-826d-871e445d6fbd to remote] execchain.MainClientExec 256 - Executing request POST /session/3ff07c7a-ab37-4634-826d-871e445d6fbd/element HTTP/1.1
02-16-2018 14:21:21 MainClientExec.java DEBUG [Forwarding findElement on session 3ff07c7a-ab37-4634-826d-871e445d6fbd to remote] execchain.MainClientExec 261 - Target auth state: UNCHALLENGED
02-16-2018 14:21:21 MainClientExec.java DEBUG [Forwarding findElement on session 3ff07c7a-ab37-4634-826d-871e445d6fbd to remote] execchain.MainClientExec 267 - Proxy auth state: UNCHALLENGED
02-16-2018 14:21:21 LoggingManagedHttpClientConnection.java DEBUG [Forwarding findElement on session 3ff07c7a-ab37-4634-826d-871e445d6fbd to remote] http.headers 133 - http-outgoing-215 >> POST /session/3ff07c7a-ab37-4634-826d-871e445d6fbd/element HTTP/1.1
02-16-2018 14:21:21 LoggingManagedHttpClientConnection.java DEBUG [Forwarding findElement on session 3ff07c7a-ab37-4634-826d-871e445d6fbd to remote] http.headers 136 - http-outgoing-215 >> Content-Type: application/json; charset=utf-8
02-16-2018 14:21:21 LoggingManagedHttpClientConnection.java DEBUG [Forwarding findElement on session 3ff07c7a-ab37-4634-826d-871e445d6fbd to remote] http.headers 136 - http-outgoing-215 >> Content-Length: 62
02-16-2018 14:21:21 LoggingManagedHttpClientConnection.java DEBUG [Forwarding findElement on session 3ff07c7a-ab37-4634-826d-871e445d6fbd to remote] http.headers 136 - http-outgoing-215 >> Host: localhost:33573
02-16-2018 14:21:21 LoggingManagedHttpClientConnection.java DEBUG [Forwarding findElement on session 3ff07c7a-ab37-4634-826d-871e445d6fbd to remote] http.headers 136 - http-outgoing-215 >> Connection: Keep-Alive
02-16-2018 14:21:21 LoggingManagedHttpClientConnection.java DEBUG [Forwarding findElement on session 3ff07c7a-ab37-4634-826d-871e445d6fbd to remote] http.headers 136 - http-outgoing-215 >> User-Agent: Apache-HttpClient/4.5.3 (Java/1.8.0_151)
02-16-2018 14:21:21 LoggingManagedHttpClientConnection.java DEBUG [Forwarding findElement on session 3ff07c7a-ab37-4634-826d-871e445d6fbd to remote] http.headers 136 - http-outgoing-215 >> Accept-Encoding: gzip,deflate
02-16-2018 14:21:21 Wire.java DEBUG [Forwarding findElement on session 3ff07c7a-ab37-4634-826d-871e445d6fbd to remote] http.wire 73 - http-outgoing-215 >> "POST /session/3ff07c7a-ab37-4634-826d-871e445d6fbd/element HTTP/1.1[\r][\n]"
02-16-2018 14:21:21 Wire.java DEBUG [Forwarding findElement on session 3ff07c7a-ab37-4634-826d-871e445d6fbd to remote] http.wire 73 - http-outgoing-215 >> "Content-Type: application/json; charset=utf-8[\r][\n]"
02-16-2018 14:21:21 Wire.java DEBUG [Forwarding findElement on session 3ff07c7a-ab37-4634-826d-871e445d6fbd to remote] http.wire 73 - http-outgoing-215 >> "Content-Length: 62[\r][\n]"
02-16-2018 14:21:21 Wire.java DEBUG [Forwarding findElement on session 3ff07c7a-ab37-4634-826d-871e445d6fbd to remote] http.wire 73 - http-outgoing-215 >> "Host: localhost:33573[\r][\n]"
02-16-2018 14:21:21 Wire.java DEBUG [Forwarding findElement on session 3ff07c7a-ab37-4634-826d-871e445d6fbd to remote] http.wire 73 - http-outgoing-215 >> "Connection: Keep-Alive[\r][\n]"
02-16-2018 14:21:21 Wire.java DEBUG [Forwarding findElement on session 3ff07c7a-ab37-4634-826d-871e445d6fbd to remote] http.wire 73 - http-outgoing-215 >> "User-Agent: Apache-HttpClient/4.5.3 (Java/1.8.0_151)[\r][\n]"
02-16-2018 14:21:21 Wire.java DEBUG [Forwarding findElement on session 3ff07c7a-ab37-4634-826d-871e445d6fbd to remote] http.wire 73 - http-outgoing-215 >> "Accept-Encoding: gzip,deflate[\r][\n]"
02-16-2018 14:21:21 Wire.java DEBUG [Forwarding findElement on session 3ff07c7a-ab37-4634-826d-871e445d6fbd to remote] http.wire 73 - http-outgoing-215 >> "[\r][\n]"
02-16-2018 14:21:21 Wire.java DEBUG [Forwarding findElement on session 3ff07c7a-ab37-4634-826d-871e445d6fbd to remote] http.wire 87 - http-outgoing-215 >> "{"value":"//*[@id\u003d\u0027password\u0027]","using":"xpath"}"
02-16-2018 14:21:21 Wire.java DEBUG [Forwarding findElement on session 3ff07c7a-ab37-4634-826d-871e445d6fbd to remote] http.wire 73 - http-outgoing-215 << "HTTP/1.1 200 OK[\r][\n]"
02-16-2018 14:21:21 Wire.java DEBUG [Forwarding findElement on session 3ff07c7a-ab37-4634-826d-871e445d6fbd to remote] http.wire 73 - http-outgoing-215 << "Connection: close[\r][\n]"
02-16-2018 14:21:21 Wire.java DEBUG [Forwarding findElement on session 3ff07c7a-ab37-4634-826d-871e445d6fbd to remote] http.wire 73 - http-outgoing-215 << "Content-Type: application/json; charset=utf-8[\r][\n]"
02-16-2018 14:21:21 Wire.java DEBUG [Forwarding findElement on session 3ff07c7a-ab37-4634-826d-871e445d6fbd to remote] http.wire 73 - http-outgoing-215 << "Cache-Control: no-cache[\r][\n]"
02-16-2018 14:21:21 Wire.java DEBUG [Forwarding findElement on session 3ff07c7a-ab37-4634-826d-871e445d6fbd to remote] http.wire 73 - http-outgoing-215 << "Content-Length: 88[\r][\n]"
02-16-2018 14:21:21 Wire.java DEBUG [Forwarding findElement on session 3ff07c7a-ab37-4634-826d-871e445d6fbd to remote] http.wire 73 - http-outgoing-215 << "Date: Fri, 16 Feb 2018 20:21:21 GMT[\r][\n]"
02-16-2018 14:21:21 Wire.java DEBUG [Forwarding findElement on session 3ff07c7a-ab37-4634-826d-871e445d6fbd to remote] http.wire 73 - http-outgoing-215 << "[\r][\n]"
02-16-2018 14:21:21 Wire.java DEBUG [Forwarding findElement on session 3ff07c7a-ab37-4634-826d-871e445d6fbd to remote] http.wire 87 - http-outgoing-215 << "{"value":{"element-6066-11e4-a52e-4f735466cecf":"c8d801e0-d7a9-4fc9-8a38-bfe0619a8163"}}"
02-16-2018 14:21:21 LoggingManagedHttpClientConnection.java DEBUG [Forwarding findElement on session 3ff07c7a-ab37-4634-826d-871e445d6fbd to remote] http.headers 122 - http-outgoing-215 << HTTP/1.1 200 OK
02-16-2018 14:21:21 LoggingManagedHttpClientConnection.java DEBUG [Forwarding findElement on session 3ff07c7a-ab37-4634-826d-871e445d6fbd to remote] http.headers 125 - http-outgoing-215 << Connection: close
02-16-2018 14:21:21 LoggingManagedHttpClientConnection.java DEBUG [Forwarding findElement on session 3ff07c7a-ab37-4634-826d-871e445d6fbd to remote] http.headers 125 - http-outgoing-215 << Content-Type: application/json; charset=utf-8
02-16-2018 14:21:21 LoggingManagedHttpClientConnection.java DEBUG [Forwarding findElement on session 3ff07c7a-ab37-4634-826d-871e445d6fbd to remote] http.headers 125 - http-outgoing-215 << Cache-Control: no-cache
02-16-2018 14:21:21 LoggingManagedHttpClientConnection.java DEBUG [Forwarding findElement on session 3ff07c7a-ab37-4634-826d-871e445d6fbd to remote] http.headers 125 - http-outgoing-215 << Content-Length: 88
02-16-2018 14:21:21 LoggingManagedHttpClientConnection.java DEBUG [Forwarding findElement on session 3ff07c7a-ab37-4634-826d-871e445d6fbd to remote] http.headers 125 - http-outgoing-215 << Date: Fri, 16 Feb 2018 20:21:21 GMT
02-16-2018 14:21:21 LoggingManagedHttpClientConnection.java DEBUG [Forwarding findElement on session 3ff07c7a-ab37-4634-826d-871e445d6fbd to remote] conn.DefaultManagedHttpClientConnection 79 - http-outgoing-215: Close connection
02-16-2018 14:21:21 ConnectionHolder.java DEBUG [Forwarding findElement on session 3ff07c7a-ab37-4634-826d-871e445d6fbd to remote] execchain.MainClientExec 104 - Connection discarded
02-16-2018 14:21:21 PoolingHttpClientConnectionManager.java DEBUG [Forwarding findElement on session 3ff07c7a-ab37-4634-826d-871e445d6fbd to remote] conn.PoolingHttpClientConnectionManager 326 - Connection released: [id: 215][route: {}->http://localhost:33573][total kept alive: 0; route allocated: 0 of 2000; total allocated: 0 of 2000]
02-16-2018 14:21:21 RequestAddCookies.java DEBUG [Forwarding executeScript on session 3ff07c7a-ab37-4634-826d-871e445d6fbd to remote] protocol.RequestAddCookies 123 - CookieSpec selected: default
02-16-2018 14:21:21 RequestAuthCache.java DEBUG [Forwarding executeScript on session 3ff07c7a-ab37-4634-826d-871e445d6fbd to remote] protocol.RequestAuthCache 77 - Auth cache not set in the context
02-16-2018 14:21:21 PoolingHttpClientConnectionManager.java DEBUG [Forwarding executeScript on session 3ff07c7a-ab37-4634-826d-871e445d6fbd to remote] conn.PoolingHttpClientConnectionManager 255 - Connection request: [route: {}->http://localhost:33573][total kept alive: 0; route allocated: 0 of 2000; total allocated: 0 of 2000]
02-16-2018 14:21:21 PoolingHttpClientConnectionManager.java DEBUG [Forwarding executeScript on session 3ff07c7a-ab37-4634-826d-871e445d6fbd to remote] conn.PoolingHttpClientConnectionManager 288 - Connection leased: [id: 216][route: {}->http://localhost:33573][total kept alive: 0; route allocated: 1 of 2000; total allocated: 1 of 2000]
02-16-2018 14:21:21 MainClientExec.java DEBUG [Forwarding executeScript on session 3ff07c7a-ab37-4634-826d-871e445d6fbd to remote] execchain.MainClientExec 235 - Opening connection {}->http://localhost:33573
02-16-2018 14:21:21 DefaultHttpClientConnectionOperator.java DEBUG [Forwarding executeScript on session 3ff07c7a-ab37-4634-826d-871e445d6fbd to remote] conn.DefaultHttpClientConnectionOperator 139 - Connecting to localhost/127.0.0.1:33573
02-16-2018 14:21:21 DefaultHttpClientConnectionOperator.java DEBUG [Forwarding executeScript on session 3ff07c7a-ab37-4634-826d-871e445d6fbd to remote] conn.DefaultHttpClientConnectionOperator 146 - Connection established 127.0.0.1:57407<->127.0.0.1:33573
02-16-2018 14:21:21 LoggingManagedHttpClientConnection.java DEBUG [Forwarding executeScript on session 3ff07c7a-ab37-4634-826d-871e445d6fbd to remote] conn.DefaultManagedHttpClientConnection 88 - http-outgoing-216: set socket timeout to 10800000
02-16-2018 14:21:21 MainClientExec.java DEBUG [Forwarding executeScript on session 3ff07c7a-ab37-4634-826d-871e445d6fbd to remote] execchain.MainClientExec 256 - Executing request POST /session/3ff07c7a-ab37-4634-826d-871e445d6fbd/execute/sync HTTP/1.1
02-16-2018 14:21:21 MainClientExec.java DEBUG [Forwarding executeScript on session 3ff07c7a-ab37-4634-826d-871e445d6fbd to remote] execchain.MainClientExec 261 - Target auth state: UNCHALLENGED
02-16-2018 14:21:21 MainClientExec.java DEBUG [Forwarding executeScript on session 3ff07c7a-ab37-4634-826d-871e445d6fbd to remote] execchain.MainClientExec 267 - Proxy auth state: UNCHALLENGED
02-16-2018 14:21:21 LoggingManagedHttpClientConnection.java DEBUG [Forwarding executeScript on session 3ff07c7a-ab37-4634-826d-871e445d6fbd to remote] http.headers 133 - http-outgoing-216 >> POST /session/3ff07c7a-ab37-4634-826d-871e445d6fbd/execute/sync HTTP/1.1
02-16-2018 14:21:21 LoggingManagedHttpClientConnection.java DEBUG [Forwarding executeScript on session 3ff07c7a-ab37-4634-826d-871e445d6fbd to remote] http.headers 136 - http-outgoing-216 >> Content-Type: application/json; charset=utf-8
02-16-2018 14:21:21 LoggingManagedHttpClientConnection.java DEBUG [Forwarding executeScript on session 3ff07c7a-ab37-4634-826d-871e445d6fbd to remote] http.headers 136 - http-outgoing-216 >> Content-Length: 171
02-16-2018 14:21:21 LoggingManagedHttpClientConnection.java DEBUG [Forwarding executeScript on session 3ff07c7a-ab37-4634-826d-871e445d6fbd to remote] http.headers 136 - http-outgoing-216 >> Host: localhost:33573
02-16-2018 14:21:21 LoggingManagedHttpClientConnection.java DEBUG [Forwarding executeScript on session 3ff07c7a-ab37-4634-826d-871e445d6fbd to remote] http.headers 136 - http-outgoing-216 >> Connection: Keep-Alive
02-16-2018 14:21:21 LoggingManagedHttpClientConnection.java DEBUG [Forwarding executeScript on session 3ff07c7a-ab37-4634-826d-871e445d6fbd to remote] http.headers 136 - http-outgoing-216 >> User-Agent: Apache-HttpClient/4.5.3 (Java/1.8.0_151)
02-16-2018 14:21:21 LoggingManagedHttpClientConnection.java DEBUG [Forwarding executeScript on session 3ff07c7a-ab37-4634-826d-871e445d6fbd to remote] http.headers 136 - http-outgoing-216 >> Accept-Encoding: gzip,deflate
02-16-2018 14:21:21 Wire.java DEBUG [Forwarding executeScript on session 3ff07c7a-ab37-4634-826d-871e445d6fbd to remote] http.wire 73 - http-outgoing-216 >> "POST /session/3ff07c7a-ab37-4634-826d-871e445d6fbd/execute/sync HTTP/1.1[\r][\n]"
02-16-2018 14:21:21 Wire.java DEBUG [Forwarding executeScript on session 3ff07c7a-ab37-4634-826d-871e445d6fbd to remote] http.wire 73 - http-outgoing-216 >> "Content-Type: application/json; charset=utf-8[\r][\n]"
02-16-2018 14:21:21 Wire.java DEBUG [Forwarding executeScript on session 3ff07c7a-ab37-4634-826d-871e445d6fbd to remote] http.wire 73 - http-outgoing-216 >> "Content-Length: 171[\r][\n]"
02-16-2018 14:21:21 Wire.java DEBUG [Forwarding executeScript on session 3ff07c7a-ab37-4634-826d-871e445d6fbd to remote] http.wire 73 - http-outgoing-216 >> "Host: localhost:33573[\r][\n]"
02-16-2018 14:21:21 Wire.java DEBUG [Forwarding executeScript on session 3ff07c7a-ab37-4634-826d-871e445d6fbd to remote] http.wire 73 - http-outgoing-216 >> "Connection: Keep-Alive[\r][\n]"
02-16-2018 14:21:21 Wire.java DEBUG [Forwarding executeScript on session 3ff07c7a-ab37-4634-826d-871e445d6fbd to remote] http.wire 73 - http-outgoing-216 >> "User-Agent: Apache-HttpClient/4.5.3 (Java/1.8.0_151)[\r][\n]"
02-16-2018 14:21:21 Wire.java DEBUG [Forwarding executeScript on session 3ff07c7a-ab37-4634-826d-871e445d6fbd to remote] http.wire 73 - http-outgoing-216 >> "Accept-Encoding: gzip,deflate[\r][\n]"
02-16-2018 14:21:21 Wire.java DEBUG [Forwarding executeScript on session 3ff07c7a-ab37-4634-826d-871e445d6fbd to remote] http.wire 73 - http-outgoing-216 >> "[\r][\n]"
02-16-2018 14:21:21 Wire.java DEBUG [Forwarding executeScript on session 3ff07c7a-ab37-4634-826d-871e445d6fbd to remote] http.wire 87 - http-outgoing-216 >> "{"script":"arguments[0].click();","args":[{"ELEMENT":"c8d801e0-d7a9-4fc9-8a38-bfe0619a8163","element-6066-11e4-a52e-4f735466cecf":"c8d801e0-d7a9-4fc9-8a38-bfe0619a8163"}]}"
02-16-2018 14:21:21 Wire.java DEBUG [Forwarding executeScript on session 3ff07c7a-ab37-4634-826d-871e445d6fbd to remote] http.wire 73 - http-outgoing-216 << "HTTP/1.1 200 OK[\r][\n]"
02-16-2018 14:21:21 Wire.java DEBUG [Forwarding executeScript on session 3ff07c7a-ab37-4634-826d-871e445d6fbd to remote] http.wire 73 - http-outgoing-216 << "Connection: close[\r][\n]"
02-16-2018 14:21:21 Wire.java DEBUG [Forwarding executeScript on session 3ff07c7a-ab37-4634-826d-871e445d6fbd to remote] http.wire 73 - http-outgoing-216 << "Content-Type: application/json; charset=utf-8[\r][\n]"
02-16-2018 14:21:21 Wire.java DEBUG [Forwarding executeScript on session 3ff07c7a-ab37-4634-826d-871e445d6fbd to remote] http.wire 73 - http-outgoing-216 << "Cache-Control: no-cache[\r][\n]"
02-16-2018 14:21:21 Wire.java DEBUG [Forwarding executeScript on session 3ff07c7a-ab37-4634-826d-871e445d6fbd to remote] http.wire 73 - http-outgoing-216 << "Content-Length: 14[\r][\n]"
02-16-2018 14:21:21 Wire.java DEBUG [Forwarding executeScript on session 3ff07c7a-ab37-4634-826d-871e445d6fbd to remote] http.wire 73 - http-outgoing-216 << "Date: Fri, 16 Feb 2018 20:21:21 GMT[\r][\n]"
02-16-2018 14:21:21 Wire.java DEBUG [Forwarding executeScript on session 3ff07c7a-ab37-4634-826d-871e445d6fbd to remote] http.wire 73 - http-outgoing-216 << "[\r][\n]"
02-16-2018 14:21:21 Wire.java DEBUG [Forwarding executeScript on session 3ff07c7a-ab37-4634-826d-871e445d6fbd to remote] http.wire 87 - http-outgoing-216 << "{"value":null}"
02-16-2018 14:21:21 LoggingManagedHttpClientConnection.java DEBUG [Forwarding executeScript on session 3ff07c7a-ab37-4634-826d-871e445d6fbd to remote] http.headers 122 - http-outgoing-216 << HTTP/1.1 200 OK
02-16-2018 14:21:21 LoggingManagedHttpClientConnection.java DEBUG [Forwarding executeScript on session 3ff07c7a-ab37-4634-826d-871e445d6fbd to remote] http.headers 125 - http-outgoing-216 << Connection: close
02-16-2018 14:21:21 LoggingManagedHttpClientConnection.java DEBUG [Forwarding executeScript on session 3ff07c7a-ab37-4634-826d-871e445d6fbd to remote] http.headers 125 - http-outgoing-216 << Content-Type: application/json; charset=utf-8
02-16-2018 14:21:21 LoggingManagedHttpClientConnection.java DEBUG [Forwarding executeScript on session 3ff07c7a-ab37-4634-826d-871e445d6fbd to remote] http.headers 125 - http-outgoing-216 << Cache-Control: no-cache
02-16-2018 14:21:21 LoggingManagedHttpClientConnection.java DEBUG [Forwarding executeScript on session 3ff07c7a-ab37-4634-826d-871e445d6fbd to remote] http.headers 125 - http-outgoing-216 << Content-Length: 14
02-16-2018 14:21:21 LoggingManagedHttpClientConnection.java DEBUG [Forwarding executeScript on session 3ff07c7a-ab37-4634-826d-871e445d6fbd to remote] http.headers 125 - http-outgoing-216 << Date: Fri, 16 Feb 2018 20:21:21 GMT
02-16-2018 14:21:21 LoggingManagedHttpClientConnection.java DEBUG [Forwarding executeScript on session 3ff07c7a-ab37-4634-826d-871e445d6fbd to remote] conn.DefaultManagedHttpClientConnection 79 - http-outgoing-216: Close connection
02-16-2018 14:21:21 ConnectionHolder.java DEBUG [Forwarding executeScript on session 3ff07c7a-ab37-4634-826d-871e445d6fbd to remote] execchain.MainClientExec 104 - Connection discarded
02-16-2018 14:21:21 PoolingHttpClientConnectionManager.java DEBUG [Forwarding executeScript on session 3ff07c7a-ab37-4634-826d-871e445d6fbd to remote] conn.PoolingHttpClientConnectionManager 326 - Connection released: [id: 216][route: {}->http://localhost:33573][total kept alive: 0; route allocated: 0 of 2000; total allocated: 0 of 2000]
02-16-2018 14:21:21 RequestAddCookies.java DEBUG [Forwarding findElement on session 3ff07c7a-ab37-4634-826d-871e445d6fbd to remote] protocol.RequestAddCookies 123 - CookieSpec selected: default
02-16-2018 14:21:21 RequestAuthCache.java DEBUG [Forwarding findElement on session 3ff07c7a-ab37-4634-826d-871e445d6fbd to remote] protocol.RequestAuthCache 77 - Auth cache not set in the context
02-16-2018 14:21:21 PoolingHttpClientConnectionManager.java DEBUG [Forwarding findElement on session 3ff07c7a-ab37-4634-826d-871e445d6fbd to remote] conn.PoolingHttpClientConnectionManager 255 - Connection request: [route: {}->http://localhost:33573][total kept alive: 0; route allocated: 0 of 2000; total allocated: 0 of 2000]
02-16-2018 14:21:21 PoolingHttpClientConnectionManager.java DEBUG [Forwarding findElement on session 3ff07c7a-ab37-4634-826d-871e445d6fbd to remote] conn.PoolingHttpClientConnectionManager 288 - Connection leased: [id: 217][route: {}->http://localhost:33573][total kept alive: 0; route allocated: 1 of 2000; total allocated: 1 of 2000]
02-16-2018 14:21:21 MainClientExec.java DEBUG [Forwarding findElement on session 3ff07c7a-ab37-4634-826d-871e445d6fbd to remote] execchain.MainClientExec 235 - Opening connection {}->http://localhost:33573
02-16-2018 14:21:21 DefaultHttpClientConnectionOperator.java DEBUG [Forwarding findElement on session 3ff07c7a-ab37-4634-826d-871e445d6fbd to remote] conn.DefaultHttpClientConnectionOperator 139 - Connecting to localhost/127.0.0.1:33573
02-16-2018 14:21:21 DefaultHttpClientConnectionOperator.java DEBUG [Forwarding findElement on session 3ff07c7a-ab37-4634-826d-871e445d6fbd to remote] conn.DefaultHttpClientConnectionOperator 146 - Connection established 127.0.0.1:57408<->127.0.0.1:33573
02-16-2018 14:21:21 LoggingManagedHttpClientConnection.java DEBUG [Forwarding findElement on session 3ff07c7a-ab37-4634-826d-871e445d6fbd to remote] conn.DefaultManagedHttpClientConnection 88 - http-outgoing-217: set socket timeout to 10800000
02-16-2018 14:21:21 MainClientExec.java DEBUG [Forwarding findElement on session 3ff07c7a-ab37-4634-826d-871e445d6fbd to remote] execchain.MainClientExec 256 - Executing request POST /session/3ff07c7a-ab37-4634-826d-871e445d6fbd/element HTTP/1.1
02-16-2018 14:21:21 MainClientExec.java DEBUG [Forwarding findElement on session 3ff07c7a-ab37-4634-826d-871e445d6fbd to remote] execchain.MainClientExec 261 - Target auth state: UNCHALLENGED
02-16-2018 14:21:21 MainClientExec.java DEBUG [Forwarding findElement on session 3ff07c7a-ab37-4634-826d-871e445d6fbd to remote] execchain.MainClientExec 267 - Proxy auth state: UNCHALLENGED
02-16-2018 14:21:21 LoggingManagedHttpClientConnection.java DEBUG [Forwarding findElement on session 3ff07c7a-ab37-4634-826d-871e445d6fbd to remote] http.headers 133 - http-outgoing-217 >> POST /session/3ff07c7a-ab37-4634-826d-871e445d6fbd/element HTTP/1.1
02-16-2018 14:21:21 LoggingManagedHttpClientConnection.java DEBUG [Forwarding findElement on session 3ff07c7a-ab37-4634-826d-871e445d6fbd to remote] http.headers 136 - http-outgoing-217 >> Content-Type: application/json; charset=utf-8
02-16-2018 14:21:21 LoggingManagedHttpClientConnection.java DEBUG [Forwarding findElement on session 3ff07c7a-ab37-4634-826d-871e445d6fbd to remote] http.headers 136 - http-outgoing-217 >> Content-Length: 62
02-16-2018 14:21:21 LoggingManagedHttpClientConnection.java DEBUG [Forwarding findElement on session 3ff07c7a-ab37-4634-826d-871e445d6fbd to remote] http.headers 136 - http-outgoing-217 >> Host: localhost:33573
02-16-2018 14:21:21 LoggingManagedHttpClientConnection.java DEBUG [Forwarding findElement on session 3ff07c7a-ab37-4634-826d-871e445d6fbd to remote] http.headers 136 - http-outgoing-217 >> Connection: Keep-Alive
02-16-2018 14:21:21 LoggingManagedHttpClientConnection.java DEBUG [Forwarding findElement on session 3ff07c7a-ab37-4634-826d-871e445d6fbd to remote] http.headers 136 - http-outgoing-217 >> User-Agent: Apache-HttpClient/4.5.3 (Java/1.8.0_151)
02-16-2018 14:21:21 LoggingManagedHttpClientConnection.java DEBUG [Forwarding findElement on session 3ff07c7a-ab37-4634-826d-871e445d6fbd to remote] http.headers 136 - http-outgoing-217 >> Accept-Encoding: gzip,deflate
02-16-2018 14:21:21 Wire.java DEBUG [Forwarding findElement on session 3ff07c7a-ab37-4634-826d-871e445d6fbd to remote] http.wire 73 - http-outgoing-217 >> "POST /session/3ff07c7a-ab37-4634-826d-871e445d6fbd/element HTTP/1.1[\r][\n]"
02-16-2018 14:21:21 Wire.java DEBUG [Forwarding findElement on session 3ff07c7a-ab37-4634-826d-871e445d6fbd to remote] http.wire 73 - http-outgoing-217 >> "Content-Type: application/json; charset=utf-8[\r][\n]"
02-16-2018 14:21:21 Wire.java DEBUG [Forwarding findElement on session 3ff07c7a-ab37-4634-826d-871e445d6fbd to remote] http.wire 73 - http-outgoing-217 >> "Content-Length: 62[\r][\n]"
02-16-2018 14:21:21 Wire.java DEBUG [Forwarding findElement on session 3ff07c7a-ab37-4634-826d-871e445d6fbd to remote] http.wire 73 - http-outgoing-217 >> "Host: localhost:33573[\r][\n]"
02-16-2018 14:21:21 Wire.java DEBUG [Forwarding findElement on session 3ff07c7a-ab37-4634-826d-871e445d6fbd to remote] http.wire 73 - http-outgoing-217 >> "Connection: Keep-Alive[\r][\n]"
02-16-2018 14:21:21 Wire.java DEBUG [Forwarding findElement on session 3ff07c7a-ab37-4634-826d-871e445d6fbd to remote] http.wire 73 - http-outgoing-217 >> "User-Agent: Apache-HttpClient/4.5.3 (Java/1.8.0_151)[\r][\n]"
02-16-2018 14:21:21 Wire.java DEBUG [Forwarding findElement on session 3ff07c7a-ab37-4634-826d-871e445d6fbd to remote] http.wire 73 - http-outgoing-217 >> "Accept-Encoding: gzip,deflate[\r][\n]"
02-16-2018 14:21:21 Wire.java DEBUG [Forwarding findElement on session 3ff07c7a-ab37-4634-826d-871e445d6fbd to remote] http.wire 73 - http-outgoing-217 >> "[\r][\n]"
02-16-2018 14:21:21 Wire.java DEBUG [Forwarding findElement on session 3ff07c7a-ab37-4634-826d-871e445d6fbd to remote] http.wire 87 - http-outgoing-217 >> "{"value":"//*[@id\u003d\u0027password\u0027]","using":"xpath"}"
02-16-2018 14:21:21 Wire.java DEBUG [Forwarding findElement on session 3ff07c7a-ab37-4634-826d-871e445d6fbd to remote] http.wire 73 - http-outgoing-217 << "HTTP/1.1 200 OK[\r][\n]"
02-16-2018 14:21:21 Wire.java DEBUG [Forwarding findElement on session 3ff07c7a-ab37-4634-826d-871e445d6fbd to remote] http.wire 73 - http-outgoing-217 << "Connection: close[\r][\n]"
02-16-2018 14:21:21 Wire.java DEBUG [Forwarding findElement on session 3ff07c7a-ab37-4634-826d-871e445d6fbd to remote] http.wire 73 - http-outgoing-217 << "Content-Type: application/json; charset=utf-8[\r][\n]"
02-16-2018 14:21:21 Wire.java DEBUG [Forwarding findElement on session 3ff07c7a-ab37-4634-826d-871e445d6fbd to remote] http.wire 73 - http-outgoing-217 << "Cache-Control: no-cache[\r][\n]"
02-16-2018 14:21:21 Wire.java DEBUG [Forwarding findElement on session 3ff07c7a-ab37-4634-826d-871e445d6fbd to remote] http.wire 73 - http-outgoing-217 << "Content-Length: 88[\r][\n]"
02-16-2018 14:21:21 Wire.java DEBUG [Forwarding findElement on session 3ff07c7a-ab37-4634-826d-871e445d6fbd to remote] http.wire 73 - http-outgoing-217 << "Date: Fri, 16 Feb 2018 20:21:21 GMT[\r][\n]"
02-16-2018 14:21:21 Wire.java DEBUG [Forwarding findElement on session 3ff07c7a-ab37-4634-826d-871e445d6fbd to remote] http.wire 73 - http-outgoing-217 << "[\r][\n]"
02-16-2018 14:21:21 Wire.java DEBUG [Forwarding findElement on session 3ff07c7a-ab37-4634-826d-871e445d6fbd to remote] http.wire 87 - http-outgoing-217 << "{"value":{"element-6066-11e4-a52e-4f735466cecf":"c8d801e0-d7a9-4fc9-8a38-bfe0619a8163"}}"
02-16-2018 14:21:21 LoggingManagedHttpClientConnection.java DEBUG [Forwarding findElement on session 3ff07c7a-ab37-4634-826d-871e445d6fbd to remote] http.headers 122 - http-outgoing-217 << HTTP/1.1 200 OK
02-16-2018 14:21:21 LoggingManagedHttpClientConnection.java DEBUG [Forwarding findElement on session 3ff07c7a-ab37-4634-826d-871e445d6fbd to remote] http.headers 125 - http-outgoing-217 << Connection: close
02-16-2018 14:21:21 LoggingManagedHttpClientConnection.java DEBUG [Forwarding findElement on session 3ff07c7a-ab37-4634-826d-871e445d6fbd to remote] http.headers 125 - http-outgoing-217 << Content-Type: application/json; charset=utf-8
02-16-2018 14:21:21 LoggingManagedHttpClientConnection.java DEBUG [Forwarding findElement on session 3ff07c7a-ab37-4634-826d-871e445d6fbd to remote] http.headers 125 - http-outgoing-217 << Cache-Control: no-cache
02-16-2018 14:21:21 LoggingManagedHttpClientConnection.java DEBUG [Forwarding findElement on session 3ff07c7a-ab37-4634-826d-871e445d6fbd to remote] http.headers 125 - http-outgoing-217 << Content-Length: 88
02-16-2018 14:21:21 LoggingManagedHttpClientConnection.java DEBUG [Forwarding findElement on session 3ff07c7a-ab37-4634-826d-871e445d6fbd to remote] http.headers 125 - http-outgoing-217 << Date: Fri, 16 Feb 2018 20:21:21 GMT
02-16-2018 14:21:21 LoggingManagedHttpClientConnection.java DEBUG [Forwarding findElement on session 3ff07c7a-ab37-4634-826d-871e445d6fbd to remote] conn.DefaultManagedHttpClientConnection 79 - http-outgoing-217: Close connection
02-16-2018 14:21:21 ConnectionHolder.java DEBUG [Forwarding findElement on session 3ff07c7a-ab37-4634-826d-871e445d6fbd to remote] execchain.MainClientExec 104 - Connection discarded
02-16-2018 14:21:21 PoolingHttpClientConnectionManager.java DEBUG [Forwarding findElement on session 3ff07c7a-ab37-4634-826d-871e445d6fbd to remote] conn.PoolingHttpClientConnectionManager 326 - Connection released: [id: 217][route: {}->http://localhost:33573][total kept alive: 0; route allocated: 0 of 2000; total allocated: 0 of 2000]
02-16-2018 14:21:21 RequestAddCookies.java DEBUG [Forwarding sendKeysToElement on session 3ff07c7a-ab37-4634-826d-871e445d6fbd to remote] protocol.RequestAddCookies 123 - CookieSpec selected: default
02-16-2018 14:21:21 RequestAuthCache.java DEBUG [Forwarding sendKeysToElement on session 3ff07c7a-ab37-4634-826d-871e445d6fbd to remote] protocol.RequestAuthCache 77 - Auth cache not set in the context
02-16-2018 14:21:21 PoolingHttpClientConnectionManager.java DEBUG [Forwarding sendKeysToElement on session 3ff07c7a-ab37-4634-826d-871e445d6fbd to remote] conn.PoolingHttpClientConnectionManager 255 - Connection request: [route: {}->http://localhost:33573][total kept alive: 0; route allocated: 0 of 2000; total allocated: 0 of 2000]
02-16-2018 14:21:21 PoolingHttpClientConnectionManager.java DEBUG [Forwarding sendKeysToElement on session 3ff07c7a-ab37-4634-826d-871e445d6fbd to remote] conn.PoolingHttpClientConnectionManager 288 - Connection leased: [id: 218][route: {}->http://localhost:33573][total kept alive: 0; route allocated: 1 of 2000; total allocated: 1 of 2000]
02-16-2018 14:21:21 MainClientExec.java DEBUG [Forwarding sendKeysToElement on session 3ff07c7a-ab37-4634-826d-871e445d6fbd to remote] execchain.MainClientExec 235 - Opening connection {}->http://localhost:33573
02-16-2018 14:21:21 DefaultHttpClientConnectionOperator.java DEBUG [Forwarding sendKeysToElement on session 3ff07c7a-ab37-4634-826d-871e445d6fbd to remote] conn.DefaultHttpClientConnectionOperator 139 - Connecting to localhost/127.0.0.1:33573
02-16-2018 14:21:21 DefaultHttpClientConnectionOperator.java DEBUG [Forwarding sendKeysToElement on session 3ff07c7a-ab37-4634-826d-871e445d6fbd to remote] conn.DefaultHttpClientConnectionOperator 146 - Connection established 127.0.0.1:57409<->127.0.0.1:33573
02-16-2018 14:21:21 LoggingManagedHttpClientConnection.java DEBUG [Forwarding sendKeysToElement on session 3ff07c7a-ab37-4634-826d-871e445d6fbd to remote] conn.DefaultManagedHttpClientConnection 88 - http-outgoing-218: set socket timeout to 10800000
02-16-2018 14:21:21 MainClientExec.java DEBUG [Forwarding sendKeysToElement on session 3ff07c7a-ab37-4634-826d-871e445d6fbd to remote] execchain.MainClientExec 256 - Executing request POST /session/3ff07c7a-ab37-4634-826d-871e445d6fbd/element/c8d801e0-d7a9-4fc9-8a38-bfe0619a8163/value HTTP/1.1
02-16-2018 14:21:21 MainClientExec.java DEBUG [Forwarding sendKeysToElement on session 3ff07c7a-ab37-4634-826d-871e445d6fbd to remote] execchain.MainClientExec 261 - Target auth state: UNCHALLENGED
02-16-2018 14:21:21 MainClientExec.java DEBUG [Forwarding sendKeysToElement on session 3ff07c7a-ab37-4634-826d-871e445d6fbd to remote] execchain.MainClientExec 267 - Proxy auth state: UNCHALLENGED
02-16-2018 14:21:21 LoggingManagedHttpClientConnection.java DEBUG [Forwarding sendKeysToElement on session 3ff07c7a-ab37-4634-826d-871e445d6fbd to remote] http.headers 133 - http-outgoing-218 >> POST /session/3ff07c7a-ab37-4634-826d-871e445d6fbd/element/c8d801e0-d7a9-4fc9-8a38-bfe0619a8163/value HTTP/1.1
02-16-2018 14:21:21 LoggingManagedHttpClientConnection.java DEBUG [Forwarding sendKeysToElement on session 3ff07c7a-ab37-4634-826d-871e445d6fbd to remote] http.headers 136 - http-outgoing-218 >> Content-Type: application/json; charset=utf-8
02-16-2018 14:21:21 LoggingManagedHttpClientConnection.java DEBUG [Forwarding sendKeysToElement on session 3ff07c7a-ab37-4634-826d-871e445d6fbd to remote] http.headers 136 - http-outgoing-218 >> Content-Length: 100
02-16-2018 14:21:21 LoggingManagedHttpClientConnection.java DEBUG [Forwarding sendKeysToElement on session 3ff07c7a-ab37-4634-826d-871e445d6fbd to remote] http.headers 136 - http-outgoing-218 >> Host: localhost:33573
02-16-2018 14:21:21 LoggingManagedHttpClientConnection.java DEBUG [Forwarding sendKeysToElement on session 3ff07c7a-ab37-4634-826d-871e445d6fbd to remote] http.headers 136 - http-outgoing-218 >> Connection: Keep-Alive
02-16-2018 14:21:21 LoggingManagedHttpClientConnection.java DEBUG [Forwarding sendKeysToElement on session 3ff07c7a-ab37-4634-826d-871e445d6fbd to remote] http.headers 136 - http-outgoing-218 >> User-Agent: Apache-HttpClient/4.5.3 (Java/1.8.0_151)
02-16-2018 14:21:21 LoggingManagedHttpClientConnection.java DEBUG [Forwarding sendKeysToElement on session 3ff07c7a-ab37-4634-826d-871e445d6fbd to remote] http.headers 136 - http-outgoing-218 >> Accept-Encoding: gzip,deflate
02-16-2018 14:21:21 Wire.java DEBUG [Forwarding sendKeysToElement on session 3ff07c7a-ab37-4634-826d-871e445d6fbd to remote] http.wire 73 - http-outgoing-218 >> "POST /session/3ff07c7a-ab37-4634-826d-871e445d6fbd/element/c8d801e0-d7a9-4fc9-8a38-bfe0619a8163/value HTTP/1.1[\r][\n]"
02-16-2018 14:21:21 Wire.java DEBUG [Forwarding sendKeysToElement on session 3ff07c7a-ab37-4634-826d-871e445d6fbd to remote] http.wire 73 - http-outgoing-218 >> "Content-Type: application/json; charset=utf-8[\r][\n]"
02-16-2018 14:21:21 Wire.java DEBUG [Forwarding sendKeysToElement on session 3ff07c7a-ab37-4634-826d-871e445d6fbd to remote] http.wire 73 - http-outgoing-218 >> "Content-Length: 100[\r][\n]"
02-16-2018 14:21:21 Wire.java DEBUG [Forwarding sendKeysToElement on session 3ff07c7a-ab37-4634-826d-871e445d6fbd to remote] http.wire 73 - http-outgoing-218 >> "Host: localhost:33573[\r][\n]"
02-16-2018 14:21:21 Wire.java DEBUG [Forwarding sendKeysToElement on session 3ff07c7a-ab37-4634-826d-871e445d6fbd to remote] http.wire 73 - http-outgoing-218 >> "Connection: Keep-Alive[\r][\n]"
02-16-2018 14:21:21 Wire.java DEBUG [Forwarding sendKeysToElement on session 3ff07c7a-ab37-4634-826d-871e445d6fbd to remote] http.wire 73 - http-outgoing-218 >> "User-Agent: Apache-HttpClient/4.5.3 (Java/1.8.0_151)[\r][\n]"
02-16-2018 14:21:21 Wire.java DEBUG [Forwarding sendKeysToElement on session 3ff07c7a-ab37-4634-826d-871e445d6fbd to remote] http.wire 73 - http-outgoing-218 >> "Accept-Encoding: gzip,deflate[\r][\n]"
02-16-2018 14:21:21 Wire.java DEBUG [Forwarding sendKeysToElement on session 3ff07c7a-ab37-4634-826d-871e445d6fbd to remote] http.wire 73 - http-outgoing-218 >> "[\r][\n]"
02-16-2018 14:21:21 Wire.java DEBUG [Forwarding sendKeysToElement on session 3ff07c7a-ab37-4634-826d-871e445d6fbd to remote] http.wire 87 - http-outgoing-218 >> "{"id":"c8d801e0-d7a9-4fc9-8a38-bfe0619a8163","text":"Test123","value":["T","e","s","t","1","2","3"]}"
02-16-2018 14:21:21 Wire.java DEBUG [Forwarding sendKeysToElement on session 3ff07c7a-ab37-4634-826d-871e445d6fbd to remote] http.wire 73 - http-outgoing-218 << "HTTP/1.1 200 OK[\r][\n]"
02-16-2018 14:21:21 Wire.java DEBUG [Forwarding sendKeysToElement on session 3ff07c7a-ab37-4634-826d-871e445d6fbd to remote] http.wire 73 - http-outgoing-218 << "Connection: close[\r][\n]"
02-16-2018 14:21:21 Wire.java DEBUG [Forwarding sendKeysToElement on session 3ff07c7a-ab37-4634-826d-871e445d6fbd to remote] http.wire 73 - http-outgoing-218 << "Content-Type: application/json; charset=utf-8[\r][\n]"
02-16-2018 14:21:21 Wire.java DEBUG [Forwarding sendKeysToElement on session 3ff07c7a-ab37-4634-826d-871e445d6fbd to remote] http.wire 73 - http-outgoing-218 << "Cache-Control: no-cache[\r][\n]"
02-16-2018 14:21:21 Wire.java DEBUG [Forwarding sendKeysToElement on session 3ff07c7a-ab37-4634-826d-871e445d6fbd to remote] http.wire 73 - http-outgoing-218 << "Content-Length: 13[\r][\n]"
02-16-2018 14:21:21 Wire.java DEBUG [Forwarding sendKeysToElement on session 3ff07c7a-ab37-4634-826d-871e445d6fbd to remote] http.wire 73 - http-outgoing-218 << "Date: Fri, 16 Feb 2018 20:21:21 GMT[\r][\n]"
02-16-2018 14:21:21 Wire.java DEBUG [Forwarding sendKeysToElement on session 3ff07c7a-ab37-4634-826d-871e445d6fbd to remote] http.wire 73 - http-outgoing-218 << "[\r][\n]"
02-16-2018 14:21:21 Wire.java DEBUG [Forwarding sendKeysToElement on session 3ff07c7a-ab37-4634-826d-871e445d6fbd to remote] http.wire 87 - http-outgoing-218 << "{"value": {}}"
02-16-2018 14:21:21 LoggingManagedHttpClientConnection.java DEBUG [Forwarding sendKeysToElement on session 3ff07c7a-ab37-4634-826d-871e445d6fbd to remote] http.headers 122 - http-outgoing-218 << HTTP/1.1 200 OK
02-16-2018 14:21:21 LoggingManagedHttpClientConnection.java DEBUG [Forwarding sendKeysToElement on session 3ff07c7a-ab37-4634-826d-871e445d6fbd to remote] http.headers 125 - http-outgoing-218 << Connection: close
02-16-2018 14:21:21 LoggingManagedHttpClientConnection.java DEBUG [Forwarding sendKeysToElement on session 3ff07c7a-ab37-4634-826d-871e445d6fbd to remote] http.headers 125 - http-outgoing-218 << Content-Type: application/json; charset=utf-8
02-16-2018 14:21:21 LoggingManagedHttpClientConnection.java DEBUG [Forwarding sendKeysToElement on session 3ff07c7a-ab37-4634-826d-871e445d6fbd to remote] http.headers 125 - http-outgoing-218 << Cache-Control: no-cache
02-16-2018 14:21:21 LoggingManagedHttpClientConnection.java DEBUG [Forwarding sendKeysToElement on session 3ff07c7a-ab37-4634-826d-871e445d6fbd to remote] http.headers 125 - http-outgoing-218 << Content-Length: 13
02-16-2018 14:21:21 LoggingManagedHttpClientConnection.java DEBUG [Forwarding sendKeysToElement on session 3ff07c7a-ab37-4634-826d-871e445d6fbd to remote] http.headers 125 - http-outgoing-218 << Date: Fri, 16 Feb 2018 20:21:21 GMT
02-16-2018 14:21:21 LoggingManagedHttpClientConnection.java DEBUG [Forwarding sendKeysToElement on session 3ff07c7a-ab37-4634-826d-871e445d6fbd to remote] conn.DefaultManagedHttpClientConnection 79 - http-outgoing-218: Close connection
02-16-2018 14:21:21 ConnectionHolder.java DEBUG [Forwarding sendKeysToElement on session 3ff07c7a-ab37-4634-826d-871e445d6fbd to remote] execchain.MainClientExec 104 - Connection discarded
02-16-2018 14:21:21 PoolingHttpClientConnectionManager.java DEBUG [Forwarding sendKeysToElement on session 3ff07c7a-ab37-4634-826d-871e445d6fbd to remote] conn.PoolingHttpClientConnectionManager 326 - Connection released: [id: 218][route: {}->http://localhost:33573][total kept alive: 0; route allocated: 0 of 2000; total allocated: 0 of 2000]
02-16-2018 14:21:21 RequestAddCookies.java DEBUG [Forwarding findElement on session 3ff07c7a-ab37-4634-826d-871e445d6fbd to remote] protocol.RequestAddCookies 123 - CookieSpec selected: default
02-16-2018 14:21:21 RequestAuthCache.java DEBUG [Forwarding findElement on session 3ff07c7a-ab37-4634-826d-871e445d6fbd to remote] protocol.RequestAuthCache 77 - Auth cache not set in the context
02-16-2018 14:21:21 PoolingHttpClientConnectionManager.java DEBUG [Forwarding findElement on session 3ff07c7a-ab37-4634-826d-871e445d6fbd to remote] conn.PoolingHttpClientConnectionManager 255 - Connection request: [route: {}->http://localhost:33573][total kept alive: 0; route allocated: 0 of 2000; total allocated: 0 of 2000]
02-16-2018 14:21:21 PoolingHttpClientConnectionManager.java DEBUG [Forwarding findElement on session 3ff07c7a-ab37-4634-826d-871e445d6fbd to remote] conn.PoolingHttpClientConnectionManager 288 - Connection leased: [id: 219][route: {}->http://localhost:33573][total kept alive: 0; route allocated: 1 of 2000; total allocated: 1 of 2000]
02-16-2018 14:21:21 MainClientExec.java DEBUG [Forwarding findElement on session 3ff07c7a-ab37-4634-826d-871e445d6fbd to remote] execchain.MainClientExec 235 - Opening connection {}->http://localhost:33573
02-16-2018 14:21:21 DefaultHttpClientConnectionOperator.java DEBUG [Forwarding findElement on session 3ff07c7a-ab37-4634-826d-871e445d6fbd to remote] conn.DefaultHttpClientConnectionOperator 139 - Connecting to localhost/127.0.0.1:33573
02-16-2018 14:21:21 DefaultHttpClientConnectionOperator.java DEBUG [Forwarding findElement on session 3ff07c7a-ab37-4634-826d-871e445d6fbd to remote] conn.DefaultHttpClientConnectionOperator 146 - Connection established 127.0.0.1:57410<->127.0.0.1:33573
02-16-2018 14:21:21 LoggingManagedHttpClientConnection.java DEBUG [Forwarding findElement on session 3ff07c7a-ab37-4634-826d-871e445d6fbd to remote] conn.DefaultManagedHttpClientConnection 88 - http-outgoing-219: set socket timeout to 10800000
02-16-2018 14:21:21 MainClientExec.java DEBUG [Forwarding findElement on session 3ff07c7a-ab37-4634-826d-871e445d6fbd to remote] execchain.MainClientExec 256 - Executing request POST /session/3ff07c7a-ab37-4634-826d-871e445d6fbd/element HTTP/1.1
02-16-2018 14:21:21 MainClientExec.java DEBUG [Forwarding findElement on session 3ff07c7a-ab37-4634-826d-871e445d6fbd to remote] execchain.MainClientExec 261 - Target auth state: UNCHALLENGED
02-16-2018 14:21:21 MainClientExec.java DEBUG [Forwarding findElement on session 3ff07c7a-ab37-4634-826d-871e445d6fbd to remote] execchain.MainClientExec 267 - Proxy auth state: UNCHALLENGED
02-16-2018 14:21:21 LoggingManagedHttpClientConnection.java DEBUG [Forwarding findElement on session 3ff07c7a-ab37-4634-826d-871e445d6fbd to remote] http.headers 133 - http-outgoing-219 >> POST /session/3ff07c7a-ab37-4634-826d-871e445d6fbd/element HTTP/1.1
02-16-2018 14:21:21 LoggingManagedHttpClientConnection.java DEBUG [Forwarding findElement on session 3ff07c7a-ab37-4634-826d-871e445d6fbd to remote] http.headers 136 - http-outgoing-219 >> Content-Type: application/json; charset=utf-8
02-16-2018 14:21:21 LoggingManagedHttpClientConnection.java DEBUG [Forwarding findElement on session 3ff07c7a-ab37-4634-826d-871e445d6fbd to remote] http.headers 136 - http-outgoing-219 >> Content-Length: 70
02-16-2018 14:21:21 LoggingManagedHttpClientConnection.java DEBUG [Forwarding findElement on session 3ff07c7a-ab37-4634-826d-871e445d6fbd to remote] http.headers 136 - http-outgoing-219 >> Host: localhost:33573
02-16-2018 14:21:21 LoggingManagedHttpClientConnection.java DEBUG [Forwarding findElement on session 3ff07c7a-ab37-4634-826d-871e445d6fbd to remote] http.headers 136 - http-outgoing-219 >> Connection: Keep-Alive
02-16-2018 14:21:21 LoggingManagedHttpClientConnection.java DEBUG [Forwarding findElement on session 3ff07c7a-ab37-4634-826d-871e445d6fbd to remote] http.headers 136 - http-outgoing-219 >> User-Agent: Apache-HttpClient/4.5.3 (Java/1.8.0_151)
02-16-2018 14:21:21 LoggingManagedHttpClientConnection.java DEBUG [Forwarding findElement on session 3ff07c7a-ab37-4634-826d-871e445d6fbd to remote] http.headers 136 - http-outgoing-219 >> Accept-Encoding: gzip,deflate
02-16-2018 14:21:21 Wire.java DEBUG [Forwarding findElement on session 3ff07c7a-ab37-4634-826d-871e445d6fbd to remote] http.wire 73 - http-outgoing-219 >> "POST /session/3ff07c7a-ab37-4634-826d-871e445d6fbd/element HTTP/1.1[\r][\n]"
02-16-2018 14:21:21 Wire.java DEBUG [Forwarding findElement on session 3ff07c7a-ab37-4634-826d-871e445d6fbd to remote] http.wire 73 - http-outgoing-219 >> "Content-Type: application/json; charset=utf-8[\r][\n]"
02-16-2018 14:21:21 Wire.java DEBUG [Forwarding findElement on session 3ff07c7a-ab37-4634-826d-871e445d6fbd to remote] http.wire 73 - http-outgoing-219 >> "Content-Length: 70[\r][\n]"
02-16-2018 14:21:21 Wire.java DEBUG [Forwarding findElement on session 3ff07c7a-ab37-4634-826d-871e445d6fbd to remote] http.wire 73 - http-outgoing-219 >> "Host: localhost:33573[\r][\n]"
02-16-2018 14:21:21 Wire.java DEBUG [Forwarding findElement on session 3ff07c7a-ab37-4634-826d-871e445d6fbd to remote] http.wire 73 - http-outgoing-219 >> "Connection: Keep-Alive[\r][\n]"
02-16-2018 14:21:21 Wire.java DEBUG [Forwarding findElement on session 3ff07c7a-ab37-4634-826d-871e445d6fbd to remote] http.wire 73 - http-outgoing-219 >> "User-Agent: Apache-HttpClient/4.5.3 (Java/1.8.0_151)[\r][\n]"
02-16-2018 14:21:21 Wire.java DEBUG [Forwarding findElement on session 3ff07c7a-ab37-4634-826d-871e445d6fbd to remote] http.wire 73 - http-outgoing-219 >> "Accept-Encoding: gzip,deflate[\r][\n]"
02-16-2018 14:21:21 Wire.java DEBUG [Forwarding findElement on session 3ff07c7a-ab37-4634-826d-871e445d6fbd to remote] http.wire 73 - http-outgoing-219 >> "[\r][\n]"
02-16-2018 14:21:21 Wire.java DEBUG [Forwarding findElement on session 3ff07c7a-ab37-4634-826d-871e445d6fbd to remote] http.wire 87 - http-outgoing-219 >> "{"value":"//*[@id\u003d\u0027password-confirm\u0027]","using":"xpath"}"
02-16-2018 14:21:21 Wire.java DEBUG [Forwarding findElement on session 3ff07c7a-ab37-4634-826d-871e445d6fbd to remote] http.wire 73 - http-outgoing-219 << "HTTP/1.1 200 OK[\r][\n]"
02-16-2018 14:21:21 Wire.java DEBUG [Forwarding findElement on session 3ff07c7a-ab37-4634-826d-871e445d6fbd to remote] http.wire 73 - http-outgoing-219 << "Connection: close[\r][\n]"
02-16-2018 14:21:21 Wire.java DEBUG [Forwarding findElement on session 3ff07c7a-ab37-4634-826d-871e445d6fbd to remote] http.wire 73 - http-outgoing-219 << "Content-Type: application/json; charset=utf-8[\r][\n]"
02-16-2018 14:21:21 Wire.java DEBUG [Forwarding findElement on session 3ff07c7a-ab37-4634-826d-871e445d6fbd to remote] http.wire 73 - http-outgoing-219 << "Cache-Control: no-cache[\r][\n]"
02-16-2018 14:21:21 Wire.java DEBUG [Forwarding findElement on session 3ff07c7a-ab37-4634-826d-871e445d6fbd to remote] http.wire 73 - http-outgoing-219 << "Content-Length: 88[\r][\n]"
02-16-2018 14:21:21 Wire.java DEBUG [Forwarding findElement on session 3ff07c7a-ab37-4634-826d-871e445d6fbd to remote] http.wire 73 - http-outgoing-219 << "Date: Fri, 16 Feb 2018 20:21:21 GMT[\r][\n]"
02-16-2018 14:21:21 Wire.java DEBUG [Forwarding findElement on session 3ff07c7a-ab37-4634-826d-871e445d6fbd to remote] http.wire 73 - http-outgoing-219 << "[\r][\n]"
02-16-2018 14:21:21 Wire.java DEBUG [Forwarding findElement on session 3ff07c7a-ab37-4634-826d-871e445d6fbd to remote] http.wire 87 - http-outgoing-219 << "{"value":{"element-6066-11e4-a52e-4f735466cecf":"dafd4449-af77-4567-a28e-6318150fc32e"}}"
02-16-2018 14:21:21 LoggingManagedHttpClientConnection.java DEBUG [Forwarding findElement on session 3ff07c7a-ab37-4634-826d-871e445d6fbd to remote] http.headers 122 - http-outgoing-219 << HTTP/1.1 200 OK
02-16-2018 14:21:21 LoggingManagedHttpClientConnection.java DEBUG [Forwarding findElement on session 3ff07c7a-ab37-4634-826d-871e445d6fbd to remote] http.headers 125 - http-outgoing-219 << Connection: close
02-16-2018 14:21:21 LoggingManagedHttpClientConnection.java DEBUG [Forwarding findElement on session 3ff07c7a-ab37-4634-826d-871e445d6fbd to remote] http.headers 125 - http-outgoing-219 << Content-Type: application/json; charset=utf-8
02-16-2018 14:21:21 LoggingManagedHttpClientConnection.java DEBUG [Forwarding findElement on session 3ff07c7a-ab37-4634-826d-871e445d6fbd to remote] http.headers 125 - http-outgoing-219 << Cache-Control: no-cache
02-16-2018 14:21:21 LoggingManagedHttpClientConnection.java DEBUG [Forwarding findElement on session 3ff07c7a-ab37-4634-826d-871e445d6fbd to remote] http.headers 125 - http-outgoing-219 << Content-Length: 88
02-16-2018 14:21:21 LoggingManagedHttpClientConnection.java DEBUG [Forwarding findElement on session 3ff07c7a-ab37-4634-826d-871e445d6fbd to remote] http.headers 125 - http-outgoing-219 << Date: Fri, 16 Feb 2018 20:21:21 GMT
02-16-2018 14:21:21 LoggingManagedHttpClientConnection.java DEBUG [Forwarding findElement on session 3ff07c7a-ab37-4634-826d-871e445d6fbd to remote] conn.DefaultManagedHttpClientConnection 79 - http-outgoing-219: Close connection
02-16-2018 14:21:21 ConnectionHolder.java DEBUG [Forwarding findElement on session 3ff07c7a-ab37-4634-826d-871e445d6fbd to remote] execchain.MainClientExec 104 - Connection discarded
02-16-2018 14:21:21 PoolingHttpClientConnectionManager.java DEBUG [Forwarding findElement on session 3ff07c7a-ab37-4634-826d-871e445d6fbd to remote] conn.PoolingHttpClientConnectionManager 326 - Connection released: [id: 219][route: {}->http://localhost:33573][total kept alive: 0; route allocated: 0 of 2000; total allocated: 0 of 2000]
02-16-2018 14:21:21 RequestAddCookies.java DEBUG [Forwarding executeScript on session 3ff07c7a-ab37-4634-826d-871e445d6fbd to remote] protocol.RequestAddCookies 123 - CookieSpec selected: default
02-16-2018 14:21:21 RequestAuthCache.java DEBUG [Forwarding executeScript on session 3ff07c7a-ab37-4634-826d-871e445d6fbd to remote] protocol.RequestAuthCache 77 - Auth cache not set in the context
02-16-2018 14:21:21 PoolingHttpClientConnectionManager.java DEBUG [Forwarding executeScript on session 3ff07c7a-ab37-4634-826d-871e445d6fbd to remote] conn.PoolingHttpClientConnectionManager 255 - Connection request: [route: {}->http://localhost:33573][total kept alive: 0; route allocated: 0 of 2000; total allocated: 0 of 2000]
02-16-2018 14:21:21 PoolingHttpClientConnectionManager.java DEBUG [Forwarding executeScript on session 3ff07c7a-ab37-4634-826d-871e445d6fbd to remote] conn.PoolingHttpClientConnectionManager 288 - Connection leased: [id: 220][route: {}->http://localhost:33573][total kept alive: 0; route allocated: 1 of 2000; total allocated: 1 of 2000]
02-16-2018 14:21:21 MainClientExec.java DEBUG [Forwarding executeScript on session 3ff07c7a-ab37-4634-826d-871e445d6fbd to remote] execchain.MainClientExec 235 - Opening connection {}->http://localhost:33573
02-16-2018 14:21:21 DefaultHttpClientConnectionOperator.java DEBUG [Forwarding executeScript on session 3ff07c7a-ab37-4634-826d-871e445d6fbd to remote] conn.DefaultHttpClientConnectionOperator 139 - Connecting to localhost/127.0.0.1:33573
02-16-2018 14:21:21 DefaultHttpClientConnectionOperator.java DEBUG [Forwarding executeScript on session 3ff07c7a-ab37-4634-826d-871e445d6fbd to remote] conn.DefaultHttpClientConnectionOperator 146 - Connection established 127.0.0.1:57411<->127.0.0.1:33573
02-16-2018 14:21:21 LoggingManagedHttpClientConnection.java DEBUG [Forwarding executeScript on session 3ff07c7a-ab37-4634-826d-871e445d6fbd to remote] conn.DefaultManagedHttpClientConnection 88 - http-outgoing-220: set socket timeout to 10800000
02-16-2018 14:21:21 MainClientExec.java DEBUG [Forwarding executeScript on session 3ff07c7a-ab37-4634-826d-871e445d6fbd to remote] execchain.MainClientExec 256 - Executing request POST /session/3ff07c7a-ab37-4634-826d-871e445d6fbd/execute/sync HTTP/1.1
02-16-2018 14:21:21 MainClientExec.java DEBUG [Forwarding executeScript on session 3ff07c7a-ab37-4634-826d-871e445d6fbd to remote] execchain.MainClientExec 261 - Target auth state: UNCHALLENGED
02-16-2018 14:21:21 MainClientExec.java DEBUG [Forwarding executeScript on session 3ff07c7a-ab37-4634-826d-871e445d6fbd to remote] execchain.MainClientExec 267 - Proxy auth state: UNCHALLENGED
02-16-2018 14:21:21 LoggingManagedHttpClientConnection.java DEBUG [Forwarding executeScript on session 3ff07c7a-ab37-4634-826d-871e445d6fbd to remote] http.headers 133 - http-outgoing-220 >> POST /session/3ff07c7a-ab37-4634-826d-871e445d6fbd/execute/sync HTTP/1.1
02-16-2018 14:21:21 LoggingManagedHttpClientConnection.java DEBUG [Forwarding executeScript on session 3ff07c7a-ab37-4634-826d-871e445d6fbd to remote] http.headers 136 - http-outgoing-220 >> Content-Type: application/json; charset=utf-8
02-16-2018 14:21:21 LoggingManagedHttpClientConnection.java DEBUG [Forwarding executeScript on session 3ff07c7a-ab37-4634-826d-871e445d6fbd to remote] http.headers 136 - http-outgoing-220 >> Content-Length: 171
02-16-2018 14:21:21 LoggingManagedHttpClientConnection.java DEBUG [Forwarding executeScript on session 3ff07c7a-ab37-4634-826d-871e445d6fbd to remote] http.headers 136 - http-outgoing-220 >> Host: localhost:33573
02-16-2018 14:21:21 LoggingManagedHttpClientConnection.java DEBUG [Forwarding executeScript on session 3ff07c7a-ab37-4634-826d-871e445d6fbd to remote] http.headers 136 - http-outgoing-220 >> Connection: Keep-Alive
02-16-2018 14:21:21 LoggingManagedHttpClientConnection.java DEBUG [Forwarding executeScript on session 3ff07c7a-ab37-4634-826d-871e445d6fbd to remote] http.headers 136 - http-outgoing-220 >> User-Agent: Apache-HttpClient/4.5.3 (Java/1.8.0_151)
02-16-2018 14:21:21 LoggingManagedHttpClientConnection.java DEBUG [Forwarding executeScript on session 3ff07c7a-ab37-4634-826d-871e445d6fbd to remote] http.headers 136 - http-outgoing-220 >> Accept-Encoding: gzip,deflate
02-16-2018 14:21:21 Wire.java DEBUG [Forwarding executeScript on session 3ff07c7a-ab37-4634-826d-871e445d6fbd to remote] http.wire 73 - http-outgoing-220 >> "POST /session/3ff07c7a-ab37-4634-826d-871e445d6fbd/execute/sync HTTP/1.1[\r][\n]"
02-16-2018 14:21:21 Wire.java DEBUG [Forwarding executeScript on session 3ff07c7a-ab37-4634-826d-871e445d6fbd to remote] http.wire 73 - http-outgoing-220 >> "Content-Type: application/json; charset=utf-8[\r][\n]"
02-16-2018 14:21:21 Wire.java DEBUG [Forwarding executeScript on session 3ff07c7a-ab37-4634-826d-871e445d6fbd to remote] http.wire 73 - http-outgoing-220 >> "Content-Length: 171[\r][\n]"
02-16-2018 14:21:21 Wire.java DEBUG [Forwarding executeScript on session 3ff07c7a-ab37-4634-826d-871e445d6fbd to remote] http.wire 73 - http-outgoing-220 >> "Host: localhost:33573[\r][\n]"
02-16-2018 14:21:21 Wire.java DEBUG [Forwarding executeScript on session 3ff07c7a-ab37-4634-826d-871e445d6fbd to remote] http.wire 73 - http-outgoing-220 >> "Connection: Keep-Alive[\r][\n]"
02-16-2018 14:21:21 Wire.java DEBUG [Forwarding executeScript on session 3ff07c7a-ab37-4634-826d-871e445d6fbd to remote] http.wire 73 - http-outgoing-220 >> "User-Agent: Apache-HttpClient/4.5.3 (Java/1.8.0_151)[\r][\n]"
02-16-2018 14:21:21 Wire.java DEBUG [Forwarding executeScript on session 3ff07c7a-ab37-4634-826d-871e445d6fbd to remote] http.wire 73 - http-outgoing-220 >> "Accept-Encoding: gzip,deflate[\r][\n]"
02-16-2018 14:21:21 Wire.java DEBUG [Forwarding executeScript on session 3ff07c7a-ab37-4634-826d-871e445d6fbd to remote] http.wire 73 - http-outgoing-220 >> "[\r][\n]"
02-16-2018 14:21:21 Wire.java DEBUG [Forwarding executeScript on session 3ff07c7a-ab37-4634-826d-871e445d6fbd to remote] http.wire 87 - http-outgoing-220 >> "{"script":"arguments[0].click();","args":[{"ELEMENT":"dafd4449-af77-4567-a28e-6318150fc32e","element-6066-11e4-a52e-4f735466cecf":"dafd4449-af77-4567-a28e-6318150fc32e"}]}"
02-16-2018 14:21:21 Wire.java DEBUG [Forwarding executeScript on session 3ff07c7a-ab37-4634-826d-871e445d6fbd to remote] http.wire 73 - http-outgoing-220 << "HTTP/1.1 200 OK[\r][\n]"
02-16-2018 14:21:21 Wire.java DEBUG [Forwarding executeScript on session 3ff07c7a-ab37-4634-826d-871e445d6fbd to remote] http.wire 73 - http-outgoing-220 << "Connection: close[\r][\n]"
02-16-2018 14:21:21 Wire.java DEBUG [Forwarding executeScript on session 3ff07c7a-ab37-4634-826d-871e445d6fbd to remote] http.wire 73 - http-outgoing-220 << "Content-Type: application/json; charset=utf-8[\r][\n]"
02-16-2018 14:21:21 Wire.java DEBUG [Forwarding executeScript on session 3ff07c7a-ab37-4634-826d-871e445d6fbd to remote] http.wire 73 - http-outgoing-220 << "Cache-Control: no-cache[\r][\n]"
02-16-2018 14:21:21 Wire.java DEBUG [Forwarding executeScript on session 3ff07c7a-ab37-4634-826d-871e445d6fbd to remote] http.wire 73 - http-outgoing-220 << "Content-Length: 14[\r][\n]"
02-16-2018 14:21:21 Wire.java DEBUG [Forwarding executeScript on session 3ff07c7a-ab37-4634-826d-871e445d6fbd to remote] http.wire 73 - http-outgoing-220 << "Date: Fri, 16 Feb 2018 20:21:21 GMT[\r][\n]"
02-16-2018 14:21:21 Wire.java DEBUG [Forwarding executeScript on session 3ff07c7a-ab37-4634-826d-871e445d6fbd to remote] http.wire 73 - http-outgoing-220 << "[\r][\n]"
02-16-2018 14:21:21 Wire.java DEBUG [Forwarding executeScript on session 3ff07c7a-ab37-4634-826d-871e445d6fbd to remote] http.wire 87 - http-outgoing-220 << "{"value":null}"
02-16-2018 14:21:21 LoggingManagedHttpClientConnection.java DEBUG [Forwarding executeScript on session 3ff07c7a-ab37-4634-826d-871e445d6fbd to remote] http.headers 122 - http-outgoing-220 << HTTP/1.1 200 OK
02-16-2018 14:21:21 LoggingManagedHttpClientConnection.java DEBUG [Forwarding executeScript on session 3ff07c7a-ab37-4634-826d-871e445d6fbd to remote] http.headers 125 - http-outgoing-220 << Connection: close
02-16-2018 14:21:21 LoggingManagedHttpClientConnection.java DEBUG [Forwarding executeScript on session 3ff07c7a-ab37-4634-826d-871e445d6fbd to remote] http.headers 125 - http-outgoing-220 << Content-Type: application/json; charset=utf-8
02-16-2018 14:21:21 LoggingManagedHttpClientConnection.java DEBUG [Forwarding executeScript on session 3ff07c7a-ab37-4634-826d-871e445d6fbd to remote] http.headers 125 - http-outgoing-220 << Cache-Control: no-cache
02-16-2018 14:21:21 LoggingManagedHttpClientConnection.java DEBUG [Forwarding executeScript on session 3ff07c7a-ab37-4634-826d-871e445d6fbd to remote] http.headers 125 - http-outgoing-220 << Content-Length: 14
02-16-2018 14:21:21 LoggingManagedHttpClientConnection.java DEBUG [Forwarding executeScript on session 3ff07c7a-ab37-4634-826d-871e445d6fbd to remote] http.headers 125 - http-outgoing-220 << Date: Fri, 16 Feb 2018 20:21:21 GMT
02-16-2018 14:21:21 LoggingManagedHttpClientConnection.java DEBUG [Forwarding executeScript on session 3ff07c7a-ab37-4634-826d-871e445d6fbd to remote] conn.DefaultManagedHttpClientConnection 79 - http-outgoing-220: Close connection
02-16-2018 14:21:21 ConnectionHolder.java DEBUG [Forwarding executeScript on session 3ff07c7a-ab37-4634-826d-871e445d6fbd to remote] execchain.MainClientExec 104 - Connection discarded
02-16-2018 14:21:21 PoolingHttpClientConnectionManager.java DEBUG [Forwarding executeScript on session 3ff07c7a-ab37-4634-826d-871e445d6fbd to remote] conn.PoolingHttpClientConnectionManager 326 - Connection released: [id: 220][route: {}->http://localhost:33573][total kept alive: 0; route allocated: 0 of 2000; total allocated: 0 of 2000]
02-16-2018 14:21:21 RequestAddCookies.java DEBUG [Forwarding findElement on session 3ff07c7a-ab37-4634-826d-871e445d6fbd to remote] protocol.RequestAddCookies 123 - CookieSpec selected: default
02-16-2018 14:21:21 RequestAuthCache.java DEBUG [Forwarding findElement on session 3ff07c7a-ab37-4634-826d-871e445d6fbd to remote] protocol.RequestAuthCache 77 - Auth cache not set in the context
02-16-2018 14:21:21 PoolingHttpClientConnectionManager.java DEBUG [Forwarding findElement on session 3ff07c7a-ab37-4634-826d-871e445d6fbd to remote] conn.PoolingHttpClientConnectionManager 255 - Connection request: [route: {}->http://localhost:33573][total kept alive: 0; route allocated: 0 of 2000; total allocated: 0 of 2000]
02-16-2018 14:21:21 PoolingHttpClientConnectionManager.java DEBUG [Forwarding findElement on session 3ff07c7a-ab37-4634-826d-871e445d6fbd to remote] conn.PoolingHttpClientConnectionManager 288 - Connection leased: [id: 221][route: {}->http://localhost:33573][total kept alive: 0; route allocated: 1 of 2000; total allocated: 1 of 2000]
02-16-2018 14:21:21 MainClientExec.java DEBUG [Forwarding findElement on session 3ff07c7a-ab37-4634-826d-871e445d6fbd to remote] execchain.MainClientExec 235 - Opening connection {}->http://localhost:33573
02-16-2018 14:21:21 DefaultHttpClientConnectionOperator.java DEBUG [Forwarding findElement on session 3ff07c7a-ab37-4634-826d-871e445d6fbd to remote] conn.DefaultHttpClientConnectionOperator 139 - Connecting to localhost/127.0.0.1:33573
02-16-2018 14:21:21 DefaultHttpClientConnectionOperator.java DEBUG [Forwarding findElement on session 3ff07c7a-ab37-4634-826d-871e445d6fbd to remote] conn.DefaultHttpClientConnectionOperator 146 - Connection established 127.0.0.1:57412<->127.0.0.1:33573
02-16-2018 14:21:21 LoggingManagedHttpClientConnection.java DEBUG [Forwarding findElement on session 3ff07c7a-ab37-4634-826d-871e445d6fbd to remote] conn.DefaultManagedHttpClientConnection 88 - http-outgoing-221: set socket timeout to 10800000
02-16-2018 14:21:21 MainClientExec.java DEBUG [Forwarding findElement on session 3ff07c7a-ab37-4634-826d-871e445d6fbd to remote] execchain.MainClientExec 256 - Executing request POST /session/3ff07c7a-ab37-4634-826d-871e445d6fbd/element HTTP/1.1
02-16-2018 14:21:21 MainClientExec.java DEBUG [Forwarding findElement on session 3ff07c7a-ab37-4634-826d-871e445d6fbd to remote] execchain.MainClientExec 261 - Target auth state: UNCHALLENGED
02-16-2018 14:21:21 MainClientExec.java DEBUG [Forwarding findElement on session 3ff07c7a-ab37-4634-826d-871e445d6fbd to remote] execchain.MainClientExec 267 - Proxy auth state: UNCHALLENGED
02-16-2018 14:21:21 LoggingManagedHttpClientConnection.java DEBUG [Forwarding findElement on session 3ff07c7a-ab37-4634-826d-871e445d6fbd to remote] http.headers 133 - http-outgoing-221 >> POST /session/3ff07c7a-ab37-4634-826d-871e445d6fbd/element HTTP/1.1
02-16-2018 14:21:21 LoggingManagedHttpClientConnection.java DEBUG [Forwarding findElement on session 3ff07c7a-ab37-4634-826d-871e445d6fbd to remote] http.headers 136 - http-outgoing-221 >> Content-Type: application/json; charset=utf-8
02-16-2018 14:21:21 LoggingManagedHttpClientConnection.java DEBUG [Forwarding findElement on session 3ff07c7a-ab37-4634-826d-871e445d6fbd to remote] http.headers 136 - http-outgoing-221 >> Content-Length: 70
02-16-2018 14:21:21 LoggingManagedHttpClientConnection.java DEBUG [Forwarding findElement on session 3ff07c7a-ab37-4634-826d-871e445d6fbd to remote] http.headers 136 - http-outgoing-221 >> Host: localhost:33573
02-16-2018 14:21:21 LoggingManagedHttpClientConnection.java DEBUG [Forwarding findElement on session 3ff07c7a-ab37-4634-826d-871e445d6fbd to remote] http.headers 136 - http-outgoing-221 >> Connection: Keep-Alive
02-16-2018 14:21:21 LoggingManagedHttpClientConnection.java DEBUG [Forwarding findElement on session 3ff07c7a-ab37-4634-826d-871e445d6fbd to remote] http.headers 136 - http-outgoing-221 >> User-Agent: Apache-HttpClient/4.5.3 (Java/1.8.0_151)
02-16-2018 14:21:21 LoggingManagedHttpClientConnection.java DEBUG [Forwarding findElement on session 3ff07c7a-ab37-4634-826d-871e445d6fbd to remote] http.headers 136 - http-outgoing-221 >> Accept-Encoding: gzip,deflate
02-16-2018 14:21:21 Wire.java DEBUG [Forwarding findElement on session 3ff07c7a-ab37-4634-826d-871e445d6fbd to remote] http.wire 73 - http-outgoing-221 >> "POST /session/3ff07c7a-ab37-4634-826d-871e445d6fbd/element HTTP/1.1[\r][\n]"
02-16-2018 14:21:21 Wire.java DEBUG [Forwarding findElement on session 3ff07c7a-ab37-4634-826d-871e445d6fbd to remote] http.wire 73 - http-outgoing-221 >> "Content-Type: application/json; charset=utf-8[\r][\n]"
02-16-2018 14:21:21 Wire.java DEBUG [Forwarding findElement on session 3ff07c7a-ab37-4634-826d-871e445d6fbd to remote] http.wire 73 - http-outgoing-221 >> "Content-Length: 70[\r][\n]"
02-16-2018 14:21:21 Wire.java DEBUG [Forwarding findElement on session 3ff07c7a-ab37-4634-826d-871e445d6fbd to remote] http.wire 73 - http-outgoing-221 >> "Host: localhost:33573[\r][\n]"
02-16-2018 14:21:21 Wire.java DEBUG [Forwarding findElement on session 3ff07c7a-ab37-4634-826d-871e445d6fbd to remote] http.wire 73 - http-outgoing-221 >> "Connection: Keep-Alive[\r][\n]"
02-16-2018 14:21:21 Wire.java DEBUG [Forwarding findElement on session 3ff07c7a-ab37-4634-826d-871e445d6fbd to remote] http.wire 73 - http-outgoing-221 >> "User-Agent: Apache-HttpClient/4.5.3 (Java/1.8.0_151)[\r][\n]"
02-16-2018 14:21:21 Wire.java DEBUG [Forwarding findElement on session 3ff07c7a-ab37-4634-826d-871e445d6fbd to remote] http.wire 73 - http-outgoing-221 >> "Accept-Encoding: gzip,deflate[\r][\n]"
02-16-2018 14:21:21 Wire.java DEBUG [Forwarding findElement on session 3ff07c7a-ab37-4634-826d-871e445d6fbd to remote] http.wire 73 - http-outgoing-221 >> "[\r][\n]"
02-16-2018 14:21:21 Wire.java DEBUG [Forwarding findElement on session 3ff07c7a-ab37-4634-826d-871e445d6fbd to remote] http.wire 87 - http-outgoing-221 >> "{"value":"//*[@id\u003d\u0027password-confirm\u0027]","using":"xpath"}"
02-16-2018 14:21:21 Wire.java DEBUG [Forwarding findElement on session 3ff07c7a-ab37-4634-826d-871e445d6fbd to remote] http.wire 73 - http-outgoing-221 << "HTTP/1.1 200 OK[\r][\n]"
02-16-2018 14:21:21 Wire.java DEBUG [Forwarding findElement on session 3ff07c7a-ab37-4634-826d-871e445d6fbd to remote] http.wire 73 - http-outgoing-221 << "Connection: close[\r][\n]"
02-16-2018 14:21:21 Wire.java DEBUG [Forwarding findElement on session 3ff07c7a-ab37-4634-826d-871e445d6fbd to remote] http.wire 73 - http-outgoing-221 << "Content-Type: application/json; charset=utf-8[\r][\n]"
02-16-2018 14:21:21 Wire.java DEBUG [Forwarding findElement on session 3ff07c7a-ab37-4634-826d-871e445d6fbd to remote] http.wire 73 - http-outgoing-221 << "Cache-Control: no-cache[\r][\n]"
02-16-2018 14:21:21 Wire.java DEBUG [Forwarding findElement on session 3ff07c7a-ab37-4634-826d-871e445d6fbd to remote] http.wire 73 - http-outgoing-221 << "Content-Length: 88[\r][\n]"
02-16-2018 14:21:21 Wire.java DEBUG [Forwarding findElement on session 3ff07c7a-ab37-4634-826d-871e445d6fbd to remote] http.wire 73 - http-outgoing-221 << "Date: Fri, 16 Feb 2018 20:21:21 GMT[\r][\n]"
02-16-2018 14:21:21 Wire.java DEBUG [Forwarding findElement on session 3ff07c7a-ab37-4634-826d-871e445d6fbd to remote] http.wire 73 - http-outgoing-221 << "[\r][\n]"
02-16-2018 14:21:21 Wire.java DEBUG [Forwarding findElement on session 3ff07c7a-ab37-4634-826d-871e445d6fbd to remote] http.wire 87 - http-outgoing-221 << "{"value":{"element-6066-11e4-a52e-4f735466cecf":"dafd4449-af77-4567-a28e-6318150fc32e"}}"
02-16-2018 14:21:21 LoggingManagedHttpClientConnection.java DEBUG [Forwarding findElement on session 3ff07c7a-ab37-4634-826d-871e445d6fbd to remote] http.headers 122 - http-outgoing-221 << HTTP/1.1 200 OK
02-16-2018 14:21:21 LoggingManagedHttpClientConnection.java DEBUG [Forwarding findElement on session 3ff07c7a-ab37-4634-826d-871e445d6fbd to remote] http.headers 125 - http-outgoing-221 << Connection: close
02-16-2018 14:21:21 LoggingManagedHttpClientConnection.java DEBUG [Forwarding findElement on session 3ff07c7a-ab37-4634-826d-871e445d6fbd to remote] http.headers 125 - http-outgoing-221 << Content-Type: application/json; charset=utf-8
02-16-2018 14:21:21 LoggingManagedHttpClientConnection.java DEBUG [Forwarding findElement on session 3ff07c7a-ab37-4634-826d-871e445d6fbd to remote] http.headers 125 - http-outgoing-221 << Cache-Control: no-cache
02-16-2018 14:21:21 LoggingManagedHttpClientConnection.java DEBUG [Forwarding findElement on session 3ff07c7a-ab37-4634-826d-871e445d6fbd to remote] http.headers 125 - http-outgoing-221 << Content-Length: 88
02-16-2018 14:21:21 LoggingManagedHttpClientConnection.java DEBUG [Forwarding findElement on session 3ff07c7a-ab37-4634-826d-871e445d6fbd to remote] http.headers 125 - http-outgoing-221 << Date: Fri, 16 Feb 2018 20:21:21 GMT
02-16-2018 14:21:21 LoggingManagedHttpClientConnection.java DEBUG [Forwarding findElement on session 3ff07c7a-ab37-4634-826d-871e445d6fbd to remote] conn.DefaultManagedHttpClientConnection 79 - http-outgoing-221: Close connection
02-16-2018 14:21:21 ConnectionHolder.java DEBUG [Forwarding findElement on session 3ff07c7a-ab37-4634-826d-871e445d6fbd to remote] execchain.MainClientExec 104 - Connection discarded
02-16-2018 14:21:21 PoolingHttpClientConnectionManager.java DEBUG [Forwarding findElement on session 3ff07c7a-ab37-4634-826d-871e445d6fbd to remote] conn.PoolingHttpClientConnectionManager 326 - Connection released: [id: 221][route: {}->http://localhost:33573][total kept alive: 0; route allocated: 0 of 2000; total allocated: 0 of 2000]
02-16-2018 14:21:21 RequestAddCookies.java DEBUG [Forwarding sendKeysToElement on session 3ff07c7a-ab37-4634-826d-871e445d6fbd to remote] protocol.RequestAddCookies 123 - CookieSpec selected: default
02-16-2018 14:21:21 RequestAuthCache.java DEBUG [Forwarding sendKeysToElement on session 3ff07c7a-ab37-4634-826d-871e445d6fbd to remote] protocol.RequestAuthCache 77 - Auth cache not set in the context
02-16-2018 14:21:21 PoolingHttpClientConnectionManager.java DEBUG [Forwarding sendKeysToElement on session 3ff07c7a-ab37-4634-826d-871e445d6fbd to remote] conn.PoolingHttpClientConnectionManager 255 - Connection request: [route: {}->http://localhost:33573][total kept alive: 0; route allocated: 0 of 2000; total allocated: 0 of 2000]
02-16-2018 14:21:21 PoolingHttpClientConnectionManager.java DEBUG [Forwarding sendKeysToElement on session 3ff07c7a-ab37-4634-826d-871e445d6fbd to remote] conn.PoolingHttpClientConnectionManager 288 - Connection leased: [id: 222][route: {}->http://localhost:33573][total kept alive: 0; route allocated: 1 of 2000; total allocated: 1 of 2000]
02-16-2018 14:21:21 MainClientExec.java DEBUG [Forwarding sendKeysToElement on session 3ff07c7a-ab37-4634-826d-871e445d6fbd to remote] execchain.MainClientExec 235 - Opening connection {}->http://localhost:33573
02-16-2018 14:21:21 DefaultHttpClientConnectionOperator.java DEBUG [Forwarding sendKeysToElement on session 3ff07c7a-ab37-4634-826d-871e445d6fbd to remote] conn.DefaultHttpClientConnectionOperator 139 - Connecting to localhost/127.0.0.1:33573
02-16-2018 14:21:21 DefaultHttpClientConnectionOperator.java DEBUG [Forwarding sendKeysToElement on session 3ff07c7a-ab37-4634-826d-871e445d6fbd to remote] conn.DefaultHttpClientConnectionOperator 146 - Connection established 127.0.0.1:57413<->127.0.0.1:33573
02-16-2018 14:21:21 LoggingManagedHttpClientConnection.java DEBUG [Forwarding sendKeysToElement on session 3ff07c7a-ab37-4634-826d-871e445d6fbd to remote] conn.DefaultManagedHttpClientConnection 88 - http-outgoing-222: set socket timeout to 10800000
02-16-2018 14:21:21 MainClientExec.java DEBUG [Forwarding sendKeysToElement on session 3ff07c7a-ab37-4634-826d-871e445d6fbd to remote] execchain.MainClientExec 256 - Executing request POST /session/3ff07c7a-ab37-4634-826d-871e445d6fbd/element/dafd4449-af77-4567-a28e-6318150fc32e/value HTTP/1.1
02-16-2018 14:21:21 MainClientExec.java DEBUG [Forwarding sendKeysToElement on session 3ff07c7a-ab37-4634-826d-871e445d6fbd to remote] execchain.MainClientExec 261 - Target auth state: UNCHALLENGED
02-16-2018 14:21:21 MainClientExec.java DEBUG [Forwarding sendKeysToElement on session 3ff07c7a-ab37-4634-826d-871e445d6fbd to remote] execchain.MainClientExec 267 - Proxy auth state: UNCHALLENGED
02-16-2018 14:21:21 LoggingManagedHttpClientConnection.java DEBUG [Forwarding sendKeysToElement on session 3ff07c7a-ab37-4634-826d-871e445d6fbd to remote] http.headers 133 - http-outgoing-222 >> POST /session/3ff07c7a-ab37-4634-826d-871e445d6fbd/element/dafd4449-af77-4567-a28e-6318150fc32e/value HTTP/1.1
02-16-2018 14:21:21 LoggingManagedHttpClientConnection.java DEBUG [Forwarding sendKeysToElement on session 3ff07c7a-ab37-4634-826d-871e445d6fbd to remote] http.headers 136 - http-outgoing-222 >> Content-Type: application/json; charset=utf-8
02-16-2018 14:21:21 LoggingManagedHttpClientConnection.java DEBUG [Forwarding sendKeysToElement on session 3ff07c7a-ab37-4634-826d-871e445d6fbd to remote] http.headers 136 - http-outgoing-222 >> Content-Length: 100
02-16-2018 14:21:21 LoggingManagedHttpClientConnection.java DEBUG [Forwarding sendKeysToElement on session 3ff07c7a-ab37-4634-826d-871e445d6fbd to remote] http.headers 136 - http-outgoing-222 >> Host: localhost:33573
02-16-2018 14:21:21 LoggingManagedHttpClientConnection.java DEBUG [Forwarding sendKeysToElement on session 3ff07c7a-ab37-4634-826d-871e445d6fbd to remote] http.headers 136 - http-outgoing-222 >> Connection: Keep-Alive
02-16-2018 14:21:21 LoggingManagedHttpClientConnection.java DEBUG [Forwarding sendKeysToElement on session 3ff07c7a-ab37-4634-826d-871e445d6fbd to remote] http.headers 136 - http-outgoing-222 >> User-Agent: Apache-HttpClient/4.5.3 (Java/1.8.0_151)
02-16-2018 14:21:21 LoggingManagedHttpClientConnection.java DEBUG [Forwarding sendKeysToElement on session 3ff07c7a-ab37-4634-826d-871e445d6fbd to remote] http.headers 136 - http-outgoing-222 >> Accept-Encoding: gzip,deflate
02-16-2018 14:21:21 Wire.java DEBUG [Forwarding sendKeysToElement on session 3ff07c7a-ab37-4634-826d-871e445d6fbd to remote] http.wire 73 - http-outgoing-222 >> "POST /session/3ff07c7a-ab37-4634-826d-871e445d6fbd/element/dafd4449-af77-4567-a28e-6318150fc32e/value HTTP/1.1[\r][\n]"
02-16-2018 14:21:21 Wire.java DEBUG [Forwarding sendKeysToElement on session 3ff07c7a-ab37-4634-826d-871e445d6fbd to remote] http.wire 73 - http-outgoing-222 >> "Content-Type: application/json; charset=utf-8[\r][\n]"
02-16-2018 14:21:21 Wire.java DEBUG [Forwarding sendKeysToElement on session 3ff07c7a-ab37-4634-826d-871e445d6fbd to remote] http.wire 73 - http-outgoing-222 >> "Content-Length: 100[\r][\n]"
02-16-2018 14:21:21 Wire.java DEBUG [Forwarding sendKeysToElement on session 3ff07c7a-ab37-4634-826d-871e445d6fbd to remote] http.wire 73 - http-outgoing-222 >> "Host: localhost:33573[\r][\n]"
02-16-2018 14:21:21 Wire.java DEBUG [Forwarding sendKeysToElement on session 3ff07c7a-ab37-4634-826d-871e445d6fbd to remote] http.wire 73 - http-outgoing-222 >> "Connection: Keep-Alive[\r][\n]"
02-16-2018 14:21:21 Wire.java DEBUG [Forwarding sendKeysToElement on session 3ff07c7a-ab37-4634-826d-871e445d6fbd to remote] http.wire 73 - http-outgoing-222 >> "User-Agent: Apache-HttpClient/4.5.3 (Java/1.8.0_151)[\r][\n]"
02-16-2018 14:21:21 Wire.java DEBUG [Forwarding sendKeysToElement on session 3ff07c7a-ab37-4634-826d-871e445d6fbd to remote] http.wire 73 - http-outgoing-222 >> "Accept-Encoding: gzip,deflate[\r][\n]"
02-16-2018 14:21:21 Wire.java DEBUG [Forwarding sendKeysToElement on session 3ff07c7a-ab37-4634-826d-871e445d6fbd to remote] http.wire 73 - http-outgoing-222 >> "[\r][\n]"
02-16-2018 14:21:21 Wire.java DEBUG [Forwarding sendKeysToElement on session 3ff07c7a-ab37-4634-826d-871e445d6fbd to remote] http.wire 87 - http-outgoing-222 >> "{"id":"dafd4449-af77-4567-a28e-6318150fc32e","text":"Test123","value":["T","e","s","t","1","2","3"]}"
02-16-2018 14:21:21 Wire.java DEBUG [Forwarding sendKeysToElement on session 3ff07c7a-ab37-4634-826d-871e445d6fbd to remote] http.wire 73 - http-outgoing-222 << "HTTP/1.1 200 OK[\r][\n]"
02-16-2018 14:21:21 Wire.java DEBUG [Forwarding sendKeysToElement on session 3ff07c7a-ab37-4634-826d-871e445d6fbd to remote] http.wire 73 - http-outgoing-222 << "Connection: close[\r][\n]"
02-16-2018 14:21:21 Wire.java DEBUG [Forwarding sendKeysToElement on session 3ff07c7a-ab37-4634-826d-871e445d6fbd to remote] http.wire 73 - http-outgoing-222 << "Content-Type: application/json; charset=utf-8[\r][\n]"
02-16-2018 14:21:21 Wire.java DEBUG [Forwarding sendKeysToElement on session 3ff07c7a-ab37-4634-826d-871e445d6fbd to remote] http.wire 73 - http-outgoing-222 << "Cache-Control: no-cache[\r][\n]"
02-16-2018 14:21:21 Wire.java DEBUG [Forwarding sendKeysToElement on session 3ff07c7a-ab37-4634-826d-871e445d6fbd to remote] http.wire 73 - http-outgoing-222 << "Content-Length: 13[\r][\n]"
02-16-2018 14:21:21 Wire.java DEBUG [Forwarding sendKeysToElement on session 3ff07c7a-ab37-4634-826d-871e445d6fbd to remote] http.wire 73 - http-outgoing-222 << "Date: Fri, 16 Feb 2018 20:21:21 GMT[\r][\n]"
02-16-2018 14:21:21 Wire.java DEBUG [Forwarding sendKeysToElement on session 3ff07c7a-ab37-4634-826d-871e445d6fbd to remote] http.wire 73 - http-outgoing-222 << "[\r][\n]"
02-16-2018 14:21:21 Wire.java DEBUG [Forwarding sendKeysToElement on session 3ff07c7a-ab37-4634-826d-871e445d6fbd to remote] http.wire 87 - http-outgoing-222 << "{"value": {}}"
02-16-2018 14:21:21 LoggingManagedHttpClientConnection.java DEBUG [Forwarding sendKeysToElement on session 3ff07c7a-ab37-4634-826d-871e445d6fbd to remote] http.headers 122 - http-outgoing-222 << HTTP/1.1 200 OK
02-16-2018 14:21:21 LoggingManagedHttpClientConnection.java DEBUG [Forwarding sendKeysToElement on session 3ff07c7a-ab37-4634-826d-871e445d6fbd to remote] http.headers 125 - http-outgoing-222 << Connection: close
02-16-2018 14:21:21 LoggingManagedHttpClientConnection.java DEBUG [Forwarding sendKeysToElement on session 3ff07c7a-ab37-4634-826d-871e445d6fbd to remote] http.headers 125 - http-outgoing-222 << Content-Type: application/json; charset=utf-8
02-16-2018 14:21:21 LoggingManagedHttpClientConnection.java DEBUG [Forwarding sendKeysToElement on session 3ff07c7a-ab37-4634-826d-871e445d6fbd to remote] http.headers 125 - http-outgoing-222 << Cache-Control: no-cache
02-16-2018 14:21:21 LoggingManagedHttpClientConnection.java DEBUG [Forwarding sendKeysToElement on session 3ff07c7a-ab37-4634-826d-871e445d6fbd to remote] http.headers 125 - http-outgoing-222 << Content-Length: 13
02-16-2018 14:21:21 LoggingManagedHttpClientConnection.java DEBUG [Forwarding sendKeysToElement on session 3ff07c7a-ab37-4634-826d-871e445d6fbd to remote] http.headers 125 - http-outgoing-222 << Date: Fri, 16 Feb 2018 20:21:21 GMT
02-16-2018 14:21:21 LoggingManagedHttpClientConnection.java DEBUG [Forwarding sendKeysToElement on session 3ff07c7a-ab37-4634-826d-871e445d6fbd to remote] conn.DefaultManagedHttpClientConnection 79 - http-outgoing-222: Close connection
02-16-2018 14:21:21 ConnectionHolder.java DEBUG [Forwarding sendKeysToElement on session 3ff07c7a-ab37-4634-826d-871e445d6fbd to remote] execchain.MainClientExec 104 - Connection discarded
02-16-2018 14:21:21 PoolingHttpClientConnectionManager.java DEBUG [Forwarding sendKeysToElement on session 3ff07c7a-ab37-4634-826d-871e445d6fbd to remote] conn.PoolingHttpClientConnectionManager 326 - Connection released: [id: 222][route: {}->http://localhost:33573][total kept alive: 0; route allocated: 0 of 2000; total allocated: 0 of 2000]
02-16-2018 14:21:21 RequestAddCookies.java DEBUG [Forwarding findElement on session 3ff07c7a-ab37-4634-826d-871e445d6fbd to remote] protocol.RequestAddCookies 123 - CookieSpec selected: default
02-16-2018 14:21:21 RequestAuthCache.java DEBUG [Forwarding findElement on session 3ff07c7a-ab37-4634-826d-871e445d6fbd to remote] protocol.RequestAuthCache 77 - Auth cache not set in the context
02-16-2018 14:21:21 PoolingHttpClientConnectionManager.java DEBUG [Forwarding findElement on session 3ff07c7a-ab37-4634-826d-871e445d6fbd to remote] conn.PoolingHttpClientConnectionManager 255 - Connection request: [route: {}->http://localhost:33573][total kept alive: 0; route allocated: 0 of 2000; total allocated: 0 of 2000]
02-16-2018 14:21:21 PoolingHttpClientConnectionManager.java DEBUG [Forwarding findElement on session 3ff07c7a-ab37-4634-826d-871e445d6fbd to remote] conn.PoolingHttpClientConnectionManager 288 - Connection leased: [id: 223][route: {}->http://localhost:33573][total kept alive: 0; route allocated: 1 of 2000; total allocated: 1 of 2000]
02-16-2018 14:21:21 MainClientExec.java DEBUG [Forwarding findElement on session 3ff07c7a-ab37-4634-826d-871e445d6fbd to remote] execchain.MainClientExec 235 - Opening connection {}->http://localhost:33573
02-16-2018 14:21:21 DefaultHttpClientConnectionOperator.java DEBUG [Forwarding findElement on session 3ff07c7a-ab37-4634-826d-871e445d6fbd to remote] conn.DefaultHttpClientConnectionOperator 139 - Connecting to localhost/127.0.0.1:33573
02-16-2018 14:21:21 DefaultHttpClientConnectionOperator.java DEBUG [Forwarding findElement on session 3ff07c7a-ab37-4634-826d-871e445d6fbd to remote] conn.DefaultHttpClientConnectionOperator 146 - Connection established 127.0.0.1:57414<->127.0.0.1:33573
02-16-2018 14:21:21 LoggingManagedHttpClientConnection.java DEBUG [Forwarding findElement on session 3ff07c7a-ab37-4634-826d-871e445d6fbd to remote] conn.DefaultManagedHttpClientConnection 88 - http-outgoing-223: set socket timeout to 10800000
02-16-2018 14:21:21 MainClientExec.java DEBUG [Forwarding findElement on session 3ff07c7a-ab37-4634-826d-871e445d6fbd to remote] execchain.MainClientExec 256 - Executing request POST /session/3ff07c7a-ab37-4634-826d-871e445d6fbd/element HTTP/1.1
02-16-2018 14:21:21 MainClientExec.java DEBUG [Forwarding findElement on session 3ff07c7a-ab37-4634-826d-871e445d6fbd to remote] execchain.MainClientExec 261 - Target auth state: UNCHALLENGED
02-16-2018 14:21:21 MainClientExec.java DEBUG [Forwarding findElement on session 3ff07c7a-ab37-4634-826d-871e445d6fbd to remote] execchain.MainClientExec 267 - Proxy auth state: UNCHALLENGED
02-16-2018 14:21:21 LoggingManagedHttpClientConnection.java DEBUG [Forwarding findElement on session 3ff07c7a-ab37-4634-826d-871e445d6fbd to remote] http.headers 133 - http-outgoing-223 >> POST /session/3ff07c7a-ab37-4634-826d-871e445d6fbd/element HTTP/1.1
02-16-2018 14:21:21 LoggingManagedHttpClientConnection.java DEBUG [Forwarding findElement on session 3ff07c7a-ab37-4634-826d-871e445d6fbd to remote] http.headers 136 - http-outgoing-223 >> Content-Type: application/json; charset=utf-8
02-16-2018 14:21:21 LoggingManagedHttpClientConnection.java DEBUG [Forwarding findElement on session 3ff07c7a-ab37-4634-826d-871e445d6fbd to remote] http.headers 136 - http-outgoing-223 >> Content-Length: 67
02-16-2018 14:21:21 LoggingManagedHttpClientConnection.java DEBUG [Forwarding findElement on session 3ff07c7a-ab37-4634-826d-871e445d6fbd to remote] http.headers 136 - http-outgoing-223 >> Host: localhost:33573
02-16-2018 14:21:21 LoggingManagedHttpClientConnection.java DEBUG [Forwarding findElement on session 3ff07c7a-ab37-4634-826d-871e445d6fbd to remote] http.headers 136 - http-outgoing-223 >> Connection: Keep-Alive
02-16-2018 14:21:21 LoggingManagedHttpClientConnection.java DEBUG [Forwarding findElement on session 3ff07c7a-ab37-4634-826d-871e445d6fbd to remote] http.headers 136 - http-outgoing-223 >> User-Agent: Apache-HttpClient/4.5.3 (Java/1.8.0_151)
02-16-2018 14:21:21 LoggingManagedHttpClientConnection.java DEBUG [Forwarding findElement on session 3ff07c7a-ab37-4634-826d-871e445d6fbd to remote] http.headers 136 - http-outgoing-223 >> Accept-Encoding: gzip,deflate
02-16-2018 14:21:21 Wire.java DEBUG [Forwarding findElement on session 3ff07c7a-ab37-4634-826d-871e445d6fbd to remote] http.wire 73 - http-outgoing-223 >> "POST /session/3ff07c7a-ab37-4634-826d-871e445d6fbd/element HTTP/1.1[\r][\n]"
02-16-2018 14:21:21 Wire.java DEBUG [Forwarding findElement on session 3ff07c7a-ab37-4634-826d-871e445d6fbd to remote] http.wire 73 - http-outgoing-223 >> "Content-Type: application/json; charset=utf-8[\r][\n]"
02-16-2018 14:21:21 Wire.java DEBUG [Forwarding findElement on session 3ff07c7a-ab37-4634-826d-871e445d6fbd to remote] http.wire 73 - http-outgoing-223 >> "Content-Length: 67[\r][\n]"
02-16-2018 14:21:21 Wire.java DEBUG [Forwarding findElement on session 3ff07c7a-ab37-4634-826d-871e445d6fbd to remote] http.wire 73 - http-outgoing-223 >> "Host: localhost:33573[\r][\n]"
02-16-2018 14:21:21 Wire.java DEBUG [Forwarding findElement on session 3ff07c7a-ab37-4634-826d-871e445d6fbd to remote] http.wire 73 - http-outgoing-223 >> "Connection: Keep-Alive[\r][\n]"
02-16-2018 14:21:21 Wire.java DEBUG [Forwarding findElement on session 3ff07c7a-ab37-4634-826d-871e445d6fbd to remote] http.wire 73 - http-outgoing-223 >> "User-Agent: Apache-HttpClient/4.5.3 (Java/1.8.0_151)[\r][\n]"
02-16-2018 14:21:21 Wire.java DEBUG [Forwarding findElement on session 3ff07c7a-ab37-4634-826d-871e445d6fbd to remote] http.wire 73 - http-outgoing-223 >> "Accept-Encoding: gzip,deflate[\r][\n]"
02-16-2018 14:21:21 Wire.java DEBUG [Forwarding findElement on session 3ff07c7a-ab37-4634-826d-871e445d6fbd to remote] http.wire 73 - http-outgoing-223 >> "[\r][\n]"
02-16-2018 14:21:21 Wire.java DEBUG [Forwarding findElement on session 3ff07c7a-ab37-4634-826d-871e445d6fbd to remote] http.wire 87 - http-outgoing-223 >> "{"value":"//button[@type\u003d\u0027submit\u0027]","using":"xpath"}"
02-16-2018 14:21:21 Wire.java DEBUG [Forwarding findElement on session 3ff07c7a-ab37-4634-826d-871e445d6fbd to remote] http.wire 73 - http-outgoing-223 << "HTTP/1.1 200 OK[\r][\n]"
02-16-2018 14:21:21 Wire.java DEBUG [Forwarding findElement on session 3ff07c7a-ab37-4634-826d-871e445d6fbd to remote] http.wire 73 - http-outgoing-223 << "Connection: close[\r][\n]"
02-16-2018 14:21:21 Wire.java DEBUG [Forwarding findElement on session 3ff07c7a-ab37-4634-826d-871e445d6fbd to remote] http.wire 73 - http-outgoing-223 << "Content-Type: application/json; charset=utf-8[\r][\n]"
02-16-2018 14:21:21 Wire.java DEBUG [Forwarding findElement on session 3ff07c7a-ab37-4634-826d-871e445d6fbd to remote] http.wire 73 - http-outgoing-223 << "Cache-Control: no-cache[\r][\n]"
02-16-2018 14:21:21 Wire.java DEBUG [Forwarding findElement on session 3ff07c7a-ab37-4634-826d-871e445d6fbd to remote] http.wire 73 - http-outgoing-223 << "Content-Length: 88[\r][\n]"
02-16-2018 14:21:21 Wire.java DEBUG [Forwarding findElement on session 3ff07c7a-ab37-4634-826d-871e445d6fbd to remote] http.wire 73 - http-outgoing-223 << "Date: Fri, 16 Feb 2018 20:21:21 GMT[\r][\n]"
02-16-2018 14:21:21 Wire.java DEBUG [Forwarding findElement on session 3ff07c7a-ab37-4634-826d-871e445d6fbd to remote] http.wire 73 - http-outgoing-223 << "[\r][\n]"
02-16-2018 14:21:21 Wire.java DEBUG [Forwarding findElement on session 3ff07c7a-ab37-4634-826d-871e445d6fbd to remote] http.wire 87 - http-outgoing-223 << "{"value":{"element-6066-11e4-a52e-4f735466cecf":"c67e917b-f7ef-494c-8d36-a415fdf42674"}}"
02-16-2018 14:21:21 LoggingManagedHttpClientConnection.java DEBUG [Forwarding findElement on session 3ff07c7a-ab37-4634-826d-871e445d6fbd to remote] http.headers 122 - http-outgoing-223 << HTTP/1.1 200 OK
02-16-2018 14:21:21 LoggingManagedHttpClientConnection.java DEBUG [Forwarding findElement on session 3ff07c7a-ab37-4634-826d-871e445d6fbd to remote] http.headers 125 - http-outgoing-223 << Connection: close
02-16-2018 14:21:21 LoggingManagedHttpClientConnection.java DEBUG [Forwarding findElement on session 3ff07c7a-ab37-4634-826d-871e445d6fbd to remote] http.headers 125 - http-outgoing-223 << Content-Type: application/json; charset=utf-8
02-16-2018 14:21:21 LoggingManagedHttpClientConnection.java DEBUG [Forwarding findElement on session 3ff07c7a-ab37-4634-826d-871e445d6fbd to remote] http.headers 125 - http-outgoing-223 << Cache-Control: no-cache
02-16-2018 14:21:21 LoggingManagedHttpClientConnection.java DEBUG [Forwarding findElement on session 3ff07c7a-ab37-4634-826d-871e445d6fbd to remote] http.headers 125 - http-outgoing-223 << Content-Length: 88
02-16-2018 14:21:21 LoggingManagedHttpClientConnection.java DEBUG [Forwarding findElement on session 3ff07c7a-ab37-4634-826d-871e445d6fbd to remote] http.headers 125 - http-outgoing-223 << Date: Fri, 16 Feb 2018 20:21:21 GMT
02-16-2018 14:21:21 LoggingManagedHttpClientConnection.java DEBUG [Forwarding findElement on session 3ff07c7a-ab37-4634-826d-871e445d6fbd to remote] conn.DefaultManagedHttpClientConnection 79 - http-outgoing-223: Close connection
02-16-2018 14:21:21 ConnectionHolder.java DEBUG [Forwarding findElement on session 3ff07c7a-ab37-4634-826d-871e445d6fbd to remote] execchain.MainClientExec 104 - Connection discarded
02-16-2018 14:21:21 PoolingHttpClientConnectionManager.java DEBUG [Forwarding findElement on session 3ff07c7a-ab37-4634-826d-871e445d6fbd to remote] conn.PoolingHttpClientConnectionManager 326 - Connection released: [id: 223][route: {}->http://localhost:33573][total kept alive: 0; route allocated: 0 of 2000; total allocated: 0 of 2000]
02-16-2018 14:21:21 RequestAddCookies.java DEBUG [Forwarding clickElement on session 3ff07c7a-ab37-4634-826d-871e445d6fbd to remote] protocol.RequestAddCookies 123 - CookieSpec selected: default
02-16-2018 14:21:21 RequestAuthCache.java DEBUG [Forwarding clickElement on session 3ff07c7a-ab37-4634-826d-871e445d6fbd to remote] protocol.RequestAuthCache 77 - Auth cache not set in the context
02-16-2018 14:21:21 PoolingHttpClientConnectionManager.java DEBUG [Forwarding clickElement on session 3ff07c7a-ab37-4634-826d-871e445d6fbd to remote] conn.PoolingHttpClientConnectionManager 255 - Connection request: [route: {}->http://localhost:33573][total kept alive: 0; route allocated: 0 of 2000; total allocated: 0 of 2000]
02-16-2018 14:21:21 PoolingHttpClientConnectionManager.java DEBUG [Forwarding clickElement on session 3ff07c7a-ab37-4634-826d-871e445d6fbd to remote] conn.PoolingHttpClientConnectionManager 288 - Connection leased: [id: 224][route: {}->http://localhost:33573][total kept alive: 0; route allocated: 1 of 2000; total allocated: 1 of 2000]
02-16-2018 14:21:21 MainClientExec.java DEBUG [Forwarding clickElement on session 3ff07c7a-ab37-4634-826d-871e445d6fbd to remote] execchain.MainClientExec 235 - Opening connection {}->http://localhost:33573
02-16-2018 14:21:21 DefaultHttpClientConnectionOperator.java DEBUG [Forwarding clickElement on session 3ff07c7a-ab37-4634-826d-871e445d6fbd to remote] conn.DefaultHttpClientConnectionOperator 139 - Connecting to localhost/127.0.0.1:33573
02-16-2018 14:21:21 DefaultHttpClientConnectionOperator.java DEBUG [Forwarding clickElement on session 3ff07c7a-ab37-4634-826d-871e445d6fbd to remote] conn.DefaultHttpClientConnectionOperator 146 - Connection established 127.0.0.1:57415<->127.0.0.1:33573
02-16-2018 14:21:21 LoggingManagedHttpClientConnection.java DEBUG [Forwarding clickElement on session 3ff07c7a-ab37-4634-826d-871e445d6fbd to remote] conn.DefaultManagedHttpClientConnection 88 - http-outgoing-224: set socket timeout to 10800000
02-16-2018 14:21:21 MainClientExec.java DEBUG [Forwarding clickElement on session 3ff07c7a-ab37-4634-826d-871e445d6fbd to remote] execchain.MainClientExec 256 - Executing request POST /session/3ff07c7a-ab37-4634-826d-871e445d6fbd/element/c67e917b-f7ef-494c-8d36-a415fdf42674/click HTTP/1.1
02-16-2018 14:21:21 MainClientExec.java DEBUG [Forwarding clickElement on session 3ff07c7a-ab37-4634-826d-871e445d6fbd to remote] execchain.MainClientExec 261 - Target auth state: UNCHALLENGED
02-16-2018 14:21:21 MainClientExec.java DEBUG [Forwarding clickElement on session 3ff07c7a-ab37-4634-826d-871e445d6fbd to remote] execchain.MainClientExec 267 - Proxy auth state: UNCHALLENGED
02-16-2018 14:21:21 LoggingManagedHttpClientConnection.java DEBUG [Forwarding clickElement on session 3ff07c7a-ab37-4634-826d-871e445d6fbd to remote] http.headers 133 - http-outgoing-224 >> POST /session/3ff07c7a-ab37-4634-826d-871e445d6fbd/element/c67e917b-f7ef-494c-8d36-a415fdf42674/click HTTP/1.1
02-16-2018 14:21:21 LoggingManagedHttpClientConnection.java DEBUG [Forwarding clickElement on session 3ff07c7a-ab37-4634-826d-871e445d6fbd to remote] http.headers 136 - http-outgoing-224 >> Content-Type: application/json; charset=utf-8
02-16-2018 14:21:21 LoggingManagedHttpClientConnection.java DEBUG [Forwarding clickElement on session 3ff07c7a-ab37-4634-826d-871e445d6fbd to remote] http.headers 136 - http-outgoing-224 >> Content-Length: 45
02-16-2018 14:21:21 LoggingManagedHttpClientConnection.java DEBUG [Forwarding clickElement on session 3ff07c7a-ab37-4634-826d-871e445d6fbd to remote] http.headers 136 - http-outgoing-224 >> Host: localhost:33573
02-16-2018 14:21:21 LoggingManagedHttpClientConnection.java DEBUG [Forwarding clickElement on session 3ff07c7a-ab37-4634-826d-871e445d6fbd to remote] http.headers 136 - http-outgoing-224 >> Connection: Keep-Alive
02-16-2018 14:21:21 LoggingManagedHttpClientConnection.java DEBUG [Forwarding clickElement on session 3ff07c7a-ab37-4634-826d-871e445d6fbd to remote] http.headers 136 - http-outgoing-224 >> User-Agent: Apache-HttpClient/4.5.3 (Java/1.8.0_151)
02-16-2018 14:21:21 LoggingManagedHttpClientConnection.java DEBUG [Forwarding clickElement on session 3ff07c7a-ab37-4634-826d-871e445d6fbd to remote] http.headers 136 - http-outgoing-224 >> Accept-Encoding: gzip,deflate
02-16-2018 14:21:21 Wire.java DEBUG [Forwarding clickElement on session 3ff07c7a-ab37-4634-826d-871e445d6fbd to remote] http.wire 73 - http-outgoing-224 >> "POST /session/3ff07c7a-ab37-4634-826d-871e445d6fbd/element/c67e917b-f7ef-494c-8d36-a415fdf42674/click HTTP/1.1[\r][\n]"
02-16-2018 14:21:21 Wire.java DEBUG [Forwarding clickElement on session 3ff07c7a-ab37-4634-826d-871e445d6fbd to remote] http.wire 73 - http-outgoing-224 >> "Content-Type: application/json; charset=utf-8[\r][\n]"
02-16-2018 14:21:21 Wire.java DEBUG [Forwarding clickElement on session 3ff07c7a-ab37-4634-826d-871e445d6fbd to remote] http.wire 73 - http-outgoing-224 >> "Content-Length: 45[\r][\n]"
02-16-2018 14:21:21 Wire.java DEBUG [Forwarding clickElement on session 3ff07c7a-ab37-4634-826d-871e445d6fbd to remote] http.wire 73 - http-outgoing-224 >> "Host: localhost:33573[\r][\n]"
02-16-2018 14:21:21 Wire.java DEBUG [Forwarding clickElement on session 3ff07c7a-ab37-4634-826d-871e445d6fbd to remote] http.wire 73 - http-outgoing-224 >> "Connection: Keep-Alive[\r][\n]"
02-16-2018 14:21:21 Wire.java DEBUG [Forwarding clickElement on session 3ff07c7a-ab37-4634-826d-871e445d6fbd to remote] http.wire 73 - http-outgoing-224 >> "User-Agent: Apache-HttpClient/4.5.3 (Java/1.8.0_151)[\r][\n]"
02-16-2018 14:21:21 Wire.java DEBUG [Forwarding clickElement on session 3ff07c7a-ab37-4634-826d-871e445d6fbd to remote] http.wire 73 - http-outgoing-224 >> "Accept-Encoding: gzip,deflate[\r][\n]"
02-16-2018 14:21:21 Wire.java DEBUG [Forwarding clickElement on session 3ff07c7a-ab37-4634-826d-871e445d6fbd to remote] http.wire 73 - http-outgoing-224 >> "[\r][\n]"
02-16-2018 14:21:21 Wire.java DEBUG [Forwarding clickElement on session 3ff07c7a-ab37-4634-826d-871e445d6fbd to remote] http.wire 87 - http-outgoing-224 >> "{"id":"c67e917b-f7ef-494c-8d36-a415fdf42674"}"
02-16-2018 14:21:24 Wire.java DEBUG [Forwarding clickElement on session 3ff07c7a-ab37-4634-826d-871e445d6fbd to remote] http.wire 73 - http-outgoing-224 << "HTTP/1.1 200 OK[\r][\n]"
02-16-2018 14:21:24 Wire.java DEBUG [Forwarding clickElement on session 3ff07c7a-ab37-4634-826d-871e445d6fbd to remote] http.wire 73 - http-outgoing-224 << "Connection: close[\r][\n]"
02-16-2018 14:21:24 Wire.java DEBUG [Forwarding clickElement on session 3ff07c7a-ab37-4634-826d-871e445d6fbd to remote] http.wire 73 - http-outgoing-224 << "Content-Type: application/json; charset=utf-8[\r][\n]"
02-16-2018 14:21:24 Wire.java DEBUG [Forwarding clickElement on session 3ff07c7a-ab37-4634-826d-871e445d6fbd to remote] http.wire 73 - http-outgoing-224 << "Cache-Control: no-cache[\r][\n]"
02-16-2018 14:21:24 Wire.java DEBUG [Forwarding clickElement on session 3ff07c7a-ab37-4634-826d-871e445d6fbd to remote] http.wire 73 - http-outgoing-224 << "Content-Length: 13[\r][\n]"
02-16-2018 14:21:24 Wire.java DEBUG [Forwarding clickElement on session 3ff07c7a-ab37-4634-826d-871e445d6fbd to remote] http.wire 73 - http-outgoing-224 << "Date: Fri, 16 Feb 2018 20:21:24 GMT[\r][\n]"
02-16-2018 14:21:24 Wire.java DEBUG [Forwarding clickElement on session 3ff07c7a-ab37-4634-826d-871e445d6fbd to remote] http.wire 73 - http-outgoing-224 << "[\r][\n]"
02-16-2018 14:21:24 Wire.java DEBUG [Forwarding clickElement on session 3ff07c7a-ab37-4634-826d-871e445d6fbd to remote] http.wire 87 - http-outgoing-224 << "{"value": {}}"
02-16-2018 14:21:24 LoggingManagedHttpClientConnection.java DEBUG [Forwarding clickElement on session 3ff07c7a-ab37-4634-826d-871e445d6fbd to remote] http.headers 122 - http-outgoing-224 << HTTP/1.1 200 OK
02-16-2018 14:21:24 LoggingManagedHttpClientConnection.java DEBUG [Forwarding clickElement on session 3ff07c7a-ab37-4634-826d-871e445d6fbd to remote] http.headers 125 - http-outgoing-224 << Connection: close
02-16-2018 14:21:24 LoggingManagedHttpClientConnection.java DEBUG [Forwarding clickElement on session 3ff07c7a-ab37-4634-826d-871e445d6fbd to remote] http.headers 125 - http-outgoing-224 << Content-Type: application/json; charset=utf-8
02-16-2018 14:21:24 LoggingManagedHttpClientConnection.java DEBUG [Forwarding clickElement on session 3ff07c7a-ab37-4634-826d-871e445d6fbd to remote] http.headers 125 - http-outgoing-224 << Cache-Control: no-cache
02-16-2018 14:21:24 LoggingManagedHttpClientConnection.java DEBUG [Forwarding clickElement on session 3ff07c7a-ab37-4634-826d-871e445d6fbd to remote] http.headers 125 - http-outgoing-224 << Content-Length: 13
02-16-2018 14:21:24 LoggingManagedHttpClientConnection.java DEBUG [Forwarding clickElement on session 3ff07c7a-ab37-4634-826d-871e445d6fbd to remote] http.headers 125 - http-outgoing-224 << Date: Fri, 16 Feb 2018 20:21:24 GMT
02-16-2018 14:21:24 LoggingManagedHttpClientConnection.java DEBUG [Forwarding clickElement on session 3ff07c7a-ab37-4634-826d-871e445d6fbd to remote] conn.DefaultManagedHttpClientConnection 79 - http-outgoing-224: Close connection
02-16-2018 14:21:24 ConnectionHolder.java DEBUG [Forwarding clickElement on session 3ff07c7a-ab37-4634-826d-871e445d6fbd to remote] execchain.MainClientExec 104 - Connection discarded
02-16-2018 14:21:24 PoolingHttpClientConnectionManager.java DEBUG [Forwarding clickElement on session 3ff07c7a-ab37-4634-826d-871e445d6fbd to remote] conn.PoolingHttpClientConnectionManager 326 - Connection released: [id: 224][route: {}->http://localhost:33573][total kept alive: 0; route allocated: 0 of 2000; total allocated: 0 of 2000]
02-16-2018 14:21:24 RequestAddCookies.java DEBUG [Forwarding findElement on session 3ff07c7a-ab37-4634-826d-871e445d6fbd to remote] protocol.RequestAddCookies 123 - CookieSpec selected: default
02-16-2018 14:21:24 RequestAuthCache.java DEBUG [Forwarding findElement on session 3ff07c7a-ab37-4634-826d-871e445d6fbd to remote] protocol.RequestAuthCache 77 - Auth cache not set in the context
02-16-2018 14:21:24 PoolingHttpClientConnectionManager.java DEBUG [Forwarding findElement on session 3ff07c7a-ab37-4634-826d-871e445d6fbd to remote] conn.PoolingHttpClientConnectionManager 255 - Connection request: [route: {}->http://localhost:33573][total kept alive: 0; route allocated: 0 of 2000; total allocated: 0 of 2000]
02-16-2018 14:21:24 PoolingHttpClientConnectionManager.java DEBUG [Forwarding findElement on session 3ff07c7a-ab37-4634-826d-871e445d6fbd to remote] conn.PoolingHttpClientConnectionManager 288 - Connection leased: [id: 225][route: {}->http://localhost:33573][total kept alive: 0; route allocated: 1 of 2000; total allocated: 1 of 2000]
02-16-2018 14:21:24 MainClientExec.java DEBUG [Forwarding findElement on session 3ff07c7a-ab37-4634-826d-871e445d6fbd to remote] execchain.MainClientExec 235 - Opening connection {}->http://localhost:33573
02-16-2018 14:21:24 DefaultHttpClientConnectionOperator.java DEBUG [Forwarding findElement on session 3ff07c7a-ab37-4634-826d-871e445d6fbd to remote] conn.DefaultHttpClientConnectionOperator 139 - Connecting to localhost/127.0.0.1:33573
02-16-2018 14:21:24 DefaultHttpClientConnectionOperator.java DEBUG [Forwarding findElement on session 3ff07c7a-ab37-4634-826d-871e445d6fbd to remote] conn.DefaultHttpClientConnectionOperator 146 - Connection established 127.0.0.1:57420<->127.0.0.1:33573
02-16-2018 14:21:24 LoggingManagedHttpClientConnection.java DEBUG [Forwarding findElement on session 3ff07c7a-ab37-4634-826d-871e445d6fbd to remote] conn.DefaultManagedHttpClientConnection 88 - http-outgoing-225: set socket timeout to 10800000
02-16-2018 14:21:24 MainClientExec.java DEBUG [Forwarding findElement on session 3ff07c7a-ab37-4634-826d-871e445d6fbd to remote] execchain.MainClientExec 256 - Executing request POST /session/3ff07c7a-ab37-4634-826d-871e445d6fbd/element HTTP/1.1
02-16-2018 14:21:24 MainClientExec.java DEBUG [Forwarding findElement on session 3ff07c7a-ab37-4634-826d-871e445d6fbd to remote] execchain.MainClientExec 261 - Target auth state: UNCHALLENGED
02-16-2018 14:21:24 MainClientExec.java DEBUG [Forwarding findElement on session 3ff07c7a-ab37-4634-826d-871e445d6fbd to remote] execchain.MainClientExec 267 - Proxy auth state: UNCHALLENGED
02-16-2018 14:21:24 LoggingManagedHttpClientConnection.java DEBUG [Forwarding findElement on session 3ff07c7a-ab37-4634-826d-871e445d6fbd to remote] http.headers 133 - http-outgoing-225 >> POST /session/3ff07c7a-ab37-4634-826d-871e445d6fbd/element HTTP/1.1
02-16-2018 14:21:24 LoggingManagedHttpClientConnection.java DEBUG [Forwarding findElement on session 3ff07c7a-ab37-4634-826d-871e445d6fbd to remote] http.headers 136 - http-outgoing-225 >> Content-Type: application/json; charset=utf-8
02-16-2018 14:21:24 LoggingManagedHttpClientConnection.java DEBUG [Forwarding findElement on session 3ff07c7a-ab37-4634-826d-871e445d6fbd to remote] http.headers 136 - http-outgoing-225 >> Content-Length: 66
02-16-2018 14:21:24 LoggingManagedHttpClientConnection.java DEBUG [Forwarding findElement on session 3ff07c7a-ab37-4634-826d-871e445d6fbd to remote] http.headers 136 - http-outgoing-225 >> Host: localhost:33573
02-16-2018 14:21:24 LoggingManagedHttpClientConnection.java DEBUG [Forwarding findElement on session 3ff07c7a-ab37-4634-826d-871e445d6fbd to remote] http.headers 136 - http-outgoing-225 >> Connection: Keep-Alive
02-16-2018 14:21:24 LoggingManagedHttpClientConnection.java DEBUG [Forwarding findElement on session 3ff07c7a-ab37-4634-826d-871e445d6fbd to remote] http.headers 136 - http-outgoing-225 >> User-Agent: Apache-HttpClient/4.5.3 (Java/1.8.0_151)
02-16-2018 14:21:24 LoggingManagedHttpClientConnection.java DEBUG [Forwarding findElement on session 3ff07c7a-ab37-4634-826d-871e445d6fbd to remote] http.headers 136 - http-outgoing-225 >> Accept-Encoding: gzip,deflate
02-16-2018 14:21:24 Wire.java DEBUG [Forwarding findElement on session 3ff07c7a-ab37-4634-826d-871e445d6fbd to remote] http.wire 73 - http-outgoing-225 >> "POST /session/3ff07c7a-ab37-4634-826d-871e445d6fbd/element HTTP/1.1[\r][\n]"
02-16-2018 14:21:24 Wire.java DEBUG [Forwarding findElement on session 3ff07c7a-ab37-4634-826d-871e445d6fbd to remote] http.wire 73 - http-outgoing-225 >> "Content-Type: application/json; charset=utf-8[\r][\n]"
02-16-2018 14:21:24 Wire.java DEBUG [Forwarding findElement on session 3ff07c7a-ab37-4634-826d-871e445d6fbd to remote] http.wire 73 - http-outgoing-225 >> "Content-Length: 66[\r][\n]"
02-16-2018 14:21:24 Wire.java DEBUG [Forwarding findElement on session 3ff07c7a-ab37-4634-826d-871e445d6fbd to remote] http.wire 73 - http-outgoing-225 >> "Host: localhost:33573[\r][\n]"
02-16-2018 14:21:24 Wire.java DEBUG [Forwarding findElement on session 3ff07c7a-ab37-4634-826d-871e445d6fbd to remote] http.wire 73 - http-outgoing-225 >> "Connection: Keep-Alive[\r][\n]"
02-16-2018 14:21:24 Wire.java DEBUG [Forwarding findElement on session 3ff07c7a-ab37-4634-826d-871e445d6fbd to remote] http.wire 73 - http-outgoing-225 >> "User-Agent: Apache-HttpClient/4.5.3 (Java/1.8.0_151)[\r][\n]"
02-16-2018 14:21:24 Wire.java DEBUG [Forwarding findElement on session 3ff07c7a-ab37-4634-826d-871e445d6fbd to remote] http.wire 73 - http-outgoing-225 >> "Accept-Encoding: gzip,deflate[\r][\n]"
02-16-2018 14:21:24 Wire.java DEBUG [Forwarding findElement on session 3ff07c7a-ab37-4634-826d-871e445d6fbd to remote] http.wire 73 - http-outgoing-225 >> "[\r][\n]"
02-16-2018 14:21:24 Wire.java DEBUG [Forwarding findElement on session 3ff07c7a-ab37-4634-826d-871e445d6fbd to remote] http.wire 87 - http-outgoing-225 >> "{"value":"/html/body/div/div[1]/div/nav/div/p[1]","using":"xpath"}"
02-16-2018 14:21:44 Wire.java DEBUG [Forwarding findElement on session 3ff07c7a-ab37-4634-826d-871e445d6fbd to remote] http.wire 73 - http-outgoing-225 << "HTTP/1.1 404 Not Found[\r][\n]"
02-16-2018 14:21:44 Wire.java DEBUG [Forwarding findElement on session 3ff07c7a-ab37-4634-826d-871e445d6fbd to remote] http.wire 73 - http-outgoing-225 << "Connection: close[\r][\n]"
02-16-2018 14:21:44 Wire.java DEBUG [Forwarding findElement on session 3ff07c7a-ab37-4634-826d-871e445d6fbd to remote] http.wire 73 - http-outgoing-225 << "Content-Type: application/json; charset=utf-8[\r][\n]"
02-16-2018 14:21:44 Wire.java DEBUG [Forwarding findElement on session 3ff07c7a-ab37-4634-826d-871e445d6fbd to remote] http.wire 73 - http-outgoing-225 << "Cache-Control: no-cache[\r][\n]"
02-16-2018 14:21:44 Wire.java DEBUG [Forwarding findElement on session 3ff07c7a-ab37-4634-826d-871e445d6fbd to remote] http.wire 73 - http-outgoing-225 << "Content-Length: 316[\r][\n]"
02-16-2018 14:21:44 Wire.java DEBUG [Forwarding findElement on session 3ff07c7a-ab37-4634-826d-871e445d6fbd to remote] http.wire 73 - http-outgoing-225 << "Date: Fri, 16 Feb 2018 20:21:44 GMT[\r][\n]"
02-16-2018 14:21:44 Wire.java DEBUG [Forwarding findElement on session 3ff07c7a-ab37-4634-826d-871e445d6fbd to remote] http.wire 73 - http-outgoing-225 << "[\r][\n]"
02-16-2018 14:21:44 Wire.java DEBUG [Forwarding findElement on session 3ff07c7a-ab37-4634-826d-871e445d6fbd to remote] http.wire 87 - http-outgoing-225 << "{"value":{"error":"no such element","message":"Unable to locate element: /html/body/div/div[1]/div/nav/div/p[1]","stacktrace":"WebDriverError@chrome://marionette/content/error.js:227:5\nNoSuchElementError@chrome://marionette/content/error.js:455:5\nelement.find/</<@chrome://marionette/content/element.js:290:16\n"}}"
02-16-2018 14:21:44 LoggingManagedHttpClientConnection.java DEBUG [Forwarding findElement on session 3ff07c7a-ab37-4634-826d-871e445d6fbd to remote] http.headers 122 - http-outgoing-225 << HTTP/1.1 404 Not Found
02-16-2018 14:21:44 LoggingManagedHttpClientConnection.java DEBUG [Forwarding findElement on session 3ff07c7a-ab37-4634-826d-871e445d6fbd to remote] http.headers 125 - http-outgoing-225 << Connection: close
02-16-2018 14:21:44 LoggingManagedHttpClientConnection.java DEBUG [Forwarding findElement on session 3ff07c7a-ab37-4634-826d-871e445d6fbd to remote] http.headers 125 - http-outgoing-225 << Content-Type: application/json; charset=utf-8
02-16-2018 14:21:44 LoggingManagedHttpClientConnection.java DEBUG [Forwarding findElement on session 3ff07c7a-ab37-4634-826d-871e445d6fbd to remote] http.headers 125 - http-outgoing-225 << Cache-Control: no-cache
02-16-2018 14:21:44 LoggingManagedHttpClientConnection.java DEBUG [Forwarding findElement on session 3ff07c7a-ab37-4634-826d-871e445d6fbd to remote] http.headers 125 - http-outgoing-225 << Content-Length: 316
02-16-2018 14:21:44 LoggingManagedHttpClientConnection.java DEBUG [Forwarding findElement on session 3ff07c7a-ab37-4634-826d-871e445d6fbd to remote] http.headers 125 - http-outgoing-225 << Date: Fri, 16 Feb 2018 20:21:44 GMT
02-16-2018 14:21:44 LoggingManagedHttpClientConnection.java DEBUG [Forwarding findElement on session 3ff07c7a-ab37-4634-826d-871e445d6fbd to remote] conn.DefaultManagedHttpClientConnection 79 - http-outgoing-225: Close connection
02-16-2018 14:21:44 ConnectionHolder.java DEBUG [Forwarding findElement on session 3ff07c7a-ab37-4634-826d-871e445d6fbd to remote] execchain.MainClientExec 104 - Connection discarded
02-16-2018 14:21:44 PoolingHttpClientConnectionManager.java DEBUG [Forwarding findElement on session 3ff07c7a-ab37-4634-826d-871e445d6fbd to remote] conn.PoolingHttpClientConnectionManager 326 - Connection released: [id: 225][route: {}->http://localhost:33573][total kept alive: 0; route allocated: 0 of 2000; total allocated: 0 of 2000]
]]></system-out>
    <system-err><![CDATA[1518812469707	Marionette	INFO	New connections will no longer be accepted
[Parent 18292] WARNING: pipe error: 109: file z:/build/build/src/ipc/chromium/src/chrome/common/ipc_channel_win.cc, line 346
1518812470550	geckodriver	INFO	geckodriver 0.19.1
1518812470561	geckodriver	INFO	Listening on 127.0.0.1:33573
1518812471063	mozrunner::runner	INFO	Running command: "C:\\Program Files\\Mozilla Firefox\\firefox.exe" "-marionette" "-profile" "C:\\Users\\venka\\AppData\\Local\\Temp\\rust_mozprofile.T2czAjeBTmEP"
1518812471265	addons.xpi	WARN	Error parsing extensions state: [Exception... "Component returned failure code: 0x80520012 (NS_ERROR_FILE_NOT_FOUND) [amIAddonManagerStartup.readStartupData]"  nsresult: "0x80520012 (NS_ERROR_FILE_NOT_FOUND)"  location: "JS frame :: resource://gre/modules/addons/XPIProvider.jsm :: loadExtensionState :: line 1554"  data: no] Stack trace: loadExtensionState()@resource://gre/modules/addons/XPIProvider.jsm:1554 < getInstallState()@resource://gre/modules/addons/XPIProvider.jsm:1589 < checkForChanges()@resource://gre/modules/addons/XPIProvider.jsm:3109 < startup()@resource://gre/modules/addons/XPIProvider.jsm:2188 < callProvider()@resource://gre/modules/AddonManager.jsm:269 < _startProvider()@resource://gre/modules/AddonManager.jsm:739 < startup()@resource://gre/modules/AddonManager.jsm:906 < startup()@resource://gre/modules/AddonManager.jsm:3090 < observe()@jar:file:///C:/Program%20Files/Mozilla%20Firefox/omni.ja!/components/addonManager.js:65
Unable to read VR Path Registry from C:\Users\venka\AppData\Local\openvr\openvrpaths.vrpath
1518812473053	Marionette	INFO	Enabled via --marionette
Unable to read VR Path Registry from C:\Users\venka\AppData\Local\openvr\openvrpaths.vrpath
Unable to read VR Path Registry from C:\Users\venka\AppData\Local\openvr\openvrpaths.vrpath
Unable to read VR Path Registry from C:\Users\venka\AppData\Local\openvr\openvrpaths.vrpath
Unable to read VR Path Registry from C:\Users\venka\AppData\Local\openvr\openvrpaths.vrpath
[Child 20372] WARNING: pipe error: 109: file z:/build/build/src/ipc/chromium/src/chrome/common/ipc_channel_win.cc, line 346
[Child 20372] WARNING: pipe error: 109: file z:/build/build/src/ipc/chromium/sr1518812476176	Marionette	INFO	Listening on port 57348
1518812476289	Marionette	WARN	TLS certificate errors will be ignored for this session
1518812476323	Marionette	DEBUG	Register listener.js for window 6442450945
Feb 16, 2018 2:21:16 PM org.openqa.selenium.remote.ProtocolHandshake createSession
INFO: Detected dialect: W3C
1518812476467	Marionette	DEBUG	Received DOM event "beforeunload" for "about:blank"
1518812477105	Marionette	DEBUG	Received DOM event "pagehide" for "about:blank"
1518812477106	Marionette	DEBUG	Received DOM event "unload" for "about:blank"
JavaScript warning: http://jusdone.atomic77.in/js/main.js, line 28: Using //@ to indicate sourceURL pragmas is deprecated. Use //# instead
1518812478295	Marionette	DEBUG	Received DOM event "DOMContentLoaded" for "http://jusdone.atomic77.in/"
1518812478797	Marionette	DEBUG	Received DOM event "pageshow" for "http://jusdone.atomic77.in/"
1518812478872	Marionette	DEBUG	Received DOM event "beforeunload" for "http://jusdone.atomic77.in/"
1518812479264	Marionette	DEBUG	Received DOM event "pagehide" for "http://jusdone.atomic77.in/"
1518812479264	Marionette	DEBUG	Received DOM event "unload" for "http://jusdone.atomic77.in/"
JavaScript warning: http://jusdone.atomic77.in/js/main.js, line 28: Using //@ to indicate sourceURL pragmas is deprecated. Use //# instead
1518812481346	Marionette	DEBUG	Received DOM event "DOMContentLoaded" for "http://jusdone.atomic77.in/register"
1518812481433	Marionette	DEBUG	Received DOM event "pageshow" for "http://jusdone.atomic77.in/register"
1518812482017	Marionette	DEBUG	Received DOM event "beforeunload" for "http://jusdone.atomic77.in/register"
1518812484419	Marionette	DEBUG	Received DOM event "pagehide" for "http://jusdone.atomic77.in/register"
1518812484420	Marionette	DEBUG	Received DOM event "unload" for "http://jusdone.atomic77.in/register"
JavaScript warning: http://jusdone.atomic77.in/js/main.js, line 28: Using //@ to indicate sourceURL pragmas is deprecated. Use //# instead
1518812484526	Marionette	DEBUG	Received DOM event "DOMContentLoaded" for "http://jusdone.atomic77.in/register"
1518812484529	Marionette	DEBUG	Received DOM event "pageshow" for "http://jusdone.atomic77.in/register"
]]></system-err>
  </testcase>
  <testcase name="VerifyExistingAcctErrorMsgTest" classname="com.JusDone.qa.TestCases.RegisterPageTest" time="2.369"/>
  <testcase name="VerifyInvalidEmailErrorMsgTest" classname="com.JusDone.qa.TestCases.RegisterPageTest" time="2.331"/>
  <testcase name="setUp" classname="com.JusDone.qa.TestCases.RegisterPageTest" time="11.676">
    <failure message="&#10;Build info: version: &apos;3.7.1&apos;, revision: &apos;8a0099a&apos;, time: &apos;2017-11-06T21:01:39.354Z&apos;&#10;System info: host: &apos;NALLANS-NEWPC&apos;, ip: &apos;192.168.186.1&apos;, os.name: &apos;Windows 10&apos;, os.arch: &apos;amd64&apos;, os.version: &apos;10.0&apos;, java.version: &apos;1.8.0_151&apos;&#10;Driver info: org.openqa.selenium.firefox.FirefoxDriver&#10;Capabilities {acceptInsecureCerts: true, browserName: firefox, browserVersion: 56.0, javascriptEnabled: true, moz:accessibilityChecks: false, moz:headless: false, moz:processID: 20876, moz:profile: C:\Users\venka\AppData\Loca..., pageLoadStrategy: normal, platform: XP, platformName: XP, platformVersion: 10.0, rotatable: false, specificationLevel: 0, timeouts: {implicit: 0, pageLoad: 300000, script: 30000}}&#10;Session ID: c0ff8e6e-a212-4920-9b51-9c55f02b31ab" type="org.openqa.selenium.ElementNotInteractableException">org.openqa.selenium.ElementNotInteractableException: 

Build info: version: '3.7.1', revision: '8a0099a', time: '2017-11-06T21:01:39.354Z'
System info: host: 'NALLANS-NEWPC', ip: '192.168.186.1', os.name: 'Windows 10', os.arch: 'amd64', os.version: '10.0', java.version: '1.8.0_151'
Driver info: org.openqa.selenium.firefox.FirefoxDriver
Capabilities {acceptInsecureCerts: true, browserName: firefox, browserVersion: 56.0, javascriptEnabled: true, moz:accessibilityChecks: false, moz:headless: false, moz:processID: 20876, moz:profile: C:\Users\venka\AppData\Loca..., pageLoadStrategy: normal, platform: XP, platformName: XP, platformVersion: 10.0, rotatable: false, specificationLevel: 0, timeouts: {implicit: 0, pageLoad: 300000, script: 30000}}
Session ID: c0ff8e6e-a212-4920-9b51-9c55f02b31ab
	at com.JusDone.qa.TestCases.RegisterPageTest.setUp(RegisterPageTest.java:45)
</failure>
    <system-out><![CDATA[02-16-2018 14:22:11 RequestAddCookies.java DEBUG [Forwarding quit on session 03692547-78b6-46ae-9d24-991ac957e219 to remote] protocol.RequestAddCookies 123 - CookieSpec selected: default
02-16-2018 14:22:11 RequestAuthCache.java DEBUG [Forwarding quit on session 03692547-78b6-46ae-9d24-991ac957e219 to remote] protocol.RequestAuthCache 77 - Auth cache not set in the context
02-16-2018 14:22:11 PoolingHttpClientConnectionManager.java DEBUG [Forwarding quit on session 03692547-78b6-46ae-9d24-991ac957e219 to remote] conn.PoolingHttpClientConnectionManager 255 - Connection request: [route: {}->http://localhost:47435][total kept alive: 0; route allocated: 0 of 2000; total allocated: 0 of 2000]
02-16-2018 14:22:11 PoolingHttpClientConnectionManager.java DEBUG [Forwarding quit on session 03692547-78b6-46ae-9d24-991ac957e219 to remote] conn.PoolingHttpClientConnectionManager 288 - Connection leased: [id: 289][route: {}->http://localhost:47435][total kept alive: 0; route allocated: 1 of 2000; total allocated: 1 of 2000]
02-16-2018 14:22:11 MainClientExec.java DEBUG [Forwarding quit on session 03692547-78b6-46ae-9d24-991ac957e219 to remote] execchain.MainClientExec 235 - Opening connection {}->http://localhost:47435
02-16-2018 14:22:11 DefaultHttpClientConnectionOperator.java DEBUG [Forwarding quit on session 03692547-78b6-46ae-9d24-991ac957e219 to remote] conn.DefaultHttpClientConnectionOperator 139 - Connecting to localhost/127.0.0.1:47435
02-16-2018 14:22:11 DefaultHttpClientConnectionOperator.java DEBUG [Forwarding quit on session 03692547-78b6-46ae-9d24-991ac957e219 to remote] conn.DefaultHttpClientConnectionOperator 146 - Connection established 127.0.0.1:57580<->127.0.0.1:47435
02-16-2018 14:22:11 LoggingManagedHttpClientConnection.java DEBUG [Forwarding quit on session 03692547-78b6-46ae-9d24-991ac957e219 to remote] conn.DefaultManagedHttpClientConnection 88 - http-outgoing-289: set socket timeout to 10800000
02-16-2018 14:22:11 MainClientExec.java DEBUG [Forwarding quit on session 03692547-78b6-46ae-9d24-991ac957e219 to remote] execchain.MainClientExec 256 - Executing request DELETE /session/03692547-78b6-46ae-9d24-991ac957e219 HTTP/1.1
02-16-2018 14:22:11 MainClientExec.java DEBUG [Forwarding quit on session 03692547-78b6-46ae-9d24-991ac957e219 to remote] execchain.MainClientExec 261 - Target auth state: UNCHALLENGED
02-16-2018 14:22:11 MainClientExec.java DEBUG [Forwarding quit on session 03692547-78b6-46ae-9d24-991ac957e219 to remote] execchain.MainClientExec 267 - Proxy auth state: UNCHALLENGED
02-16-2018 14:22:11 LoggingManagedHttpClientConnection.java DEBUG [Forwarding quit on session 03692547-78b6-46ae-9d24-991ac957e219 to remote] http.headers 133 - http-outgoing-289 >> DELETE /session/03692547-78b6-46ae-9d24-991ac957e219 HTTP/1.1
02-16-2018 14:22:11 LoggingManagedHttpClientConnection.java DEBUG [Forwarding quit on session 03692547-78b6-46ae-9d24-991ac957e219 to remote] http.headers 136 - http-outgoing-289 >> Host: localhost:47435
02-16-2018 14:22:11 LoggingManagedHttpClientConnection.java DEBUG [Forwarding quit on session 03692547-78b6-46ae-9d24-991ac957e219 to remote] http.headers 136 - http-outgoing-289 >> Connection: Keep-Alive
02-16-2018 14:22:11 LoggingManagedHttpClientConnection.java DEBUG [Forwarding quit on session 03692547-78b6-46ae-9d24-991ac957e219 to remote] http.headers 136 - http-outgoing-289 >> User-Agent: Apache-HttpClient/4.5.3 (Java/1.8.0_151)
02-16-2018 14:22:11 LoggingManagedHttpClientConnection.java DEBUG [Forwarding quit on session 03692547-78b6-46ae-9d24-991ac957e219 to remote] http.headers 136 - http-outgoing-289 >> Accept-Encoding: gzip,deflate
02-16-2018 14:22:11 Wire.java DEBUG [Forwarding quit on session 03692547-78b6-46ae-9d24-991ac957e219 to remote] http.wire 73 - http-outgoing-289 >> "DELETE /session/03692547-78b6-46ae-9d24-991ac957e219 HTTP/1.1[\r][\n]"
02-16-2018 14:22:11 Wire.java DEBUG [Forwarding quit on session 03692547-78b6-46ae-9d24-991ac957e219 to remote] http.wire 73 - http-outgoing-289 >> "Host: localhost:47435[\r][\n]"
02-16-2018 14:22:11 Wire.java DEBUG [Forwarding quit on session 03692547-78b6-46ae-9d24-991ac957e219 to remote] http.wire 73 - http-outgoing-289 >> "Connection: Keep-Alive[\r][\n]"
02-16-2018 14:22:11 Wire.java DEBUG [Forwarding quit on session 03692547-78b6-46ae-9d24-991ac957e219 to remote] http.wire 73 - http-outgoing-289 >> "User-Agent: Apache-HttpClient/4.5.3 (Java/1.8.0_151)[\r][\n]"
02-16-2018 14:22:11 Wire.java DEBUG [Forwarding quit on session 03692547-78b6-46ae-9d24-991ac957e219 to remote] http.wire 73 - http-outgoing-289 >> "Accept-Encoding: gzip,deflate[\r][\n]"
02-16-2018 14:22:11 Wire.java DEBUG [Forwarding quit on session 03692547-78b6-46ae-9d24-991ac957e219 to remote] http.wire 73 - http-outgoing-289 >> "[\r][\n]"
02-16-2018 14:22:12 Wire.java DEBUG [Forwarding quit on session 03692547-78b6-46ae-9d24-991ac957e219 to remote] http.wire 73 - http-outgoing-289 << "HTTP/1.1 200 OK[\r][\n]"
02-16-2018 14:22:12 Wire.java DEBUG [Forwarding quit on session 03692547-78b6-46ae-9d24-991ac957e219 to remote] http.wire 73 - http-outgoing-289 << "Connection: close[\r][\n]"
02-16-2018 14:22:12 Wire.java DEBUG [Forwarding quit on session 03692547-78b6-46ae-9d24-991ac957e219 to remote] http.wire 73 - http-outgoing-289 << "Content-Type: application/json; charset=utf-8[\r][\n]"
02-16-2018 14:22:12 Wire.java DEBUG [Forwarding quit on session 03692547-78b6-46ae-9d24-991ac957e219 to remote] http.wire 73 - http-outgoing-289 << "Cache-Control: no-cache[\r][\n]"
02-16-2018 14:22:12 Wire.java DEBUG [Forwarding quit on session 03692547-78b6-46ae-9d24-991ac957e219 to remote] http.wire 73 - http-outgoing-289 << "Content-Length: 13[\r][\n]"
02-16-2018 14:22:12 Wire.java DEBUG [Forwarding quit on session 03692547-78b6-46ae-9d24-991ac957e219 to remote] http.wire 73 - http-outgoing-289 << "Date: Fri, 16 Feb 2018 20:22:12 GMT[\r][\n]"
02-16-2018 14:22:12 Wire.java DEBUG [Forwarding quit on session 03692547-78b6-46ae-9d24-991ac957e219 to remote] http.wire 73 - http-outgoing-289 << "[\r][\n]"
02-16-2018 14:22:12 Wire.java DEBUG [Forwarding quit on session 03692547-78b6-46ae-9d24-991ac957e219 to remote] http.wire 87 - http-outgoing-289 << "{"value": {}}"
02-16-2018 14:22:12 LoggingManagedHttpClientConnection.java DEBUG [Forwarding quit on session 03692547-78b6-46ae-9d24-991ac957e219 to remote] http.headers 122 - http-outgoing-289 << HTTP/1.1 200 OK
02-16-2018 14:22:12 LoggingManagedHttpClientConnection.java DEBUG [Forwarding quit on session 03692547-78b6-46ae-9d24-991ac957e219 to remote] http.headers 125 - http-outgoing-289 << Connection: close
02-16-2018 14:22:12 LoggingManagedHttpClientConnection.java DEBUG [Forwarding quit on session 03692547-78b6-46ae-9d24-991ac957e219 to remote] http.headers 125 - http-outgoing-289 << Content-Type: application/json; charset=utf-8
02-16-2018 14:22:12 LoggingManagedHttpClientConnection.java DEBUG [Forwarding quit on session 03692547-78b6-46ae-9d24-991ac957e219 to remote] http.headers 125 - http-outgoing-289 << Cache-Control: no-cache
02-16-2018 14:22:12 LoggingManagedHttpClientConnection.java DEBUG [Forwarding quit on session 03692547-78b6-46ae-9d24-991ac957e219 to remote] http.headers 125 - http-outgoing-289 << Content-Length: 13
02-16-2018 14:22:12 LoggingManagedHttpClientConnection.java DEBUG [Forwarding quit on session 03692547-78b6-46ae-9d24-991ac957e219 to remote] http.headers 125 - http-outgoing-289 << Date: Fri, 16 Feb 2018 20:22:12 GMT
02-16-2018 14:22:12 LoggingManagedHttpClientConnection.java DEBUG [Forwarding quit on session 03692547-78b6-46ae-9d24-991ac957e219 to remote] conn.DefaultManagedHttpClientConnection 79 - http-outgoing-289: Close connection
02-16-2018 14:22:12 ConnectionHolder.java DEBUG [Forwarding quit on session 03692547-78b6-46ae-9d24-991ac957e219 to remote] execchain.MainClientExec 104 - Connection discarded
02-16-2018 14:22:12 PoolingHttpClientConnectionManager.java DEBUG [Forwarding quit on session 03692547-78b6-46ae-9d24-991ac957e219 to remote] conn.PoolingHttpClientConnectionManager 326 - Connection released: [id: 289][route: {}->http://localhost:47435][total kept alive: 0; route allocated: 0 of 2000; total allocated: 0 of 2000]
02-16-2018 14:22:12 PoolingHttpClientConnectionManager.java DEBUG [Forwarding quit on session 03692547-78b6-46ae-9d24-991ac957e219 to remote] conn.PoolingHttpClientConnectionManager 407 - Closing connections idle longer than 0 SECONDS
1--------4
sri123
sri123@gmail.com
Test123
Tes123
02-16-2018 14:22:12 RequestAddCookies.java DEBUG [Forwarding newSession on session null to remote] protocol.RequestAddCookies 123 - CookieSpec selected: default
02-16-2018 14:22:12 RequestAuthCache.java DEBUG [Forwarding newSession on session null to remote] protocol.RequestAuthCache 77 - Auth cache not set in the context
02-16-2018 14:22:12 PoolingHttpClientConnectionManager.java DEBUG [Forwarding newSession on session null to remote] conn.PoolingHttpClientConnectionManager 255 - Connection request: [route: {}->http://localhost:43563][total kept alive: 0; route allocated: 0 of 2000; total allocated: 0 of 2000]
02-16-2018 14:22:12 PoolingHttpClientConnectionManager.java DEBUG [Forwarding newSession on session null to remote] conn.PoolingHttpClientConnectionManager 288 - Connection leased: [id: 290][route: {}->http://localhost:43563][total kept alive: 0; route allocated: 1 of 2000; total allocated: 1 of 2000]
02-16-2018 14:22:12 MainClientExec.java DEBUG [Forwarding newSession on session null to remote] execchain.MainClientExec 235 - Opening connection {}->http://localhost:43563
02-16-2018 14:22:12 DefaultHttpClientConnectionOperator.java DEBUG [Forwarding newSession on session null to remote] conn.DefaultHttpClientConnectionOperator 139 - Connecting to localhost/127.0.0.1:43563
02-16-2018 14:22:12 DefaultHttpClientConnectionOperator.java DEBUG [Forwarding newSession on session null to remote] conn.DefaultHttpClientConnectionOperator 146 - Connection established 127.0.0.1:57582<->127.0.0.1:43563
02-16-2018 14:22:12 LoggingManagedHttpClientConnection.java DEBUG [Forwarding newSession on session null to remote] conn.DefaultManagedHttpClientConnection 88 - http-outgoing-290: set socket timeout to 10800000
02-16-2018 14:22:12 MainClientExec.java DEBUG [Forwarding newSession on session null to remote] execchain.MainClientExec 256 - Executing request POST /session HTTP/1.1
02-16-2018 14:22:12 MainClientExec.java DEBUG [Forwarding newSession on session null to remote] execchain.MainClientExec 261 - Target auth state: UNCHALLENGED
02-16-2018 14:22:12 MainClientExec.java DEBUG [Forwarding newSession on session null to remote] execchain.MainClientExec 267 - Proxy auth state: UNCHALLENGED
02-16-2018 14:22:12 LoggingManagedHttpClientConnection.java DEBUG [Forwarding newSession on session null to remote] http.headers 133 - http-outgoing-290 >> POST /session HTTP/1.1
02-16-2018 14:22:12 LoggingManagedHttpClientConnection.java DEBUG [Forwarding newSession on session null to remote] http.headers 136 - http-outgoing-290 >> Content-Type: application/json; charset=utf-8
02-16-2018 14:22:12 LoggingManagedHttpClientConnection.java DEBUG [Forwarding newSession on session null to remote] http.headers 136 - http-outgoing-290 >> Content-Length: 404
02-16-2018 14:22:12 LoggingManagedHttpClientConnection.java DEBUG [Forwarding newSession on session null to remote] http.headers 136 - http-outgoing-290 >> Host: localhost:43563
02-16-2018 14:22:12 LoggingManagedHttpClientConnection.java DEBUG [Forwarding newSession on session null to remote] http.headers 136 - http-outgoing-290 >> Connection: Keep-Alive
02-16-2018 14:22:12 LoggingManagedHttpClientConnection.java DEBUG [Forwarding newSession on session null to remote] http.headers 136 - http-outgoing-290 >> User-Agent: Apache-HttpClient/4.5.3 (Java/1.8.0_151)
02-16-2018 14:22:12 LoggingManagedHttpClientConnection.java DEBUG [Forwarding newSession on session null to remote] http.headers 136 - http-outgoing-290 >> Accept-Encoding: gzip,deflate
02-16-2018 14:22:12 Wire.java DEBUG [Forwarding newSession on session null to remote] http.wire 73 - http-outgoing-290 >> "POST /session HTTP/1.1[\r][\n]"
02-16-2018 14:22:12 Wire.java DEBUG [Forwarding newSession on session null to remote] http.wire 73 - http-outgoing-290 >> "Content-Type: application/json; charset=utf-8[\r][\n]"
02-16-2018 14:22:12 Wire.java DEBUG [Forwarding newSession on session null to remote] http.wire 73 - http-outgoing-290 >> "Content-Length: 404[\r][\n]"
02-16-2018 14:22:12 Wire.java DEBUG [Forwarding newSession on session null to remote] http.wire 73 - http-outgoing-290 >> "Host: localhost:43563[\r][\n]"
02-16-2018 14:22:12 Wire.java DEBUG [Forwarding newSession on session null to remote] http.wire 73 - http-outgoing-290 >> "Connection: Keep-Alive[\r][\n]"
02-16-2018 14:22:12 Wire.java DEBUG [Forwarding newSession on session null to remote] http.wire 73 - http-outgoing-290 >> "User-Agent: Apache-HttpClient/4.5.3 (Java/1.8.0_151)[\r][\n]"
02-16-2018 14:22:12 Wire.java DEBUG [Forwarding newSession on session null to remote] http.wire 73 - http-outgoing-290 >> "Accept-Encoding: gzip,deflate[\r][\n]"
02-16-2018 14:22:12 Wire.java DEBUG [Forwarding newSession on session null to remote] http.wire 73 - http-outgoing-290 >> "[\r][\n]"
02-16-2018 14:22:12 Wire.java DEBUG [Forwarding newSession on session null to remote] http.wire 73 - http-outgoing-290 >> "{[\n]"
02-16-2018 14:22:12 Wire.java DEBUG [Forwarding newSession on session null to remote] http.wire 73 - http-outgoing-290 >> "  "desiredCapabilities": {"acceptInsecureCerts":true,"browserName":"firefox","moz:firefoxOptions":{"args":[],"prefs":{}}},[\n]"
02-16-2018 14:22:12 Wire.java DEBUG [Forwarding newSession on session null to remote] http.wire 73 - http-outgoing-290 >> "  "capabilities": {[\n]"
02-16-2018 14:22:12 Wire.java DEBUG [Forwarding newSession on session null to remote] http.wire 73 - http-outgoing-290 >> "    "desiredCapabilities": {"acceptInsecureCerts":true,"browserName":"firefox","moz:firefoxOptions":{"args":[],"prefs":{}}},[\n]"
02-16-2018 14:22:12 Wire.java DEBUG [Forwarding newSession on session null to remote] http.wire 73 - http-outgoing-290 >> "    "firstMatch": [[\n]"
02-16-2018 14:22:12 Wire.java DEBUG [Forwarding newSession on session null to remote] http.wire 73 - http-outgoing-290 >> "      {"acceptInsecureCerts":true,"browserName":"firefox","moz:firefoxOptions":{"args":[],"prefs":{}}}[\n]"
02-16-2018 14:22:12 Wire.java DEBUG [Forwarding newSession on session null to remote] http.wire 73 - http-outgoing-290 >> "    ][\n]"
02-16-2018 14:22:12 Wire.java DEBUG [Forwarding newSession on session null to remote] http.wire 73 - http-outgoing-290 >> "  }[\n]"
02-16-2018 14:22:12 Wire.java DEBUG [Forwarding newSession on session null to remote] http.wire 87 - http-outgoing-290 >> "}"
02-16-2018 14:22:18 Wire.java DEBUG [Forwarding newSession on session null to remote] http.wire 73 - http-outgoing-290 << "HTTP/1.1 200 OK[\r][\n]"
02-16-2018 14:22:18 Wire.java DEBUG [Forwarding newSession on session null to remote] http.wire 73 - http-outgoing-290 << "Connection: close[\r][\n]"
02-16-2018 14:22:18 Wire.java DEBUG [Forwarding newSession on session null to remote] http.wire 73 - http-outgoing-290 << "Content-Type: application/json; charset=utf-8[\r][\n]"
02-16-2018 14:22:18 Wire.java DEBUG [Forwarding newSession on session null to remote] http.wire 73 - http-outgoing-290 << "Cache-Control: no-cache[\r][\n]"
02-16-2018 14:22:18 Wire.java DEBUG [Forwarding newSession on session null to remote] http.wire 73 - http-outgoing-290 << "Content-Length: 496[\r][\n]"
02-16-2018 14:22:18 Wire.java DEBUG [Forwarding newSession on session null to remote] http.wire 73 - http-outgoing-290 << "Date: Fri, 16 Feb 2018 20:22:18 GMT[\r][\n]"
02-16-2018 14:22:18 Wire.java DEBUG [Forwarding newSession on session null to remote] http.wire 73 - http-outgoing-290 << "[\r][\n]"
02-16-2018 14:22:18 Wire.java DEBUG [Forwarding newSession on session null to remote] http.wire 87 - http-outgoing-290 << "{"value": {"sessionId":"c0ff8e6e-a212-4920-9b51-9c55f02b31ab","capabilities":{"acceptInsecureCerts":true,"browserName":"firefox","browserVersion":"56.0","moz:accessibilityChecks":false,"moz:headless":false,"moz:processID":20876,"moz:profile":"C:\\Users\\venka\\AppData\\Local\\Temp\\rust_mozprofile.RHpz9NtHzbMb","pageLoadStrategy":"normal","platformName":"windows_nt","platformVersion":"10.0","rotatable":false,"specificationLevel":0,"timeouts":{"implicit":0,"pageLoad":300000,"script":30000}}}}"
02-16-2018 14:22:18 LoggingManagedHttpClientConnection.java DEBUG [Forwarding newSession on session null to remote] http.headers 122 - http-outgoing-290 << HTTP/1.1 200 OK
02-16-2018 14:22:18 LoggingManagedHttpClientConnection.java DEBUG [Forwarding newSession on session null to remote] http.headers 125 - http-outgoing-290 << Connection: close
02-16-2018 14:22:18 LoggingManagedHttpClientConnection.java DEBUG [Forwarding newSession on session null to remote] http.headers 125 - http-outgoing-290 << Content-Type: application/json; charset=utf-8
02-16-2018 14:22:18 LoggingManagedHttpClientConnection.java DEBUG [Forwarding newSession on session null to remote] http.headers 125 - http-outgoing-290 << Cache-Control: no-cache
02-16-2018 14:22:18 LoggingManagedHttpClientConnection.java DEBUG [Forwarding newSession on session null to remote] http.headers 125 - http-outgoing-290 << Content-Length: 496
02-16-2018 14:22:18 LoggingManagedHttpClientConnection.java DEBUG [Forwarding newSession on session null to remote] http.headers 125 - http-outgoing-290 << Date: Fri, 16 Feb 2018 20:22:18 GMT
02-16-2018 14:22:18 LoggingManagedHttpClientConnection.java DEBUG [Forwarding newSession on session null to remote] conn.DefaultManagedHttpClientConnection 79 - http-outgoing-290: Close connection
02-16-2018 14:22:18 ConnectionHolder.java DEBUG [Forwarding newSession on session null to remote] execchain.MainClientExec 104 - Connection discarded
02-16-2018 14:22:18 PoolingHttpClientConnectionManager.java DEBUG [Forwarding newSession on session null to remote] conn.PoolingHttpClientConnectionManager 326 - Connection released: [id: 290][route: {}->http://localhost:43563][total kept alive: 0; route allocated: 0 of 2000; total allocated: 0 of 2000]
02-16-2018 14:22:18 RequestAddCookies.java DEBUG [Forwarding maximizeCurrentWindow on session c0ff8e6e-a212-4920-9b51-9c55f02b31ab to remote] protocol.RequestAddCookies 123 - CookieSpec selected: default
02-16-2018 14:22:18 RequestAuthCache.java DEBUG [Forwarding maximizeCurrentWindow on session c0ff8e6e-a212-4920-9b51-9c55f02b31ab to remote] protocol.RequestAuthCache 77 - Auth cache not set in the context
02-16-2018 14:22:18 PoolingHttpClientConnectionManager.java DEBUG [Forwarding maximizeCurrentWindow on session c0ff8e6e-a212-4920-9b51-9c55f02b31ab to remote] conn.PoolingHttpClientConnectionManager 255 - Connection request: [route: {}->http://localhost:43563][total kept alive: 0; route allocated: 0 of 2000; total allocated: 0 of 2000]
02-16-2018 14:22:18 PoolingHttpClientConnectionManager.java DEBUG [Forwarding maximizeCurrentWindow on session c0ff8e6e-a212-4920-9b51-9c55f02b31ab to remote] conn.PoolingHttpClientConnectionManager 288 - Connection leased: [id: 291][route: {}->http://localhost:43563][total kept alive: 0; route allocated: 1 of 2000; total allocated: 1 of 2000]
02-16-2018 14:22:18 MainClientExec.java DEBUG [Forwarding maximizeCurrentWindow on session c0ff8e6e-a212-4920-9b51-9c55f02b31ab to remote] execchain.MainClientExec 235 - Opening connection {}->http://localhost:43563
02-16-2018 14:22:18 DefaultHttpClientConnectionOperator.java DEBUG [Forwarding maximizeCurrentWindow on session c0ff8e6e-a212-4920-9b51-9c55f02b31ab to remote] conn.DefaultHttpClientConnectionOperator 139 - Connecting to localhost/127.0.0.1:43563
02-16-2018 14:22:18 DefaultHttpClientConnectionOperator.java DEBUG [Forwarding maximizeCurrentWindow on session c0ff8e6e-a212-4920-9b51-9c55f02b31ab to remote] conn.DefaultHttpClientConnectionOperator 146 - Connection established 127.0.0.1:57607<->127.0.0.1:43563
02-16-2018 14:22:18 LoggingManagedHttpClientConnection.java DEBUG [Forwarding maximizeCurrentWindow on session c0ff8e6e-a212-4920-9b51-9c55f02b31ab to remote] conn.DefaultManagedHttpClientConnection 88 - http-outgoing-291: set socket timeout to 10800000
02-16-2018 14:22:18 MainClientExec.java DEBUG [Forwarding maximizeCurrentWindow on session c0ff8e6e-a212-4920-9b51-9c55f02b31ab to remote] execchain.MainClientExec 256 - Executing request POST /session/c0ff8e6e-a212-4920-9b51-9c55f02b31ab/window/maximize HTTP/1.1
02-16-2018 14:22:18 MainClientExec.java DEBUG [Forwarding maximizeCurrentWindow on session c0ff8e6e-a212-4920-9b51-9c55f02b31ab to remote] execchain.MainClientExec 261 - Target auth state: UNCHALLENGED
02-16-2018 14:22:18 MainClientExec.java DEBUG [Forwarding maximizeCurrentWindow on session c0ff8e6e-a212-4920-9b51-9c55f02b31ab to remote] execchain.MainClientExec 267 - Proxy auth state: UNCHALLENGED
02-16-2018 14:22:18 LoggingManagedHttpClientConnection.java DEBUG [Forwarding maximizeCurrentWindow on session c0ff8e6e-a212-4920-9b51-9c55f02b31ab to remote] http.headers 133 - http-outgoing-291 >> POST /session/c0ff8e6e-a212-4920-9b51-9c55f02b31ab/window/maximize HTTP/1.1
02-16-2018 14:22:18 LoggingManagedHttpClientConnection.java DEBUG [Forwarding maximizeCurrentWindow on session c0ff8e6e-a212-4920-9b51-9c55f02b31ab to remote] http.headers 136 - http-outgoing-291 >> Content-Type: application/json; charset=utf-8
02-16-2018 14:22:18 LoggingManagedHttpClientConnection.java DEBUG [Forwarding maximizeCurrentWindow on session c0ff8e6e-a212-4920-9b51-9c55f02b31ab to remote] http.headers 136 - http-outgoing-291 >> Content-Length: 2
02-16-2018 14:22:18 LoggingManagedHttpClientConnection.java DEBUG [Forwarding maximizeCurrentWindow on session c0ff8e6e-a212-4920-9b51-9c55f02b31ab to remote] http.headers 136 - http-outgoing-291 >> Host: localhost:43563
02-16-2018 14:22:18 LoggingManagedHttpClientConnection.java DEBUG [Forwarding maximizeCurrentWindow on session c0ff8e6e-a212-4920-9b51-9c55f02b31ab to remote] http.headers 136 - http-outgoing-291 >> Connection: Keep-Alive
02-16-2018 14:22:18 LoggingManagedHttpClientConnection.java DEBUG [Forwarding maximizeCurrentWindow on session c0ff8e6e-a212-4920-9b51-9c55f02b31ab to remote] http.headers 136 - http-outgoing-291 >> User-Agent: Apache-HttpClient/4.5.3 (Java/1.8.0_151)
02-16-2018 14:22:18 LoggingManagedHttpClientConnection.java DEBUG [Forwarding maximizeCurrentWindow on session c0ff8e6e-a212-4920-9b51-9c55f02b31ab to remote] http.headers 136 - http-outgoing-291 >> Accept-Encoding: gzip,deflate
02-16-2018 14:22:18 Wire.java DEBUG [Forwarding maximizeCurrentWindow on session c0ff8e6e-a212-4920-9b51-9c55f02b31ab to remote] http.wire 73 - http-outgoing-291 >> "POST /session/c0ff8e6e-a212-4920-9b51-9c55f02b31ab/window/maximize HTTP/1.1[\r][\n]"
02-16-2018 14:22:18 Wire.java DEBUG [Forwarding maximizeCurrentWindow on session c0ff8e6e-a212-4920-9b51-9c55f02b31ab to remote] http.wire 73 - http-outgoing-291 >> "Content-Type: application/json; charset=utf-8[\r][\n]"
02-16-2018 14:22:18 Wire.java DEBUG [Forwarding maximizeCurrentWindow on session c0ff8e6e-a212-4920-9b51-9c55f02b31ab to remote] http.wire 73 - http-outgoing-291 >> "Content-Length: 2[\r][\n]"
02-16-2018 14:22:18 Wire.java DEBUG [Forwarding maximizeCurrentWindow on session c0ff8e6e-a212-4920-9b51-9c55f02b31ab to remote] http.wire 73 - http-outgoing-291 >> "Host: localhost:43563[\r][\n]"
02-16-2018 14:22:18 Wire.java DEBUG [Forwarding maximizeCurrentWindow on session c0ff8e6e-a212-4920-9b51-9c55f02b31ab to remote] http.wire 73 - http-outgoing-291 >> "Connection: Keep-Alive[\r][\n]"
02-16-2018 14:22:18 Wire.java DEBUG [Forwarding maximizeCurrentWindow on session c0ff8e6e-a212-4920-9b51-9c55f02b31ab to remote] http.wire 73 - http-outgoing-291 >> "User-Agent: Apache-HttpClient/4.5.3 (Java/1.8.0_151)[\r][\n]"
02-16-2018 14:22:18 Wire.java DEBUG [Forwarding maximizeCurrentWindow on session c0ff8e6e-a212-4920-9b51-9c55f02b31ab to remote] http.wire 73 - http-outgoing-291 >> "Accept-Encoding: gzip,deflate[\r][\n]"
02-16-2018 14:22:18 Wire.java DEBUG [Forwarding maximizeCurrentWindow on session c0ff8e6e-a212-4920-9b51-9c55f02b31ab to remote] http.wire 73 - http-outgoing-291 >> "[\r][\n]"
02-16-2018 14:22:18 Wire.java DEBUG [Forwarding maximizeCurrentWindow on session c0ff8e6e-a212-4920-9b51-9c55f02b31ab to remote] http.wire 87 - http-outgoing-291 >> "{}"
02-16-2018 14:22:18 Wire.java DEBUG [Forwarding maximizeCurrentWindow on session c0ff8e6e-a212-4920-9b51-9c55f02b31ab to remote] http.wire 73 - http-outgoing-291 << "HTTP/1.1 200 OK[\r][\n]"
02-16-2018 14:22:18 Wire.java DEBUG [Forwarding maximizeCurrentWindow on session c0ff8e6e-a212-4920-9b51-9c55f02b31ab to remote] http.wire 73 - http-outgoing-291 << "Connection: close[\r][\n]"
02-16-2018 14:22:18 Wire.java DEBUG [Forwarding maximizeCurrentWindow on session c0ff8e6e-a212-4920-9b51-9c55f02b31ab to remote] http.wire 73 - http-outgoing-291 << "Content-Type: application/json; charset=utf-8[\r][\n]"
02-16-2018 14:22:18 Wire.java DEBUG [Forwarding maximizeCurrentWindow on session c0ff8e6e-a212-4920-9b51-9c55f02b31ab to remote] http.wire 73 - http-outgoing-291 << "Cache-Control: no-cache[\r][\n]"
02-16-2018 14:22:18 Wire.java DEBUG [Forwarding maximizeCurrentWindow on session c0ff8e6e-a212-4920-9b51-9c55f02b31ab to remote] http.wire 73 - http-outgoing-291 << "Content-Length: 52[\r][\n]"
02-16-2018 14:22:18 Wire.java DEBUG [Forwarding maximizeCurrentWindow on session c0ff8e6e-a212-4920-9b51-9c55f02b31ab to remote] http.wire 73 - http-outgoing-291 << "Date: Fri, 16 Feb 2018 20:22:18 GMT[\r][\n]"
02-16-2018 14:22:18 Wire.java DEBUG [Forwarding maximizeCurrentWindow on session c0ff8e6e-a212-4920-9b51-9c55f02b31ab to remote] http.wire 73 - http-outgoing-291 << "[\r][\n]"
02-16-2018 14:22:18 Wire.java DEBUG [Forwarding maximizeCurrentWindow on session c0ff8e6e-a212-4920-9b51-9c55f02b31ab to remote] http.wire 87 - http-outgoing-291 << "{"value": {"height":838,"width":1550,"x":-7,"y":-7}}"
02-16-2018 14:22:18 LoggingManagedHttpClientConnection.java DEBUG [Forwarding maximizeCurrentWindow on session c0ff8e6e-a212-4920-9b51-9c55f02b31ab to remote] http.headers 122 - http-outgoing-291 << HTTP/1.1 200 OK
02-16-2018 14:22:18 LoggingManagedHttpClientConnection.java DEBUG [Forwarding maximizeCurrentWindow on session c0ff8e6e-a212-4920-9b51-9c55f02b31ab to remote] http.headers 125 - http-outgoing-291 << Connection: close
02-16-2018 14:22:18 LoggingManagedHttpClientConnection.java DEBUG [Forwarding maximizeCurrentWindow on session c0ff8e6e-a212-4920-9b51-9c55f02b31ab to remote] http.headers 125 - http-outgoing-291 << Content-Type: application/json; charset=utf-8
02-16-2018 14:22:18 LoggingManagedHttpClientConnection.java DEBUG [Forwarding maximizeCurrentWindow on session c0ff8e6e-a212-4920-9b51-9c55f02b31ab to remote] http.headers 125 - http-outgoing-291 << Cache-Control: no-cache
02-16-2018 14:22:18 LoggingManagedHttpClientConnection.java DEBUG [Forwarding maximizeCurrentWindow on session c0ff8e6e-a212-4920-9b51-9c55f02b31ab to remote] http.headers 125 - http-outgoing-291 << Content-Length: 52
02-16-2018 14:22:18 LoggingManagedHttpClientConnection.java DEBUG [Forwarding maximizeCurrentWindow on session c0ff8e6e-a212-4920-9b51-9c55f02b31ab to remote] http.headers 125 - http-outgoing-291 << Date: Fri, 16 Feb 2018 20:22:18 GMT
02-16-2018 14:22:18 LoggingManagedHttpClientConnection.java DEBUG [Forwarding maximizeCurrentWindow on session c0ff8e6e-a212-4920-9b51-9c55f02b31ab to remote] conn.DefaultManagedHttpClientConnection 79 - http-outgoing-291: Close connection
02-16-2018 14:22:18 ConnectionHolder.java DEBUG [Forwarding maximizeCurrentWindow on session c0ff8e6e-a212-4920-9b51-9c55f02b31ab to remote] execchain.MainClientExec 104 - Connection discarded
02-16-2018 14:22:18 PoolingHttpClientConnectionManager.java DEBUG [Forwarding maximizeCurrentWindow on session c0ff8e6e-a212-4920-9b51-9c55f02b31ab to remote] conn.PoolingHttpClientConnectionManager 326 - Connection released: [id: 291][route: {}->http://localhost:43563][total kept alive: 0; route allocated: 0 of 2000; total allocated: 0 of 2000]
02-16-2018 14:22:18 RequestAddCookies.java DEBUG [Forwarding setTimeout on session c0ff8e6e-a212-4920-9b51-9c55f02b31ab to remote] protocol.RequestAddCookies 123 - CookieSpec selected: default
02-16-2018 14:22:18 RequestAuthCache.java DEBUG [Forwarding setTimeout on session c0ff8e6e-a212-4920-9b51-9c55f02b31ab to remote] protocol.RequestAuthCache 77 - Auth cache not set in the context
02-16-2018 14:22:18 PoolingHttpClientConnectionManager.java DEBUG [Forwarding setTimeout on session c0ff8e6e-a212-4920-9b51-9c55f02b31ab to remote] conn.PoolingHttpClientConnectionManager 255 - Connection request: [route: {}->http://localhost:43563][total kept alive: 0; route allocated: 0 of 2000; total allocated: 0 of 2000]
02-16-2018 14:22:18 PoolingHttpClientConnectionManager.java DEBUG [Forwarding setTimeout on session c0ff8e6e-a212-4920-9b51-9c55f02b31ab to remote] conn.PoolingHttpClientConnectionManager 288 - Connection leased: [id: 292][route: {}->http://localhost:43563][total kept alive: 0; route allocated: 1 of 2000; total allocated: 1 of 2000]
02-16-2018 14:22:18 MainClientExec.java DEBUG [Forwarding setTimeout on session c0ff8e6e-a212-4920-9b51-9c55f02b31ab to remote] execchain.MainClientExec 235 - Opening connection {}->http://localhost:43563
02-16-2018 14:22:18 DefaultHttpClientConnectionOperator.java DEBUG [Forwarding setTimeout on session c0ff8e6e-a212-4920-9b51-9c55f02b31ab to remote] conn.DefaultHttpClientConnectionOperator 139 - Connecting to localhost/127.0.0.1:43563
02-16-2018 14:22:18 DefaultHttpClientConnectionOperator.java DEBUG [Forwarding setTimeout on session c0ff8e6e-a212-4920-9b51-9c55f02b31ab to remote] conn.DefaultHttpClientConnectionOperator 146 - Connection established 127.0.0.1:57608<->127.0.0.1:43563
02-16-2018 14:22:18 LoggingManagedHttpClientConnection.java DEBUG [Forwarding setTimeout on session c0ff8e6e-a212-4920-9b51-9c55f02b31ab to remote] conn.DefaultManagedHttpClientConnection 88 - http-outgoing-292: set socket timeout to 10800000
02-16-2018 14:22:18 MainClientExec.java DEBUG [Forwarding setTimeout on session c0ff8e6e-a212-4920-9b51-9c55f02b31ab to remote] execchain.MainClientExec 256 - Executing request POST /session/c0ff8e6e-a212-4920-9b51-9c55f02b31ab/timeouts HTTP/1.1
02-16-2018 14:22:18 MainClientExec.java DEBUG [Forwarding setTimeout on session c0ff8e6e-a212-4920-9b51-9c55f02b31ab to remote] execchain.MainClientExec 261 - Target auth state: UNCHALLENGED
02-16-2018 14:22:18 MainClientExec.java DEBUG [Forwarding setTimeout on session c0ff8e6e-a212-4920-9b51-9c55f02b31ab to remote] execchain.MainClientExec 267 - Proxy auth state: UNCHALLENGED
02-16-2018 14:22:18 LoggingManagedHttpClientConnection.java DEBUG [Forwarding setTimeout on session c0ff8e6e-a212-4920-9b51-9c55f02b31ab to remote] http.headers 133 - http-outgoing-292 >> POST /session/c0ff8e6e-a212-4920-9b51-9c55f02b31ab/timeouts HTTP/1.1
02-16-2018 14:22:18 LoggingManagedHttpClientConnection.java DEBUG [Forwarding setTimeout on session c0ff8e6e-a212-4920-9b51-9c55f02b31ab to remote] http.headers 136 - http-outgoing-292 >> Content-Type: application/json; charset=utf-8
02-16-2018 14:22:18 LoggingManagedHttpClientConnection.java DEBUG [Forwarding setTimeout on session c0ff8e6e-a212-4920-9b51-9c55f02b31ab to remote] http.headers 136 - http-outgoing-292 >> Content-Length: 18
02-16-2018 14:22:18 LoggingManagedHttpClientConnection.java DEBUG [Forwarding setTimeout on session c0ff8e6e-a212-4920-9b51-9c55f02b31ab to remote] http.headers 136 - http-outgoing-292 >> Host: localhost:43563
02-16-2018 14:22:18 LoggingManagedHttpClientConnection.java DEBUG [Forwarding setTimeout on session c0ff8e6e-a212-4920-9b51-9c55f02b31ab to remote] http.headers 136 - http-outgoing-292 >> Connection: Keep-Alive
02-16-2018 14:22:18 LoggingManagedHttpClientConnection.java DEBUG [Forwarding setTimeout on session c0ff8e6e-a212-4920-9b51-9c55f02b31ab to remote] http.headers 136 - http-outgoing-292 >> User-Agent: Apache-HttpClient/4.5.3 (Java/1.8.0_151)
02-16-2018 14:22:18 LoggingManagedHttpClientConnection.java DEBUG [Forwarding setTimeout on session c0ff8e6e-a212-4920-9b51-9c55f02b31ab to remote] http.headers 136 - http-outgoing-292 >> Accept-Encoding: gzip,deflate
02-16-2018 14:22:18 Wire.java DEBUG [Forwarding setTimeout on session c0ff8e6e-a212-4920-9b51-9c55f02b31ab to remote] http.wire 73 - http-outgoing-292 >> "POST /session/c0ff8e6e-a212-4920-9b51-9c55f02b31ab/timeouts HTTP/1.1[\r][\n]"
02-16-2018 14:22:18 Wire.java DEBUG [Forwarding setTimeout on session c0ff8e6e-a212-4920-9b51-9c55f02b31ab to remote] http.wire 73 - http-outgoing-292 >> "Content-Type: application/json; charset=utf-8[\r][\n]"
02-16-2018 14:22:18 Wire.java DEBUG [Forwarding setTimeout on session c0ff8e6e-a212-4920-9b51-9c55f02b31ab to remote] http.wire 73 - http-outgoing-292 >> "Content-Length: 18[\r][\n]"
02-16-2018 14:22:18 Wire.java DEBUG [Forwarding setTimeout on session c0ff8e6e-a212-4920-9b51-9c55f02b31ab to remote] http.wire 73 - http-outgoing-292 >> "Host: localhost:43563[\r][\n]"
02-16-2018 14:22:18 Wire.java DEBUG [Forwarding setTimeout on session c0ff8e6e-a212-4920-9b51-9c55f02b31ab to remote] http.wire 73 - http-outgoing-292 >> "Connection: Keep-Alive[\r][\n]"
02-16-2018 14:22:18 Wire.java DEBUG [Forwarding setTimeout on session c0ff8e6e-a212-4920-9b51-9c55f02b31ab to remote] http.wire 73 - http-outgoing-292 >> "User-Agent: Apache-HttpClient/4.5.3 (Java/1.8.0_151)[\r][\n]"
02-16-2018 14:22:18 Wire.java DEBUG [Forwarding setTimeout on session c0ff8e6e-a212-4920-9b51-9c55f02b31ab to remote] http.wire 73 - http-outgoing-292 >> "Accept-Encoding: gzip,deflate[\r][\n]"
02-16-2018 14:22:18 Wire.java DEBUG [Forwarding setTimeout on session c0ff8e6e-a212-4920-9b51-9c55f02b31ab to remote] http.wire 73 - http-outgoing-292 >> "[\r][\n]"
02-16-2018 14:22:18 Wire.java DEBUG [Forwarding setTimeout on session c0ff8e6e-a212-4920-9b51-9c55f02b31ab to remote] http.wire 87 - http-outgoing-292 >> "{"pageLoad":40000}"
02-16-2018 14:22:18 Wire.java DEBUG [Forwarding setTimeout on session c0ff8e6e-a212-4920-9b51-9c55f02b31ab to remote] http.wire 73 - http-outgoing-292 << "HTTP/1.1 200 OK[\r][\n]"
02-16-2018 14:22:18 Wire.java DEBUG [Forwarding setTimeout on session c0ff8e6e-a212-4920-9b51-9c55f02b31ab to remote] http.wire 73 - http-outgoing-292 << "Connection: close[\r][\n]"
02-16-2018 14:22:18 Wire.java DEBUG [Forwarding setTimeout on session c0ff8e6e-a212-4920-9b51-9c55f02b31ab to remote] http.wire 73 - http-outgoing-292 << "Content-Type: application/json; charset=utf-8[\r][\n]"
02-16-2018 14:22:18 Wire.java DEBUG [Forwarding setTimeout on session c0ff8e6e-a212-4920-9b51-9c55f02b31ab to remote] http.wire 73 - http-outgoing-292 << "Cache-Control: no-cache[\r][\n]"
02-16-2018 14:22:18 Wire.java DEBUG [Forwarding setTimeout on session c0ff8e6e-a212-4920-9b51-9c55f02b31ab to remote] http.wire 73 - http-outgoing-292 << "Content-Length: 13[\r][\n]"
02-16-2018 14:22:18 Wire.java DEBUG [Forwarding setTimeout on session c0ff8e6e-a212-4920-9b51-9c55f02b31ab to remote] http.wire 73 - http-outgoing-292 << "Date: Fri, 16 Feb 2018 20:22:18 GMT[\r][\n]"
02-16-2018 14:22:18 Wire.java DEBUG [Forwarding setTimeout on session c0ff8e6e-a212-4920-9b51-9c55f02b31ab to remote] http.wire 73 - http-outgoing-292 << "[\r][\n]"
02-16-2018 14:22:18 Wire.java DEBUG [Forwarding setTimeout on session c0ff8e6e-a212-4920-9b51-9c55f02b31ab to remote] http.wire 87 - http-outgoing-292 << "{"value": {}}"
02-16-2018 14:22:18 LoggingManagedHttpClientConnection.java DEBUG [Forwarding setTimeout on session c0ff8e6e-a212-4920-9b51-9c55f02b31ab to remote] http.headers 122 - http-outgoing-292 << HTTP/1.1 200 OK
02-16-2018 14:22:18 LoggingManagedHttpClientConnection.java DEBUG [Forwarding setTimeout on session c0ff8e6e-a212-4920-9b51-9c55f02b31ab to remote] http.headers 125 - http-outgoing-292 << Connection: close
02-16-2018 14:22:18 LoggingManagedHttpClientConnection.java DEBUG [Forwarding setTimeout on session c0ff8e6e-a212-4920-9b51-9c55f02b31ab to remote] http.headers 125 - http-outgoing-292 << Content-Type: application/json; charset=utf-8
02-16-2018 14:22:18 LoggingManagedHttpClientConnection.java DEBUG [Forwarding setTimeout on session c0ff8e6e-a212-4920-9b51-9c55f02b31ab to remote] http.headers 125 - http-outgoing-292 << Cache-Control: no-cache
02-16-2018 14:22:18 LoggingManagedHttpClientConnection.java DEBUG [Forwarding setTimeout on session c0ff8e6e-a212-4920-9b51-9c55f02b31ab to remote] http.headers 125 - http-outgoing-292 << Content-Length: 13
02-16-2018 14:22:18 LoggingManagedHttpClientConnection.java DEBUG [Forwarding setTimeout on session c0ff8e6e-a212-4920-9b51-9c55f02b31ab to remote] http.headers 125 - http-outgoing-292 << Date: Fri, 16 Feb 2018 20:22:18 GMT
02-16-2018 14:22:18 LoggingManagedHttpClientConnection.java DEBUG [Forwarding setTimeout on session c0ff8e6e-a212-4920-9b51-9c55f02b31ab to remote] conn.DefaultManagedHttpClientConnection 79 - http-outgoing-292: Close connection
02-16-2018 14:22:18 ConnectionHolder.java DEBUG [Forwarding setTimeout on session c0ff8e6e-a212-4920-9b51-9c55f02b31ab to remote] execchain.MainClientExec 104 - Connection discarded
02-16-2018 14:22:18 PoolingHttpClientConnectionManager.java DEBUG [Forwarding setTimeout on session c0ff8e6e-a212-4920-9b51-9c55f02b31ab to remote] conn.PoolingHttpClientConnectionManager 326 - Connection released: [id: 292][route: {}->http://localhost:43563][total kept alive: 0; route allocated: 0 of 2000; total allocated: 0 of 2000]
02-16-2018 14:22:18 RequestAddCookies.java DEBUG [Forwarding setTimeout on session c0ff8e6e-a212-4920-9b51-9c55f02b31ab to remote] protocol.RequestAddCookies 123 - CookieSpec selected: default
02-16-2018 14:22:18 RequestAuthCache.java DEBUG [Forwarding setTimeout on session c0ff8e6e-a212-4920-9b51-9c55f02b31ab to remote] protocol.RequestAuthCache 77 - Auth cache not set in the context
02-16-2018 14:22:18 PoolingHttpClientConnectionManager.java DEBUG [Forwarding setTimeout on session c0ff8e6e-a212-4920-9b51-9c55f02b31ab to remote] conn.PoolingHttpClientConnectionManager 255 - Connection request: [route: {}->http://localhost:43563][total kept alive: 0; route allocated: 0 of 2000; total allocated: 0 of 2000]
02-16-2018 14:22:18 PoolingHttpClientConnectionManager.java DEBUG [Forwarding setTimeout on session c0ff8e6e-a212-4920-9b51-9c55f02b31ab to remote] conn.PoolingHttpClientConnectionManager 288 - Connection leased: [id: 293][route: {}->http://localhost:43563][total kept alive: 0; route allocated: 1 of 2000; total allocated: 1 of 2000]
02-16-2018 14:22:18 MainClientExec.java DEBUG [Forwarding setTimeout on session c0ff8e6e-a212-4920-9b51-9c55f02b31ab to remote] execchain.MainClientExec 235 - Opening connection {}->http://localhost:43563
02-16-2018 14:22:18 DefaultHttpClientConnectionOperator.java DEBUG [Forwarding setTimeout on session c0ff8e6e-a212-4920-9b51-9c55f02b31ab to remote] conn.DefaultHttpClientConnectionOperator 139 - Connecting to localhost/127.0.0.1:43563
02-16-2018 14:22:18 DefaultHttpClientConnectionOperator.java DEBUG [Forwarding setTimeout on session c0ff8e6e-a212-4920-9b51-9c55f02b31ab to remote] conn.DefaultHttpClientConnectionOperator 146 - Connection established 127.0.0.1:57609<->127.0.0.1:43563
02-16-2018 14:22:18 LoggingManagedHttpClientConnection.java DEBUG [Forwarding setTimeout on session c0ff8e6e-a212-4920-9b51-9c55f02b31ab to remote] conn.DefaultManagedHttpClientConnection 88 - http-outgoing-293: set socket timeout to 10800000
02-16-2018 14:22:18 MainClientExec.java DEBUG [Forwarding setTimeout on session c0ff8e6e-a212-4920-9b51-9c55f02b31ab to remote] execchain.MainClientExec 256 - Executing request POST /session/c0ff8e6e-a212-4920-9b51-9c55f02b31ab/timeouts HTTP/1.1
02-16-2018 14:22:18 MainClientExec.java DEBUG [Forwarding setTimeout on session c0ff8e6e-a212-4920-9b51-9c55f02b31ab to remote] execchain.MainClientExec 261 - Target auth state: UNCHALLENGED
02-16-2018 14:22:18 MainClientExec.java DEBUG [Forwarding setTimeout on session c0ff8e6e-a212-4920-9b51-9c55f02b31ab to remote] execchain.MainClientExec 267 - Proxy auth state: UNCHALLENGED
02-16-2018 14:22:18 LoggingManagedHttpClientConnection.java DEBUG [Forwarding setTimeout on session c0ff8e6e-a212-4920-9b51-9c55f02b31ab to remote] http.headers 133 - http-outgoing-293 >> POST /session/c0ff8e6e-a212-4920-9b51-9c55f02b31ab/timeouts HTTP/1.1
02-16-2018 14:22:18 LoggingManagedHttpClientConnection.java DEBUG [Forwarding setTimeout on session c0ff8e6e-a212-4920-9b51-9c55f02b31ab to remote] http.headers 136 - http-outgoing-293 >> Content-Type: application/json; charset=utf-8
02-16-2018 14:22:18 LoggingManagedHttpClientConnection.java DEBUG [Forwarding setTimeout on session c0ff8e6e-a212-4920-9b51-9c55f02b31ab to remote] http.headers 136 - http-outgoing-293 >> Content-Length: 18
02-16-2018 14:22:18 LoggingManagedHttpClientConnection.java DEBUG [Forwarding setTimeout on session c0ff8e6e-a212-4920-9b51-9c55f02b31ab to remote] http.headers 136 - http-outgoing-293 >> Host: localhost:43563
02-16-2018 14:22:18 LoggingManagedHttpClientConnection.java DEBUG [Forwarding setTimeout on session c0ff8e6e-a212-4920-9b51-9c55f02b31ab to remote] http.headers 136 - http-outgoing-293 >> Connection: Keep-Alive
02-16-2018 14:22:18 LoggingManagedHttpClientConnection.java DEBUG [Forwarding setTimeout on session c0ff8e6e-a212-4920-9b51-9c55f02b31ab to remote] http.headers 136 - http-outgoing-293 >> User-Agent: Apache-HttpClient/4.5.3 (Java/1.8.0_151)
02-16-2018 14:22:18 LoggingManagedHttpClientConnection.java DEBUG [Forwarding setTimeout on session c0ff8e6e-a212-4920-9b51-9c55f02b31ab to remote] http.headers 136 - http-outgoing-293 >> Accept-Encoding: gzip,deflate
02-16-2018 14:22:18 Wire.java DEBUG [Forwarding setTimeout on session c0ff8e6e-a212-4920-9b51-9c55f02b31ab to remote] http.wire 73 - http-outgoing-293 >> "POST /session/c0ff8e6e-a212-4920-9b51-9c55f02b31ab/timeouts HTTP/1.1[\r][\n]"
02-16-2018 14:22:18 Wire.java DEBUG [Forwarding setTimeout on session c0ff8e6e-a212-4920-9b51-9c55f02b31ab to remote] http.wire 73 - http-outgoing-293 >> "Content-Type: application/json; charset=utf-8[\r][\n]"
02-16-2018 14:22:18 Wire.java DEBUG [Forwarding setTimeout on session c0ff8e6e-a212-4920-9b51-9c55f02b31ab to remote] http.wire 73 - http-outgoing-293 >> "Content-Length: 18[\r][\n]"
02-16-2018 14:22:18 Wire.java DEBUG [Forwarding setTimeout on session c0ff8e6e-a212-4920-9b51-9c55f02b31ab to remote] http.wire 73 - http-outgoing-293 >> "Host: localhost:43563[\r][\n]"
02-16-2018 14:22:18 Wire.java DEBUG [Forwarding setTimeout on session c0ff8e6e-a212-4920-9b51-9c55f02b31ab to remote] http.wire 73 - http-outgoing-293 >> "Connection: Keep-Alive[\r][\n]"
02-16-2018 14:22:18 Wire.java DEBUG [Forwarding setTimeout on session c0ff8e6e-a212-4920-9b51-9c55f02b31ab to remote] http.wire 73 - http-outgoing-293 >> "User-Agent: Apache-HttpClient/4.5.3 (Java/1.8.0_151)[\r][\n]"
02-16-2018 14:22:18 Wire.java DEBUG [Forwarding setTimeout on session c0ff8e6e-a212-4920-9b51-9c55f02b31ab to remote] http.wire 73 - http-outgoing-293 >> "Accept-Encoding: gzip,deflate[\r][\n]"
02-16-2018 14:22:18 Wire.java DEBUG [Forwarding setTimeout on session c0ff8e6e-a212-4920-9b51-9c55f02b31ab to remote] http.wire 73 - http-outgoing-293 >> "[\r][\n]"
02-16-2018 14:22:18 Wire.java DEBUG [Forwarding setTimeout on session c0ff8e6e-a212-4920-9b51-9c55f02b31ab to remote] http.wire 87 - http-outgoing-293 >> "{"implicit":20000}"
02-16-2018 14:22:18 Wire.java DEBUG [Forwarding setTimeout on session c0ff8e6e-a212-4920-9b51-9c55f02b31ab to remote] http.wire 73 - http-outgoing-293 << "HTTP/1.1 200 OK[\r][\n]"
02-16-2018 14:22:18 Wire.java DEBUG [Forwarding setTimeout on session c0ff8e6e-a212-4920-9b51-9c55f02b31ab to remote] http.wire 73 - http-outgoing-293 << "Connection: close[\r][\n]"
02-16-2018 14:22:18 Wire.java DEBUG [Forwarding setTimeout on session c0ff8e6e-a212-4920-9b51-9c55f02b31ab to remote] http.wire 73 - http-outgoing-293 << "Content-Type: application/json; charset=utf-8[\r][\n]"
02-16-2018 14:22:18 Wire.java DEBUG [Forwarding setTimeout on session c0ff8e6e-a212-4920-9b51-9c55f02b31ab to remote] http.wire 73 - http-outgoing-293 << "Cache-Control: no-cache[\r][\n]"
02-16-2018 14:22:18 Wire.java DEBUG [Forwarding setTimeout on session c0ff8e6e-a212-4920-9b51-9c55f02b31ab to remote] http.wire 73 - http-outgoing-293 << "Content-Length: 13[\r][\n]"
02-16-2018 14:22:18 Wire.java DEBUG [Forwarding setTimeout on session c0ff8e6e-a212-4920-9b51-9c55f02b31ab to remote] http.wire 73 - http-outgoing-293 << "Date: Fri, 16 Feb 2018 20:22:18 GMT[\r][\n]"
02-16-2018 14:22:18 Wire.java DEBUG [Forwarding setTimeout on session c0ff8e6e-a212-4920-9b51-9c55f02b31ab to remote] http.wire 73 - http-outgoing-293 << "[\r][\n]"
02-16-2018 14:22:18 Wire.java DEBUG [Forwarding setTimeout on session c0ff8e6e-a212-4920-9b51-9c55f02b31ab to remote] http.wire 87 - http-outgoing-293 << "{"value": {}}"
02-16-2018 14:22:18 LoggingManagedHttpClientConnection.java DEBUG [Forwarding setTimeout on session c0ff8e6e-a212-4920-9b51-9c55f02b31ab to remote] http.headers 122 - http-outgoing-293 << HTTP/1.1 200 OK
02-16-2018 14:22:18 LoggingManagedHttpClientConnection.java DEBUG [Forwarding setTimeout on session c0ff8e6e-a212-4920-9b51-9c55f02b31ab to remote] http.headers 125 - http-outgoing-293 << Connection: close
02-16-2018 14:22:18 LoggingManagedHttpClientConnection.java DEBUG [Forwarding setTimeout on session c0ff8e6e-a212-4920-9b51-9c55f02b31ab to remote] http.headers 125 - http-outgoing-293 << Content-Type: application/json; charset=utf-8
02-16-2018 14:22:18 LoggingManagedHttpClientConnection.java DEBUG [Forwarding setTimeout on session c0ff8e6e-a212-4920-9b51-9c55f02b31ab to remote] http.headers 125 - http-outgoing-293 << Cache-Control: no-cache
02-16-2018 14:22:18 LoggingManagedHttpClientConnection.java DEBUG [Forwarding setTimeout on session c0ff8e6e-a212-4920-9b51-9c55f02b31ab to remote] http.headers 125 - http-outgoing-293 << Content-Length: 13
02-16-2018 14:22:18 LoggingManagedHttpClientConnection.java DEBUG [Forwarding setTimeout on session c0ff8e6e-a212-4920-9b51-9c55f02b31ab to remote] http.headers 125 - http-outgoing-293 << Date: Fri, 16 Feb 2018 20:22:18 GMT
02-16-2018 14:22:18 LoggingManagedHttpClientConnection.java DEBUG [Forwarding setTimeout on session c0ff8e6e-a212-4920-9b51-9c55f02b31ab to remote] conn.DefaultManagedHttpClientConnection 79 - http-outgoing-293: Close connection
02-16-2018 14:22:18 ConnectionHolder.java DEBUG [Forwarding setTimeout on session c0ff8e6e-a212-4920-9b51-9c55f02b31ab to remote] execchain.MainClientExec 104 - Connection discarded
02-16-2018 14:22:18 PoolingHttpClientConnectionManager.java DEBUG [Forwarding setTimeout on session c0ff8e6e-a212-4920-9b51-9c55f02b31ab to remote] conn.PoolingHttpClientConnectionManager 326 - Connection released: [id: 293][route: {}->http://localhost:43563][total kept alive: 0; route allocated: 0 of 2000; total allocated: 0 of 2000]
02-16-2018 14:22:18 RequestAddCookies.java DEBUG [Forwarding get on session c0ff8e6e-a212-4920-9b51-9c55f02b31ab to remote] protocol.RequestAddCookies 123 - CookieSpec selected: default
02-16-2018 14:22:18 RequestAuthCache.java DEBUG [Forwarding get on session c0ff8e6e-a212-4920-9b51-9c55f02b31ab to remote] protocol.RequestAuthCache 77 - Auth cache not set in the context
02-16-2018 14:22:18 PoolingHttpClientConnectionManager.java DEBUG [Forwarding get on session c0ff8e6e-a212-4920-9b51-9c55f02b31ab to remote] conn.PoolingHttpClientConnectionManager 255 - Connection request: [route: {}->http://localhost:43563][total kept alive: 0; route allocated: 0 of 2000; total allocated: 0 of 2000]
02-16-2018 14:22:18 PoolingHttpClientConnectionManager.java DEBUG [Forwarding get on session c0ff8e6e-a212-4920-9b51-9c55f02b31ab to remote] conn.PoolingHttpClientConnectionManager 288 - Connection leased: [id: 294][route: {}->http://localhost:43563][total kept alive: 0; route allocated: 1 of 2000; total allocated: 1 of 2000]
02-16-2018 14:22:18 MainClientExec.java DEBUG [Forwarding get on session c0ff8e6e-a212-4920-9b51-9c55f02b31ab to remote] execchain.MainClientExec 235 - Opening connection {}->http://localhost:43563
02-16-2018 14:22:18 DefaultHttpClientConnectionOperator.java DEBUG [Forwarding get on session c0ff8e6e-a212-4920-9b51-9c55f02b31ab to remote] conn.DefaultHttpClientConnectionOperator 139 - Connecting to localhost/127.0.0.1:43563
02-16-2018 14:22:18 DefaultHttpClientConnectionOperator.java DEBUG [Forwarding get on session c0ff8e6e-a212-4920-9b51-9c55f02b31ab to remote] conn.DefaultHttpClientConnectionOperator 146 - Connection established 127.0.0.1:57610<->127.0.0.1:43563
02-16-2018 14:22:18 LoggingManagedHttpClientConnection.java DEBUG [Forwarding get on session c0ff8e6e-a212-4920-9b51-9c55f02b31ab to remote] conn.DefaultManagedHttpClientConnection 88 - http-outgoing-294: set socket timeout to 10800000
02-16-2018 14:22:18 MainClientExec.java DEBUG [Forwarding get on session c0ff8e6e-a212-4920-9b51-9c55f02b31ab to remote] execchain.MainClientExec 256 - Executing request POST /session/c0ff8e6e-a212-4920-9b51-9c55f02b31ab/url HTTP/1.1
02-16-2018 14:22:18 MainClientExec.java DEBUG [Forwarding get on session c0ff8e6e-a212-4920-9b51-9c55f02b31ab to remote] execchain.MainClientExec 261 - Target auth state: UNCHALLENGED
02-16-2018 14:22:18 MainClientExec.java DEBUG [Forwarding get on session c0ff8e6e-a212-4920-9b51-9c55f02b31ab to remote] execchain.MainClientExec 267 - Proxy auth state: UNCHALLENGED
02-16-2018 14:22:18 LoggingManagedHttpClientConnection.java DEBUG [Forwarding get on session c0ff8e6e-a212-4920-9b51-9c55f02b31ab to remote] http.headers 133 - http-outgoing-294 >> POST /session/c0ff8e6e-a212-4920-9b51-9c55f02b31ab/url HTTP/1.1
02-16-2018 14:22:18 LoggingManagedHttpClientConnection.java DEBUG [Forwarding get on session c0ff8e6e-a212-4920-9b51-9c55f02b31ab to remote] http.headers 136 - http-outgoing-294 >> Content-Type: application/json; charset=utf-8
02-16-2018 14:22:18 LoggingManagedHttpClientConnection.java DEBUG [Forwarding get on session c0ff8e6e-a212-4920-9b51-9c55f02b31ab to remote] http.headers 136 - http-outgoing-294 >> Content-Length: 36
02-16-2018 14:22:18 LoggingManagedHttpClientConnection.java DEBUG [Forwarding get on session c0ff8e6e-a212-4920-9b51-9c55f02b31ab to remote] http.headers 136 - http-outgoing-294 >> Host: localhost:43563
02-16-2018 14:22:18 LoggingManagedHttpClientConnection.java DEBUG [Forwarding get on session c0ff8e6e-a212-4920-9b51-9c55f02b31ab to remote] http.headers 136 - http-outgoing-294 >> Connection: Keep-Alive
02-16-2018 14:22:18 LoggingManagedHttpClientConnection.java DEBUG [Forwarding get on session c0ff8e6e-a212-4920-9b51-9c55f02b31ab to remote] http.headers 136 - http-outgoing-294 >> User-Agent: Apache-HttpClient/4.5.3 (Java/1.8.0_151)
02-16-2018 14:22:18 LoggingManagedHttpClientConnection.java DEBUG [Forwarding get on session c0ff8e6e-a212-4920-9b51-9c55f02b31ab to remote] http.headers 136 - http-outgoing-294 >> Accept-Encoding: gzip,deflate
02-16-2018 14:22:18 Wire.java DEBUG [Forwarding get on session c0ff8e6e-a212-4920-9b51-9c55f02b31ab to remote] http.wire 73 - http-outgoing-294 >> "POST /session/c0ff8e6e-a212-4920-9b51-9c55f02b31ab/url HTTP/1.1[\r][\n]"
02-16-2018 14:22:18 Wire.java DEBUG [Forwarding get on session c0ff8e6e-a212-4920-9b51-9c55f02b31ab to remote] http.wire 73 - http-outgoing-294 >> "Content-Type: application/json; charset=utf-8[\r][\n]"
02-16-2018 14:22:18 Wire.java DEBUG [Forwarding get on session c0ff8e6e-a212-4920-9b51-9c55f02b31ab to remote] http.wire 73 - http-outgoing-294 >> "Content-Length: 36[\r][\n]"
02-16-2018 14:22:18 Wire.java DEBUG [Forwarding get on session c0ff8e6e-a212-4920-9b51-9c55f02b31ab to remote] http.wire 73 - http-outgoing-294 >> "Host: localhost:43563[\r][\n]"
02-16-2018 14:22:18 Wire.java DEBUG [Forwarding get on session c0ff8e6e-a212-4920-9b51-9c55f02b31ab to remote] http.wire 73 - http-outgoing-294 >> "Connection: Keep-Alive[\r][\n]"
02-16-2018 14:22:18 Wire.java DEBUG [Forwarding get on session c0ff8e6e-a212-4920-9b51-9c55f02b31ab to remote] http.wire 73 - http-outgoing-294 >> "User-Agent: Apache-HttpClient/4.5.3 (Java/1.8.0_151)[\r][\n]"
02-16-2018 14:22:18 Wire.java DEBUG [Forwarding get on session c0ff8e6e-a212-4920-9b51-9c55f02b31ab to remote] http.wire 73 - http-outgoing-294 >> "Accept-Encoding: gzip,deflate[\r][\n]"
02-16-2018 14:22:18 Wire.java DEBUG [Forwarding get on session c0ff8e6e-a212-4920-9b51-9c55f02b31ab to remote] http.wire 73 - http-outgoing-294 >> "[\r][\n]"
02-16-2018 14:22:18 Wire.java DEBUG [Forwarding get on session c0ff8e6e-a212-4920-9b51-9c55f02b31ab to remote] http.wire 87 - http-outgoing-294 >> "{"url":"http://jusdone.atomic77.in"}"
02-16-2018 14:22:21 Wire.java DEBUG [Forwarding get on session c0ff8e6e-a212-4920-9b51-9c55f02b31ab to remote] http.wire 73 - http-outgoing-294 << "HTTP/1.1 200 OK[\r][\n]"
02-16-2018 14:22:21 Wire.java DEBUG [Forwarding get on session c0ff8e6e-a212-4920-9b51-9c55f02b31ab to remote] http.wire 73 - http-outgoing-294 << "Connection: close[\r][\n]"
02-16-2018 14:22:21 Wire.java DEBUG [Forwarding get on session c0ff8e6e-a212-4920-9b51-9c55f02b31ab to remote] http.wire 73 - http-outgoing-294 << "Content-Type: application/json; charset=utf-8[\r][\n]"
02-16-2018 14:22:21 Wire.java DEBUG [Forwarding get on session c0ff8e6e-a212-4920-9b51-9c55f02b31ab to remote] http.wire 73 - http-outgoing-294 << "Cache-Control: no-cache[\r][\n]"
02-16-2018 14:22:21 Wire.java DEBUG [Forwarding get on session c0ff8e6e-a212-4920-9b51-9c55f02b31ab to remote] http.wire 73 - http-outgoing-294 << "Content-Length: 13[\r][\n]"
02-16-2018 14:22:21 Wire.java DEBUG [Forwarding get on session c0ff8e6e-a212-4920-9b51-9c55f02b31ab to remote] http.wire 73 - http-outgoing-294 << "Date: Fri, 16 Feb 2018 20:22:21 GMT[\r][\n]"
02-16-2018 14:22:21 Wire.java DEBUG [Forwarding get on session c0ff8e6e-a212-4920-9b51-9c55f02b31ab to remote] http.wire 73 - http-outgoing-294 << "[\r][\n]"
02-16-2018 14:22:21 Wire.java DEBUG [Forwarding get on session c0ff8e6e-a212-4920-9b51-9c55f02b31ab to remote] http.wire 87 - http-outgoing-294 << "{"value": {}}"
02-16-2018 14:22:21 LoggingManagedHttpClientConnection.java DEBUG [Forwarding get on session c0ff8e6e-a212-4920-9b51-9c55f02b31ab to remote] http.headers 122 - http-outgoing-294 << HTTP/1.1 200 OK
02-16-2018 14:22:21 LoggingManagedHttpClientConnection.java DEBUG [Forwarding get on session c0ff8e6e-a212-4920-9b51-9c55f02b31ab to remote] http.headers 125 - http-outgoing-294 << Connection: close
02-16-2018 14:22:21 LoggingManagedHttpClientConnection.java DEBUG [Forwarding get on session c0ff8e6e-a212-4920-9b51-9c55f02b31ab to remote] http.headers 125 - http-outgoing-294 << Content-Type: application/json; charset=utf-8
02-16-2018 14:22:21 LoggingManagedHttpClientConnection.java DEBUG [Forwarding get on session c0ff8e6e-a212-4920-9b51-9c55f02b31ab to remote] http.headers 125 - http-outgoing-294 << Cache-Control: no-cache
02-16-2018 14:22:21 LoggingManagedHttpClientConnection.java DEBUG [Forwarding get on session c0ff8e6e-a212-4920-9b51-9c55f02b31ab to remote] http.headers 125 - http-outgoing-294 << Content-Length: 13
02-16-2018 14:22:21 LoggingManagedHttpClientConnection.java DEBUG [Forwarding get on session c0ff8e6e-a212-4920-9b51-9c55f02b31ab to remote] http.headers 125 - http-outgoing-294 << Date: Fri, 16 Feb 2018 20:22:21 GMT
02-16-2018 14:22:21 LoggingManagedHttpClientConnection.java DEBUG [Forwarding get on session c0ff8e6e-a212-4920-9b51-9c55f02b31ab to remote] conn.DefaultManagedHttpClientConnection 79 - http-outgoing-294: Close connection
02-16-2018 14:22:21 ConnectionHolder.java DEBUG [Forwarding get on session c0ff8e6e-a212-4920-9b51-9c55f02b31ab to remote] execchain.MainClientExec 104 - Connection discarded
02-16-2018 14:22:21 PoolingHttpClientConnectionManager.java DEBUG [Forwarding get on session c0ff8e6e-a212-4920-9b51-9c55f02b31ab to remote] conn.PoolingHttpClientConnectionManager 326 - Connection released: [id: 294][route: {}->http://localhost:43563][total kept alive: 0; route allocated: 0 of 2000; total allocated: 0 of 2000]
02-16-2018 14:22:21 RequestAddCookies.java DEBUG [Forwarding findElement on session c0ff8e6e-a212-4920-9b51-9c55f02b31ab to remote] protocol.RequestAddCookies 123 - CookieSpec selected: default
02-16-2018 14:22:21 RequestAuthCache.java DEBUG [Forwarding findElement on session c0ff8e6e-a212-4920-9b51-9c55f02b31ab to remote] protocol.RequestAuthCache 77 - Auth cache not set in the context
02-16-2018 14:22:21 PoolingHttpClientConnectionManager.java DEBUG [Forwarding findElement on session c0ff8e6e-a212-4920-9b51-9c55f02b31ab to remote] conn.PoolingHttpClientConnectionManager 255 - Connection request: [route: {}->http://localhost:43563][total kept alive: 0; route allocated: 0 of 2000; total allocated: 0 of 2000]
02-16-2018 14:22:21 PoolingHttpClientConnectionManager.java DEBUG [Forwarding findElement on session c0ff8e6e-a212-4920-9b51-9c55f02b31ab to remote] conn.PoolingHttpClientConnectionManager 288 - Connection leased: [id: 295][route: {}->http://localhost:43563][total kept alive: 0; route allocated: 1 of 2000; total allocated: 1 of 2000]
02-16-2018 14:22:21 MainClientExec.java DEBUG [Forwarding findElement on session c0ff8e6e-a212-4920-9b51-9c55f02b31ab to remote] execchain.MainClientExec 235 - Opening connection {}->http://localhost:43563
02-16-2018 14:22:21 DefaultHttpClientConnectionOperator.java DEBUG [Forwarding findElement on session c0ff8e6e-a212-4920-9b51-9c55f02b31ab to remote] conn.DefaultHttpClientConnectionOperator 139 - Connecting to localhost/127.0.0.1:43563
02-16-2018 14:22:21 DefaultHttpClientConnectionOperator.java DEBUG [Forwarding findElement on session c0ff8e6e-a212-4920-9b51-9c55f02b31ab to remote] conn.DefaultHttpClientConnectionOperator 146 - Connection established 127.0.0.1:57620<->127.0.0.1:43563
02-16-2018 14:22:21 LoggingManagedHttpClientConnection.java DEBUG [Forwarding findElement on session c0ff8e6e-a212-4920-9b51-9c55f02b31ab to remote] conn.DefaultManagedHttpClientConnection 88 - http-outgoing-295: set socket timeout to 10800000
02-16-2018 14:22:21 MainClientExec.java DEBUG [Forwarding findElement on session c0ff8e6e-a212-4920-9b51-9c55f02b31ab to remote] execchain.MainClientExec 256 - Executing request POST /session/c0ff8e6e-a212-4920-9b51-9c55f02b31ab/element HTTP/1.1
02-16-2018 14:22:21 MainClientExec.java DEBUG [Forwarding findElement on session c0ff8e6e-a212-4920-9b51-9c55f02b31ab to remote] execchain.MainClientExec 261 - Target auth state: UNCHALLENGED
02-16-2018 14:22:21 MainClientExec.java DEBUG [Forwarding findElement on session c0ff8e6e-a212-4920-9b51-9c55f02b31ab to remote] execchain.MainClientExec 267 - Proxy auth state: UNCHALLENGED
02-16-2018 14:22:21 LoggingManagedHttpClientConnection.java DEBUG [Forwarding findElement on session c0ff8e6e-a212-4920-9b51-9c55f02b31ab to remote] http.headers 133 - http-outgoing-295 >> POST /session/c0ff8e6e-a212-4920-9b51-9c55f02b31ab/element HTTP/1.1
02-16-2018 14:22:21 LoggingManagedHttpClientConnection.java DEBUG [Forwarding findElement on session c0ff8e6e-a212-4920-9b51-9c55f02b31ab to remote] http.headers 136 - http-outgoing-295 >> Content-Type: application/json; charset=utf-8
02-16-2018 14:22:21 LoggingManagedHttpClientConnection.java DEBUG [Forwarding findElement on session c0ff8e6e-a212-4920-9b51-9c55f02b31ab to remote] http.headers 136 - http-outgoing-295 >> Content-Length: 61
02-16-2018 14:22:21 LoggingManagedHttpClientConnection.java DEBUG [Forwarding findElement on session c0ff8e6e-a212-4920-9b51-9c55f02b31ab to remote] http.headers 136 - http-outgoing-295 >> Host: localhost:43563
02-16-2018 14:22:21 LoggingManagedHttpClientConnection.java DEBUG [Forwarding findElement on session c0ff8e6e-a212-4920-9b51-9c55f02b31ab to remote] http.headers 136 - http-outgoing-295 >> Connection: Keep-Alive
02-16-2018 14:22:21 LoggingManagedHttpClientConnection.java DEBUG [Forwarding findElement on session c0ff8e6e-a212-4920-9b51-9c55f02b31ab to remote] http.headers 136 - http-outgoing-295 >> User-Agent: Apache-HttpClient/4.5.3 (Java/1.8.0_151)
02-16-2018 14:22:21 LoggingManagedHttpClientConnection.java DEBUG [Forwarding findElement on session c0ff8e6e-a212-4920-9b51-9c55f02b31ab to remote] http.headers 136 - http-outgoing-295 >> Accept-Encoding: gzip,deflate
02-16-2018 14:22:21 Wire.java DEBUG [Forwarding findElement on session c0ff8e6e-a212-4920-9b51-9c55f02b31ab to remote] http.wire 73 - http-outgoing-295 >> "POST /session/c0ff8e6e-a212-4920-9b51-9c55f02b31ab/element HTTP/1.1[\r][\n]"
02-16-2018 14:22:21 Wire.java DEBUG [Forwarding findElement on session c0ff8e6e-a212-4920-9b51-9c55f02b31ab to remote] http.wire 73 - http-outgoing-295 >> "Content-Type: application/json; charset=utf-8[\r][\n]"
02-16-2018 14:22:21 Wire.java DEBUG [Forwarding findElement on session c0ff8e6e-a212-4920-9b51-9c55f02b31ab to remote] http.wire 73 - http-outgoing-295 >> "Content-Length: 61[\r][\n]"
02-16-2018 14:22:21 Wire.java DEBUG [Forwarding findElement on session c0ff8e6e-a212-4920-9b51-9c55f02b31ab to remote] http.wire 73 - http-outgoing-295 >> "Host: localhost:43563[\r][\n]"
02-16-2018 14:22:21 Wire.java DEBUG [Forwarding findElement on session c0ff8e6e-a212-4920-9b51-9c55f02b31ab to remote] http.wire 73 - http-outgoing-295 >> "Connection: Keep-Alive[\r][\n]"
02-16-2018 14:22:21 Wire.java DEBUG [Forwarding findElement on session c0ff8e6e-a212-4920-9b51-9c55f02b31ab to remote] http.wire 73 - http-outgoing-295 >> "User-Agent: Apache-HttpClient/4.5.3 (Java/1.8.0_151)[\r][\n]"
02-16-2018 14:22:21 Wire.java DEBUG [Forwarding findElement on session c0ff8e6e-a212-4920-9b51-9c55f02b31ab to remote] http.wire 73 - http-outgoing-295 >> "Accept-Encoding: gzip,deflate[\r][\n]"
02-16-2018 14:22:21 Wire.java DEBUG [Forwarding findElement on session c0ff8e6e-a212-4920-9b51-9c55f02b31ab to remote] http.wire 73 - http-outgoing-295 >> "[\r][\n]"
02-16-2018 14:22:21 Wire.java DEBUG [Forwarding findElement on session c0ff8e6e-a212-4920-9b51-9c55f02b31ab to remote] http.wire 87 - http-outgoing-295 >> "{"value":"//label[@for\u003d\u0027c3\u0027]","using":"xpath"}"
02-16-2018 14:22:21 Wire.java DEBUG [Forwarding findElement on session c0ff8e6e-a212-4920-9b51-9c55f02b31ab to remote] http.wire 73 - http-outgoing-295 << "HTTP/1.1 200 OK[\r][\n]"
02-16-2018 14:22:21 Wire.java DEBUG [Forwarding findElement on session c0ff8e6e-a212-4920-9b51-9c55f02b31ab to remote] http.wire 73 - http-outgoing-295 << "Connection: close[\r][\n]"
02-16-2018 14:22:21 Wire.java DEBUG [Forwarding findElement on session c0ff8e6e-a212-4920-9b51-9c55f02b31ab to remote] http.wire 73 - http-outgoing-295 << "Content-Type: application/json; charset=utf-8[\r][\n]"
02-16-2018 14:22:21 Wire.java DEBUG [Forwarding findElement on session c0ff8e6e-a212-4920-9b51-9c55f02b31ab to remote] http.wire 73 - http-outgoing-295 << "Cache-Control: no-cache[\r][\n]"
02-16-2018 14:22:21 Wire.java DEBUG [Forwarding findElement on session c0ff8e6e-a212-4920-9b51-9c55f02b31ab to remote] http.wire 73 - http-outgoing-295 << "Content-Length: 88[\r][\n]"
02-16-2018 14:22:21 Wire.java DEBUG [Forwarding findElement on session c0ff8e6e-a212-4920-9b51-9c55f02b31ab to remote] http.wire 73 - http-outgoing-295 << "Date: Fri, 16 Feb 2018 20:22:21 GMT[\r][\n]"
02-16-2018 14:22:21 Wire.java DEBUG [Forwarding findElement on session c0ff8e6e-a212-4920-9b51-9c55f02b31ab to remote] http.wire 73 - http-outgoing-295 << "[\r][\n]"
02-16-2018 14:22:21 Wire.java DEBUG [Forwarding findElement on session c0ff8e6e-a212-4920-9b51-9c55f02b31ab to remote] http.wire 87 - http-outgoing-295 << "{"value":{"element-6066-11e4-a52e-4f735466cecf":"30f20b20-cbbb-425e-b8da-a1ba9540b0c9"}}"
02-16-2018 14:22:21 LoggingManagedHttpClientConnection.java DEBUG [Forwarding findElement on session c0ff8e6e-a212-4920-9b51-9c55f02b31ab to remote] http.headers 122 - http-outgoing-295 << HTTP/1.1 200 OK
02-16-2018 14:22:21 LoggingManagedHttpClientConnection.java DEBUG [Forwarding findElement on session c0ff8e6e-a212-4920-9b51-9c55f02b31ab to remote] http.headers 125 - http-outgoing-295 << Connection: close
02-16-2018 14:22:21 LoggingManagedHttpClientConnection.java DEBUG [Forwarding findElement on session c0ff8e6e-a212-4920-9b51-9c55f02b31ab to remote] http.headers 125 - http-outgoing-295 << Content-Type: application/json; charset=utf-8
02-16-2018 14:22:21 LoggingManagedHttpClientConnection.java DEBUG [Forwarding findElement on session c0ff8e6e-a212-4920-9b51-9c55f02b31ab to remote] http.headers 125 - http-outgoing-295 << Cache-Control: no-cache
02-16-2018 14:22:21 LoggingManagedHttpClientConnection.java DEBUG [Forwarding findElement on session c0ff8e6e-a212-4920-9b51-9c55f02b31ab to remote] http.headers 125 - http-outgoing-295 << Content-Length: 88
02-16-2018 14:22:21 LoggingManagedHttpClientConnection.java DEBUG [Forwarding findElement on session c0ff8e6e-a212-4920-9b51-9c55f02b31ab to remote] http.headers 125 - http-outgoing-295 << Date: Fri, 16 Feb 2018 20:22:21 GMT
02-16-2018 14:22:21 LoggingManagedHttpClientConnection.java DEBUG [Forwarding findElement on session c0ff8e6e-a212-4920-9b51-9c55f02b31ab to remote] conn.DefaultManagedHttpClientConnection 79 - http-outgoing-295: Close connection
02-16-2018 14:22:21 ConnectionHolder.java DEBUG [Forwarding findElement on session c0ff8e6e-a212-4920-9b51-9c55f02b31ab to remote] execchain.MainClientExec 104 - Connection discarded
02-16-2018 14:22:21 PoolingHttpClientConnectionManager.java DEBUG [Forwarding findElement on session c0ff8e6e-a212-4920-9b51-9c55f02b31ab to remote] conn.PoolingHttpClientConnectionManager 326 - Connection released: [id: 295][route: {}->http://localhost:43563][total kept alive: 0; route allocated: 0 of 2000; total allocated: 0 of 2000]
02-16-2018 14:22:21 RequestAddCookies.java DEBUG [Forwarding clickElement on session c0ff8e6e-a212-4920-9b51-9c55f02b31ab to remote] protocol.RequestAddCookies 123 - CookieSpec selected: default
02-16-2018 14:22:21 RequestAuthCache.java DEBUG [Forwarding clickElement on session c0ff8e6e-a212-4920-9b51-9c55f02b31ab to remote] protocol.RequestAuthCache 77 - Auth cache not set in the context
02-16-2018 14:22:21 PoolingHttpClientConnectionManager.java DEBUG [Forwarding clickElement on session c0ff8e6e-a212-4920-9b51-9c55f02b31ab to remote] conn.PoolingHttpClientConnectionManager 255 - Connection request: [route: {}->http://localhost:43563][total kept alive: 0; route allocated: 0 of 2000; total allocated: 0 of 2000]
02-16-2018 14:22:21 PoolingHttpClientConnectionManager.java DEBUG [Forwarding clickElement on session c0ff8e6e-a212-4920-9b51-9c55f02b31ab to remote] conn.PoolingHttpClientConnectionManager 288 - Connection leased: [id: 296][route: {}->http://localhost:43563][total kept alive: 0; route allocated: 1 of 2000; total allocated: 1 of 2000]
02-16-2018 14:22:21 MainClientExec.java DEBUG [Forwarding clickElement on session c0ff8e6e-a212-4920-9b51-9c55f02b31ab to remote] execchain.MainClientExec 235 - Opening connection {}->http://localhost:43563
02-16-2018 14:22:21 DefaultHttpClientConnectionOperator.java DEBUG [Forwarding clickElement on session c0ff8e6e-a212-4920-9b51-9c55f02b31ab to remote] conn.DefaultHttpClientConnectionOperator 139 - Connecting to localhost/127.0.0.1:43563
02-16-2018 14:22:21 DefaultHttpClientConnectionOperator.java DEBUG [Forwarding clickElement on session c0ff8e6e-a212-4920-9b51-9c55f02b31ab to remote] conn.DefaultHttpClientConnectionOperator 146 - Connection established 127.0.0.1:57621<->127.0.0.1:43563
02-16-2018 14:22:21 LoggingManagedHttpClientConnection.java DEBUG [Forwarding clickElement on session c0ff8e6e-a212-4920-9b51-9c55f02b31ab to remote] conn.DefaultManagedHttpClientConnection 88 - http-outgoing-296: set socket timeout to 10800000
02-16-2018 14:22:21 MainClientExec.java DEBUG [Forwarding clickElement on session c0ff8e6e-a212-4920-9b51-9c55f02b31ab to remote] execchain.MainClientExec 256 - Executing request POST /session/c0ff8e6e-a212-4920-9b51-9c55f02b31ab/element/30f20b20-cbbb-425e-b8da-a1ba9540b0c9/click HTTP/1.1
02-16-2018 14:22:21 MainClientExec.java DEBUG [Forwarding clickElement on session c0ff8e6e-a212-4920-9b51-9c55f02b31ab to remote] execchain.MainClientExec 261 - Target auth state: UNCHALLENGED
02-16-2018 14:22:21 MainClientExec.java DEBUG [Forwarding clickElement on session c0ff8e6e-a212-4920-9b51-9c55f02b31ab to remote] execchain.MainClientExec 267 - Proxy auth state: UNCHALLENGED
02-16-2018 14:22:21 LoggingManagedHttpClientConnection.java DEBUG [Forwarding clickElement on session c0ff8e6e-a212-4920-9b51-9c55f02b31ab to remote] http.headers 133 - http-outgoing-296 >> POST /session/c0ff8e6e-a212-4920-9b51-9c55f02b31ab/element/30f20b20-cbbb-425e-b8da-a1ba9540b0c9/click HTTP/1.1
02-16-2018 14:22:21 LoggingManagedHttpClientConnection.java DEBUG [Forwarding clickElement on session c0ff8e6e-a212-4920-9b51-9c55f02b31ab to remote] http.headers 136 - http-outgoing-296 >> Content-Type: application/json; charset=utf-8
02-16-2018 14:22:21 LoggingManagedHttpClientConnection.java DEBUG [Forwarding clickElement on session c0ff8e6e-a212-4920-9b51-9c55f02b31ab to remote] http.headers 136 - http-outgoing-296 >> Content-Length: 45
02-16-2018 14:22:21 LoggingManagedHttpClientConnection.java DEBUG [Forwarding clickElement on session c0ff8e6e-a212-4920-9b51-9c55f02b31ab to remote] http.headers 136 - http-outgoing-296 >> Host: localhost:43563
02-16-2018 14:22:21 LoggingManagedHttpClientConnection.java DEBUG [Forwarding clickElement on session c0ff8e6e-a212-4920-9b51-9c55f02b31ab to remote] http.headers 136 - http-outgoing-296 >> Connection: Keep-Alive
02-16-2018 14:22:21 LoggingManagedHttpClientConnection.java DEBUG [Forwarding clickElement on session c0ff8e6e-a212-4920-9b51-9c55f02b31ab to remote] http.headers 136 - http-outgoing-296 >> User-Agent: Apache-HttpClient/4.5.3 (Java/1.8.0_151)
02-16-2018 14:22:21 LoggingManagedHttpClientConnection.java DEBUG [Forwarding clickElement on session c0ff8e6e-a212-4920-9b51-9c55f02b31ab to remote] http.headers 136 - http-outgoing-296 >> Accept-Encoding: gzip,deflate
02-16-2018 14:22:21 Wire.java DEBUG [Forwarding clickElement on session c0ff8e6e-a212-4920-9b51-9c55f02b31ab to remote] http.wire 73 - http-outgoing-296 >> "POST /session/c0ff8e6e-a212-4920-9b51-9c55f02b31ab/element/30f20b20-cbbb-425e-b8da-a1ba9540b0c9/click HTTP/1.1[\r][\n]"
02-16-2018 14:22:21 Wire.java DEBUG [Forwarding clickElement on session c0ff8e6e-a212-4920-9b51-9c55f02b31ab to remote] http.wire 73 - http-outgoing-296 >> "Content-Type: application/json; charset=utf-8[\r][\n]"
02-16-2018 14:22:21 Wire.java DEBUG [Forwarding clickElement on session c0ff8e6e-a212-4920-9b51-9c55f02b31ab to remote] http.wire 73 - http-outgoing-296 >> "Content-Length: 45[\r][\n]"
02-16-2018 14:22:21 Wire.java DEBUG [Forwarding clickElement on session c0ff8e6e-a212-4920-9b51-9c55f02b31ab to remote] http.wire 73 - http-outgoing-296 >> "Host: localhost:43563[\r][\n]"
02-16-2018 14:22:21 Wire.java DEBUG [Forwarding clickElement on session c0ff8e6e-a212-4920-9b51-9c55f02b31ab to remote] http.wire 73 - http-outgoing-296 >> "Connection: Keep-Alive[\r][\n]"
02-16-2018 14:22:21 Wire.java DEBUG [Forwarding clickElement on session c0ff8e6e-a212-4920-9b51-9c55f02b31ab to remote] http.wire 73 - http-outgoing-296 >> "User-Agent: Apache-HttpClient/4.5.3 (Java/1.8.0_151)[\r][\n]"
02-16-2018 14:22:21 Wire.java DEBUG [Forwarding clickElement on session c0ff8e6e-a212-4920-9b51-9c55f02b31ab to remote] http.wire 73 - http-outgoing-296 >> "Accept-Encoding: gzip,deflate[\r][\n]"
02-16-2018 14:22:21 Wire.java DEBUG [Forwarding clickElement on session c0ff8e6e-a212-4920-9b51-9c55f02b31ab to remote] http.wire 73 - http-outgoing-296 >> "[\r][\n]"
02-16-2018 14:22:21 Wire.java DEBUG [Forwarding clickElement on session c0ff8e6e-a212-4920-9b51-9c55f02b31ab to remote] http.wire 87 - http-outgoing-296 >> "{"id":"30f20b20-cbbb-425e-b8da-a1ba9540b0c9"}"
02-16-2018 14:22:21 Wire.java DEBUG [Forwarding clickElement on session c0ff8e6e-a212-4920-9b51-9c55f02b31ab to remote] http.wire 73 - http-outgoing-296 << "HTTP/1.1 400 Bad Request[\r][\n]"
02-16-2018 14:22:21 Wire.java DEBUG [Forwarding clickElement on session c0ff8e6e-a212-4920-9b51-9c55f02b31ab to remote] http.wire 73 - http-outgoing-296 << "Connection: close[\r][\n]"
02-16-2018 14:22:21 Wire.java DEBUG [Forwarding clickElement on session c0ff8e6e-a212-4920-9b51-9c55f02b31ab to remote] http.wire 73 - http-outgoing-296 << "Content-Type: application/json; charset=utf-8[\r][\n]"
02-16-2018 14:22:21 Wire.java DEBUG [Forwarding clickElement on session c0ff8e6e-a212-4920-9b51-9c55f02b31ab to remote] http.wire 73 - http-outgoing-296 << "Cache-Control: no-cache[\r][\n]"
02-16-2018 14:22:21 Wire.java DEBUG [Forwarding clickElement on session c0ff8e6e-a212-4920-9b51-9c55f02b31ab to remote] http.wire 73 - http-outgoing-296 << "Content-Length: 1148[\r][\n]"
02-16-2018 14:22:21 Wire.java DEBUG [Forwarding clickElement on session c0ff8e6e-a212-4920-9b51-9c55f02b31ab to remote] http.wire 73 - http-outgoing-296 << "Date: Fri, 16 Feb 2018 20:22:21 GMT[\r][\n]"
02-16-2018 14:22:21 Wire.java DEBUG [Forwarding clickElement on session c0ff8e6e-a212-4920-9b51-9c55f02b31ab to remote] http.wire 73 - http-outgoing-296 << "[\r][\n]"
02-16-2018 14:22:21 Wire.java DEBUG [Forwarding clickElement on session c0ff8e6e-a212-4920-9b51-9c55f02b31ab to remote] http.wire 87 - http-outgoing-296 << "{"value":{"error":"element not interactable","message":"","stacktrace":"WebDriverError@chrome://marionette/content/error.js:227:5\nElementNotInteractableError@chrome://marionette/content/error.js:335:5\nseleniumClickElement@chrome://marionette/content/interaction.js:240:11\nTaskImpl_run@resource://gre/modules/Task.jsm:331:42\nTaskImpl@resource://gre/modules/Task.jsm:280:3\nasyncFunction@resource://gre/modules/Task.jsm:252:14\nTask_spawn@resource://gre/modules/Task.jsm:166:12\nTaskImpl_handleResultValue@resource://gre/modules/Task.jsm:401:16\nTaskImpl_run@resource://gre/modules/Task.jsm:339:15\nTaskImpl@resource://gre/modules/Task.jsm:280:3\nasyncFunction@resource://gre/modules/Task.jsm:252:14\nTask_spawn@resource://gre/modules/Task.jsm:166:12\nTaskImpl_handleResultValue@resource://gre/modules/Task.jsm:401:16\nTaskImpl_run@resource://gre/modules/Task.jsm:339:15\nTaskImpl@resource://gre/modules/Task.jsm:280:3\nasyncFunction@resource://gre/modules/Task.jsm:252:14\nTask_spawn@resource://gre/modules/Task.jsm:166:12\nnavigate@chrome://marionette/content/listener.js:451:12\nclickElement@chrome://marionette/content/listener.js:1371:5\n"}}"
02-16-2018 14:22:21 LoggingManagedHttpClientConnection.java DEBUG [Forwarding clickElement on session c0ff8e6e-a212-4920-9b51-9c55f02b31ab to remote] http.headers 122 - http-outgoing-296 << HTTP/1.1 400 Bad Request
02-16-2018 14:22:21 LoggingManagedHttpClientConnection.java DEBUG [Forwarding clickElement on session c0ff8e6e-a212-4920-9b51-9c55f02b31ab to remote] http.headers 125 - http-outgoing-296 << Connection: close
02-16-2018 14:22:21 LoggingManagedHttpClientConnection.java DEBUG [Forwarding clickElement on session c0ff8e6e-a212-4920-9b51-9c55f02b31ab to remote] http.headers 125 - http-outgoing-296 << Content-Type: application/json; charset=utf-8
02-16-2018 14:22:21 LoggingManagedHttpClientConnection.java DEBUG [Forwarding clickElement on session c0ff8e6e-a212-4920-9b51-9c55f02b31ab to remote] http.headers 125 - http-outgoing-296 << Cache-Control: no-cache
02-16-2018 14:22:21 LoggingManagedHttpClientConnection.java DEBUG [Forwarding clickElement on session c0ff8e6e-a212-4920-9b51-9c55f02b31ab to remote] http.headers 125 - http-outgoing-296 << Content-Length: 1148
02-16-2018 14:22:21 LoggingManagedHttpClientConnection.java DEBUG [Forwarding clickElement on session c0ff8e6e-a212-4920-9b51-9c55f02b31ab to remote] http.headers 125 - http-outgoing-296 << Date: Fri, 16 Feb 2018 20:22:21 GMT
02-16-2018 14:22:21 LoggingManagedHttpClientConnection.java DEBUG [Forwarding clickElement on session c0ff8e6e-a212-4920-9b51-9c55f02b31ab to remote] conn.DefaultManagedHttpClientConnection 79 - http-outgoing-296: Close connection
02-16-2018 14:22:21 ConnectionHolder.java DEBUG [Forwarding clickElement on session c0ff8e6e-a212-4920-9b51-9c55f02b31ab to remote] execchain.MainClientExec 104 - Connection discarded
02-16-2018 14:22:21 PoolingHttpClientConnectionManager.java DEBUG [Forwarding clickElement on session c0ff8e6e-a212-4920-9b51-9c55f02b31ab to remote] conn.PoolingHttpClientConnectionManager 326 - Connection released: [id: 296][route: {}->http://localhost:43563][total kept alive: 0; route allocated: 0 of 2000; total allocated: 0 of 2000]
]]></system-out>
    <system-err><![CDATA[1518812531993	Marionette	INFO	New connections will no longer be accepted
[Parent 8152] WARNING: pipe error: 109: file z:/build/build/src/ipc/chromium/src/chrome/common/ipc_channel_win.cc, line 346
1518812532428	geckodriver	INFO	geckodriver 0.19.1
1518812532438	geckodriver	INFO	Listening on 127.0.0.1:43563
1518812532954	mozrunner::runner	INFO	Running command: "C:\\Program Files\\Mozilla Firefox\\firefox.exe" "-marionette" "-profile" "C:\\Users\\venka\\AppData\\Local\\Temp\\rust_mozprofile.RHpz9NtHzbMb"
1518812533156	addons.xpi	WARN	Error parsing extensions state: [Exception... "Component returned failure code: 0x80520012 (NS_ERROR_FILE_NOT_FOUND) [amIAddonManagerStartup.readStartupData]"  nsresult: "0x80520012 (NS_ERROR_FILE_NOT_FOUND)"  location: "JS frame :: resource://gre/modules/addons/XPIProvider.jsm :: loadExtensionState :: line 1554"  data: no] Stack trace: loadExtensionState()@resource://gre/modules/addons/XPIProvider.jsm:1554 < getInstallState()@resource://gre/modules/addons/XPIProvider.jsm:1589 < checkForChanges()@resource://gre/modules/addons/XPIProvider.jsm:3109 < startup()@resource://gre/modules/addons/XPIProvider.jsm:2188 < callProvider()@resource://gre/modules/AddonManager.jsm:269 < _startProvider()@resource://gre/modules/AddonManager.jsm:739 < startup()@resource://gre/modules/AddonManager.jsm:906 < startup()@resource://gre/modules/AddonManager.jsm:3090 < observe()@jar:file:///C:/Program%20Files/Mozilla%20Firefox/omni.ja!/components/addonManager.js:65
Unable to read VR Path Registry from C:\Users\venka\AppData\Local\openvr\openvrpaths.vrpath
1518812534850	Marionette	INFO	Enabled via --marionette
Unable to read VR Path Registry from C:\Users\venka\AppData\Local\openvr\openvrpaths.vrpath
Unable to read VR Path Registry from C:\Users\venka\AppData\Local\openvr\openvrpaths.vrpath
[Parent 20876] WARNING: pipe error: 109: file z:/build/build/src/ipc/chromium/src/chrome/common/ipc_channel_win.cc, line 346
Unable to read VR Path Registry from C:\Users\venka\AppDatUnable to read VR Path Ra\Local\opeeginvr\openvrpathsstry from .vrpath
C:\Users\venka\AppData\Local\openvr\openvrpaths.vrpath
[Child 6620] WARNING: pipe error: 109: file z:/build/build/src/ipc/chromium/src/chrome/common/ipc_channel_win.cc, line 346
[Child 6620] WARNING: pipe error: 109: file 1518812537844	Marionette	INFO	Listening on port 57583
1518812538186	Marionette	WARN	TLS certificate errors will be ignored for this session
1518812538273	Marionette	DEBUG	Register listener.js for window 4294967297
Feb 16, 2018 2:22:18 PM org.openqa.selenium.remote.ProtocolHandshake createSession
INFO: Detected dialect: W3C
1518812538366	Marionette	DEBUG	Received DOM event "beforeunload" for "about:blank"
1518812539026	Marionette	DEBUG	Received DOM event "pagehide" for "about:blank"
1518812539026	Marionette	DEBUG	Received DOM event "unload" for "about:blank"
JavaScript warning: http://jusdone.atomic77.in/js/main.js, line 28: Using //@ to indicate sourceURL pragmas is deprecated. Use //# instead
1518812541253	Marionette	DEBUG	Received DOM event "DOMContentLoaded" for "http://jusdone.atomic77.in/"
1518812541255	Marionette	DEBUG	Received DOM event "pageshow" for "http://jusdone.atomic77.in/"
]]></system-err>
  </testcase>
  <testcase name="setUp" classname="com.JusDone.qa.TestCases.RegisterPageTest" time="0">
    <skipped/>
    <system-out><![CDATA[1--------4
svsv

Test123
Test123
]]></system-out>
  </testcase>
  <testcase name="setUp" classname="com.JusDone.qa.TestCases.RegisterPageTest" time="0">
    <skipped/>
  </testcase>
  <testcase name="VerifyPwdMatchErrorMsgTest" classname="com.JusDone.qa.TestCases.RegisterPageTest" time="0">
    <skipped message="&#10;Build info: version: &apos;3.7.1&apos;, revision: &apos;8a0099a&apos;, time: &apos;2017-11-06T21:01:39.354Z&apos;&#10;System info: host: &apos;NALLANS-NEWPC&apos;, ip: &apos;192.168.186.1&apos;, os.name: &apos;Windows 10&apos;, os.arch: &apos;amd64&apos;, os.version: &apos;10.0&apos;, java.version: &apos;1.8.0_151&apos;&#10;Driver info: org.openqa.selenium.firefox.FirefoxDriver&#10;Capabilities {acceptInsecureCerts: true, browserName: firefox, browserVersion: 56.0, javascriptEnabled: true, moz:accessibilityChecks: false, moz:headless: false, moz:processID: 20876, moz:profile: C:\Users\venka\AppData\Loca..., pageLoadStrategy: normal, platform: XP, platformName: XP, platformVersion: 10.0, rotatable: false, specificationLevel: 0, timeouts: {implicit: 0, pageLoad: 300000, script: 30000}}&#10;Session ID: c0ff8e6e-a212-4920-9b51-9c55f02b31ab"/>
  </testcase>
  <testcase name="VerifyBlankErrorMsgTest" classname="com.JusDone.qa.TestCases.RegisterPageTest" time="0">
    <skipped message="&#10;Build info: version: &apos;3.7.1&apos;, revision: &apos;8a0099a&apos;, time: &apos;2017-11-06T21:01:39.354Z&apos;&#10;System info: host: &apos;NALLANS-NEWPC&apos;, ip: &apos;192.168.186.1&apos;, os.name: &apos;Windows 10&apos;, os.arch: &apos;amd64&apos;, os.version: &apos;10.0&apos;, java.version: &apos;1.8.0_151&apos;&#10;Driver info: org.openqa.selenium.firefox.FirefoxDriver&#10;Capabilities {acceptInsecureCerts: true, browserName: firefox, browserVersion: 56.0, javascriptEnabled: true, moz:accessibilityChecks: false, moz:headless: false, moz:processID: 20876, moz:profile: C:\Users\venka\AppData\Loca..., pageLoadStrategy: normal, platform: XP, platformName: XP, platformVersion: 10.0, rotatable: false, specificationLevel: 0, timeouts: {implicit: 0, pageLoad: 300000, script: 30000}}&#10;Session ID: c0ff8e6e-a212-4920-9b51-9c55f02b31ab"/>
  </testcase>
  <testcase name="ClickSignInButtonTest" classname="com.JusDone.qa.TestCases.RegisterPageTest" time="0">
    <skipped message="&#10;Build info: version: &apos;3.7.1&apos;, revision: &apos;8a0099a&apos;, time: &apos;2017-11-06T21:01:39.354Z&apos;&#10;System info: host: &apos;NALLANS-NEWPC&apos;, ip: &apos;192.168.186.1&apos;, os.name: &apos;Windows 10&apos;, os.arch: &apos;amd64&apos;, os.version: &apos;10.0&apos;, java.version: &apos;1.8.0_151&apos;&#10;Driver info: org.openqa.selenium.firefox.FirefoxDriver&#10;Capabilities {acceptInsecureCerts: true, browserName: firefox, browserVersion: 56.0, javascriptEnabled: true, moz:accessibilityChecks: false, moz:headless: false, moz:processID: 20876, moz:profile: C:\Users\venka\AppData\Loca..., pageLoadStrategy: normal, platform: XP, platformName: XP, platformVersion: 10.0, rotatable: false, specificationLevel: 0, timeouts: {implicit: 0, pageLoad: 300000, script: 30000}}&#10;Session ID: c0ff8e6e-a212-4920-9b51-9c55f02b31ab"/>
  </testcase>
  <testcase name="verifyJusDoneImageTest" classname="com.JusDone.qa.TestCases.DashBoardPageTest" time="6.051"/>
  <testcase name="verifyUserNameTest" classname="com.JusDone.qa.TestCases.DashBoardPageTest" time="0.037"/>
  <testcase name="verifyTeamLabelTest" classname="com.JusDone.qa.TestCases.DashBoardPageTest" time="0.037"/>
  <testcase name="verifySearchBoxTest" classname="com.JusDone.qa.TestCases.DashBoardPageTest" time="0.031"/>
  <testcase name="verifyTeamNameLabelTest" classname="com.JusDone.qa.TestCases.DashBoardPageTest" time="0.063"/>
  <testcase name="verifyDashBoardBtnTest" classname="com.JusDone.qa.TestCases.DashBoardPageTest" time="0.016"/>
  <testcase name="verifyTeamsBtnTest" classname="com.JusDone.qa.TestCases.DashBoardPageTest" time="0.029"/>
  <testcase name="verifyTaskBtnTest" classname="com.JusDone.qa.TestCases.DashBoardPageTest" time="0.016"/>
  <testcase name="verifyInvitesBtnTest" classname="com.JusDone.qa.TestCases.DashBoardPageTest" time="0.016"/>
  <testcase name="verifySettingsBtnTest" classname="com.JusDone.qa.TestCases.DashBoardPageTest" time="0.031"/>
  <testcase name="verifyMenuBarTest" classname="com.JusDone.qa.TestCases.DashBoardPageTest" time="0.016"/>
  <testcase name="verifyCreateNewTeamBtnTest" classname="com.JusDone.qa.TestCases.DashBoardPageTest" time="0.015"/>
  <testcase name="verifyBellBtnTest" classname="com.JusDone.qa.TestCases.DashBoardPageTest" time="0.022"/>
  <testcase name="verifyLogOutBtnTest" classname="com.JusDone.qa.TestCases.DashBoardPageTest" time="0.032"/>
  <testcase name="verifyCreateNewTaskLinkTest" classname="com.JusDone.qa.TestCases.DashBoardPageTest" time="0.031"/>
  <testcase name="CreateTeamBtnTest" classname="com.JusDone.qa.TestCases.DashBoardPageTest" time="8.508"/>
  <testcase name="ClickCreateNewTaskLinkTest" classname="com.JusDone.qa.TestCases.DashBoardPageTest" time="0.032">
    <failure message="&#10;Build info: version: &apos;3.7.1&apos;, revision: &apos;8a0099a&apos;, time: &apos;2017-11-06T21:01:39.354Z&apos;&#10;System info: host: &apos;NALLANS-NEWPC&apos;, ip: &apos;192.168.186.1&apos;, os.name: &apos;Windows 10&apos;, os.arch: &apos;amd64&apos;, os.version: &apos;10.0&apos;, java.version: &apos;1.8.0_151&apos;&#10;Driver info: org.openqa.selenium.firefox.FirefoxDriver&#10;Capabilities {acceptInsecureCerts: true, browserName: firefox, browserVersion: 56.0, javascriptEnabled: true, moz:accessibilityChecks: false, moz:headless: false, moz:processID: 14472, moz:profile: C:\Users\venka\AppData\Loca..., pageLoadStrategy: normal, platform: XP, platformName: XP, platformVersion: 10.0, rotatable: false, specificationLevel: 0, timeouts: {implicit: 0, pageLoad: 300000, script: 30000}}&#10;Session ID: ae7bbef1-9c64-42c4-b5e6-e387daa5a745" type="org.openqa.selenium.ElementNotInteractableException">org.openqa.selenium.ElementNotInteractableException: 

Build info: version: '3.7.1', revision: '8a0099a', time: '2017-11-06T21:01:39.354Z'
System info: host: 'NALLANS-NEWPC', ip: '192.168.186.1', os.name: 'Windows 10', os.arch: 'amd64', os.version: '10.0', java.version: '1.8.0_151'
Driver info: org.openqa.selenium.firefox.FirefoxDriver
Capabilities {acceptInsecureCerts: true, browserName: firefox, browserVersion: 56.0, javascriptEnabled: true, moz:accessibilityChecks: false, moz:headless: false, moz:processID: 14472, moz:profile: C:\Users\venka\AppData\Loca..., pageLoadStrategy: normal, platform: XP, platformName: XP, platformVersion: 10.0, rotatable: false, specificationLevel: 0, timeouts: {implicit: 0, pageLoad: 300000, script: 30000}}
Session ID: ae7bbef1-9c64-42c4-b5e6-e387daa5a745
	at com.JusDone.qa.TestCases.DashBoardPageTest.ClickCreateNewTaskLinkTest(DashBoardPageTest.java:184)
</failure>
    <system-out><![CDATA[02-16-2018 14:28:39 RequestAddCookies.java DEBUG [Forwarding quit on session 6bfee2c7-ce6b-41b6-8b49-77a4fa3fee36 to remote] protocol.RequestAddCookies 123 - CookieSpec selected: default
02-16-2018 14:28:39 RequestAuthCache.java DEBUG [Forwarding quit on session 6bfee2c7-ce6b-41b6-8b49-77a4fa3fee36 to remote] protocol.RequestAuthCache 77 - Auth cache not set in the context
02-16-2018 14:28:39 PoolingHttpClientConnectionManager.java DEBUG [Forwarding quit on session 6bfee2c7-ce6b-41b6-8b49-77a4fa3fee36 to remote] conn.PoolingHttpClientConnectionManager 255 - Connection request: [route: {}->http://localhost:2491][total kept alive: 0; route allocated: 0 of 2000; total allocated: 0 of 2000]
02-16-2018 14:28:39 PoolingHttpClientConnectionManager.java DEBUG [Forwarding quit on session 6bfee2c7-ce6b-41b6-8b49-77a4fa3fee36 to remote] conn.PoolingHttpClientConnectionManager 288 - Connection leased: [id: 628][route: {}->http://localhost:2491][total kept alive: 0; route allocated: 1 of 2000; total allocated: 1 of 2000]
02-16-2018 14:28:39 MainClientExec.java DEBUG [Forwarding quit on session 6bfee2c7-ce6b-41b6-8b49-77a4fa3fee36 to remote] execchain.MainClientExec 235 - Opening connection {}->http://localhost:2491
02-16-2018 14:28:39 DefaultHttpClientConnectionOperator.java DEBUG [Forwarding quit on session 6bfee2c7-ce6b-41b6-8b49-77a4fa3fee36 to remote] conn.DefaultHttpClientConnectionOperator 139 - Connecting to localhost/127.0.0.1:2491
02-16-2018 14:28:39 DefaultHttpClientConnectionOperator.java DEBUG [Forwarding quit on session 6bfee2c7-ce6b-41b6-8b49-77a4fa3fee36 to remote] conn.DefaultHttpClientConnectionOperator 146 - Connection established 127.0.0.1:58792<->127.0.0.1:2491
02-16-2018 14:28:39 LoggingManagedHttpClientConnection.java DEBUG [Forwarding quit on session 6bfee2c7-ce6b-41b6-8b49-77a4fa3fee36 to remote] conn.DefaultManagedHttpClientConnection 88 - http-outgoing-628: set socket timeout to 10800000
02-16-2018 14:28:39 MainClientExec.java DEBUG [Forwarding quit on session 6bfee2c7-ce6b-41b6-8b49-77a4fa3fee36 to remote] execchain.MainClientExec 256 - Executing request DELETE /session/6bfee2c7-ce6b-41b6-8b49-77a4fa3fee36 HTTP/1.1
02-16-2018 14:28:39 MainClientExec.java DEBUG [Forwarding quit on session 6bfee2c7-ce6b-41b6-8b49-77a4fa3fee36 to remote] execchain.MainClientExec 261 - Target auth state: UNCHALLENGED
02-16-2018 14:28:39 MainClientExec.java DEBUG [Forwarding quit on session 6bfee2c7-ce6b-41b6-8b49-77a4fa3fee36 to remote] execchain.MainClientExec 267 - Proxy auth state: UNCHALLENGED
02-16-2018 14:28:39 LoggingManagedHttpClientConnection.java DEBUG [Forwarding quit on session 6bfee2c7-ce6b-41b6-8b49-77a4fa3fee36 to remote] http.headers 133 - http-outgoing-628 >> DELETE /session/6bfee2c7-ce6b-41b6-8b49-77a4fa3fee36 HTTP/1.1
02-16-2018 14:28:39 LoggingManagedHttpClientConnection.java DEBUG [Forwarding quit on session 6bfee2c7-ce6b-41b6-8b49-77a4fa3fee36 to remote] http.headers 136 - http-outgoing-628 >> Host: localhost:2491
02-16-2018 14:28:39 LoggingManagedHttpClientConnection.java DEBUG [Forwarding quit on session 6bfee2c7-ce6b-41b6-8b49-77a4fa3fee36 to remote] http.headers 136 - http-outgoing-628 >> Connection: Keep-Alive
02-16-2018 14:28:39 LoggingManagedHttpClientConnection.java DEBUG [Forwarding quit on session 6bfee2c7-ce6b-41b6-8b49-77a4fa3fee36 to remote] http.headers 136 - http-outgoing-628 >> User-Agent: Apache-HttpClient/4.5.3 (Java/1.8.0_151)
02-16-2018 14:28:39 LoggingManagedHttpClientConnection.java DEBUG [Forwarding quit on session 6bfee2c7-ce6b-41b6-8b49-77a4fa3fee36 to remote] http.headers 136 - http-outgoing-628 >> Accept-Encoding: gzip,deflate
02-16-2018 14:28:39 Wire.java DEBUG [Forwarding quit on session 6bfee2c7-ce6b-41b6-8b49-77a4fa3fee36 to remote] http.wire 73 - http-outgoing-628 >> "DELETE /session/6bfee2c7-ce6b-41b6-8b49-77a4fa3fee36 HTTP/1.1[\r][\n]"
02-16-2018 14:28:39 Wire.java DEBUG [Forwarding quit on session 6bfee2c7-ce6b-41b6-8b49-77a4fa3fee36 to remote] http.wire 73 - http-outgoing-628 >> "Host: localhost:2491[\r][\n]"
02-16-2018 14:28:39 Wire.java DEBUG [Forwarding quit on session 6bfee2c7-ce6b-41b6-8b49-77a4fa3fee36 to remote] http.wire 73 - http-outgoing-628 >> "Connection: Keep-Alive[\r][\n]"
02-16-2018 14:28:39 Wire.java DEBUG [Forwarding quit on session 6bfee2c7-ce6b-41b6-8b49-77a4fa3fee36 to remote] http.wire 73 - http-outgoing-628 >> "User-Agent: Apache-HttpClient/4.5.3 (Java/1.8.0_151)[\r][\n]"
02-16-2018 14:28:39 Wire.java DEBUG [Forwarding quit on session 6bfee2c7-ce6b-41b6-8b49-77a4fa3fee36 to remote] http.wire 73 - http-outgoing-628 >> "Accept-Encoding: gzip,deflate[\r][\n]"
02-16-2018 14:28:39 Wire.java DEBUG [Forwarding quit on session 6bfee2c7-ce6b-41b6-8b49-77a4fa3fee36 to remote] http.wire 73 - http-outgoing-628 >> "[\r][\n]"
02-16-2018 14:28:39 Wire.java DEBUG [Forwarding quit on session 6bfee2c7-ce6b-41b6-8b49-77a4fa3fee36 to remote] http.wire 73 - http-outgoing-628 << "HTTP/1.1 200 OK[\r][\n]"
02-16-2018 14:28:39 Wire.java DEBUG [Forwarding quit on session 6bfee2c7-ce6b-41b6-8b49-77a4fa3fee36 to remote] http.wire 73 - http-outgoing-628 << "Connection: close[\r][\n]"
02-16-2018 14:28:39 Wire.java DEBUG [Forwarding quit on session 6bfee2c7-ce6b-41b6-8b49-77a4fa3fee36 to remote] http.wire 73 - http-outgoing-628 << "Content-Type: application/json; charset=utf-8[\r][\n]"
02-16-2018 14:28:39 Wire.java DEBUG [Forwarding quit on session 6bfee2c7-ce6b-41b6-8b49-77a4fa3fee36 to remote] http.wire 73 - http-outgoing-628 << "Cache-Control: no-cache[\r][\n]"
02-16-2018 14:28:39 Wire.java DEBUG [Forwarding quit on session 6bfee2c7-ce6b-41b6-8b49-77a4fa3fee36 to remote] http.wire 73 - http-outgoing-628 << "Content-Length: 13[\r][\n]"
02-16-2018 14:28:39 Wire.java DEBUG [Forwarding quit on session 6bfee2c7-ce6b-41b6-8b49-77a4fa3fee36 to remote] http.wire 73 - http-outgoing-628 << "Date: Fri, 16 Feb 2018 20:28:39 GMT[\r][\n]"
02-16-2018 14:28:39 Wire.java DEBUG [Forwarding quit on session 6bfee2c7-ce6b-41b6-8b49-77a4fa3fee36 to remote] http.wire 73 - http-outgoing-628 << "[\r][\n]"
02-16-2018 14:28:39 Wire.java DEBUG [Forwarding quit on session 6bfee2c7-ce6b-41b6-8b49-77a4fa3fee36 to remote] http.wire 87 - http-outgoing-628 << "{"value": {}}"
02-16-2018 14:28:39 LoggingManagedHttpClientConnection.java DEBUG [Forwarding quit on session 6bfee2c7-ce6b-41b6-8b49-77a4fa3fee36 to remote] http.headers 122 - http-outgoing-628 << HTTP/1.1 200 OK
02-16-2018 14:28:39 LoggingManagedHttpClientConnection.java DEBUG [Forwarding quit on session 6bfee2c7-ce6b-41b6-8b49-77a4fa3fee36 to remote] http.headers 125 - http-outgoing-628 << Connection: close
02-16-2018 14:28:39 LoggingManagedHttpClientConnection.java DEBUG [Forwarding quit on session 6bfee2c7-ce6b-41b6-8b49-77a4fa3fee36 to remote] http.headers 125 - http-outgoing-628 << Content-Type: application/json; charset=utf-8
02-16-2018 14:28:39 LoggingManagedHttpClientConnection.java DEBUG [Forwarding quit on session 6bfee2c7-ce6b-41b6-8b49-77a4fa3fee36 to remote] http.headers 125 - http-outgoing-628 << Cache-Control: no-cache
02-16-2018 14:28:39 LoggingManagedHttpClientConnection.java DEBUG [Forwarding quit on session 6bfee2c7-ce6b-41b6-8b49-77a4fa3fee36 to remote] http.headers 125 - http-outgoing-628 << Content-Length: 13
02-16-2018 14:28:39 LoggingManagedHttpClientConnection.java DEBUG [Forwarding quit on session 6bfee2c7-ce6b-41b6-8b49-77a4fa3fee36 to remote] http.headers 125 - http-outgoing-628 << Date: Fri, 16 Feb 2018 20:28:39 GMT
02-16-2018 14:28:39 LoggingManagedHttpClientConnection.java DEBUG [Forwarding quit on session 6bfee2c7-ce6b-41b6-8b49-77a4fa3fee36 to remote] conn.DefaultManagedHttpClientConnection 79 - http-outgoing-628: Close connection
02-16-2018 14:28:39 ConnectionHolder.java DEBUG [Forwarding quit on session 6bfee2c7-ce6b-41b6-8b49-77a4fa3fee36 to remote] execchain.MainClientExec 104 - Connection discarded
02-16-2018 14:28:39 PoolingHttpClientConnectionManager.java DEBUG [Forwarding quit on session 6bfee2c7-ce6b-41b6-8b49-77a4fa3fee36 to remote] conn.PoolingHttpClientConnectionManager 326 - Connection released: [id: 628][route: {}->http://localhost:2491][total kept alive: 0; route allocated: 0 of 2000; total allocated: 0 of 2000]
02-16-2018 14:28:39 PoolingHttpClientConnectionManager.java DEBUG [Forwarding quit on session 6bfee2c7-ce6b-41b6-8b49-77a4fa3fee36 to remote] conn.PoolingHttpClientConnectionManager 407 - Closing connections idle longer than 0 SECONDS
02-16-2018 14:28:40 RequestAddCookies.java DEBUG [Forwarding newSession on session null to remote] protocol.RequestAddCookies 123 - CookieSpec selected: default
02-16-2018 14:28:40 RequestAuthCache.java DEBUG [Forwarding newSession on session null to remote] protocol.RequestAuthCache 77 - Auth cache not set in the context
02-16-2018 14:28:40 PoolingHttpClientConnectionManager.java DEBUG [Forwarding newSession on session null to remote] conn.PoolingHttpClientConnectionManager 255 - Connection request: [route: {}->http://localhost:2384][total kept alive: 0; route allocated: 0 of 2000; total allocated: 0 of 2000]
02-16-2018 14:28:40 PoolingHttpClientConnectionManager.java DEBUG [Forwarding newSession on session null to remote] conn.PoolingHttpClientConnectionManager 288 - Connection leased: [id: 629][route: {}->http://localhost:2384][total kept alive: 0; route allocated: 1 of 2000; total allocated: 1 of 2000]
02-16-2018 14:28:40 MainClientExec.java DEBUG [Forwarding newSession on session null to remote] execchain.MainClientExec 235 - Opening connection {}->http://localhost:2384
02-16-2018 14:28:40 DefaultHttpClientConnectionOperator.java DEBUG [Forwarding newSession on session null to remote] conn.DefaultHttpClientConnectionOperator 139 - Connecting to localhost/127.0.0.1:2384
02-16-2018 14:28:40 DefaultHttpClientConnectionOperator.java DEBUG [Forwarding newSession on session null to remote] conn.DefaultHttpClientConnectionOperator 146 - Connection established 127.0.0.1:58794<->127.0.0.1:2384
02-16-2018 14:28:40 LoggingManagedHttpClientConnection.java DEBUG [Forwarding newSession on session null to remote] conn.DefaultManagedHttpClientConnection 88 - http-outgoing-629: set socket timeout to 10800000
02-16-2018 14:28:40 MainClientExec.java DEBUG [Forwarding newSession on session null to remote] execchain.MainClientExec 256 - Executing request POST /session HTTP/1.1
02-16-2018 14:28:40 MainClientExec.java DEBUG [Forwarding newSession on session null to remote] execchain.MainClientExec 261 - Target auth state: UNCHALLENGED
02-16-2018 14:28:40 MainClientExec.java DEBUG [Forwarding newSession on session null to remote] execchain.MainClientExec 267 - Proxy auth state: UNCHALLENGED
02-16-2018 14:28:40 LoggingManagedHttpClientConnection.java DEBUG [Forwarding newSession on session null to remote] http.headers 133 - http-outgoing-629 >> POST /session HTTP/1.1
02-16-2018 14:28:40 LoggingManagedHttpClientConnection.java DEBUG [Forwarding newSession on session null to remote] http.headers 136 - http-outgoing-629 >> Content-Type: application/json; charset=utf-8
02-16-2018 14:28:40 LoggingManagedHttpClientConnection.java DEBUG [Forwarding newSession on session null to remote] http.headers 136 - http-outgoing-629 >> Content-Length: 404
02-16-2018 14:28:40 LoggingManagedHttpClientConnection.java DEBUG [Forwarding newSession on session null to remote] http.headers 136 - http-outgoing-629 >> Host: localhost:2384
02-16-2018 14:28:40 LoggingManagedHttpClientConnection.java DEBUG [Forwarding newSession on session null to remote] http.headers 136 - http-outgoing-629 >> Connection: Keep-Alive
02-16-2018 14:28:40 LoggingManagedHttpClientConnection.java DEBUG [Forwarding newSession on session null to remote] http.headers 136 - http-outgoing-629 >> User-Agent: Apache-HttpClient/4.5.3 (Java/1.8.0_151)
02-16-2018 14:28:40 LoggingManagedHttpClientConnection.java DEBUG [Forwarding newSession on session null to remote] http.headers 136 - http-outgoing-629 >> Accept-Encoding: gzip,deflate
02-16-2018 14:28:40 Wire.java DEBUG [Forwarding newSession on session null to remote] http.wire 73 - http-outgoing-629 >> "POST /session HTTP/1.1[\r][\n]"
02-16-2018 14:28:40 Wire.java DEBUG [Forwarding newSession on session null to remote] http.wire 73 - http-outgoing-629 >> "Content-Type: application/json; charset=utf-8[\r][\n]"
02-16-2018 14:28:40 Wire.java DEBUG [Forwarding newSession on session null to remote] http.wire 73 - http-outgoing-629 >> "Content-Length: 404[\r][\n]"
02-16-2018 14:28:40 Wire.java DEBUG [Forwarding newSession on session null to remote] http.wire 73 - http-outgoing-629 >> "Host: localhost:2384[\r][\n]"
02-16-2018 14:28:40 Wire.java DEBUG [Forwarding newSession on session null to remote] http.wire 73 - http-outgoing-629 >> "Connection: Keep-Alive[\r][\n]"
02-16-2018 14:28:40 Wire.java DEBUG [Forwarding newSession on session null to remote] http.wire 73 - http-outgoing-629 >> "User-Agent: Apache-HttpClient/4.5.3 (Java/1.8.0_151)[\r][\n]"
02-16-2018 14:28:40 Wire.java DEBUG [Forwarding newSession on session null to remote] http.wire 73 - http-outgoing-629 >> "Accept-Encoding: gzip,deflate[\r][\n]"
02-16-2018 14:28:40 Wire.java DEBUG [Forwarding newSession on session null to remote] http.wire 73 - http-outgoing-629 >> "[\r][\n]"
02-16-2018 14:28:40 Wire.java DEBUG [Forwarding newSession on session null to remote] http.wire 73 - http-outgoing-629 >> "{[\n]"
02-16-2018 14:28:40 Wire.java DEBUG [Forwarding newSession on session null to remote] http.wire 73 - http-outgoing-629 >> "  "desiredCapabilities": {"acceptInsecureCerts":true,"browserName":"firefox","moz:firefoxOptions":{"args":[],"prefs":{}}},[\n]"
02-16-2018 14:28:40 Wire.java DEBUG [Forwarding newSession on session null to remote] http.wire 73 - http-outgoing-629 >> "  "capabilities": {[\n]"
02-16-2018 14:28:40 Wire.java DEBUG [Forwarding newSession on session null to remote] http.wire 73 - http-outgoing-629 >> "    "desiredCapabilities": {"acceptInsecureCerts":true,"browserName":"firefox","moz:firefoxOptions":{"args":[],"prefs":{}}},[\n]"
02-16-2018 14:28:40 Wire.java DEBUG [Forwarding newSession on session null to remote] http.wire 73 - http-outgoing-629 >> "    "firstMatch": [[\n]"
02-16-2018 14:28:40 Wire.java DEBUG [Forwarding newSession on session null to remote] http.wire 73 - http-outgoing-629 >> "      {"acceptInsecureCerts":true,"browserName":"firefox","moz:firefoxOptions":{"args":[],"prefs":{}}}[\n]"
02-16-2018 14:28:40 Wire.java DEBUG [Forwarding newSession on session null to remote] http.wire 73 - http-outgoing-629 >> "    ][\n]"
02-16-2018 14:28:40 Wire.java DEBUG [Forwarding newSession on session null to remote] http.wire 73 - http-outgoing-629 >> "  }[\n]"
02-16-2018 14:28:40 Wire.java DEBUG [Forwarding newSession on session null to remote] http.wire 87 - http-outgoing-629 >> "}"
02-16-2018 14:28:44 Wire.java DEBUG [Forwarding newSession on session null to remote] http.wire 73 - http-outgoing-629 << "HTTP/1.1 200 OK[\r][\n]"
02-16-2018 14:28:44 Wire.java DEBUG [Forwarding newSession on session null to remote] http.wire 73 - http-outgoing-629 << "Connection: close[\r][\n]"
02-16-2018 14:28:44 Wire.java DEBUG [Forwarding newSession on session null to remote] http.wire 73 - http-outgoing-629 << "Content-Type: application/json; charset=utf-8[\r][\n]"
02-16-2018 14:28:44 Wire.java DEBUG [Forwarding newSession on session null to remote] http.wire 73 - http-outgoing-629 << "Cache-Control: no-cache[\r][\n]"
02-16-2018 14:28:44 Wire.java DEBUG [Forwarding newSession on session null to remote] http.wire 73 - http-outgoing-629 << "Content-Length: 496[\r][\n]"
02-16-2018 14:28:44 Wire.java DEBUG [Forwarding newSession on session null to remote] http.wire 73 - http-outgoing-629 << "Date: Fri, 16 Feb 2018 20:28:44 GMT[\r][\n]"
02-16-2018 14:28:44 Wire.java DEBUG [Forwarding newSession on session null to remote] http.wire 73 - http-outgoing-629 << "[\r][\n]"
02-16-2018 14:28:44 Wire.java DEBUG [Forwarding newSession on session null to remote] http.wire 87 - http-outgoing-629 << "{"value": {"sessionId":"ae7bbef1-9c64-42c4-b5e6-e387daa5a745","capabilities":{"acceptInsecureCerts":true,"browserName":"firefox","browserVersion":"56.0","moz:accessibilityChecks":false,"moz:headless":false,"moz:processID":14472,"moz:profile":"C:\\Users\\venka\\AppData\\Local\\Temp\\rust_mozprofile.rjz7lCSjFvqj","pageLoadStrategy":"normal","platformName":"windows_nt","platformVersion":"10.0","rotatable":false,"specificationLevel":0,"timeouts":{"implicit":0,"pageLoad":300000,"script":30000}}}}"
02-16-2018 14:28:44 LoggingManagedHttpClientConnection.java DEBUG [Forwarding newSession on session null to remote] http.headers 122 - http-outgoing-629 << HTTP/1.1 200 OK
02-16-2018 14:28:44 LoggingManagedHttpClientConnection.java DEBUG [Forwarding newSession on session null to remote] http.headers 125 - http-outgoing-629 << Connection: close
02-16-2018 14:28:44 LoggingManagedHttpClientConnection.java DEBUG [Forwarding newSession on session null to remote] http.headers 125 - http-outgoing-629 << Content-Type: application/json; charset=utf-8
02-16-2018 14:28:44 LoggingManagedHttpClientConnection.java DEBUG [Forwarding newSession on session null to remote] http.headers 125 - http-outgoing-629 << Cache-Control: no-cache
02-16-2018 14:28:44 LoggingManagedHttpClientConnection.java DEBUG [Forwarding newSession on session null to remote] http.headers 125 - http-outgoing-629 << Content-Length: 496
02-16-2018 14:28:44 LoggingManagedHttpClientConnection.java DEBUG [Forwarding newSession on session null to remote] http.headers 125 - http-outgoing-629 << Date: Fri, 16 Feb 2018 20:28:44 GMT
02-16-2018 14:28:44 LoggingManagedHttpClientConnection.java DEBUG [Forwarding newSession on session null to remote] conn.DefaultManagedHttpClientConnection 79 - http-outgoing-629: Close connection
02-16-2018 14:28:44 ConnectionHolder.java DEBUG [Forwarding newSession on session null to remote] execchain.MainClientExec 104 - Connection discarded
02-16-2018 14:28:44 PoolingHttpClientConnectionManager.java DEBUG [Forwarding newSession on session null to remote] conn.PoolingHttpClientConnectionManager 326 - Connection released: [id: 629][route: {}->http://localhost:2384][total kept alive: 0; route allocated: 0 of 2000; total allocated: 0 of 2000]
02-16-2018 14:28:44 RequestAddCookies.java DEBUG [Forwarding maximizeCurrentWindow on session ae7bbef1-9c64-42c4-b5e6-e387daa5a745 to remote] protocol.RequestAddCookies 123 - CookieSpec selected: default
02-16-2018 14:28:44 RequestAuthCache.java DEBUG [Forwarding maximizeCurrentWindow on session ae7bbef1-9c64-42c4-b5e6-e387daa5a745 to remote] protocol.RequestAuthCache 77 - Auth cache not set in the context
02-16-2018 14:28:44 PoolingHttpClientConnectionManager.java DEBUG [Forwarding maximizeCurrentWindow on session ae7bbef1-9c64-42c4-b5e6-e387daa5a745 to remote] conn.PoolingHttpClientConnectionManager 255 - Connection request: [route: {}->http://localhost:2384][total kept alive: 0; route allocated: 0 of 2000; total allocated: 0 of 2000]
02-16-2018 14:28:44 PoolingHttpClientConnectionManager.java DEBUG [Forwarding maximizeCurrentWindow on session ae7bbef1-9c64-42c4-b5e6-e387daa5a745 to remote] conn.PoolingHttpClientConnectionManager 288 - Connection leased: [id: 630][route: {}->http://localhost:2384][total kept alive: 0; route allocated: 1 of 2000; total allocated: 1 of 2000]
02-16-2018 14:28:44 MainClientExec.java DEBUG [Forwarding maximizeCurrentWindow on session ae7bbef1-9c64-42c4-b5e6-e387daa5a745 to remote] execchain.MainClientExec 235 - Opening connection {}->http://localhost:2384
02-16-2018 14:28:44 DefaultHttpClientConnectionOperator.java DEBUG [Forwarding maximizeCurrentWindow on session ae7bbef1-9c64-42c4-b5e6-e387daa5a745 to remote] conn.DefaultHttpClientConnectionOperator 139 - Connecting to localhost/127.0.0.1:2384
02-16-2018 14:28:44 DefaultHttpClientConnectionOperator.java DEBUG [Forwarding maximizeCurrentWindow on session ae7bbef1-9c64-42c4-b5e6-e387daa5a745 to remote] conn.DefaultHttpClientConnectionOperator 146 - Connection established 127.0.0.1:58814<->127.0.0.1:2384
02-16-2018 14:28:44 LoggingManagedHttpClientConnection.java DEBUG [Forwarding maximizeCurrentWindow on session ae7bbef1-9c64-42c4-b5e6-e387daa5a745 to remote] conn.DefaultManagedHttpClientConnection 88 - http-outgoing-630: set socket timeout to 10800000
02-16-2018 14:28:44 MainClientExec.java DEBUG [Forwarding maximizeCurrentWindow on session ae7bbef1-9c64-42c4-b5e6-e387daa5a745 to remote] execchain.MainClientExec 256 - Executing request POST /session/ae7bbef1-9c64-42c4-b5e6-e387daa5a745/window/maximize HTTP/1.1
02-16-2018 14:28:44 MainClientExec.java DEBUG [Forwarding maximizeCurrentWindow on session ae7bbef1-9c64-42c4-b5e6-e387daa5a745 to remote] execchain.MainClientExec 261 - Target auth state: UNCHALLENGED
02-16-2018 14:28:44 MainClientExec.java DEBUG [Forwarding maximizeCurrentWindow on session ae7bbef1-9c64-42c4-b5e6-e387daa5a745 to remote] execchain.MainClientExec 267 - Proxy auth state: UNCHALLENGED
02-16-2018 14:28:44 LoggingManagedHttpClientConnection.java DEBUG [Forwarding maximizeCurrentWindow on session ae7bbef1-9c64-42c4-b5e6-e387daa5a745 to remote] http.headers 133 - http-outgoing-630 >> POST /session/ae7bbef1-9c64-42c4-b5e6-e387daa5a745/window/maximize HTTP/1.1
02-16-2018 14:28:44 LoggingManagedHttpClientConnection.java DEBUG [Forwarding maximizeCurrentWindow on session ae7bbef1-9c64-42c4-b5e6-e387daa5a745 to remote] http.headers 136 - http-outgoing-630 >> Content-Type: application/json; charset=utf-8
02-16-2018 14:28:44 LoggingManagedHttpClientConnection.java DEBUG [Forwarding maximizeCurrentWindow on session ae7bbef1-9c64-42c4-b5e6-e387daa5a745 to remote] http.headers 136 - http-outgoing-630 >> Content-Length: 2
02-16-2018 14:28:44 LoggingManagedHttpClientConnection.java DEBUG [Forwarding maximizeCurrentWindow on session ae7bbef1-9c64-42c4-b5e6-e387daa5a745 to remote] http.headers 136 - http-outgoing-630 >> Host: localhost:2384
02-16-2018 14:28:44 LoggingManagedHttpClientConnection.java DEBUG [Forwarding maximizeCurrentWindow on session ae7bbef1-9c64-42c4-b5e6-e387daa5a745 to remote] http.headers 136 - http-outgoing-630 >> Connection: Keep-Alive
02-16-2018 14:28:44 LoggingManagedHttpClientConnection.java DEBUG [Forwarding maximizeCurrentWindow on session ae7bbef1-9c64-42c4-b5e6-e387daa5a745 to remote] http.headers 136 - http-outgoing-630 >> User-Agent: Apache-HttpClient/4.5.3 (Java/1.8.0_151)
02-16-2018 14:28:44 LoggingManagedHttpClientConnection.java DEBUG [Forwarding maximizeCurrentWindow on session ae7bbef1-9c64-42c4-b5e6-e387daa5a745 to remote] http.headers 136 - http-outgoing-630 >> Accept-Encoding: gzip,deflate
02-16-2018 14:28:44 Wire.java DEBUG [Forwarding maximizeCurrentWindow on session ae7bbef1-9c64-42c4-b5e6-e387daa5a745 to remote] http.wire 73 - http-outgoing-630 >> "POST /session/ae7bbef1-9c64-42c4-b5e6-e387daa5a745/window/maximize HTTP/1.1[\r][\n]"
02-16-2018 14:28:44 Wire.java DEBUG [Forwarding maximizeCurrentWindow on session ae7bbef1-9c64-42c4-b5e6-e387daa5a745 to remote] http.wire 73 - http-outgoing-630 >> "Content-Type: application/json; charset=utf-8[\r][\n]"
02-16-2018 14:28:44 Wire.java DEBUG [Forwarding maximizeCurrentWindow on session ae7bbef1-9c64-42c4-b5e6-e387daa5a745 to remote] http.wire 73 - http-outgoing-630 >> "Content-Length: 2[\r][\n]"
02-16-2018 14:28:44 Wire.java DEBUG [Forwarding maximizeCurrentWindow on session ae7bbef1-9c64-42c4-b5e6-e387daa5a745 to remote] http.wire 73 - http-outgoing-630 >> "Host: localhost:2384[\r][\n]"
02-16-2018 14:28:44 Wire.java DEBUG [Forwarding maximizeCurrentWindow on session ae7bbef1-9c64-42c4-b5e6-e387daa5a745 to remote] http.wire 73 - http-outgoing-630 >> "Connection: Keep-Alive[\r][\n]"
02-16-2018 14:28:44 Wire.java DEBUG [Forwarding maximizeCurrentWindow on session ae7bbef1-9c64-42c4-b5e6-e387daa5a745 to remote] http.wire 73 - http-outgoing-630 >> "User-Agent: Apache-HttpClient/4.5.3 (Java/1.8.0_151)[\r][\n]"
02-16-2018 14:28:44 Wire.java DEBUG [Forwarding maximizeCurrentWindow on session ae7bbef1-9c64-42c4-b5e6-e387daa5a745 to remote] http.wire 73 - http-outgoing-630 >> "Accept-Encoding: gzip,deflate[\r][\n]"
02-16-2018 14:28:44 Wire.java DEBUG [Forwarding maximizeCurrentWindow on session ae7bbef1-9c64-42c4-b5e6-e387daa5a745 to remote] http.wire 73 - http-outgoing-630 >> "[\r][\n]"
02-16-2018 14:28:44 Wire.java DEBUG [Forwarding maximizeCurrentWindow on session ae7bbef1-9c64-42c4-b5e6-e387daa5a745 to remote] http.wire 87 - http-outgoing-630 >> "{}"
02-16-2018 14:28:44 Wire.java DEBUG [Forwarding maximizeCurrentWindow on session ae7bbef1-9c64-42c4-b5e6-e387daa5a745 to remote] http.wire 73 - http-outgoing-630 << "HTTP/1.1 200 OK[\r][\n]"
02-16-2018 14:28:44 Wire.java DEBUG [Forwarding maximizeCurrentWindow on session ae7bbef1-9c64-42c4-b5e6-e387daa5a745 to remote] http.wire 73 - http-outgoing-630 << "Connection: close[\r][\n]"
02-16-2018 14:28:44 Wire.java DEBUG [Forwarding maximizeCurrentWindow on session ae7bbef1-9c64-42c4-b5e6-e387daa5a745 to remote] http.wire 73 - http-outgoing-630 << "Content-Type: application/json; charset=utf-8[\r][\n]"
02-16-2018 14:28:44 Wire.java DEBUG [Forwarding maximizeCurrentWindow on session ae7bbef1-9c64-42c4-b5e6-e387daa5a745 to remote] http.wire 73 - http-outgoing-630 << "Cache-Control: no-cache[\r][\n]"
02-16-2018 14:28:44 Wire.java DEBUG [Forwarding maximizeCurrentWindow on session ae7bbef1-9c64-42c4-b5e6-e387daa5a745 to remote] http.wire 73 - http-outgoing-630 << "Content-Length: 52[\r][\n]"
02-16-2018 14:28:44 Wire.java DEBUG [Forwarding maximizeCurrentWindow on session ae7bbef1-9c64-42c4-b5e6-e387daa5a745 to remote] http.wire 73 - http-outgoing-630 << "Date: Fri, 16 Feb 2018 20:28:44 GMT[\r][\n]"
02-16-2018 14:28:44 Wire.java DEBUG [Forwarding maximizeCurrentWindow on session ae7bbef1-9c64-42c4-b5e6-e387daa5a745 to remote] http.wire 73 - http-outgoing-630 << "[\r][\n]"
02-16-2018 14:28:44 Wire.java DEBUG [Forwarding maximizeCurrentWindow on session ae7bbef1-9c64-42c4-b5e6-e387daa5a745 to remote] http.wire 87 - http-outgoing-630 << "{"value": {"height":838,"width":1550,"x":-7,"y":-7}}"
02-16-2018 14:28:44 LoggingManagedHttpClientConnection.java DEBUG [Forwarding maximizeCurrentWindow on session ae7bbef1-9c64-42c4-b5e6-e387daa5a745 to remote] http.headers 122 - http-outgoing-630 << HTTP/1.1 200 OK
02-16-2018 14:28:44 LoggingManagedHttpClientConnection.java DEBUG [Forwarding maximizeCurrentWindow on session ae7bbef1-9c64-42c4-b5e6-e387daa5a745 to remote] http.headers 125 - http-outgoing-630 << Connection: close
02-16-2018 14:28:44 LoggingManagedHttpClientConnection.java DEBUG [Forwarding maximizeCurrentWindow on session ae7bbef1-9c64-42c4-b5e6-e387daa5a745 to remote] http.headers 125 - http-outgoing-630 << Content-Type: application/json; charset=utf-8
02-16-2018 14:28:44 LoggingManagedHttpClientConnection.java DEBUG [Forwarding maximizeCurrentWindow on session ae7bbef1-9c64-42c4-b5e6-e387daa5a745 to remote] http.headers 125 - http-outgoing-630 << Cache-Control: no-cache
02-16-2018 14:28:44 LoggingManagedHttpClientConnection.java DEBUG [Forwarding maximizeCurrentWindow on session ae7bbef1-9c64-42c4-b5e6-e387daa5a745 to remote] http.headers 125 - http-outgoing-630 << Content-Length: 52
02-16-2018 14:28:44 LoggingManagedHttpClientConnection.java DEBUG [Forwarding maximizeCurrentWindow on session ae7bbef1-9c64-42c4-b5e6-e387daa5a745 to remote] http.headers 125 - http-outgoing-630 << Date: Fri, 16 Feb 2018 20:28:44 GMT
02-16-2018 14:28:44 LoggingManagedHttpClientConnection.java DEBUG [Forwarding maximizeCurrentWindow on session ae7bbef1-9c64-42c4-b5e6-e387daa5a745 to remote] conn.DefaultManagedHttpClientConnection 79 - http-outgoing-630: Close connection
02-16-2018 14:28:44 ConnectionHolder.java DEBUG [Forwarding maximizeCurrentWindow on session ae7bbef1-9c64-42c4-b5e6-e387daa5a745 to remote] execchain.MainClientExec 104 - Connection discarded
02-16-2018 14:28:44 PoolingHttpClientConnectionManager.java DEBUG [Forwarding maximizeCurrentWindow on session ae7bbef1-9c64-42c4-b5e6-e387daa5a745 to remote] conn.PoolingHttpClientConnectionManager 326 - Connection released: [id: 630][route: {}->http://localhost:2384][total kept alive: 0; route allocated: 0 of 2000; total allocated: 0 of 2000]
02-16-2018 14:28:44 RequestAddCookies.java DEBUG [Forwarding setTimeout on session ae7bbef1-9c64-42c4-b5e6-e387daa5a745 to remote] protocol.RequestAddCookies 123 - CookieSpec selected: default
02-16-2018 14:28:44 RequestAuthCache.java DEBUG [Forwarding setTimeout on session ae7bbef1-9c64-42c4-b5e6-e387daa5a745 to remote] protocol.RequestAuthCache 77 - Auth cache not set in the context
02-16-2018 14:28:44 PoolingHttpClientConnectionManager.java DEBUG [Forwarding setTimeout on session ae7bbef1-9c64-42c4-b5e6-e387daa5a745 to remote] conn.PoolingHttpClientConnectionManager 255 - Connection request: [route: {}->http://localhost:2384][total kept alive: 0; route allocated: 0 of 2000; total allocated: 0 of 2000]
02-16-2018 14:28:44 PoolingHttpClientConnectionManager.java DEBUG [Forwarding setTimeout on session ae7bbef1-9c64-42c4-b5e6-e387daa5a745 to remote] conn.PoolingHttpClientConnectionManager 288 - Connection leased: [id: 631][route: {}->http://localhost:2384][total kept alive: 0; route allocated: 1 of 2000; total allocated: 1 of 2000]
02-16-2018 14:28:44 MainClientExec.java DEBUG [Forwarding setTimeout on session ae7bbef1-9c64-42c4-b5e6-e387daa5a745 to remote] execchain.MainClientExec 235 - Opening connection {}->http://localhost:2384
02-16-2018 14:28:44 DefaultHttpClientConnectionOperator.java DEBUG [Forwarding setTimeout on session ae7bbef1-9c64-42c4-b5e6-e387daa5a745 to remote] conn.DefaultHttpClientConnectionOperator 139 - Connecting to localhost/127.0.0.1:2384
02-16-2018 14:28:44 DefaultHttpClientConnectionOperator.java DEBUG [Forwarding setTimeout on session ae7bbef1-9c64-42c4-b5e6-e387daa5a745 to remote] conn.DefaultHttpClientConnectionOperator 146 - Connection established 127.0.0.1:58815<->127.0.0.1:2384
02-16-2018 14:28:44 LoggingManagedHttpClientConnection.java DEBUG [Forwarding setTimeout on session ae7bbef1-9c64-42c4-b5e6-e387daa5a745 to remote] conn.DefaultManagedHttpClientConnection 88 - http-outgoing-631: set socket timeout to 10800000
02-16-2018 14:28:44 MainClientExec.java DEBUG [Forwarding setTimeout on session ae7bbef1-9c64-42c4-b5e6-e387daa5a745 to remote] execchain.MainClientExec 256 - Executing request POST /session/ae7bbef1-9c64-42c4-b5e6-e387daa5a745/timeouts HTTP/1.1
02-16-2018 14:28:44 MainClientExec.java DEBUG [Forwarding setTimeout on session ae7bbef1-9c64-42c4-b5e6-e387daa5a745 to remote] execchain.MainClientExec 261 - Target auth state: UNCHALLENGED
02-16-2018 14:28:44 MainClientExec.java DEBUG [Forwarding setTimeout on session ae7bbef1-9c64-42c4-b5e6-e387daa5a745 to remote] execchain.MainClientExec 267 - Proxy auth state: UNCHALLENGED
02-16-2018 14:28:44 LoggingManagedHttpClientConnection.java DEBUG [Forwarding setTimeout on session ae7bbef1-9c64-42c4-b5e6-e387daa5a745 to remote] http.headers 133 - http-outgoing-631 >> POST /session/ae7bbef1-9c64-42c4-b5e6-e387daa5a745/timeouts HTTP/1.1
02-16-2018 14:28:44 LoggingManagedHttpClientConnection.java DEBUG [Forwarding setTimeout on session ae7bbef1-9c64-42c4-b5e6-e387daa5a745 to remote] http.headers 136 - http-outgoing-631 >> Content-Type: application/json; charset=utf-8
02-16-2018 14:28:44 LoggingManagedHttpClientConnection.java DEBUG [Forwarding setTimeout on session ae7bbef1-9c64-42c4-b5e6-e387daa5a745 to remote] http.headers 136 - http-outgoing-631 >> Content-Length: 18
02-16-2018 14:28:44 LoggingManagedHttpClientConnection.java DEBUG [Forwarding setTimeout on session ae7bbef1-9c64-42c4-b5e6-e387daa5a745 to remote] http.headers 136 - http-outgoing-631 >> Host: localhost:2384
02-16-2018 14:28:44 LoggingManagedHttpClientConnection.java DEBUG [Forwarding setTimeout on session ae7bbef1-9c64-42c4-b5e6-e387daa5a745 to remote] http.headers 136 - http-outgoing-631 >> Connection: Keep-Alive
02-16-2018 14:28:44 LoggingManagedHttpClientConnection.java DEBUG [Forwarding setTimeout on session ae7bbef1-9c64-42c4-b5e6-e387daa5a745 to remote] http.headers 136 - http-outgoing-631 >> User-Agent: Apache-HttpClient/4.5.3 (Java/1.8.0_151)
02-16-2018 14:28:44 LoggingManagedHttpClientConnection.java DEBUG [Forwarding setTimeout on session ae7bbef1-9c64-42c4-b5e6-e387daa5a745 to remote] http.headers 136 - http-outgoing-631 >> Accept-Encoding: gzip,deflate
02-16-2018 14:28:44 Wire.java DEBUG [Forwarding setTimeout on session ae7bbef1-9c64-42c4-b5e6-e387daa5a745 to remote] http.wire 73 - http-outgoing-631 >> "POST /session/ae7bbef1-9c64-42c4-b5e6-e387daa5a745/timeouts HTTP/1.1[\r][\n]"
02-16-2018 14:28:44 Wire.java DEBUG [Forwarding setTimeout on session ae7bbef1-9c64-42c4-b5e6-e387daa5a745 to remote] http.wire 73 - http-outgoing-631 >> "Content-Type: application/json; charset=utf-8[\r][\n]"
02-16-2018 14:28:44 Wire.java DEBUG [Forwarding setTimeout on session ae7bbef1-9c64-42c4-b5e6-e387daa5a745 to remote] http.wire 73 - http-outgoing-631 >> "Content-Length: 18[\r][\n]"
02-16-2018 14:28:44 Wire.java DEBUG [Forwarding setTimeout on session ae7bbef1-9c64-42c4-b5e6-e387daa5a745 to remote] http.wire 73 - http-outgoing-631 >> "Host: localhost:2384[\r][\n]"
02-16-2018 14:28:44 Wire.java DEBUG [Forwarding setTimeout on session ae7bbef1-9c64-42c4-b5e6-e387daa5a745 to remote] http.wire 73 - http-outgoing-631 >> "Connection: Keep-Alive[\r][\n]"
02-16-2018 14:28:44 Wire.java DEBUG [Forwarding setTimeout on session ae7bbef1-9c64-42c4-b5e6-e387daa5a745 to remote] http.wire 73 - http-outgoing-631 >> "User-Agent: Apache-HttpClient/4.5.3 (Java/1.8.0_151)[\r][\n]"
02-16-2018 14:28:44 Wire.java DEBUG [Forwarding setTimeout on session ae7bbef1-9c64-42c4-b5e6-e387daa5a745 to remote] http.wire 73 - http-outgoing-631 >> "Accept-Encoding: gzip,deflate[\r][\n]"
02-16-2018 14:28:44 Wire.java DEBUG [Forwarding setTimeout on session ae7bbef1-9c64-42c4-b5e6-e387daa5a745 to remote] http.wire 73 - http-outgoing-631 >> "[\r][\n]"
02-16-2018 14:28:44 Wire.java DEBUG [Forwarding setTimeout on session ae7bbef1-9c64-42c4-b5e6-e387daa5a745 to remote] http.wire 87 - http-outgoing-631 >> "{"pageLoad":40000}"
02-16-2018 14:28:44 Wire.java DEBUG [Forwarding setTimeout on session ae7bbef1-9c64-42c4-b5e6-e387daa5a745 to remote] http.wire 73 - http-outgoing-631 << "HTTP/1.1 200 OK[\r][\n]"
02-16-2018 14:28:44 Wire.java DEBUG [Forwarding setTimeout on session ae7bbef1-9c64-42c4-b5e6-e387daa5a745 to remote] http.wire 73 - http-outgoing-631 << "Connection: close[\r][\n]"
02-16-2018 14:28:44 Wire.java DEBUG [Forwarding setTimeout on session ae7bbef1-9c64-42c4-b5e6-e387daa5a745 to remote] http.wire 73 - http-outgoing-631 << "Content-Type: application/json; charset=utf-8[\r][\n]"
02-16-2018 14:28:44 Wire.java DEBUG [Forwarding setTimeout on session ae7bbef1-9c64-42c4-b5e6-e387daa5a745 to remote] http.wire 73 - http-outgoing-631 << "Cache-Control: no-cache[\r][\n]"
02-16-2018 14:28:44 Wire.java DEBUG [Forwarding setTimeout on session ae7bbef1-9c64-42c4-b5e6-e387daa5a745 to remote] http.wire 73 - http-outgoing-631 << "Content-Length: 13[\r][\n]"
02-16-2018 14:28:44 Wire.java DEBUG [Forwarding setTimeout on session ae7bbef1-9c64-42c4-b5e6-e387daa5a745 to remote] http.wire 73 - http-outgoing-631 << "Date: Fri, 16 Feb 2018 20:28:44 GMT[\r][\n]"
02-16-2018 14:28:44 Wire.java DEBUG [Forwarding setTimeout on session ae7bbef1-9c64-42c4-b5e6-e387daa5a745 to remote] http.wire 73 - http-outgoing-631 << "[\r][\n]"
02-16-2018 14:28:44 Wire.java DEBUG [Forwarding setTimeout on session ae7bbef1-9c64-42c4-b5e6-e387daa5a745 to remote] http.wire 87 - http-outgoing-631 << "{"value": {}}"
02-16-2018 14:28:44 LoggingManagedHttpClientConnection.java DEBUG [Forwarding setTimeout on session ae7bbef1-9c64-42c4-b5e6-e387daa5a745 to remote] http.headers 122 - http-outgoing-631 << HTTP/1.1 200 OK
02-16-2018 14:28:44 LoggingManagedHttpClientConnection.java DEBUG [Forwarding setTimeout on session ae7bbef1-9c64-42c4-b5e6-e387daa5a745 to remote] http.headers 125 - http-outgoing-631 << Connection: close
02-16-2018 14:28:44 LoggingManagedHttpClientConnection.java DEBUG [Forwarding setTimeout on session ae7bbef1-9c64-42c4-b5e6-e387daa5a745 to remote] http.headers 125 - http-outgoing-631 << Content-Type: application/json; charset=utf-8
02-16-2018 14:28:44 LoggingManagedHttpClientConnection.java DEBUG [Forwarding setTimeout on session ae7bbef1-9c64-42c4-b5e6-e387daa5a745 to remote] http.headers 125 - http-outgoing-631 << Cache-Control: no-cache
02-16-2018 14:28:44 LoggingManagedHttpClientConnection.java DEBUG [Forwarding setTimeout on session ae7bbef1-9c64-42c4-b5e6-e387daa5a745 to remote] http.headers 125 - http-outgoing-631 << Content-Length: 13
02-16-2018 14:28:44 LoggingManagedHttpClientConnection.java DEBUG [Forwarding setTimeout on session ae7bbef1-9c64-42c4-b5e6-e387daa5a745 to remote] http.headers 125 - http-outgoing-631 << Date: Fri, 16 Feb 2018 20:28:44 GMT
02-16-2018 14:28:44 LoggingManagedHttpClientConnection.java DEBUG [Forwarding setTimeout on session ae7bbef1-9c64-42c4-b5e6-e387daa5a745 to remote] conn.DefaultManagedHttpClientConnection 79 - http-outgoing-631: Close connection
02-16-2018 14:28:44 ConnectionHolder.java DEBUG [Forwarding setTimeout on session ae7bbef1-9c64-42c4-b5e6-e387daa5a745 to remote] execchain.MainClientExec 104 - Connection discarded
02-16-2018 14:28:44 PoolingHttpClientConnectionManager.java DEBUG [Forwarding setTimeout on session ae7bbef1-9c64-42c4-b5e6-e387daa5a745 to remote] conn.PoolingHttpClientConnectionManager 326 - Connection released: [id: 631][route: {}->http://localhost:2384][total kept alive: 0; route allocated: 0 of 2000; total allocated: 0 of 2000]
02-16-2018 14:28:44 RequestAddCookies.java DEBUG [Forwarding setTimeout on session ae7bbef1-9c64-42c4-b5e6-e387daa5a745 to remote] protocol.RequestAddCookies 123 - CookieSpec selected: default
02-16-2018 14:28:44 RequestAuthCache.java DEBUG [Forwarding setTimeout on session ae7bbef1-9c64-42c4-b5e6-e387daa5a745 to remote] protocol.RequestAuthCache 77 - Auth cache not set in the context
02-16-2018 14:28:44 PoolingHttpClientConnectionManager.java DEBUG [Forwarding setTimeout on session ae7bbef1-9c64-42c4-b5e6-e387daa5a745 to remote] conn.PoolingHttpClientConnectionManager 255 - Connection request: [route: {}->http://localhost:2384][total kept alive: 0; route allocated: 0 of 2000; total allocated: 0 of 2000]
02-16-2018 14:28:44 PoolingHttpClientConnectionManager.java DEBUG [Forwarding setTimeout on session ae7bbef1-9c64-42c4-b5e6-e387daa5a745 to remote] conn.PoolingHttpClientConnectionManager 288 - Connection leased: [id: 632][route: {}->http://localhost:2384][total kept alive: 0; route allocated: 1 of 2000; total allocated: 1 of 2000]
02-16-2018 14:28:44 MainClientExec.java DEBUG [Forwarding setTimeout on session ae7bbef1-9c64-42c4-b5e6-e387daa5a745 to remote] execchain.MainClientExec 235 - Opening connection {}->http://localhost:2384
02-16-2018 14:28:44 DefaultHttpClientConnectionOperator.java DEBUG [Forwarding setTimeout on session ae7bbef1-9c64-42c4-b5e6-e387daa5a745 to remote] conn.DefaultHttpClientConnectionOperator 139 - Connecting to localhost/127.0.0.1:2384
02-16-2018 14:28:44 DefaultHttpClientConnectionOperator.java DEBUG [Forwarding setTimeout on session ae7bbef1-9c64-42c4-b5e6-e387daa5a745 to remote] conn.DefaultHttpClientConnectionOperator 146 - Connection established 127.0.0.1:58817<->127.0.0.1:2384
02-16-2018 14:28:44 LoggingManagedHttpClientConnection.java DEBUG [Forwarding setTimeout on session ae7bbef1-9c64-42c4-b5e6-e387daa5a745 to remote] conn.DefaultManagedHttpClientConnection 88 - http-outgoing-632: set socket timeout to 10800000
02-16-2018 14:28:44 MainClientExec.java DEBUG [Forwarding setTimeout on session ae7bbef1-9c64-42c4-b5e6-e387daa5a745 to remote] execchain.MainClientExec 256 - Executing request POST /session/ae7bbef1-9c64-42c4-b5e6-e387daa5a745/timeouts HTTP/1.1
02-16-2018 14:28:44 MainClientExec.java DEBUG [Forwarding setTimeout on session ae7bbef1-9c64-42c4-b5e6-e387daa5a745 to remote] execchain.MainClientExec 261 - Target auth state: UNCHALLENGED
02-16-2018 14:28:44 MainClientExec.java DEBUG [Forwarding setTimeout on session ae7bbef1-9c64-42c4-b5e6-e387daa5a745 to remote] execchain.MainClientExec 267 - Proxy auth state: UNCHALLENGED
02-16-2018 14:28:44 LoggingManagedHttpClientConnection.java DEBUG [Forwarding setTimeout on session ae7bbef1-9c64-42c4-b5e6-e387daa5a745 to remote] http.headers 133 - http-outgoing-632 >> POST /session/ae7bbef1-9c64-42c4-b5e6-e387daa5a745/timeouts HTTP/1.1
02-16-2018 14:28:44 LoggingManagedHttpClientConnection.java DEBUG [Forwarding setTimeout on session ae7bbef1-9c64-42c4-b5e6-e387daa5a745 to remote] http.headers 136 - http-outgoing-632 >> Content-Type: application/json; charset=utf-8
02-16-2018 14:28:44 LoggingManagedHttpClientConnection.java DEBUG [Forwarding setTimeout on session ae7bbef1-9c64-42c4-b5e6-e387daa5a745 to remote] http.headers 136 - http-outgoing-632 >> Content-Length: 18
02-16-2018 14:28:44 LoggingManagedHttpClientConnection.java DEBUG [Forwarding setTimeout on session ae7bbef1-9c64-42c4-b5e6-e387daa5a745 to remote] http.headers 136 - http-outgoing-632 >> Host: localhost:2384
02-16-2018 14:28:44 LoggingManagedHttpClientConnection.java DEBUG [Forwarding setTimeout on session ae7bbef1-9c64-42c4-b5e6-e387daa5a745 to remote] http.headers 136 - http-outgoing-632 >> Connection: Keep-Alive
02-16-2018 14:28:44 LoggingManagedHttpClientConnection.java DEBUG [Forwarding setTimeout on session ae7bbef1-9c64-42c4-b5e6-e387daa5a745 to remote] http.headers 136 - http-outgoing-632 >> User-Agent: Apache-HttpClient/4.5.3 (Java/1.8.0_151)
02-16-2018 14:28:44 LoggingManagedHttpClientConnection.java DEBUG [Forwarding setTimeout on session ae7bbef1-9c64-42c4-b5e6-e387daa5a745 to remote] http.headers 136 - http-outgoing-632 >> Accept-Encoding: gzip,deflate
02-16-2018 14:28:44 Wire.java DEBUG [Forwarding setTimeout on session ae7bbef1-9c64-42c4-b5e6-e387daa5a745 to remote] http.wire 73 - http-outgoing-632 >> "POST /session/ae7bbef1-9c64-42c4-b5e6-e387daa5a745/timeouts HTTP/1.1[\r][\n]"
02-16-2018 14:28:44 Wire.java DEBUG [Forwarding setTimeout on session ae7bbef1-9c64-42c4-b5e6-e387daa5a745 to remote] http.wire 73 - http-outgoing-632 >> "Content-Type: application/json; charset=utf-8[\r][\n]"
02-16-2018 14:28:44 Wire.java DEBUG [Forwarding setTimeout on session ae7bbef1-9c64-42c4-b5e6-e387daa5a745 to remote] http.wire 73 - http-outgoing-632 >> "Content-Length: 18[\r][\n]"
02-16-2018 14:28:44 Wire.java DEBUG [Forwarding setTimeout on session ae7bbef1-9c64-42c4-b5e6-e387daa5a745 to remote] http.wire 73 - http-outgoing-632 >> "Host: localhost:2384[\r][\n]"
02-16-2018 14:28:44 Wire.java DEBUG [Forwarding setTimeout on session ae7bbef1-9c64-42c4-b5e6-e387daa5a745 to remote] http.wire 73 - http-outgoing-632 >> "Connection: Keep-Alive[\r][\n]"
02-16-2018 14:28:44 Wire.java DEBUG [Forwarding setTimeout on session ae7bbef1-9c64-42c4-b5e6-e387daa5a745 to remote] http.wire 73 - http-outgoing-632 >> "User-Agent: Apache-HttpClient/4.5.3 (Java/1.8.0_151)[\r][\n]"
02-16-2018 14:28:44 Wire.java DEBUG [Forwarding setTimeout on session ae7bbef1-9c64-42c4-b5e6-e387daa5a745 to remote] http.wire 73 - http-outgoing-632 >> "Accept-Encoding: gzip,deflate[\r][\n]"
02-16-2018 14:28:44 Wire.java DEBUG [Forwarding setTimeout on session ae7bbef1-9c64-42c4-b5e6-e387daa5a745 to remote] http.wire 73 - http-outgoing-632 >> "[\r][\n]"
02-16-2018 14:28:44 Wire.java DEBUG [Forwarding setTimeout on session ae7bbef1-9c64-42c4-b5e6-e387daa5a745 to remote] http.wire 87 - http-outgoing-632 >> "{"implicit":20000}"
02-16-2018 14:28:44 Wire.java DEBUG [Forwarding setTimeout on session ae7bbef1-9c64-42c4-b5e6-e387daa5a745 to remote] http.wire 73 - http-outgoing-632 << "HTTP/1.1 200 OK[\r][\n]"
02-16-2018 14:28:44 Wire.java DEBUG [Forwarding setTimeout on session ae7bbef1-9c64-42c4-b5e6-e387daa5a745 to remote] http.wire 73 - http-outgoing-632 << "Connection: close[\r][\n]"
02-16-2018 14:28:44 Wire.java DEBUG [Forwarding setTimeout on session ae7bbef1-9c64-42c4-b5e6-e387daa5a745 to remote] http.wire 73 - http-outgoing-632 << "Content-Type: application/json; charset=utf-8[\r][\n]"
02-16-2018 14:28:44 Wire.java DEBUG [Forwarding setTimeout on session ae7bbef1-9c64-42c4-b5e6-e387daa5a745 to remote] http.wire 73 - http-outgoing-632 << "Cache-Control: no-cache[\r][\n]"
02-16-2018 14:28:44 Wire.java DEBUG [Forwarding setTimeout on session ae7bbef1-9c64-42c4-b5e6-e387daa5a745 to remote] http.wire 73 - http-outgoing-632 << "Content-Length: 13[\r][\n]"
02-16-2018 14:28:44 Wire.java DEBUG [Forwarding setTimeout on session ae7bbef1-9c64-42c4-b5e6-e387daa5a745 to remote] http.wire 73 - http-outgoing-632 << "Date: Fri, 16 Feb 2018 20:28:44 GMT[\r][\n]"
02-16-2018 14:28:44 Wire.java DEBUG [Forwarding setTimeout on session ae7bbef1-9c64-42c4-b5e6-e387daa5a745 to remote] http.wire 73 - http-outgoing-632 << "[\r][\n]"
02-16-2018 14:28:44 Wire.java DEBUG [Forwarding setTimeout on session ae7bbef1-9c64-42c4-b5e6-e387daa5a745 to remote] http.wire 87 - http-outgoing-632 << "{"value": {}}"
02-16-2018 14:28:44 LoggingManagedHttpClientConnection.java DEBUG [Forwarding setTimeout on session ae7bbef1-9c64-42c4-b5e6-e387daa5a745 to remote] http.headers 122 - http-outgoing-632 << HTTP/1.1 200 OK
02-16-2018 14:28:44 LoggingManagedHttpClientConnection.java DEBUG [Forwarding setTimeout on session ae7bbef1-9c64-42c4-b5e6-e387daa5a745 to remote] http.headers 125 - http-outgoing-632 << Connection: close
02-16-2018 14:28:44 LoggingManagedHttpClientConnection.java DEBUG [Forwarding setTimeout on session ae7bbef1-9c64-42c4-b5e6-e387daa5a745 to remote] http.headers 125 - http-outgoing-632 << Content-Type: application/json; charset=utf-8
02-16-2018 14:28:44 LoggingManagedHttpClientConnection.java DEBUG [Forwarding setTimeout on session ae7bbef1-9c64-42c4-b5e6-e387daa5a745 to remote] http.headers 125 - http-outgoing-632 << Cache-Control: no-cache
02-16-2018 14:28:44 LoggingManagedHttpClientConnection.java DEBUG [Forwarding setTimeout on session ae7bbef1-9c64-42c4-b5e6-e387daa5a745 to remote] http.headers 125 - http-outgoing-632 << Content-Length: 13
02-16-2018 14:28:44 LoggingManagedHttpClientConnection.java DEBUG [Forwarding setTimeout on session ae7bbef1-9c64-42c4-b5e6-e387daa5a745 to remote] http.headers 125 - http-outgoing-632 << Date: Fri, 16 Feb 2018 20:28:44 GMT
02-16-2018 14:28:44 LoggingManagedHttpClientConnection.java DEBUG [Forwarding setTimeout on session ae7bbef1-9c64-42c4-b5e6-e387daa5a745 to remote] conn.DefaultManagedHttpClientConnection 79 - http-outgoing-632: Close connection
02-16-2018 14:28:44 ConnectionHolder.java DEBUG [Forwarding setTimeout on session ae7bbef1-9c64-42c4-b5e6-e387daa5a745 to remote] execchain.MainClientExec 104 - Connection discarded
02-16-2018 14:28:44 PoolingHttpClientConnectionManager.java DEBUG [Forwarding setTimeout on session ae7bbef1-9c64-42c4-b5e6-e387daa5a745 to remote] conn.PoolingHttpClientConnectionManager 326 - Connection released: [id: 632][route: {}->http://localhost:2384][total kept alive: 0; route allocated: 0 of 2000; total allocated: 0 of 2000]
02-16-2018 14:28:44 RequestAddCookies.java DEBUG [Forwarding get on session ae7bbef1-9c64-42c4-b5e6-e387daa5a745 to remote] protocol.RequestAddCookies 123 - CookieSpec selected: default
02-16-2018 14:28:44 RequestAuthCache.java DEBUG [Forwarding get on session ae7bbef1-9c64-42c4-b5e6-e387daa5a745 to remote] protocol.RequestAuthCache 77 - Auth cache not set in the context
02-16-2018 14:28:44 PoolingHttpClientConnectionManager.java DEBUG [Forwarding get on session ae7bbef1-9c64-42c4-b5e6-e387daa5a745 to remote] conn.PoolingHttpClientConnectionManager 255 - Connection request: [route: {}->http://localhost:2384][total kept alive: 0; route allocated: 0 of 2000; total allocated: 0 of 2000]
02-16-2018 14:28:44 PoolingHttpClientConnectionManager.java DEBUG [Forwarding get on session ae7bbef1-9c64-42c4-b5e6-e387daa5a745 to remote] conn.PoolingHttpClientConnectionManager 288 - Connection leased: [id: 633][route: {}->http://localhost:2384][total kept alive: 0; route allocated: 1 of 2000; total allocated: 1 of 2000]
02-16-2018 14:28:44 MainClientExec.java DEBUG [Forwarding get on session ae7bbef1-9c64-42c4-b5e6-e387daa5a745 to remote] execchain.MainClientExec 235 - Opening connection {}->http://localhost:2384
02-16-2018 14:28:44 DefaultHttpClientConnectionOperator.java DEBUG [Forwarding get on session ae7bbef1-9c64-42c4-b5e6-e387daa5a745 to remote] conn.DefaultHttpClientConnectionOperator 139 - Connecting to localhost/127.0.0.1:2384
02-16-2018 14:28:44 DefaultHttpClientConnectionOperator.java DEBUG [Forwarding get on session ae7bbef1-9c64-42c4-b5e6-e387daa5a745 to remote] conn.DefaultHttpClientConnectionOperator 146 - Connection established 127.0.0.1:58818<->127.0.0.1:2384
02-16-2018 14:28:44 LoggingManagedHttpClientConnection.java DEBUG [Forwarding get on session ae7bbef1-9c64-42c4-b5e6-e387daa5a745 to remote] conn.DefaultManagedHttpClientConnection 88 - http-outgoing-633: set socket timeout to 10800000
02-16-2018 14:28:44 MainClientExec.java DEBUG [Forwarding get on session ae7bbef1-9c64-42c4-b5e6-e387daa5a745 to remote] execchain.MainClientExec 256 - Executing request POST /session/ae7bbef1-9c64-42c4-b5e6-e387daa5a745/url HTTP/1.1
02-16-2018 14:28:44 MainClientExec.java DEBUG [Forwarding get on session ae7bbef1-9c64-42c4-b5e6-e387daa5a745 to remote] execchain.MainClientExec 261 - Target auth state: UNCHALLENGED
02-16-2018 14:28:44 MainClientExec.java DEBUG [Forwarding get on session ae7bbef1-9c64-42c4-b5e6-e387daa5a745 to remote] execchain.MainClientExec 267 - Proxy auth state: UNCHALLENGED
02-16-2018 14:28:44 LoggingManagedHttpClientConnection.java DEBUG [Forwarding get on session ae7bbef1-9c64-42c4-b5e6-e387daa5a745 to remote] http.headers 133 - http-outgoing-633 >> POST /session/ae7bbef1-9c64-42c4-b5e6-e387daa5a745/url HTTP/1.1
02-16-2018 14:28:44 LoggingManagedHttpClientConnection.java DEBUG [Forwarding get on session ae7bbef1-9c64-42c4-b5e6-e387daa5a745 to remote] http.headers 136 - http-outgoing-633 >> Content-Type: application/json; charset=utf-8
02-16-2018 14:28:44 LoggingManagedHttpClientConnection.java DEBUG [Forwarding get on session ae7bbef1-9c64-42c4-b5e6-e387daa5a745 to remote] http.headers 136 - http-outgoing-633 >> Content-Length: 36
02-16-2018 14:28:44 LoggingManagedHttpClientConnection.java DEBUG [Forwarding get on session ae7bbef1-9c64-42c4-b5e6-e387daa5a745 to remote] http.headers 136 - http-outgoing-633 >> Host: localhost:2384
02-16-2018 14:28:44 LoggingManagedHttpClientConnection.java DEBUG [Forwarding get on session ae7bbef1-9c64-42c4-b5e6-e387daa5a745 to remote] http.headers 136 - http-outgoing-633 >> Connection: Keep-Alive
02-16-2018 14:28:44 LoggingManagedHttpClientConnection.java DEBUG [Forwarding get on session ae7bbef1-9c64-42c4-b5e6-e387daa5a745 to remote] http.headers 136 - http-outgoing-633 >> User-Agent: Apache-HttpClient/4.5.3 (Java/1.8.0_151)
02-16-2018 14:28:44 LoggingManagedHttpClientConnection.java DEBUG [Forwarding get on session ae7bbef1-9c64-42c4-b5e6-e387daa5a745 to remote] http.headers 136 - http-outgoing-633 >> Accept-Encoding: gzip,deflate
02-16-2018 14:28:44 Wire.java DEBUG [Forwarding get on session ae7bbef1-9c64-42c4-b5e6-e387daa5a745 to remote] http.wire 73 - http-outgoing-633 >> "POST /session/ae7bbef1-9c64-42c4-b5e6-e387daa5a745/url HTTP/1.1[\r][\n]"
02-16-2018 14:28:44 Wire.java DEBUG [Forwarding get on session ae7bbef1-9c64-42c4-b5e6-e387daa5a745 to remote] http.wire 73 - http-outgoing-633 >> "Content-Type: application/json; charset=utf-8[\r][\n]"
02-16-2018 14:28:44 Wire.java DEBUG [Forwarding get on session ae7bbef1-9c64-42c4-b5e6-e387daa5a745 to remote] http.wire 73 - http-outgoing-633 >> "Content-Length: 36[\r][\n]"
02-16-2018 14:28:44 Wire.java DEBUG [Forwarding get on session ae7bbef1-9c64-42c4-b5e6-e387daa5a745 to remote] http.wire 73 - http-outgoing-633 >> "Host: localhost:2384[\r][\n]"
02-16-2018 14:28:44 Wire.java DEBUG [Forwarding get on session ae7bbef1-9c64-42c4-b5e6-e387daa5a745 to remote] http.wire 73 - http-outgoing-633 >> "Connection: Keep-Alive[\r][\n]"
02-16-2018 14:28:44 Wire.java DEBUG [Forwarding get on session ae7bbef1-9c64-42c4-b5e6-e387daa5a745 to remote] http.wire 73 - http-outgoing-633 >> "User-Agent: Apache-HttpClient/4.5.3 (Java/1.8.0_151)[\r][\n]"
02-16-2018 14:28:44 Wire.java DEBUG [Forwarding get on session ae7bbef1-9c64-42c4-b5e6-e387daa5a745 to remote] http.wire 73 - http-outgoing-633 >> "Accept-Encoding: gzip,deflate[\r][\n]"
02-16-2018 14:28:44 Wire.java DEBUG [Forwarding get on session ae7bbef1-9c64-42c4-b5e6-e387daa5a745 to remote] http.wire 73 - http-outgoing-633 >> "[\r][\n]"
02-16-2018 14:28:44 Wire.java DEBUG [Forwarding get on session ae7bbef1-9c64-42c4-b5e6-e387daa5a745 to remote] http.wire 87 - http-outgoing-633 >> "{"url":"http://jusdone.atomic77.in"}"
02-16-2018 14:28:48 Wire.java DEBUG [Forwarding get on session ae7bbef1-9c64-42c4-b5e6-e387daa5a745 to remote] http.wire 73 - http-outgoing-633 << "HTTP/1.1 200 OK[\r][\n]"
02-16-2018 14:28:48 Wire.java DEBUG [Forwarding get on session ae7bbef1-9c64-42c4-b5e6-e387daa5a745 to remote] http.wire 73 - http-outgoing-633 << "Connection: close[\r][\n]"
02-16-2018 14:28:48 Wire.java DEBUG [Forwarding get on session ae7bbef1-9c64-42c4-b5e6-e387daa5a745 to remote] http.wire 73 - http-outgoing-633 << "Content-Type: application/json; charset=utf-8[\r][\n]"
02-16-2018 14:28:48 Wire.java DEBUG [Forwarding get on session ae7bbef1-9c64-42c4-b5e6-e387daa5a745 to remote] http.wire 73 - http-outgoing-633 << "Cache-Control: no-cache[\r][\n]"
02-16-2018 14:28:48 Wire.java DEBUG [Forwarding get on session ae7bbef1-9c64-42c4-b5e6-e387daa5a745 to remote] http.wire 73 - http-outgoing-633 << "Content-Length: 13[\r][\n]"
02-16-2018 14:28:48 Wire.java DEBUG [Forwarding get on session ae7bbef1-9c64-42c4-b5e6-e387daa5a745 to remote] http.wire 73 - http-outgoing-633 << "Date: Fri, 16 Feb 2018 20:28:48 GMT[\r][\n]"
02-16-2018 14:28:48 Wire.java DEBUG [Forwarding get on session ae7bbef1-9c64-42c4-b5e6-e387daa5a745 to remote] http.wire 73 - http-outgoing-633 << "[\r][\n]"
02-16-2018 14:28:48 Wire.java DEBUG [Forwarding get on session ae7bbef1-9c64-42c4-b5e6-e387daa5a745 to remote] http.wire 87 - http-outgoing-633 << "{"value": {}}"
02-16-2018 14:28:48 LoggingManagedHttpClientConnection.java DEBUG [Forwarding get on session ae7bbef1-9c64-42c4-b5e6-e387daa5a745 to remote] http.headers 122 - http-outgoing-633 << HTTP/1.1 200 OK
02-16-2018 14:28:48 LoggingManagedHttpClientConnection.java DEBUG [Forwarding get on session ae7bbef1-9c64-42c4-b5e6-e387daa5a745 to remote] http.headers 125 - http-outgoing-633 << Connection: close
02-16-2018 14:28:48 LoggingManagedHttpClientConnection.java DEBUG [Forwarding get on session ae7bbef1-9c64-42c4-b5e6-e387daa5a745 to remote] http.headers 125 - http-outgoing-633 << Content-Type: application/json; charset=utf-8
02-16-2018 14:28:48 LoggingManagedHttpClientConnection.java DEBUG [Forwarding get on session ae7bbef1-9c64-42c4-b5e6-e387daa5a745 to remote] http.headers 125 - http-outgoing-633 << Cache-Control: no-cache
02-16-2018 14:28:48 LoggingManagedHttpClientConnection.java DEBUG [Forwarding get on session ae7bbef1-9c64-42c4-b5e6-e387daa5a745 to remote] http.headers 125 - http-outgoing-633 << Content-Length: 13
02-16-2018 14:28:48 LoggingManagedHttpClientConnection.java DEBUG [Forwarding get on session ae7bbef1-9c64-42c4-b5e6-e387daa5a745 to remote] http.headers 125 - http-outgoing-633 << Date: Fri, 16 Feb 2018 20:28:48 GMT
02-16-2018 14:28:48 LoggingManagedHttpClientConnection.java DEBUG [Forwarding get on session ae7bbef1-9c64-42c4-b5e6-e387daa5a745 to remote] conn.DefaultManagedHttpClientConnection 79 - http-outgoing-633: Close connection
02-16-2018 14:28:48 ConnectionHolder.java DEBUG [Forwarding get on session ae7bbef1-9c64-42c4-b5e6-e387daa5a745 to remote] execchain.MainClientExec 104 - Connection discarded
02-16-2018 14:28:48 PoolingHttpClientConnectionManager.java DEBUG [Forwarding get on session ae7bbef1-9c64-42c4-b5e6-e387daa5a745 to remote] conn.PoolingHttpClientConnectionManager 326 - Connection released: [id: 633][route: {}->http://localhost:2384][total kept alive: 0; route allocated: 0 of 2000; total allocated: 0 of 2000]
02-16-2018 14:28:51 RequestAddCookies.java DEBUG [Forwarding findElement on session ae7bbef1-9c64-42c4-b5e6-e387daa5a745 to remote] protocol.RequestAddCookies 123 - CookieSpec selected: default
02-16-2018 14:28:51 RequestAuthCache.java DEBUG [Forwarding findElement on session ae7bbef1-9c64-42c4-b5e6-e387daa5a745 to remote] protocol.RequestAuthCache 77 - Auth cache not set in the context
02-16-2018 14:28:51 PoolingHttpClientConnectionManager.java DEBUG [Forwarding findElement on session ae7bbef1-9c64-42c4-b5e6-e387daa5a745 to remote] conn.PoolingHttpClientConnectionManager 255 - Connection request: [route: {}->http://localhost:2384][total kept alive: 0; route allocated: 0 of 2000; total allocated: 0 of 2000]
02-16-2018 14:28:51 PoolingHttpClientConnectionManager.java DEBUG [Forwarding findElement on session ae7bbef1-9c64-42c4-b5e6-e387daa5a745 to remote] conn.PoolingHttpClientConnectionManager 288 - Connection leased: [id: 634][route: {}->http://localhost:2384][total kept alive: 0; route allocated: 1 of 2000; total allocated: 1 of 2000]
02-16-2018 14:28:51 MainClientExec.java DEBUG [Forwarding findElement on session ae7bbef1-9c64-42c4-b5e6-e387daa5a745 to remote] execchain.MainClientExec 235 - Opening connection {}->http://localhost:2384
02-16-2018 14:28:51 DefaultHttpClientConnectionOperator.java DEBUG [Forwarding findElement on session ae7bbef1-9c64-42c4-b5e6-e387daa5a745 to remote] conn.DefaultHttpClientConnectionOperator 139 - Connecting to localhost/127.0.0.1:2384
02-16-2018 14:28:51 DefaultHttpClientConnectionOperator.java DEBUG [Forwarding findElement on session ae7bbef1-9c64-42c4-b5e6-e387daa5a745 to remote] conn.DefaultHttpClientConnectionOperator 146 - Connection established 127.0.0.1:58829<->127.0.0.1:2384
02-16-2018 14:28:51 LoggingManagedHttpClientConnection.java DEBUG [Forwarding findElement on session ae7bbef1-9c64-42c4-b5e6-e387daa5a745 to remote] conn.DefaultManagedHttpClientConnection 88 - http-outgoing-634: set socket timeout to 10800000
02-16-2018 14:28:51 MainClientExec.java DEBUG [Forwarding findElement on session ae7bbef1-9c64-42c4-b5e6-e387daa5a745 to remote] execchain.MainClientExec 256 - Executing request POST /session/ae7bbef1-9c64-42c4-b5e6-e387daa5a745/element HTTP/1.1
02-16-2018 14:28:51 MainClientExec.java DEBUG [Forwarding findElement on session ae7bbef1-9c64-42c4-b5e6-e387daa5a745 to remote] execchain.MainClientExec 261 - Target auth state: UNCHALLENGED
02-16-2018 14:28:51 MainClientExec.java DEBUG [Forwarding findElement on session ae7bbef1-9c64-42c4-b5e6-e387daa5a745 to remote] execchain.MainClientExec 267 - Proxy auth state: UNCHALLENGED
02-16-2018 14:28:51 LoggingManagedHttpClientConnection.java DEBUG [Forwarding findElement on session ae7bbef1-9c64-42c4-b5e6-e387daa5a745 to remote] http.headers 133 - http-outgoing-634 >> POST /session/ae7bbef1-9c64-42c4-b5e6-e387daa5a745/element HTTP/1.1
02-16-2018 14:28:51 LoggingManagedHttpClientConnection.java DEBUG [Forwarding findElement on session ae7bbef1-9c64-42c4-b5e6-e387daa5a745 to remote] http.headers 136 - http-outgoing-634 >> Content-Type: application/json; charset=utf-8
02-16-2018 14:28:51 LoggingManagedHttpClientConnection.java DEBUG [Forwarding findElement on session ae7bbef1-9c64-42c4-b5e6-e387daa5a745 to remote] http.headers 136 - http-outgoing-634 >> Content-Length: 61
02-16-2018 14:28:51 LoggingManagedHttpClientConnection.java DEBUG [Forwarding findElement on session ae7bbef1-9c64-42c4-b5e6-e387daa5a745 to remote] http.headers 136 - http-outgoing-634 >> Host: localhost:2384
02-16-2018 14:28:51 LoggingManagedHttpClientConnection.java DEBUG [Forwarding findElement on session ae7bbef1-9c64-42c4-b5e6-e387daa5a745 to remote] http.headers 136 - http-outgoing-634 >> Connection: Keep-Alive
02-16-2018 14:28:51 LoggingManagedHttpClientConnection.java DEBUG [Forwarding findElement on session ae7bbef1-9c64-42c4-b5e6-e387daa5a745 to remote] http.headers 136 - http-outgoing-634 >> User-Agent: Apache-HttpClient/4.5.3 (Java/1.8.0_151)
02-16-2018 14:28:51 LoggingManagedHttpClientConnection.java DEBUG [Forwarding findElement on session ae7bbef1-9c64-42c4-b5e6-e387daa5a745 to remote] http.headers 136 - http-outgoing-634 >> Accept-Encoding: gzip,deflate
02-16-2018 14:28:51 Wire.java DEBUG [Forwarding findElement on session ae7bbef1-9c64-42c4-b5e6-e387daa5a745 to remote] http.wire 73 - http-outgoing-634 >> "POST /session/ae7bbef1-9c64-42c4-b5e6-e387daa5a745/element HTTP/1.1[\r][\n]"
02-16-2018 14:28:51 Wire.java DEBUG [Forwarding findElement on session ae7bbef1-9c64-42c4-b5e6-e387daa5a745 to remote] http.wire 73 - http-outgoing-634 >> "Content-Type: application/json; charset=utf-8[\r][\n]"
02-16-2018 14:28:51 Wire.java DEBUG [Forwarding findElement on session ae7bbef1-9c64-42c4-b5e6-e387daa5a745 to remote] http.wire 73 - http-outgoing-634 >> "Content-Length: 61[\r][\n]"
02-16-2018 14:28:51 Wire.java DEBUG [Forwarding findElement on session ae7bbef1-9c64-42c4-b5e6-e387daa5a745 to remote] http.wire 73 - http-outgoing-634 >> "Host: localhost:2384[\r][\n]"
02-16-2018 14:28:51 Wire.java DEBUG [Forwarding findElement on session ae7bbef1-9c64-42c4-b5e6-e387daa5a745 to remote] http.wire 73 - http-outgoing-634 >> "Connection: Keep-Alive[\r][\n]"
02-16-2018 14:28:51 Wire.java DEBUG [Forwarding findElement on session ae7bbef1-9c64-42c4-b5e6-e387daa5a745 to remote] http.wire 73 - http-outgoing-634 >> "User-Agent: Apache-HttpClient/4.5.3 (Java/1.8.0_151)[\r][\n]"
02-16-2018 14:28:51 Wire.java DEBUG [Forwarding findElement on session ae7bbef1-9c64-42c4-b5e6-e387daa5a745 to remote] http.wire 73 - http-outgoing-634 >> "Accept-Encoding: gzip,deflate[\r][\n]"
02-16-2018 14:28:51 Wire.java DEBUG [Forwarding findElement on session ae7bbef1-9c64-42c4-b5e6-e387daa5a745 to remote] http.wire 73 - http-outgoing-634 >> "[\r][\n]"
02-16-2018 14:28:51 Wire.java DEBUG [Forwarding findElement on session ae7bbef1-9c64-42c4-b5e6-e387daa5a745 to remote] http.wire 87 - http-outgoing-634 >> "{"value":"/html/body/div/div/ul/li[1]/label","using":"xpath"}"
02-16-2018 14:28:51 Wire.java DEBUG [Forwarding findElement on session ae7bbef1-9c64-42c4-b5e6-e387daa5a745 to remote] http.wire 73 - http-outgoing-634 << "HTTP/1.1 200 OK[\r][\n]"
02-16-2018 14:28:51 Wire.java DEBUG [Forwarding findElement on session ae7bbef1-9c64-42c4-b5e6-e387daa5a745 to remote] http.wire 73 - http-outgoing-634 << "Connection: close[\r][\n]"
02-16-2018 14:28:51 Wire.java DEBUG [Forwarding findElement on session ae7bbef1-9c64-42c4-b5e6-e387daa5a745 to remote] http.wire 73 - http-outgoing-634 << "Content-Type: application/json; charset=utf-8[\r][\n]"
02-16-2018 14:28:51 Wire.java DEBUG [Forwarding findElement on session ae7bbef1-9c64-42c4-b5e6-e387daa5a745 to remote] http.wire 73 - http-outgoing-634 << "Cache-Control: no-cache[\r][\n]"
02-16-2018 14:28:51 Wire.java DEBUG [Forwarding findElement on session ae7bbef1-9c64-42c4-b5e6-e387daa5a745 to remote] http.wire 73 - http-outgoing-634 << "Content-Length: 88[\r][\n]"
02-16-2018 14:28:51 Wire.java DEBUG [Forwarding findElement on session ae7bbef1-9c64-42c4-b5e6-e387daa5a745 to remote] http.wire 73 - http-outgoing-634 << "Date: Fri, 16 Feb 2018 20:28:51 GMT[\r][\n]"
02-16-2018 14:28:51 Wire.java DEBUG [Forwarding findElement on session ae7bbef1-9c64-42c4-b5e6-e387daa5a745 to remote] http.wire 73 - http-outgoing-634 << "[\r][\n]"
02-16-2018 14:28:51 Wire.java DEBUG [Forwarding findElement on session ae7bbef1-9c64-42c4-b5e6-e387daa5a745 to remote] http.wire 87 - http-outgoing-634 << "{"value":{"element-6066-11e4-a52e-4f735466cecf":"3b75cfce-de00-46ab-954b-72ae4938197e"}}"
02-16-2018 14:28:51 LoggingManagedHttpClientConnection.java DEBUG [Forwarding findElement on session ae7bbef1-9c64-42c4-b5e6-e387daa5a745 to remote] http.headers 122 - http-outgoing-634 << HTTP/1.1 200 OK
02-16-2018 14:28:51 LoggingManagedHttpClientConnection.java DEBUG [Forwarding findElement on session ae7bbef1-9c64-42c4-b5e6-e387daa5a745 to remote] http.headers 125 - http-outgoing-634 << Connection: close
02-16-2018 14:28:51 LoggingManagedHttpClientConnection.java DEBUG [Forwarding findElement on session ae7bbef1-9c64-42c4-b5e6-e387daa5a745 to remote] http.headers 125 - http-outgoing-634 << Content-Type: application/json; charset=utf-8
02-16-2018 14:28:51 LoggingManagedHttpClientConnection.java DEBUG [Forwarding findElement on session ae7bbef1-9c64-42c4-b5e6-e387daa5a745 to remote] http.headers 125 - http-outgoing-634 << Cache-Control: no-cache
02-16-2018 14:28:51 LoggingManagedHttpClientConnection.java DEBUG [Forwarding findElement on session ae7bbef1-9c64-42c4-b5e6-e387daa5a745 to remote] http.headers 125 - http-outgoing-634 << Content-Length: 88
02-16-2018 14:28:51 LoggingManagedHttpClientConnection.java DEBUG [Forwarding findElement on session ae7bbef1-9c64-42c4-b5e6-e387daa5a745 to remote] http.headers 125 - http-outgoing-634 << Date: Fri, 16 Feb 2018 20:28:51 GMT
02-16-2018 14:28:51 LoggingManagedHttpClientConnection.java DEBUG [Forwarding findElement on session ae7bbef1-9c64-42c4-b5e6-e387daa5a745 to remote] conn.DefaultManagedHttpClientConnection 79 - http-outgoing-634: Close connection
02-16-2018 14:28:51 ConnectionHolder.java DEBUG [Forwarding findElement on session ae7bbef1-9c64-42c4-b5e6-e387daa5a745 to remote] execchain.MainClientExec 104 - Connection discarded
02-16-2018 14:28:51 PoolingHttpClientConnectionManager.java DEBUG [Forwarding findElement on session ae7bbef1-9c64-42c4-b5e6-e387daa5a745 to remote] conn.PoolingHttpClientConnectionManager 326 - Connection released: [id: 634][route: {}->http://localhost:2384][total kept alive: 0; route allocated: 0 of 2000; total allocated: 0 of 2000]
02-16-2018 14:28:51 RequestAddCookies.java DEBUG [Forwarding clickElement on session ae7bbef1-9c64-42c4-b5e6-e387daa5a745 to remote] protocol.RequestAddCookies 123 - CookieSpec selected: default
02-16-2018 14:28:51 RequestAuthCache.java DEBUG [Forwarding clickElement on session ae7bbef1-9c64-42c4-b5e6-e387daa5a745 to remote] protocol.RequestAuthCache 77 - Auth cache not set in the context
02-16-2018 14:28:51 PoolingHttpClientConnectionManager.java DEBUG [Forwarding clickElement on session ae7bbef1-9c64-42c4-b5e6-e387daa5a745 to remote] conn.PoolingHttpClientConnectionManager 255 - Connection request: [route: {}->http://localhost:2384][total kept alive: 0; route allocated: 0 of 2000; total allocated: 0 of 2000]
02-16-2018 14:28:51 PoolingHttpClientConnectionManager.java DEBUG [Forwarding clickElement on session ae7bbef1-9c64-42c4-b5e6-e387daa5a745 to remote] conn.PoolingHttpClientConnectionManager 288 - Connection leased: [id: 635][route: {}->http://localhost:2384][total kept alive: 0; route allocated: 1 of 2000; total allocated: 1 of 2000]
02-16-2018 14:28:51 MainClientExec.java DEBUG [Forwarding clickElement on session ae7bbef1-9c64-42c4-b5e6-e387daa5a745 to remote] execchain.MainClientExec 235 - Opening connection {}->http://localhost:2384
02-16-2018 14:28:51 DefaultHttpClientConnectionOperator.java DEBUG [Forwarding clickElement on session ae7bbef1-9c64-42c4-b5e6-e387daa5a745 to remote] conn.DefaultHttpClientConnectionOperator 139 - Connecting to localhost/127.0.0.1:2384
02-16-2018 14:28:51 DefaultHttpClientConnectionOperator.java DEBUG [Forwarding clickElement on session ae7bbef1-9c64-42c4-b5e6-e387daa5a745 to remote] conn.DefaultHttpClientConnectionOperator 146 - Connection established 127.0.0.1:58830<->127.0.0.1:2384
02-16-2018 14:28:51 LoggingManagedHttpClientConnection.java DEBUG [Forwarding clickElement on session ae7bbef1-9c64-42c4-b5e6-e387daa5a745 to remote] conn.DefaultManagedHttpClientConnection 88 - http-outgoing-635: set socket timeout to 10800000
02-16-2018 14:28:51 MainClientExec.java DEBUG [Forwarding clickElement on session ae7bbef1-9c64-42c4-b5e6-e387daa5a745 to remote] execchain.MainClientExec 256 - Executing request POST /session/ae7bbef1-9c64-42c4-b5e6-e387daa5a745/element/3b75cfce-de00-46ab-954b-72ae4938197e/click HTTP/1.1
02-16-2018 14:28:51 MainClientExec.java DEBUG [Forwarding clickElement on session ae7bbef1-9c64-42c4-b5e6-e387daa5a745 to remote] execchain.MainClientExec 261 - Target auth state: UNCHALLENGED
02-16-2018 14:28:51 MainClientExec.java DEBUG [Forwarding clickElement on session ae7bbef1-9c64-42c4-b5e6-e387daa5a745 to remote] execchain.MainClientExec 267 - Proxy auth state: UNCHALLENGED
02-16-2018 14:28:51 LoggingManagedHttpClientConnection.java DEBUG [Forwarding clickElement on session ae7bbef1-9c64-42c4-b5e6-e387daa5a745 to remote] http.headers 133 - http-outgoing-635 >> POST /session/ae7bbef1-9c64-42c4-b5e6-e387daa5a745/element/3b75cfce-de00-46ab-954b-72ae4938197e/click HTTP/1.1
02-16-2018 14:28:51 LoggingManagedHttpClientConnection.java DEBUG [Forwarding clickElement on session ae7bbef1-9c64-42c4-b5e6-e387daa5a745 to remote] http.headers 136 - http-outgoing-635 >> Content-Type: application/json; charset=utf-8
02-16-2018 14:28:51 LoggingManagedHttpClientConnection.java DEBUG [Forwarding clickElement on session ae7bbef1-9c64-42c4-b5e6-e387daa5a745 to remote] http.headers 136 - http-outgoing-635 >> Content-Length: 45
02-16-2018 14:28:51 LoggingManagedHttpClientConnection.java DEBUG [Forwarding clickElement on session ae7bbef1-9c64-42c4-b5e6-e387daa5a745 to remote] http.headers 136 - http-outgoing-635 >> Host: localhost:2384
02-16-2018 14:28:51 LoggingManagedHttpClientConnection.java DEBUG [Forwarding clickElement on session ae7bbef1-9c64-42c4-b5e6-e387daa5a745 to remote] http.headers 136 - http-outgoing-635 >> Connection: Keep-Alive
02-16-2018 14:28:51 LoggingManagedHttpClientConnection.java DEBUG [Forwarding clickElement on session ae7bbef1-9c64-42c4-b5e6-e387daa5a745 to remote] http.headers 136 - http-outgoing-635 >> User-Agent: Apache-HttpClient/4.5.3 (Java/1.8.0_151)
02-16-2018 14:28:51 LoggingManagedHttpClientConnection.java DEBUG [Forwarding clickElement on session ae7bbef1-9c64-42c4-b5e6-e387daa5a745 to remote] http.headers 136 - http-outgoing-635 >> Accept-Encoding: gzip,deflate
02-16-2018 14:28:51 Wire.java DEBUG [Forwarding clickElement on session ae7bbef1-9c64-42c4-b5e6-e387daa5a745 to remote] http.wire 73 - http-outgoing-635 >> "POST /session/ae7bbef1-9c64-42c4-b5e6-e387daa5a745/element/3b75cfce-de00-46ab-954b-72ae4938197e/click HTTP/1.1[\r][\n]"
02-16-2018 14:28:51 Wire.java DEBUG [Forwarding clickElement on session ae7bbef1-9c64-42c4-b5e6-e387daa5a745 to remote] http.wire 73 - http-outgoing-635 >> "Content-Type: application/json; charset=utf-8[\r][\n]"
02-16-2018 14:28:51 Wire.java DEBUG [Forwarding clickElement on session ae7bbef1-9c64-42c4-b5e6-e387daa5a745 to remote] http.wire 73 - http-outgoing-635 >> "Content-Length: 45[\r][\n]"
02-16-2018 14:28:51 Wire.java DEBUG [Forwarding clickElement on session ae7bbef1-9c64-42c4-b5e6-e387daa5a745 to remote] http.wire 73 - http-outgoing-635 >> "Host: localhost:2384[\r][\n]"
02-16-2018 14:28:51 Wire.java DEBUG [Forwarding clickElement on session ae7bbef1-9c64-42c4-b5e6-e387daa5a745 to remote] http.wire 73 - http-outgoing-635 >> "Connection: Keep-Alive[\r][\n]"
02-16-2018 14:28:51 Wire.java DEBUG [Forwarding clickElement on session ae7bbef1-9c64-42c4-b5e6-e387daa5a745 to remote] http.wire 73 - http-outgoing-635 >> "User-Agent: Apache-HttpClient/4.5.3 (Java/1.8.0_151)[\r][\n]"
02-16-2018 14:28:51 Wire.java DEBUG [Forwarding clickElement on session ae7bbef1-9c64-42c4-b5e6-e387daa5a745 to remote] http.wire 73 - http-outgoing-635 >> "Accept-Encoding: gzip,deflate[\r][\n]"
02-16-2018 14:28:51 Wire.java DEBUG [Forwarding clickElement on session ae7bbef1-9c64-42c4-b5e6-e387daa5a745 to remote] http.wire 73 - http-outgoing-635 >> "[\r][\n]"
02-16-2018 14:28:51 Wire.java DEBUG [Forwarding clickElement on session ae7bbef1-9c64-42c4-b5e6-e387daa5a745 to remote] http.wire 87 - http-outgoing-635 >> "{"id":"3b75cfce-de00-46ab-954b-72ae4938197e"}"
02-16-2018 14:28:57 Wire.java DEBUG [Forwarding clickElement on session ae7bbef1-9c64-42c4-b5e6-e387daa5a745 to remote] http.wire 73 - http-outgoing-635 << "HTTP/1.1 200 OK[\r][\n]"
02-16-2018 14:28:57 Wire.java DEBUG [Forwarding clickElement on session ae7bbef1-9c64-42c4-b5e6-e387daa5a745 to remote] http.wire 73 - http-outgoing-635 << "Connection: close[\r][\n]"
02-16-2018 14:28:57 Wire.java DEBUG [Forwarding clickElement on session ae7bbef1-9c64-42c4-b5e6-e387daa5a745 to remote] http.wire 73 - http-outgoing-635 << "Content-Type: application/json; charset=utf-8[\r][\n]"
02-16-2018 14:28:57 Wire.java DEBUG [Forwarding clickElement on session ae7bbef1-9c64-42c4-b5e6-e387daa5a745 to remote] http.wire 73 - http-outgoing-635 << "Cache-Control: no-cache[\r][\n]"
02-16-2018 14:28:57 Wire.java DEBUG [Forwarding clickElement on session ae7bbef1-9c64-42c4-b5e6-e387daa5a745 to remote] http.wire 73 - http-outgoing-635 << "Content-Length: 13[\r][\n]"
02-16-2018 14:28:57 Wire.java DEBUG [Forwarding clickElement on session ae7bbef1-9c64-42c4-b5e6-e387daa5a745 to remote] http.wire 73 - http-outgoing-635 << "Date: Fri, 16 Feb 2018 20:28:57 GMT[\r][\n]"
02-16-2018 14:28:57 Wire.java DEBUG [Forwarding clickElement on session ae7bbef1-9c64-42c4-b5e6-e387daa5a745 to remote] http.wire 73 - http-outgoing-635 << "[\r][\n]"
02-16-2018 14:28:57 Wire.java DEBUG [Forwarding clickElement on session ae7bbef1-9c64-42c4-b5e6-e387daa5a745 to remote] http.wire 87 - http-outgoing-635 << "{"value": {}}"
02-16-2018 14:28:57 LoggingManagedHttpClientConnection.java DEBUG [Forwarding clickElement on session ae7bbef1-9c64-42c4-b5e6-e387daa5a745 to remote] http.headers 122 - http-outgoing-635 << HTTP/1.1 200 OK
02-16-2018 14:28:57 LoggingManagedHttpClientConnection.java DEBUG [Forwarding clickElement on session ae7bbef1-9c64-42c4-b5e6-e387daa5a745 to remote] http.headers 125 - http-outgoing-635 << Connection: close
02-16-2018 14:28:57 LoggingManagedHttpClientConnection.java DEBUG [Forwarding clickElement on session ae7bbef1-9c64-42c4-b5e6-e387daa5a745 to remote] http.headers 125 - http-outgoing-635 << Content-Type: application/json; charset=utf-8
02-16-2018 14:28:57 LoggingManagedHttpClientConnection.java DEBUG [Forwarding clickElement on session ae7bbef1-9c64-42c4-b5e6-e387daa5a745 to remote] http.headers 125 - http-outgoing-635 << Cache-Control: no-cache
02-16-2018 14:28:57 LoggingManagedHttpClientConnection.java DEBUG [Forwarding clickElement on session ae7bbef1-9c64-42c4-b5e6-e387daa5a745 to remote] http.headers 125 - http-outgoing-635 << Content-Length: 13
02-16-2018 14:28:57 LoggingManagedHttpClientConnection.java DEBUG [Forwarding clickElement on session ae7bbef1-9c64-42c4-b5e6-e387daa5a745 to remote] http.headers 125 - http-outgoing-635 << Date: Fri, 16 Feb 2018 20:28:57 GMT
02-16-2018 14:28:57 LoggingManagedHttpClientConnection.java DEBUG [Forwarding clickElement on session ae7bbef1-9c64-42c4-b5e6-e387daa5a745 to remote] conn.DefaultManagedHttpClientConnection 79 - http-outgoing-635: Close connection
02-16-2018 14:28:57 ConnectionHolder.java DEBUG [Forwarding clickElement on session ae7bbef1-9c64-42c4-b5e6-e387daa5a745 to remote] execchain.MainClientExec 104 - Connection discarded
02-16-2018 14:28:57 PoolingHttpClientConnectionManager.java DEBUG [Forwarding clickElement on session ae7bbef1-9c64-42c4-b5e6-e387daa5a745 to remote] conn.PoolingHttpClientConnectionManager 326 - Connection released: [id: 635][route: {}->http://localhost:2384][total kept alive: 0; route allocated: 0 of 2000; total allocated: 0 of 2000]
02-16-2018 14:28:57 RequestAddCookies.java DEBUG [Forwarding findElement on session ae7bbef1-9c64-42c4-b5e6-e387daa5a745 to remote] protocol.RequestAddCookies 123 - CookieSpec selected: default
02-16-2018 14:28:57 RequestAuthCache.java DEBUG [Forwarding findElement on session ae7bbef1-9c64-42c4-b5e6-e387daa5a745 to remote] protocol.RequestAuthCache 77 - Auth cache not set in the context
02-16-2018 14:28:57 PoolingHttpClientConnectionManager.java DEBUG [Forwarding findElement on session ae7bbef1-9c64-42c4-b5e6-e387daa5a745 to remote] conn.PoolingHttpClientConnectionManager 255 - Connection request: [route: {}->http://localhost:2384][total kept alive: 0; route allocated: 0 of 2000; total allocated: 0 of 2000]
02-16-2018 14:28:57 PoolingHttpClientConnectionManager.java DEBUG [Forwarding findElement on session ae7bbef1-9c64-42c4-b5e6-e387daa5a745 to remote] conn.PoolingHttpClientConnectionManager 288 - Connection leased: [id: 636][route: {}->http://localhost:2384][total kept alive: 0; route allocated: 1 of 2000; total allocated: 1 of 2000]
02-16-2018 14:28:57 MainClientExec.java DEBUG [Forwarding findElement on session ae7bbef1-9c64-42c4-b5e6-e387daa5a745 to remote] execchain.MainClientExec 235 - Opening connection {}->http://localhost:2384
02-16-2018 14:28:57 DefaultHttpClientConnectionOperator.java DEBUG [Forwarding findElement on session ae7bbef1-9c64-42c4-b5e6-e387daa5a745 to remote] conn.DefaultHttpClientConnectionOperator 139 - Connecting to localhost/127.0.0.1:2384
02-16-2018 14:28:57 DefaultHttpClientConnectionOperator.java DEBUG [Forwarding findElement on session ae7bbef1-9c64-42c4-b5e6-e387daa5a745 to remote] conn.DefaultHttpClientConnectionOperator 146 - Connection established 127.0.0.1:58842<->127.0.0.1:2384
02-16-2018 14:28:57 LoggingManagedHttpClientConnection.java DEBUG [Forwarding findElement on session ae7bbef1-9c64-42c4-b5e6-e387daa5a745 to remote] conn.DefaultManagedHttpClientConnection 88 - http-outgoing-636: set socket timeout to 10800000
02-16-2018 14:28:57 MainClientExec.java DEBUG [Forwarding findElement on session ae7bbef1-9c64-42c4-b5e6-e387daa5a745 to remote] execchain.MainClientExec 256 - Executing request POST /session/ae7bbef1-9c64-42c4-b5e6-e387daa5a745/element HTTP/1.1
02-16-2018 14:28:57 MainClientExec.java DEBUG [Forwarding findElement on session ae7bbef1-9c64-42c4-b5e6-e387daa5a745 to remote] execchain.MainClientExec 261 - Target auth state: UNCHALLENGED
02-16-2018 14:28:57 MainClientExec.java DEBUG [Forwarding findElement on session ae7bbef1-9c64-42c4-b5e6-e387daa5a745 to remote] execchain.MainClientExec 267 - Proxy auth state: UNCHALLENGED
02-16-2018 14:28:57 LoggingManagedHttpClientConnection.java DEBUG [Forwarding findElement on session ae7bbef1-9c64-42c4-b5e6-e387daa5a745 to remote] http.headers 133 - http-outgoing-636 >> POST /session/ae7bbef1-9c64-42c4-b5e6-e387daa5a745/element HTTP/1.1
02-16-2018 14:28:57 LoggingManagedHttpClientConnection.java DEBUG [Forwarding findElement on session ae7bbef1-9c64-42c4-b5e6-e387daa5a745 to remote] http.headers 136 - http-outgoing-636 >> Content-Type: application/json; charset=utf-8
02-16-2018 14:28:57 LoggingManagedHttpClientConnection.java DEBUG [Forwarding findElement on session ae7bbef1-9c64-42c4-b5e6-e387daa5a745 to remote] http.headers 136 - http-outgoing-636 >> Content-Length: 51
02-16-2018 14:28:57 LoggingManagedHttpClientConnection.java DEBUG [Forwarding findElement on session ae7bbef1-9c64-42c4-b5e6-e387daa5a745 to remote] http.headers 136 - http-outgoing-636 >> Host: localhost:2384
02-16-2018 14:28:57 LoggingManagedHttpClientConnection.java DEBUG [Forwarding findElement on session ae7bbef1-9c64-42c4-b5e6-e387daa5a745 to remote] http.headers 136 - http-outgoing-636 >> Connection: Keep-Alive
02-16-2018 14:28:57 LoggingManagedHttpClientConnection.java DEBUG [Forwarding findElement on session ae7bbef1-9c64-42c4-b5e6-e387daa5a745 to remote] http.headers 136 - http-outgoing-636 >> User-Agent: Apache-HttpClient/4.5.3 (Java/1.8.0_151)
02-16-2018 14:28:57 LoggingManagedHttpClientConnection.java DEBUG [Forwarding findElement on session ae7bbef1-9c64-42c4-b5e6-e387daa5a745 to remote] http.headers 136 - http-outgoing-636 >> Accept-Encoding: gzip,deflate
02-16-2018 14:28:57 Wire.java DEBUG [Forwarding findElement on session ae7bbef1-9c64-42c4-b5e6-e387daa5a745 to remote] http.wire 73 - http-outgoing-636 >> "POST /session/ae7bbef1-9c64-42c4-b5e6-e387daa5a745/element HTTP/1.1[\r][\n]"
02-16-2018 14:28:57 Wire.java DEBUG [Forwarding findElement on session ae7bbef1-9c64-42c4-b5e6-e387daa5a745 to remote] http.wire 73 - http-outgoing-636 >> "Content-Type: application/json; charset=utf-8[\r][\n]"
02-16-2018 14:28:57 Wire.java DEBUG [Forwarding findElement on session ae7bbef1-9c64-42c4-b5e6-e387daa5a745 to remote] http.wire 73 - http-outgoing-636 >> "Content-Length: 51[\r][\n]"
02-16-2018 14:28:57 Wire.java DEBUG [Forwarding findElement on session ae7bbef1-9c64-42c4-b5e6-e387daa5a745 to remote] http.wire 73 - http-outgoing-636 >> "Host: localhost:2384[\r][\n]"
02-16-2018 14:28:57 Wire.java DEBUG [Forwarding findElement on session ae7bbef1-9c64-42c4-b5e6-e387daa5a745 to remote] http.wire 73 - http-outgoing-636 >> "Connection: Keep-Alive[\r][\n]"
02-16-2018 14:28:57 Wire.java DEBUG [Forwarding findElement on session ae7bbef1-9c64-42c4-b5e6-e387daa5a745 to remote] http.wire 73 - http-outgoing-636 >> "User-Agent: Apache-HttpClient/4.5.3 (Java/1.8.0_151)[\r][\n]"
02-16-2018 14:28:57 Wire.java DEBUG [Forwarding findElement on session ae7bbef1-9c64-42c4-b5e6-e387daa5a745 to remote] http.wire 73 - http-outgoing-636 >> "Accept-Encoding: gzip,deflate[\r][\n]"
02-16-2018 14:28:57 Wire.java DEBUG [Forwarding findElement on session ae7bbef1-9c64-42c4-b5e6-e387daa5a745 to remote] http.wire 73 - http-outgoing-636 >> "[\r][\n]"
02-16-2018 14:28:57 Wire.java DEBUG [Forwarding findElement on session ae7bbef1-9c64-42c4-b5e6-e387daa5a745 to remote] http.wire 87 - http-outgoing-636 >> "{"value":"//*[@id\u003d\"email\"]","using":"xpath"}"
02-16-2018 14:28:57 Wire.java DEBUG [Forwarding findElement on session ae7bbef1-9c64-42c4-b5e6-e387daa5a745 to remote] http.wire 73 - http-outgoing-636 << "HTTP/1.1 200 OK[\r][\n]"
02-16-2018 14:28:57 Wire.java DEBUG [Forwarding findElement on session ae7bbef1-9c64-42c4-b5e6-e387daa5a745 to remote] http.wire 73 - http-outgoing-636 << "Connection: close[\r][\n]"
02-16-2018 14:28:57 Wire.java DEBUG [Forwarding findElement on session ae7bbef1-9c64-42c4-b5e6-e387daa5a745 to remote] http.wire 73 - http-outgoing-636 << "Content-Type: application/json; charset=utf-8[\r][\n]"
02-16-2018 14:28:57 Wire.java DEBUG [Forwarding findElement on session ae7bbef1-9c64-42c4-b5e6-e387daa5a745 to remote] http.wire 73 - http-outgoing-636 << "Cache-Control: no-cache[\r][\n]"
02-16-2018 14:28:57 Wire.java DEBUG [Forwarding findElement on session ae7bbef1-9c64-42c4-b5e6-e387daa5a745 to remote] http.wire 73 - http-outgoing-636 << "Content-Length: 88[\r][\n]"
02-16-2018 14:28:57 Wire.java DEBUG [Forwarding findElement on session ae7bbef1-9c64-42c4-b5e6-e387daa5a745 to remote] http.wire 73 - http-outgoing-636 << "Date: Fri, 16 Feb 2018 20:28:57 GMT[\r][\n]"
02-16-2018 14:28:57 Wire.java DEBUG [Forwarding findElement on session ae7bbef1-9c64-42c4-b5e6-e387daa5a745 to remote] http.wire 73 - http-outgoing-636 << "[\r][\n]"
02-16-2018 14:28:57 Wire.java DEBUG [Forwarding findElement on session ae7bbef1-9c64-42c4-b5e6-e387daa5a745 to remote] http.wire 87 - http-outgoing-636 << "{"value":{"element-6066-11e4-a52e-4f735466cecf":"7dfc55c6-6d41-4f1d-a924-5cd7134e5fa1"}}"
02-16-2018 14:28:57 LoggingManagedHttpClientConnection.java DEBUG [Forwarding findElement on session ae7bbef1-9c64-42c4-b5e6-e387daa5a745 to remote] http.headers 122 - http-outgoing-636 << HTTP/1.1 200 OK
02-16-2018 14:28:57 LoggingManagedHttpClientConnection.java DEBUG [Forwarding findElement on session ae7bbef1-9c64-42c4-b5e6-e387daa5a745 to remote] http.headers 125 - http-outgoing-636 << Connection: close
02-16-2018 14:28:57 LoggingManagedHttpClientConnection.java DEBUG [Forwarding findElement on session ae7bbef1-9c64-42c4-b5e6-e387daa5a745 to remote] http.headers 125 - http-outgoing-636 << Content-Type: application/json; charset=utf-8
02-16-2018 14:28:57 LoggingManagedHttpClientConnection.java DEBUG [Forwarding findElement on session ae7bbef1-9c64-42c4-b5e6-e387daa5a745 to remote] http.headers 125 - http-outgoing-636 << Cache-Control: no-cache
02-16-2018 14:28:57 LoggingManagedHttpClientConnection.java DEBUG [Forwarding findElement on session ae7bbef1-9c64-42c4-b5e6-e387daa5a745 to remote] http.headers 125 - http-outgoing-636 << Content-Length: 88
02-16-2018 14:28:57 LoggingManagedHttpClientConnection.java DEBUG [Forwarding findElement on session ae7bbef1-9c64-42c4-b5e6-e387daa5a745 to remote] http.headers 125 - http-outgoing-636 << Date: Fri, 16 Feb 2018 20:28:57 GMT
02-16-2018 14:28:57 LoggingManagedHttpClientConnection.java DEBUG [Forwarding findElement on session ae7bbef1-9c64-42c4-b5e6-e387daa5a745 to remote] conn.DefaultManagedHttpClientConnection 79 - http-outgoing-636: Close connection
02-16-2018 14:28:57 ConnectionHolder.java DEBUG [Forwarding findElement on session ae7bbef1-9c64-42c4-b5e6-e387daa5a745 to remote] execchain.MainClientExec 104 - Connection discarded
02-16-2018 14:28:57 PoolingHttpClientConnectionManager.java DEBUG [Forwarding findElement on session ae7bbef1-9c64-42c4-b5e6-e387daa5a745 to remote] conn.PoolingHttpClientConnectionManager 326 - Connection released: [id: 636][route: {}->http://localhost:2384][total kept alive: 0; route allocated: 0 of 2000; total allocated: 0 of 2000]
02-16-2018 14:28:57 RequestAddCookies.java DEBUG [Forwarding sendKeysToElement on session ae7bbef1-9c64-42c4-b5e6-e387daa5a745 to remote] protocol.RequestAddCookies 123 - CookieSpec selected: default
02-16-2018 14:28:57 RequestAuthCache.java DEBUG [Forwarding sendKeysToElement on session ae7bbef1-9c64-42c4-b5e6-e387daa5a745 to remote] protocol.RequestAuthCache 77 - Auth cache not set in the context
02-16-2018 14:28:57 PoolingHttpClientConnectionManager.java DEBUG [Forwarding sendKeysToElement on session ae7bbef1-9c64-42c4-b5e6-e387daa5a745 to remote] conn.PoolingHttpClientConnectionManager 255 - Connection request: [route: {}->http://localhost:2384][total kept alive: 0; route allocated: 0 of 2000; total allocated: 0 of 2000]
02-16-2018 14:28:57 PoolingHttpClientConnectionManager.java DEBUG [Forwarding sendKeysToElement on session ae7bbef1-9c64-42c4-b5e6-e387daa5a745 to remote] conn.PoolingHttpClientConnectionManager 288 - Connection leased: [id: 637][route: {}->http://localhost:2384][total kept alive: 0; route allocated: 1 of 2000; total allocated: 1 of 2000]
02-16-2018 14:28:57 MainClientExec.java DEBUG [Forwarding sendKeysToElement on session ae7bbef1-9c64-42c4-b5e6-e387daa5a745 to remote] execchain.MainClientExec 235 - Opening connection {}->http://localhost:2384
02-16-2018 14:28:57 DefaultHttpClientConnectionOperator.java DEBUG [Forwarding sendKeysToElement on session ae7bbef1-9c64-42c4-b5e6-e387daa5a745 to remote] conn.DefaultHttpClientConnectionOperator 139 - Connecting to localhost/127.0.0.1:2384
02-16-2018 14:28:57 DefaultHttpClientConnectionOperator.java DEBUG [Forwarding sendKeysToElement on session ae7bbef1-9c64-42c4-b5e6-e387daa5a745 to remote] conn.DefaultHttpClientConnectionOperator 146 - Connection established 127.0.0.1:58843<->127.0.0.1:2384
02-16-2018 14:28:57 LoggingManagedHttpClientConnection.java DEBUG [Forwarding sendKeysToElement on session ae7bbef1-9c64-42c4-b5e6-e387daa5a745 to remote] conn.DefaultManagedHttpClientConnection 88 - http-outgoing-637: set socket timeout to 10800000
02-16-2018 14:28:57 MainClientExec.java DEBUG [Forwarding sendKeysToElement on session ae7bbef1-9c64-42c4-b5e6-e387daa5a745 to remote] execchain.MainClientExec 256 - Executing request POST /session/ae7bbef1-9c64-42c4-b5e6-e387daa5a745/element/7dfc55c6-6d41-4f1d-a924-5cd7134e5fa1/value HTTP/1.1
02-16-2018 14:28:57 MainClientExec.java DEBUG [Forwarding sendKeysToElement on session ae7bbef1-9c64-42c4-b5e6-e387daa5a745 to remote] execchain.MainClientExec 261 - Target auth state: UNCHALLENGED
02-16-2018 14:28:57 MainClientExec.java DEBUG [Forwarding sendKeysToElement on session ae7bbef1-9c64-42c4-b5e6-e387daa5a745 to remote] execchain.MainClientExec 267 - Proxy auth state: UNCHALLENGED
02-16-2018 14:28:57 LoggingManagedHttpClientConnection.java DEBUG [Forwarding sendKeysToElement on session ae7bbef1-9c64-42c4-b5e6-e387daa5a745 to remote] http.headers 133 - http-outgoing-637 >> POST /session/ae7bbef1-9c64-42c4-b5e6-e387daa5a745/element/7dfc55c6-6d41-4f1d-a924-5cd7134e5fa1/value HTTP/1.1
02-16-2018 14:28:57 LoggingManagedHttpClientConnection.java DEBUG [Forwarding sendKeysToElement on session ae7bbef1-9c64-42c4-b5e6-e387daa5a745 to remote] http.headers 136 - http-outgoing-637 >> Content-Type: application/json; charset=utf-8
02-16-2018 14:28:57 LoggingManagedHttpClientConnection.java DEBUG [Forwarding sendKeysToElement on session ae7bbef1-9c64-42c4-b5e6-e387daa5a745 to remote] http.headers 136 - http-outgoing-637 >> Content-Length: 175
02-16-2018 14:28:57 LoggingManagedHttpClientConnection.java DEBUG [Forwarding sendKeysToElement on session ae7bbef1-9c64-42c4-b5e6-e387daa5a745 to remote] http.headers 136 - http-outgoing-637 >> Host: localhost:2384
02-16-2018 14:28:57 LoggingManagedHttpClientConnection.java DEBUG [Forwarding sendKeysToElement on session ae7bbef1-9c64-42c4-b5e6-e387daa5a745 to remote] http.headers 136 - http-outgoing-637 >> Connection: Keep-Alive
02-16-2018 14:28:57 LoggingManagedHttpClientConnection.java DEBUG [Forwarding sendKeysToElement on session ae7bbef1-9c64-42c4-b5e6-e387daa5a745 to remote] http.headers 136 - http-outgoing-637 >> User-Agent: Apache-HttpClient/4.5.3 (Java/1.8.0_151)
02-16-2018 14:28:57 LoggingManagedHttpClientConnection.java DEBUG [Forwarding sendKeysToElement on session ae7bbef1-9c64-42c4-b5e6-e387daa5a745 to remote] http.headers 136 - http-outgoing-637 >> Accept-Encoding: gzip,deflate
02-16-2018 14:28:57 Wire.java DEBUG [Forwarding sendKeysToElement on session ae7bbef1-9c64-42c4-b5e6-e387daa5a745 to remote] http.wire 73 - http-outgoing-637 >> "POST /session/ae7bbef1-9c64-42c4-b5e6-e387daa5a745/element/7dfc55c6-6d41-4f1d-a924-5cd7134e5fa1/value HTTP/1.1[\r][\n]"
02-16-2018 14:28:57 Wire.java DEBUG [Forwarding sendKeysToElement on session ae7bbef1-9c64-42c4-b5e6-e387daa5a745 to remote] http.wire 73 - http-outgoing-637 >> "Content-Type: application/json; charset=utf-8[\r][\n]"
02-16-2018 14:28:57 Wire.java DEBUG [Forwarding sendKeysToElement on session ae7bbef1-9c64-42c4-b5e6-e387daa5a745 to remote] http.wire 73 - http-outgoing-637 >> "Content-Length: 175[\r][\n]"
02-16-2018 14:28:57 Wire.java DEBUG [Forwarding sendKeysToElement on session ae7bbef1-9c64-42c4-b5e6-e387daa5a745 to remote] http.wire 73 - http-outgoing-637 >> "Host: localhost:2384[\r][\n]"
02-16-2018 14:28:57 Wire.java DEBUG [Forwarding sendKeysToElement on session ae7bbef1-9c64-42c4-b5e6-e387daa5a745 to remote] http.wire 73 - http-outgoing-637 >> "Connection: Keep-Alive[\r][\n]"
02-16-2018 14:28:57 Wire.java DEBUG [Forwarding sendKeysToElement on session ae7bbef1-9c64-42c4-b5e6-e387daa5a745 to remote] http.wire 73 - http-outgoing-637 >> "User-Agent: Apache-HttpClient/4.5.3 (Java/1.8.0_151)[\r][\n]"
02-16-2018 14:28:57 Wire.java DEBUG [Forwarding sendKeysToElement on session ae7bbef1-9c64-42c4-b5e6-e387daa5a745 to remote] http.wire 73 - http-outgoing-637 >> "Accept-Encoding: gzip,deflate[\r][\n]"
02-16-2018 14:28:57 Wire.java DEBUG [Forwarding sendKeysToElement on session ae7bbef1-9c64-42c4-b5e6-e387daa5a745 to remote] http.wire 73 - http-outgoing-637 >> "[\r][\n]"
02-16-2018 14:28:57 Wire.java DEBUG [Forwarding sendKeysToElement on session ae7bbef1-9c64-42c4-b5e6-e387daa5a745 to remote] http.wire 87 - http-outgoing-637 >> "{"id":"7dfc55c6-6d41-4f1d-a924-5cd7134e5fa1","text":"shirimadam21@gmail.com","value":["s","h","i","r","i","m","a","d","a","m","2","1","@","g","m","a","i","l",".","c","o","m"]}"
02-16-2018 14:28:57 Wire.java DEBUG [Forwarding sendKeysToElement on session ae7bbef1-9c64-42c4-b5e6-e387daa5a745 to remote] http.wire 73 - http-outgoing-637 << "HTTP/1.1 200 OK[\r][\n]"
02-16-2018 14:28:57 Wire.java DEBUG [Forwarding sendKeysToElement on session ae7bbef1-9c64-42c4-b5e6-e387daa5a745 to remote] http.wire 73 - http-outgoing-637 << "Connection: close[\r][\n]"
02-16-2018 14:28:57 Wire.java DEBUG [Forwarding sendKeysToElement on session ae7bbef1-9c64-42c4-b5e6-e387daa5a745 to remote] http.wire 73 - http-outgoing-637 << "Content-Type: application/json; charset=utf-8[\r][\n]"
02-16-2018 14:28:57 Wire.java DEBUG [Forwarding sendKeysToElement on session ae7bbef1-9c64-42c4-b5e6-e387daa5a745 to remote] http.wire 73 - http-outgoing-637 << "Cache-Control: no-cache[\r][\n]"
02-16-2018 14:28:57 Wire.java DEBUG [Forwarding sendKeysToElement on session ae7bbef1-9c64-42c4-b5e6-e387daa5a745 to remote] http.wire 73 - http-outgoing-637 << "Content-Length: 13[\r][\n]"
02-16-2018 14:28:57 Wire.java DEBUG [Forwarding sendKeysToElement on session ae7bbef1-9c64-42c4-b5e6-e387daa5a745 to remote] http.wire 73 - http-outgoing-637 << "Date: Fri, 16 Feb 2018 20:28:57 GMT[\r][\n]"
02-16-2018 14:28:57 Wire.java DEBUG [Forwarding sendKeysToElement on session ae7bbef1-9c64-42c4-b5e6-e387daa5a745 to remote] http.wire 73 - http-outgoing-637 << "[\r][\n]"
02-16-2018 14:28:57 Wire.java DEBUG [Forwarding sendKeysToElement on session ae7bbef1-9c64-42c4-b5e6-e387daa5a745 to remote] http.wire 87 - http-outgoing-637 << "{"value": {}}"
02-16-2018 14:28:57 LoggingManagedHttpClientConnection.java DEBUG [Forwarding sendKeysToElement on session ae7bbef1-9c64-42c4-b5e6-e387daa5a745 to remote] http.headers 122 - http-outgoing-637 << HTTP/1.1 200 OK
02-16-2018 14:28:57 LoggingManagedHttpClientConnection.java DEBUG [Forwarding sendKeysToElement on session ae7bbef1-9c64-42c4-b5e6-e387daa5a745 to remote] http.headers 125 - http-outgoing-637 << Connection: close
02-16-2018 14:28:57 LoggingManagedHttpClientConnection.java DEBUG [Forwarding sendKeysToElement on session ae7bbef1-9c64-42c4-b5e6-e387daa5a745 to remote] http.headers 125 - http-outgoing-637 << Content-Type: application/json; charset=utf-8
02-16-2018 14:28:57 LoggingManagedHttpClientConnection.java DEBUG [Forwarding sendKeysToElement on session ae7bbef1-9c64-42c4-b5e6-e387daa5a745 to remote] http.headers 125 - http-outgoing-637 << Cache-Control: no-cache
02-16-2018 14:28:57 LoggingManagedHttpClientConnection.java DEBUG [Forwarding sendKeysToElement on session ae7bbef1-9c64-42c4-b5e6-e387daa5a745 to remote] http.headers 125 - http-outgoing-637 << Content-Length: 13
02-16-2018 14:28:57 LoggingManagedHttpClientConnection.java DEBUG [Forwarding sendKeysToElement on session ae7bbef1-9c64-42c4-b5e6-e387daa5a745 to remote] http.headers 125 - http-outgoing-637 << Date: Fri, 16 Feb 2018 20:28:57 GMT
02-16-2018 14:28:57 LoggingManagedHttpClientConnection.java DEBUG [Forwarding sendKeysToElement on session ae7bbef1-9c64-42c4-b5e6-e387daa5a745 to remote] conn.DefaultManagedHttpClientConnection 79 - http-outgoing-637: Close connection
02-16-2018 14:28:57 ConnectionHolder.java DEBUG [Forwarding sendKeysToElement on session ae7bbef1-9c64-42c4-b5e6-e387daa5a745 to remote] execchain.MainClientExec 104 - Connection discarded
02-16-2018 14:28:57 PoolingHttpClientConnectionManager.java DEBUG [Forwarding sendKeysToElement on session ae7bbef1-9c64-42c4-b5e6-e387daa5a745 to remote] conn.PoolingHttpClientConnectionManager 326 - Connection released: [id: 637][route: {}->http://localhost:2384][total kept alive: 0; route allocated: 0 of 2000; total allocated: 0 of 2000]
02-16-2018 14:28:57 RequestAddCookies.java DEBUG [Forwarding findElement on session ae7bbef1-9c64-42c4-b5e6-e387daa5a745 to remote] protocol.RequestAddCookies 123 - CookieSpec selected: default
02-16-2018 14:28:57 RequestAuthCache.java DEBUG [Forwarding findElement on session ae7bbef1-9c64-42c4-b5e6-e387daa5a745 to remote] protocol.RequestAuthCache 77 - Auth cache not set in the context
02-16-2018 14:28:57 PoolingHttpClientConnectionManager.java DEBUG [Forwarding findElement on session ae7bbef1-9c64-42c4-b5e6-e387daa5a745 to remote] conn.PoolingHttpClientConnectionManager 255 - Connection request: [route: {}->http://localhost:2384][total kept alive: 0; route allocated: 0 of 2000; total allocated: 0 of 2000]
02-16-2018 14:28:57 PoolingHttpClientConnectionManager.java DEBUG [Forwarding findElement on session ae7bbef1-9c64-42c4-b5e6-e387daa5a745 to remote] conn.PoolingHttpClientConnectionManager 288 - Connection leased: [id: 638][route: {}->http://localhost:2384][total kept alive: 0; route allocated: 1 of 2000; total allocated: 1 of 2000]
02-16-2018 14:28:57 MainClientExec.java DEBUG [Forwarding findElement on session ae7bbef1-9c64-42c4-b5e6-e387daa5a745 to remote] execchain.MainClientExec 235 - Opening connection {}->http://localhost:2384
02-16-2018 14:28:57 DefaultHttpClientConnectionOperator.java DEBUG [Forwarding findElement on session ae7bbef1-9c64-42c4-b5e6-e387daa5a745 to remote] conn.DefaultHttpClientConnectionOperator 139 - Connecting to localhost/127.0.0.1:2384
02-16-2018 14:28:57 DefaultHttpClientConnectionOperator.java DEBUG [Forwarding findElement on session ae7bbef1-9c64-42c4-b5e6-e387daa5a745 to remote] conn.DefaultHttpClientConnectionOperator 146 - Connection established 127.0.0.1:58844<->127.0.0.1:2384
02-16-2018 14:28:57 LoggingManagedHttpClientConnection.java DEBUG [Forwarding findElement on session ae7bbef1-9c64-42c4-b5e6-e387daa5a745 to remote] conn.DefaultManagedHttpClientConnection 88 - http-outgoing-638: set socket timeout to 10800000
02-16-2018 14:28:57 MainClientExec.java DEBUG [Forwarding findElement on session ae7bbef1-9c64-42c4-b5e6-e387daa5a745 to remote] execchain.MainClientExec 256 - Executing request POST /session/ae7bbef1-9c64-42c4-b5e6-e387daa5a745/element HTTP/1.1
02-16-2018 14:28:57 MainClientExec.java DEBUG [Forwarding findElement on session ae7bbef1-9c64-42c4-b5e6-e387daa5a745 to remote] execchain.MainClientExec 261 - Target auth state: UNCHALLENGED
02-16-2018 14:28:57 MainClientExec.java DEBUG [Forwarding findElement on session ae7bbef1-9c64-42c4-b5e6-e387daa5a745 to remote] execchain.MainClientExec 267 - Proxy auth state: UNCHALLENGED
02-16-2018 14:28:57 LoggingManagedHttpClientConnection.java DEBUG [Forwarding findElement on session ae7bbef1-9c64-42c4-b5e6-e387daa5a745 to remote] http.headers 133 - http-outgoing-638 >> POST /session/ae7bbef1-9c64-42c4-b5e6-e387daa5a745/element HTTP/1.1
02-16-2018 14:28:57 LoggingManagedHttpClientConnection.java DEBUG [Forwarding findElement on session ae7bbef1-9c64-42c4-b5e6-e387daa5a745 to remote] http.headers 136 - http-outgoing-638 >> Content-Type: application/json; charset=utf-8
02-16-2018 14:28:57 LoggingManagedHttpClientConnection.java DEBUG [Forwarding findElement on session ae7bbef1-9c64-42c4-b5e6-e387daa5a745 to remote] http.headers 136 - http-outgoing-638 >> Content-Length: 54
02-16-2018 14:28:57 LoggingManagedHttpClientConnection.java DEBUG [Forwarding findElement on session ae7bbef1-9c64-42c4-b5e6-e387daa5a745 to remote] http.headers 136 - http-outgoing-638 >> Host: localhost:2384
02-16-2018 14:28:57 LoggingManagedHttpClientConnection.java DEBUG [Forwarding findElement on session ae7bbef1-9c64-42c4-b5e6-e387daa5a745 to remote] http.headers 136 - http-outgoing-638 >> Connection: Keep-Alive
02-16-2018 14:28:57 LoggingManagedHttpClientConnection.java DEBUG [Forwarding findElement on session ae7bbef1-9c64-42c4-b5e6-e387daa5a745 to remote] http.headers 136 - http-outgoing-638 >> User-Agent: Apache-HttpClient/4.5.3 (Java/1.8.0_151)
02-16-2018 14:28:57 LoggingManagedHttpClientConnection.java DEBUG [Forwarding findElement on session ae7bbef1-9c64-42c4-b5e6-e387daa5a745 to remote] http.headers 136 - http-outgoing-638 >> Accept-Encoding: gzip,deflate
02-16-2018 14:28:57 Wire.java DEBUG [Forwarding findElement on session ae7bbef1-9c64-42c4-b5e6-e387daa5a745 to remote] http.wire 73 - http-outgoing-638 >> "POST /session/ae7bbef1-9c64-42c4-b5e6-e387daa5a745/element HTTP/1.1[\r][\n]"
02-16-2018 14:28:57 Wire.java DEBUG [Forwarding findElement on session ae7bbef1-9c64-42c4-b5e6-e387daa5a745 to remote] http.wire 73 - http-outgoing-638 >> "Content-Type: application/json; charset=utf-8[\r][\n]"
02-16-2018 14:28:57 Wire.java DEBUG [Forwarding findElement on session ae7bbef1-9c64-42c4-b5e6-e387daa5a745 to remote] http.wire 73 - http-outgoing-638 >> "Content-Length: 54[\r][\n]"
02-16-2018 14:28:57 Wire.java DEBUG [Forwarding findElement on session ae7bbef1-9c64-42c4-b5e6-e387daa5a745 to remote] http.wire 73 - http-outgoing-638 >> "Host: localhost:2384[\r][\n]"
02-16-2018 14:28:57 Wire.java DEBUG [Forwarding findElement on session ae7bbef1-9c64-42c4-b5e6-e387daa5a745 to remote] http.wire 73 - http-outgoing-638 >> "Connection: Keep-Alive[\r][\n]"
02-16-2018 14:28:57 Wire.java DEBUG [Forwarding findElement on session ae7bbef1-9c64-42c4-b5e6-e387daa5a745 to remote] http.wire 73 - http-outgoing-638 >> "User-Agent: Apache-HttpClient/4.5.3 (Java/1.8.0_151)[\r][\n]"
02-16-2018 14:28:57 Wire.java DEBUG [Forwarding findElement on session ae7bbef1-9c64-42c4-b5e6-e387daa5a745 to remote] http.wire 73 - http-outgoing-638 >> "Accept-Encoding: gzip,deflate[\r][\n]"
02-16-2018 14:28:57 Wire.java DEBUG [Forwarding findElement on session ae7bbef1-9c64-42c4-b5e6-e387daa5a745 to remote] http.wire 73 - http-outgoing-638 >> "[\r][\n]"
02-16-2018 14:28:57 Wire.java DEBUG [Forwarding findElement on session ae7bbef1-9c64-42c4-b5e6-e387daa5a745 to remote] http.wire 87 - http-outgoing-638 >> "{"value":"//*[@id\u003d\"password\"]","using":"xpath"}"
02-16-2018 14:28:57 Wire.java DEBUG [Forwarding findElement on session ae7bbef1-9c64-42c4-b5e6-e387daa5a745 to remote] http.wire 73 - http-outgoing-638 << "HTTP/1.1 200 OK[\r][\n]"
02-16-2018 14:28:57 Wire.java DEBUG [Forwarding findElement on session ae7bbef1-9c64-42c4-b5e6-e387daa5a745 to remote] http.wire 73 - http-outgoing-638 << "Connection: close[\r][\n]"
02-16-2018 14:28:57 Wire.java DEBUG [Forwarding findElement on session ae7bbef1-9c64-42c4-b5e6-e387daa5a745 to remote] http.wire 73 - http-outgoing-638 << "Content-Type: application/json; charset=utf-8[\r][\n]"
02-16-2018 14:28:57 Wire.java DEBUG [Forwarding findElement on session ae7bbef1-9c64-42c4-b5e6-e387daa5a745 to remote] http.wire 73 - http-outgoing-638 << "Cache-Control: no-cache[\r][\n]"
02-16-2018 14:28:57 Wire.java DEBUG [Forwarding findElement on session ae7bbef1-9c64-42c4-b5e6-e387daa5a745 to remote] http.wire 73 - http-outgoing-638 << "Content-Length: 88[\r][\n]"
02-16-2018 14:28:57 Wire.java DEBUG [Forwarding findElement on session ae7bbef1-9c64-42c4-b5e6-e387daa5a745 to remote] http.wire 73 - http-outgoing-638 << "Date: Fri, 16 Feb 2018 20:28:57 GMT[\r][\n]"
02-16-2018 14:28:57 Wire.java DEBUG [Forwarding findElement on session ae7bbef1-9c64-42c4-b5e6-e387daa5a745 to remote] http.wire 73 - http-outgoing-638 << "[\r][\n]"
02-16-2018 14:28:57 Wire.java DEBUG [Forwarding findElement on session ae7bbef1-9c64-42c4-b5e6-e387daa5a745 to remote] http.wire 87 - http-outgoing-638 << "{"value":{"element-6066-11e4-a52e-4f735466cecf":"b297024f-0381-4b8a-99c5-b9cd1cf19189"}}"
02-16-2018 14:28:57 LoggingManagedHttpClientConnection.java DEBUG [Forwarding findElement on session ae7bbef1-9c64-42c4-b5e6-e387daa5a745 to remote] http.headers 122 - http-outgoing-638 << HTTP/1.1 200 OK
02-16-2018 14:28:57 LoggingManagedHttpClientConnection.java DEBUG [Forwarding findElement on session ae7bbef1-9c64-42c4-b5e6-e387daa5a745 to remote] http.headers 125 - http-outgoing-638 << Connection: close
02-16-2018 14:28:57 LoggingManagedHttpClientConnection.java DEBUG [Forwarding findElement on session ae7bbef1-9c64-42c4-b5e6-e387daa5a745 to remote] http.headers 125 - http-outgoing-638 << Content-Type: application/json; charset=utf-8
02-16-2018 14:28:57 LoggingManagedHttpClientConnection.java DEBUG [Forwarding findElement on session ae7bbef1-9c64-42c4-b5e6-e387daa5a745 to remote] http.headers 125 - http-outgoing-638 << Cache-Control: no-cache
02-16-2018 14:28:57 LoggingManagedHttpClientConnection.java DEBUG [Forwarding findElement on session ae7bbef1-9c64-42c4-b5e6-e387daa5a745 to remote] http.headers 125 - http-outgoing-638 << Content-Length: 88
02-16-2018 14:28:57 LoggingManagedHttpClientConnection.java DEBUG [Forwarding findElement on session ae7bbef1-9c64-42c4-b5e6-e387daa5a745 to remote] http.headers 125 - http-outgoing-638 << Date: Fri, 16 Feb 2018 20:28:57 GMT
02-16-2018 14:28:57 LoggingManagedHttpClientConnection.java DEBUG [Forwarding findElement on session ae7bbef1-9c64-42c4-b5e6-e387daa5a745 to remote] conn.DefaultManagedHttpClientConnection 79 - http-outgoing-638: Close connection
02-16-2018 14:28:57 ConnectionHolder.java DEBUG [Forwarding findElement on session ae7bbef1-9c64-42c4-b5e6-e387daa5a745 to remote] execchain.MainClientExec 104 - Connection discarded
02-16-2018 14:28:57 PoolingHttpClientConnectionManager.java DEBUG [Forwarding findElement on session ae7bbef1-9c64-42c4-b5e6-e387daa5a745 to remote] conn.PoolingHttpClientConnectionManager 326 - Connection released: [id: 638][route: {}->http://localhost:2384][total kept alive: 0; route allocated: 0 of 2000; total allocated: 0 of 2000]
02-16-2018 14:28:57 RequestAddCookies.java DEBUG [Forwarding sendKeysToElement on session ae7bbef1-9c64-42c4-b5e6-e387daa5a745 to remote] protocol.RequestAddCookies 123 - CookieSpec selected: default
02-16-2018 14:28:57 RequestAuthCache.java DEBUG [Forwarding sendKeysToElement on session ae7bbef1-9c64-42c4-b5e6-e387daa5a745 to remote] protocol.RequestAuthCache 77 - Auth cache not set in the context
02-16-2018 14:28:57 PoolingHttpClientConnectionManager.java DEBUG [Forwarding sendKeysToElement on session ae7bbef1-9c64-42c4-b5e6-e387daa5a745 to remote] conn.PoolingHttpClientConnectionManager 255 - Connection request: [route: {}->http://localhost:2384][total kept alive: 0; route allocated: 0 of 2000; total allocated: 0 of 2000]
02-16-2018 14:28:57 PoolingHttpClientConnectionManager.java DEBUG [Forwarding sendKeysToElement on session ae7bbef1-9c64-42c4-b5e6-e387daa5a745 to remote] conn.PoolingHttpClientConnectionManager 288 - Connection leased: [id: 639][route: {}->http://localhost:2384][total kept alive: 0; route allocated: 1 of 2000; total allocated: 1 of 2000]
02-16-2018 14:28:57 MainClientExec.java DEBUG [Forwarding sendKeysToElement on session ae7bbef1-9c64-42c4-b5e6-e387daa5a745 to remote] execchain.MainClientExec 235 - Opening connection {}->http://localhost:2384
02-16-2018 14:28:57 DefaultHttpClientConnectionOperator.java DEBUG [Forwarding sendKeysToElement on session ae7bbef1-9c64-42c4-b5e6-e387daa5a745 to remote] conn.DefaultHttpClientConnectionOperator 139 - Connecting to localhost/127.0.0.1:2384
02-16-2018 14:28:57 DefaultHttpClientConnectionOperator.java DEBUG [Forwarding sendKeysToElement on session ae7bbef1-9c64-42c4-b5e6-e387daa5a745 to remote] conn.DefaultHttpClientConnectionOperator 146 - Connection established 127.0.0.1:58845<->127.0.0.1:2384
02-16-2018 14:28:57 LoggingManagedHttpClientConnection.java DEBUG [Forwarding sendKeysToElement on session ae7bbef1-9c64-42c4-b5e6-e387daa5a745 to remote] conn.DefaultManagedHttpClientConnection 88 - http-outgoing-639: set socket timeout to 10800000
02-16-2018 14:28:57 MainClientExec.java DEBUG [Forwarding sendKeysToElement on session ae7bbef1-9c64-42c4-b5e6-e387daa5a745 to remote] execchain.MainClientExec 256 - Executing request POST /session/ae7bbef1-9c64-42c4-b5e6-e387daa5a745/element/b297024f-0381-4b8a-99c5-b9cd1cf19189/value HTTP/1.1
02-16-2018 14:28:57 MainClientExec.java DEBUG [Forwarding sendKeysToElement on session ae7bbef1-9c64-42c4-b5e6-e387daa5a745 to remote] execchain.MainClientExec 261 - Target auth state: UNCHALLENGED
02-16-2018 14:28:57 MainClientExec.java DEBUG [Forwarding sendKeysToElement on session ae7bbef1-9c64-42c4-b5e6-e387daa5a745 to remote] execchain.MainClientExec 267 - Proxy auth state: UNCHALLENGED
02-16-2018 14:28:57 LoggingManagedHttpClientConnection.java DEBUG [Forwarding sendKeysToElement on session ae7bbef1-9c64-42c4-b5e6-e387daa5a745 to remote] http.headers 133 - http-outgoing-639 >> POST /session/ae7bbef1-9c64-42c4-b5e6-e387daa5a745/element/b297024f-0381-4b8a-99c5-b9cd1cf19189/value HTTP/1.1
02-16-2018 14:28:57 LoggingManagedHttpClientConnection.java DEBUG [Forwarding sendKeysToElement on session ae7bbef1-9c64-42c4-b5e6-e387daa5a745 to remote] http.headers 136 - http-outgoing-639 >> Content-Type: application/json; charset=utf-8
02-16-2018 14:28:57 LoggingManagedHttpClientConnection.java DEBUG [Forwarding sendKeysToElement on session ae7bbef1-9c64-42c4-b5e6-e387daa5a745 to remote] http.headers 136 - http-outgoing-639 >> Content-Length: 105
02-16-2018 14:28:57 LoggingManagedHttpClientConnection.java DEBUG [Forwarding sendKeysToElement on session ae7bbef1-9c64-42c4-b5e6-e387daa5a745 to remote] http.headers 136 - http-outgoing-639 >> Host: localhost:2384
02-16-2018 14:28:57 LoggingManagedHttpClientConnection.java DEBUG [Forwarding sendKeysToElement on session ae7bbef1-9c64-42c4-b5e6-e387daa5a745 to remote] http.headers 136 - http-outgoing-639 >> Connection: Keep-Alive
02-16-2018 14:28:57 LoggingManagedHttpClientConnection.java DEBUG [Forwarding sendKeysToElement on session ae7bbef1-9c64-42c4-b5e6-e387daa5a745 to remote] http.headers 136 - http-outgoing-639 >> User-Agent: Apache-HttpClient/4.5.3 (Java/1.8.0_151)
02-16-2018 14:28:57 LoggingManagedHttpClientConnection.java DEBUG [Forwarding sendKeysToElement on session ae7bbef1-9c64-42c4-b5e6-e387daa5a745 to remote] http.headers 136 - http-outgoing-639 >> Accept-Encoding: gzip,deflate
02-16-2018 14:28:57 Wire.java DEBUG [Forwarding sendKeysToElement on session ae7bbef1-9c64-42c4-b5e6-e387daa5a745 to remote] http.wire 73 - http-outgoing-639 >> "POST /session/ae7bbef1-9c64-42c4-b5e6-e387daa5a745/element/b297024f-0381-4b8a-99c5-b9cd1cf19189/value HTTP/1.1[\r][\n]"
02-16-2018 14:28:57 Wire.java DEBUG [Forwarding sendKeysToElement on session ae7bbef1-9c64-42c4-b5e6-e387daa5a745 to remote] http.wire 73 - http-outgoing-639 >> "Content-Type: application/json; charset=utf-8[\r][\n]"
02-16-2018 14:28:57 Wire.java DEBUG [Forwarding sendKeysToElement on session ae7bbef1-9c64-42c4-b5e6-e387daa5a745 to remote] http.wire 73 - http-outgoing-639 >> "Content-Length: 105[\r][\n]"
02-16-2018 14:28:57 Wire.java DEBUG [Forwarding sendKeysToElement on session ae7bbef1-9c64-42c4-b5e6-e387daa5a745 to remote] http.wire 73 - http-outgoing-639 >> "Host: localhost:2384[\r][\n]"
02-16-2018 14:28:57 Wire.java DEBUG [Forwarding sendKeysToElement on session ae7bbef1-9c64-42c4-b5e6-e387daa5a745 to remote] http.wire 73 - http-outgoing-639 >> "Connection: Keep-Alive[\r][\n]"
02-16-2018 14:28:57 Wire.java DEBUG [Forwarding sendKeysToElement on session ae7bbef1-9c64-42c4-b5e6-e387daa5a745 to remote] http.wire 73 - http-outgoing-639 >> "User-Agent: Apache-HttpClient/4.5.3 (Java/1.8.0_151)[\r][\n]"
02-16-2018 14:28:57 Wire.java DEBUG [Forwarding sendKeysToElement on session ae7bbef1-9c64-42c4-b5e6-e387daa5a745 to remote] http.wire 73 - http-outgoing-639 >> "Accept-Encoding: gzip,deflate[\r][\n]"
02-16-2018 14:28:57 Wire.java DEBUG [Forwarding sendKeysToElement on session ae7bbef1-9c64-42c4-b5e6-e387daa5a745 to remote] http.wire 73 - http-outgoing-639 >> "[\r][\n]"
02-16-2018 14:28:57 Wire.java DEBUG [Forwarding sendKeysToElement on session ae7bbef1-9c64-42c4-b5e6-e387daa5a745 to remote] http.wire 87 - http-outgoing-639 >> "{"id":"b297024f-0381-4b8a-99c5-b9cd1cf19189","text":"MyTest21","value":["M","y","T","e","s","t","2","1"]}"
02-16-2018 14:28:57 Wire.java DEBUG [Forwarding sendKeysToElement on session ae7bbef1-9c64-42c4-b5e6-e387daa5a745 to remote] http.wire 73 - http-outgoing-639 << "HTTP/1.1 200 OK[\r][\n]"
02-16-2018 14:28:57 Wire.java DEBUG [Forwarding sendKeysToElement on session ae7bbef1-9c64-42c4-b5e6-e387daa5a745 to remote] http.wire 73 - http-outgoing-639 << "Connection: close[\r][\n]"
02-16-2018 14:28:57 Wire.java DEBUG [Forwarding sendKeysToElement on session ae7bbef1-9c64-42c4-b5e6-e387daa5a745 to remote] http.wire 73 - http-outgoing-639 << "Content-Type: application/json; charset=utf-8[\r][\n]"
02-16-2018 14:28:57 Wire.java DEBUG [Forwarding sendKeysToElement on session ae7bbef1-9c64-42c4-b5e6-e387daa5a745 to remote] http.wire 73 - http-outgoing-639 << "Cache-Control: no-cache[\r][\n]"
02-16-2018 14:28:57 Wire.java DEBUG [Forwarding sendKeysToElement on session ae7bbef1-9c64-42c4-b5e6-e387daa5a745 to remote] http.wire 73 - http-outgoing-639 << "Content-Length: 13[\r][\n]"
02-16-2018 14:28:57 Wire.java DEBUG [Forwarding sendKeysToElement on session ae7bbef1-9c64-42c4-b5e6-e387daa5a745 to remote] http.wire 73 - http-outgoing-639 << "Date: Fri, 16 Feb 2018 20:28:57 GMT[\r][\n]"
02-16-2018 14:28:57 Wire.java DEBUG [Forwarding sendKeysToElement on session ae7bbef1-9c64-42c4-b5e6-e387daa5a745 to remote] http.wire 73 - http-outgoing-639 << "[\r][\n]"
02-16-2018 14:28:57 Wire.java DEBUG [Forwarding sendKeysToElement on session ae7bbef1-9c64-42c4-b5e6-e387daa5a745 to remote] http.wire 87 - http-outgoing-639 << "{"value": {}}"
02-16-2018 14:28:57 LoggingManagedHttpClientConnection.java DEBUG [Forwarding sendKeysToElement on session ae7bbef1-9c64-42c4-b5e6-e387daa5a745 to remote] http.headers 122 - http-outgoing-639 << HTTP/1.1 200 OK
02-16-2018 14:28:57 LoggingManagedHttpClientConnection.java DEBUG [Forwarding sendKeysToElement on session ae7bbef1-9c64-42c4-b5e6-e387daa5a745 to remote] http.headers 125 - http-outgoing-639 << Connection: close
02-16-2018 14:28:57 LoggingManagedHttpClientConnection.java DEBUG [Forwarding sendKeysToElement on session ae7bbef1-9c64-42c4-b5e6-e387daa5a745 to remote] http.headers 125 - http-outgoing-639 << Content-Type: application/json; charset=utf-8
02-16-2018 14:28:57 LoggingManagedHttpClientConnection.java DEBUG [Forwarding sendKeysToElement on session ae7bbef1-9c64-42c4-b5e6-e387daa5a745 to remote] http.headers 125 - http-outgoing-639 << Cache-Control: no-cache
02-16-2018 14:28:57 LoggingManagedHttpClientConnection.java DEBUG [Forwarding sendKeysToElement on session ae7bbef1-9c64-42c4-b5e6-e387daa5a745 to remote] http.headers 125 - http-outgoing-639 << Content-Length: 13
02-16-2018 14:28:57 LoggingManagedHttpClientConnection.java DEBUG [Forwarding sendKeysToElement on session ae7bbef1-9c64-42c4-b5e6-e387daa5a745 to remote] http.headers 125 - http-outgoing-639 << Date: Fri, 16 Feb 2018 20:28:57 GMT
02-16-2018 14:28:57 LoggingManagedHttpClientConnection.java DEBUG [Forwarding sendKeysToElement on session ae7bbef1-9c64-42c4-b5e6-e387daa5a745 to remote] conn.DefaultManagedHttpClientConnection 79 - http-outgoing-639: Close connection
02-16-2018 14:28:57 ConnectionHolder.java DEBUG [Forwarding sendKeysToElement on session ae7bbef1-9c64-42c4-b5e6-e387daa5a745 to remote] execchain.MainClientExec 104 - Connection discarded
02-16-2018 14:28:57 PoolingHttpClientConnectionManager.java DEBUG [Forwarding sendKeysToElement on session ae7bbef1-9c64-42c4-b5e6-e387daa5a745 to remote] conn.PoolingHttpClientConnectionManager 326 - Connection released: [id: 639][route: {}->http://localhost:2384][total kept alive: 0; route allocated: 0 of 2000; total allocated: 0 of 2000]
02-16-2018 14:29:00 RequestAddCookies.java DEBUG [Forwarding findElement on session ae7bbef1-9c64-42c4-b5e6-e387daa5a745 to remote] protocol.RequestAddCookies 123 - CookieSpec selected: default
02-16-2018 14:29:00 RequestAuthCache.java DEBUG [Forwarding findElement on session ae7bbef1-9c64-42c4-b5e6-e387daa5a745 to remote] protocol.RequestAuthCache 77 - Auth cache not set in the context
02-16-2018 14:29:00 PoolingHttpClientConnectionManager.java DEBUG [Forwarding findElement on session ae7bbef1-9c64-42c4-b5e6-e387daa5a745 to remote] conn.PoolingHttpClientConnectionManager 255 - Connection request: [route: {}->http://localhost:2384][total kept alive: 0; route allocated: 0 of 2000; total allocated: 0 of 2000]
02-16-2018 14:29:00 PoolingHttpClientConnectionManager.java DEBUG [Forwarding findElement on session ae7bbef1-9c64-42c4-b5e6-e387daa5a745 to remote] conn.PoolingHttpClientConnectionManager 288 - Connection leased: [id: 640][route: {}->http://localhost:2384][total kept alive: 0; route allocated: 1 of 2000; total allocated: 1 of 2000]
02-16-2018 14:29:00 MainClientExec.java DEBUG [Forwarding findElement on session ae7bbef1-9c64-42c4-b5e6-e387daa5a745 to remote] execchain.MainClientExec 235 - Opening connection {}->http://localhost:2384
02-16-2018 14:29:00 DefaultHttpClientConnectionOperator.java DEBUG [Forwarding findElement on session ae7bbef1-9c64-42c4-b5e6-e387daa5a745 to remote] conn.DefaultHttpClientConnectionOperator 139 - Connecting to localhost/127.0.0.1:2384
02-16-2018 14:29:00 DefaultHttpClientConnectionOperator.java DEBUG [Forwarding findElement on session ae7bbef1-9c64-42c4-b5e6-e387daa5a745 to remote] conn.DefaultHttpClientConnectionOperator 146 - Connection established 127.0.0.1:58846<->127.0.0.1:2384
02-16-2018 14:29:00 LoggingManagedHttpClientConnection.java DEBUG [Forwarding findElement on session ae7bbef1-9c64-42c4-b5e6-e387daa5a745 to remote] conn.DefaultManagedHttpClientConnection 88 - http-outgoing-640: set socket timeout to 10800000
02-16-2018 14:29:00 MainClientExec.java DEBUG [Forwarding findElement on session ae7bbef1-9c64-42c4-b5e6-e387daa5a745 to remote] execchain.MainClientExec 256 - Executing request POST /session/ae7bbef1-9c64-42c4-b5e6-e387daa5a745/element HTTP/1.1
02-16-2018 14:29:00 MainClientExec.java DEBUG [Forwarding findElement on session ae7bbef1-9c64-42c4-b5e6-e387daa5a745 to remote] execchain.MainClientExec 261 - Target auth state: UNCHALLENGED
02-16-2018 14:29:00 MainClientExec.java DEBUG [Forwarding findElement on session ae7bbef1-9c64-42c4-b5e6-e387daa5a745 to remote] execchain.MainClientExec 267 - Proxy auth state: UNCHALLENGED
02-16-2018 14:29:00 LoggingManagedHttpClientConnection.java DEBUG [Forwarding findElement on session ae7bbef1-9c64-42c4-b5e6-e387daa5a745 to remote] http.headers 133 - http-outgoing-640 >> POST /session/ae7bbef1-9c64-42c4-b5e6-e387daa5a745/element HTTP/1.1
02-16-2018 14:29:00 LoggingManagedHttpClientConnection.java DEBUG [Forwarding findElement on session ae7bbef1-9c64-42c4-b5e6-e387daa5a745 to remote] http.headers 136 - http-outgoing-640 >> Content-Type: application/json; charset=utf-8
02-16-2018 14:29:00 LoggingManagedHttpClientConnection.java DEBUG [Forwarding findElement on session ae7bbef1-9c64-42c4-b5e6-e387daa5a745 to remote] http.headers 136 - http-outgoing-640 >> Content-Length: 76
02-16-2018 14:29:00 LoggingManagedHttpClientConnection.java DEBUG [Forwarding findElement on session ae7bbef1-9c64-42c4-b5e6-e387daa5a745 to remote] http.headers 136 - http-outgoing-640 >> Host: localhost:2384
02-16-2018 14:29:00 LoggingManagedHttpClientConnection.java DEBUG [Forwarding findElement on session ae7bbef1-9c64-42c4-b5e6-e387daa5a745 to remote] http.headers 136 - http-outgoing-640 >> Connection: Keep-Alive
02-16-2018 14:29:00 LoggingManagedHttpClientConnection.java DEBUG [Forwarding findElement on session ae7bbef1-9c64-42c4-b5e6-e387daa5a745 to remote] http.headers 136 - http-outgoing-640 >> User-Agent: Apache-HttpClient/4.5.3 (Java/1.8.0_151)
02-16-2018 14:29:00 LoggingManagedHttpClientConnection.java DEBUG [Forwarding findElement on session ae7bbef1-9c64-42c4-b5e6-e387daa5a745 to remote] http.headers 136 - http-outgoing-640 >> Accept-Encoding: gzip,deflate
02-16-2018 14:29:00 Wire.java DEBUG [Forwarding findElement on session ae7bbef1-9c64-42c4-b5e6-e387daa5a745 to remote] http.wire 73 - http-outgoing-640 >> "POST /session/ae7bbef1-9c64-42c4-b5e6-e387daa5a745/element HTTP/1.1[\r][\n]"
02-16-2018 14:29:00 Wire.java DEBUG [Forwarding findElement on session ae7bbef1-9c64-42c4-b5e6-e387daa5a745 to remote] http.wire 73 - http-outgoing-640 >> "Content-Type: application/json; charset=utf-8[\r][\n]"
02-16-2018 14:29:00 Wire.java DEBUG [Forwarding findElement on session ae7bbef1-9c64-42c4-b5e6-e387daa5a745 to remote] http.wire 73 - http-outgoing-640 >> "Content-Length: 76[\r][\n]"
02-16-2018 14:29:00 Wire.java DEBUG [Forwarding findElement on session ae7bbef1-9c64-42c4-b5e6-e387daa5a745 to remote] http.wire 73 - http-outgoing-640 >> "Host: localhost:2384[\r][\n]"
02-16-2018 14:29:00 Wire.java DEBUG [Forwarding findElement on session ae7bbef1-9c64-42c4-b5e6-e387daa5a745 to remote] http.wire 73 - http-outgoing-640 >> "Connection: Keep-Alive[\r][\n]"
02-16-2018 14:29:00 Wire.java DEBUG [Forwarding findElement on session ae7bbef1-9c64-42c4-b5e6-e387daa5a745 to remote] http.wire 73 - http-outgoing-640 >> "User-Agent: Apache-HttpClient/4.5.3 (Java/1.8.0_151)[\r][\n]"
02-16-2018 14:29:00 Wire.java DEBUG [Forwarding findElement on session ae7bbef1-9c64-42c4-b5e6-e387daa5a745 to remote] http.wire 73 - http-outgoing-640 >> "Accept-Encoding: gzip,deflate[\r][\n]"
02-16-2018 14:29:00 Wire.java DEBUG [Forwarding findElement on session ae7bbef1-9c64-42c4-b5e6-e387daa5a745 to remote] http.wire 73 - http-outgoing-640 >> "[\r][\n]"
02-16-2018 14:29:00 Wire.java DEBUG [Forwarding findElement on session ae7bbef1-9c64-42c4-b5e6-e387daa5a745 to remote] http.wire 87 - http-outgoing-640 >> "{"value":"/html/body/div[1]/div/div/div/form/div[4]/button","using":"xpath"}"
02-16-2018 14:29:00 Wire.java DEBUG [Forwarding findElement on session ae7bbef1-9c64-42c4-b5e6-e387daa5a745 to remote] http.wire 73 - http-outgoing-640 << "HTTP/1.1 200 OK[\r][\n]"
02-16-2018 14:29:00 Wire.java DEBUG [Forwarding findElement on session ae7bbef1-9c64-42c4-b5e6-e387daa5a745 to remote] http.wire 73 - http-outgoing-640 << "Connection: close[\r][\n]"
02-16-2018 14:29:00 Wire.java DEBUG [Forwarding findElement on session ae7bbef1-9c64-42c4-b5e6-e387daa5a745 to remote] http.wire 73 - http-outgoing-640 << "Content-Type: application/json; charset=utf-8[\r][\n]"
02-16-2018 14:29:00 Wire.java DEBUG [Forwarding findElement on session ae7bbef1-9c64-42c4-b5e6-e387daa5a745 to remote] http.wire 73 - http-outgoing-640 << "Cache-Control: no-cache[\r][\n]"
02-16-2018 14:29:00 Wire.java DEBUG [Forwarding findElement on session ae7bbef1-9c64-42c4-b5e6-e387daa5a745 to remote] http.wire 73 - http-outgoing-640 << "Content-Length: 88[\r][\n]"
02-16-2018 14:29:00 Wire.java DEBUG [Forwarding findElement on session ae7bbef1-9c64-42c4-b5e6-e387daa5a745 to remote] http.wire 73 - http-outgoing-640 << "Date: Fri, 16 Feb 2018 20:29:00 GMT[\r][\n]"
02-16-2018 14:29:00 Wire.java DEBUG [Forwarding findElement on session ae7bbef1-9c64-42c4-b5e6-e387daa5a745 to remote] http.wire 73 - http-outgoing-640 << "[\r][\n]"
02-16-2018 14:29:00 Wire.java DEBUG [Forwarding findElement on session ae7bbef1-9c64-42c4-b5e6-e387daa5a745 to remote] http.wire 87 - http-outgoing-640 << "{"value":{"element-6066-11e4-a52e-4f735466cecf":"8cd789b1-f26a-4490-9db1-38f14e6b31b1"}}"
02-16-2018 14:29:00 LoggingManagedHttpClientConnection.java DEBUG [Forwarding findElement on session ae7bbef1-9c64-42c4-b5e6-e387daa5a745 to remote] http.headers 122 - http-outgoing-640 << HTTP/1.1 200 OK
02-16-2018 14:29:00 LoggingManagedHttpClientConnection.java DEBUG [Forwarding findElement on session ae7bbef1-9c64-42c4-b5e6-e387daa5a745 to remote] http.headers 125 - http-outgoing-640 << Connection: close
02-16-2018 14:29:00 LoggingManagedHttpClientConnection.java DEBUG [Forwarding findElement on session ae7bbef1-9c64-42c4-b5e6-e387daa5a745 to remote] http.headers 125 - http-outgoing-640 << Content-Type: application/json; charset=utf-8
02-16-2018 14:29:00 LoggingManagedHttpClientConnection.java DEBUG [Forwarding findElement on session ae7bbef1-9c64-42c4-b5e6-e387daa5a745 to remote] http.headers 125 - http-outgoing-640 << Cache-Control: no-cache
02-16-2018 14:29:00 LoggingManagedHttpClientConnection.java DEBUG [Forwarding findElement on session ae7bbef1-9c64-42c4-b5e6-e387daa5a745 to remote] http.headers 125 - http-outgoing-640 << Content-Length: 88
02-16-2018 14:29:00 LoggingManagedHttpClientConnection.java DEBUG [Forwarding findElement on session ae7bbef1-9c64-42c4-b5e6-e387daa5a745 to remote] http.headers 125 - http-outgoing-640 << Date: Fri, 16 Feb 2018 20:29:00 GMT
02-16-2018 14:29:00 LoggingManagedHttpClientConnection.java DEBUG [Forwarding findElement on session ae7bbef1-9c64-42c4-b5e6-e387daa5a745 to remote] conn.DefaultManagedHttpClientConnection 79 - http-outgoing-640: Close connection
02-16-2018 14:29:00 ConnectionHolder.java DEBUG [Forwarding findElement on session ae7bbef1-9c64-42c4-b5e6-e387daa5a745 to remote] execchain.MainClientExec 104 - Connection discarded
02-16-2018 14:29:00 PoolingHttpClientConnectionManager.java DEBUG [Forwarding findElement on session ae7bbef1-9c64-42c4-b5e6-e387daa5a745 to remote] conn.PoolingHttpClientConnectionManager 326 - Connection released: [id: 640][route: {}->http://localhost:2384][total kept alive: 0; route allocated: 0 of 2000; total allocated: 0 of 2000]
02-16-2018 14:29:00 RequestAddCookies.java DEBUG [Forwarding clickElement on session ae7bbef1-9c64-42c4-b5e6-e387daa5a745 to remote] protocol.RequestAddCookies 123 - CookieSpec selected: default
02-16-2018 14:29:00 RequestAuthCache.java DEBUG [Forwarding clickElement on session ae7bbef1-9c64-42c4-b5e6-e387daa5a745 to remote] protocol.RequestAuthCache 77 - Auth cache not set in the context
02-16-2018 14:29:00 PoolingHttpClientConnectionManager.java DEBUG [Forwarding clickElement on session ae7bbef1-9c64-42c4-b5e6-e387daa5a745 to remote] conn.PoolingHttpClientConnectionManager 255 - Connection request: [route: {}->http://localhost:2384][total kept alive: 0; route allocated: 0 of 2000; total allocated: 0 of 2000]
02-16-2018 14:29:00 PoolingHttpClientConnectionManager.java DEBUG [Forwarding clickElement on session ae7bbef1-9c64-42c4-b5e6-e387daa5a745 to remote] conn.PoolingHttpClientConnectionManager 288 - Connection leased: [id: 641][route: {}->http://localhost:2384][total kept alive: 0; route allocated: 1 of 2000; total allocated: 1 of 2000]
02-16-2018 14:29:00 MainClientExec.java DEBUG [Forwarding clickElement on session ae7bbef1-9c64-42c4-b5e6-e387daa5a745 to remote] execchain.MainClientExec 235 - Opening connection {}->http://localhost:2384
02-16-2018 14:29:00 DefaultHttpClientConnectionOperator.java DEBUG [Forwarding clickElement on session ae7bbef1-9c64-42c4-b5e6-e387daa5a745 to remote] conn.DefaultHttpClientConnectionOperator 139 - Connecting to localhost/127.0.0.1:2384
02-16-2018 14:29:00 DefaultHttpClientConnectionOperator.java DEBUG [Forwarding clickElement on session ae7bbef1-9c64-42c4-b5e6-e387daa5a745 to remote] conn.DefaultHttpClientConnectionOperator 146 - Connection established 127.0.0.1:58847<->127.0.0.1:2384
02-16-2018 14:29:00 LoggingManagedHttpClientConnection.java DEBUG [Forwarding clickElement on session ae7bbef1-9c64-42c4-b5e6-e387daa5a745 to remote] conn.DefaultManagedHttpClientConnection 88 - http-outgoing-641: set socket timeout to 10800000
02-16-2018 14:29:00 MainClientExec.java DEBUG [Forwarding clickElement on session ae7bbef1-9c64-42c4-b5e6-e387daa5a745 to remote] execchain.MainClientExec 256 - Executing request POST /session/ae7bbef1-9c64-42c4-b5e6-e387daa5a745/element/8cd789b1-f26a-4490-9db1-38f14e6b31b1/click HTTP/1.1
02-16-2018 14:29:00 MainClientExec.java DEBUG [Forwarding clickElement on session ae7bbef1-9c64-42c4-b5e6-e387daa5a745 to remote] execchain.MainClientExec 261 - Target auth state: UNCHALLENGED
02-16-2018 14:29:00 MainClientExec.java DEBUG [Forwarding clickElement on session ae7bbef1-9c64-42c4-b5e6-e387daa5a745 to remote] execchain.MainClientExec 267 - Proxy auth state: UNCHALLENGED
02-16-2018 14:29:00 LoggingManagedHttpClientConnection.java DEBUG [Forwarding clickElement on session ae7bbef1-9c64-42c4-b5e6-e387daa5a745 to remote] http.headers 133 - http-outgoing-641 >> POST /session/ae7bbef1-9c64-42c4-b5e6-e387daa5a745/element/8cd789b1-f26a-4490-9db1-38f14e6b31b1/click HTTP/1.1
02-16-2018 14:29:00 LoggingManagedHttpClientConnection.java DEBUG [Forwarding clickElement on session ae7bbef1-9c64-42c4-b5e6-e387daa5a745 to remote] http.headers 136 - http-outgoing-641 >> Content-Type: application/json; charset=utf-8
02-16-2018 14:29:00 LoggingManagedHttpClientConnection.java DEBUG [Forwarding clickElement on session ae7bbef1-9c64-42c4-b5e6-e387daa5a745 to remote] http.headers 136 - http-outgoing-641 >> Content-Length: 45
02-16-2018 14:29:00 LoggingManagedHttpClientConnection.java DEBUG [Forwarding clickElement on session ae7bbef1-9c64-42c4-b5e6-e387daa5a745 to remote] http.headers 136 - http-outgoing-641 >> Host: localhost:2384
02-16-2018 14:29:00 LoggingManagedHttpClientConnection.java DEBUG [Forwarding clickElement on session ae7bbef1-9c64-42c4-b5e6-e387daa5a745 to remote] http.headers 136 - http-outgoing-641 >> Connection: Keep-Alive
02-16-2018 14:29:00 LoggingManagedHttpClientConnection.java DEBUG [Forwarding clickElement on session ae7bbef1-9c64-42c4-b5e6-e387daa5a745 to remote] http.headers 136 - http-outgoing-641 >> User-Agent: Apache-HttpClient/4.5.3 (Java/1.8.0_151)
02-16-2018 14:29:00 LoggingManagedHttpClientConnection.java DEBUG [Forwarding clickElement on session ae7bbef1-9c64-42c4-b5e6-e387daa5a745 to remote] http.headers 136 - http-outgoing-641 >> Accept-Encoding: gzip,deflate
02-16-2018 14:29:00 Wire.java DEBUG [Forwarding clickElement on session ae7bbef1-9c64-42c4-b5e6-e387daa5a745 to remote] http.wire 73 - http-outgoing-641 >> "POST /session/ae7bbef1-9c64-42c4-b5e6-e387daa5a745/element/8cd789b1-f26a-4490-9db1-38f14e6b31b1/click HTTP/1.1[\r][\n]"
02-16-2018 14:29:00 Wire.java DEBUG [Forwarding clickElement on session ae7bbef1-9c64-42c4-b5e6-e387daa5a745 to remote] http.wire 73 - http-outgoing-641 >> "Content-Type: application/json; charset=utf-8[\r][\n]"
02-16-2018 14:29:00 Wire.java DEBUG [Forwarding clickElement on session ae7bbef1-9c64-42c4-b5e6-e387daa5a745 to remote] http.wire 73 - http-outgoing-641 >> "Content-Length: 45[\r][\n]"
02-16-2018 14:29:00 Wire.java DEBUG [Forwarding clickElement on session ae7bbef1-9c64-42c4-b5e6-e387daa5a745 to remote] http.wire 73 - http-outgoing-641 >> "Host: localhost:2384[\r][\n]"
02-16-2018 14:29:00 Wire.java DEBUG [Forwarding clickElement on session ae7bbef1-9c64-42c4-b5e6-e387daa5a745 to remote] http.wire 73 - http-outgoing-641 >> "Connection: Keep-Alive[\r][\n]"
02-16-2018 14:29:00 Wire.java DEBUG [Forwarding clickElement on session ae7bbef1-9c64-42c4-b5e6-e387daa5a745 to remote] http.wire 73 - http-outgoing-641 >> "User-Agent: Apache-HttpClient/4.5.3 (Java/1.8.0_151)[\r][\n]"
02-16-2018 14:29:00 Wire.java DEBUG [Forwarding clickElement on session ae7bbef1-9c64-42c4-b5e6-e387daa5a745 to remote] http.wire 73 - http-outgoing-641 >> "Accept-Encoding: gzip,deflate[\r][\n]"
02-16-2018 14:29:00 Wire.java DEBUG [Forwarding clickElement on session ae7bbef1-9c64-42c4-b5e6-e387daa5a745 to remote] http.wire 73 - http-outgoing-641 >> "[\r][\n]"
02-16-2018 14:29:00 Wire.java DEBUG [Forwarding clickElement on session ae7bbef1-9c64-42c4-b5e6-e387daa5a745 to remote] http.wire 87 - http-outgoing-641 >> "{"id":"8cd789b1-f26a-4490-9db1-38f14e6b31b1"}"
02-16-2018 14:29:09 Wire.java DEBUG [Forwarding clickElement on session ae7bbef1-9c64-42c4-b5e6-e387daa5a745 to remote] http.wire 73 - http-outgoing-641 << "HTTP/1.1 200 OK[\r][\n]"
02-16-2018 14:29:09 Wire.java DEBUG [Forwarding clickElement on session ae7bbef1-9c64-42c4-b5e6-e387daa5a745 to remote] http.wire 73 - http-outgoing-641 << "Connection: close[\r][\n]"
02-16-2018 14:29:09 Wire.java DEBUG [Forwarding clickElement on session ae7bbef1-9c64-42c4-b5e6-e387daa5a745 to remote] http.wire 73 - http-outgoing-641 << "Content-Type: application/json; charset=utf-8[\r][\n]"
02-16-2018 14:29:09 Wire.java DEBUG [Forwarding clickElement on session ae7bbef1-9c64-42c4-b5e6-e387daa5a745 to remote] http.wire 73 - http-outgoing-641 << "Cache-Control: no-cache[\r][\n]"
02-16-2018 14:29:09 Wire.java DEBUG [Forwarding clickElement on session ae7bbef1-9c64-42c4-b5e6-e387daa5a745 to remote] http.wire 73 - http-outgoing-641 << "Content-Length: 13[\r][\n]"
02-16-2018 14:29:09 Wire.java DEBUG [Forwarding clickElement on session ae7bbef1-9c64-42c4-b5e6-e387daa5a745 to remote] http.wire 73 - http-outgoing-641 << "Date: Fri, 16 Feb 2018 20:29:09 GMT[\r][\n]"
02-16-2018 14:29:09 Wire.java DEBUG [Forwarding clickElement on session ae7bbef1-9c64-42c4-b5e6-e387daa5a745 to remote] http.wire 73 - http-outgoing-641 << "[\r][\n]"
02-16-2018 14:29:09 Wire.java DEBUG [Forwarding clickElement on session ae7bbef1-9c64-42c4-b5e6-e387daa5a745 to remote] http.wire 87 - http-outgoing-641 << "{"value": {}}"
02-16-2018 14:29:09 LoggingManagedHttpClientConnection.java DEBUG [Forwarding clickElement on session ae7bbef1-9c64-42c4-b5e6-e387daa5a745 to remote] http.headers 122 - http-outgoing-641 << HTTP/1.1 200 OK
02-16-2018 14:29:09 LoggingManagedHttpClientConnection.java DEBUG [Forwarding clickElement on session ae7bbef1-9c64-42c4-b5e6-e387daa5a745 to remote] http.headers 125 - http-outgoing-641 << Connection: close
02-16-2018 14:29:09 LoggingManagedHttpClientConnection.java DEBUG [Forwarding clickElement on session ae7bbef1-9c64-42c4-b5e6-e387daa5a745 to remote] http.headers 125 - http-outgoing-641 << Content-Type: application/json; charset=utf-8
02-16-2018 14:29:09 LoggingManagedHttpClientConnection.java DEBUG [Forwarding clickElement on session ae7bbef1-9c64-42c4-b5e6-e387daa5a745 to remote] http.headers 125 - http-outgoing-641 << Cache-Control: no-cache
02-16-2018 14:29:09 LoggingManagedHttpClientConnection.java DEBUG [Forwarding clickElement on session ae7bbef1-9c64-42c4-b5e6-e387daa5a745 to remote] http.headers 125 - http-outgoing-641 << Content-Length: 13
02-16-2018 14:29:09 LoggingManagedHttpClientConnection.java DEBUG [Forwarding clickElement on session ae7bbef1-9c64-42c4-b5e6-e387daa5a745 to remote] http.headers 125 - http-outgoing-641 << Date: Fri, 16 Feb 2018 20:29:09 GMT
02-16-2018 14:29:09 LoggingManagedHttpClientConnection.java DEBUG [Forwarding clickElement on session ae7bbef1-9c64-42c4-b5e6-e387daa5a745 to remote] conn.DefaultManagedHttpClientConnection 79 - http-outgoing-641: Close connection
02-16-2018 14:29:09 ConnectionHolder.java DEBUG [Forwarding clickElement on session ae7bbef1-9c64-42c4-b5e6-e387daa5a745 to remote] execchain.MainClientExec 104 - Connection discarded
02-16-2018 14:29:09 PoolingHttpClientConnectionManager.java DEBUG [Forwarding clickElement on session ae7bbef1-9c64-42c4-b5e6-e387daa5a745 to remote] conn.PoolingHttpClientConnectionManager 326 - Connection released: [id: 641][route: {}->http://localhost:2384][total kept alive: 0; route allocated: 0 of 2000; total allocated: 0 of 2000]
02-16-2018 14:29:09 RequestAddCookies.java DEBUG [Forwarding findElement on session ae7bbef1-9c64-42c4-b5e6-e387daa5a745 to remote] protocol.RequestAddCookies 123 - CookieSpec selected: default
02-16-2018 14:29:09 RequestAuthCache.java DEBUG [Forwarding findElement on session ae7bbef1-9c64-42c4-b5e6-e387daa5a745 to remote] protocol.RequestAuthCache 77 - Auth cache not set in the context
02-16-2018 14:29:09 PoolingHttpClientConnectionManager.java DEBUG [Forwarding findElement on session ae7bbef1-9c64-42c4-b5e6-e387daa5a745 to remote] conn.PoolingHttpClientConnectionManager 255 - Connection request: [route: {}->http://localhost:2384][total kept alive: 0; route allocated: 0 of 2000; total allocated: 0 of 2000]
02-16-2018 14:29:09 PoolingHttpClientConnectionManager.java DEBUG [Forwarding findElement on session ae7bbef1-9c64-42c4-b5e6-e387daa5a745 to remote] conn.PoolingHttpClientConnectionManager 288 - Connection leased: [id: 642][route: {}->http://localhost:2384][total kept alive: 0; route allocated: 1 of 2000; total allocated: 1 of 2000]
02-16-2018 14:29:09 MainClientExec.java DEBUG [Forwarding findElement on session ae7bbef1-9c64-42c4-b5e6-e387daa5a745 to remote] execchain.MainClientExec 235 - Opening connection {}->http://localhost:2384
02-16-2018 14:29:09 DefaultHttpClientConnectionOperator.java DEBUG [Forwarding findElement on session ae7bbef1-9c64-42c4-b5e6-e387daa5a745 to remote] conn.DefaultHttpClientConnectionOperator 139 - Connecting to localhost/127.0.0.1:2384
02-16-2018 14:29:09 DefaultHttpClientConnectionOperator.java DEBUG [Forwarding findElement on session ae7bbef1-9c64-42c4-b5e6-e387daa5a745 to remote] conn.DefaultHttpClientConnectionOperator 146 - Connection established 127.0.0.1:58856<->127.0.0.1:2384
02-16-2018 14:29:09 LoggingManagedHttpClientConnection.java DEBUG [Forwarding findElement on session ae7bbef1-9c64-42c4-b5e6-e387daa5a745 to remote] conn.DefaultManagedHttpClientConnection 88 - http-outgoing-642: set socket timeout to 10800000
02-16-2018 14:29:09 MainClientExec.java DEBUG [Forwarding findElement on session ae7bbef1-9c64-42c4-b5e6-e387daa5a745 to remote] execchain.MainClientExec 256 - Executing request POST /session/ae7bbef1-9c64-42c4-b5e6-e387daa5a745/element HTTP/1.1
02-16-2018 14:29:09 MainClientExec.java DEBUG [Forwarding findElement on session ae7bbef1-9c64-42c4-b5e6-e387daa5a745 to remote] execchain.MainClientExec 261 - Target auth state: UNCHALLENGED
02-16-2018 14:29:09 MainClientExec.java DEBUG [Forwarding findElement on session ae7bbef1-9c64-42c4-b5e6-e387daa5a745 to remote] execchain.MainClientExec 267 - Proxy auth state: UNCHALLENGED
02-16-2018 14:29:09 LoggingManagedHttpClientConnection.java DEBUG [Forwarding findElement on session ae7bbef1-9c64-42c4-b5e6-e387daa5a745 to remote] http.headers 133 - http-outgoing-642 >> POST /session/ae7bbef1-9c64-42c4-b5e6-e387daa5a745/element HTTP/1.1
02-16-2018 14:29:09 LoggingManagedHttpClientConnection.java DEBUG [Forwarding findElement on session ae7bbef1-9c64-42c4-b5e6-e387daa5a745 to remote] http.headers 136 - http-outgoing-642 >> Content-Type: application/json; charset=utf-8
02-16-2018 14:29:09 LoggingManagedHttpClientConnection.java DEBUG [Forwarding findElement on session ae7bbef1-9c64-42c4-b5e6-e387daa5a745 to remote] http.headers 136 - http-outgoing-642 >> Content-Length: 66
02-16-2018 14:29:09 LoggingManagedHttpClientConnection.java DEBUG [Forwarding findElement on session ae7bbef1-9c64-42c4-b5e6-e387daa5a745 to remote] http.headers 136 - http-outgoing-642 >> Host: localhost:2384
02-16-2018 14:29:09 LoggingManagedHttpClientConnection.java DEBUG [Forwarding findElement on session ae7bbef1-9c64-42c4-b5e6-e387daa5a745 to remote] http.headers 136 - http-outgoing-642 >> Connection: Keep-Alive
02-16-2018 14:29:09 LoggingManagedHttpClientConnection.java DEBUG [Forwarding findElement on session ae7bbef1-9c64-42c4-b5e6-e387daa5a745 to remote] http.headers 136 - http-outgoing-642 >> User-Agent: Apache-HttpClient/4.5.3 (Java/1.8.0_151)
02-16-2018 14:29:09 LoggingManagedHttpClientConnection.java DEBUG [Forwarding findElement on session ae7bbef1-9c64-42c4-b5e6-e387daa5a745 to remote] http.headers 136 - http-outgoing-642 >> Accept-Encoding: gzip,deflate
02-16-2018 14:29:09 Wire.java DEBUG [Forwarding findElement on session ae7bbef1-9c64-42c4-b5e6-e387daa5a745 to remote] http.wire 73 - http-outgoing-642 >> "POST /session/ae7bbef1-9c64-42c4-b5e6-e387daa5a745/element HTTP/1.1[\r][\n]"
02-16-2018 14:29:09 Wire.java DEBUG [Forwarding findElement on session ae7bbef1-9c64-42c4-b5e6-e387daa5a745 to remote] http.wire 73 - http-outgoing-642 >> "Content-Type: application/json; charset=utf-8[\r][\n]"
02-16-2018 14:29:09 Wire.java DEBUG [Forwarding findElement on session ae7bbef1-9c64-42c4-b5e6-e387daa5a745 to remote] http.wire 73 - http-outgoing-642 >> "Content-Length: 66[\r][\n]"
02-16-2018 14:29:09 Wire.java DEBUG [Forwarding findElement on session ae7bbef1-9c64-42c4-b5e6-e387daa5a745 to remote] http.wire 73 - http-outgoing-642 >> "Host: localhost:2384[\r][\n]"
02-16-2018 14:29:09 Wire.java DEBUG [Forwarding findElement on session ae7bbef1-9c64-42c4-b5e6-e387daa5a745 to remote] http.wire 73 - http-outgoing-642 >> "Connection: Keep-Alive[\r][\n]"
02-16-2018 14:29:09 Wire.java DEBUG [Forwarding findElement on session ae7bbef1-9c64-42c4-b5e6-e387daa5a745 to remote] http.wire 73 - http-outgoing-642 >> "User-Agent: Apache-HttpClient/4.5.3 (Java/1.8.0_151)[\r][\n]"
02-16-2018 14:29:09 Wire.java DEBUG [Forwarding findElement on session ae7bbef1-9c64-42c4-b5e6-e387daa5a745 to remote] http.wire 73 - http-outgoing-642 >> "Accept-Encoding: gzip,deflate[\r][\n]"
02-16-2018 14:29:09 Wire.java DEBUG [Forwarding findElement on session ae7bbef1-9c64-42c4-b5e6-e387daa5a745 to remote] http.wire 73 - http-outgoing-642 >> "[\r][\n]"
02-16-2018 14:29:09 Wire.java DEBUG [Forwarding findElement on session ae7bbef1-9c64-42c4-b5e6-e387daa5a745 to remote] http.wire 87 - http-outgoing-642 >> "{"value":"/html/body/div/div[1]/div/nav/div/p[1]","using":"xpath"}"
02-16-2018 14:29:09 Wire.java DEBUG [Forwarding findElement on session ae7bbef1-9c64-42c4-b5e6-e387daa5a745 to remote] http.wire 73 - http-outgoing-642 << "HTTP/1.1 200 OK[\r][\n]"
02-16-2018 14:29:09 Wire.java DEBUG [Forwarding findElement on session ae7bbef1-9c64-42c4-b5e6-e387daa5a745 to remote] http.wire 73 - http-outgoing-642 << "Connection: close[\r][\n]"
02-16-2018 14:29:09 Wire.java DEBUG [Forwarding findElement on session ae7bbef1-9c64-42c4-b5e6-e387daa5a745 to remote] http.wire 73 - http-outgoing-642 << "Content-Type: application/json; charset=utf-8[\r][\n]"
02-16-2018 14:29:09 Wire.java DEBUG [Forwarding findElement on session ae7bbef1-9c64-42c4-b5e6-e387daa5a745 to remote] http.wire 73 - http-outgoing-642 << "Cache-Control: no-cache[\r][\n]"
02-16-2018 14:29:09 Wire.java DEBUG [Forwarding findElement on session ae7bbef1-9c64-42c4-b5e6-e387daa5a745 to remote] http.wire 73 - http-outgoing-642 << "Content-Length: 88[\r][\n]"
02-16-2018 14:29:09 Wire.java DEBUG [Forwarding findElement on session ae7bbef1-9c64-42c4-b5e6-e387daa5a745 to remote] http.wire 73 - http-outgoing-642 << "Date: Fri, 16 Feb 2018 20:29:09 GMT[\r][\n]"
02-16-2018 14:29:09 Wire.java DEBUG [Forwarding findElement on session ae7bbef1-9c64-42c4-b5e6-e387daa5a745 to remote] http.wire 73 - http-outgoing-642 << "[\r][\n]"
02-16-2018 14:29:09 Wire.java DEBUG [Forwarding findElement on session ae7bbef1-9c64-42c4-b5e6-e387daa5a745 to remote] http.wire 87 - http-outgoing-642 << "{"value":{"element-6066-11e4-a52e-4f735466cecf":"844b3bc7-d60a-441e-9821-ab1609c675ec"}}"
02-16-2018 14:29:09 LoggingManagedHttpClientConnection.java DEBUG [Forwarding findElement on session ae7bbef1-9c64-42c4-b5e6-e387daa5a745 to remote] http.headers 122 - http-outgoing-642 << HTTP/1.1 200 OK
02-16-2018 14:29:09 LoggingManagedHttpClientConnection.java DEBUG [Forwarding findElement on session ae7bbef1-9c64-42c4-b5e6-e387daa5a745 to remote] http.headers 125 - http-outgoing-642 << Connection: close
02-16-2018 14:29:09 LoggingManagedHttpClientConnection.java DEBUG [Forwarding findElement on session ae7bbef1-9c64-42c4-b5e6-e387daa5a745 to remote] http.headers 125 - http-outgoing-642 << Content-Type: application/json; charset=utf-8
02-16-2018 14:29:09 LoggingManagedHttpClientConnection.java DEBUG [Forwarding findElement on session ae7bbef1-9c64-42c4-b5e6-e387daa5a745 to remote] http.headers 125 - http-outgoing-642 << Cache-Control: no-cache
02-16-2018 14:29:09 LoggingManagedHttpClientConnection.java DEBUG [Forwarding findElement on session ae7bbef1-9c64-42c4-b5e6-e387daa5a745 to remote] http.headers 125 - http-outgoing-642 << Content-Length: 88
02-16-2018 14:29:09 LoggingManagedHttpClientConnection.java DEBUG [Forwarding findElement on session ae7bbef1-9c64-42c4-b5e6-e387daa5a745 to remote] http.headers 125 - http-outgoing-642 << Date: Fri, 16 Feb 2018 20:29:09 GMT
02-16-2018 14:29:09 LoggingManagedHttpClientConnection.java DEBUG [Forwarding findElement on session ae7bbef1-9c64-42c4-b5e6-e387daa5a745 to remote] conn.DefaultManagedHttpClientConnection 79 - http-outgoing-642: Close connection
02-16-2018 14:29:09 ConnectionHolder.java DEBUG [Forwarding findElement on session ae7bbef1-9c64-42c4-b5e6-e387daa5a745 to remote] execchain.MainClientExec 104 - Connection discarded
02-16-2018 14:29:09 PoolingHttpClientConnectionManager.java DEBUG [Forwarding findElement on session ae7bbef1-9c64-42c4-b5e6-e387daa5a745 to remote] conn.PoolingHttpClientConnectionManager 326 - Connection released: [id: 642][route: {}->http://localhost:2384][total kept alive: 0; route allocated: 0 of 2000; total allocated: 0 of 2000]
02-16-2018 14:29:09 RequestAddCookies.java DEBUG [Forwarding executeScript on session ae7bbef1-9c64-42c4-b5e6-e387daa5a745 to remote] protocol.RequestAddCookies 123 - CookieSpec selected: default
02-16-2018 14:29:09 RequestAuthCache.java DEBUG [Forwarding executeScript on session ae7bbef1-9c64-42c4-b5e6-e387daa5a745 to remote] protocol.RequestAuthCache 77 - Auth cache not set in the context
02-16-2018 14:29:09 PoolingHttpClientConnectionManager.java DEBUG [Forwarding executeScript on session ae7bbef1-9c64-42c4-b5e6-e387daa5a745 to remote] conn.PoolingHttpClientConnectionManager 255 - Connection request: [route: {}->http://localhost:2384][total kept alive: 0; route allocated: 0 of 2000; total allocated: 0 of 2000]
02-16-2018 14:29:09 PoolingHttpClientConnectionManager.java DEBUG [Forwarding executeScript on session ae7bbef1-9c64-42c4-b5e6-e387daa5a745 to remote] conn.PoolingHttpClientConnectionManager 288 - Connection leased: [id: 643][route: {}->http://localhost:2384][total kept alive: 0; route allocated: 1 of 2000; total allocated: 1 of 2000]
02-16-2018 14:29:09 MainClientExec.java DEBUG [Forwarding executeScript on session ae7bbef1-9c64-42c4-b5e6-e387daa5a745 to remote] execchain.MainClientExec 235 - Opening connection {}->http://localhost:2384
02-16-2018 14:29:09 DefaultHttpClientConnectionOperator.java DEBUG [Forwarding executeScript on session ae7bbef1-9c64-42c4-b5e6-e387daa5a745 to remote] conn.DefaultHttpClientConnectionOperator 139 - Connecting to localhost/127.0.0.1:2384
02-16-2018 14:29:09 DefaultHttpClientConnectionOperator.java DEBUG [Forwarding executeScript on session ae7bbef1-9c64-42c4-b5e6-e387daa5a745 to remote] conn.DefaultHttpClientConnectionOperator 146 - Connection established 127.0.0.1:58857<->127.0.0.1:2384
02-16-2018 14:29:09 LoggingManagedHttpClientConnection.java DEBUG [Forwarding executeScript on session ae7bbef1-9c64-42c4-b5e6-e387daa5a745 to remote] conn.DefaultManagedHttpClientConnection 88 - http-outgoing-643: set socket timeout to 10800000
02-16-2018 14:29:09 MainClientExec.java DEBUG [Forwarding executeScript on session ae7bbef1-9c64-42c4-b5e6-e387daa5a745 to remote] execchain.MainClientExec 256 - Executing request POST /session/ae7bbef1-9c64-42c4-b5e6-e387daa5a745/execute/sync HTTP/1.1
02-16-2018 14:29:09 MainClientExec.java DEBUG [Forwarding executeScript on session ae7bbef1-9c64-42c4-b5e6-e387daa5a745 to remote] execchain.MainClientExec 261 - Target auth state: UNCHALLENGED
02-16-2018 14:29:09 MainClientExec.java DEBUG [Forwarding executeScript on session ae7bbef1-9c64-42c4-b5e6-e387daa5a745 to remote] execchain.MainClientExec 267 - Proxy auth state: UNCHALLENGED
02-16-2018 14:29:09 LoggingManagedHttpClientConnection.java DEBUG [Forwarding executeScript on session ae7bbef1-9c64-42c4-b5e6-e387daa5a745 to remote] http.headers 133 - http-outgoing-643 >> POST /session/ae7bbef1-9c64-42c4-b5e6-e387daa5a745/execute/sync HTTP/1.1
02-16-2018 14:29:09 LoggingManagedHttpClientConnection.java DEBUG [Forwarding executeScript on session ae7bbef1-9c64-42c4-b5e6-e387daa5a745 to remote] http.headers 136 - http-outgoing-643 >> Content-Type: application/json; charset=utf-8
02-16-2018 14:29:09 LoggingManagedHttpClientConnection.java DEBUG [Forwarding executeScript on session ae7bbef1-9c64-42c4-b5e6-e387daa5a745 to remote] http.headers 136 - http-outgoing-643 >> Content-Length: 171
02-16-2018 14:29:09 LoggingManagedHttpClientConnection.java DEBUG [Forwarding executeScript on session ae7bbef1-9c64-42c4-b5e6-e387daa5a745 to remote] http.headers 136 - http-outgoing-643 >> Host: localhost:2384
02-16-2018 14:29:09 LoggingManagedHttpClientConnection.java DEBUG [Forwarding executeScript on session ae7bbef1-9c64-42c4-b5e6-e387daa5a745 to remote] http.headers 136 - http-outgoing-643 >> Connection: Keep-Alive
02-16-2018 14:29:09 LoggingManagedHttpClientConnection.java DEBUG [Forwarding executeScript on session ae7bbef1-9c64-42c4-b5e6-e387daa5a745 to remote] http.headers 136 - http-outgoing-643 >> User-Agent: Apache-HttpClient/4.5.3 (Java/1.8.0_151)
02-16-2018 14:29:09 LoggingManagedHttpClientConnection.java DEBUG [Forwarding executeScript on session ae7bbef1-9c64-42c4-b5e6-e387daa5a745 to remote] http.headers 136 - http-outgoing-643 >> Accept-Encoding: gzip,deflate
02-16-2018 14:29:09 Wire.java DEBUG [Forwarding executeScript on session ae7bbef1-9c64-42c4-b5e6-e387daa5a745 to remote] http.wire 73 - http-outgoing-643 >> "POST /session/ae7bbef1-9c64-42c4-b5e6-e387daa5a745/execute/sync HTTP/1.1[\r][\n]"
02-16-2018 14:29:09 Wire.java DEBUG [Forwarding executeScript on session ae7bbef1-9c64-42c4-b5e6-e387daa5a745 to remote] http.wire 73 - http-outgoing-643 >> "Content-Type: application/json; charset=utf-8[\r][\n]"
02-16-2018 14:29:09 Wire.java DEBUG [Forwarding executeScript on session ae7bbef1-9c64-42c4-b5e6-e387daa5a745 to remote] http.wire 73 - http-outgoing-643 >> "Content-Length: 171[\r][\n]"
02-16-2018 14:29:09 Wire.java DEBUG [Forwarding executeScript on session ae7bbef1-9c64-42c4-b5e6-e387daa5a745 to remote] http.wire 73 - http-outgoing-643 >> "Host: localhost:2384[\r][\n]"
02-16-2018 14:29:09 Wire.java DEBUG [Forwarding executeScript on session ae7bbef1-9c64-42c4-b5e6-e387daa5a745 to remote] http.wire 73 - http-outgoing-643 >> "Connection: Keep-Alive[\r][\n]"
02-16-2018 14:29:09 Wire.java DEBUG [Forwarding executeScript on session ae7bbef1-9c64-42c4-b5e6-e387daa5a745 to remote] http.wire 73 - http-outgoing-643 >> "User-Agent: Apache-HttpClient/4.5.3 (Java/1.8.0_151)[\r][\n]"
02-16-2018 14:29:09 Wire.java DEBUG [Forwarding executeScript on session ae7bbef1-9c64-42c4-b5e6-e387daa5a745 to remote] http.wire 73 - http-outgoing-643 >> "Accept-Encoding: gzip,deflate[\r][\n]"
02-16-2018 14:29:09 Wire.java DEBUG [Forwarding executeScript on session ae7bbef1-9c64-42c4-b5e6-e387daa5a745 to remote] http.wire 73 - http-outgoing-643 >> "[\r][\n]"
02-16-2018 14:29:09 Wire.java DEBUG [Forwarding executeScript on session ae7bbef1-9c64-42c4-b5e6-e387daa5a745 to remote] http.wire 87 - http-outgoing-643 >> "{"script":"arguments[0].click();","args":[{"ELEMENT":"844b3bc7-d60a-441e-9821-ab1609c675ec","element-6066-11e4-a52e-4f735466cecf":"844b3bc7-d60a-441e-9821-ab1609c675ec"}]}"
02-16-2018 14:29:09 Wire.java DEBUG [Forwarding executeScript on session ae7bbef1-9c64-42c4-b5e6-e387daa5a745 to remote] http.wire 73 - http-outgoing-643 << "HTTP/1.1 200 OK[\r][\n]"
02-16-2018 14:29:09 Wire.java DEBUG [Forwarding executeScript on session ae7bbef1-9c64-42c4-b5e6-e387daa5a745 to remote] http.wire 73 - http-outgoing-643 << "Connection: close[\r][\n]"
02-16-2018 14:29:09 Wire.java DEBUG [Forwarding executeScript on session ae7bbef1-9c64-42c4-b5e6-e387daa5a745 to remote] http.wire 73 - http-outgoing-643 << "Content-Type: application/json; charset=utf-8[\r][\n]"
02-16-2018 14:29:09 Wire.java DEBUG [Forwarding executeScript on session ae7bbef1-9c64-42c4-b5e6-e387daa5a745 to remote] http.wire 73 - http-outgoing-643 << "Cache-Control: no-cache[\r][\n]"
02-16-2018 14:29:09 Wire.java DEBUG [Forwarding executeScript on session ae7bbef1-9c64-42c4-b5e6-e387daa5a745 to remote] http.wire 73 - http-outgoing-643 << "Content-Length: 14[\r][\n]"
02-16-2018 14:29:09 Wire.java DEBUG [Forwarding executeScript on session ae7bbef1-9c64-42c4-b5e6-e387daa5a745 to remote] http.wire 73 - http-outgoing-643 << "Date: Fri, 16 Feb 2018 20:29:09 GMT[\r][\n]"
02-16-2018 14:29:09 Wire.java DEBUG [Forwarding executeScript on session ae7bbef1-9c64-42c4-b5e6-e387daa5a745 to remote] http.wire 73 - http-outgoing-643 << "[\r][\n]"
02-16-2018 14:29:09 Wire.java DEBUG [Forwarding executeScript on session ae7bbef1-9c64-42c4-b5e6-e387daa5a745 to remote] http.wire 87 - http-outgoing-643 << "{"value":null}"
02-16-2018 14:29:09 LoggingManagedHttpClientConnection.java DEBUG [Forwarding executeScript on session ae7bbef1-9c64-42c4-b5e6-e387daa5a745 to remote] http.headers 122 - http-outgoing-643 << HTTP/1.1 200 OK
02-16-2018 14:29:09 LoggingManagedHttpClientConnection.java DEBUG [Forwarding executeScript on session ae7bbef1-9c64-42c4-b5e6-e387daa5a745 to remote] http.headers 125 - http-outgoing-643 << Connection: close
02-16-2018 14:29:09 LoggingManagedHttpClientConnection.java DEBUG [Forwarding executeScript on session ae7bbef1-9c64-42c4-b5e6-e387daa5a745 to remote] http.headers 125 - http-outgoing-643 << Content-Type: application/json; charset=utf-8
02-16-2018 14:29:09 LoggingManagedHttpClientConnection.java DEBUG [Forwarding executeScript on session ae7bbef1-9c64-42c4-b5e6-e387daa5a745 to remote] http.headers 125 - http-outgoing-643 << Cache-Control: no-cache
02-16-2018 14:29:09 LoggingManagedHttpClientConnection.java DEBUG [Forwarding executeScript on session ae7bbef1-9c64-42c4-b5e6-e387daa5a745 to remote] http.headers 125 - http-outgoing-643 << Content-Length: 14
02-16-2018 14:29:09 LoggingManagedHttpClientConnection.java DEBUG [Forwarding executeScript on session ae7bbef1-9c64-42c4-b5e6-e387daa5a745 to remote] http.headers 125 - http-outgoing-643 << Date: Fri, 16 Feb 2018 20:29:09 GMT
02-16-2018 14:29:09 LoggingManagedHttpClientConnection.java DEBUG [Forwarding executeScript on session ae7bbef1-9c64-42c4-b5e6-e387daa5a745 to remote] conn.DefaultManagedHttpClientConnection 79 - http-outgoing-643: Close connection
02-16-2018 14:29:09 ConnectionHolder.java DEBUG [Forwarding executeScript on session ae7bbef1-9c64-42c4-b5e6-e387daa5a745 to remote] execchain.MainClientExec 104 - Connection discarded
02-16-2018 14:29:09 PoolingHttpClientConnectionManager.java DEBUG [Forwarding executeScript on session ae7bbef1-9c64-42c4-b5e6-e387daa5a745 to remote] conn.PoolingHttpClientConnectionManager 326 - Connection released: [id: 643][route: {}->http://localhost:2384][total kept alive: 0; route allocated: 0 of 2000; total allocated: 0 of 2000]
02-16-2018 14:29:09 RequestAddCookies.java DEBUG [Forwarding findElement on session ae7bbef1-9c64-42c4-b5e6-e387daa5a745 to remote] protocol.RequestAddCookies 123 - CookieSpec selected: default
02-16-2018 14:29:09 RequestAuthCache.java DEBUG [Forwarding findElement on session ae7bbef1-9c64-42c4-b5e6-e387daa5a745 to remote] protocol.RequestAuthCache 77 - Auth cache not set in the context
02-16-2018 14:29:09 PoolingHttpClientConnectionManager.java DEBUG [Forwarding findElement on session ae7bbef1-9c64-42c4-b5e6-e387daa5a745 to remote] conn.PoolingHttpClientConnectionManager 255 - Connection request: [route: {}->http://localhost:2384][total kept alive: 0; route allocated: 0 of 2000; total allocated: 0 of 2000]
02-16-2018 14:29:09 PoolingHttpClientConnectionManager.java DEBUG [Forwarding findElement on session ae7bbef1-9c64-42c4-b5e6-e387daa5a745 to remote] conn.PoolingHttpClientConnectionManager 288 - Connection leased: [id: 644][route: {}->http://localhost:2384][total kept alive: 0; route allocated: 1 of 2000; total allocated: 1 of 2000]
02-16-2018 14:29:09 MainClientExec.java DEBUG [Forwarding findElement on session ae7bbef1-9c64-42c4-b5e6-e387daa5a745 to remote] execchain.MainClientExec 235 - Opening connection {}->http://localhost:2384
02-16-2018 14:29:09 DefaultHttpClientConnectionOperator.java DEBUG [Forwarding findElement on session ae7bbef1-9c64-42c4-b5e6-e387daa5a745 to remote] conn.DefaultHttpClientConnectionOperator 139 - Connecting to localhost/127.0.0.1:2384
02-16-2018 14:29:09 DefaultHttpClientConnectionOperator.java DEBUG [Forwarding findElement on session ae7bbef1-9c64-42c4-b5e6-e387daa5a745 to remote] conn.DefaultHttpClientConnectionOperator 146 - Connection established 127.0.0.1:58858<->127.0.0.1:2384
02-16-2018 14:29:09 LoggingManagedHttpClientConnection.java DEBUG [Forwarding findElement on session ae7bbef1-9c64-42c4-b5e6-e387daa5a745 to remote] conn.DefaultManagedHttpClientConnection 88 - http-outgoing-644: set socket timeout to 10800000
02-16-2018 14:29:09 MainClientExec.java DEBUG [Forwarding findElement on session ae7bbef1-9c64-42c4-b5e6-e387daa5a745 to remote] execchain.MainClientExec 256 - Executing request POST /session/ae7bbef1-9c64-42c4-b5e6-e387daa5a745/element HTTP/1.1
02-16-2018 14:29:09 MainClientExec.java DEBUG [Forwarding findElement on session ae7bbef1-9c64-42c4-b5e6-e387daa5a745 to remote] execchain.MainClientExec 261 - Target auth state: UNCHALLENGED
02-16-2018 14:29:09 MainClientExec.java DEBUG [Forwarding findElement on session ae7bbef1-9c64-42c4-b5e6-e387daa5a745 to remote] execchain.MainClientExec 267 - Proxy auth state: UNCHALLENGED
02-16-2018 14:29:09 LoggingManagedHttpClientConnection.java DEBUG [Forwarding findElement on session ae7bbef1-9c64-42c4-b5e6-e387daa5a745 to remote] http.headers 133 - http-outgoing-644 >> POST /session/ae7bbef1-9c64-42c4-b5e6-e387daa5a745/element HTTP/1.1
02-16-2018 14:29:09 LoggingManagedHttpClientConnection.java DEBUG [Forwarding findElement on session ae7bbef1-9c64-42c4-b5e6-e387daa5a745 to remote] http.headers 136 - http-outgoing-644 >> Content-Type: application/json; charset=utf-8
02-16-2018 14:29:09 LoggingManagedHttpClientConnection.java DEBUG [Forwarding findElement on session ae7bbef1-9c64-42c4-b5e6-e387daa5a745 to remote] http.headers 136 - http-outgoing-644 >> Content-Length: 66
02-16-2018 14:29:09 LoggingManagedHttpClientConnection.java DEBUG [Forwarding findElement on session ae7bbef1-9c64-42c4-b5e6-e387daa5a745 to remote] http.headers 136 - http-outgoing-644 >> Host: localhost:2384
02-16-2018 14:29:09 LoggingManagedHttpClientConnection.java DEBUG [Forwarding findElement on session ae7bbef1-9c64-42c4-b5e6-e387daa5a745 to remote] http.headers 136 - http-outgoing-644 >> Connection: Keep-Alive
02-16-2018 14:29:09 LoggingManagedHttpClientConnection.java DEBUG [Forwarding findElement on session ae7bbef1-9c64-42c4-b5e6-e387daa5a745 to remote] http.headers 136 - http-outgoing-644 >> User-Agent: Apache-HttpClient/4.5.3 (Java/1.8.0_151)
02-16-2018 14:29:09 LoggingManagedHttpClientConnection.java DEBUG [Forwarding findElement on session ae7bbef1-9c64-42c4-b5e6-e387daa5a745 to remote] http.headers 136 - http-outgoing-644 >> Accept-Encoding: gzip,deflate
02-16-2018 14:29:09 Wire.java DEBUG [Forwarding findElement on session ae7bbef1-9c64-42c4-b5e6-e387daa5a745 to remote] http.wire 73 - http-outgoing-644 >> "POST /session/ae7bbef1-9c64-42c4-b5e6-e387daa5a745/element HTTP/1.1[\r][\n]"
02-16-2018 14:29:09 Wire.java DEBUG [Forwarding findElement on session ae7bbef1-9c64-42c4-b5e6-e387daa5a745 to remote] http.wire 73 - http-outgoing-644 >> "Content-Type: application/json; charset=utf-8[\r][\n]"
02-16-2018 14:29:09 Wire.java DEBUG [Forwarding findElement on session ae7bbef1-9c64-42c4-b5e6-e387daa5a745 to remote] http.wire 73 - http-outgoing-644 >> "Content-Length: 66[\r][\n]"
02-16-2018 14:29:09 Wire.java DEBUG [Forwarding findElement on session ae7bbef1-9c64-42c4-b5e6-e387daa5a745 to remote] http.wire 73 - http-outgoing-644 >> "Host: localhost:2384[\r][\n]"
02-16-2018 14:29:09 Wire.java DEBUG [Forwarding findElement on session ae7bbef1-9c64-42c4-b5e6-e387daa5a745 to remote] http.wire 73 - http-outgoing-644 >> "Connection: Keep-Alive[\r][\n]"
02-16-2018 14:29:09 Wire.java DEBUG [Forwarding findElement on session ae7bbef1-9c64-42c4-b5e6-e387daa5a745 to remote] http.wire 73 - http-outgoing-644 >> "User-Agent: Apache-HttpClient/4.5.3 (Java/1.8.0_151)[\r][\n]"
02-16-2018 14:29:09 Wire.java DEBUG [Forwarding findElement on session ae7bbef1-9c64-42c4-b5e6-e387daa5a745 to remote] http.wire 73 - http-outgoing-644 >> "Accept-Encoding: gzip,deflate[\r][\n]"
02-16-2018 14:29:09 Wire.java DEBUG [Forwarding findElement on session ae7bbef1-9c64-42c4-b5e6-e387daa5a745 to remote] http.wire 73 - http-outgoing-644 >> "[\r][\n]"
02-16-2018 14:29:09 Wire.java DEBUG [Forwarding findElement on session ae7bbef1-9c64-42c4-b5e6-e387daa5a745 to remote] http.wire 87 - http-outgoing-644 >> "{"value":"/html/body/div/div[1]/div/nav/div/p[1]","using":"xpath"}"
02-16-2018 14:29:09 Wire.java DEBUG [Forwarding findElement on session ae7bbef1-9c64-42c4-b5e6-e387daa5a745 to remote] http.wire 73 - http-outgoing-644 << "HTTP/1.1 200 OK[\r][\n]"
02-16-2018 14:29:09 Wire.java DEBUG [Forwarding findElement on session ae7bbef1-9c64-42c4-b5e6-e387daa5a745 to remote] http.wire 73 - http-outgoing-644 << "Connection: close[\r][\n]"
02-16-2018 14:29:09 Wire.java DEBUG [Forwarding findElement on session ae7bbef1-9c64-42c4-b5e6-e387daa5a745 to remote] http.wire 73 - http-outgoing-644 << "Content-Type: application/json; charset=utf-8[\r][\n]"
02-16-2018 14:29:09 Wire.java DEBUG [Forwarding findElement on session ae7bbef1-9c64-42c4-b5e6-e387daa5a745 to remote] http.wire 73 - http-outgoing-644 << "Cache-Control: no-cache[\r][\n]"
02-16-2018 14:29:09 Wire.java DEBUG [Forwarding findElement on session ae7bbef1-9c64-42c4-b5e6-e387daa5a745 to remote] http.wire 73 - http-outgoing-644 << "Content-Length: 88[\r][\n]"
02-16-2018 14:29:09 Wire.java DEBUG [Forwarding findElement on session ae7bbef1-9c64-42c4-b5e6-e387daa5a745 to remote] http.wire 73 - http-outgoing-644 << "Date: Fri, 16 Feb 2018 20:29:09 GMT[\r][\n]"
02-16-2018 14:29:09 Wire.java DEBUG [Forwarding findElement on session ae7bbef1-9c64-42c4-b5e6-e387daa5a745 to remote] http.wire 73 - http-outgoing-644 << "[\r][\n]"
02-16-2018 14:29:09 Wire.java DEBUG [Forwarding findElement on session ae7bbef1-9c64-42c4-b5e6-e387daa5a745 to remote] http.wire 87 - http-outgoing-644 << "{"value":{"element-6066-11e4-a52e-4f735466cecf":"844b3bc7-d60a-441e-9821-ab1609c675ec"}}"
02-16-2018 14:29:09 LoggingManagedHttpClientConnection.java DEBUG [Forwarding findElement on session ae7bbef1-9c64-42c4-b5e6-e387daa5a745 to remote] http.headers 122 - http-outgoing-644 << HTTP/1.1 200 OK
02-16-2018 14:29:09 LoggingManagedHttpClientConnection.java DEBUG [Forwarding findElement on session ae7bbef1-9c64-42c4-b5e6-e387daa5a745 to remote] http.headers 125 - http-outgoing-644 << Connection: close
02-16-2018 14:29:09 LoggingManagedHttpClientConnection.java DEBUG [Forwarding findElement on session ae7bbef1-9c64-42c4-b5e6-e387daa5a745 to remote] http.headers 125 - http-outgoing-644 << Content-Type: application/json; charset=utf-8
02-16-2018 14:29:09 LoggingManagedHttpClientConnection.java DEBUG [Forwarding findElement on session ae7bbef1-9c64-42c4-b5e6-e387daa5a745 to remote] http.headers 125 - http-outgoing-644 << Cache-Control: no-cache
02-16-2018 14:29:09 LoggingManagedHttpClientConnection.java DEBUG [Forwarding findElement on session ae7bbef1-9c64-42c4-b5e6-e387daa5a745 to remote] http.headers 125 - http-outgoing-644 << Content-Length: 88
02-16-2018 14:29:09 LoggingManagedHttpClientConnection.java DEBUG [Forwarding findElement on session ae7bbef1-9c64-42c4-b5e6-e387daa5a745 to remote] http.headers 125 - http-outgoing-644 << Date: Fri, 16 Feb 2018 20:29:09 GMT
02-16-2018 14:29:09 LoggingManagedHttpClientConnection.java DEBUG [Forwarding findElement on session ae7bbef1-9c64-42c4-b5e6-e387daa5a745 to remote] conn.DefaultManagedHttpClientConnection 79 - http-outgoing-644: Close connection
02-16-2018 14:29:09 ConnectionHolder.java DEBUG [Forwarding findElement on session ae7bbef1-9c64-42c4-b5e6-e387daa5a745 to remote] execchain.MainClientExec 104 - Connection discarded
02-16-2018 14:29:09 PoolingHttpClientConnectionManager.java DEBUG [Forwarding findElement on session ae7bbef1-9c64-42c4-b5e6-e387daa5a745 to remote] conn.PoolingHttpClientConnectionManager 326 - Connection released: [id: 644][route: {}->http://localhost:2384][total kept alive: 0; route allocated: 0 of 2000; total allocated: 0 of 2000]
02-16-2018 14:29:09 RequestAddCookies.java DEBUG [Forwarding getElementText on session ae7bbef1-9c64-42c4-b5e6-e387daa5a745 to remote] protocol.RequestAddCookies 123 - CookieSpec selected: default
02-16-2018 14:29:09 RequestAuthCache.java DEBUG [Forwarding getElementText on session ae7bbef1-9c64-42c4-b5e6-e387daa5a745 to remote] protocol.RequestAuthCache 77 - Auth cache not set in the context
02-16-2018 14:29:09 PoolingHttpClientConnectionManager.java DEBUG [Forwarding getElementText on session ae7bbef1-9c64-42c4-b5e6-e387daa5a745 to remote] conn.PoolingHttpClientConnectionManager 255 - Connection request: [route: {}->http://localhost:2384][total kept alive: 0; route allocated: 0 of 2000; total allocated: 0 of 2000]
02-16-2018 14:29:09 PoolingHttpClientConnectionManager.java DEBUG [Forwarding getElementText on session ae7bbef1-9c64-42c4-b5e6-e387daa5a745 to remote] conn.PoolingHttpClientConnectionManager 288 - Connection leased: [id: 645][route: {}->http://localhost:2384][total kept alive: 0; route allocated: 1 of 2000; total allocated: 1 of 2000]
02-16-2018 14:29:09 MainClientExec.java DEBUG [Forwarding getElementText on session ae7bbef1-9c64-42c4-b5e6-e387daa5a745 to remote] execchain.MainClientExec 235 - Opening connection {}->http://localhost:2384
02-16-2018 14:29:09 DefaultHttpClientConnectionOperator.java DEBUG [Forwarding getElementText on session ae7bbef1-9c64-42c4-b5e6-e387daa5a745 to remote] conn.DefaultHttpClientConnectionOperator 139 - Connecting to localhost/127.0.0.1:2384
02-16-2018 14:29:09 DefaultHttpClientConnectionOperator.java DEBUG [Forwarding getElementText on session ae7bbef1-9c64-42c4-b5e6-e387daa5a745 to remote] conn.DefaultHttpClientConnectionOperator 146 - Connection established 127.0.0.1:58859<->127.0.0.1:2384
02-16-2018 14:29:09 LoggingManagedHttpClientConnection.java DEBUG [Forwarding getElementText on session ae7bbef1-9c64-42c4-b5e6-e387daa5a745 to remote] conn.DefaultManagedHttpClientConnection 88 - http-outgoing-645: set socket timeout to 10800000
02-16-2018 14:29:09 MainClientExec.java DEBUG [Forwarding getElementText on session ae7bbef1-9c64-42c4-b5e6-e387daa5a745 to remote] execchain.MainClientExec 256 - Executing request GET /session/ae7bbef1-9c64-42c4-b5e6-e387daa5a745/element/844b3bc7-d60a-441e-9821-ab1609c675ec/text HTTP/1.1
02-16-2018 14:29:09 MainClientExec.java DEBUG [Forwarding getElementText on session ae7bbef1-9c64-42c4-b5e6-e387daa5a745 to remote] execchain.MainClientExec 261 - Target auth state: UNCHALLENGED
02-16-2018 14:29:09 MainClientExec.java DEBUG [Forwarding getElementText on session ae7bbef1-9c64-42c4-b5e6-e387daa5a745 to remote] execchain.MainClientExec 267 - Proxy auth state: UNCHALLENGED
02-16-2018 14:29:09 LoggingManagedHttpClientConnection.java DEBUG [Forwarding getElementText on session ae7bbef1-9c64-42c4-b5e6-e387daa5a745 to remote] http.headers 133 - http-outgoing-645 >> GET /session/ae7bbef1-9c64-42c4-b5e6-e387daa5a745/element/844b3bc7-d60a-441e-9821-ab1609c675ec/text HTTP/1.1
02-16-2018 14:29:09 LoggingManagedHttpClientConnection.java DEBUG [Forwarding getElementText on session ae7bbef1-9c64-42c4-b5e6-e387daa5a745 to remote] http.headers 136 - http-outgoing-645 >> Cache-Control: no-cache
02-16-2018 14:29:09 LoggingManagedHttpClientConnection.java DEBUG [Forwarding getElementText on session ae7bbef1-9c64-42c4-b5e6-e387daa5a745 to remote] http.headers 136 - http-outgoing-645 >> Host: localhost:2384
02-16-2018 14:29:09 LoggingManagedHttpClientConnection.java DEBUG [Forwarding getElementText on session ae7bbef1-9c64-42c4-b5e6-e387daa5a745 to remote] http.headers 136 - http-outgoing-645 >> Connection: Keep-Alive
02-16-2018 14:29:09 LoggingManagedHttpClientConnection.java DEBUG [Forwarding getElementText on session ae7bbef1-9c64-42c4-b5e6-e387daa5a745 to remote] http.headers 136 - http-outgoing-645 >> User-Agent: Apache-HttpClient/4.5.3 (Java/1.8.0_151)
02-16-2018 14:29:09 LoggingManagedHttpClientConnection.java DEBUG [Forwarding getElementText on session ae7bbef1-9c64-42c4-b5e6-e387daa5a745 to remote] http.headers 136 - http-outgoing-645 >> Accept-Encoding: gzip,deflate
02-16-2018 14:29:09 Wire.java DEBUG [Forwarding getElementText on session ae7bbef1-9c64-42c4-b5e6-e387daa5a745 to remote] http.wire 73 - http-outgoing-645 >> "GET /session/ae7bbef1-9c64-42c4-b5e6-e387daa5a745/element/844b3bc7-d60a-441e-9821-ab1609c675ec/text HTTP/1.1[\r][\n]"
02-16-2018 14:29:09 Wire.java DEBUG [Forwarding getElementText on session ae7bbef1-9c64-42c4-b5e6-e387daa5a745 to remote] http.wire 73 - http-outgoing-645 >> "Cache-Control: no-cache[\r][\n]"
02-16-2018 14:29:09 Wire.java DEBUG [Forwarding getElementText on session ae7bbef1-9c64-42c4-b5e6-e387daa5a745 to remote] http.wire 73 - http-outgoing-645 >> "Host: localhost:2384[\r][\n]"
02-16-2018 14:29:09 Wire.java DEBUG [Forwarding getElementText on session ae7bbef1-9c64-42c4-b5e6-e387daa5a745 to remote] http.wire 73 - http-outgoing-645 >> "Connection: Keep-Alive[\r][\n]"
02-16-2018 14:29:09 Wire.java DEBUG [Forwarding getElementText on session ae7bbef1-9c64-42c4-b5e6-e387daa5a745 to remote] http.wire 73 - http-outgoing-645 >> "User-Agent: Apache-HttpClient/4.5.3 (Java/1.8.0_151)[\r][\n]"
02-16-2018 14:29:09 Wire.java DEBUG [Forwarding getElementText on session ae7bbef1-9c64-42c4-b5e6-e387daa5a745 to remote] http.wire 73 - http-outgoing-645 >> "Accept-Encoding: gzip,deflate[\r][\n]"
02-16-2018 14:29:09 Wire.java DEBUG [Forwarding getElementText on session ae7bbef1-9c64-42c4-b5e6-e387daa5a745 to remote] http.wire 73 - http-outgoing-645 >> "[\r][\n]"
02-16-2018 14:29:09 Wire.java DEBUG [Forwarding getElementText on session ae7bbef1-9c64-42c4-b5e6-e387daa5a745 to remote] http.wire 73 - http-outgoing-645 << "HTTP/1.1 200 OK[\r][\n]"
02-16-2018 14:29:09 Wire.java DEBUG [Forwarding getElementText on session ae7bbef1-9c64-42c4-b5e6-e387daa5a745 to remote] http.wire 73 - http-outgoing-645 << "Connection: close[\r][\n]"
02-16-2018 14:29:09 Wire.java DEBUG [Forwarding getElementText on session ae7bbef1-9c64-42c4-b5e6-e387daa5a745 to remote] http.wire 73 - http-outgoing-645 << "Content-Type: application/json; charset=utf-8[\r][\n]"
02-16-2018 14:29:09 Wire.java DEBUG [Forwarding getElementText on session ae7bbef1-9c64-42c4-b5e6-e387daa5a745 to remote] http.wire 73 - http-outgoing-645 << "Cache-Control: no-cache[\r][\n]"
02-16-2018 14:29:09 Wire.java DEBUG [Forwarding getElementText on session ae7bbef1-9c64-42c4-b5e6-e387daa5a745 to remote] http.wire 73 - http-outgoing-645 << "Content-Length: 20[\r][\n]"
02-16-2018 14:29:09 Wire.java DEBUG [Forwarding getElementText on session ae7bbef1-9c64-42c4-b5e6-e387daa5a745 to remote] http.wire 73 - http-outgoing-645 << "Date: Fri, 16 Feb 2018 20:29:09 GMT[\r][\n]"
02-16-2018 14:29:09 Wire.java DEBUG [Forwarding getElementText on session ae7bbef1-9c64-42c4-b5e6-e387daa5a745 to remote] http.wire 73 - http-outgoing-645 << "[\r][\n]"
02-16-2018 14:29:09 Wire.java DEBUG [Forwarding getElementText on session ae7bbef1-9c64-42c4-b5e6-e387daa5a745 to remote] http.wire 87 - http-outgoing-645 << "{"value":"Shirisha"}"
02-16-2018 14:29:09 LoggingManagedHttpClientConnection.java DEBUG [Forwarding getElementText on session ae7bbef1-9c64-42c4-b5e6-e387daa5a745 to remote] http.headers 122 - http-outgoing-645 << HTTP/1.1 200 OK
02-16-2018 14:29:09 LoggingManagedHttpClientConnection.java DEBUG [Forwarding getElementText on session ae7bbef1-9c64-42c4-b5e6-e387daa5a745 to remote] http.headers 125 - http-outgoing-645 << Connection: close
02-16-2018 14:29:09 LoggingManagedHttpClientConnection.java DEBUG [Forwarding getElementText on session ae7bbef1-9c64-42c4-b5e6-e387daa5a745 to remote] http.headers 125 - http-outgoing-645 << Content-Type: application/json; charset=utf-8
02-16-2018 14:29:09 LoggingManagedHttpClientConnection.java DEBUG [Forwarding getElementText on session ae7bbef1-9c64-42c4-b5e6-e387daa5a745 to remote] http.headers 125 - http-outgoing-645 << Cache-Control: no-cache
02-16-2018 14:29:09 LoggingManagedHttpClientConnection.java DEBUG [Forwarding getElementText on session ae7bbef1-9c64-42c4-b5e6-e387daa5a745 to remote] http.headers 125 - http-outgoing-645 << Content-Length: 20
02-16-2018 14:29:09 LoggingManagedHttpClientConnection.java DEBUG [Forwarding getElementText on session ae7bbef1-9c64-42c4-b5e6-e387daa5a745 to remote] http.headers 125 - http-outgoing-645 << Date: Fri, 16 Feb 2018 20:29:09 GMT
02-16-2018 14:29:09 LoggingManagedHttpClientConnection.java DEBUG [Forwarding getElementText on session ae7bbef1-9c64-42c4-b5e6-e387daa5a745 to remote] conn.DefaultManagedHttpClientConnection 79 - http-outgoing-645: Close connection
02-16-2018 14:29:09 ConnectionHolder.java DEBUG [Forwarding getElementText on session ae7bbef1-9c64-42c4-b5e6-e387daa5a745 to remote] execchain.MainClientExec 104 - Connection discarded
02-16-2018 14:29:09 PoolingHttpClientConnectionManager.java DEBUG [Forwarding getElementText on session ae7bbef1-9c64-42c4-b5e6-e387daa5a745 to remote] conn.PoolingHttpClientConnectionManager 326 - Connection released: [id: 645][route: {}->http://localhost:2384][total kept alive: 0; route allocated: 0 of 2000; total allocated: 0 of 2000]
02-16-2018 14:29:09 RequestAddCookies.java DEBUG [Forwarding findElement on session ae7bbef1-9c64-42c4-b5e6-e387daa5a745 to remote] protocol.RequestAddCookies 123 - CookieSpec selected: default
02-16-2018 14:29:09 RequestAuthCache.java DEBUG [Forwarding findElement on session ae7bbef1-9c64-42c4-b5e6-e387daa5a745 to remote] protocol.RequestAuthCache 77 - Auth cache not set in the context
02-16-2018 14:29:09 PoolingHttpClientConnectionManager.java DEBUG [Forwarding findElement on session ae7bbef1-9c64-42c4-b5e6-e387daa5a745 to remote] conn.PoolingHttpClientConnectionManager 255 - Connection request: [route: {}->http://localhost:2384][total kept alive: 0; route allocated: 0 of 2000; total allocated: 0 of 2000]
02-16-2018 14:29:09 PoolingHttpClientConnectionManager.java DEBUG [Forwarding findElement on session ae7bbef1-9c64-42c4-b5e6-e387daa5a745 to remote] conn.PoolingHttpClientConnectionManager 288 - Connection leased: [id: 646][route: {}->http://localhost:2384][total kept alive: 0; route allocated: 1 of 2000; total allocated: 1 of 2000]
02-16-2018 14:29:09 MainClientExec.java DEBUG [Forwarding findElement on session ae7bbef1-9c64-42c4-b5e6-e387daa5a745 to remote] execchain.MainClientExec 235 - Opening connection {}->http://localhost:2384
02-16-2018 14:29:09 DefaultHttpClientConnectionOperator.java DEBUG [Forwarding findElement on session ae7bbef1-9c64-42c4-b5e6-e387daa5a745 to remote] conn.DefaultHttpClientConnectionOperator 139 - Connecting to localhost/127.0.0.1:2384
02-16-2018 14:29:09 DefaultHttpClientConnectionOperator.java DEBUG [Forwarding findElement on session ae7bbef1-9c64-42c4-b5e6-e387daa5a745 to remote] conn.DefaultHttpClientConnectionOperator 146 - Connection established 127.0.0.1:58860<->127.0.0.1:2384
02-16-2018 14:29:09 LoggingManagedHttpClientConnection.java DEBUG [Forwarding findElement on session ae7bbef1-9c64-42c4-b5e6-e387daa5a745 to remote] conn.DefaultManagedHttpClientConnection 88 - http-outgoing-646: set socket timeout to 10800000
02-16-2018 14:29:09 MainClientExec.java DEBUG [Forwarding findElement on session ae7bbef1-9c64-42c4-b5e6-e387daa5a745 to remote] execchain.MainClientExec 256 - Executing request POST /session/ae7bbef1-9c64-42c4-b5e6-e387daa5a745/element HTTP/1.1
02-16-2018 14:29:09 MainClientExec.java DEBUG [Forwarding findElement on session ae7bbef1-9c64-42c4-b5e6-e387daa5a745 to remote] execchain.MainClientExec 261 - Target auth state: UNCHALLENGED
02-16-2018 14:29:09 MainClientExec.java DEBUG [Forwarding findElement on session ae7bbef1-9c64-42c4-b5e6-e387daa5a745 to remote] execchain.MainClientExec 267 - Proxy auth state: UNCHALLENGED
02-16-2018 14:29:09 LoggingManagedHttpClientConnection.java DEBUG [Forwarding findElement on session ae7bbef1-9c64-42c4-b5e6-e387daa5a745 to remote] http.headers 133 - http-outgoing-646 >> POST /session/ae7bbef1-9c64-42c4-b5e6-e387daa5a745/element HTTP/1.1
02-16-2018 14:29:09 LoggingManagedHttpClientConnection.java DEBUG [Forwarding findElement on session ae7bbef1-9c64-42c4-b5e6-e387daa5a745 to remote] http.headers 136 - http-outgoing-646 >> Content-Type: application/json; charset=utf-8
02-16-2018 14:29:09 LoggingManagedHttpClientConnection.java DEBUG [Forwarding findElement on session ae7bbef1-9c64-42c4-b5e6-e387daa5a745 to remote] http.headers 136 - http-outgoing-646 >> Content-Length: 118
02-16-2018 14:29:09 LoggingManagedHttpClientConnection.java DEBUG [Forwarding findElement on session ae7bbef1-9c64-42c4-b5e6-e387daa5a745 to remote] http.headers 136 - http-outgoing-646 >> Host: localhost:2384
02-16-2018 14:29:09 LoggingManagedHttpClientConnection.java DEBUG [Forwarding findElement on session ae7bbef1-9c64-42c4-b5e6-e387daa5a745 to remote] http.headers 136 - http-outgoing-646 >> Connection: Keep-Alive
02-16-2018 14:29:09 LoggingManagedHttpClientConnection.java DEBUG [Forwarding findElement on session ae7bbef1-9c64-42c4-b5e6-e387daa5a745 to remote] http.headers 136 - http-outgoing-646 >> User-Agent: Apache-HttpClient/4.5.3 (Java/1.8.0_151)
02-16-2018 14:29:09 LoggingManagedHttpClientConnection.java DEBUG [Forwarding findElement on session ae7bbef1-9c64-42c4-b5e6-e387daa5a745 to remote] http.headers 136 - http-outgoing-646 >> Accept-Encoding: gzip,deflate
02-16-2018 14:29:09 Wire.java DEBUG [Forwarding findElement on session ae7bbef1-9c64-42c4-b5e6-e387daa5a745 to remote] http.wire 73 - http-outgoing-646 >> "POST /session/ae7bbef1-9c64-42c4-b5e6-e387daa5a745/element HTTP/1.1[\r][\n]"
02-16-2018 14:29:09 Wire.java DEBUG [Forwarding findElement on session ae7bbef1-9c64-42c4-b5e6-e387daa5a745 to remote] http.wire 73 - http-outgoing-646 >> "Content-Type: application/json; charset=utf-8[\r][\n]"
02-16-2018 14:29:09 Wire.java DEBUG [Forwarding findElement on session ae7bbef1-9c64-42c4-b5e6-e387daa5a745 to remote] http.wire 73 - http-outgoing-646 >> "Content-Length: 118[\r][\n]"
02-16-2018 14:29:09 Wire.java DEBUG [Forwarding findElement on session ae7bbef1-9c64-42c4-b5e6-e387daa5a745 to remote] http.wire 73 - http-outgoing-646 >> "Host: localhost:2384[\r][\n]"
02-16-2018 14:29:09 Wire.java DEBUG [Forwarding findElement on session ae7bbef1-9c64-42c4-b5e6-e387daa5a745 to remote] http.wire 73 - http-outgoing-646 >> "Connection: Keep-Alive[\r][\n]"
02-16-2018 14:29:09 Wire.java DEBUG [Forwarding findElement on session ae7bbef1-9c64-42c4-b5e6-e387daa5a745 to remote] http.wire 73 - http-outgoing-646 >> "User-Agent: Apache-HttpClient/4.5.3 (Java/1.8.0_151)[\r][\n]"
02-16-2018 14:29:09 Wire.java DEBUG [Forwarding findElement on session ae7bbef1-9c64-42c4-b5e6-e387daa5a745 to remote] http.wire 73 - http-outgoing-646 >> "Accept-Encoding: gzip,deflate[\r][\n]"
02-16-2018 14:29:09 Wire.java DEBUG [Forwarding findElement on session ae7bbef1-9c64-42c4-b5e6-e387daa5a745 to remote] http.wire 73 - http-outgoing-646 >> "[\r][\n]"
02-16-2018 14:29:09 Wire.java DEBUG [Forwarding findElement on session ae7bbef1-9c64-42c4-b5e6-e387daa5a745 to remote] http.wire 87 - http-outgoing-646 >> "{"value":"html/body/div[1]/div[1]/div/div/div[1]/div/div[2]/div[1]/div/div/div/div/center/ul/li[2]/a","using":"xpath"}"
02-16-2018 14:29:09 Wire.java DEBUG [Forwarding findElement on session ae7bbef1-9c64-42c4-b5e6-e387daa5a745 to remote] http.wire 73 - http-outgoing-646 << "HTTP/1.1 200 OK[\r][\n]"
02-16-2018 14:29:09 Wire.java DEBUG [Forwarding findElement on session ae7bbef1-9c64-42c4-b5e6-e387daa5a745 to remote] http.wire 73 - http-outgoing-646 << "Connection: close[\r][\n]"
02-16-2018 14:29:09 Wire.java DEBUG [Forwarding findElement on session ae7bbef1-9c64-42c4-b5e6-e387daa5a745 to remote] http.wire 73 - http-outgoing-646 << "Content-Type: application/json; charset=utf-8[\r][\n]"
02-16-2018 14:29:09 Wire.java DEBUG [Forwarding findElement on session ae7bbef1-9c64-42c4-b5e6-e387daa5a745 to remote] http.wire 73 - http-outgoing-646 << "Cache-Control: no-cache[\r][\n]"
02-16-2018 14:29:09 Wire.java DEBUG [Forwarding findElement on session ae7bbef1-9c64-42c4-b5e6-e387daa5a745 to remote] http.wire 73 - http-outgoing-646 << "Content-Length: 88[\r][\n]"
02-16-2018 14:29:09 Wire.java DEBUG [Forwarding findElement on session ae7bbef1-9c64-42c4-b5e6-e387daa5a745 to remote] http.wire 73 - http-outgoing-646 << "Date: Fri, 16 Feb 2018 20:29:09 GMT[\r][\n]"
02-16-2018 14:29:09 Wire.java DEBUG [Forwarding findElement on session ae7bbef1-9c64-42c4-b5e6-e387daa5a745 to remote] http.wire 73 - http-outgoing-646 << "[\r][\n]"
02-16-2018 14:29:09 Wire.java DEBUG [Forwarding findElement on session ae7bbef1-9c64-42c4-b5e6-e387daa5a745 to remote] http.wire 87 - http-outgoing-646 << "{"value":{"element-6066-11e4-a52e-4f735466cecf":"f481dcc0-c3f8-4f16-840c-7f1462424b50"}}"
02-16-2018 14:29:09 LoggingManagedHttpClientConnection.java DEBUG [Forwarding findElement on session ae7bbef1-9c64-42c4-b5e6-e387daa5a745 to remote] http.headers 122 - http-outgoing-646 << HTTP/1.1 200 OK
02-16-2018 14:29:09 LoggingManagedHttpClientConnection.java DEBUG [Forwarding findElement on session ae7bbef1-9c64-42c4-b5e6-e387daa5a745 to remote] http.headers 125 - http-outgoing-646 << Connection: close
02-16-2018 14:29:09 LoggingManagedHttpClientConnection.java DEBUG [Forwarding findElement on session ae7bbef1-9c64-42c4-b5e6-e387daa5a745 to remote] http.headers 125 - http-outgoing-646 << Content-Type: application/json; charset=utf-8
02-16-2018 14:29:09 LoggingManagedHttpClientConnection.java DEBUG [Forwarding findElement on session ae7bbef1-9c64-42c4-b5e6-e387daa5a745 to remote] http.headers 125 - http-outgoing-646 << Cache-Control: no-cache
02-16-2018 14:29:09 LoggingManagedHttpClientConnection.java DEBUG [Forwarding findElement on session ae7bbef1-9c64-42c4-b5e6-e387daa5a745 to remote] http.headers 125 - http-outgoing-646 << Content-Length: 88
02-16-2018 14:29:09 LoggingManagedHttpClientConnection.java DEBUG [Forwarding findElement on session ae7bbef1-9c64-42c4-b5e6-e387daa5a745 to remote] http.headers 125 - http-outgoing-646 << Date: Fri, 16 Feb 2018 20:29:09 GMT
02-16-2018 14:29:09 LoggingManagedHttpClientConnection.java DEBUG [Forwarding findElement on session ae7bbef1-9c64-42c4-b5e6-e387daa5a745 to remote] conn.DefaultManagedHttpClientConnection 79 - http-outgoing-646: Close connection
02-16-2018 14:29:09 ConnectionHolder.java DEBUG [Forwarding findElement on session ae7bbef1-9c64-42c4-b5e6-e387daa5a745 to remote] execchain.MainClientExec 104 - Connection discarded
02-16-2018 14:29:09 PoolingHttpClientConnectionManager.java DEBUG [Forwarding findElement on session ae7bbef1-9c64-42c4-b5e6-e387daa5a745 to remote] conn.PoolingHttpClientConnectionManager 326 - Connection released: [id: 646][route: {}->http://localhost:2384][total kept alive: 0; route allocated: 0 of 2000; total allocated: 0 of 2000]
02-16-2018 14:29:09 RequestAddCookies.java DEBUG [Forwarding clickElement on session ae7bbef1-9c64-42c4-b5e6-e387daa5a745 to remote] protocol.RequestAddCookies 123 - CookieSpec selected: default
02-16-2018 14:29:09 RequestAuthCache.java DEBUG [Forwarding clickElement on session ae7bbef1-9c64-42c4-b5e6-e387daa5a745 to remote] protocol.RequestAuthCache 77 - Auth cache not set in the context
02-16-2018 14:29:09 PoolingHttpClientConnectionManager.java DEBUG [Forwarding clickElement on session ae7bbef1-9c64-42c4-b5e6-e387daa5a745 to remote] conn.PoolingHttpClientConnectionManager 255 - Connection request: [route: {}->http://localhost:2384][total kept alive: 0; route allocated: 0 of 2000; total allocated: 0 of 2000]
02-16-2018 14:29:09 PoolingHttpClientConnectionManager.java DEBUG [Forwarding clickElement on session ae7bbef1-9c64-42c4-b5e6-e387daa5a745 to remote] conn.PoolingHttpClientConnectionManager 288 - Connection leased: [id: 647][route: {}->http://localhost:2384][total kept alive: 0; route allocated: 1 of 2000; total allocated: 1 of 2000]
02-16-2018 14:29:09 MainClientExec.java DEBUG [Forwarding clickElement on session ae7bbef1-9c64-42c4-b5e6-e387daa5a745 to remote] execchain.MainClientExec 235 - Opening connection {}->http://localhost:2384
02-16-2018 14:29:09 DefaultHttpClientConnectionOperator.java DEBUG [Forwarding clickElement on session ae7bbef1-9c64-42c4-b5e6-e387daa5a745 to remote] conn.DefaultHttpClientConnectionOperator 139 - Connecting to localhost/127.0.0.1:2384
02-16-2018 14:29:09 DefaultHttpClientConnectionOperator.java DEBUG [Forwarding clickElement on session ae7bbef1-9c64-42c4-b5e6-e387daa5a745 to remote] conn.DefaultHttpClientConnectionOperator 146 - Connection established 127.0.0.1:58861<->127.0.0.1:2384
02-16-2018 14:29:09 LoggingManagedHttpClientConnection.java DEBUG [Forwarding clickElement on session ae7bbef1-9c64-42c4-b5e6-e387daa5a745 to remote] conn.DefaultManagedHttpClientConnection 88 - http-outgoing-647: set socket timeout to 10800000
02-16-2018 14:29:09 MainClientExec.java DEBUG [Forwarding clickElement on session ae7bbef1-9c64-42c4-b5e6-e387daa5a745 to remote] execchain.MainClientExec 256 - Executing request POST /session/ae7bbef1-9c64-42c4-b5e6-e387daa5a745/element/f481dcc0-c3f8-4f16-840c-7f1462424b50/click HTTP/1.1
02-16-2018 14:29:09 MainClientExec.java DEBUG [Forwarding clickElement on session ae7bbef1-9c64-42c4-b5e6-e387daa5a745 to remote] execchain.MainClientExec 261 - Target auth state: UNCHALLENGED
02-16-2018 14:29:09 MainClientExec.java DEBUG [Forwarding clickElement on session ae7bbef1-9c64-42c4-b5e6-e387daa5a745 to remote] execchain.MainClientExec 267 - Proxy auth state: UNCHALLENGED
02-16-2018 14:29:09 LoggingManagedHttpClientConnection.java DEBUG [Forwarding clickElement on session ae7bbef1-9c64-42c4-b5e6-e387daa5a745 to remote] http.headers 133 - http-outgoing-647 >> POST /session/ae7bbef1-9c64-42c4-b5e6-e387daa5a745/element/f481dcc0-c3f8-4f16-840c-7f1462424b50/click HTTP/1.1
02-16-2018 14:29:09 LoggingManagedHttpClientConnection.java DEBUG [Forwarding clickElement on session ae7bbef1-9c64-42c4-b5e6-e387daa5a745 to remote] http.headers 136 - http-outgoing-647 >> Content-Type: application/json; charset=utf-8
02-16-2018 14:29:09 LoggingManagedHttpClientConnection.java DEBUG [Forwarding clickElement on session ae7bbef1-9c64-42c4-b5e6-e387daa5a745 to remote] http.headers 136 - http-outgoing-647 >> Content-Length: 45
02-16-2018 14:29:09 LoggingManagedHttpClientConnection.java DEBUG [Forwarding clickElement on session ae7bbef1-9c64-42c4-b5e6-e387daa5a745 to remote] http.headers 136 - http-outgoing-647 >> Host: localhost:2384
02-16-2018 14:29:09 LoggingManagedHttpClientConnection.java DEBUG [Forwarding clickElement on session ae7bbef1-9c64-42c4-b5e6-e387daa5a745 to remote] http.headers 136 - http-outgoing-647 >> Connection: Keep-Alive
02-16-2018 14:29:09 LoggingManagedHttpClientConnection.java DEBUG [Forwarding clickElement on session ae7bbef1-9c64-42c4-b5e6-e387daa5a745 to remote] http.headers 136 - http-outgoing-647 >> User-Agent: Apache-HttpClient/4.5.3 (Java/1.8.0_151)
02-16-2018 14:29:09 LoggingManagedHttpClientConnection.java DEBUG [Forwarding clickElement on session ae7bbef1-9c64-42c4-b5e6-e387daa5a745 to remote] http.headers 136 - http-outgoing-647 >> Accept-Encoding: gzip,deflate
02-16-2018 14:29:09 Wire.java DEBUG [Forwarding clickElement on session ae7bbef1-9c64-42c4-b5e6-e387daa5a745 to remote] http.wire 73 - http-outgoing-647 >> "POST /session/ae7bbef1-9c64-42c4-b5e6-e387daa5a745/element/f481dcc0-c3f8-4f16-840c-7f1462424b50/click HTTP/1.1[\r][\n]"
02-16-2018 14:29:09 Wire.java DEBUG [Forwarding clickElement on session ae7bbef1-9c64-42c4-b5e6-e387daa5a745 to remote] http.wire 73 - http-outgoing-647 >> "Content-Type: application/json; charset=utf-8[\r][\n]"
02-16-2018 14:29:09 Wire.java DEBUG [Forwarding clickElement on session ae7bbef1-9c64-42c4-b5e6-e387daa5a745 to remote] http.wire 73 - http-outgoing-647 >> "Content-Length: 45[\r][\n]"
02-16-2018 14:29:09 Wire.java DEBUG [Forwarding clickElement on session ae7bbef1-9c64-42c4-b5e6-e387daa5a745 to remote] http.wire 73 - http-outgoing-647 >> "Host: localhost:2384[\r][\n]"
02-16-2018 14:29:09 Wire.java DEBUG [Forwarding clickElement on session ae7bbef1-9c64-42c4-b5e6-e387daa5a745 to remote] http.wire 73 - http-outgoing-647 >> "Connection: Keep-Alive[\r][\n]"
02-16-2018 14:29:09 Wire.java DEBUG [Forwarding clickElement on session ae7bbef1-9c64-42c4-b5e6-e387daa5a745 to remote] http.wire 73 - http-outgoing-647 >> "User-Agent: Apache-HttpClient/4.5.3 (Java/1.8.0_151)[\r][\n]"
02-16-2018 14:29:09 Wire.java DEBUG [Forwarding clickElement on session ae7bbef1-9c64-42c4-b5e6-e387daa5a745 to remote] http.wire 73 - http-outgoing-647 >> "Accept-Encoding: gzip,deflate[\r][\n]"
02-16-2018 14:29:09 Wire.java DEBUG [Forwarding clickElement on session ae7bbef1-9c64-42c4-b5e6-e387daa5a745 to remote] http.wire 73 - http-outgoing-647 >> "[\r][\n]"
02-16-2018 14:29:09 Wire.java DEBUG [Forwarding clickElement on session ae7bbef1-9c64-42c4-b5e6-e387daa5a745 to remote] http.wire 87 - http-outgoing-647 >> "{"id":"f481dcc0-c3f8-4f16-840c-7f1462424b50"}"
02-16-2018 14:29:09 Wire.java DEBUG [Forwarding clickElement on session ae7bbef1-9c64-42c4-b5e6-e387daa5a745 to remote] http.wire 73 - http-outgoing-647 << "HTTP/1.1 400 Bad Request[\r][\n]"
02-16-2018 14:29:09 Wire.java DEBUG [Forwarding clickElement on session ae7bbef1-9c64-42c4-b5e6-e387daa5a745 to remote] http.wire 73 - http-outgoing-647 << "Connection: close[\r][\n]"
02-16-2018 14:29:09 Wire.java DEBUG [Forwarding clickElement on session ae7bbef1-9c64-42c4-b5e6-e387daa5a745 to remote] http.wire 73 - http-outgoing-647 << "Content-Type: application/json; charset=utf-8[\r][\n]"
02-16-2018 14:29:09 Wire.java DEBUG [Forwarding clickElement on session ae7bbef1-9c64-42c4-b5e6-e387daa5a745 to remote] http.wire 73 - http-outgoing-647 << "Cache-Control: no-cache[\r][\n]"
02-16-2018 14:29:09 Wire.java DEBUG [Forwarding clickElement on session ae7bbef1-9c64-42c4-b5e6-e387daa5a745 to remote] http.wire 73 - http-outgoing-647 << "Content-Length: 1148[\r][\n]"
02-16-2018 14:29:09 Wire.java DEBUG [Forwarding clickElement on session ae7bbef1-9c64-42c4-b5e6-e387daa5a745 to remote] http.wire 73 - http-outgoing-647 << "Date: Fri, 16 Feb 2018 20:29:09 GMT[\r][\n]"
02-16-2018 14:29:09 Wire.java DEBUG [Forwarding clickElement on session ae7bbef1-9c64-42c4-b5e6-e387daa5a745 to remote] http.wire 73 - http-outgoing-647 << "[\r][\n]"
02-16-2018 14:29:09 Wire.java DEBUG [Forwarding clickElement on session ae7bbef1-9c64-42c4-b5e6-e387daa5a745 to remote] http.wire 87 - http-outgoing-647 << "{"value":{"error":"element not interactable","message":"","stacktrace":"WebDriverError@chrome://marionette/content/error.js:227:5\nElementNotInteractableError@chrome://marionette/content/error.js:335:5\nseleniumClickElement@chrome://marionette/content/interaction.js:240:11\nTaskImpl_run@resource://gre/modules/Task.jsm:331:42\nTaskImpl@resource://gre/modules/Task.jsm:280:3\nasyncFunction@resource://gre/modules/Task.jsm:252:14\nTask_spawn@resource://gre/modules/Task.jsm:166:12\nTaskImpl_handleResultValue@resource://gre/modules/Task.jsm:401:16\nTaskImpl_run@resource://gre/modules/Task.jsm:339:15\nTaskImpl@resource://gre/modules/Task.jsm:280:3\nasyncFunction@resource://gre/modules/Task.jsm:252:14\nTask_spawn@resource://gre/modules/Task.jsm:166:12\nTaskImpl_handleResultValue@resource://gre/modules/Task.jsm:401:16\nTaskImpl_run@resource://gre/modules/Task.jsm:339:15\nTaskImpl@resource://gre/modules/Task.jsm:280:3\nasyncFunction@resource://gre/modules/Task.jsm:252:14\nTask_spawn@resource://gre/modules/Task.jsm:166:12\nnavigate@chrome://marionette/content/listener.js:451:12\nclickElement@chrome://marionette/content/listener.js:1371:5\n"}}"
02-16-2018 14:29:09 LoggingManagedHttpClientConnection.java DEBUG [Forwarding clickElement on session ae7bbef1-9c64-42c4-b5e6-e387daa5a745 to remote] http.headers 122 - http-outgoing-647 << HTTP/1.1 400 Bad Request
02-16-2018 14:29:09 LoggingManagedHttpClientConnection.java DEBUG [Forwarding clickElement on session ae7bbef1-9c64-42c4-b5e6-e387daa5a745 to remote] http.headers 125 - http-outgoing-647 << Connection: close
02-16-2018 14:29:09 LoggingManagedHttpClientConnection.java DEBUG [Forwarding clickElement on session ae7bbef1-9c64-42c4-b5e6-e387daa5a745 to remote] http.headers 125 - http-outgoing-647 << Content-Type: application/json; charset=utf-8
02-16-2018 14:29:09 LoggingManagedHttpClientConnection.java DEBUG [Forwarding clickElement on session ae7bbef1-9c64-42c4-b5e6-e387daa5a745 to remote] http.headers 125 - http-outgoing-647 << Cache-Control: no-cache
02-16-2018 14:29:09 LoggingManagedHttpClientConnection.java DEBUG [Forwarding clickElement on session ae7bbef1-9c64-42c4-b5e6-e387daa5a745 to remote] http.headers 125 - http-outgoing-647 << Content-Length: 1148
02-16-2018 14:29:09 LoggingManagedHttpClientConnection.java DEBUG [Forwarding clickElement on session ae7bbef1-9c64-42c4-b5e6-e387daa5a745 to remote] http.headers 125 - http-outgoing-647 << Date: Fri, 16 Feb 2018 20:29:09 GMT
02-16-2018 14:29:09 LoggingManagedHttpClientConnection.java DEBUG [Forwarding clickElement on session ae7bbef1-9c64-42c4-b5e6-e387daa5a745 to remote] conn.DefaultManagedHttpClientConnection 79 - http-outgoing-647: Close connection
02-16-2018 14:29:09 ConnectionHolder.java DEBUG [Forwarding clickElement on session ae7bbef1-9c64-42c4-b5e6-e387daa5a745 to remote] execchain.MainClientExec 104 - Connection discarded
02-16-2018 14:29:09 PoolingHttpClientConnectionManager.java DEBUG [Forwarding clickElement on session ae7bbef1-9c64-42c4-b5e6-e387daa5a745 to remote] conn.PoolingHttpClientConnectionManager 326 - Connection released: [id: 647][route: {}->http://localhost:2384][total kept alive: 0; route allocated: 0 of 2000; total allocated: 0 of 2000]
]]></system-out>
    <system-err><![CDATA[1518812919561	Marionette	INFO	New connections will no longer be accepted
[Parent 24896] WARNING: pipe error: 109: file z:/build/build/src/ipc/chromium/src/chrome/common/ipc_channel_win.cc, line 346
1518812919992	geckodriver	INFO	geckodriver 0.19.1
1518812920007	geckodriver	INFO	Listening on 127.0.0.1:2384
1518812920492	mozrunner::runner	INFO	Running command: "C:\\Program Files\\Mozilla Firefox\\firefox.exe" "-marionette" "-profile" "C:\\Users\\venka\\AppData\\Local\\Temp\\rust_mozprofile.rjz7lCSjFvqj"
1518812920676	addons.xpi	WARN	Error parsing extensions state: [Exception... "Component returned failure code: 0x80520012 (NS_ERROR_FILE_NOT_FOUND) [amIAddonManagerStartup.readStartupData]"  nsresult: "0x80520012 (NS_ERROR_FILE_NOT_FOUND)"  location: "JS frame :: resource://gre/modules/addons/XPIProvider.jsm :: loadExtensionState :: line 1554"  data: no] Stack trace: loadExtensionState()@resource://gre/modules/addons/XPIProvider.jsm:1554 < getInstallState()@resource://gre/modules/addons/XPIProvider.jsm:1589 < checkForChanges()@resource://gre/modules/addons/XPIProvider.jsm:3109 < startup()@resource://gre/modules/addons/XPIProvider.jsm:2188 < callProvider()@resource://gre/modules/AddonManager.jsm:269 < _startProvider()@resource://gre/modules/AddonManager.jsm:739 < startup()@resource://gre/modules/AddonManager.jsm:906 < startup()@resource://gre/modules/AddonManager.jsm:3090 < observe()@jar:file:///C:/Program%20Files/Mozilla%20Firefox/omni.ja!/components/addonManager.js:65
Unable to read VR Path Registry from C:\Users\venka\AppData\Local\openvr\openvrpaths.vrpath
1518812922117	Marionette	INFO	Enabled via --marionette
Unable to read VR Path Registry from C:\Users\venka\AppData\Local\openvr\openvrpaths.vrpath
Unable to read VR Path Registry from C:\Users\venka\AppData\Local\openvr\openvrpaths.vrpath
Unable to read VR Path Registry from C:\Users\venka\AppData\Local\openvr\openvrpaths.vrpath
Unable to read VR Path Registry from C:\Users\venka\AppData\Local\openvr\openvrpaths.vrpath
[Child 21868] WARNING: pipe error: 109: file z:/build/build/src/ipc/chromium/src/chrome/common/ipc_channel_win.cc, line 346
[Child 21868] WARNING: pipe error: 109: file z:/build1518812924522	Marionette	INFO	Listening on port 58795
1518812924685	Marionette	WARN	TLS certificate errors will be ignored for this session
1518812924712	Marionette	DEBUG	Register listener.js for window 4294967297
Feb 16, 2018 2:28:44 PM org.openqa.selenium.remote.ProtocolHandshake createSession
INFO: Detected dialect: W3C
1518812924802	Marionette	DEBUG	Received DOM event "beforeunload" for "about:blank"
1518812925478	Marionette	DEBUG	Received DOM event "pagehide" for "about:blank"
1518812925478	Marionette	DEBUG	Received DOM event "unload" for "about:blank"
JavaScript warning: http://jusdone.atomic77.in/js/main.js, line 28: Using //@ to indicate sourceURL pragmas is deprecated. Use //# instead
1518812926940	Marionette	DEBUG	Received DOM event "DOMContentLoaded" for "http://jusdone.atomic77.in/"
1518812928417	Marionette	DEBUG	Received DOM event "pageshow" for "http://jusdone.atomic77.in/"
1518812931479	Marionette	DEBUG	Received DOM event "beforeunload" for "http://jusdone.atomic77.in/"
1518812931906	Marionette	DEBUG	Received DOM event "pagehide" for "http://jusdone.atomic77.in/"
1518812931907	Marionette	DEBUG	Received DOM event "unload" for "http://jusdone.atomic77.in/"
JavaScript warning: http://jusdone.atomic77.in/js/main.js, line 28: Using //@ to indicate sourceURL pragmas is deprecated. Use //# instead
1518812937318	Marionette	DEBUG	Received DOM event "DOMContentLoaded" for "http://jusdone.atomic77.in/login"
1518812937430	Marionette	DEBUG	Received DOM event "pageshow" for "http://jusdone.atomic77.in/login"
JavaScript error: http://jusdone.atomic77.in/js/main.js, line 143: TypeError: $(...).css(...) is undefined
1518812940591	Marionette	DEBUG	Received DOM event "beforeunload" for "http://jusdone.atomic77.in/login"
1518812942676	Marionette	DEBUG	Received DOM event "pagehide" for "http://jusdone.atomic77.in/login"
1518812942679	Marionette	DEBUG	Received DOM event "unload" for "http://jusdone.atomic77.in/login"
1518812948739	Marionette	DEBUG	Received DOM event "DOMContentLoaded" for "http://jusdone.atomic77.in/home"
JavaScript error: , line 0: uncaught exception: InvalidValueError: initMap is not a function
1518812949198	Marionette	DEBUG	Received DOM event "pageshow" for "http://jusdone.atomic77.in/home"
]]></system-err>
  </testcase>
  <testcase name="ClickTaskBtnTest" classname="com.JusDone.qa.TestCases.DashBoardPageTest" time="6.667"/>
  <testcase name="ClickLogOutBtn" classname="com.JusDone.qa.TestCases.DashBoardPageTest" time="0.783"/>
  <testcase name="verifyCreateNewTaskLinkTest" classname="com.JusDone.qa.TestCases.TaskPageTest" time="3.049"/>
  <testcase name="verifyMembersLinkTest" classname="com.JusDone.qa.TestCases.TaskPageTest" time="0.047"/>
  <testcase name="verifySettingsLinkTest" classname="com.JusDone.qa.TestCases.TaskPageTest" time="0.047"/>
  <testcase name="ClickCreateNewTaskLinkTest" classname="com.JusDone.qa.TestCases.TaskPageTest" time="4.307"/>
</testsuite>