<?xml version="1.0" encoding="UTF-8"?>
<!-- Generated by org.testng.reporters.JUnitReportReporter -->
<testsuite skipped="0" hostname="Nallans-NewPC" name="com.JusDone.qa.TestCases.TaskPageTest" tests="4" failures="0" timestamp="06 Feb 2018 01:07:53 GMT" time="115.321" errors="0">
  <testcase name="verifyCreateNewTaskLinkTest" time="30.862" classname="com.JusDone.qa.TestCases.TaskPageTest"/>
  <testcase name="verifyMembersLinkTest" time="25.875" classname="com.JusDone.qa.TestCases.TaskPageTest"/>
  <testcase name="verifySettingsLinkTest" time="27.461" classname="com.JusDone.qa.TestCases.TaskPageTest"/>
  <testcase name="ClickCreateNewTaskLinkTest" time="31.123" classname="com.JusDone.qa.TestCases.TaskPageTest"/>
</testsuite> <!-- com.JusDone.qa.TestCases.TaskPageTest -->
