<?xml version="1.0" encoding="UTF-8"?>
<!-- Generated by org.testng.reporters.JUnitReportReporter -->
<testsuite skipped="0" hostname="Nallans-NewPC" name="com.JusDone.qa.TestCases.SignUpPageTest" tests="3" failures="0" timestamp="19 Jan 2018 23:14:51 GMT" time="30.852" errors="0">
  <testcase name="verifySignUpJusDoneLogoTest" time="10.332" classname="com.JusDone.qa.TestCases.SignUpPageTest"/>
  <testcase name="verifySignUpPageLogoTest" time="11.180" classname="com.JusDone.qa.TestCases.SignUpPageTest"/>
  <testcase name="clickOnSignUpPageLogoTest" time="9.340" classname="com.JusDone.qa.TestCases.SignUpPageTest"/>
</testsuite> <!-- com.JusDone.qa.TestCases.SignUpPageTest -->
