<?xml version="1.0" encoding="UTF-8"?>
<!-- Generated by org.testng.reporters.JUnitReportReporter -->
<testsuite skipped="1" hostname="Nallans-NewPC" name="com.JusDone.qa.TestCases.LoginPageTest" tests="8" failures="0" timestamp="11 Feb 2018 02:03:49 GMT" time="107.881" errors="0">
  <testcase name="verifyLoginNameTest" time="14.048" classname="com.JusDone.qa.TestCases.LoginPageTest"/>
  <testcase name="verifyLForgotPwdTest" time="14.126" classname="com.JusDone.qa.TestCases.LoginPageTest"/>
  <testcase name="verifyLoginBtnTest" time="14.434" classname="com.JusDone.qa.TestCases.LoginPageTest"/>
  <testcase name="verifyLCreateAcctBtnTest" time="15.599" classname="com.JusDone.qa.TestCases.LoginPageTest"/>
  <testcase name="ValidLoginTest" time="19.266" classname="com.JusDone.qa.TestCases.LoginPageTest"/>
  <testcase name="InvalidLoginTest" time="15.508" classname="com.JusDone.qa.TestCases.LoginPageTest"/>
  <testcase name="BlankInputLoginTest" time="14.900" classname="com.JusDone.qa.TestCases.LoginPageTest"/>
  <testcase name="verifyLRememberMeTest" classname="com.JusDone.qa.TestCases.LoginPageTest">
    <skipped/>
  </testcase> <!-- verifyLRememberMeTest -->
</testsuite> <!-- com.JusDone.qa.TestCases.LoginPageTest -->
