<?xml version="1.0" encoding="UTF-8"?>
<!-- Generated by org.testng.reporters.JUnitReportReporter -->
<testsuite hostname="Nallans-NewPC" failures="0" tests="5" name="com.JusDone.qa.TestCases.AcctPageTest" time="2.660" errors="0" timestamp="09 Jan 2018 21:13:13 GMT" skipped="0">
  <testcase classname="com.JusDone.qa.TestCases.AcctPageTest" name="ClickButtons" time="2.304"/>
  <testcase classname="com.JusDone.qa.TestCases.AcctPageTest" name="verifyNameWithLogoTest" time="0.047"/>
  <testcase classname="com.JusDone.qa.TestCases.AcctPageTest" name="verifyJusDoneLogoTest" time="0.051"/>
  <testcase classname="com.JusDone.qa.TestCases.AcctPageTest" name="VerifyTextTest" time="0.016"/>
  <testcase classname="com.JusDone.qa.TestCases.AcctPageTest" name="ClickNameWithLogoButtonTest" time="0.242"/>
</testsuite> <!-- com.JusDone.qa.TestCases.AcctPageTest -->
