<?xml version="1.0" encoding="UTF-8"?>
<!-- Generated by org.testng.reporters.JUnitReportReporter -->
<testsuite skipped="1" hostname="Nallans-NewPC" name="com.JusDone.qa.TestCases.RegisterPageTest" tests="8" failures="0" timestamp="12 Feb 2018 19:30:50 GMT" time="105.638" errors="0">
  <testcase name="verifyRegisterNameTest" time="13.819" classname="com.JusDone.qa.TestCases.RegisterPageTest"/>
  <testcase name="verifyExistingUserBtnTest" time="13.320" classname="com.JusDone.qa.TestCases.RegisterPageTest"/>
  <testcase name="VerifyExistingAcctErrorMsgTest" time="15.776" classname="com.JusDone.qa.TestCases.RegisterPageTest"/>
  <testcase name="VerifyInvalidEmailErrorMsgTest" time="18.609" classname="com.JusDone.qa.TestCases.RegisterPageTest"/>
  <testcase name="VerifyPwdMatchErrorMsgTest" time="15.920" classname="com.JusDone.qa.TestCases.RegisterPageTest"/>
  <testcase name="VerifyBlankErrorMsgTest" time="15.083" classname="com.JusDone.qa.TestCases.RegisterPageTest"/>
  <testcase name="ClickSignInButtonTest" time="13.111" classname="com.JusDone.qa.TestCases.RegisterPageTest"/>
  <testcase name="VerifyValidAcctNameMsgTest" classname="com.JusDone.qa.TestCases.RegisterPageTest">
    <skipped/>
  </testcase> <!-- VerifyValidAcctNameMsgTest -->
</testsuite> <!-- com.JusDone.qa.TestCases.RegisterPageTest -->
