<?xml version="1.0" encoding="UTF-8"?>
<!-- Generated by org.testng.reporters.JUnitReportReporter -->
<testsuite skipped="0" hostname="Nallans-NewPC" name="com.JusDone.qa.TestCases.TaskFieldPageTest" tests="2" failures="0" timestamp="22 Jan 2018 18:13:24 GMT" time="44.056" errors="0">
  <testcase name="verifyNameLogoTest" time="19.075" classname="com.JusDone.qa.TestCases.TaskFieldPageTest"/>
  <testcase name="ClickPlusButtonTest" time="24.981" classname="com.JusDone.qa.TestCases.TaskFieldPageTest"/>
</testsuite> <!-- com.JusDone.qa.TestCases.TaskFieldPageTest -->
