<?xml version="1.0" encoding="UTF-8"?>
<!-- Generated by org.testng.reporters.JUnitReportReporter -->
<testsuite skipped="0" hostname="Nallans-NewPC" name="com.JusDone.qa.TestCases.ErrorPageTest" tests="2" failures="0" timestamp="19 Jan 2018 23:14:51 GMT" time="48.338" errors="0">
  <testcase name="VerifyErrorMsgTest" time="34.103" classname="com.JusDone.qa.TestCases.ErrorPageTest"/>
  <testcase name="ClickJDButton" time="14.235" classname="com.JusDone.qa.TestCases.ErrorPageTest"/>
</testsuite> <!-- com.JusDone.qa.TestCases.ErrorPageTest -->
