<?xml version="1.0" encoding="UTF-8"?>
<!-- Generated by org.testng.reporters.JUnitReportReporter -->
<testsuite skipped="0" hostname="Nallans-NewPC" name="com.JusDone.qa.TestCases.LoginFieldPageTest" tests="4" failures="0" timestamp="19 Jan 2018 23:14:51 GMT" time="46.008" errors="0">
  <testcase name="verifyJDLogoTest" time="11.789" classname="com.JusDone.qa.TestCases.LoginFieldPageTest"/>
  <testcase name="verifyLoginLogoTest" time="11.781" classname="com.JusDone.qa.TestCases.LoginFieldPageTest"/>
  <testcase name="LoginTest" time="11.130" classname="com.JusDone.qa.TestCases.LoginFieldPageTest"/>
  <testcase name="ClickLoginButtonTest" time="11.308" classname="com.JusDone.qa.TestCases.LoginFieldPageTest"/>
</testsuite> <!-- com.JusDone.qa.TestCases.LoginFieldPageTest -->
