<?xml version="1.0" encoding="UTF-8"?>
<!-- Generated by org.testng.reporters.JUnitReportReporter -->
<testsuite skipped="0" hostname="Nallans-NewPC" name="com.JusDone.qa.TestCases.HomePageTest" tests="8" failures="0" timestamp="16 Feb 2018 20:14:25 GMT" time="71.969" errors="0">
  <testcase name="verifyHomePageTitleTest" time="9.006" classname="com.JusDone.qa.TestCases.HomePageTest"/>
  <testcase name="verifyJusDoneLogoTest" time="7.334" classname="com.JusDone.qa.TestCases.HomePageTest"/>
  <testcase name="verifySignUpLogoTest" time="7.224" classname="com.JusDone.qa.TestCases.HomePageTest"/>
  <testcase name="verifyLoginLogoTest" time="8.665" classname="com.JusDone.qa.TestCases.HomePageTest"/>
  <testcase name="verifyContactUsLogoTest" time="8.227" classname="com.JusDone.qa.TestCases.HomePageTest"/>
  <testcase name="verifyAboutUsLogoTest" time="8.434" classname="com.JusDone.qa.TestCases.HomePageTest"/>
  <testcase name="ClickOnSignupLogoTest" time="9.207" classname="com.JusDone.qa.TestCases.HomePageTest"/>
  <testcase name="ClickLoginBtnTest" time="13.872" classname="com.JusDone.qa.TestCases.HomePageTest"/>
</testsuite> <!-- com.JusDone.qa.TestCases.HomePageTest -->
