<?xml version="1.0" encoding="UTF-8"?>
<!-- Generated by org.testng.reporters.JUnitReportReporter -->
<testsuite skipped="0" hostname="Nallans-NewPC" name="com.JusDone.qa.TestCases.TaskPageTest" tests="4" failures="0" timestamp="16 Feb 2018 20:14:25 GMT" time="116.120" errors="0">
  <testcase name="verifyCreateNewTaskLinkTest" time="29.231" classname="com.JusDone.qa.TestCases.TaskPageTest"/>
  <testcase name="verifyMembersLinkTest" time="26.437" classname="com.JusDone.qa.TestCases.TaskPageTest"/>
  <testcase name="verifySettingsLinkTest" time="26.139" classname="com.JusDone.qa.TestCases.TaskPageTest"/>
  <testcase name="ClickCreateNewTaskLinkTest" time="34.313" classname="com.JusDone.qa.TestCases.TaskPageTest"/>
</testsuite> <!-- com.JusDone.qa.TestCases.TaskPageTest -->
