<?xml version="1.0" encoding="UTF-8"?>
<!-- Generated by org.testng.reporters.JUnitReportReporter -->
<testsuite skipped="1" hostname="Nallans-NewPC" name="com.JusDone.qa.TestCases.DashBoardPageTest" tests="19" failures="0" timestamp="08 Feb 2018 18:07:03 GMT" time="396.744" errors="0">
  <testcase name="verifyJusDoneImageTest" time="26.057" classname="com.JusDone.qa.TestCases.DashBoardPageTest"/>
  <testcase name="verifyUserNameTest" time="20.213" classname="com.JusDone.qa.TestCases.DashBoardPageTest"/>
  <testcase name="verifyTeamLabelTest" time="21.295" classname="com.JusDone.qa.TestCases.DashBoardPageTest"/>
  <testcase name="verifySearchBoxTest" time="22.494" classname="com.JusDone.qa.TestCases.DashBoardPageTest"/>
  <testcase name="verifyTeamNameLabelTest" time="19.800" classname="com.JusDone.qa.TestCases.DashBoardPageTest"/>
  <testcase name="verifyDashBoardBtnTest" time="20.352" classname="com.JusDone.qa.TestCases.DashBoardPageTest"/>
  <testcase name="verifyTeamsBtnTest" time="19.690" classname="com.JusDone.qa.TestCases.DashBoardPageTest"/>
  <testcase name="verifyTaskBtnTest" time="19.792" classname="com.JusDone.qa.TestCases.DashBoardPageTest"/>
  <testcase name="verifyInvitesBtnTest" time="22.245" classname="com.JusDone.qa.TestCases.DashBoardPageTest"/>
  <testcase name="verifySettingsBtnTest" time="23.719" classname="com.JusDone.qa.TestCases.DashBoardPageTest"/>
  <testcase name="verifyMenuBarTest" time="19.488" classname="com.JusDone.qa.TestCases.DashBoardPageTest"/>
  <testcase name="verifyCreateNewTeamBtnTest" time="19.472" classname="com.JusDone.qa.TestCases.DashBoardPageTest"/>
  <testcase name="verifyBellBtnTest" time="19.830" classname="com.JusDone.qa.TestCases.DashBoardPageTest"/>
  <testcase name="verifyLogOutBtnTest" time="20.036" classname="com.JusDone.qa.TestCases.DashBoardPageTest"/>
  <testcase name="verifyCreateNewTaskLinkTest" time="25.083" classname="com.JusDone.qa.TestCases.DashBoardPageTest"/>
  <testcase name="CreateTeamBtnTest" time="29.931" classname="com.JusDone.qa.TestCases.DashBoardPageTest"/>
  <testcase name="ClickTaskBtnTest" time="26.319" classname="com.JusDone.qa.TestCases.DashBoardPageTest"/>
  <testcase name="ClickLogOutBtn" time="20.928" classname="com.JusDone.qa.TestCases.DashBoardPageTest"/>
  <testcase name="ClickCreateNewTaskLinkTest" classname="com.JusDone.qa.TestCases.DashBoardPageTest">
    <skipped/>
  </testcase> <!-- ClickCreateNewTaskLinkTest -->
</testsuite> <!-- com.JusDone.qa.TestCases.DashBoardPageTest -->
