<?xml version="1.0" encoding="UTF-8"?>
<!-- Generated by org.testng.reporters.JUnitReportReporter -->
<testsuite skipped="1" hostname="Nallans-NewPC" name="com.JusDone.qa.TestCases.RegisterPageTest" tests="8" failures="0" timestamp="13 Feb 2018 18:20:24 GMT" time="106.912" errors="0">
  <testcase name="verifyRegisterNameTest" time="14.092" classname="com.JusDone.qa.TestCases.RegisterPageTest"/>
  <testcase name="verifyExistingUserBtnTest" time="12.898" classname="com.JusDone.qa.TestCases.RegisterPageTest"/>
  <testcase name="VerifyExistingAcctErrorMsgTest" time="15.633" classname="com.JusDone.qa.TestCases.RegisterPageTest"/>
  <testcase name="VerifyInvalidEmailErrorMsgTest" time="18.338" classname="com.JusDone.qa.TestCases.RegisterPageTest"/>
  <testcase name="VerifyPwdMatchErrorMsgTest" time="17.639" classname="com.JusDone.qa.TestCases.RegisterPageTest"/>
  <testcase name="VerifyBlankErrorMsgTest" time="15.745" classname="com.JusDone.qa.TestCases.RegisterPageTest"/>
  <testcase name="ClickSignInButtonTest" time="12.567" classname="com.JusDone.qa.TestCases.RegisterPageTest"/>
  <testcase name="VerifyValidAcctNameMsgTest" classname="com.JusDone.qa.TestCases.RegisterPageTest">
    <skipped/>
  </testcase> <!-- VerifyValidAcctNameMsgTest -->
</testsuite> <!-- com.JusDone.qa.TestCases.RegisterPageTest -->
