<?xml version="1.0" encoding="UTF-8"?>
<!-- Generated by org.testng.reporters.JUnitReportReporter -->
<testsuite skipped="0" hostname="Nallans-NewPC" name="com.JusDone.qa.TestCases.RegistrationFormPageTest" tests="7" failures="0" timestamp="16 Jan 2018 13:52:04 GMT" time="93.570" errors="0">
  <testcase name="verifyRegisterFormJDPageLogoTest" time="13.001" classname="com.JusDone.qa.TestCases.RegistrationFormPageTest"/>
  <testcase name="verifyRegisterFormSignUpLogo" time="11.789" classname="com.JusDone.qa.TestCases.RegistrationFormPageTest"/>
  <testcase name="ValidCreateNewAcct" time="13.253" classname="com.JusDone.qa.TestCases.RegistrationFormPageTest"/>
  <testcase name="ValidCreateNewAcct" time="13.522" classname="com.JusDone.qa.TestCases.RegistrationFormPageTest"/>
  <testcase name="ValidCreateNewAcct" time="14.051" classname="com.JusDone.qa.TestCases.RegistrationFormPageTest"/>
  <testcase name="ValidCreateNewAcct" time="16.020" classname="com.JusDone.qa.TestCases.RegistrationFormPageTest"/>
  <testcase name="ClickRegisterButtonTest" time="11.934" classname="com.JusDone.qa.TestCases.RegistrationFormPageTest"/>
</testsuite> <!-- com.JusDone.qa.TestCases.RegistrationFormPageTest -->
