<?xml version="1.0" encoding="UTF-8"?>
<!-- Generated by org.testng.reporters.JUnitReportReporter -->
<testsuite skipped="0" hostname="Nallans-NewPC" name="com.JusDone.qa.TestCases.DashBoardPageTest" tests="19" failures="0" timestamp="16 Feb 2018 20:32:34 GMT" time="472.285" errors="1">
  <testcase name="verifyJusDoneImageTest" time="34.285" classname="com.JusDone.qa.TestCases.DashBoardPageTest"/>
  <testcase name="verifyUserNameTest" time="21.667" classname="com.JusDone.qa.TestCases.DashBoardPageTest"/>
  <testcase name="verifyTeamLabelTest" time="28.702" classname="com.JusDone.qa.TestCases.DashBoardPageTest"/>
  <testcase name="verifySearchBoxTest" time="20.339" classname="com.JusDone.qa.TestCases.DashBoardPageTest"/>
  <testcase name="verifyTeamNameLabelTest" time="28.039" classname="com.JusDone.qa.TestCases.DashBoardPageTest"/>
  <testcase name="verifyDashBoardBtnTest" time="21.302" classname="com.JusDone.qa.TestCases.DashBoardPageTest"/>
  <testcase name="verifyTeamsBtnTest" time="20.634" classname="com.JusDone.qa.TestCases.DashBoardPageTest"/>
  <testcase name="verifyTaskBtnTest" time="21.635" classname="com.JusDone.qa.TestCases.DashBoardPageTest"/>
  <testcase name="verifyInvitesBtnTest" time="20.367" classname="com.JusDone.qa.TestCases.DashBoardPageTest"/>
  <testcase name="verifySettingsBtnTest" time="21.400" classname="com.JusDone.qa.TestCases.DashBoardPageTest"/>
  <testcase name="verifyMenuBarTest" time="21.421" classname="com.JusDone.qa.TestCases.DashBoardPageTest"/>
  <testcase name="verifyCreateNewTeamBtnTest" time="24.929" classname="com.JusDone.qa.TestCases.DashBoardPageTest"/>
  <testcase name="verifyBellBtnTest" time="19.836" classname="com.JusDone.qa.TestCases.DashBoardPageTest"/>
  <testcase name="verifyLogOutBtnTest" time="21.853" classname="com.JusDone.qa.TestCases.DashBoardPageTest"/>
  <testcase name="verifyCreateNewTaskLinkTest" time="29.600" classname="com.JusDone.qa.TestCases.DashBoardPageTest"/>
  <testcase name="CreateTeamBtnTest" time="36.569" classname="com.JusDone.qa.TestCases.DashBoardPageTest"/>
  <testcase name="ClickCreateNewTaskLinkTest" time="28.090" classname="com.JusDone.qa.TestCases.DashBoardPageTest">
    <error type="org.openqa.selenium.ElementNotInteractableException" message="
Build info: version: &#039;3.7.1&#039;, revision: &#039;8a0099a&#039;, time: &#039;2017-11-06T21:01:39.354Z&#039;
System info: host: &#039;NALLANS-NEWPC&#039;, ip: &#039;192.168.186.1&#039;, os.name: &#039;Windows 10&#039;, os.arch: &#039;amd64&#039;, os.version: &#039;10.0&#039;, java.version: &#039;1.8.0_151&#039;
Driver info: org.openqa.selenium.firefox.FirefoxDriver
Capabilities {acceptInsecureCerts: true, browserName: firefox, browserVersion: 56.0, javascriptEnabled: true, moz:accessibilityChecks: false, moz:headless: false, moz:processID: 14472, moz:profile: C:\Users\venka\AppData\Loca..., pageLoadStrategy: normal, platform: XP, platformName: XP, platformVersion: 10.0, rotatable: false, specificationLevel: 0, timeouts: {implicit: 0, pageLoad: 300000, script: 30000}}
Session ID: ae7bbef1-9c64-42c4-b5e6-e387daa5a745">
      <![CDATA[org.openqa.selenium.ElementNotInteractableException: 
Build info: version: '3.7.1', revision: '8a0099a', time: '2017-11-06T21:01:39.354Z'
System info: host: 'NALLANS-NEWPC', ip: '192.168.186.1', os.name: 'Windows 10', os.arch: 'amd64', os.version: '10.0', java.version: '1.8.0_151'
Driver info: org.openqa.selenium.firefox.FirefoxDriver
Capabilities {acceptInsecureCerts: true, browserName: firefox, browserVersion: 56.0, javascriptEnabled: true, moz:accessibilityChecks: false, moz:headless: false, moz:processID: 14472, moz:profile: C:\Users\venka\AppData\Loca..., pageLoadStrategy: normal, platform: XP, platformName: XP, platformVersion: 10.0, rotatable: false, specificationLevel: 0, timeouts: {implicit: 0, pageLoad: 300000, script: 30000}}
Session ID: ae7bbef1-9c64-42c4-b5e6-e387daa5a745
	at sun.reflect.NativeConstructorAccessorImpl.newInstance0(Native Method)
	at sun.reflect.NativeConstructorAccessorImpl.newInstance(NativeConstructorAccessorImpl.java:62)
	at sun.reflect.DelegatingConstructorAccessorImpl.newInstance(DelegatingConstructorAccessorImpl.java:45)
	at java.lang.reflect.Constructor.newInstance(Constructor.java:423)
	at org.openqa.selenium.remote.http.W3CHttpResponseCodec.createException(W3CHttpResponseCodec.java:187)
	at org.openqa.selenium.remote.http.W3CHttpResponseCodec.decode(W3CHttpResponseCodec.java:122)
	at org.openqa.selenium.remote.http.W3CHttpResponseCodec.decode(W3CHttpResponseCodec.java:49)
	at org.openqa.selenium.remote.HttpCommandExecutor.execute(HttpCommandExecutor.java:164)
	at org.openqa.selenium.remote.service.DriverCommandExecutor.execute(DriverCommandExecutor.java:83)
	at org.openqa.selenium.remote.RemoteWebDriver.execute(RemoteWebDriver.java:600)
	at org.openqa.selenium.remote.RemoteWebElement.execute(RemoteWebElement.java:279)
	at org.openqa.selenium.remote.RemoteWebElement.click(RemoteWebElement.java:83)
	at sun.reflect.GeneratedMethodAccessor7.invoke(Unknown Source)
	at sun.reflect.DelegatingMethodAccessorImpl.invoke(DelegatingMethodAccessorImpl.java:43)
	at java.lang.reflect.Method.invoke(Method.java:498)
	at org.openqa.selenium.support.pagefactory.internal.LocatingElementHandler.invoke(LocatingElementHandler.java:51)
	at com.sun.proxy.$Proxy10.click(Unknown Source)
	at com.JusDone.qa.Pages.DashBoardPage.ClickCreateNewTaskLink(DashBoardPage.java:173)
	at com.JusDone.qa.TestCases.DashBoardPageTest.ClickCreateNewTaskLinkTest(DashBoardPageTest.java:184)
	at sun.reflect.NativeMethodAccessorImpl.invoke0(Native Method)
	at sun.reflect.NativeMethodAccessorImpl.invoke(NativeMethodAccessorImpl.java:62)
	at sun.reflect.DelegatingMethodAccessorImpl.invoke(DelegatingMethodAccessorImpl.java:43)
	at java.lang.reflect.Method.invoke(Method.java:498)
	at org.testng.internal.MethodInvocationHelper.invokeMethod(MethodInvocationHelper.java:108)
	at org.testng.internal.Invoker.invokeMethod(Invoker.java:661)
	at org.testng.internal.Invoker.invokeTestMethod(Invoker.java:869)
	at org.testng.internal.Invoker.invokeTestMethods(Invoker.java:1193)
	at org.testng.internal.TestMethodWorker.invokeTestMethods(TestMethodWorker.java:126)
	at org.testng.internal.TestMethodWorker.run(TestMethodWorker.java:109)
	at org.testng.TestRunner.privateRun(TestRunner.java:744)
	at org.testng.TestRunner.run(TestRunner.java:602)
	at org.testng.SuiteRunner.runTest(SuiteRunner.java:380)
	at org.testng.SuiteRunner.runSequentially(SuiteRunner.java:375)
	at org.testng.SuiteRunner.privateRun(SuiteRunner.java:340)
	at org.testng.SuiteRunner.run(SuiteRunner.java:289)
	at org.testng.SuiteRunnerWorker.runSuite(SuiteRunnerWorker.java:52)
	at org.testng.SuiteRunnerWorker.run(SuiteRunnerWorker.java:86)
	at org.testng.TestNG.runSuitesSequentially(TestNG.java:1301)
	at org.testng.TestNG.runSuitesLocally(TestNG.java:1226)
	at org.testng.TestNG.runSuites(TestNG.java:1144)
	at org.testng.TestNG.run(TestNG.java:1115)
	at org.apache.maven.surefire.testng.TestNGExecutor.run(TestNGExecutor.java:283)
	at org.apache.maven.surefire.testng.TestNGXmlTestSuite.execute(TestNGXmlTestSuite.java:75)
	at org.apache.maven.surefire.testng.TestNGProvider.invoke(TestNGProvider.java:120)
	at org.apache.maven.surefire.booter.ForkedBooter.invokeProviderInSameClassLoader(ForkedBooter.java:386)
	at org.apache.maven.surefire.booter.ForkedBooter.runSuitesInProcess(ForkedBooter.java:323)
	at org.apache.maven.surefire.booter.ForkedBooter.main(ForkedBooter.java:143)
]]>
    </error>
  </testcase> <!-- ClickCreateNewTaskLinkTest -->
  <testcase name="ClickTaskBtnTest" time="29.675" classname="com.JusDone.qa.TestCases.DashBoardPageTest"/>
  <testcase name="ClickLogOutBtn" time="21.942" classname="com.JusDone.qa.TestCases.DashBoardPageTest"/>
</testsuite> <!-- com.JusDone.qa.TestCases.DashBoardPageTest -->
