<?xml version="1.0" encoding="UTF-8"?>
<!-- Generated by org.testng.reporters.JUnitReportReporter -->
<testsuite skipped="0" hostname="Nallans-NewPC" name="com.JusDone.qa.TestCases.HomePageTest" tests="8" failures="0" timestamp="13 Feb 2018 18:20:24 GMT" time="97.382" errors="0">
  <testcase name="verifyHomePageTitleTest" time="9.888" classname="com.JusDone.qa.TestCases.HomePageTest"/>
  <testcase name="verifyJusDoneLogoTest" time="9.883" classname="com.JusDone.qa.TestCases.HomePageTest"/>
  <testcase name="verifySignUpLogoTest" time="8.923" classname="com.JusDone.qa.TestCases.HomePageTest"/>
  <testcase name="verifyLoginLogoTest" time="9.054" classname="com.JusDone.qa.TestCases.HomePageTest"/>
  <testcase name="verifyContactUsLogoTest" time="9.586" classname="com.JusDone.qa.TestCases.HomePageTest"/>
  <testcase name="verifyAboutUsLogoTest" time="9.565" classname="com.JusDone.qa.TestCases.HomePageTest"/>
  <testcase name="ClickOnSignupLogoTest" time="19.213" classname="com.JusDone.qa.TestCases.HomePageTest"/>
  <testcase name="ClickLoginBtnTest" time="21.270" classname="com.JusDone.qa.TestCases.HomePageTest"/>
</testsuite> <!-- com.JusDone.qa.TestCases.HomePageTest -->
