<?xml version="1.0" encoding="UTF-8"?>
<!-- Generated by org.testng.reporters.JUnitReportReporter -->
<testsuite skipped="0" hostname="Nallans-NewPC" name="com.JusDone.qa.TestCases.TaskPageTest" tests="4" failures="0" timestamp="06 Feb 2018 22:55:18 GMT" time="105.292" errors="0">
  <testcase name="verifyCreateNewTaskLinkTest" time="27.717" classname="com.JusDone.qa.TestCases.TaskPageTest"/>
  <testcase name="verifyMembersLinkTest" time="24.469" classname="com.JusDone.qa.TestCases.TaskPageTest"/>
  <testcase name="verifySettingsLinkTest" time="24.865" classname="com.JusDone.qa.TestCases.TaskPageTest"/>
  <testcase name="ClickCreateNewTaskLinkTest" time="28.241" classname="com.JusDone.qa.TestCases.TaskPageTest"/>
</testsuite> <!-- com.JusDone.qa.TestCases.TaskPageTest -->
