<?xml version="1.0" encoding="UTF-8"?>
<!-- Generated by org.testng.reporters.JUnitReportReporter -->
<testsuite skipped="0" hostname="Nallans-NewPC" name="com.JusDone.qa.TestCases.HomePageTest" tests="8" failures="0" timestamp="06 Feb 2018 22:55:18 GMT" time="61.582" errors="0">
  <testcase name="verifyHomePageTitleTest" time="6.599" classname="com.JusDone.qa.TestCases.HomePageTest"/>
  <testcase name="verifyJusDoneLogoTest" time="6.549" classname="com.JusDone.qa.TestCases.HomePageTest"/>
  <testcase name="verifySignUpLogoTest" time="6.687" classname="com.JusDone.qa.TestCases.HomePageTest"/>
  <testcase name="verifyLoginLogoTest" time="6.453" classname="com.JusDone.qa.TestCases.HomePageTest"/>
  <testcase name="verifyContactUsLogoTest" time="6.468" classname="com.JusDone.qa.TestCases.HomePageTest"/>
  <testcase name="verifyAboutUsLogoTest" time="6.476" classname="com.JusDone.qa.TestCases.HomePageTest"/>
  <testcase name="ClickOnSignupLogoTest" time="8.706" classname="com.JusDone.qa.TestCases.HomePageTest"/>
  <testcase name="ClickLoginBtnTest" time="13.644" classname="com.JusDone.qa.TestCases.HomePageTest"/>
</testsuite> <!-- com.JusDone.qa.TestCases.HomePageTest -->
