<?xml version="1.0" encoding="UTF-8"?>
<!-- Generated by org.testng.reporters.JUnitReportReporter -->
<testsuite skipped="1" hostname="Nallans-NewPC" name="com.JusDone.qa.TestCases.LoginPageTest" tests="8" failures="0" timestamp="13 Feb 2018 18:20:24 GMT" time="118.563" errors="0">
  <testcase name="verifyLoginNameTest" time="15.161" classname="com.JusDone.qa.TestCases.LoginPageTest"/>
  <testcase name="verifyLForgotPwdTest" time="14.370" classname="com.JusDone.qa.TestCases.LoginPageTest"/>
  <testcase name="verifyLoginBtnTest" time="14.898" classname="com.JusDone.qa.TestCases.LoginPageTest"/>
  <testcase name="verifyLCreateAcctBtnTest" time="15.518" classname="com.JusDone.qa.TestCases.LoginPageTest"/>
  <testcase name="ValidLoginTest" time="23.445" classname="com.JusDone.qa.TestCases.LoginPageTest"/>
  <testcase name="InvalidLoginTest" time="16.998" classname="com.JusDone.qa.TestCases.LoginPageTest"/>
  <testcase name="BlankInputLoginTest" time="18.173" classname="com.JusDone.qa.TestCases.LoginPageTest"/>
  <testcase name="verifyLRememberMeTest" classname="com.JusDone.qa.TestCases.LoginPageTest">
    <skipped/>
  </testcase> <!-- verifyLRememberMeTest -->
</testsuite> <!-- com.JusDone.qa.TestCases.LoginPageTest -->
