<?xml version="1.0" encoding="UTF-8"?>
<!-- Generated by org.testng.reporters.JUnitReportReporter -->
<testsuite skipped="0" hostname="Nallans-NewPC" name="com.JusDone.qa.TestCases.HomePageTest" tests="8" failures="0" timestamp="12 Feb 2018 17:26:31 GMT" time="78.597" errors="0">
  <testcase name="verifyHomePageTitleTest" time="8.462" classname="com.JusDone.qa.TestCases.HomePageTest"/>
  <testcase name="verifyJusDoneLogoTest" time="9.003" classname="com.JusDone.qa.TestCases.HomePageTest"/>
  <testcase name="verifySignUpLogoTest" time="8.601" classname="com.JusDone.qa.TestCases.HomePageTest"/>
  <testcase name="verifyLoginLogoTest" time="8.571" classname="com.JusDone.qa.TestCases.HomePageTest"/>
  <testcase name="verifyContactUsLogoTest" time="8.688" classname="com.JusDone.qa.TestCases.HomePageTest"/>
  <testcase name="verifyAboutUsLogoTest" time="8.460" classname="com.JusDone.qa.TestCases.HomePageTest"/>
  <testcase name="ClickOnSignupLogoTest" time="13.083" classname="com.JusDone.qa.TestCases.HomePageTest"/>
  <testcase name="ClickLoginBtnTest" time="13.729" classname="com.JusDone.qa.TestCases.HomePageTest"/>
</testsuite> <!-- com.JusDone.qa.TestCases.HomePageTest -->
