<?xml version="1.0" encoding="UTF-8"?>
<!-- Generated by org.testng.reporters.JUnitReportReporter -->
<testsuite skipped="1" hostname="Nallans-NewPC" name="com.JusDone.qa.TestCases.DashBoardPageTest" tests="19" failures="0" timestamp="12 Feb 2018 17:26:31 GMT" time="453.532" errors="0">
  <testcase name="verifyJusDoneImageTest" time="29.478" classname="com.JusDone.qa.TestCases.DashBoardPageTest"/>
  <testcase name="verifyUserNameTest" time="23.091" classname="com.JusDone.qa.TestCases.DashBoardPageTest"/>
  <testcase name="verifyTeamLabelTest" time="27.484" classname="com.JusDone.qa.TestCases.DashBoardPageTest"/>
  <testcase name="verifySearchBoxTest" time="26.193" classname="com.JusDone.qa.TestCases.DashBoardPageTest"/>
  <testcase name="verifyTeamNameLabelTest" time="27.838" classname="com.JusDone.qa.TestCases.DashBoardPageTest"/>
  <testcase name="verifyDashBoardBtnTest" time="20.783" classname="com.JusDone.qa.TestCases.DashBoardPageTest"/>
  <testcase name="verifyTeamsBtnTest" time="21.746" classname="com.JusDone.qa.TestCases.DashBoardPageTest"/>
  <testcase name="verifyTaskBtnTest" time="22.411" classname="com.JusDone.qa.TestCases.DashBoardPageTest"/>
  <testcase name="verifyInvitesBtnTest" time="22.445" classname="com.JusDone.qa.TestCases.DashBoardPageTest"/>
  <testcase name="verifySettingsBtnTest" time="24.847" classname="com.JusDone.qa.TestCases.DashBoardPageTest"/>
  <testcase name="verifyMenuBarTest" time="23.048" classname="com.JusDone.qa.TestCases.DashBoardPageTest"/>
  <testcase name="verifyCreateNewTeamBtnTest" time="21.344" classname="com.JusDone.qa.TestCases.DashBoardPageTest"/>
  <testcase name="verifyBellBtnTest" time="26.974" classname="com.JusDone.qa.TestCases.DashBoardPageTest"/>
  <testcase name="verifyLogOutBtnTest" time="22.060" classname="com.JusDone.qa.TestCases.DashBoardPageTest"/>
  <testcase name="verifyCreateNewTaskLinkTest" time="29.882" classname="com.JusDone.qa.TestCases.DashBoardPageTest"/>
  <testcase name="CreateTeamBtnTest" time="32.398" classname="com.JusDone.qa.TestCases.DashBoardPageTest"/>
  <testcase name="ClickTaskBtnTest" time="29.217" classname="com.JusDone.qa.TestCases.DashBoardPageTest"/>
  <testcase name="ClickLogOutBtn" time="22.293" classname="com.JusDone.qa.TestCases.DashBoardPageTest"/>
  <testcase name="ClickCreateNewTaskLinkTest" classname="com.JusDone.qa.TestCases.DashBoardPageTest">
    <skipped/>
  </testcase> <!-- ClickCreateNewTaskLinkTest -->
</testsuite> <!-- com.JusDone.qa.TestCases.DashBoardPageTest -->
