<?xml version="1.0" encoding="UTF-8"?>
<!-- Generated by org.testng.reporters.JUnitReportReporter -->
<testsuite skipped="0" hostname="Nallans-NewPC" name="com.JusDone.qa.TestCases.HomePageTest" tests="8" failures="0" timestamp="16 Feb 2018 20:32:34 GMT" time="126.246" errors="0">
  <testcase name="verifyHomePageTitleTest" time="18.144" classname="com.JusDone.qa.TestCases.HomePageTest"/>
  <testcase name="verifyJusDoneLogoTest" time="14.863" classname="com.JusDone.qa.TestCases.HomePageTest"/>
  <testcase name="verifySignUpLogoTest" time="11.986" classname="com.JusDone.qa.TestCases.HomePageTest"/>
  <testcase name="verifyLoginLogoTest" time="14.081" classname="com.JusDone.qa.TestCases.HomePageTest"/>
  <testcase name="verifyContactUsLogoTest" time="18.666" classname="com.JusDone.qa.TestCases.HomePageTest"/>
  <testcase name="verifyAboutUsLogoTest" time="9.539" classname="com.JusDone.qa.TestCases.HomePageTest"/>
  <testcase name="ClickOnSignupLogoTest" time="15.737" classname="com.JusDone.qa.TestCases.HomePageTest"/>
  <testcase name="ClickLoginBtnTest" time="23.230" classname="com.JusDone.qa.TestCases.HomePageTest"/>
</testsuite> <!-- com.JusDone.qa.TestCases.HomePageTest -->
