<?xml version="1.0" encoding="UTF-8"?>
<!-- Generated by org.testng.reporters.JUnitReportReporter -->
<testsuite skipped="5" hostname="Nallans-NewPC" name="com.JusDone.qa.TestCases.RegisterPageTest" tests="8" failures="0" timestamp="12 Feb 2018 17:26:31 GMT" time="34.094" errors="0">
  <testcase name="verifyRegisterNameTest" time="11.496" classname="com.JusDone.qa.TestCases.RegisterPageTest"/>
  <testcase name="verifyExistingUserBtnTest" time="11.589" classname="com.JusDone.qa.TestCases.RegisterPageTest"/>
  <testcase name="VerifyExistingAcctErrorMsgTest" time="10.938" classname="com.JusDone.qa.TestCases.RegisterPageTest">
    <skipped/>
  </testcase> <!-- VerifyExistingAcctErrorMsgTest -->
  <testcase name="VerifyInvalidEmailErrorMsgTest" time="0.000" classname="com.JusDone.qa.TestCases.RegisterPageTest">
    <skipped/>
  </testcase> <!-- VerifyInvalidEmailErrorMsgTest -->
  <testcase name="VerifyPwdMatchErrorMsgTest" time="0.000" classname="com.JusDone.qa.TestCases.RegisterPageTest">
    <skipped/>
  </testcase> <!-- VerifyPwdMatchErrorMsgTest -->
  <testcase name="VerifyBlankErrorMsgTest" time="0.000" classname="com.JusDone.qa.TestCases.RegisterPageTest">
    <skipped/>
  </testcase> <!-- VerifyBlankErrorMsgTest -->
  <testcase name="ClickSignInButtonTest" time="0.071" classname="com.JusDone.qa.TestCases.RegisterPageTest"/>
  <testcase name="VerifyValidAcctNameMsgTest" classname="com.JusDone.qa.TestCases.RegisterPageTest">
    <skipped/>
  </testcase> <!-- VerifyValidAcctNameMsgTest -->
</testsuite> <!-- com.JusDone.qa.TestCases.RegisterPageTest -->
