<?xml version="1.0" encoding="UTF-8"?>
<!-- Generated by org.testng.reporters.JUnitReportReporter -->
<testsuite skipped="1" hostname="Nallans-NewPC" name="com.JusDone.qa.TestCases.DashBoardPageTest" tests="19" failures="0" timestamp="13 Feb 2018 18:20:24 GMT" time="466.935" errors="0">
  <testcase name="verifyJusDoneImageTest" time="32.165" classname="com.JusDone.qa.TestCases.DashBoardPageTest"/>
  <testcase name="verifyUserNameTest" time="26.893" classname="com.JusDone.qa.TestCases.DashBoardPageTest"/>
  <testcase name="verifyTeamLabelTest" time="23.836" classname="com.JusDone.qa.TestCases.DashBoardPageTest"/>
  <testcase name="verifySearchBoxTest" time="21.922" classname="com.JusDone.qa.TestCases.DashBoardPageTest"/>
  <testcase name="verifyTeamNameLabelTest" time="27.423" classname="com.JusDone.qa.TestCases.DashBoardPageTest"/>
  <testcase name="verifyDashBoardBtnTest" time="21.900" classname="com.JusDone.qa.TestCases.DashBoardPageTest"/>
  <testcase name="verifyTeamsBtnTest" time="21.529" classname="com.JusDone.qa.TestCases.DashBoardPageTest"/>
  <testcase name="verifyTaskBtnTest" time="24.149" classname="com.JusDone.qa.TestCases.DashBoardPageTest"/>
  <testcase name="verifyInvitesBtnTest" time="23.770" classname="com.JusDone.qa.TestCases.DashBoardPageTest"/>
  <testcase name="verifySettingsBtnTest" time="24.912" classname="com.JusDone.qa.TestCases.DashBoardPageTest"/>
  <testcase name="verifyMenuBarTest" time="32.227" classname="com.JusDone.qa.TestCases.DashBoardPageTest"/>
  <testcase name="verifyCreateNewTeamBtnTest" time="24.784" classname="com.JusDone.qa.TestCases.DashBoardPageTest"/>
  <testcase name="verifyBellBtnTest" time="23.056" classname="com.JusDone.qa.TestCases.DashBoardPageTest"/>
  <testcase name="verifyLogOutBtnTest" time="28.267" classname="com.JusDone.qa.TestCases.DashBoardPageTest"/>
  <testcase name="verifyCreateNewTaskLinkTest" time="24.165" classname="com.JusDone.qa.TestCases.DashBoardPageTest"/>
  <testcase name="CreateTeamBtnTest" time="34.308" classname="com.JusDone.qa.TestCases.DashBoardPageTest"/>
  <testcase name="ClickTaskBtnTest" time="29.463" classname="com.JusDone.qa.TestCases.DashBoardPageTest"/>
  <testcase name="ClickLogOutBtn" time="22.166" classname="com.JusDone.qa.TestCases.DashBoardPageTest"/>
  <testcase name="ClickCreateNewTaskLinkTest" classname="com.JusDone.qa.TestCases.DashBoardPageTest">
    <skipped/>
  </testcase> <!-- ClickCreateNewTaskLinkTest -->
</testsuite> <!-- com.JusDone.qa.TestCases.DashBoardPageTest -->
