<?xml version="1.0" encoding="UTF-8"?>
<!-- Generated by org.testng.reporters.JUnitReportReporter -->
<testsuite skipped="0" hostname="Nallans-NewPC" name="com.JusDone.qa.TestCases.TaskPageTest" tests="4" failures="0" timestamp="13 Feb 2018 18:20:24 GMT" time="127.196" errors="0">
  <testcase name="verifyCreateNewTaskLinkTest" time="32.289" classname="com.JusDone.qa.TestCases.TaskPageTest"/>
  <testcase name="verifyMembersLinkTest" time="31.312" classname="com.JusDone.qa.TestCases.TaskPageTest"/>
  <testcase name="verifySettingsLinkTest" time="29.588" classname="com.JusDone.qa.TestCases.TaskPageTest"/>
  <testcase name="ClickCreateNewTaskLinkTest" time="34.007" classname="com.JusDone.qa.TestCases.TaskPageTest"/>
</testsuite> <!-- com.JusDone.qa.TestCases.TaskPageTest -->
