<?xml version="1.0" encoding="UTF-8"?>
<!-- Generated by org.testng.reporters.JUnitReportReporter -->
<testsuite skipped="0" hostname="Nallans-NewPC" name="com.JusDone.qa.TestCases.HomePageTest" tests="7" failures="0" timestamp="16 Jan 2018 13:52:04 GMT" time="76.185" errors="0">
  <testcase name="verifyHomePageTitleTest" time="10.596" classname="com.JusDone.qa.TestCases.HomePageTest"/>
  <testcase name="verifyJusDoneLogoTest" time="10.232" classname="com.JusDone.qa.TestCases.HomePageTest"/>
  <testcase name="verifySignUpLogoTest" time="11.465" classname="com.JusDone.qa.TestCases.HomePageTest"/>
  <testcase name="verifyLoginLogoTest" time="10.871" classname="com.JusDone.qa.TestCases.HomePageTest"/>
  <testcase name="verifyContactUsLogoTest" time="10.923" classname="com.JusDone.qa.TestCases.HomePageTest"/>
  <testcase name="verifyAboutUsLogoTest" time="10.035" classname="com.JusDone.qa.TestCases.HomePageTest"/>
  <testcase name="verifySignupButtonTest" time="12.063" classname="com.JusDone.qa.TestCases.HomePageTest"/>
</testsuite> <!-- com.JusDone.qa.TestCases.HomePageTest -->
