<?xml version="1.0" encoding="UTF-8"?>
<!-- Generated by org.testng.reporters.JUnitReportReporter -->
<testsuite skipped="1" hostname="Nallans-NewPC" name="com.JusDone.qa.TestCases.LoginPageTest" tests="8" failures="0" timestamp="12 Feb 2018 17:26:31 GMT" time="117.051" errors="0">
  <testcase name="verifyLoginNameTest" time="14.678" classname="com.JusDone.qa.TestCases.LoginPageTest"/>
  <testcase name="verifyLForgotPwdTest" time="18.132" classname="com.JusDone.qa.TestCases.LoginPageTest"/>
  <testcase name="verifyLoginBtnTest" time="14.805" classname="com.JusDone.qa.TestCases.LoginPageTest"/>
  <testcase name="verifyLCreateAcctBtnTest" time="14.044" classname="com.JusDone.qa.TestCases.LoginPageTest"/>
  <testcase name="ValidLoginTest" time="24.694" classname="com.JusDone.qa.TestCases.LoginPageTest"/>
  <testcase name="InvalidLoginTest" time="16.104" classname="com.JusDone.qa.TestCases.LoginPageTest"/>
  <testcase name="BlankInputLoginTest" time="14.594" classname="com.JusDone.qa.TestCases.LoginPageTest"/>
  <testcase name="verifyLRememberMeTest" classname="com.JusDone.qa.TestCases.LoginPageTest">
    <skipped/>
  </testcase> <!-- verifyLRememberMeTest -->
</testsuite> <!-- com.JusDone.qa.TestCases.LoginPageTest -->
