<?xml version="1.0" encoding="UTF-8"?>
<!-- Generated by org.testng.reporters.JUnitReportReporter -->
<testsuite skipped="0" hostname="Nallans-NewPC" name="com.JusDone.qa.TestCases.TaskPageTest" tests="4" failures="0" timestamp="12 Feb 2018 17:26:31 GMT" time="120.206" errors="0">
  <testcase name="verifyCreateNewTaskLinkTest" time="31.676" classname="com.JusDone.qa.TestCases.TaskPageTest"/>
  <testcase name="verifyMembersLinkTest" time="27.527" classname="com.JusDone.qa.TestCases.TaskPageTest"/>
  <testcase name="verifySettingsLinkTest" time="28.274" classname="com.JusDone.qa.TestCases.TaskPageTest"/>
  <testcase name="ClickCreateNewTaskLinkTest" time="32.729" classname="com.JusDone.qa.TestCases.TaskPageTest"/>
</testsuite> <!-- com.JusDone.qa.TestCases.TaskPageTest -->
