<?xml version="1.0" encoding="UTF-8"?>
<!-- Generated by org.testng.reporters.JUnitReportReporter -->
<testsuite skipped="0" hostname="Nallans-NewPC" name="com.JusDone.qa.TestCases.SignUpPageTest" tests="3" failures="0" timestamp="16 Jan 2018 13:52:04 GMT" time="42.067" errors="0">
  <testcase name="verifySignUpJusDoneLogoTest" time="11.905" classname="com.JusDone.qa.TestCases.SignUpPageTest"/>
  <testcase name="verifySignUpPageLogoTest" time="11.904" classname="com.JusDone.qa.TestCases.SignUpPageTest"/>
  <testcase name="clickOnSignUpPageLogoTest" time="18.258" classname="com.JusDone.qa.TestCases.SignUpPageTest"/>
</testsuite> <!-- com.JusDone.qa.TestCases.SignUpPageTest -->
